2024-10-08 12:07:01,532 - INFO - Log directory: ./libcity/log
2024-10-08 12:07:01,533 - INFO - Begin pipeline, task=MTS_pred, model_name=ASTGCN, dataset_name=PEMS_BAY, exp_id=0013
2024-10-08 12:07:01,533 - INFO - {'task': 'MTS_pred', 'model': 'ASTGCN', 'dataset': 'PEMS_BAY', 'saved_model': True, 'exp_id': '0013', 'seed': 0, 'batch_size': 4, 'max_epoch': 30, 'dataset_class': 'StatePointDataset', 'executor': 'StateExecutor', 'evaluator': 'StateEvaluator', 'nb_block': 2, 'K': 3, 'nb_chev_filter': 64, 'nb_time_filter': 64, 'bidir_adj_mx': True, 'scaler': 'standard', 'load_external': False, 'normal_external': False, 'ext_scaler': 'none', 'add_time_in_day': False, 'add_day_in_week': False, 'train_rate': 0.6, 'eval_rate': 0.2, 'learner': 'adam', 'learning_rate': 0.0001, 'lr_decay': False, 'clip_grad_norm': False, 'use_early_stop': False, 'cache_dataset': True, 'num_workers': 0, 'pad_with_last_sample': True, 'input_window': 12, 'output_window': 12, 'robustness_test': False, 'noise_type': 'gaussian', 'disturb_rate': 0.5, 'noise_mean': [5], 'noise_SD': [10], 'gpu': True, 'gpu_id': 0, 'train_loss': 'none', 'epoch': 0, 'weight_decay': 0, 'lr_epsilon': 1e-08, 'lr_beta1': 0.9, 'lr_beta2': 0.999, 'lr_alpha': 0.99, 'lr_momentum': 0, 'lr_scheduler': 'multisteplr', 'lr_decay_ratio': 0.1, 'steps': [5, 20, 40, 70], 'step_size': 10, 'lr_T_max': 30, 'lr_eta_min': 0, 'lr_patience': 10, 'lr_threshold': 0.0001, 'max_grad_norm': 1.0, 'patience': 50, 'log_level': 'INFO', 'log_every': 1, 'load_best_epoch': True, 'hyper_tune': False, 'metrics': ['MAE', 'MAPE', 'RMSE'], 'evaluator_mode': 'single', 'save_mode': ['csv'], 'geo': {'including_types': ['Point'], 'Point': {}}, 'rel': {'including_types': ['geo'], 'geo': {'cost': 'num'}}, 'dyna': {'including_types': ['state'], 'state': {'entity_id': 'geo_id', 'traffic_speed': 'num'}}, 'data_col': ['traffic_speed'], 'weight_col': 'cost', 'data_files': ['PEMS_BAY'], 'geo_file': 'PEMS_BAY', 'rel_file': 'PEMS_BAY', 'output_dim': 1, 'time_intervals': 300, 'init_weight_inf_or_zero': 'inf', 'set_weight_link_or_dist': 'dist', 'calculate_weight_adj': True, 'weight_adj_epsilon': 0.1, 'device': device(type='cuda', index=0)}
2024-10-08 12:07:02,264 - INFO - Loaded file PEMS_BAY_feature.csv, shape=(52116, 325, 1)
2024-10-08 12:07:04,679 - INFO - Dataset created
2024-10-08 12:07:04,679 - INFO - x shape: (52093, 12, 325, 1), y shape: (52093, 12, 325, 1)
2024-10-08 12:07:04,689 - INFO - train	x: (31256, 12, 325, 1), y: (31256, 12, 325, 1)
2024-10-08 12:07:04,689 - INFO - eval	x: (10418, 12, 325, 1), y: (10418, 12, 325, 1)
2024-10-08 12:07:04,689 - INFO - test	x: (10419, 12, 325, 1), y: (10419, 12, 325, 1)
2024-10-08 12:07:59,091 - INFO - Saved at ./libcity/cache/dataset_cache/point_based_PEMS_BAY_12_12_0.6_0.2_standard_4_False_False_False_True.npz
2024-10-08 12:07:59,462 - INFO - StandardScaler mean: 62.74923074872212, std: 9.36532998874915
2024-10-08 12:07:59,462 - INFO - NoneScaler
2024-10-08 12:08:02,196 - INFO - ASTGCN(
  (ASTGCN_submodule): ASTGCNSubmodule(
    (BlockList): ModuleList(
      (0): ASTGCNBlock(
        (TAt): TemporalAttentionLayer()
        (SAt): SpatialAttentionLayer()
        (cheb_conv_SAt): ChebConvWithSAt(
          (Theta): ParameterList(
              (0): Parameter containing: [torch.float32 of size 1x64 (cuda:0)]
              (1): Parameter containing: [torch.float32 of size 1x64 (cuda:0)]
              (2): Parameter containing: [torch.float32 of size 1x64 (cuda:0)]
          )
        )
        (time_conv): Conv2d(64, 64, kernel_size=(1, 3), stride=(1, 1), padding=(0, 1))
        (residual_conv): Conv2d(1, 64, kernel_size=(1, 1), stride=(1, 1))
        (ln): LayerNorm((64,), eps=1e-05, elementwise_affine=True)
      )
      (1): ASTGCNBlock(
        (TAt): TemporalAttentionLayer()
        (SAt): SpatialAttentionLayer()
        (cheb_conv_SAt): ChebConvWithSAt(
          (Theta): ParameterList(
              (0): Parameter containing: [torch.float32 of size 64x64 (cuda:0)]
              (1): Parameter containing: [torch.float32 of size 64x64 (cuda:0)]
              (2): Parameter containing: [torch.float32 of size 64x64 (cuda:0)]
          )
        )
        (time_conv): Conv2d(64, 64, kernel_size=(1, 3), stride=(1, 1), padding=(0, 1))
        (residual_conv): Conv2d(64, 64, kernel_size=(1, 1), stride=(1, 1))
        (ln): LayerNorm((64,), eps=1e-05, elementwise_affine=True)
      )
    )
    (final_conv): Conv2d(12, 12, kernel_size=(1, 64), stride=(1, 1))
  )
)
2024-10-08 12:08:02,197 - INFO - ASTGCN_submodule.BlockList.0.TAt.U1	torch.Size([325])	cuda:0	True
2024-10-08 12:08:02,197 - INFO - ASTGCN_submodule.BlockList.0.TAt.U2	torch.Size([1, 325])	cuda:0	True
2024-10-08 12:08:02,197 - INFO - ASTGCN_submodule.BlockList.0.TAt.U3	torch.Size([1])	cuda:0	True
2024-10-08 12:08:02,197 - INFO - ASTGCN_submodule.BlockList.0.TAt.be	torch.Size([1, 12, 12])	cuda:0	True
2024-10-08 12:08:02,198 - INFO - ASTGCN_submodule.BlockList.0.TAt.Ve	torch.Size([12, 12])	cuda:0	True
2024-10-08 12:08:02,198 - INFO - ASTGCN_submodule.BlockList.0.SAt.W1	torch.Size([12])	cuda:0	True
2024-10-08 12:08:02,198 - INFO - ASTGCN_submodule.BlockList.0.SAt.W2	torch.Size([1, 12])	cuda:0	True
2024-10-08 12:08:02,198 - INFO - ASTGCN_submodule.BlockList.0.SAt.W3	torch.Size([1])	cuda:0	True
2024-10-08 12:08:02,198 - INFO - ASTGCN_submodule.BlockList.0.SAt.bs	torch.Size([1, 325, 325])	cuda:0	True
2024-10-08 12:08:02,198 - INFO - ASTGCN_submodule.BlockList.0.SAt.Vs	torch.Size([325, 325])	cuda:0	True
2024-10-08 12:08:02,199 - INFO - ASTGCN_submodule.BlockList.0.cheb_conv_SAt.Theta.0	torch.Size([1, 64])	cuda:0	True
2024-10-08 12:08:02,199 - INFO - ASTGCN_submodule.BlockList.0.cheb_conv_SAt.Theta.1	torch.Size([1, 64])	cuda:0	True
2024-10-08 12:08:02,199 - INFO - ASTGCN_submodule.BlockList.0.cheb_conv_SAt.Theta.2	torch.Size([1, 64])	cuda:0	True
2024-10-08 12:08:02,199 - INFO - ASTGCN_submodule.BlockList.0.time_conv.weight	torch.Size([64, 64, 1, 3])	cuda:0	True
2024-10-08 12:08:02,199 - INFO - ASTGCN_submodule.BlockList.0.time_conv.bias	torch.Size([64])	cuda:0	True
2024-10-08 12:08:02,199 - INFO - ASTGCN_submodule.BlockList.0.residual_conv.weight	torch.Size([64, 1, 1, 1])	cuda:0	True
2024-10-08 12:08:02,200 - INFO - ASTGCN_submodule.BlockList.0.residual_conv.bias	torch.Size([64])	cuda:0	True
2024-10-08 12:08:02,200 - INFO - ASTGCN_submodule.BlockList.0.ln.weight	torch.Size([64])	cuda:0	True
2024-10-08 12:08:02,200 - INFO - ASTGCN_submodule.BlockList.0.ln.bias	torch.Size([64])	cuda:0	True
2024-10-08 12:08:02,200 - INFO - ASTGCN_submodule.BlockList.1.TAt.U1	torch.Size([325])	cuda:0	True
2024-10-08 12:08:02,200 - INFO - ASTGCN_submodule.BlockList.1.TAt.U2	torch.Size([64, 325])	cuda:0	True
2024-10-08 12:08:02,200 - INFO - ASTGCN_submodule.BlockList.1.TAt.U3	torch.Size([64])	cuda:0	True
2024-10-08 12:08:02,200 - INFO - ASTGCN_submodule.BlockList.1.TAt.be	torch.Size([1, 12, 12])	cuda:0	True
2024-10-08 12:08:02,201 - INFO - ASTGCN_submodule.BlockList.1.TAt.Ve	torch.Size([12, 12])	cuda:0	True
2024-10-08 12:08:02,201 - INFO - ASTGCN_submodule.BlockList.1.SAt.W1	torch.Size([12])	cuda:0	True
2024-10-08 12:08:02,201 - INFO - ASTGCN_submodule.BlockList.1.SAt.W2	torch.Size([64, 12])	cuda:0	True
2024-10-08 12:08:02,201 - INFO - ASTGCN_submodule.BlockList.1.SAt.W3	torch.Size([64])	cuda:0	True
2024-10-08 12:08:02,201 - INFO - ASTGCN_submodule.BlockList.1.SAt.bs	torch.Size([1, 325, 325])	cuda:0	True
2024-10-08 12:08:02,201 - INFO - ASTGCN_submodule.BlockList.1.SAt.Vs	torch.Size([325, 325])	cuda:0	True
2024-10-08 12:08:02,201 - INFO - ASTGCN_submodule.BlockList.1.cheb_conv_SAt.Theta.0	torch.Size([64, 64])	cuda:0	True
2024-10-08 12:08:02,202 - INFO - ASTGCN_submodule.BlockList.1.cheb_conv_SAt.Theta.1	torch.Size([64, 64])	cuda:0	True
2024-10-08 12:08:02,202 - INFO - ASTGCN_submodule.BlockList.1.cheb_conv_SAt.Theta.2	torch.Size([64, 64])	cuda:0	True
2024-10-08 12:08:02,202 - INFO - ASTGCN_submodule.BlockList.1.time_conv.weight	torch.Size([64, 64, 1, 3])	cuda:0	True
2024-10-08 12:08:02,202 - INFO - ASTGCN_submodule.BlockList.1.time_conv.bias	torch.Size([64])	cuda:0	True
2024-10-08 12:08:02,202 - INFO - ASTGCN_submodule.BlockList.1.residual_conv.weight	torch.Size([64, 64, 1, 1])	cuda:0	True
2024-10-08 12:08:02,202 - INFO - ASTGCN_submodule.BlockList.1.residual_conv.bias	torch.Size([64])	cuda:0	True
2024-10-08 12:08:02,202 - INFO - ASTGCN_submodule.BlockList.1.ln.weight	torch.Size([64])	cuda:0	True
2024-10-08 12:08:02,202 - INFO - ASTGCN_submodule.BlockList.1.ln.bias	torch.Size([64])	cuda:0	True
2024-10-08 12:08:02,202 - INFO - ASTGCN_submodule.final_conv.weight	torch.Size([12, 12, 1, 64])	cuda:0	True
2024-10-08 12:08:02,202 - INFO - ASTGCN_submodule.final_conv.bias	torch.Size([12])	cuda:0	True
2024-10-08 12:08:02,202 - INFO - Total parameter numbers: 496741
2024-10-08 12:08:02,202 - INFO - You select `adam` optimizer.
2024-10-08 12:08:02,664 - WARNING - Received none train loss func and will use the loss func defined in the model.
2024-10-08 12:08:02,665 - INFO - Start training ...
2024-10-08 12:08:02,665 - INFO - num_batches:7814
2024-10-08 12:20:42,720 - INFO - epoch complete!
2024-10-08 12:20:42,721 - INFO - evaluating now!
2024-10-08 12:24:40,949 - INFO - Epoch [0/30] train_loss: 21.9522, val_loss: 20.6388, lr: 0.000100, 998.28s
2024-10-08 12:24:40,979 - INFO - Saved model at 0
2024-10-08 12:24:40,979 - INFO - Val loss decrease from inf to 20.6388, saving to ./libcity/cache/0013/model_cache/ASTGCN_PEMS_BAY_epoch0.tar
2024-10-08 12:48:28,140 - INFO - epoch complete!
2024-10-08 12:48:28,141 - INFO - evaluating now!
2024-10-08 12:56:02,721 - INFO - Epoch [1/30] train_loss: 15.5538, val_loss: 18.0039, lr: 0.000100, 1881.74s
2024-10-08 12:56:02,740 - INFO - Saved model at 1
2024-10-08 12:56:02,740 - INFO - Val loss decrease from 20.6388 to 18.0039, saving to ./libcity/cache/0013/model_cache/ASTGCN_PEMS_BAY_epoch1.tar
2024-10-08 13:20:46,329 - INFO - epoch complete!
2024-10-08 13:20:46,329 - INFO - evaluating now!
2024-10-08 13:27:59,106 - INFO - Epoch [2/30] train_loss: 13.7024, val_loss: 17.2235, lr: 0.000100, 1916.37s
2024-10-08 13:27:59,131 - INFO - Saved model at 2
2024-10-08 13:27:59,132 - INFO - Val loss decrease from 18.0039 to 17.2235, saving to ./libcity/cache/0013/model_cache/ASTGCN_PEMS_BAY_epoch2.tar
2024-10-08 13:50:45,432 - INFO - epoch complete!
2024-10-08 13:50:45,433 - INFO - evaluating now!
2024-10-08 13:58:13,999 - INFO - Epoch [3/30] train_loss: 12.6892, val_loss: 17.6598, lr: 0.000100, 1814.87s
2024-10-08 14:25:34,594 - INFO - epoch complete!
2024-10-08 14:25:34,595 - INFO - evaluating now!
2024-10-08 14:32:32,792 - INFO - Epoch [4/30] train_loss: 11.9759, val_loss: 16.9657, lr: 0.000100, 2058.79s
2024-10-08 14:32:32,820 - INFO - Saved model at 4
2024-10-08 14:32:32,820 - INFO - Val loss decrease from 17.2235 to 16.9657, saving to ./libcity/cache/0013/model_cache/ASTGCN_PEMS_BAY_epoch4.tar
2024-10-08 14:52:47,885 - INFO - epoch complete!
2024-10-08 14:52:47,885 - INFO - evaluating now!
2024-10-08 14:57:18,660 - INFO - Epoch [5/30] train_loss: 11.4388, val_loss: 17.3849, lr: 0.000100, 1485.84s
2024-10-08 15:09:00,969 - INFO - epoch complete!
2024-10-08 15:09:00,969 - INFO - evaluating now!
2024-10-08 15:11:38,475 - INFO - Epoch [6/30] train_loss: 11.0113, val_loss: 17.3053, lr: 0.000100, 859.81s
2024-10-08 15:22:15,945 - INFO - epoch complete!
2024-10-08 15:22:15,946 - INFO - evaluating now!
2024-10-08 15:26:45,314 - INFO - Epoch [7/30] train_loss: 10.6519, val_loss: 17.2194, lr: 0.000100, 906.84s
2024-10-08 15:37:33,751 - INFO - epoch complete!
2024-10-08 15:37:33,751 - INFO - evaluating now!
2024-10-08 15:42:32,808 - INFO - Epoch [8/30] train_loss: 10.3315, val_loss: 17.4831, lr: 0.000100, 947.49s
2024-10-08 15:56:11,472 - INFO - epoch complete!
2024-10-08 15:56:11,472 - INFO - evaluating now!
2024-10-08 15:58:52,892 - INFO - Epoch [9/30] train_loss: 10.0599, val_loss: 17.9515, lr: 0.000100, 980.08s
2024-10-08 16:07:37,643 - INFO - epoch complete!
2024-10-08 16:07:37,643 - INFO - evaluating now!
2024-10-08 16:08:27,826 - INFO - Epoch [10/30] train_loss: 9.8054, val_loss: 17.7077, lr: 0.000100, 574.93s
2024-10-08 16:14:27,922 - INFO - epoch complete!
2024-10-08 16:14:27,923 - INFO - evaluating now!
2024-10-08 16:15:11,668 - INFO - Epoch [11/30] train_loss: 9.5788, val_loss: 17.6007, lr: 0.000100, 403.84s
2024-10-08 16:22:12,285 - INFO - epoch complete!
2024-10-08 16:22:12,285 - INFO - evaluating now!
2024-10-08 16:23:37,739 - INFO - Epoch [12/30] train_loss: 9.3773, val_loss: 17.7551, lr: 0.000100, 506.07s
2024-10-08 16:43:16,068 - INFO - epoch complete!
2024-10-08 16:43:16,068 - INFO - evaluating now!
2024-10-08 16:47:16,720 - INFO - Epoch [13/30] train_loss: 9.1936, val_loss: 18.2790, lr: 0.000100, 1418.98s
2024-10-08 16:59:40,244 - INFO - epoch complete!
2024-10-08 16:59:40,244 - INFO - evaluating now!
2024-10-08 17:00:24,038 - INFO - Epoch [14/30] train_loss: 9.0214, val_loss: 18.6066, lr: 0.000100, 787.32s
2024-10-08 17:06:29,584 - INFO - epoch complete!
2024-10-08 17:06:29,585 - INFO - evaluating now!
2024-10-08 17:07:12,168 - INFO - Epoch [15/30] train_loss: 8.8590, val_loss: 18.5881, lr: 0.000100, 408.13s
2024-10-08 17:13:28,416 - INFO - epoch complete!
2024-10-08 17:13:28,416 - INFO - evaluating now!
2024-10-08 17:14:12,248 - INFO - Epoch [16/30] train_loss: 8.7166, val_loss: 18.7442, lr: 0.000100, 420.08s
2024-10-08 17:22:04,579 - INFO - epoch complete!
2024-10-08 17:22:04,579 - INFO - evaluating now!
2024-10-08 17:23:17,738 - INFO - Epoch [17/30] train_loss: 8.5841, val_loss: 18.7810, lr: 0.000100, 545.49s
2024-10-08 17:31:05,756 - INFO - epoch complete!
2024-10-08 17:31:05,756 - INFO - evaluating now!
2024-10-08 17:32:30,326 - INFO - Epoch [18/30] train_loss: 8.4536, val_loss: 19.3687, lr: 0.000100, 552.59s
2024-10-08 17:40:28,201 - INFO - epoch complete!
2024-10-08 17:40:28,201 - INFO - evaluating now!
2024-10-08 17:41:49,556 - INFO - Epoch [19/30] train_loss: 8.3344, val_loss: 19.6880, lr: 0.000100, 559.23s
2024-10-08 17:49:54,073 - INFO - epoch complete!
2024-10-08 17:49:54,074 - INFO - evaluating now!
2024-10-08 17:50:55,670 - INFO - Epoch [20/30] train_loss: 8.2275, val_loss: 19.5701, lr: 0.000100, 546.11s
2024-10-08 17:58:58,539 - INFO - epoch complete!
2024-10-08 17:58:58,540 - INFO - evaluating now!
2024-10-08 18:00:06,986 - INFO - Epoch [21/30] train_loss: 8.1238, val_loss: 19.5474, lr: 0.000100, 551.32s
2024-10-08 18:08:07,818 - INFO - epoch complete!
2024-10-08 18:08:07,818 - INFO - evaluating now!
2024-10-08 18:09:22,542 - INFO - Epoch [22/30] train_loss: 8.0227, val_loss: 19.7839, lr: 0.000100, 555.56s
