2024-10-07 21:25:28,412 - INFO - Log directory: ./libcity/log
2024-10-07 21:25:28,413 - INFO - Begin pipeline, task=MTS_pred, model_name=ASTGCN, dataset_name=PEMS_BAY, exp_id=0013
2024-10-07 21:25:28,413 - INFO - {'task': 'MTS_pred', 'model': 'ASTGCN', 'dataset': 'PEMS_BAY', 'saved_model': True, 'exp_id': '0013', 'seed': 0, 'batch_size': 4, 'max_epoch': 50, 'dataset_class': 'StatePointDataset', 'executor': 'StateExecutor', 'evaluator': 'StateEvaluator', 'nb_block': 2, 'K': 3, 'nb_chev_filter': 64, 'nb_time_filter': 64, 'bidir_adj_mx': True, 'scaler': 'standard', 'load_external': False, 'normal_external': False, 'ext_scaler': 'none', 'add_time_in_day': False, 'add_day_in_week': False, 'train_rate': 0.6, 'eval_rate': 0.2, 'learner': 'adam', 'learning_rate': 0.0001, 'lr_decay': False, 'clip_grad_norm': False, 'use_early_stop': False, 'cache_dataset': True, 'num_workers': 0, 'pad_with_last_sample': True, 'input_window': 12, 'output_window': 12, 'robustness_test': False, 'noise_type': 'gaussian', 'disturb_rate': 0.5, 'noise_mean': [5], 'noise_SD': [10], 'gpu': True, 'gpu_id': 0, 'train_loss': 'none', 'epoch': 0, 'weight_decay': 0, 'lr_epsilon': 1e-08, 'lr_beta1': 0.9, 'lr_beta2': 0.999, 'lr_alpha': 0.99, 'lr_momentum': 0, 'lr_scheduler': 'multisteplr', 'lr_decay_ratio': 0.1, 'steps': [5, 20, 40, 70], 'step_size': 10, 'lr_T_max': 30, 'lr_eta_min': 0, 'lr_patience': 10, 'lr_threshold': 0.0001, 'max_grad_norm': 1.0, 'patience': 50, 'log_level': 'INFO', 'log_every': 1, 'load_best_epoch': True, 'hyper_tune': False, 'metrics': ['MAE', 'MAPE', 'RMSE'], 'evaluator_mode': 'single', 'save_mode': ['csv'], 'geo': {'including_types': ['Point'], 'Point': {}}, 'rel': {'including_types': ['geo'], 'geo': {'cost': 'num'}}, 'dyna': {'including_types': ['state'], 'state': {'entity_id': 'geo_id', 'traffic_speed': 'num'}}, 'data_col': ['traffic_speed'], 'weight_col': 'cost', 'data_files': ['PEMS_BAY'], 'geo_file': 'PEMS_BAY', 'rel_file': 'PEMS_BAY', 'output_dim': 1, 'time_intervals': 300, 'init_weight_inf_or_zero': 'inf', 'set_weight_link_or_dist': 'dist', 'calculate_weight_adj': True, 'weight_adj_epsilon': 0.1, 'device': device(type='cuda', index=0)}
2024-10-07 21:25:29,580 - INFO - Loaded file PEMS_BAY_feature.csv, shape=(52116, 325, 1)
2024-10-07 21:25:45,053 - INFO - Dataset created
2024-10-07 21:25:45,063 - INFO - x shape: (52093, 12, 325, 1), y shape: (52093, 12, 325, 1)
2024-10-07 21:25:45,186 - INFO - train	x: (31256, 12, 325, 1), y: (31256, 12, 325, 1)
2024-10-07 21:25:45,188 - INFO - eval	x: (10418, 12, 325, 1), y: (10418, 12, 325, 1)
2024-10-07 21:25:45,188 - INFO - test	x: (10419, 12, 325, 1), y: (10419, 12, 325, 1)
2024-10-07 21:26:44,898 - INFO - Saved at ./libcity/cache/dataset_cache/point_based_PEMS_BAY_12_12_0.6_0.2_standard_4_False_False_False_True.npz
2024-10-07 21:26:45,299 - INFO - StandardScaler mean: 62.74923074872212, std: 9.36532998874915
2024-10-07 21:26:45,300 - INFO - NoneScaler
2024-10-07 21:26:48,977 - INFO - ASTGCN(
  (ASTGCN_submodule): ASTGCNSubmodule(
    (BlockList): ModuleList(
      (0): ASTGCNBlock(
        (TAt): TemporalAttentionLayer()
        (SAt): SpatialAttentionLayer()
        (cheb_conv_SAt): ChebConvWithSAt(
          (Theta): ParameterList(
              (0): Parameter containing: [torch.float32 of size 1x64 (cuda:0)]
              (1): Parameter containing: [torch.float32 of size 1x64 (cuda:0)]
              (2): Parameter containing: [torch.float32 of size 1x64 (cuda:0)]
          )
        )
        (time_conv): Conv2d(64, 64, kernel_size=(1, 3), stride=(1, 1), padding=(0, 1))
        (residual_conv): Conv2d(1, 64, kernel_size=(1, 1), stride=(1, 1))
        (ln): LayerNorm((64,), eps=1e-05, elementwise_affine=True)
      )
      (1): ASTGCNBlock(
        (TAt): TemporalAttentionLayer()
        (SAt): SpatialAttentionLayer()
        (cheb_conv_SAt): ChebConvWithSAt(
          (Theta): ParameterList(
              (0): Parameter containing: [torch.float32 of size 64x64 (cuda:0)]
              (1): Parameter containing: [torch.float32 of size 64x64 (cuda:0)]
              (2): Parameter containing: [torch.float32 of size 64x64 (cuda:0)]
          )
        )
        (time_conv): Conv2d(64, 64, kernel_size=(1, 3), stride=(1, 1), padding=(0, 1))
        (residual_conv): Conv2d(64, 64, kernel_size=(1, 1), stride=(1, 1))
        (ln): LayerNorm((64,), eps=1e-05, elementwise_affine=True)
      )
    )
    (final_conv): Conv2d(12, 12, kernel_size=(1, 64), stride=(1, 1))
  )
)
2024-10-07 21:26:48,978 - INFO - ASTGCN_submodule.BlockList.0.TAt.U1	torch.Size([325])	cuda:0	True
2024-10-07 21:26:48,978 - INFO - ASTGCN_submodule.BlockList.0.TAt.U2	torch.Size([1, 325])	cuda:0	True
2024-10-07 21:26:48,978 - INFO - ASTGCN_submodule.BlockList.0.TAt.U3	torch.Size([1])	cuda:0	True
2024-10-07 21:26:48,978 - INFO - ASTGCN_submodule.BlockList.0.TAt.be	torch.Size([1, 12, 12])	cuda:0	True
2024-10-07 21:26:48,978 - INFO - ASTGCN_submodule.BlockList.0.TAt.Ve	torch.Size([12, 12])	cuda:0	True
2024-10-07 21:26:48,979 - INFO - ASTGCN_submodule.BlockList.0.SAt.W1	torch.Size([12])	cuda:0	True
2024-10-07 21:26:48,979 - INFO - ASTGCN_submodule.BlockList.0.SAt.W2	torch.Size([1, 12])	cuda:0	True
2024-10-07 21:26:48,979 - INFO - ASTGCN_submodule.BlockList.0.SAt.W3	torch.Size([1])	cuda:0	True
2024-10-07 21:26:48,979 - INFO - ASTGCN_submodule.BlockList.0.SAt.bs	torch.Size([1, 325, 325])	cuda:0	True
2024-10-07 21:26:48,979 - INFO - ASTGCN_submodule.BlockList.0.SAt.Vs	torch.Size([325, 325])	cuda:0	True
2024-10-07 21:26:48,979 - INFO - ASTGCN_submodule.BlockList.0.cheb_conv_SAt.Theta.0	torch.Size([1, 64])	cuda:0	True
2024-10-07 21:26:48,979 - INFO - ASTGCN_submodule.BlockList.0.cheb_conv_SAt.Theta.1	torch.Size([1, 64])	cuda:0	True
2024-10-07 21:26:48,979 - INFO - ASTGCN_submodule.BlockList.0.cheb_conv_SAt.Theta.2	torch.Size([1, 64])	cuda:0	True
2024-10-07 21:26:48,979 - INFO - ASTGCN_submodule.BlockList.0.time_conv.weight	torch.Size([64, 64, 1, 3])	cuda:0	True
2024-10-07 21:26:48,980 - INFO - ASTGCN_submodule.BlockList.0.time_conv.bias	torch.Size([64])	cuda:0	True
2024-10-07 21:26:48,980 - INFO - ASTGCN_submodule.BlockList.0.residual_conv.weight	torch.Size([64, 1, 1, 1])	cuda:0	True
2024-10-07 21:26:48,980 - INFO - ASTGCN_submodule.BlockList.0.residual_conv.bias	torch.Size([64])	cuda:0	True
2024-10-07 21:26:48,980 - INFO - ASTGCN_submodule.BlockList.0.ln.weight	torch.Size([64])	cuda:0	True
2024-10-07 21:26:48,980 - INFO - ASTGCN_submodule.BlockList.0.ln.bias	torch.Size([64])	cuda:0	True
2024-10-07 21:26:48,980 - INFO - ASTGCN_submodule.BlockList.1.TAt.U1	torch.Size([325])	cuda:0	True
2024-10-07 21:26:48,980 - INFO - ASTGCN_submodule.BlockList.1.TAt.U2	torch.Size([64, 325])	cuda:0	True
2024-10-07 21:26:48,980 - INFO - ASTGCN_submodule.BlockList.1.TAt.U3	torch.Size([64])	cuda:0	True
2024-10-07 21:26:48,980 - INFO - ASTGCN_submodule.BlockList.1.TAt.be	torch.Size([1, 12, 12])	cuda:0	True
2024-10-07 21:26:48,980 - INFO - ASTGCN_submodule.BlockList.1.TAt.Ve	torch.Size([12, 12])	cuda:0	True
2024-10-07 21:26:48,981 - INFO - ASTGCN_submodule.BlockList.1.SAt.W1	torch.Size([12])	cuda:0	True
2024-10-07 21:26:48,981 - INFO - ASTGCN_submodule.BlockList.1.SAt.W2	torch.Size([64, 12])	cuda:0	True
2024-10-07 21:26:48,981 - INFO - ASTGCN_submodule.BlockList.1.SAt.W3	torch.Size([64])	cuda:0	True
2024-10-07 21:26:48,981 - INFO - ASTGCN_submodule.BlockList.1.SAt.bs	torch.Size([1, 325, 325])	cuda:0	True
2024-10-07 21:26:48,981 - INFO - ASTGCN_submodule.BlockList.1.SAt.Vs	torch.Size([325, 325])	cuda:0	True
2024-10-07 21:26:48,981 - INFO - ASTGCN_submodule.BlockList.1.cheb_conv_SAt.Theta.0	torch.Size([64, 64])	cuda:0	True
2024-10-07 21:26:48,981 - INFO - ASTGCN_submodule.BlockList.1.cheb_conv_SAt.Theta.1	torch.Size([64, 64])	cuda:0	True
2024-10-07 21:26:48,981 - INFO - ASTGCN_submodule.BlockList.1.cheb_conv_SAt.Theta.2	torch.Size([64, 64])	cuda:0	True
2024-10-07 21:26:48,981 - INFO - ASTGCN_submodule.BlockList.1.time_conv.weight	torch.Size([64, 64, 1, 3])	cuda:0	True
2024-10-07 21:26:48,981 - INFO - ASTGCN_submodule.BlockList.1.time_conv.bias	torch.Size([64])	cuda:0	True
2024-10-07 21:26:48,982 - INFO - ASTGCN_submodule.BlockList.1.residual_conv.weight	torch.Size([64, 64, 1, 1])	cuda:0	True
2024-10-07 21:26:48,982 - INFO - ASTGCN_submodule.BlockList.1.residual_conv.bias	torch.Size([64])	cuda:0	True
2024-10-07 21:26:48,982 - INFO - ASTGCN_submodule.BlockList.1.ln.weight	torch.Size([64])	cuda:0	True
2024-10-07 21:26:48,982 - INFO - ASTGCN_submodule.BlockList.1.ln.bias	torch.Size([64])	cuda:0	True
2024-10-07 21:26:48,982 - INFO - ASTGCN_submodule.final_conv.weight	torch.Size([12, 12, 1, 64])	cuda:0	True
2024-10-07 21:26:48,982 - INFO - ASTGCN_submodule.final_conv.bias	torch.Size([12])	cuda:0	True
2024-10-07 21:26:48,982 - INFO - Total parameter numbers: 496741
2024-10-07 21:26:48,982 - INFO - You select `adam` optimizer.
2024-10-07 21:26:49,721 - WARNING - Received none train loss func and will use the loss func defined in the model.
2024-10-07 21:26:49,722 - INFO - Start training ...
2024-10-07 21:26:49,722 - INFO - num_batches:7814
2024-10-07 21:53:46,429 - INFO - epoch complete!
2024-10-07 21:53:46,444 - INFO - evaluating now!
2024-10-07 22:04:03,345 - INFO - Epoch [0/50] train_loss: 21.9522, val_loss: 20.6388, lr: 0.000100, 2233.62s
2024-10-07 22:04:03,436 - INFO - Saved model at 0
2024-10-07 22:04:03,436 - INFO - Val loss decrease from inf to 20.6388, saving to ./libcity/cache/0013/model_cache/ASTGCN_PEMS_BAY_epoch0.tar
2024-10-07 22:34:35,366 - INFO - epoch complete!
2024-10-07 22:34:35,369 - INFO - evaluating now!
2024-10-07 22:44:43,258 - INFO - Epoch [1/50] train_loss: 15.5538, val_loss: 18.0039, lr: 0.000100, 2439.82s
2024-10-07 22:44:43,291 - INFO - Saved model at 1
2024-10-07 22:44:43,291 - INFO - Val loss decrease from 20.6388 to 18.0039, saving to ./libcity/cache/0013/model_cache/ASTGCN_PEMS_BAY_epoch1.tar
