2024-10-07 21:22:40,397 - INFO - Log directory: ./libcity/log
2024-10-07 21:22:40,398 - INFO - Begin pipeline, task=MTS_pred, model_name=GRU, dataset_name=humidity, exp_id=1
2024-10-07 21:22:40,398 - INFO - {'task': 'MTS_pred', 'model': 'RNN', 'dataset': 'humidity', 'saved_model': True, 'exp_id': '1', 'seed': 0, 'max_epoch': 50, 'dataset_class': 'StatePointDataset', 'executor': 'StateExecutor', 'evaluator': 'StateEvaluator', 'rnn_type': 'GRU', 'hidden_size': 64, 'num_layers': 1, 'dropout': 0, 'bidirectional': False, 'teacher_forcing_ratio': 0, 'scaler': 'standard', 'load_external': False, 'normal_external': False, 'ext_scaler': 'none', 'add_time_in_day': True, 'add_day_in_week': False, 'learner': 'adam', 'learning_rate': 0.01, 'lr_decay': True, 'lr_scheduler': 'multisteplr', 'lr_decay_ratio': 0.1, 'steps': [5, 20, 40, 70], 'clip_grad_norm': True, 'max_grad_norm': 5, 'use_early_stop': True, 'patience': 50, 'batch_size': 64, 'cache_dataset': True, 'num_workers': 0, 'pad_with_last_sample': True, 'train_rate': 0.7, 'eval_rate': 0.1, 'input_window': 12, 'output_window': 12, 'robustness_test': False, 'noise_type': 'gaussian', 'disturb_rate': 0.5, 'noise_mean': [5], 'noise_SD': [10], 'gpu': True, 'gpu_id': 0, 'train_loss': 'none', 'epoch': 0, 'weight_decay': 0, 'lr_epsilon': 1e-08, 'lr_beta1': 0.9, 'lr_beta2': 0.999, 'lr_alpha': 0.99, 'lr_momentum': 0, 'step_size': 10, 'lr_T_max': 30, 'lr_eta_min': 0, 'lr_patience': 10, 'lr_threshold': 0.0001, 'log_level': 'INFO', 'log_every': 1, 'load_best_epoch': True, 'hyper_tune': False, 'metrics': ['MAE', 'MAPE', 'RMSE'], 'evaluator_mode': 'single', 'save_mode': ['csv'], 'geo': {'including_types': ['Point'], 'Point': {}}, 'rel': {'including_types': ['geo'], 'geo': {'cost': 'num'}}, 'dyna': {'including_types': ['state'], 'state': {'entity_id': 'geo_id', 'traffic_speed': 'num'}}, 'data_col': ['traffic_speed'], 'weight_col': 'cost', 'data_files': ['humidity'], 'geo_file': 'humidity', 'rel_file': 'humidity', 'output_dim': 1, 'time_intervals': 300, 'init_weight_inf_or_zero': 'inf', 'set_weight_link_or_dist': 'dist', 'calculate_weight_adj': True, 'weight_adj_epsilon': 0.1, 'device': device(type='cuda', index=0)}
2024-10-07 21:22:42,675 - INFO - Loaded file humidity_feature.csv, shape=(3322, 2048, 1)
2024-10-07 21:22:44,495 - INFO - Dataset created
2024-10-07 21:22:44,495 - INFO - x shape: (3299, 12, 2048, 1), y shape: (3299, 12, 2048, 1)
2024-10-07 21:22:44,511 - INFO - train	x: (2309, 12, 2048, 1), y: (2309, 12, 2048, 1)
2024-10-07 21:22:44,511 - INFO - eval	x: (330, 12, 2048, 1), y: (330, 12, 2048, 1)
2024-10-07 21:22:44,512 - INFO - test	x: (660, 12, 2048, 1), y: (660, 12, 2048, 1)
2024-10-07 21:24:38,480 - INFO - Saved at ./libcity/cache/dataset_cache/point_based_humidity_12_12_0.7_0.1_standard_64_False_True_False_True.npz
2024-10-07 21:24:38,667 - INFO - StandardScaler mean: 78.66855544535464, std: 17.406175498267864
2024-10-07 21:24:38,668 - INFO - NoneScaler
2024-10-07 21:24:39,611 - INFO - You select rnn_type GRU in RNN!
2024-10-07 21:24:39,815 - INFO - RNN(
  (rnn): GRU(2048, 64)
  (fc): Linear(in_features=64, out_features=2048, bias=True)
)
2024-10-07 21:24:39,816 - INFO - rnn.weight_ih_l0	torch.Size([192, 2048])	cuda:0	True
2024-10-07 21:24:39,816 - INFO - rnn.weight_hh_l0	torch.Size([192, 64])	cuda:0	True
2024-10-07 21:24:39,816 - INFO - rnn.bias_ih_l0	torch.Size([192])	cuda:0	True
2024-10-07 21:24:39,816 - INFO - rnn.bias_hh_l0	torch.Size([192])	cuda:0	True
2024-10-07 21:24:39,816 - INFO - fc.weight	torch.Size([2048, 64])	cuda:0	True
2024-10-07 21:24:39,816 - INFO - fc.bias	torch.Size([2048])	cuda:0	True
2024-10-07 21:24:39,816 - INFO - Total parameter numbers: 539008
2024-10-07 21:24:39,816 - INFO - You select `adam` optimizer.
2024-10-07 21:24:40,392 - INFO - You select `multisteplr` lr_scheduler.
2024-10-07 21:24:40,392 - WARNING - Received none train loss func and will use the loss func defined in the model.
2024-10-07 21:24:40,392 - INFO - Start training ...
2024-10-07 21:24:40,392 - INFO - num_batches:37
2024-10-07 21:24:41,878 - INFO - epoch complete!
2024-10-07 21:24:41,878 - INFO - evaluating now!
2024-10-07 21:24:41,977 - INFO - Epoch [0/50] train_loss: 10.2274, val_loss: 9.1353, lr: 0.010000, 1.59s
2024-10-07 21:24:41,985 - INFO - Saved model at 0
2024-10-07 21:24:41,985 - INFO - Val loss decrease from inf to 9.1353, saving to ./libcity/cache/1/model_cache/RNN_humidity_epoch0.tar
2024-10-07 21:24:42,899 - INFO - epoch complete!
2024-10-07 21:24:42,899 - INFO - evaluating now!
2024-10-07 21:24:42,999 - INFO - Epoch [1/50] train_loss: 8.8161, val_loss: 8.6028, lr: 0.010000, 1.01s
2024-10-07 21:24:43,007 - INFO - Saved model at 1
2024-10-07 21:24:43,007 - INFO - Val loss decrease from 9.1353 to 8.6028, saving to ./libcity/cache/1/model_cache/RNN_humidity_epoch1.tar
2024-10-07 21:24:43,927 - INFO - epoch complete!
2024-10-07 21:24:43,928 - INFO - evaluating now!
2024-10-07 21:24:44,028 - INFO - Epoch [2/50] train_loss: 8.5214, val_loss: 8.5463, lr: 0.010000, 1.02s
2024-10-07 21:24:44,036 - INFO - Saved model at 2
2024-10-07 21:24:44,036 - INFO - Val loss decrease from 8.6028 to 8.5463, saving to ./libcity/cache/1/model_cache/RNN_humidity_epoch2.tar
2024-10-07 21:24:44,952 - INFO - epoch complete!
2024-10-07 21:24:44,952 - INFO - evaluating now!
2024-10-07 21:24:45,046 - INFO - Epoch [3/50] train_loss: 8.4752, val_loss: 8.4832, lr: 0.010000, 1.01s
2024-10-07 21:24:45,053 - INFO - Saved model at 3
2024-10-07 21:24:45,053 - INFO - Val loss decrease from 8.5463 to 8.4832, saving to ./libcity/cache/1/model_cache/RNN_humidity_epoch3.tar
2024-10-07 21:24:45,968 - INFO - epoch complete!
2024-10-07 21:24:45,968 - INFO - evaluating now!
2024-10-07 21:24:46,070 - INFO - Epoch [4/50] train_loss: 8.4318, val_loss: 8.5018, lr: 0.001000, 1.02s
2024-10-07 21:24:46,996 - INFO - epoch complete!
2024-10-07 21:24:46,996 - INFO - evaluating now!
2024-10-07 21:24:47,095 - INFO - Epoch [5/50] train_loss: 8.3891, val_loss: 8.4773, lr: 0.001000, 1.02s
2024-10-07 21:24:47,102 - INFO - Saved model at 5
2024-10-07 21:24:47,102 - INFO - Val loss decrease from 8.4832 to 8.4773, saving to ./libcity/cache/1/model_cache/RNN_humidity_epoch5.tar
2024-10-07 21:24:48,061 - INFO - epoch complete!
2024-10-07 21:24:48,062 - INFO - evaluating now!
2024-10-07 21:24:48,151 - INFO - Epoch [6/50] train_loss: 8.3762, val_loss: 8.4712, lr: 0.001000, 1.05s
2024-10-07 21:24:48,159 - INFO - Saved model at 6
2024-10-07 21:24:48,159 - INFO - Val loss decrease from 8.4773 to 8.4712, saving to ./libcity/cache/1/model_cache/RNN_humidity_epoch6.tar
2024-10-07 21:24:49,095 - INFO - epoch complete!
2024-10-07 21:24:49,095 - INFO - evaluating now!
2024-10-07 21:24:49,197 - INFO - Epoch [7/50] train_loss: 8.3726, val_loss: 8.4800, lr: 0.001000, 1.04s
2024-10-07 21:24:50,125 - INFO - epoch complete!
2024-10-07 21:24:50,125 - INFO - evaluating now!
2024-10-07 21:24:50,218 - INFO - Epoch [8/50] train_loss: 8.3698, val_loss: 8.4362, lr: 0.001000, 1.02s
2024-10-07 21:24:50,226 - INFO - Saved model at 8
2024-10-07 21:24:50,226 - INFO - Val loss decrease from 8.4712 to 8.4362, saving to ./libcity/cache/1/model_cache/RNN_humidity_epoch8.tar
2024-10-07 21:24:51,150 - INFO - epoch complete!
2024-10-07 21:24:51,150 - INFO - evaluating now!
2024-10-07 21:24:51,246 - INFO - Epoch [9/50] train_loss: 8.3669, val_loss: 8.4690, lr: 0.001000, 1.02s
2024-10-07 21:24:52,187 - INFO - epoch complete!
2024-10-07 21:24:52,188 - INFO - evaluating now!
2024-10-07 21:24:52,281 - INFO - Epoch [10/50] train_loss: 8.3638, val_loss: 8.4778, lr: 0.001000, 1.03s
2024-10-07 21:24:53,226 - INFO - epoch complete!
2024-10-07 21:24:53,226 - INFO - evaluating now!
2024-10-07 21:24:53,334 - INFO - Epoch [11/50] train_loss: 8.3606, val_loss: 8.4643, lr: 0.001000, 1.05s
2024-10-07 21:24:54,269 - INFO - epoch complete!
2024-10-07 21:24:54,269 - INFO - evaluating now!
2024-10-07 21:24:54,372 - INFO - Epoch [12/50] train_loss: 8.3563, val_loss: 8.4657, lr: 0.001000, 1.04s
2024-10-07 21:24:55,317 - INFO - epoch complete!
2024-10-07 21:24:55,317 - INFO - evaluating now!
2024-10-07 21:24:55,410 - INFO - Epoch [13/50] train_loss: 8.3555, val_loss: 8.4560, lr: 0.001000, 1.04s
2024-10-07 21:24:56,342 - INFO - epoch complete!
2024-10-07 21:24:56,342 - INFO - evaluating now!
2024-10-07 21:24:56,438 - INFO - Epoch [14/50] train_loss: 8.3513, val_loss: 8.4416, lr: 0.001000, 1.03s
2024-10-07 21:24:57,379 - INFO - epoch complete!
2024-10-07 21:24:57,380 - INFO - evaluating now!
2024-10-07 21:24:57,477 - INFO - Epoch [15/50] train_loss: 8.3464, val_loss: 8.4660, lr: 0.001000, 1.04s
2024-10-07 21:24:58,416 - INFO - epoch complete!
2024-10-07 21:24:58,416 - INFO - evaluating now!
2024-10-07 21:24:58,519 - INFO - Epoch [16/50] train_loss: 8.3440, val_loss: 8.4575, lr: 0.001000, 1.04s
2024-10-07 21:24:59,442 - INFO - epoch complete!
2024-10-07 21:24:59,442 - INFO - evaluating now!
2024-10-07 21:24:59,541 - INFO - Epoch [17/50] train_loss: 8.3407, val_loss: 8.4684, lr: 0.001000, 1.02s
2024-10-07 21:25:00,480 - INFO - epoch complete!
2024-10-07 21:25:00,480 - INFO - evaluating now!
2024-10-07 21:25:00,581 - INFO - Epoch [18/50] train_loss: 8.3412, val_loss: 8.4530, lr: 0.001000, 1.04s
2024-10-07 21:25:01,519 - INFO - epoch complete!
2024-10-07 21:25:01,519 - INFO - evaluating now!
2024-10-07 21:25:01,629 - INFO - Epoch [19/50] train_loss: 8.3383, val_loss: 8.4535, lr: 0.000100, 1.05s
2024-10-07 21:25:02,572 - INFO - epoch complete!
2024-10-07 21:25:02,572 - INFO - evaluating now!
2024-10-07 21:25:02,679 - INFO - Epoch [20/50] train_loss: 8.3341, val_loss: 8.4682, lr: 0.000100, 1.05s
2024-10-07 21:25:03,612 - INFO - epoch complete!
2024-10-07 21:25:03,612 - INFO - evaluating now!
2024-10-07 21:25:03,723 - INFO - Epoch [21/50] train_loss: 8.3320, val_loss: 8.4555, lr: 0.000100, 1.04s
2024-10-07 21:25:04,642 - INFO - epoch complete!
2024-10-07 21:25:04,642 - INFO - evaluating now!
2024-10-07 21:25:04,748 - INFO - Epoch [22/50] train_loss: 8.3306, val_loss: 8.4455, lr: 0.000100, 1.02s
2024-10-07 21:25:05,698 - INFO - epoch complete!
2024-10-07 21:25:05,698 - INFO - evaluating now!
2024-10-07 21:25:05,797 - INFO - Epoch [23/50] train_loss: 8.3304, val_loss: 8.4381, lr: 0.000100, 1.05s
2024-10-07 21:25:06,738 - INFO - epoch complete!
2024-10-07 21:25:06,738 - INFO - evaluating now!
2024-10-07 21:25:06,840 - INFO - Epoch [24/50] train_loss: 8.3297, val_loss: 8.4510, lr: 0.000100, 1.04s
2024-10-07 21:25:07,782 - INFO - epoch complete!
2024-10-07 21:25:07,782 - INFO - evaluating now!
2024-10-07 21:25:07,883 - INFO - Epoch [25/50] train_loss: 8.3292, val_loss: 8.4429, lr: 0.000100, 1.04s
2024-10-07 21:25:08,836 - INFO - epoch complete!
2024-10-07 21:25:08,837 - INFO - evaluating now!
2024-10-07 21:25:08,932 - INFO - Epoch [26/50] train_loss: 8.3298, val_loss: 8.4566, lr: 0.000100, 1.05s
2024-10-07 21:25:09,999 - INFO - epoch complete!
2024-10-07 21:25:10,000 - INFO - evaluating now!
2024-10-07 21:25:10,134 - INFO - Epoch [27/50] train_loss: 8.3291, val_loss: 8.4311, lr: 0.000100, 1.20s
2024-10-07 21:25:10,143 - INFO - Saved model at 27
2024-10-07 21:25:10,144 - INFO - Val loss decrease from 8.4362 to 8.4311, saving to ./libcity/cache/1/model_cache/RNN_humidity_epoch27.tar
2024-10-07 21:25:11,486 - INFO - epoch complete!
2024-10-07 21:25:11,486 - INFO - evaluating now!
2024-10-07 21:25:11,634 - INFO - Epoch [28/50] train_loss: 8.3285, val_loss: 8.4494, lr: 0.000100, 1.49s
2024-10-07 21:25:12,787 - INFO - epoch complete!
2024-10-07 21:25:12,787 - INFO - evaluating now!
2024-10-07 21:25:12,899 - INFO - Epoch [29/50] train_loss: 8.3281, val_loss: 8.4381, lr: 0.000100, 1.26s
2024-10-07 21:25:13,941 - INFO - epoch complete!
2024-10-07 21:25:13,941 - INFO - evaluating now!
2024-10-07 21:25:14,042 - INFO - Epoch [30/50] train_loss: 8.3278, val_loss: 8.4454, lr: 0.000100, 1.14s
2024-10-07 21:25:15,110 - INFO - epoch complete!
2024-10-07 21:25:15,110 - INFO - evaluating now!
2024-10-07 21:25:15,212 - INFO - Epoch [31/50] train_loss: 8.3275, val_loss: 8.4423, lr: 0.000100, 1.17s
2024-10-07 21:25:16,172 - INFO - epoch complete!
2024-10-07 21:25:16,172 - INFO - evaluating now!
2024-10-07 21:25:16,283 - INFO - Epoch [32/50] train_loss: 8.3271, val_loss: 8.4500, lr: 0.000100, 1.07s
2024-10-07 21:25:17,265 - INFO - epoch complete!
2024-10-07 21:25:17,265 - INFO - evaluating now!
2024-10-07 21:25:17,368 - INFO - Epoch [33/50] train_loss: 8.3271, val_loss: 8.4562, lr: 0.000100, 1.08s
2024-10-07 21:25:18,355 - INFO - epoch complete!
2024-10-07 21:25:18,355 - INFO - evaluating now!
2024-10-07 21:25:18,459 - INFO - Epoch [34/50] train_loss: 8.3268, val_loss: 8.4430, lr: 0.000100, 1.09s
2024-10-07 21:25:19,430 - INFO - epoch complete!
2024-10-07 21:25:19,430 - INFO - evaluating now!
2024-10-07 21:25:19,533 - INFO - Epoch [35/50] train_loss: 8.3272, val_loss: 8.4356, lr: 0.000100, 1.07s
2024-10-07 21:25:20,505 - INFO - epoch complete!
2024-10-07 21:25:20,505 - INFO - evaluating now!
2024-10-07 21:25:20,625 - INFO - Epoch [36/50] train_loss: 8.3266, val_loss: 8.4530, lr: 0.000100, 1.09s
2024-10-07 21:25:21,644 - INFO - epoch complete!
2024-10-07 21:25:21,644 - INFO - evaluating now!
2024-10-07 21:25:21,759 - INFO - Epoch [37/50] train_loss: 8.3258, val_loss: 8.4377, lr: 0.000100, 1.13s
2024-10-07 21:25:22,744 - INFO - epoch complete!
2024-10-07 21:25:22,744 - INFO - evaluating now!
2024-10-07 21:25:22,858 - INFO - Epoch [38/50] train_loss: 8.3255, val_loss: 8.4529, lr: 0.000100, 1.10s
2024-10-07 21:25:23,844 - INFO - epoch complete!
2024-10-07 21:25:23,844 - INFO - evaluating now!
2024-10-07 21:25:23,958 - INFO - Epoch [39/50] train_loss: 8.3253, val_loss: 8.4564, lr: 0.000010, 1.10s
2024-10-07 21:25:24,925 - INFO - epoch complete!
2024-10-07 21:25:24,925 - INFO - evaluating now!
2024-10-07 21:25:25,028 - INFO - Epoch [40/50] train_loss: 8.3247, val_loss: 8.4526, lr: 0.000010, 1.07s
2024-10-07 21:25:26,002 - INFO - epoch complete!
2024-10-07 21:25:26,002 - INFO - evaluating now!
2024-10-07 21:25:26,107 - INFO - Epoch [41/50] train_loss: 8.3246, val_loss: 8.4477, lr: 0.000010, 1.08s
2024-10-07 21:25:27,092 - INFO - epoch complete!
2024-10-07 21:25:27,095 - INFO - evaluating now!
2024-10-07 21:25:27,205 - INFO - Epoch [42/50] train_loss: 8.3245, val_loss: 8.4464, lr: 0.000010, 1.10s
2024-10-07 21:25:28,197 - INFO - epoch complete!
2024-10-07 21:25:28,198 - INFO - evaluating now!
2024-10-07 21:25:28,307 - INFO - Epoch [43/50] train_loss: 8.3245, val_loss: 8.4473, lr: 0.000010, 1.10s
2024-10-07 21:25:29,295 - INFO - epoch complete!
2024-10-07 21:25:29,295 - INFO - evaluating now!
2024-10-07 21:25:29,404 - INFO - Epoch [44/50] train_loss: 8.3245, val_loss: 8.4483, lr: 0.000010, 1.10s
2024-10-07 21:25:30,494 - INFO - epoch complete!
2024-10-07 21:25:30,495 - INFO - evaluating now!
2024-10-07 21:25:30,610 - INFO - Epoch [45/50] train_loss: 8.3244, val_loss: 8.4481, lr: 0.000010, 1.21s
2024-10-07 21:25:31,681 - INFO - epoch complete!
2024-10-07 21:25:31,684 - INFO - evaluating now!
2024-10-07 21:25:31,801 - INFO - Epoch [46/50] train_loss: 8.3244, val_loss: 8.4471, lr: 0.000010, 1.19s
2024-10-07 21:25:32,900 - INFO - epoch complete!
2024-10-07 21:25:32,900 - INFO - evaluating now!
2024-10-07 21:25:33,024 - INFO - Epoch [47/50] train_loss: 8.3244, val_loss: 8.4493, lr: 0.000010, 1.22s
2024-10-07 21:25:34,412 - INFO - epoch complete!
2024-10-07 21:25:34,412 - INFO - evaluating now!
2024-10-07 21:25:34,533 - INFO - Epoch [48/50] train_loss: 8.3243, val_loss: 8.4471, lr: 0.000010, 1.51s
2024-10-07 21:25:35,596 - INFO - epoch complete!
2024-10-07 21:25:35,597 - INFO - evaluating now!
2024-10-07 21:25:35,720 - INFO - Epoch [49/50] train_loss: 8.3243, val_loss: 8.4486, lr: 0.000010, 1.19s
2024-10-07 21:25:35,720 - INFO - Trained totally 50 epochs, average train time is 0.998s, average eval time is 0.106s
2024-10-07 21:25:35,770 - INFO - Loaded model at 27
2024-10-07 21:25:35,771 - INFO - Saved model at ./libcity/cache/1/model_cache/GRU_humidity.m
2024-10-07 21:25:35,779 - INFO - Start evaluating ...
2024-10-07 21:25:50,088 - INFO - Note that you select the single mode to evaluate!
2024-10-07 21:25:50,093 - INFO - Evaluate result is saved at ./libcity/cache/1/evaluate_cache/2024_10_07_21_25_50_RNN_humidity.csv
2024-10-07 21:25:50,105 - INFO - 
         MAE      MAPE       RMSE
1   8.487660  0.137847  11.712471
2   8.488240  0.137859  11.706366
3   8.487659  0.137842  11.698677
4   8.485554  0.137754  11.689030
5   8.481416  0.137595  11.677607
6   8.477704  0.137422  11.667669
7   8.474994  0.137241  11.659722
8   8.473079  0.137066  11.653467
9   8.471196  0.136895  11.647513
10  8.469408  0.136726  11.641947
11  8.466626  0.136548  11.635446
12  8.464190  0.136377  11.629356
