2024-08-20 00:41:19,403 - INFO - Log directory: ./libcity/log
2024-08-20 00:41:19,403 - INFO - Begin pipeline, task=MTS_pred, model_name=RNN, dataset_name=pems_228, exp_id=1
2024-08-20 00:41:19,404 - INFO - {'task': 'MTS_pred', 'model': 'RNN', 'dataset': 'pems_228', 'saved_model': True, 'exp_id': 1, 'seed': 0, 'max_epoch': 1, 'dataset_class': 'StatePointDataset', 'executor': 'StateExecutor', 'evaluator': 'StateEvaluator', 'rnn_type': 'RNN', 'hidden_size': 64, 'num_layers': 1, 'dropout': 0, 'bidirectional': False, 'teacher_forcing_ratio': 0, 'scaler': 'standard', 'load_external': False, 'normal_external': False, 'ext_scaler': 'none', 'add_time_in_day': True, 'add_day_in_week': False, 'learner': 'adam', 'learning_rate': 0.01, 'lr_decay': True, 'lr_scheduler': 'multisteplr', 'lr_decay_ratio': 0.1, 'steps': [5, 20, 40, 70], 'clip_grad_norm': True, 'max_grad_norm': 5, 'use_early_stop': True, 'patience': 50, 'batch_size': 64, 'cache_dataset': True, 'num_workers': 0, 'pad_with_last_sample': True, 'train_rate': 0.7, 'eval_rate': 0.1, 'input_window': 12, 'output_window': 12, 'robustness_test': False, 'noise_type': 'gaussian', 'disturb_rate': 0.5, 'noise_mean': [5], 'noise_SD': [10], 'gpu': True, 'gpu_id': 0, 'train_loss': 'none', 'epoch': 0, 'weight_decay': 0, 'lr_epsilon': 1e-08, 'lr_beta1': 0.9, 'lr_beta2': 0.999, 'lr_alpha': 0.99, 'lr_momentum': 0, 'step_size': 10, 'lr_T_max': 30, 'lr_eta_min': 0, 'lr_patience': 10, 'lr_threshold': 0.0001, 'log_level': 'INFO', 'log_every': 1, 'load_best_epoch': True, 'hyper_tune': False, 'metrics': ['MAE', 'MAPE', 'RMSE'], 'evaluator_mode': 'single', 'save_mode': ['csv'], 'geo': {'including_types': ['Point'], 'Point': {}}, 'rel': {'including_types': ['geo'], 'geo': {'cost': 'num'}}, 'dyna': {'including_types': ['state'], 'state': {'entity_id': 'geo_id', 'traffic_speed': 'num'}}, 'data_col': ['traffic_speed'], 'weight_col': 'cost', 'data_files': ['pems_228'], 'geo_file': 'pems_228', 'rel_file': 'pems_228', 'output_dim': 1, 'time_intervals': 300, 'init_weight_inf_or_zero': 'inf', 'set_weight_link_or_dist': 'dist', 'calculate_weight_adj': True, 'weight_adj_epsilon': 0.1, 'device': device(type='cuda', index=0)}
2024-08-20 00:41:22,955 - INFO - Loaded file pems_228_feature.csv, shape=(12672, 228, 1)
2024-08-20 00:41:23,853 - INFO - Dataset created
2024-08-20 00:41:23,853 - INFO - x shape: (12649, 12, 228, 1), y shape: (12649, 12, 228, 1)
2024-08-20 00:41:23,853 - INFO - train	x: (8854, 12, 228, 1), y: (8854, 12, 228, 1)
2024-08-20 00:41:23,853 - INFO - eval	x: (1265, 12, 228, 1), y: (1265, 12, 228, 1)
2024-08-20 00:41:23,853 - INFO - test	x: (2530, 12, 228, 1), y: (2530, 12, 228, 1)
2024-08-20 00:41:33,191 - INFO - Saved at ./libcity/cache/dataset_cache/point_based_pems_228_12_12_0.7_0.1_standard_64_False_True_False_True.npz
2024-08-20 00:41:33,419 - INFO - StandardScaler mean: 59.18431971309767, std: 13.329420290254337
2024-08-20 00:41:33,419 - INFO - NoneScaler
2024-08-20 00:41:34,147 - INFO - You select rnn_type RNN in RNN!
2024-08-20 00:41:36,739 - INFO - RNN(
  (rnn): RNN(228, 64)
  (fc): Linear(in_features=64, out_features=228, bias=True)
)
2024-08-20 00:41:36,739 - INFO - rnn.weight_ih_l0	torch.Size([64, 228])	cuda:0	True
2024-08-20 00:41:36,740 - INFO - rnn.weight_hh_l0	torch.Size([64, 64])	cuda:0	True
2024-08-20 00:41:36,740 - INFO - rnn.bias_ih_l0	torch.Size([64])	cuda:0	True
2024-08-20 00:41:36,740 - INFO - rnn.bias_hh_l0	torch.Size([64])	cuda:0	True
2024-08-20 00:41:36,740 - INFO - fc.weight	torch.Size([228, 64])	cuda:0	True
2024-08-20 00:41:36,740 - INFO - fc.bias	torch.Size([228])	cuda:0	True
2024-08-20 00:41:36,740 - INFO - Total parameter numbers: 33636
2024-08-20 00:41:36,740 - INFO - You select `adam` optimizer.
2024-08-20 00:41:36,740 - INFO - You select `multisteplr` lr_scheduler.
2024-08-20 00:41:36,741 - WARNING - Received none train loss func and will use the loss func defined in the model.
2024-08-20 00:41:36,741 - INFO - Start training ...
2024-08-20 00:41:36,741 - INFO - num_batches:139
2024-08-20 00:41:40,852 - INFO - epoch complete!
2024-08-20 00:41:40,853 - INFO - evaluating now!
2024-08-20 00:41:41,045 - INFO - Epoch [0/1] train_loss: 5.6962, val_loss: 5.3518, lr: 0.010000, 4.30s
2024-08-20 00:41:41,049 - INFO - Saved model at 0
2024-08-20 00:41:41,049 - INFO - Val loss decrease from inf to 5.3518, saving to ./libcity/cache/1/model_cache/RNN_pems_228_epoch0.tar
2024-08-20 00:41:41,049 - INFO - Trained totally 1 epochs, average train time is 4.110s, average eval time is 0.192s
2024-08-20 00:41:41,052 - INFO - Loaded model at 0
2024-08-20 00:41:41,053 - INFO - Saved model at ./libcity/cache/1/model_cache/RNN_pems_228.m
2024-08-20 00:41:41,055 - INFO - Start evaluating ...
2024-08-20 00:41:46,024 - INFO - Note that you select the single mode to evaluate!
2024-08-20 00:41:46,031 - INFO - Evaluate result is saved at ./libcity/cache/1/evaluate_cache/2024_08_20_00_41_46_RNN_pems_228.csv
2024-08-20 00:41:46,038 - INFO - 
         MAE      MAPE      RMSE
1   4.968554  0.138166  8.547848
2   5.003753  0.139745  8.705399
3   5.026108  0.140616  8.795152
4   5.041445  0.141118  8.856687
5   5.056934  0.141563  8.912354
6   5.069237  0.141892  8.958654
7   5.076615  0.142085  8.992656
8   5.081224  0.142210  9.018536
9   5.084592  0.142295  9.038722
10  5.088254  0.142382  9.057149
11  5.093240  0.142488  9.075919
12  5.099601  0.142620  9.095987
