2024-10-08 13:33:50,328 - INFO - Log directory: ./libcity/log
2024-10-08 13:33:50,328 - INFO - Begin pipeline, task=MTS_pred, model_name=GRU, dataset_name=humidity, exp_id=100
2024-10-08 13:33:50,328 - INFO - {'task': 'MTS_pred', 'model': 'RNN', 'dataset': 'humidity', 'saved_model': True, 'exp_id': '100', 'seed': 0, 'max_epoch': 50, 'dataset_class': 'StatePointDataset', 'executor': 'StateExecutor', 'evaluator': 'StateEvaluator', 'rnn_type': 'GRU', 'hidden_size': 64, 'num_layers': 1, 'dropout': 0, 'bidirectional': False, 'teacher_forcing_ratio': 0, 'scaler': 'standard', 'load_external': False, 'normal_external': False, 'ext_scaler': 'none', 'add_time_in_day': True, 'add_day_in_week': False, 'learner': 'adam', 'learning_rate': 0.01, 'lr_decay': True, 'lr_scheduler': 'multisteplr', 'lr_decay_ratio': 0.1, 'steps': [5, 20, 40, 70], 'clip_grad_norm': True, 'max_grad_norm': 5, 'use_early_stop': True, 'patience': 50, 'batch_size': 64, 'cache_dataset': True, 'num_workers': 0, 'pad_with_last_sample': True, 'train_rate': 0.7, 'eval_rate': 0.1, 'input_window': 12, 'output_window': 12, 'robustness_test': False, 'noise_type': 'gaussian', 'disturb_rate': 0.5, 'noise_mean': [5], 'noise_SD': [10], 'gpu': True, 'gpu_id': 0, 'train_loss': 'none', 'epoch': 0, 'weight_decay': 0, 'lr_epsilon': 1e-08, 'lr_beta1': 0.9, 'lr_beta2': 0.999, 'lr_alpha': 0.99, 'lr_momentum': 0, 'step_size': 10, 'lr_T_max': 30, 'lr_eta_min': 0, 'lr_patience': 10, 'lr_threshold': 0.0001, 'log_level': 'INFO', 'log_every': 1, 'load_best_epoch': True, 'hyper_tune': False, 'metrics': ['MAE', 'MAPE', 'RMSE'], 'evaluator_mode': 'single', 'save_mode': ['csv'], 'geo': {'including_types': ['Point'], 'Point': {}}, 'rel': {'including_types': ['geo'], 'geo': {'cost': 'num'}}, 'dyna': {'including_types': ['state'], 'state': {'entity_id': 'geo_id', 'traffic_speed': 'num'}}, 'data_col': ['traffic_speed'], 'weight_col': 'cost', 'data_files': ['humidity'], 'geo_file': 'humidity', 'rel_file': 'humidity', 'output_dim': 1, 'time_intervals': 300, 'init_weight_inf_or_zero': 'inf', 'set_weight_link_or_dist': 'dist', 'calculate_weight_adj': True, 'weight_adj_epsilon': 0.1, 'device': device(type='cuda', index=0)}
2024-10-08 13:33:52,889 - INFO - Loaded file humidity_feature.csv, shape=(3322, 2048, 1)
2024-10-08 13:33:53,832 - INFO - Dataset created
2024-10-08 13:33:53,832 - INFO - x shape: (3299, 12, 2048, 1), y shape: (3299, 12, 2048, 1)
2024-10-08 13:33:53,837 - INFO - train	x: (2309, 12, 2048, 1), y: (2309, 12, 2048, 1)
2024-10-08 13:33:53,837 - INFO - eval	x: (330, 12, 2048, 1), y: (330, 12, 2048, 1)
2024-10-08 13:33:53,837 - INFO - test	x: (660, 12, 2048, 1), y: (660, 12, 2048, 1)
2024-10-08 13:35:47,841 - INFO - Saved at ./libcity/cache/dataset_cache/point_based_humidity_12_12_0.7_0.1_standard_64_False_True_False_True.npz
2024-10-08 13:35:48,042 - INFO - StandardScaler mean: 78.66855544535464, std: 17.406175498267864
2024-10-08 13:35:48,043 - INFO - NoneScaler
2024-10-08 13:35:49,016 - INFO - You select rnn_type GRU in RNN!
2024-10-08 13:35:49,359 - INFO - RNN(
  (rnn): GRU(2048, 64)
  (fc): Linear(in_features=64, out_features=2048, bias=True)
)
2024-10-08 13:35:49,360 - INFO - rnn.weight_ih_l0	torch.Size([192, 2048])	cuda:0	True
2024-10-08 13:35:49,360 - INFO - rnn.weight_hh_l0	torch.Size([192, 64])	cuda:0	True
2024-10-08 13:35:49,361 - INFO - rnn.bias_ih_l0	torch.Size([192])	cuda:0	True
2024-10-08 13:35:49,361 - INFO - rnn.bias_hh_l0	torch.Size([192])	cuda:0	True
2024-10-08 13:35:49,361 - INFO - fc.weight	torch.Size([2048, 64])	cuda:0	True
2024-10-08 13:35:49,361 - INFO - fc.bias	torch.Size([2048])	cuda:0	True
2024-10-08 13:35:49,361 - INFO - Total parameter numbers: 539008
2024-10-08 13:35:49,362 - INFO - You select `adam` optimizer.
2024-10-08 13:35:49,843 - INFO - You select `multisteplr` lr_scheduler.
2024-10-08 13:35:49,844 - WARNING - Received none train loss func and will use the loss func defined in the model.
2024-10-08 13:35:49,844 - INFO - Start training ...
2024-10-08 13:35:49,844 - INFO - num_batches:37
2024-10-08 13:35:51,478 - INFO - epoch complete!
2024-10-08 13:35:51,478 - INFO - evaluating now!
2024-10-08 13:35:51,575 - INFO - Epoch [0/50] train_loss: 10.2274, val_loss: 9.1353, lr: 0.010000, 1.73s
2024-10-08 13:35:51,583 - INFO - Saved model at 0
2024-10-08 13:35:51,583 - INFO - Val loss decrease from inf to 9.1353, saving to ./libcity/cache/100/model_cache/RNN_humidity_epoch0.tar
2024-10-08 13:35:52,594 - INFO - epoch complete!
2024-10-08 13:35:52,594 - INFO - evaluating now!
2024-10-08 13:35:52,704 - INFO - Epoch [1/50] train_loss: 8.8161, val_loss: 8.6028, lr: 0.010000, 1.12s
2024-10-08 13:35:52,712 - INFO - Saved model at 1
2024-10-08 13:35:52,712 - INFO - Val loss decrease from 9.1353 to 8.6028, saving to ./libcity/cache/100/model_cache/RNN_humidity_epoch1.tar
2024-10-08 13:35:53,673 - INFO - epoch complete!
2024-10-08 13:35:53,674 - INFO - evaluating now!
2024-10-08 13:35:53,774 - INFO - Epoch [2/50] train_loss: 8.5214, val_loss: 8.5463, lr: 0.010000, 1.06s
2024-10-08 13:35:53,782 - INFO - Saved model at 2
2024-10-08 13:35:53,783 - INFO - Val loss decrease from 8.6028 to 8.5463, saving to ./libcity/cache/100/model_cache/RNN_humidity_epoch2.tar
2024-10-08 13:35:54,811 - INFO - epoch complete!
2024-10-08 13:35:54,811 - INFO - evaluating now!
2024-10-08 13:35:54,925 - INFO - Epoch [3/50] train_loss: 8.4752, val_loss: 8.4832, lr: 0.010000, 1.14s
2024-10-08 13:35:54,933 - INFO - Saved model at 3
2024-10-08 13:35:54,933 - INFO - Val loss decrease from 8.5463 to 8.4832, saving to ./libcity/cache/100/model_cache/RNN_humidity_epoch3.tar
2024-10-08 13:35:55,996 - INFO - epoch complete!
2024-10-08 13:35:55,996 - INFO - evaluating now!
2024-10-08 13:35:56,104 - INFO - Epoch [4/50] train_loss: 8.4318, val_loss: 8.5018, lr: 0.001000, 1.17s
2024-10-08 13:35:57,063 - INFO - epoch complete!
2024-10-08 13:35:57,064 - INFO - evaluating now!
2024-10-08 13:35:57,166 - INFO - Epoch [5/50] train_loss: 8.3891, val_loss: 8.4773, lr: 0.001000, 1.06s
2024-10-08 13:35:57,174 - INFO - Saved model at 5
2024-10-08 13:35:57,175 - INFO - Val loss decrease from 8.4832 to 8.4773, saving to ./libcity/cache/100/model_cache/RNN_humidity_epoch5.tar
2024-10-08 13:35:58,141 - INFO - epoch complete!
2024-10-08 13:35:58,141 - INFO - evaluating now!
2024-10-08 13:35:58,266 - INFO - Epoch [6/50] train_loss: 8.3762, val_loss: 8.4712, lr: 0.001000, 1.09s
2024-10-08 13:35:58,274 - INFO - Saved model at 6
2024-10-08 13:35:58,275 - INFO - Val loss decrease from 8.4773 to 8.4712, saving to ./libcity/cache/100/model_cache/RNN_humidity_epoch6.tar
2024-10-08 13:35:59,233 - INFO - epoch complete!
2024-10-08 13:35:59,234 - INFO - evaluating now!
2024-10-08 13:35:59,341 - INFO - Epoch [7/50] train_loss: 8.3726, val_loss: 8.4800, lr: 0.001000, 1.07s
2024-10-08 13:36:00,341 - INFO - epoch complete!
2024-10-08 13:36:00,341 - INFO - evaluating now!
2024-10-08 13:36:00,455 - INFO - Epoch [8/50] train_loss: 8.3698, val_loss: 8.4362, lr: 0.001000, 1.11s
2024-10-08 13:36:00,463 - INFO - Saved model at 8
2024-10-08 13:36:00,463 - INFO - Val loss decrease from 8.4712 to 8.4362, saving to ./libcity/cache/100/model_cache/RNN_humidity_epoch8.tar
2024-10-08 13:36:01,448 - INFO - epoch complete!
2024-10-08 13:36:01,448 - INFO - evaluating now!
2024-10-08 13:36:01,560 - INFO - Epoch [9/50] train_loss: 8.3669, val_loss: 8.4690, lr: 0.001000, 1.10s
2024-10-08 13:36:02,529 - INFO - epoch complete!
2024-10-08 13:36:02,530 - INFO - evaluating now!
2024-10-08 13:36:02,636 - INFO - Epoch [10/50] train_loss: 8.3638, val_loss: 8.4778, lr: 0.001000, 1.08s
2024-10-08 13:36:03,594 - INFO - epoch complete!
2024-10-08 13:36:03,595 - INFO - evaluating now!
2024-10-08 13:36:03,708 - INFO - Epoch [11/50] train_loss: 8.3606, val_loss: 8.4643, lr: 0.001000, 1.07s
2024-10-08 13:36:04,719 - INFO - epoch complete!
2024-10-08 13:36:04,720 - INFO - evaluating now!
2024-10-08 13:36:04,826 - INFO - Epoch [12/50] train_loss: 8.3563, val_loss: 8.4657, lr: 0.001000, 1.12s
2024-10-08 13:36:05,825 - INFO - epoch complete!
2024-10-08 13:36:05,826 - INFO - evaluating now!
2024-10-08 13:36:05,936 - INFO - Epoch [13/50] train_loss: 8.3555, val_loss: 8.4560, lr: 0.001000, 1.11s
2024-10-08 13:36:06,913 - INFO - epoch complete!
2024-10-08 13:36:06,914 - INFO - evaluating now!
2024-10-08 13:36:07,029 - INFO - Epoch [14/50] train_loss: 8.3513, val_loss: 8.4416, lr: 0.001000, 1.09s
2024-10-08 13:36:08,011 - INFO - epoch complete!
2024-10-08 13:36:08,012 - INFO - evaluating now!
2024-10-08 13:36:08,110 - INFO - Epoch [15/50] train_loss: 8.3464, val_loss: 8.4660, lr: 0.001000, 1.08s
2024-10-08 13:36:09,136 - INFO - epoch complete!
2024-10-08 13:36:09,136 - INFO - evaluating now!
2024-10-08 13:36:09,239 - INFO - Epoch [16/50] train_loss: 8.3440, val_loss: 8.4575, lr: 0.001000, 1.13s
2024-10-08 13:36:10,229 - INFO - epoch complete!
2024-10-08 13:36:10,230 - INFO - evaluating now!
2024-10-08 13:36:10,342 - INFO - Epoch [17/50] train_loss: 8.3407, val_loss: 8.4684, lr: 0.001000, 1.10s
2024-10-08 13:36:11,318 - INFO - epoch complete!
2024-10-08 13:36:11,318 - INFO - evaluating now!
2024-10-08 13:36:11,430 - INFO - Epoch [18/50] train_loss: 8.3412, val_loss: 8.4530, lr: 0.001000, 1.09s
2024-10-08 13:36:12,401 - INFO - epoch complete!
2024-10-08 13:36:12,402 - INFO - evaluating now!
2024-10-08 13:36:12,498 - INFO - Epoch [19/50] train_loss: 8.3383, val_loss: 8.4535, lr: 0.000100, 1.07s
2024-10-08 13:36:13,516 - INFO - epoch complete!
2024-10-08 13:36:13,517 - INFO - evaluating now!
2024-10-08 13:36:13,617 - INFO - Epoch [20/50] train_loss: 8.3341, val_loss: 8.4682, lr: 0.000100, 1.12s
2024-10-08 13:36:14,617 - INFO - epoch complete!
2024-10-08 13:36:14,618 - INFO - evaluating now!
2024-10-08 13:36:14,722 - INFO - Epoch [21/50] train_loss: 8.3320, val_loss: 8.4555, lr: 0.000100, 1.11s
2024-10-08 13:36:15,713 - INFO - epoch complete!
2024-10-08 13:36:15,714 - INFO - evaluating now!
2024-10-08 13:36:15,829 - INFO - Epoch [22/50] train_loss: 8.3306, val_loss: 8.4455, lr: 0.000100, 1.11s
2024-10-08 13:36:16,873 - INFO - epoch complete!
2024-10-08 13:36:16,874 - INFO - evaluating now!
2024-10-08 13:36:16,979 - INFO - Epoch [23/50] train_loss: 8.3304, val_loss: 8.4381, lr: 0.000100, 1.15s
2024-10-08 13:36:17,973 - INFO - epoch complete!
2024-10-08 13:36:17,974 - INFO - evaluating now!
2024-10-08 13:36:18,073 - INFO - Epoch [24/50] train_loss: 8.3297, val_loss: 8.4510, lr: 0.000100, 1.09s
2024-10-08 13:36:19,085 - INFO - epoch complete!
2024-10-08 13:36:19,085 - INFO - evaluating now!
2024-10-08 13:36:19,227 - INFO - Epoch [25/50] train_loss: 8.3292, val_loss: 8.4429, lr: 0.000100, 1.15s
2024-10-08 13:36:20,173 - INFO - epoch complete!
2024-10-08 13:36:20,173 - INFO - evaluating now!
2024-10-08 13:36:20,312 - INFO - Epoch [26/50] train_loss: 8.3298, val_loss: 8.4566, lr: 0.000100, 1.08s
2024-10-08 13:36:21,297 - INFO - epoch complete!
2024-10-08 13:36:21,298 - INFO - evaluating now!
2024-10-08 13:36:21,408 - INFO - Epoch [27/50] train_loss: 8.3291, val_loss: 8.4311, lr: 0.000100, 1.10s
2024-10-08 13:36:21,417 - INFO - Saved model at 27
2024-10-08 13:36:21,417 - INFO - Val loss decrease from 8.4362 to 8.4311, saving to ./libcity/cache/100/model_cache/RNN_humidity_epoch27.tar
2024-10-08 13:36:22,451 - INFO - epoch complete!
2024-10-08 13:36:22,452 - INFO - evaluating now!
2024-10-08 13:36:22,562 - INFO - Epoch [28/50] train_loss: 8.3285, val_loss: 8.4494, lr: 0.000100, 1.14s
2024-10-08 13:36:23,562 - INFO - epoch complete!
2024-10-08 13:36:23,563 - INFO - evaluating now!
2024-10-08 13:36:23,672 - INFO - Epoch [29/50] train_loss: 8.3281, val_loss: 8.4381, lr: 0.000100, 1.11s
2024-10-08 13:36:24,656 - INFO - epoch complete!
2024-10-08 13:36:24,656 - INFO - evaluating now!
2024-10-08 13:36:24,781 - INFO - Epoch [30/50] train_loss: 8.3278, val_loss: 8.4454, lr: 0.000100, 1.11s
2024-10-08 13:36:25,770 - INFO - epoch complete!
2024-10-08 13:36:25,771 - INFO - evaluating now!
2024-10-08 13:36:25,868 - INFO - Epoch [31/50] train_loss: 8.3275, val_loss: 8.4423, lr: 0.000100, 1.09s
2024-10-08 13:36:26,912 - INFO - epoch complete!
2024-10-08 13:36:26,913 - INFO - evaluating now!
2024-10-08 13:36:27,017 - INFO - Epoch [32/50] train_loss: 8.3271, val_loss: 8.4500, lr: 0.000100, 1.15s
2024-10-08 13:36:28,009 - INFO - epoch complete!
2024-10-08 13:36:28,009 - INFO - evaluating now!
2024-10-08 13:36:28,103 - INFO - Epoch [33/50] train_loss: 8.3271, val_loss: 8.4562, lr: 0.000100, 1.08s
2024-10-08 13:36:29,084 - INFO - epoch complete!
2024-10-08 13:36:29,085 - INFO - evaluating now!
2024-10-08 13:36:29,203 - INFO - Epoch [34/50] train_loss: 8.3268, val_loss: 8.4430, lr: 0.000100, 1.10s
2024-10-08 13:36:30,182 - INFO - epoch complete!
2024-10-08 13:36:30,182 - INFO - evaluating now!
2024-10-08 13:36:30,284 - INFO - Epoch [35/50] train_loss: 8.3272, val_loss: 8.4356, lr: 0.000100, 1.08s
2024-10-08 13:36:31,282 - INFO - epoch complete!
2024-10-08 13:36:31,283 - INFO - evaluating now!
2024-10-08 13:36:31,385 - INFO - Epoch [36/50] train_loss: 8.3266, val_loss: 8.4530, lr: 0.000100, 1.10s
2024-10-08 13:36:32,417 - INFO - epoch complete!
2024-10-08 13:36:32,418 - INFO - evaluating now!
2024-10-08 13:36:32,531 - INFO - Epoch [37/50] train_loss: 8.3258, val_loss: 8.4377, lr: 0.000100, 1.15s
2024-10-08 13:36:33,507 - INFO - epoch complete!
2024-10-08 13:36:33,507 - INFO - evaluating now!
2024-10-08 13:36:33,617 - INFO - Epoch [38/50] train_loss: 8.3255, val_loss: 8.4529, lr: 0.000100, 1.09s
2024-10-08 13:36:34,665 - INFO - epoch complete!
2024-10-08 13:36:34,666 - INFO - evaluating now!
2024-10-08 13:36:34,768 - INFO - Epoch [39/50] train_loss: 8.3253, val_loss: 8.4564, lr: 0.000010, 1.15s
2024-10-08 13:36:35,775 - INFO - epoch complete!
2024-10-08 13:36:35,776 - INFO - evaluating now!
2024-10-08 13:36:35,886 - INFO - Epoch [40/50] train_loss: 8.3247, val_loss: 8.4526, lr: 0.000010, 1.12s
2024-10-08 13:36:36,892 - INFO - epoch complete!
2024-10-08 13:36:36,893 - INFO - evaluating now!
2024-10-08 13:36:36,997 - INFO - Epoch [41/50] train_loss: 8.3246, val_loss: 8.4477, lr: 0.000010, 1.11s
2024-10-08 13:36:38,018 - INFO - epoch complete!
2024-10-08 13:36:38,018 - INFO - evaluating now!
2024-10-08 13:36:38,147 - INFO - Epoch [42/50] train_loss: 8.3245, val_loss: 8.4464, lr: 0.000010, 1.15s
2024-10-08 13:36:39,128 - INFO - epoch complete!
2024-10-08 13:36:39,128 - INFO - evaluating now!
2024-10-08 13:36:39,243 - INFO - Epoch [43/50] train_loss: 8.3245, val_loss: 8.4473, lr: 0.000010, 1.10s
2024-10-08 13:36:40,267 - INFO - epoch complete!
2024-10-08 13:36:40,267 - INFO - evaluating now!
2024-10-08 13:36:40,369 - INFO - Epoch [44/50] train_loss: 8.3245, val_loss: 8.4483, lr: 0.000010, 1.13s
2024-10-08 13:36:41,399 - INFO - epoch complete!
2024-10-08 13:36:41,400 - INFO - evaluating now!
2024-10-08 13:36:41,506 - INFO - Epoch [45/50] train_loss: 8.3244, val_loss: 8.4481, lr: 0.000010, 1.14s
2024-10-08 13:36:42,514 - INFO - epoch complete!
2024-10-08 13:36:42,514 - INFO - evaluating now!
2024-10-08 13:36:42,640 - INFO - Epoch [46/50] train_loss: 8.3244, val_loss: 8.4471, lr: 0.000010, 1.13s
2024-10-08 13:36:43,596 - INFO - epoch complete!
2024-10-08 13:36:43,597 - INFO - evaluating now!
2024-10-08 13:36:43,712 - INFO - Epoch [47/50] train_loss: 8.3244, val_loss: 8.4493, lr: 0.000010, 1.07s
2024-10-08 13:36:44,675 - INFO - epoch complete!
2024-10-08 13:36:44,676 - INFO - evaluating now!
2024-10-08 13:36:44,790 - INFO - Epoch [48/50] train_loss: 8.3243, val_loss: 8.4471, lr: 0.000010, 1.08s
2024-10-08 13:36:45,794 - INFO - epoch complete!
2024-10-08 13:36:45,794 - INFO - evaluating now!
2024-10-08 13:36:45,893 - INFO - Epoch [49/50] train_loss: 8.3243, val_loss: 8.4486, lr: 0.000010, 1.10s
2024-10-08 13:36:45,894 - INFO - Trained totally 50 epochs, average train time is 1.009s, average eval time is 0.110s
2024-10-08 13:36:45,977 - INFO - Loaded model at 27
2024-10-08 13:36:45,977 - INFO - Saved model at ./libcity/cache/100/model_cache/GRU_humidity.m
2024-10-08 13:36:45,985 - INFO - Start evaluating ...
2024-10-08 13:36:58,014 - INFO - Note that you select the single mode to evaluate!
2024-10-08 13:36:58,017 - INFO - Evaluate result is saved at ./libcity/cache/100/evaluate_cache/2024_10_08_13_36_58_RNN_humidity.csv
2024-10-08 13:36:58,021 - INFO - 
         MAE      MAPE       RMSE
1   8.487660  0.137847  11.712471
2   8.488240  0.137859  11.706366
3   8.487659  0.137842  11.698677
4   8.485554  0.137754  11.689030
5   8.481416  0.137595  11.677607
6   8.477704  0.137422  11.667669
7   8.474994  0.137241  11.659722
8   8.473079  0.137066  11.653467
9   8.471196  0.136895  11.647513
10  8.469408  0.136726  11.641947
11  8.466626  0.136548  11.635446
12  8.464190  0.136377  11.629356
