2024-09-02 15:23:35,914 - INFO - Log directory: ./libcity/log
2024-09-02 15:23:35,914 - INFO - Begin pipeline, task=MTS_pred, model_name=STGCN, dataset_name=humidity, exp_id=111111
2024-09-02 15:23:35,914 - INFO - {'task': 'MTS_pred', 'model': 'STGCN', 'dataset': 'humidity', 'saved_model': True, 'exp_id': '111111', 'seed': 0, 'max_epoch': 50, 'dataset_class': 'StatePointDataset', 'executor': 'StateExecutor', 'evaluator': 'StateEvaluator', 'Ks': 3, 'Kt': 3, 'blocks': [[1, 32, 64], [64, 32, 128]], 'dropout': 0, 'graph_conv_type': 'chebconv', 'stgcn_train_mode': 'quick', 'bidir_adj_mx': True, 'scaler': 'standard', 'load_external': False, 'normal_external': False, 'ext_scaler': 'none', 'add_time_in_day': False, 'add_day_in_week': False, 'learner': 'rmsprop', 'learning_rate': 0.001, 'lr_decay': True, 'lr_scheduler': 'steplr', 'lr_decay_ratio': 0.7, 'step_size': 5, 'clip_grad_norm': False, 'use_early_stop': False, 'batch_size': 64, 'cache_dataset': True, 'num_workers': 0, 'pad_with_last_sample': True, 'train_rate': 0.7, 'eval_rate': 0.1, 'input_window': 12, 'output_window': 12, 'robustness_test': False, 'noise_type': 'gaussian', 'disturb_rate': 0.5, 'noise_mean': [5], 'noise_SD': [10], 'gpu': True, 'gpu_id': 0, 'train_loss': 'none', 'epoch': 0, 'weight_decay': 0, 'lr_epsilon': 1e-08, 'lr_beta1': 0.9, 'lr_beta2': 0.999, 'lr_alpha': 0.99, 'lr_momentum': 0, 'steps': [5, 20, 40, 70], 'lr_T_max': 30, 'lr_eta_min': 0, 'lr_patience': 10, 'lr_threshold': 0.0001, 'max_grad_norm': 1.0, 'patience': 50, 'log_level': 'INFO', 'log_every': 1, 'load_best_epoch': True, 'hyper_tune': False, 'metrics': ['MAE', 'MAPE', 'RMSE'], 'evaluator_mode': 'single', 'save_mode': ['csv'], 'geo': {'including_types': ['Point'], 'Point': {}}, 'rel': {'including_types': ['geo'], 'geo': {'cost': 'num'}}, 'dyna': {'including_types': ['state'], 'state': {'entity_id': 'geo_id', 'traffic_speed': 'num'}}, 'data_col': ['traffic_speed'], 'weight_col': 'cost', 'data_files': ['humidity'], 'geo_file': 'humidity', 'rel_file': 'humidity', 'output_dim': 1, 'time_intervals': 300, 'init_weight_inf_or_zero': 'inf', 'set_weight_link_or_dist': 'dist', 'calculate_weight_adj': True, 'weight_adj_epsilon': 0.1, 'device': device(type='cuda', index=0)}
2024-09-02 15:23:37,630 - INFO - Loaded file humidity_feature.csv, shape=(3322, 2048, 1)
2024-09-02 15:23:38,434 - INFO - Dataset created
2024-09-02 15:23:38,435 - INFO - x shape: (3299, 12, 2048, 1), y shape: (3299, 12, 2048, 1)
2024-09-02 15:23:38,438 - INFO - train	x: (2309, 12, 2048, 1), y: (2309, 12, 2048, 1)
2024-09-02 15:23:38,438 - INFO - eval	x: (330, 12, 2048, 1), y: (330, 12, 2048, 1)
2024-09-02 15:23:38,438 - INFO - test	x: (660, 12, 2048, 1), y: (660, 12, 2048, 1)
2024-09-02 15:25:18,375 - INFO - Saved at ./libcity/cache/dataset_cache/point_based_humidity_12_12_0.7_0.1_standard_64_False_False_False_True.npz
2024-09-02 15:25:18,541 - INFO - StandardScaler mean: 78.66855544535464, std: 17.406175498267864
2024-09-02 15:25:18,542 - INFO - NoneScaler
2024-09-02 15:25:19,336 - INFO - You select quick mode to train STGCN model.
2024-09-02 15:25:35,139 - INFO - Chebyshev_polynomial_Lk shape: (3, 2048, 2048)
2024-09-02 15:25:35,263 - INFO - STGCN(
  (st_conv1): STConvBlock(
    (tconv1): TemporalConvLayer(
      (align): Align()
      (conv): Conv2d(1, 64, kernel_size=(3, 1), stride=(1, 1))
    )
    (sconv): SpatioConvLayer(
      (align): Align()
    )
    (tconv2): TemporalConvLayer(
      (align): Align()
      (conv): Conv2d(32, 64, kernel_size=(3, 1), stride=(1, 1))
    )
    (ln): LayerNorm((2048, 64), eps=1e-05, elementwise_affine=True)
    (dropout): Dropout(p=0, inplace=False)
  )
  (st_conv2): STConvBlock(
    (tconv1): TemporalConvLayer(
      (align): Align(
        (conv1x1): Conv2d(64, 32, kernel_size=(1, 1), stride=(1, 1))
      )
      (conv): Conv2d(64, 64, kernel_size=(3, 1), stride=(1, 1))
    )
    (sconv): SpatioConvLayer(
      (align): Align()
    )
    (tconv2): TemporalConvLayer(
      (align): Align()
      (conv): Conv2d(32, 128, kernel_size=(3, 1), stride=(1, 1))
    )
    (ln): LayerNorm((2048, 128), eps=1e-05, elementwise_affine=True)
    (dropout): Dropout(p=0, inplace=False)
  )
  (output): OutputLayer(
    (tconv1): TemporalConvLayer(
      (align): Align()
      (conv): Conv2d(128, 256, kernel_size=(4, 1), stride=(1, 1))
    )
    (ln): LayerNorm((2048, 128), eps=1e-05, elementwise_affine=True)
    (tconv2): TemporalConvLayer(
      (align): Align()
      (conv): Conv2d(128, 128, kernel_size=(1, 1), stride=(1, 1))
    )
    (fc): FullyConvLayer(
      (conv): Conv2d(128, 1, kernel_size=(1, 1), stride=(1, 1))
    )
  )
)
2024-09-02 15:25:35,263 - INFO - st_conv1.tconv1.conv.weight	torch.Size([64, 1, 3, 1])	cuda:0	True
2024-09-02 15:25:35,263 - INFO - st_conv1.tconv1.conv.bias	torch.Size([64])	cuda:0	True
2024-09-02 15:25:35,263 - INFO - st_conv1.sconv.theta	torch.Size([32, 32, 3])	cuda:0	True
2024-09-02 15:25:35,263 - INFO - st_conv1.sconv.b	torch.Size([1, 32, 1, 1])	cuda:0	True
2024-09-02 15:25:35,263 - INFO - st_conv1.tconv2.conv.weight	torch.Size([64, 32, 3, 1])	cuda:0	True
2024-09-02 15:25:35,263 - INFO - st_conv1.tconv2.conv.bias	torch.Size([64])	cuda:0	True
2024-09-02 15:25:35,264 - INFO - st_conv1.ln.weight	torch.Size([2048, 64])	cuda:0	True
2024-09-02 15:25:35,264 - INFO - st_conv1.ln.bias	torch.Size([2048, 64])	cuda:0	True
2024-09-02 15:25:35,264 - INFO - st_conv2.tconv1.align.conv1x1.weight	torch.Size([32, 64, 1, 1])	cuda:0	True
2024-09-02 15:25:35,264 - INFO - st_conv2.tconv1.align.conv1x1.bias	torch.Size([32])	cuda:0	True
2024-09-02 15:25:35,264 - INFO - st_conv2.tconv1.conv.weight	torch.Size([64, 64, 3, 1])	cuda:0	True
2024-09-02 15:25:35,264 - INFO - st_conv2.tconv1.conv.bias	torch.Size([64])	cuda:0	True
2024-09-02 15:25:35,264 - INFO - st_conv2.sconv.theta	torch.Size([32, 32, 3])	cuda:0	True
2024-09-02 15:25:35,264 - INFO - st_conv2.sconv.b	torch.Size([1, 32, 1, 1])	cuda:0	True
2024-09-02 15:25:35,264 - INFO - st_conv2.tconv2.conv.weight	torch.Size([128, 32, 3, 1])	cuda:0	True
2024-09-02 15:25:35,264 - INFO - st_conv2.tconv2.conv.bias	torch.Size([128])	cuda:0	True
2024-09-02 15:25:35,264 - INFO - st_conv2.ln.weight	torch.Size([2048, 128])	cuda:0	True
2024-09-02 15:25:35,264 - INFO - st_conv2.ln.bias	torch.Size([2048, 128])	cuda:0	True
2024-09-02 15:25:35,264 - INFO - output.tconv1.conv.weight	torch.Size([256, 128, 4, 1])	cuda:0	True
2024-09-02 15:25:35,264 - INFO - output.tconv1.conv.bias	torch.Size([256])	cuda:0	True
2024-09-02 15:25:35,264 - INFO - output.ln.weight	torch.Size([2048, 128])	cuda:0	True
2024-09-02 15:25:35,264 - INFO - output.ln.bias	torch.Size([2048, 128])	cuda:0	True
2024-09-02 15:25:35,264 - INFO - output.tconv2.conv.weight	torch.Size([128, 128, 1, 1])	cuda:0	True
2024-09-02 15:25:35,264 - INFO - output.tconv2.conv.bias	torch.Size([128])	cuda:0	True
2024-09-02 15:25:35,264 - INFO - output.fc.conv.weight	torch.Size([1, 128, 1, 1])	cuda:0	True
2024-09-02 15:25:35,264 - INFO - output.fc.conv.bias	torch.Size([1])	cuda:0	True
2024-09-02 15:25:35,264 - INFO - Total parameter numbers: 1498209
2024-09-02 15:25:35,264 - INFO - You select `rmsprop` optimizer.
2024-09-02 15:25:35,670 - INFO - You select `steplr` lr_scheduler.
2024-09-02 15:25:35,670 - WARNING - Received none train loss func and will use the loss func defined in the model.
2024-09-02 15:25:35,670 - INFO - Start training ...
2024-09-02 15:25:35,670 - INFO - num_batches:37
2024-09-02 15:26:06,058 - INFO - epoch complete!
2024-09-02 15:26:06,058 - INFO - evaluating now!
2024-09-02 15:26:25,236 - INFO - Epoch [0/50] train_loss: 142.6153, val_loss: 143.4868, lr: 0.001000, 49.57s
2024-09-02 15:26:25,249 - INFO - Saved model at 0
2024-09-02 15:26:25,250 - INFO - Val loss decrease from inf to 143.4868, saving to ./libcity/cache/111111/model_cache/STGCN_humidity_epoch0.tar
2024-09-02 15:26:55,351 - INFO - epoch complete!
2024-09-02 15:26:55,351 - INFO - evaluating now!
2024-09-02 15:27:14,587 - INFO - Epoch [1/50] train_loss: 99.7571, val_loss: 146.0155, lr: 0.001000, 49.34s
2024-09-02 15:27:44,723 - INFO - epoch complete!
2024-09-02 15:27:44,723 - INFO - evaluating now!
2024-09-02 15:28:03,965 - INFO - Epoch [2/50] train_loss: 97.1083, val_loss: 129.9501, lr: 0.001000, 49.38s
2024-09-02 15:28:03,978 - INFO - Saved model at 2
2024-09-02 15:28:03,978 - INFO - Val loss decrease from 143.4868 to 129.9501, saving to ./libcity/cache/111111/model_cache/STGCN_humidity_epoch2.tar
2024-09-02 15:28:34,108 - INFO - epoch complete!
2024-09-02 15:28:34,108 - INFO - evaluating now!
2024-09-02 15:28:53,353 - INFO - Epoch [3/50] train_loss: 96.1556, val_loss: 132.2904, lr: 0.001000, 49.37s
2024-09-02 15:29:23,485 - INFO - epoch complete!
2024-09-02 15:29:23,485 - INFO - evaluating now!
2024-09-02 15:29:42,731 - INFO - Epoch [4/50] train_loss: 94.9170, val_loss: 143.3644, lr: 0.000700, 49.38s
2024-09-02 15:30:12,863 - INFO - epoch complete!
2024-09-02 15:30:12,863 - INFO - evaluating now!
2024-09-02 15:30:32,100 - INFO - Epoch [5/50] train_loss: 93.3462, val_loss: 128.7969, lr: 0.000700, 49.37s
2024-09-02 15:30:32,114 - INFO - Saved model at 5
2024-09-02 15:30:32,114 - INFO - Val loss decrease from 129.9501 to 128.7969, saving to ./libcity/cache/111111/model_cache/STGCN_humidity_epoch5.tar
2024-09-02 15:31:02,265 - INFO - epoch complete!
2024-09-02 15:31:02,265 - INFO - evaluating now!
2024-09-02 15:31:21,589 - INFO - Epoch [6/50] train_loss: 93.2198, val_loss: 128.6368, lr: 0.000700, 49.48s
2024-09-02 15:31:21,602 - INFO - Saved model at 6
2024-09-02 15:31:21,602 - INFO - Val loss decrease from 128.7969 to 128.6368, saving to ./libcity/cache/111111/model_cache/STGCN_humidity_epoch6.tar
2024-09-02 15:31:51,841 - INFO - epoch complete!
2024-09-02 15:31:51,841 - INFO - evaluating now!
2024-09-02 15:32:11,169 - INFO - Epoch [7/50] train_loss: 93.2118, val_loss: 136.4466, lr: 0.000700, 49.57s
2024-09-02 15:32:41,416 - INFO - epoch complete!
2024-09-02 15:32:41,416 - INFO - evaluating now!
2024-09-02 15:33:00,754 - INFO - Epoch [8/50] train_loss: 92.5111, val_loss: 134.7417, lr: 0.000700, 49.58s
2024-09-02 15:33:31,007 - INFO - epoch complete!
2024-09-02 15:33:31,007 - INFO - evaluating now!
2024-09-02 15:33:50,332 - INFO - Epoch [9/50] train_loss: 92.4535, val_loss: 133.2331, lr: 0.000490, 49.58s
2024-09-02 15:34:20,577 - INFO - epoch complete!
2024-09-02 15:34:20,577 - INFO - evaluating now!
2024-09-02 15:34:39,916 - INFO - Epoch [10/50] train_loss: 90.7620, val_loss: 127.8721, lr: 0.000490, 49.58s
2024-09-02 15:34:39,929 - INFO - Saved model at 10
2024-09-02 15:34:39,929 - INFO - Val loss decrease from 128.6368 to 127.8721, saving to ./libcity/cache/111111/model_cache/STGCN_humidity_epoch10.tar
2024-09-02 15:35:10,170 - INFO - epoch complete!
2024-09-02 15:35:10,170 - INFO - evaluating now!
2024-09-02 15:35:29,506 - INFO - Epoch [11/50] train_loss: 91.2039, val_loss: 124.9063, lr: 0.000490, 49.58s
2024-09-02 15:35:29,520 - INFO - Saved model at 11
2024-09-02 15:35:29,520 - INFO - Val loss decrease from 127.8721 to 124.9063, saving to ./libcity/cache/111111/model_cache/STGCN_humidity_epoch11.tar
2024-09-02 15:35:59,778 - INFO - epoch complete!
2024-09-02 15:35:59,778 - INFO - evaluating now!
2024-09-02 15:36:19,101 - INFO - Epoch [12/50] train_loss: 90.6804, val_loss: 129.3969, lr: 0.000490, 49.58s
2024-09-02 15:36:49,342 - INFO - epoch complete!
2024-09-02 15:36:49,342 - INFO - evaluating now!
2024-09-02 15:37:08,666 - INFO - Epoch [13/50] train_loss: 90.5473, val_loss: 126.3069, lr: 0.000490, 49.56s
2024-09-02 15:37:38,909 - INFO - epoch complete!
2024-09-02 15:37:38,909 - INFO - evaluating now!
2024-09-02 15:37:58,246 - INFO - Epoch [14/50] train_loss: 90.7528, val_loss: 123.7613, lr: 0.000343, 49.58s
2024-09-02 15:37:58,259 - INFO - Saved model at 14
2024-09-02 15:37:58,259 - INFO - Val loss decrease from 124.9063 to 123.7613, saving to ./libcity/cache/111111/model_cache/STGCN_humidity_epoch14.tar
2024-09-02 15:38:28,495 - INFO - epoch complete!
2024-09-02 15:38:28,496 - INFO - evaluating now!
2024-09-02 15:38:47,832 - INFO - Epoch [15/50] train_loss: 89.3784, val_loss: 127.9768, lr: 0.000343, 49.57s
2024-09-02 15:39:18,077 - INFO - epoch complete!
2024-09-02 15:39:18,077 - INFO - evaluating now!
2024-09-02 15:39:37,407 - INFO - Epoch [16/50] train_loss: 89.3879, val_loss: 129.0522, lr: 0.000343, 49.58s
2024-09-02 15:40:07,637 - INFO - epoch complete!
2024-09-02 15:40:07,638 - INFO - evaluating now!
2024-09-02 15:40:26,982 - INFO - Epoch [17/50] train_loss: 89.4843, val_loss: 129.9124, lr: 0.000343, 49.57s
2024-09-02 15:40:57,215 - INFO - epoch complete!
2024-09-02 15:40:57,215 - INFO - evaluating now!
2024-09-02 15:41:16,542 - INFO - Epoch [18/50] train_loss: 89.0680, val_loss: 125.4725, lr: 0.000343, 49.56s
2024-09-02 15:41:46,790 - INFO - epoch complete!
2024-09-02 15:41:46,790 - INFO - evaluating now!
2024-09-02 15:42:06,121 - INFO - Epoch [19/50] train_loss: 89.2110, val_loss: 124.8355, lr: 0.000240, 49.58s
2024-09-02 15:42:36,379 - INFO - epoch complete!
2024-09-02 15:42:36,379 - INFO - evaluating now!
2024-09-02 15:42:55,713 - INFO - Epoch [20/50] train_loss: 88.3606, val_loss: 126.5563, lr: 0.000240, 49.59s
2024-09-02 15:43:25,951 - INFO - epoch complete!
2024-09-02 15:43:25,952 - INFO - evaluating now!
2024-09-02 15:43:45,279 - INFO - Epoch [21/50] train_loss: 88.3939, val_loss: 128.2315, lr: 0.000240, 49.57s
2024-09-02 15:44:15,519 - INFO - epoch complete!
2024-09-02 15:44:15,519 - INFO - evaluating now!
2024-09-02 15:44:34,854 - INFO - Epoch [22/50] train_loss: 88.3101, val_loss: 127.5956, lr: 0.000240, 49.57s
2024-09-02 15:45:05,103 - INFO - epoch complete!
2024-09-02 15:45:05,103 - INFO - evaluating now!
2024-09-02 15:45:24,447 - INFO - Epoch [23/50] train_loss: 88.3425, val_loss: 133.3448, lr: 0.000240, 49.59s
2024-09-02 15:45:54,706 - INFO - epoch complete!
2024-09-02 15:45:54,707 - INFO - evaluating now!
2024-09-02 15:46:14,034 - INFO - Epoch [24/50] train_loss: 88.0434, val_loss: 124.8494, lr: 0.000168, 49.59s
2024-09-02 15:46:44,282 - INFO - epoch complete!
2024-09-02 15:46:44,282 - INFO - evaluating now!
2024-09-02 15:47:03,614 - INFO - Epoch [25/50] train_loss: 87.7425, val_loss: 127.6326, lr: 0.000168, 49.58s
2024-09-02 15:47:33,867 - INFO - epoch complete!
2024-09-02 15:47:33,867 - INFO - evaluating now!
2024-09-02 15:47:53,200 - INFO - Epoch [26/50] train_loss: 87.6686, val_loss: 128.5303, lr: 0.000168, 49.59s
2024-09-02 15:48:23,454 - INFO - epoch complete!
2024-09-02 15:48:23,455 - INFO - evaluating now!
2024-09-02 15:48:42,798 - INFO - Epoch [27/50] train_loss: 87.6852, val_loss: 128.2663, lr: 0.000168, 49.60s
2024-09-02 15:49:13,048 - INFO - epoch complete!
2024-09-02 15:49:13,048 - INFO - evaluating now!
2024-09-02 15:49:32,383 - INFO - Epoch [28/50] train_loss: 87.5465, val_loss: 126.8434, lr: 0.000168, 49.58s
2024-09-02 15:50:02,631 - INFO - epoch complete!
2024-09-02 15:50:02,631 - INFO - evaluating now!
2024-09-02 15:50:21,967 - INFO - Epoch [29/50] train_loss: 87.5161, val_loss: 125.5647, lr: 0.000118, 49.58s
2024-09-02 15:50:52,200 - INFO - epoch complete!
2024-09-02 15:50:52,200 - INFO - evaluating now!
2024-09-02 15:51:11,535 - INFO - Epoch [30/50] train_loss: 87.2451, val_loss: 125.5637, lr: 0.000118, 49.57s
2024-09-02 15:51:41,783 - INFO - epoch complete!
2024-09-02 15:51:41,784 - INFO - evaluating now!
2024-09-02 15:52:01,123 - INFO - Epoch [31/50] train_loss: 87.1982, val_loss: 127.6559, lr: 0.000118, 49.59s
2024-09-02 15:52:31,374 - INFO - epoch complete!
2024-09-02 15:52:31,374 - INFO - evaluating now!
2024-09-02 15:52:50,709 - INFO - Epoch [32/50] train_loss: 87.1316, val_loss: 128.4202, lr: 0.000118, 49.59s
2024-09-02 15:53:20,950 - INFO - epoch complete!
2024-09-02 15:53:20,950 - INFO - evaluating now!
2024-09-02 15:53:40,284 - INFO - Epoch [33/50] train_loss: 87.0971, val_loss: 126.0119, lr: 0.000118, 49.58s
2024-09-02 15:54:10,529 - INFO - epoch complete!
2024-09-02 15:54:10,530 - INFO - evaluating now!
2024-09-02 15:54:29,872 - INFO - Epoch [34/50] train_loss: 87.0341, val_loss: 128.1535, lr: 0.000082, 49.59s
2024-09-02 15:55:00,103 - INFO - epoch complete!
2024-09-02 15:55:00,104 - INFO - evaluating now!
2024-09-02 15:55:19,439 - INFO - Epoch [35/50] train_loss: 86.8876, val_loss: 126.8644, lr: 0.000082, 49.57s
2024-09-02 15:55:49,690 - INFO - epoch complete!
2024-09-02 15:55:49,690 - INFO - evaluating now!
2024-09-02 15:56:09,019 - INFO - Epoch [36/50] train_loss: 86.8381, val_loss: 127.2313, lr: 0.000082, 49.58s
2024-09-02 15:56:39,270 - INFO - epoch complete!
2024-09-02 15:56:39,270 - INFO - evaluating now!
2024-09-02 15:56:58,602 - INFO - Epoch [37/50] train_loss: 86.8224, val_loss: 128.3848, lr: 0.000082, 49.58s
2024-09-02 15:57:28,852 - INFO - epoch complete!
2024-09-02 15:57:28,853 - INFO - evaluating now!
2024-09-02 15:57:48,185 - INFO - Epoch [38/50] train_loss: 86.8020, val_loss: 126.4437, lr: 0.000082, 49.58s
2024-09-02 15:58:18,440 - INFO - epoch complete!
2024-09-02 15:58:18,440 - INFO - evaluating now!
2024-09-02 15:58:37,780 - INFO - Epoch [39/50] train_loss: 86.7179, val_loss: 126.2846, lr: 0.000058, 49.59s
2024-09-02 15:59:08,035 - INFO - epoch complete!
2024-09-02 15:59:08,035 - INFO - evaluating now!
2024-09-02 15:59:27,366 - INFO - Epoch [40/50] train_loss: 86.6395, val_loss: 127.5946, lr: 0.000058, 49.59s
2024-09-02 15:59:57,605 - INFO - epoch complete!
2024-09-02 15:59:57,605 - INFO - evaluating now!
2024-09-02 16:00:16,944 - INFO - Epoch [41/50] train_loss: 86.6025, val_loss: 127.0237, lr: 0.000058, 49.58s
2024-09-02 16:00:47,186 - INFO - epoch complete!
2024-09-02 16:00:47,186 - INFO - evaluating now!
2024-09-02 16:01:06,526 - INFO - Epoch [42/50] train_loss: 86.5867, val_loss: 127.1289, lr: 0.000058, 49.58s
2024-09-02 16:01:36,771 - INFO - epoch complete!
2024-09-02 16:01:36,772 - INFO - evaluating now!
2024-09-02 16:01:56,105 - INFO - Epoch [43/50] train_loss: 86.5411, val_loss: 126.9992, lr: 0.000058, 49.58s
2024-09-02 16:02:26,350 - INFO - epoch complete!
2024-09-02 16:02:26,350 - INFO - evaluating now!
2024-09-02 16:02:45,676 - INFO - Epoch [44/50] train_loss: 86.5471, val_loss: 125.7491, lr: 0.000040, 49.57s
2024-09-02 16:03:15,923 - INFO - epoch complete!
2024-09-02 16:03:15,923 - INFO - evaluating now!
2024-09-02 16:03:35,259 - INFO - Epoch [45/50] train_loss: 86.4601, val_loss: 128.1107, lr: 0.000040, 49.58s
2024-09-02 16:04:05,506 - INFO - epoch complete!
2024-09-02 16:04:05,506 - INFO - evaluating now!
2024-09-02 16:04:24,834 - INFO - Epoch [46/50] train_loss: 86.4333, val_loss: 127.9513, lr: 0.000040, 49.57s
2024-09-02 16:04:55,088 - INFO - epoch complete!
2024-09-02 16:04:55,088 - INFO - evaluating now!
2024-09-02 16:05:14,414 - INFO - Epoch [47/50] train_loss: 86.4144, val_loss: 126.4238, lr: 0.000040, 49.58s
2024-09-02 16:05:44,667 - INFO - epoch complete!
2024-09-02 16:05:44,667 - INFO - evaluating now!
2024-09-02 16:06:03,995 - INFO - Epoch [48/50] train_loss: 86.3933, val_loss: 127.2056, lr: 0.000040, 49.58s
2024-09-02 16:06:34,247 - INFO - epoch complete!
2024-09-02 16:06:34,247 - INFO - evaluating now!
2024-09-02 16:06:53,582 - INFO - Epoch [49/50] train_loss: 86.3686, val_loss: 127.5055, lr: 0.000028, 49.59s
2024-09-02 16:06:53,583 - INFO - Trained totally 50 epochs, average train time is 30.235s, average eval time is 19.321s
2024-09-02 16:06:53,591 - INFO - Loaded model at 14
2024-09-02 16:06:53,591 - INFO - Saved model at ./libcity/cache/111111/model_cache/STGCN_humidity.m
2024-09-02 16:06:53,604 - INFO - Start evaluating ...
2024-09-02 16:07:40,177 - INFO - Note that you select the single mode to evaluate!
2024-09-02 16:07:40,179 - INFO - Evaluate result is saved at ./libcity/cache/111111/evaluate_cache/2024_09_02_16_07_40_STGCN_humidity.csv
2024-09-02 16:07:40,183 - INFO - 
         MAE      MAPE       RMSE
1   7.251056  0.115759  10.112294
2   7.644774  0.122465  10.574850
3   7.866624  0.125887  10.830661
4   8.009083  0.127833  10.987348
5   8.108523  0.129086  11.091589
6   8.183582  0.129985  11.167861
7   8.242407  0.130657  11.226718
8   8.290620  0.131187  11.274658
9   8.330999  0.131613  11.314621
10  8.365829  0.131953  11.348524
11  8.394690  0.132209  11.375984
12  8.420835  0.132425  11.400201
