2024-09-01 16:52:11,367 - INFO - Log directory: ./libcity/log
2024-09-01 16:52:11,367 - INFO - Begin pipeline, task=MTS_pred, model_name=GWNET, dataset_name=METR_LA, exp_id=1145
2024-09-01 16:52:11,367 - INFO - {'task': 'MTS_pred', 'model': 'GWNET', 'dataset': 'METR_LA', 'saved_model': True, 'seed': 0, 'max_epoch': 50, 'dataset_class': 'StatePointDataset', 'executor': 'StateExecutor', 'evaluator': 'StateEvaluator', 'dropout': 0.3, 'blocks': 4, 'layers': 2, 'apt_layer': True, 'gcn_bool': True, 'addaptadj': True, 'adjtype': 'doubletransition', 'bidir_adj_mx': False, 'randomadj': True, 'aptonly': True, 'kernel_size': 2, 'nhid': 32, 'residual_channels': 32, 'dilation_channels': 32, 'skip_channels': 256, 'end_channels': 512, 'scaler': 'standard', 'load_external': False, 'normal_external': False, 'ext_scaler': 'none', 'add_time_in_day': False, 'add_day_in_week': False, 'learner': 'adam', 'learning_rate': 0.001, 'lr_decay': False, 'clip_grad_norm': True, 'max_grad_norm': 5, 'use_early_stop': False, 'batch_size': 64, 'cache_dataset': True, 'num_workers': 0, 'pad_with_last_sample': True, 'train_rate': 0.7, 'eval_rate': 0.1, 'input_window': 12, 'output_window': 12, 'robustness_test': False, 'noise_type': 'gaussian', 'disturb_rate': 0.5, 'noise_mean': [5], 'noise_SD': [10], 'gpu': True, 'gpu_id': 0, 'train_loss': 'none', 'epoch': 0, 'weight_decay': 0, 'lr_epsilon': 1e-08, 'lr_beta1': 0.9, 'lr_beta2': 0.999, 'lr_alpha': 0.99, 'lr_momentum': 0, 'lr_scheduler': 'multisteplr', 'lr_decay_ratio': 0.1, 'steps': [5, 20, 40, 70], 'step_size': 10, 'lr_T_max': 30, 'lr_eta_min': 0, 'lr_patience': 10, 'lr_threshold': 0.0001, 'patience': 50, 'log_level': 'INFO', 'log_every': 1, 'load_best_epoch': True, 'hyper_tune': False, 'metrics': ['MAE', 'MAPE', 'RMSE'], 'evaluator_mode': 'single', 'save_mode': ['csv'], 'geo': {'including_types': ['Point'], 'Point': {}}, 'rel': {'including_types': ['geo'], 'geo': {'cost': 'num'}}, 'dyna': {'including_types': ['state'], 'state': {'entity_id': 'geo_id', 'traffic_speed': 'num'}}, 'data_col': ['traffic_speed'], 'weight_col': 'cost', 'data_files': ['METR_LA'], 'geo_file': 'METR_LA', 'rel_file': 'METR_LA', 'output_dim': 1, 'time_intervals': 300, 'init_weight_inf_or_zero': 'inf', 'set_weight_link_or_dist': 'dist', 'calculate_weight_adj': True, 'weight_adj_epsilon': 0.1, 'device': device(type='cuda', index=0), 'exp_id': 1145}
2024-09-01 16:52:11,860 - INFO - Loaded file METR_LA_feature.csv, shape=(34272, 207, 1)
2024-09-01 16:52:12,889 - INFO - Dataset created
2024-09-01 16:52:12,889 - INFO - x shape: (34249, 12, 207, 1), y shape: (34249, 12, 207, 1)
2024-09-01 16:52:12,892 - INFO - train	x: (23974, 12, 207, 1), y: (23974, 12, 207, 1)
2024-09-01 16:52:12,893 - INFO - eval	x: (3425, 12, 207, 1), y: (3425, 12, 207, 1)
2024-09-01 16:52:12,893 - INFO - test	x: (6850, 12, 207, 1), y: (6850, 12, 207, 1)
2024-09-01 16:52:26,209 - INFO - Saved at ./libcity/cache/dataset_cache/point_based_METR_LA_12_12_0.7_0.1_standard_64_False_False_False_True.npz
2024-09-01 16:52:26,401 - INFO - StandardScaler mean: 54.40592829587626, std: 19.493739270573098
2024-09-01 16:52:26,401 - INFO - NoneScaler
2024-09-01 16:52:27,330 - INFO - receptive_field: 13
2024-09-01 16:52:27,364 - INFO - GWNET(
  (filter_convs): ModuleList(
    (0): Conv2d(32, 32, kernel_size=(1, 2), stride=(1, 1))
    (1): Conv2d(32, 32, kernel_size=(1, 2), stride=(1, 1), dilation=(2, 2))
    (2): Conv2d(32, 32, kernel_size=(1, 2), stride=(1, 1))
    (3): Conv2d(32, 32, kernel_size=(1, 2), stride=(1, 1), dilation=(2, 2))
    (4): Conv2d(32, 32, kernel_size=(1, 2), stride=(1, 1))
    (5): Conv2d(32, 32, kernel_size=(1, 2), stride=(1, 1), dilation=(2, 2))
    (6): Conv2d(32, 32, kernel_size=(1, 2), stride=(1, 1))
    (7): Conv2d(32, 32, kernel_size=(1, 2), stride=(1, 1), dilation=(2, 2))
  )
  (gate_convs): ModuleList(
    (0): Conv2d(32, 32, kernel_size=(1, 2), stride=(1, 1))
    (1): Conv2d(32, 32, kernel_size=(1, 2), stride=(1, 1), dilation=(2, 2))
    (2): Conv2d(32, 32, kernel_size=(1, 2), stride=(1, 1))
    (3): Conv2d(32, 32, kernel_size=(1, 2), stride=(1, 1), dilation=(2, 2))
    (4): Conv2d(32, 32, kernel_size=(1, 2), stride=(1, 1))
    (5): Conv2d(32, 32, kernel_size=(1, 2), stride=(1, 1), dilation=(2, 2))
    (6): Conv2d(32, 32, kernel_size=(1, 2), stride=(1, 1))
    (7): Conv2d(32, 32, kernel_size=(1, 2), stride=(1, 1), dilation=(2, 2))
  )
  (residual_convs): ModuleList(
    (0-7): 8 x Conv2d(32, 32, kernel_size=(1, 1), stride=(1, 1))
  )
  (skip_convs): ModuleList(
    (0-7): 8 x Conv2d(32, 256, kernel_size=(1, 1), stride=(1, 1))
  )
  (bn): ModuleList(
    (0-7): 8 x BatchNorm2d(32, eps=1e-05, momentum=0.1, affine=True, track_running_stats=True)
  )
  (gconv): ModuleList(
    (0-7): 8 x GCN(
      (nconv): NConv()
      (mlp): Linear(
        (mlp): Conv2d(96, 32, kernel_size=(1, 1), stride=(1, 1))
      )
    )
  )
  (start_conv): Conv2d(1, 32, kernel_size=(1, 1), stride=(1, 1))
  (end_conv_1): Conv2d(256, 512, kernel_size=(1, 1), stride=(1, 1))
  (end_conv_2): Conv2d(512, 12, kernel_size=(1, 1), stride=(1, 1))
)
2024-09-01 16:52:27,365 - INFO - nodevec1	torch.Size([207, 10])	cuda:0	True
2024-09-01 16:52:27,365 - INFO - nodevec2	torch.Size([10, 207])	cuda:0	True
2024-09-01 16:52:27,365 - INFO - filter_convs.0.weight	torch.Size([32, 32, 1, 2])	cuda:0	True
2024-09-01 16:52:27,365 - INFO - filter_convs.0.bias	torch.Size([32])	cuda:0	True
2024-09-01 16:52:27,365 - INFO - filter_convs.1.weight	torch.Size([32, 32, 1, 2])	cuda:0	True
2024-09-01 16:52:27,365 - INFO - filter_convs.1.bias	torch.Size([32])	cuda:0	True
2024-09-01 16:52:27,365 - INFO - filter_convs.2.weight	torch.Size([32, 32, 1, 2])	cuda:0	True
2024-09-01 16:52:27,365 - INFO - filter_convs.2.bias	torch.Size([32])	cuda:0	True
2024-09-01 16:52:27,365 - INFO - filter_convs.3.weight	torch.Size([32, 32, 1, 2])	cuda:0	True
2024-09-01 16:52:27,365 - INFO - filter_convs.3.bias	torch.Size([32])	cuda:0	True
2024-09-01 16:52:27,365 - INFO - filter_convs.4.weight	torch.Size([32, 32, 1, 2])	cuda:0	True
2024-09-01 16:52:27,365 - INFO - filter_convs.4.bias	torch.Size([32])	cuda:0	True
2024-09-01 16:52:27,365 - INFO - filter_convs.5.weight	torch.Size([32, 32, 1, 2])	cuda:0	True
2024-09-01 16:52:27,365 - INFO - filter_convs.5.bias	torch.Size([32])	cuda:0	True
2024-09-01 16:52:27,365 - INFO - filter_convs.6.weight	torch.Size([32, 32, 1, 2])	cuda:0	True
2024-09-01 16:52:27,365 - INFO - filter_convs.6.bias	torch.Size([32])	cuda:0	True
2024-09-01 16:52:27,365 - INFO - filter_convs.7.weight	torch.Size([32, 32, 1, 2])	cuda:0	True
2024-09-01 16:52:27,365 - INFO - filter_convs.7.bias	torch.Size([32])	cuda:0	True
2024-09-01 16:52:27,365 - INFO - gate_convs.0.weight	torch.Size([32, 32, 1, 2])	cuda:0	True
2024-09-01 16:52:27,365 - INFO - gate_convs.0.bias	torch.Size([32])	cuda:0	True
2024-09-01 16:52:27,365 - INFO - gate_convs.1.weight	torch.Size([32, 32, 1, 2])	cuda:0	True
2024-09-01 16:52:27,365 - INFO - gate_convs.1.bias	torch.Size([32])	cuda:0	True
2024-09-01 16:52:27,365 - INFO - gate_convs.2.weight	torch.Size([32, 32, 1, 2])	cuda:0	True
2024-09-01 16:52:27,366 - INFO - gate_convs.2.bias	torch.Size([32])	cuda:0	True
2024-09-01 16:52:27,366 - INFO - gate_convs.3.weight	torch.Size([32, 32, 1, 2])	cuda:0	True
2024-09-01 16:52:27,366 - INFO - gate_convs.3.bias	torch.Size([32])	cuda:0	True
2024-09-01 16:52:27,366 - INFO - gate_convs.4.weight	torch.Size([32, 32, 1, 2])	cuda:0	True
2024-09-01 16:52:27,366 - INFO - gate_convs.4.bias	torch.Size([32])	cuda:0	True
2024-09-01 16:52:27,366 - INFO - gate_convs.5.weight	torch.Size([32, 32, 1, 2])	cuda:0	True
2024-09-01 16:52:27,366 - INFO - gate_convs.5.bias	torch.Size([32])	cuda:0	True
2024-09-01 16:52:27,366 - INFO - gate_convs.6.weight	torch.Size([32, 32, 1, 2])	cuda:0	True
2024-09-01 16:52:27,366 - INFO - gate_convs.6.bias	torch.Size([32])	cuda:0	True
2024-09-01 16:52:27,366 - INFO - gate_convs.7.weight	torch.Size([32, 32, 1, 2])	cuda:0	True
2024-09-01 16:52:27,366 - INFO - gate_convs.7.bias	torch.Size([32])	cuda:0	True
2024-09-01 16:52:27,366 - INFO - residual_convs.0.weight	torch.Size([32, 32, 1, 1])	cuda:0	True
2024-09-01 16:52:27,366 - INFO - residual_convs.0.bias	torch.Size([32])	cuda:0	True
2024-09-01 16:52:27,366 - INFO - residual_convs.1.weight	torch.Size([32, 32, 1, 1])	cuda:0	True
2024-09-01 16:52:27,366 - INFO - residual_convs.1.bias	torch.Size([32])	cuda:0	True
2024-09-01 16:52:27,366 - INFO - residual_convs.2.weight	torch.Size([32, 32, 1, 1])	cuda:0	True
2024-09-01 16:52:27,366 - INFO - residual_convs.2.bias	torch.Size([32])	cuda:0	True
2024-09-01 16:52:27,366 - INFO - residual_convs.3.weight	torch.Size([32, 32, 1, 1])	cuda:0	True
2024-09-01 16:52:27,366 - INFO - residual_convs.3.bias	torch.Size([32])	cuda:0	True
2024-09-01 16:52:27,366 - INFO - residual_convs.4.weight	torch.Size([32, 32, 1, 1])	cuda:0	True
2024-09-01 16:52:27,366 - INFO - residual_convs.4.bias	torch.Size([32])	cuda:0	True
2024-09-01 16:52:27,366 - INFO - residual_convs.5.weight	torch.Size([32, 32, 1, 1])	cuda:0	True
2024-09-01 16:52:27,366 - INFO - residual_convs.5.bias	torch.Size([32])	cuda:0	True
2024-09-01 16:52:27,366 - INFO - residual_convs.6.weight	torch.Size([32, 32, 1, 1])	cuda:0	True
2024-09-01 16:52:27,366 - INFO - residual_convs.6.bias	torch.Size([32])	cuda:0	True
2024-09-01 16:52:27,366 - INFO - residual_convs.7.weight	torch.Size([32, 32, 1, 1])	cuda:0	True
2024-09-01 16:52:27,366 - INFO - residual_convs.7.bias	torch.Size([32])	cuda:0	True
2024-09-01 16:52:27,367 - INFO - skip_convs.0.weight	torch.Size([256, 32, 1, 1])	cuda:0	True
2024-09-01 16:52:27,367 - INFO - skip_convs.0.bias	torch.Size([256])	cuda:0	True
2024-09-01 16:52:27,367 - INFO - skip_convs.1.weight	torch.Size([256, 32, 1, 1])	cuda:0	True
2024-09-01 16:52:27,367 - INFO - skip_convs.1.bias	torch.Size([256])	cuda:0	True
2024-09-01 16:52:27,367 - INFO - skip_convs.2.weight	torch.Size([256, 32, 1, 1])	cuda:0	True
2024-09-01 16:52:27,367 - INFO - skip_convs.2.bias	torch.Size([256])	cuda:0	True
2024-09-01 16:52:27,367 - INFO - skip_convs.3.weight	torch.Size([256, 32, 1, 1])	cuda:0	True
2024-09-01 16:52:27,367 - INFO - skip_convs.3.bias	torch.Size([256])	cuda:0	True
2024-09-01 16:52:27,367 - INFO - skip_convs.4.weight	torch.Size([256, 32, 1, 1])	cuda:0	True
2024-09-01 16:52:27,367 - INFO - skip_convs.4.bias	torch.Size([256])	cuda:0	True
2024-09-01 16:52:27,367 - INFO - skip_convs.5.weight	torch.Size([256, 32, 1, 1])	cuda:0	True
2024-09-01 16:52:27,367 - INFO - skip_convs.5.bias	torch.Size([256])	cuda:0	True
2024-09-01 16:52:27,367 - INFO - skip_convs.6.weight	torch.Size([256, 32, 1, 1])	cuda:0	True
2024-09-01 16:52:27,367 - INFO - skip_convs.6.bias	torch.Size([256])	cuda:0	True
2024-09-01 16:52:27,367 - INFO - skip_convs.7.weight	torch.Size([256, 32, 1, 1])	cuda:0	True
2024-09-01 16:52:27,367 - INFO - skip_convs.7.bias	torch.Size([256])	cuda:0	True
2024-09-01 16:52:27,367 - INFO - bn.0.weight	torch.Size([32])	cuda:0	True
2024-09-01 16:52:27,367 - INFO - bn.0.bias	torch.Size([32])	cuda:0	True
2024-09-01 16:52:27,367 - INFO - bn.1.weight	torch.Size([32])	cuda:0	True
2024-09-01 16:52:27,367 - INFO - bn.1.bias	torch.Size([32])	cuda:0	True
2024-09-01 16:52:27,367 - INFO - bn.2.weight	torch.Size([32])	cuda:0	True
2024-09-01 16:52:27,367 - INFO - bn.2.bias	torch.Size([32])	cuda:0	True
2024-09-01 16:52:27,367 - INFO - bn.3.weight	torch.Size([32])	cuda:0	True
2024-09-01 16:52:27,367 - INFO - bn.3.bias	torch.Size([32])	cuda:0	True
2024-09-01 16:52:27,367 - INFO - bn.4.weight	torch.Size([32])	cuda:0	True
2024-09-01 16:52:27,367 - INFO - bn.4.bias	torch.Size([32])	cuda:0	True
2024-09-01 16:52:27,367 - INFO - bn.5.weight	torch.Size([32])	cuda:0	True
2024-09-01 16:52:27,367 - INFO - bn.5.bias	torch.Size([32])	cuda:0	True
2024-09-01 16:52:27,368 - INFO - bn.6.weight	torch.Size([32])	cuda:0	True
2024-09-01 16:52:27,368 - INFO - bn.6.bias	torch.Size([32])	cuda:0	True
2024-09-01 16:52:27,368 - INFO - bn.7.weight	torch.Size([32])	cuda:0	True
2024-09-01 16:52:27,368 - INFO - bn.7.bias	torch.Size([32])	cuda:0	True
2024-09-01 16:52:27,368 - INFO - gconv.0.mlp.mlp.weight	torch.Size([32, 96, 1, 1])	cuda:0	True
2024-09-01 16:52:27,368 - INFO - gconv.0.mlp.mlp.bias	torch.Size([32])	cuda:0	True
2024-09-01 16:52:27,368 - INFO - gconv.1.mlp.mlp.weight	torch.Size([32, 96, 1, 1])	cuda:0	True
2024-09-01 16:52:27,368 - INFO - gconv.1.mlp.mlp.bias	torch.Size([32])	cuda:0	True
2024-09-01 16:52:27,368 - INFO - gconv.2.mlp.mlp.weight	torch.Size([32, 96, 1, 1])	cuda:0	True
2024-09-01 16:52:27,368 - INFO - gconv.2.mlp.mlp.bias	torch.Size([32])	cuda:0	True
2024-09-01 16:52:27,368 - INFO - gconv.3.mlp.mlp.weight	torch.Size([32, 96, 1, 1])	cuda:0	True
2024-09-01 16:52:27,368 - INFO - gconv.3.mlp.mlp.bias	torch.Size([32])	cuda:0	True
2024-09-01 16:52:27,368 - INFO - gconv.4.mlp.mlp.weight	torch.Size([32, 96, 1, 1])	cuda:0	True
2024-09-01 16:52:27,368 - INFO - gconv.4.mlp.mlp.bias	torch.Size([32])	cuda:0	True
2024-09-01 16:52:27,368 - INFO - gconv.5.mlp.mlp.weight	torch.Size([32, 96, 1, 1])	cuda:0	True
2024-09-01 16:52:27,368 - INFO - gconv.5.mlp.mlp.bias	torch.Size([32])	cuda:0	True
2024-09-01 16:52:27,368 - INFO - gconv.6.mlp.mlp.weight	torch.Size([32, 96, 1, 1])	cuda:0	True
2024-09-01 16:52:27,368 - INFO - gconv.6.mlp.mlp.bias	torch.Size([32])	cuda:0	True
2024-09-01 16:52:27,368 - INFO - gconv.7.mlp.mlp.weight	torch.Size([32, 96, 1, 1])	cuda:0	True
2024-09-01 16:52:27,368 - INFO - gconv.7.mlp.mlp.bias	torch.Size([32])	cuda:0	True
2024-09-01 16:52:27,368 - INFO - start_conv.weight	torch.Size([32, 1, 1, 1])	cuda:0	True
2024-09-01 16:52:27,368 - INFO - start_conv.bias	torch.Size([32])	cuda:0	True
2024-09-01 16:52:27,368 - INFO - end_conv_1.weight	torch.Size([512, 256, 1, 1])	cuda:0	True
2024-09-01 16:52:27,368 - INFO - end_conv_1.bias	torch.Size([512])	cuda:0	True
2024-09-01 16:52:27,368 - INFO - end_conv_2.weight	torch.Size([12, 512, 1, 1])	cuda:0	True
2024-09-01 16:52:27,368 - INFO - end_conv_2.bias	torch.Size([12])	cuda:0	True
2024-09-01 16:52:27,369 - INFO - Total parameter numbers: 276600
2024-09-01 16:52:27,369 - INFO - You select `adam` optimizer.
2024-09-01 16:52:27,780 - WARNING - Received none train loss func and will use the loss func defined in the model.
2024-09-01 16:52:27,780 - INFO - Start training ...
2024-09-01 16:52:27,780 - INFO - num_batches:375
2024-09-01 16:54:06,307 - INFO - epoch complete!
2024-09-01 16:54:06,307 - INFO - evaluating now!
2024-09-01 16:54:12,281 - INFO - Epoch [0/50] train_loss: 4.0150, val_loss: 3.5978, lr: 0.001000, 104.50s
2024-09-01 16:54:12,302 - INFO - Saved model at 0
2024-09-01 16:54:12,302 - INFO - Val loss decrease from inf to 3.5978, saving to ./libcity/cache/1145/model_cache/GWNET_METR_LA_epoch0.tar
2024-09-01 16:55:50,274 - INFO - epoch complete!
2024-09-01 16:55:50,274 - INFO - evaluating now!
2024-09-01 16:55:56,249 - INFO - Epoch [1/50] train_loss: 3.6274, val_loss: 3.3311, lr: 0.001000, 103.95s
2024-09-01 16:55:56,269 - INFO - Saved model at 1
2024-09-01 16:55:56,269 - INFO - Val loss decrease from 3.5978 to 3.3311, saving to ./libcity/cache/1145/model_cache/GWNET_METR_LA_epoch1.tar
2024-09-01 16:57:35,222 - INFO - epoch complete!
2024-09-01 16:57:35,222 - INFO - evaluating now!
2024-09-01 16:57:41,324 - INFO - Epoch [2/50] train_loss: 3.5005, val_loss: 3.2365, lr: 0.001000, 105.06s
2024-09-01 16:57:41,345 - INFO - Saved model at 2
2024-09-01 16:57:41,345 - INFO - Val loss decrease from 3.3311 to 3.2365, saving to ./libcity/cache/1145/model_cache/GWNET_METR_LA_epoch2.tar
2024-09-01 16:59:20,316 - INFO - epoch complete!
2024-09-01 16:59:20,316 - INFO - evaluating now!
2024-09-01 16:59:26,303 - INFO - Epoch [3/50] train_loss: 3.4424, val_loss: 3.1983, lr: 0.001000, 104.96s
2024-09-01 16:59:26,323 - INFO - Saved model at 3
2024-09-01 16:59:26,324 - INFO - Val loss decrease from 3.2365 to 3.1983, saving to ./libcity/cache/1145/model_cache/GWNET_METR_LA_epoch3.tar
2024-09-01 17:01:04,593 - INFO - epoch complete!
2024-09-01 17:01:04,593 - INFO - evaluating now!
2024-09-01 17:01:10,552 - INFO - Epoch [4/50] train_loss: 3.3951, val_loss: 3.1998, lr: 0.001000, 104.23s
2024-09-01 17:02:48,118 - INFO - epoch complete!
2024-09-01 17:02:48,118 - INFO - evaluating now!
2024-09-01 17:02:54,061 - INFO - Epoch [5/50] train_loss: 3.3574, val_loss: 3.1581, lr: 0.001000, 103.51s
2024-09-01 17:02:54,081 - INFO - Saved model at 5
2024-09-01 17:02:54,082 - INFO - Val loss decrease from 3.1983 to 3.1581, saving to ./libcity/cache/1145/model_cache/GWNET_METR_LA_epoch5.tar
2024-09-01 17:04:31,571 - INFO - epoch complete!
2024-09-01 17:04:31,571 - INFO - evaluating now!
2024-09-01 17:04:37,541 - INFO - Epoch [6/50] train_loss: 3.3270, val_loss: 3.1415, lr: 0.001000, 103.46s
2024-09-01 17:04:37,561 - INFO - Saved model at 6
2024-09-01 17:04:37,561 - INFO - Val loss decrease from 3.1581 to 3.1415, saving to ./libcity/cache/1145/model_cache/GWNET_METR_LA_epoch6.tar
2024-09-01 17:06:15,039 - INFO - epoch complete!
2024-09-01 17:06:15,039 - INFO - evaluating now!
2024-09-01 17:06:21,012 - INFO - Epoch [7/50] train_loss: 3.3020, val_loss: 3.1673, lr: 0.001000, 103.45s
2024-09-01 17:07:58,204 - INFO - epoch complete!
2024-09-01 17:07:58,204 - INFO - evaluating now!
2024-09-01 17:08:04,128 - INFO - Epoch [8/50] train_loss: 3.2729, val_loss: 3.0786, lr: 0.001000, 103.12s
2024-09-01 17:08:04,148 - INFO - Saved model at 8
2024-09-01 17:08:04,148 - INFO - Val loss decrease from 3.1415 to 3.0786, saving to ./libcity/cache/1145/model_cache/GWNET_METR_LA_epoch8.tar
2024-09-01 17:09:41,296 - INFO - epoch complete!
2024-09-01 17:09:41,296 - INFO - evaluating now!
2024-09-01 17:09:47,222 - INFO - Epoch [9/50] train_loss: 3.2483, val_loss: 3.0818, lr: 0.001000, 103.07s
2024-09-01 17:11:24,361 - INFO - epoch complete!
2024-09-01 17:11:24,361 - INFO - evaluating now!
2024-09-01 17:11:30,288 - INFO - Epoch [10/50] train_loss: 3.2301, val_loss: 3.1166, lr: 0.001000, 103.07s
2024-09-01 17:13:07,425 - INFO - epoch complete!
2024-09-01 17:13:07,425 - INFO - evaluating now!
2024-09-01 17:13:13,349 - INFO - Epoch [11/50] train_loss: 3.2020, val_loss: 3.0888, lr: 0.001000, 103.06s
2024-09-01 17:14:50,477 - INFO - epoch complete!
2024-09-01 17:14:50,477 - INFO - evaluating now!
2024-09-01 17:14:56,403 - INFO - Epoch [12/50] train_loss: 3.1856, val_loss: 3.0294, lr: 0.001000, 103.05s
2024-09-01 17:14:56,423 - INFO - Saved model at 12
2024-09-01 17:14:56,423 - INFO - Val loss decrease from 3.0786 to 3.0294, saving to ./libcity/cache/1145/model_cache/GWNET_METR_LA_epoch12.tar
2024-09-01 17:16:33,719 - INFO - epoch complete!
2024-09-01 17:16:33,719 - INFO - evaluating now!
2024-09-01 17:16:39,692 - INFO - Epoch [13/50] train_loss: 3.1669, val_loss: 3.0018, lr: 0.001000, 103.27s
2024-09-01 17:16:39,712 - INFO - Saved model at 13
2024-09-01 17:16:39,712 - INFO - Val loss decrease from 3.0294 to 3.0018, saving to ./libcity/cache/1145/model_cache/GWNET_METR_LA_epoch13.tar
2024-09-01 17:18:17,104 - INFO - epoch complete!
2024-09-01 17:18:17,104 - INFO - evaluating now!
2024-09-01 17:18:23,067 - INFO - Epoch [14/50] train_loss: 3.1525, val_loss: 2.9937, lr: 0.001000, 103.35s
2024-09-01 17:18:23,087 - INFO - Saved model at 14
2024-09-01 17:18:23,087 - INFO - Val loss decrease from 3.0018 to 2.9937, saving to ./libcity/cache/1145/model_cache/GWNET_METR_LA_epoch14.tar
2024-09-01 17:20:00,507 - INFO - epoch complete!
2024-09-01 17:20:00,507 - INFO - evaluating now!
2024-09-01 17:20:06,426 - INFO - Epoch [15/50] train_loss: 3.1355, val_loss: 2.9810, lr: 0.001000, 103.34s
2024-09-01 17:20:06,446 - INFO - Saved model at 15
2024-09-01 17:20:06,446 - INFO - Val loss decrease from 2.9937 to 2.9810, saving to ./libcity/cache/1145/model_cache/GWNET_METR_LA_epoch15.tar
2024-09-01 17:21:43,485 - INFO - epoch complete!
2024-09-01 17:21:43,486 - INFO - evaluating now!
2024-09-01 17:21:49,397 - INFO - Epoch [16/50] train_loss: 3.1247, val_loss: 2.9668, lr: 0.001000, 102.95s
2024-09-01 17:21:49,417 - INFO - Saved model at 16
2024-09-01 17:21:49,417 - INFO - Val loss decrease from 2.9810 to 2.9668, saving to ./libcity/cache/1145/model_cache/GWNET_METR_LA_epoch16.tar
2024-09-01 17:23:26,605 - INFO - epoch complete!
2024-09-01 17:23:26,605 - INFO - evaluating now!
2024-09-01 17:23:32,573 - INFO - Epoch [17/50] train_loss: 3.1138, val_loss: 2.9842, lr: 0.001000, 103.16s
2024-09-01 17:25:10,040 - INFO - epoch complete!
2024-09-01 17:25:10,040 - INFO - evaluating now!
2024-09-01 17:25:16,006 - INFO - Epoch [18/50] train_loss: 3.1000, val_loss: 2.9785, lr: 0.001000, 103.43s
2024-09-01 17:26:53,471 - INFO - epoch complete!
2024-09-01 17:26:53,472 - INFO - evaluating now!
2024-09-01 17:26:59,440 - INFO - Epoch [19/50] train_loss: 3.0893, val_loss: 2.9628, lr: 0.001000, 103.43s
2024-09-01 17:26:59,460 - INFO - Saved model at 19
2024-09-01 17:26:59,460 - INFO - Val loss decrease from 2.9668 to 2.9628, saving to ./libcity/cache/1145/model_cache/GWNET_METR_LA_epoch19.tar
2024-09-01 17:28:36,910 - INFO - epoch complete!
2024-09-01 17:28:36,910 - INFO - evaluating now!
2024-09-01 17:28:42,879 - INFO - Epoch [20/50] train_loss: 3.0833, val_loss: 2.9385, lr: 0.001000, 103.42s
2024-09-01 17:28:42,899 - INFO - Saved model at 20
2024-09-01 17:28:42,900 - INFO - Val loss decrease from 2.9628 to 2.9385, saving to ./libcity/cache/1145/model_cache/GWNET_METR_LA_epoch20.tar
2024-09-01 17:30:20,316 - INFO - epoch complete!
2024-09-01 17:30:20,316 - INFO - evaluating now!
2024-09-01 17:30:26,290 - INFO - Epoch [21/50] train_loss: 3.0690, val_loss: 2.9424, lr: 0.001000, 103.39s
2024-09-01 17:32:03,771 - INFO - epoch complete!
2024-09-01 17:32:03,771 - INFO - evaluating now!
2024-09-01 17:32:09,742 - INFO - Epoch [22/50] train_loss: 3.0548, val_loss: 2.9296, lr: 0.001000, 103.45s
2024-09-01 17:32:09,762 - INFO - Saved model at 22
2024-09-01 17:32:09,762 - INFO - Val loss decrease from 2.9385 to 2.9296, saving to ./libcity/cache/1145/model_cache/GWNET_METR_LA_epoch22.tar
2024-09-01 17:33:47,167 - INFO - epoch complete!
2024-09-01 17:33:47,167 - INFO - evaluating now!
2024-09-01 17:33:53,141 - INFO - Epoch [23/50] train_loss: 3.0496, val_loss: 2.9996, lr: 0.001000, 103.38s
2024-09-01 17:35:30,605 - INFO - epoch complete!
2024-09-01 17:35:30,605 - INFO - evaluating now!
2024-09-01 17:35:36,576 - INFO - Epoch [24/50] train_loss: 3.0431, val_loss: 2.9198, lr: 0.001000, 103.43s
2024-09-01 17:35:36,596 - INFO - Saved model at 24
2024-09-01 17:35:36,596 - INFO - Val loss decrease from 2.9296 to 2.9198, saving to ./libcity/cache/1145/model_cache/GWNET_METR_LA_epoch24.tar
2024-09-01 17:37:14,069 - INFO - epoch complete!
2024-09-01 17:37:14,069 - INFO - evaluating now!
2024-09-01 17:37:20,043 - INFO - Epoch [25/50] train_loss: 3.0308, val_loss: 2.9350, lr: 0.001000, 103.45s
2024-09-01 17:38:57,527 - INFO - epoch complete!
2024-09-01 17:38:57,527 - INFO - evaluating now!
2024-09-01 17:39:03,503 - INFO - Epoch [26/50] train_loss: 3.0262, val_loss: 2.9624, lr: 0.001000, 103.46s
2024-09-01 17:40:40,996 - INFO - epoch complete!
2024-09-01 17:40:40,996 - INFO - evaluating now!
2024-09-01 17:40:46,975 - INFO - Epoch [27/50] train_loss: 3.0195, val_loss: 2.9250, lr: 0.001000, 103.47s
2024-09-01 17:42:24,473 - INFO - epoch complete!
2024-09-01 17:42:24,473 - INFO - evaluating now!
2024-09-01 17:42:30,443 - INFO - Epoch [28/50] train_loss: 3.0157, val_loss: 2.9484, lr: 0.001000, 103.47s
2024-09-01 17:44:07,811 - INFO - epoch complete!
2024-09-01 17:44:07,811 - INFO - evaluating now!
2024-09-01 17:44:13,804 - INFO - Epoch [29/50] train_loss: 3.0075, val_loss: 2.9062, lr: 0.001000, 103.36s
2024-09-01 17:44:13,825 - INFO - Saved model at 29
2024-09-01 17:44:13,825 - INFO - Val loss decrease from 2.9198 to 2.9062, saving to ./libcity/cache/1145/model_cache/GWNET_METR_LA_epoch29.tar
2024-09-01 17:45:51,210 - INFO - epoch complete!
2024-09-01 17:45:51,210 - INFO - evaluating now!
2024-09-01 17:45:57,157 - INFO - Epoch [30/50] train_loss: 3.0025, val_loss: 2.9165, lr: 0.001000, 103.33s
2024-09-01 17:47:34,362 - INFO - epoch complete!
2024-09-01 17:47:34,362 - INFO - evaluating now!
2024-09-01 17:47:40,295 - INFO - Epoch [31/50] train_loss: 2.9950, val_loss: 2.9062, lr: 0.001000, 103.14s
2024-09-01 17:49:17,494 - INFO - epoch complete!
2024-09-01 17:49:17,494 - INFO - evaluating now!
2024-09-01 17:49:23,430 - INFO - Epoch [32/50] train_loss: 2.9895, val_loss: 2.9407, lr: 0.001000, 103.13s
2024-09-01 17:51:00,616 - INFO - epoch complete!
2024-09-01 17:51:00,617 - INFO - evaluating now!
2024-09-01 17:51:06,542 - INFO - Epoch [33/50] train_loss: 2.9840, val_loss: 2.9085, lr: 0.001000, 103.11s
2024-09-01 17:52:43,673 - INFO - epoch complete!
2024-09-01 17:52:43,673 - INFO - evaluating now!
2024-09-01 17:52:49,601 - INFO - Epoch [34/50] train_loss: 2.9839, val_loss: 2.9132, lr: 0.001000, 103.06s
2024-09-01 17:54:26,706 - INFO - epoch complete!
2024-09-01 17:54:26,706 - INFO - evaluating now!
2024-09-01 17:54:32,632 - INFO - Epoch [35/50] train_loss: 2.9734, val_loss: 2.9193, lr: 0.001000, 103.03s
2024-09-01 17:56:09,816 - INFO - epoch complete!
2024-09-01 17:56:09,816 - INFO - evaluating now!
2024-09-01 17:56:15,756 - INFO - Epoch [36/50] train_loss: 2.9722, val_loss: 2.9457, lr: 0.001000, 103.12s
2024-09-01 17:57:53,024 - INFO - epoch complete!
2024-09-01 17:57:53,024 - INFO - evaluating now!
2024-09-01 17:57:58,972 - INFO - Epoch [37/50] train_loss: 2.9616, val_loss: 2.9040, lr: 0.001000, 103.22s
2024-09-01 17:57:58,992 - INFO - Saved model at 37
2024-09-01 17:57:58,992 - INFO - Val loss decrease from 2.9062 to 2.9040, saving to ./libcity/cache/1145/model_cache/GWNET_METR_LA_epoch37.tar
2024-09-01 17:59:36,286 - INFO - epoch complete!
2024-09-01 17:59:36,286 - INFO - evaluating now!
2024-09-01 17:59:42,237 - INFO - Epoch [38/50] train_loss: 2.9604, val_loss: 2.9007, lr: 0.001000, 103.24s
2024-09-01 17:59:42,257 - INFO - Saved model at 38
2024-09-01 17:59:42,257 - INFO - Val loss decrease from 2.9040 to 2.9007, saving to ./libcity/cache/1145/model_cache/GWNET_METR_LA_epoch38.tar
2024-09-01 18:01:19,686 - INFO - epoch complete!
2024-09-01 18:01:19,687 - INFO - evaluating now!
2024-09-01 18:01:25,667 - INFO - Epoch [39/50] train_loss: 2.9575, val_loss: 2.8935, lr: 0.001000, 103.41s
2024-09-01 18:01:25,687 - INFO - Saved model at 39
2024-09-01 18:01:25,687 - INFO - Val loss decrease from 2.9007 to 2.8935, saving to ./libcity/cache/1145/model_cache/GWNET_METR_LA_epoch39.tar
2024-09-01 18:03:03,153 - INFO - epoch complete!
2024-09-01 18:03:03,153 - INFO - evaluating now!
2024-09-01 18:03:09,125 - INFO - Epoch [40/50] train_loss: 2.9494, val_loss: 2.9004, lr: 0.001000, 103.44s
2024-09-01 18:04:46,499 - INFO - epoch complete!
2024-09-01 18:04:46,499 - INFO - evaluating now!
2024-09-01 18:04:52,471 - INFO - Epoch [41/50] train_loss: 2.9509, val_loss: 2.9060, lr: 0.001000, 103.35s
2024-09-01 18:06:29,799 - INFO - epoch complete!
2024-09-01 18:06:29,799 - INFO - evaluating now!
2024-09-01 18:06:35,752 - INFO - Epoch [42/50] train_loss: 2.9472, val_loss: 2.9059, lr: 0.001000, 103.28s
2024-09-01 18:08:13,219 - INFO - epoch complete!
2024-09-01 18:08:13,219 - INFO - evaluating now!
2024-09-01 18:08:19,191 - INFO - Epoch [43/50] train_loss: 2.9434, val_loss: 2.9189, lr: 0.001000, 103.44s
2024-09-01 18:09:56,648 - INFO - epoch complete!
2024-09-01 18:09:56,648 - INFO - evaluating now!
2024-09-01 18:10:02,618 - INFO - Epoch [44/50] train_loss: 2.9396, val_loss: 2.9563, lr: 0.001000, 103.43s
2024-09-01 18:11:39,955 - INFO - epoch complete!
2024-09-01 18:11:39,956 - INFO - evaluating now!
2024-09-01 18:11:45,879 - INFO - Epoch [45/50] train_loss: 2.9351, val_loss: 2.9006, lr: 0.001000, 103.26s
2024-09-01 18:13:23,003 - INFO - epoch complete!
2024-09-01 18:13:23,003 - INFO - evaluating now!
2024-09-01 18:13:28,931 - INFO - Epoch [46/50] train_loss: 2.9285, val_loss: 2.9138, lr: 0.001000, 103.05s
2024-09-01 18:15:06,063 - INFO - epoch complete!
2024-09-01 18:15:06,063 - INFO - evaluating now!
2024-09-01 18:15:11,987 - INFO - Epoch [47/50] train_loss: 2.9295, val_loss: 2.9095, lr: 0.001000, 103.06s
2024-09-01 18:16:49,185 - INFO - epoch complete!
2024-09-01 18:16:49,186 - INFO - evaluating now!
2024-09-01 18:16:55,127 - INFO - Epoch [48/50] train_loss: 2.9244, val_loss: 2.8775, lr: 0.001000, 103.14s
2024-09-01 18:16:55,148 - INFO - Saved model at 48
2024-09-01 18:16:55,148 - INFO - Val loss decrease from 2.8935 to 2.8775, saving to ./libcity/cache/1145/model_cache/GWNET_METR_LA_epoch48.tar
2024-09-01 18:18:32,549 - INFO - epoch complete!
2024-09-01 18:18:32,549 - INFO - evaluating now!
2024-09-01 18:18:38,525 - INFO - Epoch [49/50] train_loss: 2.9181, val_loss: 2.8986, lr: 0.001000, 103.38s
2024-09-01 18:18:38,525 - INFO - Trained totally 50 epochs, average train time is 97.448s, average eval time is 5.957s
2024-09-01 18:18:38,543 - INFO - Loaded model at 48
2024-09-01 18:18:38,543 - INFO - Saved model at ./libcity/cache/1145/model_cache/GWNET_METR_LA.m
2024-09-01 18:18:38,563 - INFO - Start evaluating ...
2024-09-01 18:18:57,834 - INFO - Note that you select the single mode to evaluate!
2024-09-01 18:18:57,836 - INFO - Evaluate result is saved at ./libcity/cache/1145/evaluate_cache/2024_09_01_18_18_57_GWNET_METR_LA.csv
2024-09-01 18:18:57,840 - INFO - 
         MAE      MAPE      RMSE
1   2.305866  0.056618  4.037845
2   2.453316  0.061838  4.477837
3   2.569406  0.065944  4.811977
4   2.667204  0.069411  5.087333
5   2.749988  0.072493  5.315739
6   2.825586  0.075271  5.516870
7   2.890797  0.077719  5.691961
8   2.949476  0.079880  5.849518
9   3.002828  0.081849  5.989940
10  3.051679  0.083640  6.117409
11  3.097023  0.085336  6.233641
12  3.139690  0.086930  6.342275
