2024-08-19 00:20:33,287 - INFO - Log directory: ./libcity/log
2024-08-19 00:20:33,288 - INFO - Begin pipeline, task=MTS_pred, model_name=STSGCN, dataset_name=METR_LA, exp_id=11664
2024-08-19 00:20:33,288 - INFO - {'task': 'MTS_pred', 'model': 'STSGCN', 'dataset': 'METR_LA', 'saved_model': True, 'seed': 0, 'max_epoch': 1, 'dataset_class': 'StatePointDataset', 'executor': 'StateExecutor', 'evaluator': 'StateEvaluator', 'module_type': 'individual', 'act_type': 'GLU', 'temporal_emb': True, 'spatial_emb': True, 'use_mask': False, 'first_layer_embedding_size': 64, 'filters': [[64, 64, 64], [64, 64, 64], [64, 64, 64], [64, 64, 64]], 'rho': 1, 'bidir_adj_mx': True, 'batch_size': 32, 'distance_inverse': True, 'scaler': 'standard', 'load_external': False, 'normal_external': False, 'ext_scaler': 'none', 'add_time_in_day': True, 'add_day_in_week': False, 'learner': 'adam', 'learning_rate': 0.001, 'lr_decay': False, 'lr_scheduler': 'multisteplr', 'lr_decay_ratio': 0.1, 'steps': [5, 20, 40, 70], 'clip_grad_norm': False, 'use_early_stop': True, 'patience': 50, 'cache_dataset': True, 'num_workers': 0, 'pad_with_last_sample': True, 'train_rate': 0.7, 'eval_rate': 0.1, 'input_window': 12, 'output_window': 12, 'robustness_test': False, 'noise_type': 'gaussian', 'disturb_rate': 0.5, 'noise_mean': [5], 'noise_SD': [10], 'gpu': True, 'gpu_id': 0, 'train_loss': 'none', 'epoch': 0, 'weight_decay': 0, 'lr_epsilon': 1e-08, 'lr_beta1': 0.9, 'lr_beta2': 0.999, 'lr_alpha': 0.99, 'lr_momentum': 0, 'step_size': 10, 'lr_T_max': 30, 'lr_eta_min': 0, 'lr_patience': 10, 'lr_threshold': 0.0001, 'max_grad_norm': 1.0, 'log_level': 'INFO', 'log_every': 1, 'load_best_epoch': True, 'hyper_tune': False, 'metrics': ['MAE', 'MAPE', 'RMSE'], 'evaluator_mode': 'single', 'save_mode': ['csv'], 'geo': {'including_types': ['Point'], 'Point': {}}, 'rel': {'including_types': ['geo'], 'geo': {'cost': 'num'}}, 'dyna': {'including_types': ['state'], 'state': {'entity_id': 'geo_id', 'traffic_speed': 'num'}}, 'data_col': ['traffic_speed'], 'weight_col': 'cost', 'data_files': ['METR_LA'], 'geo_file': 'METR_LA', 'rel_file': 'METR_LA', 'output_dim': 1, 'time_intervals': 300, 'init_weight_inf_or_zero': 'inf', 'set_weight_link_or_dist': 'dist', 'calculate_weight_adj': True, 'weight_adj_epsilon': 0.1, 'device': device(type='cuda', index=0), 'exp_id': 11664}
2024-08-19 00:20:33,293 - INFO - Loaded file METR_LA.geo, num_nodes=207
2024-08-19 00:20:33,300 - INFO - set_weight_link_or_dist: dist
2024-08-19 00:20:33,300 - INFO - init_weight_inf_or_zero: inf
2024-08-19 00:20:33,348 - INFO - Loaded file METR_LA.rel, shape=(207, 207)
2024-08-19 00:20:33,348 - INFO - Start Calculate the weight by _distance_inverse!
2024-08-19 00:20:33,349 - INFO - Loading file METR_LA.dyna
2024-08-19 00:20:37,929 - INFO - Loaded file METR_LA.dyna, shape=(34272, 207, 1)
2024-08-19 00:20:40,091 - INFO - Dataset created
2024-08-19 00:20:40,092 - INFO - x shape: (34249, 12, 207, 1), y shape: (34249, 12, 207, 1)
2024-08-19 00:20:40,095 - INFO - train	x: (23974, 12, 207, 1), y: (23974, 12, 207, 1)
2024-08-19 00:20:40,096 - INFO - eval	x: (3425, 12, 207, 1), y: (3425, 12, 207, 1)
2024-08-19 00:20:40,096 - INFO - test	x: (6850, 12, 207, 1), y: (6850, 12, 207, 1)
2024-08-19 00:20:57,719 - INFO - Saved at ./libcity/cache/dataset_cache/point_based_METR_LA_12_12_0.7_0.1_standard_32_False_True_False_True.npz
2024-08-19 00:20:58,114 - INFO - StandardScaler mean: 54.40592829587626, std: 19.493739270573098
2024-08-19 00:20:58,114 - INFO - NoneScaler
2024-08-19 00:21:02,582 - INFO - STSGCN(
  (first_layer_embedding): Linear(in_features=1, out_features=64, bias=True)
  (stsgcl_layers): ModuleList(
    (0): STSGCL(
      (layer): STSGCNLayerIndividual(
        (position_embedding): PositionEmbedding()
        (gcms): ModuleList(
          (0): Stsgcm(
            (layers): ModuleList(
              (0): GcnOperation(
                (layer): Linear(in_features=64, out_features=128, bias=True)
              )
              (1): GcnOperation(
                (layer): Linear(in_features=64, out_features=128, bias=True)
              )
              (2): GcnOperation(
                (layer): Linear(in_features=64, out_features=128, bias=True)
              )
            )
          )
          (1): Stsgcm(
            (layers): ModuleList(
              (0): GcnOperation(
                (layer): Linear(in_features=64, out_features=128, bias=True)
              )
              (1): GcnOperation(
                (layer): Linear(in_features=64, out_features=128, bias=True)
              )
              (2): GcnOperation(
                (layer): Linear(in_features=64, out_features=128, bias=True)
              )
            )
          )
          (2): Stsgcm(
            (layers): ModuleList(
              (0): GcnOperation(
                (layer): Linear(in_features=64, out_features=128, bias=True)
              )
              (1): GcnOperation(
                (layer): Linear(in_features=64, out_features=128, bias=True)
              )
              (2): GcnOperation(
                (layer): Linear(in_features=64, out_features=128, bias=True)
              )
            )
          )
          (3): Stsgcm(
            (layers): ModuleList(
              (0): GcnOperation(
                (layer): Linear(in_features=64, out_features=128, bias=True)
              )
              (1): GcnOperation(
                (layer): Linear(in_features=64, out_features=128, bias=True)
              )
              (2): GcnOperation(
                (layer): Linear(in_features=64, out_features=128, bias=True)
              )
            )
          )
          (4): Stsgcm(
            (layers): ModuleList(
              (0): GcnOperation(
                (layer): Linear(in_features=64, out_features=128, bias=True)
              )
              (1): GcnOperation(
                (layer): Linear(in_features=64, out_features=128, bias=True)
              )
              (2): GcnOperation(
                (layer): Linear(in_features=64, out_features=128, bias=True)
              )
            )
          )
          (5): Stsgcm(
            (layers): ModuleList(
              (0): GcnOperation(
                (layer): Linear(in_features=64, out_features=128, bias=True)
              )
              (1): GcnOperation(
                (layer): Linear(in_features=64, out_features=128, bias=True)
              )
              (2): GcnOperation(
                (layer): Linear(in_features=64, out_features=128, bias=True)
              )
            )
          )
          (6): Stsgcm(
            (layers): ModuleList(
              (0): GcnOperation(
                (layer): Linear(in_features=64, out_features=128, bias=True)
              )
              (1): GcnOperation(
                (layer): Linear(in_features=64, out_features=128, bias=True)
              )
              (2): GcnOperation(
                (layer): Linear(in_features=64, out_features=128, bias=True)
              )
            )
          )
          (7): Stsgcm(
            (layers): ModuleList(
              (0): GcnOperation(
                (layer): Linear(in_features=64, out_features=128, bias=True)
              )
              (1): GcnOperation(
                (layer): Linear(in_features=64, out_features=128, bias=True)
              )
              (2): GcnOperation(
                (layer): Linear(in_features=64, out_features=128, bias=True)
              )
            )
          )
          (8): Stsgcm(
            (layers): ModuleList(
              (0): GcnOperation(
                (layer): Linear(in_features=64, out_features=128, bias=True)
              )
              (1): GcnOperation(
                (layer): Linear(in_features=64, out_features=128, bias=True)
              )
              (2): GcnOperation(
                (layer): Linear(in_features=64, out_features=128, bias=True)
              )
            )
          )
          (9): Stsgcm(
            (layers): ModuleList(
              (0): GcnOperation(
                (layer): Linear(in_features=64, out_features=128, bias=True)
              )
              (1): GcnOperation(
                (layer): Linear(in_features=64, out_features=128, bias=True)
              )
              (2): GcnOperation(
                (layer): Linear(in_features=64, out_features=128, bias=True)
              )
            )
          )
        )
      )
    )
    (1): STSGCL(
      (layer): STSGCNLayerIndividual(
        (position_embedding): PositionEmbedding()
        (gcms): ModuleList(
          (0): Stsgcm(
            (layers): ModuleList(
              (0): GcnOperation(
                (layer): Linear(in_features=64, out_features=128, bias=True)
              )
              (1): GcnOperation(
                (layer): Linear(in_features=64, out_features=128, bias=True)
              )
              (2): GcnOperation(
                (layer): Linear(in_features=64, out_features=128, bias=True)
              )
            )
          )
          (1): Stsgcm(
            (layers): ModuleList(
              (0): GcnOperation(
                (layer): Linear(in_features=64, out_features=128, bias=True)
              )
              (1): GcnOperation(
                (layer): Linear(in_features=64, out_features=128, bias=True)
              )
              (2): GcnOperation(
                (layer): Linear(in_features=64, out_features=128, bias=True)
              )
            )
          )
          (2): Stsgcm(
            (layers): ModuleList(
              (0): GcnOperation(
                (layer): Linear(in_features=64, out_features=128, bias=True)
              )
              (1): GcnOperation(
                (layer): Linear(in_features=64, out_features=128, bias=True)
              )
              (2): GcnOperation(
                (layer): Linear(in_features=64, out_features=128, bias=True)
              )
            )
          )
          (3): Stsgcm(
            (layers): ModuleList(
              (0): GcnOperation(
                (layer): Linear(in_features=64, out_features=128, bias=True)
              )
              (1): GcnOperation(
                (layer): Linear(in_features=64, out_features=128, bias=True)
              )
              (2): GcnOperation(
                (layer): Linear(in_features=64, out_features=128, bias=True)
              )
            )
          )
          (4): Stsgcm(
            (layers): ModuleList(
              (0): GcnOperation(
                (layer): Linear(in_features=64, out_features=128, bias=True)
              )
              (1): GcnOperation(
                (layer): Linear(in_features=64, out_features=128, bias=True)
              )
              (2): GcnOperation(
                (layer): Linear(in_features=64, out_features=128, bias=True)
              )
            )
          )
          (5): Stsgcm(
            (layers): ModuleList(
              (0): GcnOperation(
                (layer): Linear(in_features=64, out_features=128, bias=True)
              )
              (1): GcnOperation(
                (layer): Linear(in_features=64, out_features=128, bias=True)
              )
              (2): GcnOperation(
                (layer): Linear(in_features=64, out_features=128, bias=True)
              )
            )
          )
          (6): Stsgcm(
            (layers): ModuleList(
              (0): GcnOperation(
                (layer): Linear(in_features=64, out_features=128, bias=True)
              )
              (1): GcnOperation(
                (layer): Linear(in_features=64, out_features=128, bias=True)
              )
              (2): GcnOperation(
                (layer): Linear(in_features=64, out_features=128, bias=True)
              )
            )
          )
          (7): Stsgcm(
            (layers): ModuleList(
              (0): GcnOperation(
                (layer): Linear(in_features=64, out_features=128, bias=True)
              )
              (1): GcnOperation(
                (layer): Linear(in_features=64, out_features=128, bias=True)
              )
              (2): GcnOperation(
                (layer): Linear(in_features=64, out_features=128, bias=True)
              )
            )
          )
        )
      )
    )
    (2): STSGCL(
      (layer): STSGCNLayerIndividual(
        (position_embedding): PositionEmbedding()
        (gcms): ModuleList(
          (0): Stsgcm(
            (layers): ModuleList(
              (0): GcnOperation(
                (layer): Linear(in_features=64, out_features=128, bias=True)
              )
              (1): GcnOperation(
                (layer): Linear(in_features=64, out_features=128, bias=True)
              )
              (2): GcnOperation(
                (layer): Linear(in_features=64, out_features=128, bias=True)
              )
            )
          )
          (1): Stsgcm(
            (layers): ModuleList(
              (0): GcnOperation(
                (layer): Linear(in_features=64, out_features=128, bias=True)
              )
              (1): GcnOperation(
                (layer): Linear(in_features=64, out_features=128, bias=True)
              )
              (2): GcnOperation(
                (layer): Linear(in_features=64, out_features=128, bias=True)
              )
            )
          )
          (2): Stsgcm(
            (layers): ModuleList(
              (0): GcnOperation(
                (layer): Linear(in_features=64, out_features=128, bias=True)
              )
              (1): GcnOperation(
                (layer): Linear(in_features=64, out_features=128, bias=True)
              )
              (2): GcnOperation(
                (layer): Linear(in_features=64, out_features=128, bias=True)
              )
            )
          )
          (3): Stsgcm(
            (layers): ModuleList(
              (0): GcnOperation(
                (layer): Linear(in_features=64, out_features=128, bias=True)
              )
              (1): GcnOperation(
                (layer): Linear(in_features=64, out_features=128, bias=True)
              )
              (2): GcnOperation(
                (layer): Linear(in_features=64, out_features=128, bias=True)
              )
            )
          )
          (4): Stsgcm(
            (layers): ModuleList(
              (0): GcnOperation(
                (layer): Linear(in_features=64, out_features=128, bias=True)
              )
              (1): GcnOperation(
                (layer): Linear(in_features=64, out_features=128, bias=True)
              )
              (2): GcnOperation(
                (layer): Linear(in_features=64, out_features=128, bias=True)
              )
            )
          )
          (5): Stsgcm(
            (layers): ModuleList(
              (0): GcnOperation(
                (layer): Linear(in_features=64, out_features=128, bias=True)
              )
              (1): GcnOperation(
                (layer): Linear(in_features=64, out_features=128, bias=True)
              )
              (2): GcnOperation(
                (layer): Linear(in_features=64, out_features=128, bias=True)
              )
            )
          )
        )
      )
    )
    (3): STSGCL(
      (layer): STSGCNLayerIndividual(
        (position_embedding): PositionEmbedding()
        (gcms): ModuleList(
          (0): Stsgcm(
            (layers): ModuleList(
              (0): GcnOperation(
                (layer): Linear(in_features=64, out_features=128, bias=True)
              )
              (1): GcnOperation(
                (layer): Linear(in_features=64, out_features=128, bias=True)
              )
              (2): GcnOperation(
                (layer): Linear(in_features=64, out_features=128, bias=True)
              )
            )
          )
          (1): Stsgcm(
            (layers): ModuleList(
              (0): GcnOperation(
                (layer): Linear(in_features=64, out_features=128, bias=True)
              )
              (1): GcnOperation(
                (layer): Linear(in_features=64, out_features=128, bias=True)
              )
              (2): GcnOperation(
                (layer): Linear(in_features=64, out_features=128, bias=True)
              )
            )
          )
          (2): Stsgcm(
            (layers): ModuleList(
              (0): GcnOperation(
                (layer): Linear(in_features=64, out_features=128, bias=True)
              )
              (1): GcnOperation(
                (layer): Linear(in_features=64, out_features=128, bias=True)
              )
              (2): GcnOperation(
                (layer): Linear(in_features=64, out_features=128, bias=True)
              )
            )
          )
          (3): Stsgcm(
            (layers): ModuleList(
              (0): GcnOperation(
                (layer): Linear(in_features=64, out_features=128, bias=True)
              )
              (1): GcnOperation(
                (layer): Linear(in_features=64, out_features=128, bias=True)
              )
              (2): GcnOperation(
                (layer): Linear(in_features=64, out_features=128, bias=True)
              )
            )
          )
        )
      )
    )
  )
  (outputs): ModuleList(
    (0): OutputLayer(
      (hidden_layer): Linear(in_features=256, out_features=128, bias=True)
      (ouput_layer): Linear(in_features=128, out_features=1, bias=True)
    )
    (1): OutputLayer(
      (hidden_layer): Linear(in_features=256, out_features=128, bias=True)
      (ouput_layer): Linear(in_features=128, out_features=1, bias=True)
    )
    (2): OutputLayer(
      (hidden_layer): Linear(in_features=256, out_features=128, bias=True)
      (ouput_layer): Linear(in_features=128, out_features=1, bias=True)
    )
    (3): OutputLayer(
      (hidden_layer): Linear(in_features=256, out_features=128, bias=True)
      (ouput_layer): Linear(in_features=128, out_features=1, bias=True)
    )
    (4): OutputLayer(
      (hidden_layer): Linear(in_features=256, out_features=128, bias=True)
      (ouput_layer): Linear(in_features=128, out_features=1, bias=True)
    )
    (5): OutputLayer(
      (hidden_layer): Linear(in_features=256, out_features=128, bias=True)
      (ouput_layer): Linear(in_features=128, out_features=1, bias=True)
    )
    (6): OutputLayer(
      (hidden_layer): Linear(in_features=256, out_features=128, bias=True)
      (ouput_layer): Linear(in_features=128, out_features=1, bias=True)
    )
    (7): OutputLayer(
      (hidden_layer): Linear(in_features=256, out_features=128, bias=True)
      (ouput_layer): Linear(in_features=128, out_features=1, bias=True)
    )
    (8): OutputLayer(
      (hidden_layer): Linear(in_features=256, out_features=128, bias=True)
      (ouput_layer): Linear(in_features=128, out_features=1, bias=True)
    )
    (9): OutputLayer(
      (hidden_layer): Linear(in_features=256, out_features=128, bias=True)
      (ouput_layer): Linear(in_features=128, out_features=1, bias=True)
    )
    (10): OutputLayer(
      (hidden_layer): Linear(in_features=256, out_features=128, bias=True)
      (ouput_layer): Linear(in_features=128, out_features=1, bias=True)
    )
    (11): OutputLayer(
      (hidden_layer): Linear(in_features=256, out_features=128, bias=True)
      (ouput_layer): Linear(in_features=128, out_features=1, bias=True)
    )
  )
  (loss): SmoothL1Loss()
)
2024-08-19 00:21:02,585 - INFO - first_layer_embedding.weight	torch.Size([64, 1])	cuda:0	True
2024-08-19 00:21:02,585 - INFO - first_layer_embedding.bias	torch.Size([64])	cuda:0	True
2024-08-19 00:21:02,585 - INFO - stsgcl_layers.0.layer.position_embedding.temporal_emb	torch.Size([1, 12, 1, 64])	cuda:0	True
2024-08-19 00:21:02,585 - INFO - stsgcl_layers.0.layer.position_embedding.spatial_emb	torch.Size([1, 1, 207, 64])	cuda:0	True
2024-08-19 00:21:02,585 - INFO - stsgcl_layers.0.layer.gcms.0.layers.0.layer.weight	torch.Size([128, 64])	cuda:0	True
2024-08-19 00:21:02,585 - INFO - stsgcl_layers.0.layer.gcms.0.layers.0.layer.bias	torch.Size([128])	cuda:0	True
2024-08-19 00:21:02,586 - INFO - stsgcl_layers.0.layer.gcms.0.layers.1.layer.weight	torch.Size([128, 64])	cuda:0	True
2024-08-19 00:21:02,586 - INFO - stsgcl_layers.0.layer.gcms.0.layers.1.layer.bias	torch.Size([128])	cuda:0	True
2024-08-19 00:21:02,586 - INFO - stsgcl_layers.0.layer.gcms.0.layers.2.layer.weight	torch.Size([128, 64])	cuda:0	True
2024-08-19 00:21:02,586 - INFO - stsgcl_layers.0.layer.gcms.0.layers.2.layer.bias	torch.Size([128])	cuda:0	True
2024-08-19 00:21:02,586 - INFO - stsgcl_layers.0.layer.gcms.1.layers.0.layer.weight	torch.Size([128, 64])	cuda:0	True
2024-08-19 00:21:02,586 - INFO - stsgcl_layers.0.layer.gcms.1.layers.0.layer.bias	torch.Size([128])	cuda:0	True
2024-08-19 00:21:02,586 - INFO - stsgcl_layers.0.layer.gcms.1.layers.1.layer.weight	torch.Size([128, 64])	cuda:0	True
2024-08-19 00:21:02,586 - INFO - stsgcl_layers.0.layer.gcms.1.layers.1.layer.bias	torch.Size([128])	cuda:0	True
2024-08-19 00:21:02,586 - INFO - stsgcl_layers.0.layer.gcms.1.layers.2.layer.weight	torch.Size([128, 64])	cuda:0	True
2024-08-19 00:21:02,586 - INFO - stsgcl_layers.0.layer.gcms.1.layers.2.layer.bias	torch.Size([128])	cuda:0	True
2024-08-19 00:21:02,586 - INFO - stsgcl_layers.0.layer.gcms.2.layers.0.layer.weight	torch.Size([128, 64])	cuda:0	True
2024-08-19 00:21:02,586 - INFO - stsgcl_layers.0.layer.gcms.2.layers.0.layer.bias	torch.Size([128])	cuda:0	True
2024-08-19 00:21:02,586 - INFO - stsgcl_layers.0.layer.gcms.2.layers.1.layer.weight	torch.Size([128, 64])	cuda:0	True
2024-08-19 00:21:02,587 - INFO - stsgcl_layers.0.layer.gcms.2.layers.1.layer.bias	torch.Size([128])	cuda:0	True
2024-08-19 00:21:02,587 - INFO - stsgcl_layers.0.layer.gcms.2.layers.2.layer.weight	torch.Size([128, 64])	cuda:0	True
2024-08-19 00:21:02,587 - INFO - stsgcl_layers.0.layer.gcms.2.layers.2.layer.bias	torch.Size([128])	cuda:0	True
2024-08-19 00:21:02,587 - INFO - stsgcl_layers.0.layer.gcms.3.layers.0.layer.weight	torch.Size([128, 64])	cuda:0	True
2024-08-19 00:21:02,587 - INFO - stsgcl_layers.0.layer.gcms.3.layers.0.layer.bias	torch.Size([128])	cuda:0	True
2024-08-19 00:21:02,587 - INFO - stsgcl_layers.0.layer.gcms.3.layers.1.layer.weight	torch.Size([128, 64])	cuda:0	True
2024-08-19 00:21:02,587 - INFO - stsgcl_layers.0.layer.gcms.3.layers.1.layer.bias	torch.Size([128])	cuda:0	True
2024-08-19 00:21:02,587 - INFO - stsgcl_layers.0.layer.gcms.3.layers.2.layer.weight	torch.Size([128, 64])	cuda:0	True
2024-08-19 00:21:02,587 - INFO - stsgcl_layers.0.layer.gcms.3.layers.2.layer.bias	torch.Size([128])	cuda:0	True
2024-08-19 00:21:02,587 - INFO - stsgcl_layers.0.layer.gcms.4.layers.0.layer.weight	torch.Size([128, 64])	cuda:0	True
2024-08-19 00:21:02,587 - INFO - stsgcl_layers.0.layer.gcms.4.layers.0.layer.bias	torch.Size([128])	cuda:0	True
2024-08-19 00:21:02,587 - INFO - stsgcl_layers.0.layer.gcms.4.layers.1.layer.weight	torch.Size([128, 64])	cuda:0	True
2024-08-19 00:21:02,587 - INFO - stsgcl_layers.0.layer.gcms.4.layers.1.layer.bias	torch.Size([128])	cuda:0	True
2024-08-19 00:21:02,587 - INFO - stsgcl_layers.0.layer.gcms.4.layers.2.layer.weight	torch.Size([128, 64])	cuda:0	True
2024-08-19 00:21:02,587 - INFO - stsgcl_layers.0.layer.gcms.4.layers.2.layer.bias	torch.Size([128])	cuda:0	True
2024-08-19 00:21:02,588 - INFO - stsgcl_layers.0.layer.gcms.5.layers.0.layer.weight	torch.Size([128, 64])	cuda:0	True
2024-08-19 00:21:02,588 - INFO - stsgcl_layers.0.layer.gcms.5.layers.0.layer.bias	torch.Size([128])	cuda:0	True
2024-08-19 00:21:02,588 - INFO - stsgcl_layers.0.layer.gcms.5.layers.1.layer.weight	torch.Size([128, 64])	cuda:0	True
2024-08-19 00:21:02,588 - INFO - stsgcl_layers.0.layer.gcms.5.layers.1.layer.bias	torch.Size([128])	cuda:0	True
2024-08-19 00:21:02,588 - INFO - stsgcl_layers.0.layer.gcms.5.layers.2.layer.weight	torch.Size([128, 64])	cuda:0	True
2024-08-19 00:21:02,588 - INFO - stsgcl_layers.0.layer.gcms.5.layers.2.layer.bias	torch.Size([128])	cuda:0	True
2024-08-19 00:21:02,588 - INFO - stsgcl_layers.0.layer.gcms.6.layers.0.layer.weight	torch.Size([128, 64])	cuda:0	True
2024-08-19 00:21:02,588 - INFO - stsgcl_layers.0.layer.gcms.6.layers.0.layer.bias	torch.Size([128])	cuda:0	True
2024-08-19 00:21:02,588 - INFO - stsgcl_layers.0.layer.gcms.6.layers.1.layer.weight	torch.Size([128, 64])	cuda:0	True
2024-08-19 00:21:02,588 - INFO - stsgcl_layers.0.layer.gcms.6.layers.1.layer.bias	torch.Size([128])	cuda:0	True
2024-08-19 00:21:02,588 - INFO - stsgcl_layers.0.layer.gcms.6.layers.2.layer.weight	torch.Size([128, 64])	cuda:0	True
2024-08-19 00:21:02,588 - INFO - stsgcl_layers.0.layer.gcms.6.layers.2.layer.bias	torch.Size([128])	cuda:0	True
2024-08-19 00:21:02,588 - INFO - stsgcl_layers.0.layer.gcms.7.layers.0.layer.weight	torch.Size([128, 64])	cuda:0	True
2024-08-19 00:21:02,588 - INFO - stsgcl_layers.0.layer.gcms.7.layers.0.layer.bias	torch.Size([128])	cuda:0	True
2024-08-19 00:21:02,589 - INFO - stsgcl_layers.0.layer.gcms.7.layers.1.layer.weight	torch.Size([128, 64])	cuda:0	True
2024-08-19 00:21:02,589 - INFO - stsgcl_layers.0.layer.gcms.7.layers.1.layer.bias	torch.Size([128])	cuda:0	True
2024-08-19 00:21:02,589 - INFO - stsgcl_layers.0.layer.gcms.7.layers.2.layer.weight	torch.Size([128, 64])	cuda:0	True
2024-08-19 00:21:02,589 - INFO - stsgcl_layers.0.layer.gcms.7.layers.2.layer.bias	torch.Size([128])	cuda:0	True
2024-08-19 00:21:02,589 - INFO - stsgcl_layers.0.layer.gcms.8.layers.0.layer.weight	torch.Size([128, 64])	cuda:0	True
2024-08-19 00:21:02,589 - INFO - stsgcl_layers.0.layer.gcms.8.layers.0.layer.bias	torch.Size([128])	cuda:0	True
2024-08-19 00:21:02,589 - INFO - stsgcl_layers.0.layer.gcms.8.layers.1.layer.weight	torch.Size([128, 64])	cuda:0	True
2024-08-19 00:21:02,589 - INFO - stsgcl_layers.0.layer.gcms.8.layers.1.layer.bias	torch.Size([128])	cuda:0	True
2024-08-19 00:21:02,589 - INFO - stsgcl_layers.0.layer.gcms.8.layers.2.layer.weight	torch.Size([128, 64])	cuda:0	True
2024-08-19 00:21:02,589 - INFO - stsgcl_layers.0.layer.gcms.8.layers.2.layer.bias	torch.Size([128])	cuda:0	True
2024-08-19 00:21:02,589 - INFO - stsgcl_layers.0.layer.gcms.9.layers.0.layer.weight	torch.Size([128, 64])	cuda:0	True
2024-08-19 00:21:02,589 - INFO - stsgcl_layers.0.layer.gcms.9.layers.0.layer.bias	torch.Size([128])	cuda:0	True
2024-08-19 00:21:02,589 - INFO - stsgcl_layers.0.layer.gcms.9.layers.1.layer.weight	torch.Size([128, 64])	cuda:0	True
2024-08-19 00:21:02,589 - INFO - stsgcl_layers.0.layer.gcms.9.layers.1.layer.bias	torch.Size([128])	cuda:0	True
2024-08-19 00:21:02,589 - INFO - stsgcl_layers.0.layer.gcms.9.layers.2.layer.weight	torch.Size([128, 64])	cuda:0	True
2024-08-19 00:21:02,590 - INFO - stsgcl_layers.0.layer.gcms.9.layers.2.layer.bias	torch.Size([128])	cuda:0	True
2024-08-19 00:21:02,590 - INFO - stsgcl_layers.1.layer.position_embedding.temporal_emb	torch.Size([1, 10, 1, 64])	cuda:0	True
2024-08-19 00:21:02,590 - INFO - stsgcl_layers.1.layer.position_embedding.spatial_emb	torch.Size([1, 1, 207, 64])	cuda:0	True
2024-08-19 00:21:02,590 - INFO - stsgcl_layers.1.layer.gcms.0.layers.0.layer.weight	torch.Size([128, 64])	cuda:0	True
2024-08-19 00:21:02,590 - INFO - stsgcl_layers.1.layer.gcms.0.layers.0.layer.bias	torch.Size([128])	cuda:0	True
2024-08-19 00:21:02,590 - INFO - stsgcl_layers.1.layer.gcms.0.layers.1.layer.weight	torch.Size([128, 64])	cuda:0	True
2024-08-19 00:21:02,590 - INFO - stsgcl_layers.1.layer.gcms.0.layers.1.layer.bias	torch.Size([128])	cuda:0	True
2024-08-19 00:21:02,590 - INFO - stsgcl_layers.1.layer.gcms.0.layers.2.layer.weight	torch.Size([128, 64])	cuda:0	True
2024-08-19 00:21:02,590 - INFO - stsgcl_layers.1.layer.gcms.0.layers.2.layer.bias	torch.Size([128])	cuda:0	True
2024-08-19 00:21:02,590 - INFO - stsgcl_layers.1.layer.gcms.1.layers.0.layer.weight	torch.Size([128, 64])	cuda:0	True
2024-08-19 00:21:02,590 - INFO - stsgcl_layers.1.layer.gcms.1.layers.0.layer.bias	torch.Size([128])	cuda:0	True
2024-08-19 00:21:02,590 - INFO - stsgcl_layers.1.layer.gcms.1.layers.1.layer.weight	torch.Size([128, 64])	cuda:0	True
2024-08-19 00:21:02,590 - INFO - stsgcl_layers.1.layer.gcms.1.layers.1.layer.bias	torch.Size([128])	cuda:0	True
2024-08-19 00:21:02,591 - INFO - stsgcl_layers.1.layer.gcms.1.layers.2.layer.weight	torch.Size([128, 64])	cuda:0	True
2024-08-19 00:21:02,591 - INFO - stsgcl_layers.1.layer.gcms.1.layers.2.layer.bias	torch.Size([128])	cuda:0	True
2024-08-19 00:21:02,591 - INFO - stsgcl_layers.1.layer.gcms.2.layers.0.layer.weight	torch.Size([128, 64])	cuda:0	True
2024-08-19 00:21:02,591 - INFO - stsgcl_layers.1.layer.gcms.2.layers.0.layer.bias	torch.Size([128])	cuda:0	True
2024-08-19 00:21:02,591 - INFO - stsgcl_layers.1.layer.gcms.2.layers.1.layer.weight	torch.Size([128, 64])	cuda:0	True
2024-08-19 00:21:02,591 - INFO - stsgcl_layers.1.layer.gcms.2.layers.1.layer.bias	torch.Size([128])	cuda:0	True
2024-08-19 00:21:02,591 - INFO - stsgcl_layers.1.layer.gcms.2.layers.2.layer.weight	torch.Size([128, 64])	cuda:0	True
2024-08-19 00:21:02,591 - INFO - stsgcl_layers.1.layer.gcms.2.layers.2.layer.bias	torch.Size([128])	cuda:0	True
2024-08-19 00:21:02,591 - INFO - stsgcl_layers.1.layer.gcms.3.layers.0.layer.weight	torch.Size([128, 64])	cuda:0	True
2024-08-19 00:21:02,591 - INFO - stsgcl_layers.1.layer.gcms.3.layers.0.layer.bias	torch.Size([128])	cuda:0	True
2024-08-19 00:21:02,591 - INFO - stsgcl_layers.1.layer.gcms.3.layers.1.layer.weight	torch.Size([128, 64])	cuda:0	True
2024-08-19 00:21:02,591 - INFO - stsgcl_layers.1.layer.gcms.3.layers.1.layer.bias	torch.Size([128])	cuda:0	True
2024-08-19 00:21:02,591 - INFO - stsgcl_layers.1.layer.gcms.3.layers.2.layer.weight	torch.Size([128, 64])	cuda:0	True
2024-08-19 00:21:02,592 - INFO - stsgcl_layers.1.layer.gcms.3.layers.2.layer.bias	torch.Size([128])	cuda:0	True
2024-08-19 00:21:02,592 - INFO - stsgcl_layers.1.layer.gcms.4.layers.0.layer.weight	torch.Size([128, 64])	cuda:0	True
2024-08-19 00:21:02,592 - INFO - stsgcl_layers.1.layer.gcms.4.layers.0.layer.bias	torch.Size([128])	cuda:0	True
2024-08-19 00:21:02,592 - INFO - stsgcl_layers.1.layer.gcms.4.layers.1.layer.weight	torch.Size([128, 64])	cuda:0	True
2024-08-19 00:21:02,592 - INFO - stsgcl_layers.1.layer.gcms.4.layers.1.layer.bias	torch.Size([128])	cuda:0	True
2024-08-19 00:21:02,592 - INFO - stsgcl_layers.1.layer.gcms.4.layers.2.layer.weight	torch.Size([128, 64])	cuda:0	True
2024-08-19 00:21:02,592 - INFO - stsgcl_layers.1.layer.gcms.4.layers.2.layer.bias	torch.Size([128])	cuda:0	True
2024-08-19 00:21:02,592 - INFO - stsgcl_layers.1.layer.gcms.5.layers.0.layer.weight	torch.Size([128, 64])	cuda:0	True
2024-08-19 00:21:02,592 - INFO - stsgcl_layers.1.layer.gcms.5.layers.0.layer.bias	torch.Size([128])	cuda:0	True
2024-08-19 00:21:02,592 - INFO - stsgcl_layers.1.layer.gcms.5.layers.1.layer.weight	torch.Size([128, 64])	cuda:0	True
2024-08-19 00:21:02,592 - INFO - stsgcl_layers.1.layer.gcms.5.layers.1.layer.bias	torch.Size([128])	cuda:0	True
2024-08-19 00:21:02,592 - INFO - stsgcl_layers.1.layer.gcms.5.layers.2.layer.weight	torch.Size([128, 64])	cuda:0	True
2024-08-19 00:21:02,592 - INFO - stsgcl_layers.1.layer.gcms.5.layers.2.layer.bias	torch.Size([128])	cuda:0	True
2024-08-19 00:21:02,593 - INFO - stsgcl_layers.1.layer.gcms.6.layers.0.layer.weight	torch.Size([128, 64])	cuda:0	True
2024-08-19 00:21:02,593 - INFO - stsgcl_layers.1.layer.gcms.6.layers.0.layer.bias	torch.Size([128])	cuda:0	True
2024-08-19 00:21:02,593 - INFO - stsgcl_layers.1.layer.gcms.6.layers.1.layer.weight	torch.Size([128, 64])	cuda:0	True
2024-08-19 00:21:02,593 - INFO - stsgcl_layers.1.layer.gcms.6.layers.1.layer.bias	torch.Size([128])	cuda:0	True
2024-08-19 00:21:02,593 - INFO - stsgcl_layers.1.layer.gcms.6.layers.2.layer.weight	torch.Size([128, 64])	cuda:0	True
2024-08-19 00:21:02,593 - INFO - stsgcl_layers.1.layer.gcms.6.layers.2.layer.bias	torch.Size([128])	cuda:0	True
2024-08-19 00:21:02,593 - INFO - stsgcl_layers.1.layer.gcms.7.layers.0.layer.weight	torch.Size([128, 64])	cuda:0	True
2024-08-19 00:21:02,593 - INFO - stsgcl_layers.1.layer.gcms.7.layers.0.layer.bias	torch.Size([128])	cuda:0	True
2024-08-19 00:21:02,593 - INFO - stsgcl_layers.1.layer.gcms.7.layers.1.layer.weight	torch.Size([128, 64])	cuda:0	True
2024-08-19 00:21:02,593 - INFO - stsgcl_layers.1.layer.gcms.7.layers.1.layer.bias	torch.Size([128])	cuda:0	True
2024-08-19 00:21:02,593 - INFO - stsgcl_layers.1.layer.gcms.7.layers.2.layer.weight	torch.Size([128, 64])	cuda:0	True
2024-08-19 00:21:02,593 - INFO - stsgcl_layers.1.layer.gcms.7.layers.2.layer.bias	torch.Size([128])	cuda:0	True
2024-08-19 00:21:02,594 - INFO - stsgcl_layers.2.layer.position_embedding.temporal_emb	torch.Size([1, 8, 1, 64])	cuda:0	True
2024-08-19 00:21:02,594 - INFO - stsgcl_layers.2.layer.position_embedding.spatial_emb	torch.Size([1, 1, 207, 64])	cuda:0	True
2024-08-19 00:21:02,594 - INFO - stsgcl_layers.2.layer.gcms.0.layers.0.layer.weight	torch.Size([128, 64])	cuda:0	True
2024-08-19 00:21:02,594 - INFO - stsgcl_layers.2.layer.gcms.0.layers.0.layer.bias	torch.Size([128])	cuda:0	True
2024-08-19 00:21:02,594 - INFO - stsgcl_layers.2.layer.gcms.0.layers.1.layer.weight	torch.Size([128, 64])	cuda:0	True
2024-08-19 00:21:02,594 - INFO - stsgcl_layers.2.layer.gcms.0.layers.1.layer.bias	torch.Size([128])	cuda:0	True
2024-08-19 00:21:02,594 - INFO - stsgcl_layers.2.layer.gcms.0.layers.2.layer.weight	torch.Size([128, 64])	cuda:0	True
2024-08-19 00:21:02,594 - INFO - stsgcl_layers.2.layer.gcms.0.layers.2.layer.bias	torch.Size([128])	cuda:0	True
2024-08-19 00:21:02,594 - INFO - stsgcl_layers.2.layer.gcms.1.layers.0.layer.weight	torch.Size([128, 64])	cuda:0	True
2024-08-19 00:21:02,594 - INFO - stsgcl_layers.2.layer.gcms.1.layers.0.layer.bias	torch.Size([128])	cuda:0	True
2024-08-19 00:21:02,594 - INFO - stsgcl_layers.2.layer.gcms.1.layers.1.layer.weight	torch.Size([128, 64])	cuda:0	True
2024-08-19 00:21:02,594 - INFO - stsgcl_layers.2.layer.gcms.1.layers.1.layer.bias	torch.Size([128])	cuda:0	True
2024-08-19 00:21:02,594 - INFO - stsgcl_layers.2.layer.gcms.1.layers.2.layer.weight	torch.Size([128, 64])	cuda:0	True
2024-08-19 00:21:02,594 - INFO - stsgcl_layers.2.layer.gcms.1.layers.2.layer.bias	torch.Size([128])	cuda:0	True
2024-08-19 00:21:02,595 - INFO - stsgcl_layers.2.layer.gcms.2.layers.0.layer.weight	torch.Size([128, 64])	cuda:0	True
2024-08-19 00:21:02,595 - INFO - stsgcl_layers.2.layer.gcms.2.layers.0.layer.bias	torch.Size([128])	cuda:0	True
2024-08-19 00:21:02,595 - INFO - stsgcl_layers.2.layer.gcms.2.layers.1.layer.weight	torch.Size([128, 64])	cuda:0	True
2024-08-19 00:21:02,595 - INFO - stsgcl_layers.2.layer.gcms.2.layers.1.layer.bias	torch.Size([128])	cuda:0	True
2024-08-19 00:21:02,595 - INFO - stsgcl_layers.2.layer.gcms.2.layers.2.layer.weight	torch.Size([128, 64])	cuda:0	True
2024-08-19 00:21:02,595 - INFO - stsgcl_layers.2.layer.gcms.2.layers.2.layer.bias	torch.Size([128])	cuda:0	True
2024-08-19 00:21:02,595 - INFO - stsgcl_layers.2.layer.gcms.3.layers.0.layer.weight	torch.Size([128, 64])	cuda:0	True
2024-08-19 00:21:02,595 - INFO - stsgcl_layers.2.layer.gcms.3.layers.0.layer.bias	torch.Size([128])	cuda:0	True
2024-08-19 00:21:02,595 - INFO - stsgcl_layers.2.layer.gcms.3.layers.1.layer.weight	torch.Size([128, 64])	cuda:0	True
2024-08-19 00:21:02,595 - INFO - stsgcl_layers.2.layer.gcms.3.layers.1.layer.bias	torch.Size([128])	cuda:0	True
2024-08-19 00:21:02,595 - INFO - stsgcl_layers.2.layer.gcms.3.layers.2.layer.weight	torch.Size([128, 64])	cuda:0	True
2024-08-19 00:21:02,595 - INFO - stsgcl_layers.2.layer.gcms.3.layers.2.layer.bias	torch.Size([128])	cuda:0	True
2024-08-19 00:21:02,595 - INFO - stsgcl_layers.2.layer.gcms.4.layers.0.layer.weight	torch.Size([128, 64])	cuda:0	True
2024-08-19 00:21:02,595 - INFO - stsgcl_layers.2.layer.gcms.4.layers.0.layer.bias	torch.Size([128])	cuda:0	True
2024-08-19 00:21:02,596 - INFO - stsgcl_layers.2.layer.gcms.4.layers.1.layer.weight	torch.Size([128, 64])	cuda:0	True
2024-08-19 00:21:02,596 - INFO - stsgcl_layers.2.layer.gcms.4.layers.1.layer.bias	torch.Size([128])	cuda:0	True
2024-08-19 00:21:02,596 - INFO - stsgcl_layers.2.layer.gcms.4.layers.2.layer.weight	torch.Size([128, 64])	cuda:0	True
2024-08-19 00:21:02,596 - INFO - stsgcl_layers.2.layer.gcms.4.layers.2.layer.bias	torch.Size([128])	cuda:0	True
2024-08-19 00:21:02,596 - INFO - stsgcl_layers.2.layer.gcms.5.layers.0.layer.weight	torch.Size([128, 64])	cuda:0	True
2024-08-19 00:21:02,596 - INFO - stsgcl_layers.2.layer.gcms.5.layers.0.layer.bias	torch.Size([128])	cuda:0	True
2024-08-19 00:21:02,596 - INFO - stsgcl_layers.2.layer.gcms.5.layers.1.layer.weight	torch.Size([128, 64])	cuda:0	True
2024-08-19 00:21:02,596 - INFO - stsgcl_layers.2.layer.gcms.5.layers.1.layer.bias	torch.Size([128])	cuda:0	True
2024-08-19 00:21:02,596 - INFO - stsgcl_layers.2.layer.gcms.5.layers.2.layer.weight	torch.Size([128, 64])	cuda:0	True
2024-08-19 00:21:02,596 - INFO - stsgcl_layers.2.layer.gcms.5.layers.2.layer.bias	torch.Size([128])	cuda:0	True
2024-08-19 00:21:02,596 - INFO - stsgcl_layers.3.layer.position_embedding.temporal_emb	torch.Size([1, 6, 1, 64])	cuda:0	True
2024-08-19 00:21:02,596 - INFO - stsgcl_layers.3.layer.position_embedding.spatial_emb	torch.Size([1, 1, 207, 64])	cuda:0	True
2024-08-19 00:21:02,597 - INFO - stsgcl_layers.3.layer.gcms.0.layers.0.layer.weight	torch.Size([128, 64])	cuda:0	True
2024-08-19 00:21:02,597 - INFO - stsgcl_layers.3.layer.gcms.0.layers.0.layer.bias	torch.Size([128])	cuda:0	True
2024-08-19 00:21:02,597 - INFO - stsgcl_layers.3.layer.gcms.0.layers.1.layer.weight	torch.Size([128, 64])	cuda:0	True
2024-08-19 00:21:02,597 - INFO - stsgcl_layers.3.layer.gcms.0.layers.1.layer.bias	torch.Size([128])	cuda:0	True
2024-08-19 00:21:02,597 - INFO - stsgcl_layers.3.layer.gcms.0.layers.2.layer.weight	torch.Size([128, 64])	cuda:0	True
2024-08-19 00:21:02,597 - INFO - stsgcl_layers.3.layer.gcms.0.layers.2.layer.bias	torch.Size([128])	cuda:0	True
2024-08-19 00:21:02,597 - INFO - stsgcl_layers.3.layer.gcms.1.layers.0.layer.weight	torch.Size([128, 64])	cuda:0	True
2024-08-19 00:21:02,597 - INFO - stsgcl_layers.3.layer.gcms.1.layers.0.layer.bias	torch.Size([128])	cuda:0	True
2024-08-19 00:21:02,597 - INFO - stsgcl_layers.3.layer.gcms.1.layers.1.layer.weight	torch.Size([128, 64])	cuda:0	True
2024-08-19 00:21:02,597 - INFO - stsgcl_layers.3.layer.gcms.1.layers.1.layer.bias	torch.Size([128])	cuda:0	True
2024-08-19 00:21:02,597 - INFO - stsgcl_layers.3.layer.gcms.1.layers.2.layer.weight	torch.Size([128, 64])	cuda:0	True
2024-08-19 00:21:02,597 - INFO - stsgcl_layers.3.layer.gcms.1.layers.2.layer.bias	torch.Size([128])	cuda:0	True
2024-08-19 00:21:02,597 - INFO - stsgcl_layers.3.layer.gcms.2.layers.0.layer.weight	torch.Size([128, 64])	cuda:0	True
2024-08-19 00:21:02,598 - INFO - stsgcl_layers.3.layer.gcms.2.layers.0.layer.bias	torch.Size([128])	cuda:0	True
2024-08-19 00:21:02,598 - INFO - stsgcl_layers.3.layer.gcms.2.layers.1.layer.weight	torch.Size([128, 64])	cuda:0	True
2024-08-19 00:21:02,598 - INFO - stsgcl_layers.3.layer.gcms.2.layers.1.layer.bias	torch.Size([128])	cuda:0	True
2024-08-19 00:21:02,598 - INFO - stsgcl_layers.3.layer.gcms.2.layers.2.layer.weight	torch.Size([128, 64])	cuda:0	True
2024-08-19 00:21:02,598 - INFO - stsgcl_layers.3.layer.gcms.2.layers.2.layer.bias	torch.Size([128])	cuda:0	True
2024-08-19 00:21:02,598 - INFO - stsgcl_layers.3.layer.gcms.3.layers.0.layer.weight	torch.Size([128, 64])	cuda:0	True
2024-08-19 00:21:02,598 - INFO - stsgcl_layers.3.layer.gcms.3.layers.0.layer.bias	torch.Size([128])	cuda:0	True
2024-08-19 00:21:02,598 - INFO - stsgcl_layers.3.layer.gcms.3.layers.1.layer.weight	torch.Size([128, 64])	cuda:0	True
2024-08-19 00:21:02,598 - INFO - stsgcl_layers.3.layer.gcms.3.layers.1.layer.bias	torch.Size([128])	cuda:0	True
2024-08-19 00:21:02,598 - INFO - stsgcl_layers.3.layer.gcms.3.layers.2.layer.weight	torch.Size([128, 64])	cuda:0	True
2024-08-19 00:21:02,598 - INFO - stsgcl_layers.3.layer.gcms.3.layers.2.layer.bias	torch.Size([128])	cuda:0	True
2024-08-19 00:21:02,598 - INFO - outputs.0.hidden_layer.weight	torch.Size([128, 256])	cuda:0	True
2024-08-19 00:21:02,598 - INFO - outputs.0.hidden_layer.bias	torch.Size([128])	cuda:0	True
2024-08-19 00:21:02,598 - INFO - outputs.0.ouput_layer.weight	torch.Size([1, 128])	cuda:0	True
2024-08-19 00:21:02,598 - INFO - outputs.0.ouput_layer.bias	torch.Size([1])	cuda:0	True
2024-08-19 00:21:02,599 - INFO - outputs.1.hidden_layer.weight	torch.Size([128, 256])	cuda:0	True
2024-08-19 00:21:02,599 - INFO - outputs.1.hidden_layer.bias	torch.Size([128])	cuda:0	True
2024-08-19 00:21:02,599 - INFO - outputs.1.ouput_layer.weight	torch.Size([1, 128])	cuda:0	True
2024-08-19 00:21:02,599 - INFO - outputs.1.ouput_layer.bias	torch.Size([1])	cuda:0	True
2024-08-19 00:21:02,599 - INFO - outputs.2.hidden_layer.weight	torch.Size([128, 256])	cuda:0	True
2024-08-19 00:21:02,599 - INFO - outputs.2.hidden_layer.bias	torch.Size([128])	cuda:0	True
2024-08-19 00:21:02,599 - INFO - outputs.2.ouput_layer.weight	torch.Size([1, 128])	cuda:0	True
2024-08-19 00:21:02,599 - INFO - outputs.2.ouput_layer.bias	torch.Size([1])	cuda:0	True
2024-08-19 00:21:02,599 - INFO - outputs.3.hidden_layer.weight	torch.Size([128, 256])	cuda:0	True
2024-08-19 00:21:02,599 - INFO - outputs.3.hidden_layer.bias	torch.Size([128])	cuda:0	True
2024-08-19 00:21:02,599 - INFO - outputs.3.ouput_layer.weight	torch.Size([1, 128])	cuda:0	True
2024-08-19 00:21:02,599 - INFO - outputs.3.ouput_layer.bias	torch.Size([1])	cuda:0	True
2024-08-19 00:21:02,599 - INFO - outputs.4.hidden_layer.weight	torch.Size([128, 256])	cuda:0	True
2024-08-19 00:21:02,599 - INFO - outputs.4.hidden_layer.bias	torch.Size([128])	cuda:0	True
2024-08-19 00:21:02,600 - INFO - outputs.4.ouput_layer.weight	torch.Size([1, 128])	cuda:0	True
2024-08-19 00:21:02,600 - INFO - outputs.4.ouput_layer.bias	torch.Size([1])	cuda:0	True
2024-08-19 00:21:02,600 - INFO - outputs.5.hidden_layer.weight	torch.Size([128, 256])	cuda:0	True
2024-08-19 00:21:02,600 - INFO - outputs.5.hidden_layer.bias	torch.Size([128])	cuda:0	True
2024-08-19 00:21:02,600 - INFO - outputs.5.ouput_layer.weight	torch.Size([1, 128])	cuda:0	True
2024-08-19 00:21:02,600 - INFO - outputs.5.ouput_layer.bias	torch.Size([1])	cuda:0	True
2024-08-19 00:21:02,600 - INFO - outputs.6.hidden_layer.weight	torch.Size([128, 256])	cuda:0	True
2024-08-19 00:21:02,600 - INFO - outputs.6.hidden_layer.bias	torch.Size([128])	cuda:0	True
2024-08-19 00:21:02,600 - INFO - outputs.6.ouput_layer.weight	torch.Size([1, 128])	cuda:0	True
2024-08-19 00:21:02,600 - INFO - outputs.6.ouput_layer.bias	torch.Size([1])	cuda:0	True
2024-08-19 00:21:02,600 - INFO - outputs.7.hidden_layer.weight	torch.Size([128, 256])	cuda:0	True
2024-08-19 00:21:02,600 - INFO - outputs.7.hidden_layer.bias	torch.Size([128])	cuda:0	True
2024-08-19 00:21:02,600 - INFO - outputs.7.ouput_layer.weight	torch.Size([1, 128])	cuda:0	True
2024-08-19 00:21:02,600 - INFO - outputs.7.ouput_layer.bias	torch.Size([1])	cuda:0	True
2024-08-19 00:21:02,601 - INFO - outputs.8.hidden_layer.weight	torch.Size([128, 256])	cuda:0	True
2024-08-19 00:21:02,601 - INFO - outputs.8.hidden_layer.bias	torch.Size([128])	cuda:0	True
2024-08-19 00:21:02,601 - INFO - outputs.8.ouput_layer.weight	torch.Size([1, 128])	cuda:0	True
2024-08-19 00:21:02,601 - INFO - outputs.8.ouput_layer.bias	torch.Size([1])	cuda:0	True
2024-08-19 00:21:02,601 - INFO - outputs.9.hidden_layer.weight	torch.Size([128, 256])	cuda:0	True
2024-08-19 00:21:02,601 - INFO - outputs.9.hidden_layer.bias	torch.Size([128])	cuda:0	True
2024-08-19 00:21:02,601 - INFO - outputs.9.ouput_layer.weight	torch.Size([1, 128])	cuda:0	True
2024-08-19 00:21:02,601 - INFO - outputs.9.ouput_layer.bias	torch.Size([1])	cuda:0	True
2024-08-19 00:21:02,601 - INFO - outputs.10.hidden_layer.weight	torch.Size([128, 256])	cuda:0	True
2024-08-19 00:21:02,601 - INFO - outputs.10.hidden_layer.bias	torch.Size([128])	cuda:0	True
2024-08-19 00:21:02,601 - INFO - outputs.10.ouput_layer.weight	torch.Size([1, 128])	cuda:0	True
2024-08-19 00:21:02,601 - INFO - outputs.10.ouput_layer.bias	torch.Size([1])	cuda:0	True
2024-08-19 00:21:02,601 - INFO - outputs.11.hidden_layer.weight	torch.Size([128, 256])	cuda:0	True
2024-08-19 00:21:02,602 - INFO - outputs.11.hidden_layer.bias	torch.Size([128])	cuda:0	True
2024-08-19 00:21:02,602 - INFO - outputs.11.ouput_layer.weight	torch.Size([1, 128])	cuda:0	True
2024-08-19 00:21:02,602 - INFO - outputs.11.ouput_layer.bias	torch.Size([1])	cuda:0	True
2024-08-19 00:21:02,603 - INFO - Total parameter numbers: 1150604
2024-08-19 00:21:02,603 - INFO - You select `adam` optimizer.
2024-08-19 00:21:02,604 - WARNING - Received none train loss func and will use the loss func defined in the model.
2024-08-19 00:21:02,604 - INFO - Start training ...
2024-08-19 00:21:02,604 - INFO - num_batches:750
2024-08-19 00:23:06,059 - INFO - epoch complete!
2024-08-19 00:23:06,060 - INFO - evaluating now!
2024-08-19 00:23:12,403 - INFO - Epoch [0/1] train_loss: 4.5958, val_loss: 4.2265, lr: 0.001000, 129.80s
2024-08-19 00:23:12,471 - INFO - Saved model at 0
2024-08-19 00:23:12,471 - INFO - Val loss decrease from inf to 4.2265, saving to ./libcity/cache/11664/model_cache/STSGCN_METR_LA_epoch0.tar
2024-08-19 00:23:12,471 - INFO - Trained totally 1 epochs, average train time is 123.455s, average eval time is 6.342s
2024-08-19 00:23:12,548 - INFO - Loaded model at 0
2024-08-19 00:23:12,549 - INFO - Saved model at ./libcity/cache/11664/model_cache/STSGCN_METR_LA.m
2024-08-19 00:23:12,614 - INFO - Start evaluating ...
2024-08-19 00:23:42,993 - INFO - Note that you select the single mode to evaluate!
2024-08-19 00:23:42,998 - INFO - Evaluate result is saved at ./libcity/cache/11664/evaluate_cache/2024_08_19_00_23_42_STSGCN_METR_LA.csv
2024-08-19 00:23:43,006 - INFO - 
         MAE      MAPE       RMSE
1   2.801625  0.070503   5.748241
2   3.012565  0.076449   6.438142
3   3.207561  0.081950   7.034706
4   3.392114  0.087156   7.570643
5   3.567999  0.092220   8.050512
6   3.739047  0.097054   8.488164
7   3.904173  0.101515   8.913078
8   4.060665  0.105881   9.288364
9   4.209725  0.110096   9.627043
10  4.353602  0.114156   9.948847
11  4.490448  0.118146  10.240076
12  4.629190  0.122039  10.544760
