2024-12-26 13:10:34,747 - INFO - Log directory: ./libcity/log
2024-12-26 13:10:34,748 - INFO - Begin pipeline, task=MTS_pred, model_name=STGCN, dataset_name=lh, exp_id=1226
2024-12-26 13:10:34,748 - INFO - {'task': 'MTS_pred', 'model': 'STGCN', 'dataset': 'lh', 'saved_model': True, 'exp_id': '1226', 'seed': 0, 'batch_size': 4, 'max_epoch': 50, 'dataset_class': 'StatePointDataset', 'executor': 'StateExecutor', 'evaluator': 'StateEvaluator', 'Ks': 3, 'Kt': 3, 'blocks': [[1, 32, 64], [64, 32, 128]], 'dropout': 0, 'graph_conv_type': 'chebconv', 'stgcn_train_mode': 'quick', 'bidir_adj_mx': True, 'scaler': 'standard', 'load_external': False, 'normal_external': False, 'ext_scaler': 'none', 'add_time_in_day': False, 'add_day_in_week': False, 'learner': 'rmsprop', 'learning_rate': 0.001, 'lr_decay': True, 'lr_scheduler': 'steplr', 'lr_decay_ratio': 0.7, 'step_size': 5, 'clip_grad_norm': False, 'use_early_stop': False, 'cache_dataset': True, 'num_workers': 0, 'pad_with_last_sample': True, 'train_rate': 0.7, 'eval_rate': 0.1, 'input_window': 12, 'output_window': 12, 'robustness_test': False, 'noise_type': 'gaussian', 'disturb_rate': 0.5, 'noise_mean': [5], 'noise_SD': [10], 'gpu': True, 'gpu_id': 0, 'train_loss': 'none', 'epoch': 0, 'weight_decay': 0, 'lr_epsilon': 1e-08, 'lr_beta1': 0.9, 'lr_beta2': 0.999, 'lr_alpha': 0.99, 'lr_momentum': 0, 'steps': [5, 20, 40, 70], 'lr_T_max': 30, 'lr_eta_min': 0, 'lr_patience': 10, 'lr_threshold': 0.0001, 'max_grad_norm': 1.0, 'patience': 50, 'log_level': 'INFO', 'log_every': 1, 'load_best_epoch': True, 'hyper_tune': False, 'metrics': ['MAE', 'MAPE', 'RMSE'], 'evaluator_mode': 'single', 'save_mode': ['csv'], 'geo': {'including_types': ['Point'], 'Point': {}}, 'rel': {'including_types': ['geo'], 'geo': {'cost': 'num'}}, 'dyna': {'including_types': ['state'], 'state': {'entity_id': 'geo_id', 'traffic_speed': 'num'}}, 'data_col': ['traffic_speed'], 'weight_col': 'cost', 'data_files': ['lh'], 'geo_file': 'lh', 'rel_file': 'lh', 'output_dim': 1, 'time_intervals': 300, 'init_weight_inf_or_zero': 'inf', 'set_weight_link_or_dist': 'dist', 'calculate_weight_adj': True, 'weight_adj_epsilon': 0.1, 'device': device(type='cuda', index=0)}
2024-12-26 13:10:34,806 - INFO - Loaded file lh_feature.csv, shape=(1537, 32, 1)
2024-12-26 13:10:34,817 - INFO - Dataset created
2024-12-26 13:10:34,817 - INFO - x shape: (1514, 12, 32, 1), y shape: (1514, 12, 32, 1)
2024-12-26 13:10:34,817 - INFO - train	x: (1060, 12, 32, 1), y: (1060, 12, 32, 1)
2024-12-26 13:10:34,817 - INFO - eval	x: (151, 12, 32, 1), y: (151, 12, 32, 1)
2024-12-26 13:10:34,817 - INFO - test	x: (303, 12, 32, 1), y: (303, 12, 32, 1)
2024-12-26 13:10:34,872 - INFO - Saved at ./libcity/cache/dataset_cache/point_based_lh_12_12_0.7_0.1_standard_4_False_False_False_True.npz
2024-12-26 13:10:34,873 - INFO - StandardScaler mean: 405.7639151745381, std: 1347.634944990107
2024-12-26 13:10:34,874 - INFO - NoneScaler
2024-12-26 13:10:35,743 - INFO - You select quick mode to train STGCN model.
2024-12-26 13:10:35,756 - INFO - Chebyshev_polynomial_Lk shape: (3, 32, 32)
2024-12-26 13:10:41,276 - INFO - STGCN(
  (st_conv1): STConvBlock(
    (tconv1): TemporalConvLayer(
      (align): Align()
      (conv): Conv2d(1, 64, kernel_size=(3, 1), stride=(1, 1))
    )
    (sconv): SpatioConvLayer(
      (align): Align()
    )
    (tconv2): TemporalConvLayer(
      (align): Align()
      (conv): Conv2d(32, 64, kernel_size=(3, 1), stride=(1, 1))
    )
    (ln): LayerNorm((32, 64), eps=1e-05, elementwise_affine=True)
    (dropout): Dropout(p=0, inplace=False)
  )
  (st_conv2): STConvBlock(
    (tconv1): TemporalConvLayer(
      (align): Align(
        (conv1x1): Conv2d(64, 32, kernel_size=(1, 1), stride=(1, 1))
      )
      (conv): Conv2d(64, 64, kernel_size=(3, 1), stride=(1, 1))
    )
    (sconv): SpatioConvLayer(
      (align): Align()
    )
    (tconv2): TemporalConvLayer(
      (align): Align()
      (conv): Conv2d(32, 128, kernel_size=(3, 1), stride=(1, 1))
    )
    (ln): LayerNorm((32, 128), eps=1e-05, elementwise_affine=True)
    (dropout): Dropout(p=0, inplace=False)
  )
  (output): OutputLayer(
    (tconv1): TemporalConvLayer(
      (align): Align()
      (conv): Conv2d(128, 256, kernel_size=(4, 1), stride=(1, 1))
    )
    (ln): LayerNorm((32, 128), eps=1e-05, elementwise_affine=True)
    (tconv2): TemporalConvLayer(
      (align): Align()
      (conv): Conv2d(128, 128, kernel_size=(1, 1), stride=(1, 1))
    )
    (fc): FullyConvLayer(
      (conv): Conv2d(128, 1, kernel_size=(1, 1), stride=(1, 1))
    )
  )
)
2024-12-26 13:10:41,276 - INFO - st_conv1.tconv1.conv.weight	torch.Size([64, 1, 3, 1])	cuda:0	True
2024-12-26 13:10:41,276 - INFO - st_conv1.tconv1.conv.bias	torch.Size([64])	cuda:0	True
2024-12-26 13:10:41,276 - INFO - st_conv1.sconv.theta	torch.Size([32, 32, 3])	cuda:0	True
2024-12-26 13:10:41,276 - INFO - st_conv1.sconv.b	torch.Size([1, 32, 1, 1])	cuda:0	True
2024-12-26 13:10:41,277 - INFO - st_conv1.tconv2.conv.weight	torch.Size([64, 32, 3, 1])	cuda:0	True
2024-12-26 13:10:41,277 - INFO - st_conv1.tconv2.conv.bias	torch.Size([64])	cuda:0	True
2024-12-26 13:10:41,277 - INFO - st_conv1.ln.weight	torch.Size([32, 64])	cuda:0	True
2024-12-26 13:10:41,277 - INFO - st_conv1.ln.bias	torch.Size([32, 64])	cuda:0	True
2024-12-26 13:10:41,277 - INFO - st_conv2.tconv1.align.conv1x1.weight	torch.Size([32, 64, 1, 1])	cuda:0	True
2024-12-26 13:10:41,277 - INFO - st_conv2.tconv1.align.conv1x1.bias	torch.Size([32])	cuda:0	True
2024-12-26 13:10:41,277 - INFO - st_conv2.tconv1.conv.weight	torch.Size([64, 64, 3, 1])	cuda:0	True
2024-12-26 13:10:41,277 - INFO - st_conv2.tconv1.conv.bias	torch.Size([64])	cuda:0	True
2024-12-26 13:10:41,277 - INFO - st_conv2.sconv.theta	torch.Size([32, 32, 3])	cuda:0	True
2024-12-26 13:10:41,277 - INFO - st_conv2.sconv.b	torch.Size([1, 32, 1, 1])	cuda:0	True
2024-12-26 13:10:41,277 - INFO - st_conv2.tconv2.conv.weight	torch.Size([128, 32, 3, 1])	cuda:0	True
2024-12-26 13:10:41,277 - INFO - st_conv2.tconv2.conv.bias	torch.Size([128])	cuda:0	True
2024-12-26 13:10:41,277 - INFO - st_conv2.ln.weight	torch.Size([32, 128])	cuda:0	True
2024-12-26 13:10:41,277 - INFO - st_conv2.ln.bias	torch.Size([32, 128])	cuda:0	True
2024-12-26 13:10:41,278 - INFO - output.tconv1.conv.weight	torch.Size([256, 128, 4, 1])	cuda:0	True
2024-12-26 13:10:41,278 - INFO - output.tconv1.conv.bias	torch.Size([256])	cuda:0	True
2024-12-26 13:10:41,278 - INFO - output.ln.weight	torch.Size([32, 128])	cuda:0	True
2024-12-26 13:10:41,278 - INFO - output.ln.bias	torch.Size([32, 128])	cuda:0	True
2024-12-26 13:10:41,278 - INFO - output.tconv2.conv.weight	torch.Size([128, 128, 1, 1])	cuda:0	True
2024-12-26 13:10:41,278 - INFO - output.tconv2.conv.bias	torch.Size([128])	cuda:0	True
2024-12-26 13:10:41,278 - INFO - output.fc.conv.weight	torch.Size([1, 128, 1, 1])	cuda:0	True
2024-12-26 13:10:41,278 - INFO - output.fc.conv.bias	torch.Size([1])	cuda:0	True
2024-12-26 13:10:41,278 - INFO - Total parameter numbers: 207969
2024-12-26 13:10:41,278 - INFO - You select `rmsprop` optimizer.
2024-12-26 13:10:42,438 - INFO - You select `steplr` lr_scheduler.
2024-12-26 13:10:42,438 - WARNING - Received none train loss func and will use the loss func defined in the model.
2024-12-26 13:10:42,438 - INFO - Start training ...
2024-12-26 13:10:42,439 - INFO - num_batches:265
2024-12-26 13:10:43,908 - INFO - epoch complete!
2024-12-26 13:10:43,908 - INFO - evaluating now!
2024-12-26 13:10:44,415 - INFO - Epoch [0/50] train_loss: 0.0000, val_loss: 0.0000, lr: 0.001000, 1.98s
2024-12-26 13:10:44,421 - INFO - Saved model at 0
2024-12-26 13:10:44,421 - INFO - Val loss decrease from inf to 0.0000, saving to ./libcity/cache/1226/model_cache/STGCN_lh_epoch0.tar
2024-12-26 13:10:45,519 - INFO - epoch complete!
2024-12-26 13:10:45,520 - INFO - evaluating now!
2024-12-26 13:10:46,022 - INFO - Epoch [1/50] train_loss: 0.0000, val_loss: 0.0000, lr: 0.001000, 1.60s
2024-12-26 13:10:47,143 - INFO - epoch complete!
2024-12-26 13:10:47,143 - INFO - evaluating now!
2024-12-26 13:10:47,626 - INFO - Epoch [2/50] train_loss: 0.0000, val_loss: 0.0000, lr: 0.001000, 1.60s
2024-12-26 13:10:48,744 - INFO - epoch complete!
2024-12-26 13:10:48,744 - INFO - evaluating now!
2024-12-26 13:10:49,221 - INFO - Epoch [3/50] train_loss: 0.0000, val_loss: 0.0000, lr: 0.001000, 1.59s
2024-12-26 13:10:50,348 - INFO - epoch complete!
2024-12-26 13:10:50,349 - INFO - evaluating now!
2024-12-26 13:10:50,827 - INFO - Epoch [4/50] train_loss: 0.0000, val_loss: 0.0000, lr: 0.000700, 1.60s
2024-12-26 13:10:51,941 - INFO - epoch complete!
2024-12-26 13:10:51,942 - INFO - evaluating now!
2024-12-26 13:10:52,431 - INFO - Epoch [5/50] train_loss: 0.0000, val_loss: 0.0000, lr: 0.000700, 1.60s
2024-12-26 13:10:53,555 - INFO - epoch complete!
2024-12-26 13:10:53,555 - INFO - evaluating now!
2024-12-26 13:10:54,058 - INFO - Epoch [6/50] train_loss: 0.0000, val_loss: 0.0000, lr: 0.000700, 1.63s
2024-12-26 13:10:55,167 - INFO - epoch complete!
2024-12-26 13:10:55,168 - INFO - evaluating now!
2024-12-26 13:10:55,645 - INFO - Epoch [7/50] train_loss: 0.0000, val_loss: 0.0000, lr: 0.000700, 1.59s
2024-12-26 13:10:56,762 - INFO - epoch complete!
2024-12-26 13:10:56,762 - INFO - evaluating now!
2024-12-26 13:10:57,245 - INFO - Epoch [8/50] train_loss: 0.0000, val_loss: 0.0000, lr: 0.000700, 1.60s
2024-12-26 13:10:58,357 - INFO - epoch complete!
2024-12-26 13:10:58,357 - INFO - evaluating now!
2024-12-26 13:10:58,825 - INFO - Epoch [9/50] train_loss: 0.0000, val_loss: 0.0000, lr: 0.000490, 1.58s
2024-12-26 13:10:59,930 - INFO - epoch complete!
2024-12-26 13:10:59,931 - INFO - evaluating now!
2024-12-26 13:11:00,408 - INFO - Epoch [10/50] train_loss: 0.0000, val_loss: 0.0000, lr: 0.000490, 1.58s
2024-12-26 13:11:01,516 - INFO - epoch complete!
2024-12-26 13:11:01,517 - INFO - evaluating now!
2024-12-26 13:11:02,009 - INFO - Epoch [11/50] train_loss: 0.0000, val_loss: 0.0000, lr: 0.000490, 1.60s
2024-12-26 13:11:03,139 - INFO - epoch complete!
2024-12-26 13:11:03,139 - INFO - evaluating now!
2024-12-26 13:11:03,625 - INFO - Epoch [12/50] train_loss: 0.0000, val_loss: 0.0000, lr: 0.000490, 1.62s
2024-12-26 13:11:04,759 - INFO - epoch complete!
2024-12-26 13:11:04,760 - INFO - evaluating now!
2024-12-26 13:11:05,256 - INFO - Epoch [13/50] train_loss: 0.0000, val_loss: 0.0000, lr: 0.000490, 1.63s
2024-12-26 13:11:06,397 - INFO - epoch complete!
2024-12-26 13:11:06,397 - INFO - evaluating now!
2024-12-26 13:11:06,890 - INFO - Epoch [14/50] train_loss: 0.0000, val_loss: 0.0000, lr: 0.000343, 1.63s
2024-12-26 13:11:08,035 - INFO - epoch complete!
2024-12-26 13:11:08,035 - INFO - evaluating now!
2024-12-26 13:11:08,521 - INFO - Epoch [15/50] train_loss: 0.0000, val_loss: 0.0000, lr: 0.000343, 1.63s
2024-12-26 13:11:09,653 - INFO - epoch complete!
2024-12-26 13:11:09,654 - INFO - evaluating now!
2024-12-26 13:11:10,145 - INFO - Epoch [16/50] train_loss: 0.0000, val_loss: 0.0000, lr: 0.000343, 1.62s
2024-12-26 13:11:11,289 - INFO - epoch complete!
2024-12-26 13:11:11,290 - INFO - evaluating now!
2024-12-26 13:11:11,783 - INFO - Epoch [17/50] train_loss: 0.0000, val_loss: 0.0000, lr: 0.000343, 1.64s
2024-12-26 13:11:12,910 - INFO - epoch complete!
2024-12-26 13:11:12,910 - INFO - evaluating now!
2024-12-26 13:11:13,397 - INFO - Epoch [18/50] train_loss: 0.0000, val_loss: 0.0000, lr: 0.000343, 1.61s
2024-12-26 13:11:14,522 - INFO - epoch complete!
2024-12-26 13:11:14,522 - INFO - evaluating now!
2024-12-26 13:11:15,012 - INFO - Epoch [19/50] train_loss: 0.0000, val_loss: 0.0000, lr: 0.000240, 1.61s
2024-12-26 13:11:16,134 - INFO - epoch complete!
2024-12-26 13:11:16,134 - INFO - evaluating now!
2024-12-26 13:11:16,641 - INFO - Epoch [20/50] train_loss: 0.0000, val_loss: 0.0000, lr: 0.000240, 1.63s
2024-12-26 13:11:17,738 - INFO - epoch complete!
2024-12-26 13:11:17,738 - INFO - evaluating now!
2024-12-26 13:11:18,225 - INFO - Epoch [21/50] train_loss: 0.0000, val_loss: 0.0000, lr: 0.000240, 1.58s
2024-12-26 13:11:19,337 - INFO - epoch complete!
2024-12-26 13:11:19,337 - INFO - evaluating now!
2024-12-26 13:11:19,820 - INFO - Epoch [22/50] train_loss: 0.0000, val_loss: 0.0000, lr: 0.000240, 1.59s
2024-12-26 13:11:20,940 - INFO - epoch complete!
2024-12-26 13:11:20,940 - INFO - evaluating now!
2024-12-26 13:11:21,418 - INFO - Epoch [23/50] train_loss: 0.0000, val_loss: 0.0000, lr: 0.000240, 1.60s
2024-12-26 13:11:22,527 - INFO - epoch complete!
2024-12-26 13:11:22,528 - INFO - evaluating now!
2024-12-26 13:11:23,006 - INFO - Epoch [24/50] train_loss: 0.0000, val_loss: 0.0000, lr: 0.000168, 1.59s
2024-12-26 13:11:24,129 - INFO - epoch complete!
2024-12-26 13:11:24,130 - INFO - evaluating now!
2024-12-26 13:11:24,623 - INFO - Epoch [25/50] train_loss: 0.0000, val_loss: 0.0000, lr: 0.000168, 1.62s
2024-12-26 13:11:25,774 - INFO - epoch complete!
2024-12-26 13:11:25,774 - INFO - evaluating now!
2024-12-26 13:11:26,245 - INFO - Epoch [26/50] train_loss: 0.0000, val_loss: 0.0000, lr: 0.000168, 1.62s
2024-12-26 13:11:27,380 - INFO - epoch complete!
2024-12-26 13:11:27,380 - INFO - evaluating now!
2024-12-26 13:11:27,876 - INFO - Epoch [27/50] train_loss: 0.0000, val_loss: 0.0000, lr: 0.000168, 1.63s
2024-12-26 13:11:29,034 - INFO - epoch complete!
2024-12-26 13:11:29,034 - INFO - evaluating now!
2024-12-26 13:11:29,506 - INFO - Epoch [28/50] train_loss: 0.0000, val_loss: 0.0000, lr: 0.000168, 1.63s
2024-12-26 13:11:30,638 - INFO - epoch complete!
2024-12-26 13:11:30,638 - INFO - evaluating now!
2024-12-26 13:11:31,125 - INFO - Epoch [29/50] train_loss: 0.0000, val_loss: 0.0000, lr: 0.000118, 1.62s
2024-12-26 13:11:32,272 - INFO - epoch complete!
2024-12-26 13:11:32,273 - INFO - evaluating now!
2024-12-26 13:11:32,749 - INFO - Epoch [30/50] train_loss: 0.0000, val_loss: 0.0000, lr: 0.000118, 1.62s
2024-12-26 13:11:33,868 - INFO - epoch complete!
2024-12-26 13:11:33,869 - INFO - evaluating now!
2024-12-26 13:11:34,363 - INFO - Epoch [31/50] train_loss: 0.0000, val_loss: 0.0000, lr: 0.000118, 1.61s
2024-12-26 13:11:35,485 - INFO - epoch complete!
2024-12-26 13:11:35,486 - INFO - evaluating now!
2024-12-26 13:11:35,965 - INFO - Epoch [32/50] train_loss: 0.0000, val_loss: 0.0000, lr: 0.000118, 1.60s
2024-12-26 13:11:37,074 - INFO - epoch complete!
2024-12-26 13:11:37,074 - INFO - evaluating now!
2024-12-26 13:11:37,551 - INFO - Epoch [33/50] train_loss: 0.0000, val_loss: 0.0000, lr: 0.000118, 1.59s
2024-12-26 13:11:38,677 - INFO - epoch complete!
2024-12-26 13:11:38,677 - INFO - evaluating now!
2024-12-26 13:11:39,176 - INFO - Epoch [34/50] train_loss: 0.0000, val_loss: 0.0000, lr: 0.000082, 1.63s
2024-12-26 13:11:40,287 - INFO - epoch complete!
2024-12-26 13:11:40,288 - INFO - evaluating now!
2024-12-26 13:11:40,763 - INFO - Epoch [35/50] train_loss: 0.0000, val_loss: 0.0000, lr: 0.000082, 1.59s
2024-12-26 13:11:41,893 - INFO - epoch complete!
2024-12-26 13:11:41,893 - INFO - evaluating now!
2024-12-26 13:11:42,381 - INFO - Epoch [36/50] train_loss: 0.0000, val_loss: 0.0000, lr: 0.000082, 1.62s
2024-12-26 13:11:43,499 - INFO - epoch complete!
2024-12-26 13:11:43,500 - INFO - evaluating now!
2024-12-26 13:11:43,975 - INFO - Epoch [37/50] train_loss: 0.0000, val_loss: 0.0000, lr: 0.000082, 1.59s
2024-12-26 13:11:45,097 - INFO - epoch complete!
2024-12-26 13:11:45,097 - INFO - evaluating now!
2024-12-26 13:11:45,568 - INFO - Epoch [38/50] train_loss: 0.0000, val_loss: 0.0000, lr: 0.000082, 1.59s
2024-12-26 13:11:46,680 - INFO - epoch complete!
2024-12-26 13:11:46,680 - INFO - evaluating now!
2024-12-26 13:11:47,154 - INFO - Epoch [39/50] train_loss: 0.0000, val_loss: 0.0000, lr: 0.000058, 1.59s
2024-12-26 13:11:48,257 - INFO - epoch complete!
2024-12-26 13:11:48,257 - INFO - evaluating now!
2024-12-26 13:11:48,737 - INFO - Epoch [40/50] train_loss: 0.0000, val_loss: 0.0000, lr: 0.000058, 1.58s
2024-12-26 13:11:49,871 - INFO - epoch complete!
2024-12-26 13:11:49,871 - INFO - evaluating now!
2024-12-26 13:11:50,387 - INFO - Epoch [41/50] train_loss: 0.0000, val_loss: 0.0000, lr: 0.000058, 1.65s
2024-12-26 13:11:51,476 - INFO - epoch complete!
2024-12-26 13:11:51,476 - INFO - evaluating now!
2024-12-26 13:11:51,950 - INFO - Epoch [42/50] train_loss: 0.0000, val_loss: 0.0000, lr: 0.000058, 1.56s
2024-12-26 13:11:53,052 - INFO - epoch complete!
2024-12-26 13:11:53,053 - INFO - evaluating now!
2024-12-26 13:11:53,546 - INFO - Epoch [43/50] train_loss: 0.0000, val_loss: 0.0000, lr: 0.000058, 1.60s
2024-12-26 13:11:54,663 - INFO - epoch complete!
2024-12-26 13:11:54,663 - INFO - evaluating now!
2024-12-26 13:11:55,165 - INFO - Epoch [44/50] train_loss: 0.0000, val_loss: 0.0000, lr: 0.000040, 1.62s
2024-12-26 13:11:56,297 - INFO - epoch complete!
2024-12-26 13:11:56,298 - INFO - evaluating now!
2024-12-26 13:11:56,771 - INFO - Epoch [45/50] train_loss: 0.0000, val_loss: 0.0000, lr: 0.000040, 1.61s
2024-12-26 13:11:57,892 - INFO - epoch complete!
2024-12-26 13:11:57,893 - INFO - evaluating now!
2024-12-26 13:11:58,386 - INFO - Epoch [46/50] train_loss: 0.0000, val_loss: 0.0000, lr: 0.000040, 1.61s
2024-12-26 13:11:59,505 - INFO - epoch complete!
2024-12-26 13:11:59,506 - INFO - evaluating now!
2024-12-26 13:12:00,016 - INFO - Epoch [47/50] train_loss: 0.0000, val_loss: 0.0000, lr: 0.000040, 1.63s
2024-12-26 13:12:01,145 - INFO - epoch complete!
2024-12-26 13:12:01,145 - INFO - evaluating now!
2024-12-26 13:12:01,631 - INFO - Epoch [48/50] train_loss: 0.0000, val_loss: 0.0000, lr: 0.000040, 1.61s
2024-12-26 13:12:02,748 - INFO - epoch complete!
2024-12-26 13:12:02,748 - INFO - evaluating now!
2024-12-26 13:12:03,247 - INFO - Epoch [49/50] train_loss: 0.0000, val_loss: 0.0000, lr: 0.000028, 1.62s
2024-12-26 13:12:03,248 - INFO - Trained totally 50 epochs, average train time is 1.128s, average eval time is 0.487s
2024-12-26 13:12:03,267 - INFO - Loaded model at 0
2024-12-26 13:12:03,267 - INFO - Saved model at ./libcity/cache/1226/model_cache/STGCN_lh.m
2024-12-26 13:12:03,272 - INFO - Start evaluating ...
2024-12-26 13:12:04,309 - INFO - Note that you select the single mode to evaluate!
2024-12-26 13:12:04,311 - INFO - Evaluate result is saved at ./libcity/cache/1226/evaluate_cache\2024_12_26_13_12_04_STGCN_lh.csv
2024-12-26 13:12:04,315 - INFO - 
    MAE  MAPE  RMSE
1   0.0   0.0   0.0
2   0.0   0.0   0.0
3   0.0   0.0   0.0
4   0.0   0.0   0.0
5   0.0   0.0   0.0
6   0.0   0.0   0.0
7   0.0   0.0   0.0
8   0.0   0.0   0.0
9   0.0   0.0   0.0
10  0.0   0.0   0.0
11  0.0   0.0   0.0
12  0.0   0.0   0.0
