2024-10-27 13:35:17,217 - INFO - Log directory: ./libcity/log
2024-10-27 13:35:17,218 - INFO - Begin pipeline, task=MTS_pred, model_name=STGCN, dataset_name=METR_LA, exp_id=123
2024-10-27 13:35:17,218 - INFO - {'task': 'MTS_pred', 'model': 'STGCN', 'dataset': 'METR_LA', 'saved_model': True, 'exp_id': '123', 'seed': 0, 'max_epoch': 50, 'dataset_class': 'StatePointDataset', 'executor': 'StateExecutor', 'evaluator': 'StateEvaluator', 'Ks': 3, 'Kt': 3, 'blocks': [[1, 32, 64], [64, 32, 128]], 'dropout': 0, 'graph_conv_type': 'chebconv', 'stgcn_train_mode': 'quick', 'bidir_adj_mx': True, 'scaler': 'standard', 'load_external': False, 'normal_external': False, 'ext_scaler': 'none', 'add_time_in_day': False, 'add_day_in_week': False, 'learner': 'rmsprop', 'learning_rate': 0.001, 'lr_decay': True, 'lr_scheduler': 'steplr', 'lr_decay_ratio': 0.7, 'step_size': 5, 'clip_grad_norm': False, 'use_early_stop': False, 'batch_size': 64, 'cache_dataset': True, 'num_workers': 0, 'pad_with_last_sample': True, 'train_rate': 0.7, 'eval_rate': 0.1, 'input_window': 12, 'output_window': 12, 'robustness_test': False, 'noise_type': 'gaussian', 'disturb_rate': 0.5, 'noise_mean': [5], 'noise_SD': [10], 'gpu': True, 'gpu_id': 0, 'train_loss': 'none', 'epoch': 0, 'weight_decay': 0, 'lr_epsilon': 1e-08, 'lr_beta1': 0.9, 'lr_beta2': 0.999, 'lr_alpha': 0.99, 'lr_momentum': 0, 'steps': [5, 20, 40, 70], 'lr_T_max': 30, 'lr_eta_min': 0, 'lr_patience': 10, 'lr_threshold': 0.0001, 'max_grad_norm': 1.0, 'patience': 50, 'log_level': 'INFO', 'log_every': 1, 'load_best_epoch': True, 'hyper_tune': False, 'metrics': ['MAE', 'MAPE', 'RMSE'], 'evaluator_mode': 'single', 'save_mode': ['csv'], 'geo': {'including_types': ['Point'], 'Point': {}}, 'rel': {'including_types': ['geo'], 'geo': {'cost': 'num'}}, 'dyna': {'including_types': ['state'], 'state': {'entity_id': 'geo_id', 'traffic_speed': 'num'}}, 'data_col': ['traffic_speed'], 'weight_col': 'cost', 'data_files': ['METR_LA'], 'geo_file': 'METR_LA', 'rel_file': 'METR_LA', 'output_dim': 1, 'time_intervals': 300, 'init_weight_inf_or_zero': 'inf', 'set_weight_link_or_dist': 'dist', 'calculate_weight_adj': True, 'weight_adj_epsilon': 0.1, 'device': device(type='cuda', index=0)}
2024-10-27 13:35:17,777 - INFO - Loaded file METR_LA_feature.csv, shape=(34272, 207, 1)
2024-10-27 13:35:18,777 - INFO - Dataset created
2024-10-27 13:35:18,777 - INFO - x shape: (34249, 12, 207, 1), y shape: (34249, 12, 207, 1)
2024-10-27 13:35:18,781 - INFO - train	x: (23974, 12, 207, 1), y: (23974, 12, 207, 1)
2024-10-27 13:35:18,781 - INFO - eval	x: (3425, 12, 207, 1), y: (3425, 12, 207, 1)
2024-10-27 13:35:18,781 - INFO - test	x: (6850, 12, 207, 1), y: (6850, 12, 207, 1)
2024-10-27 13:35:31,777 - INFO - Saved at ./libcity/cache/dataset_cache/point_based_METR_LA_12_12_0.7_0.1_standard_64_False_False_False_True.npz
2024-10-27 13:35:31,962 - INFO - StandardScaler mean: 54.40592829587626, std: 19.493739270573098
2024-10-27 13:35:31,962 - INFO - NoneScaler
2024-10-27 13:35:32,804 - INFO - You select quick mode to train STGCN model.
2024-10-27 13:35:32,933 - INFO - Chebyshev_polynomial_Lk shape: (3, 207, 207)
2024-10-27 13:35:33,079 - INFO - STGCN(
  (st_conv1): STConvBlock(
    (tconv1): TemporalConvLayer(
      (align): Align()
      (conv): Conv2d(1, 64, kernel_size=(3, 1), stride=(1, 1))
    )
    (sconv): SpatioConvLayer(
      (align): Align()
    )
    (tconv2): TemporalConvLayer(
      (align): Align()
      (conv): Conv2d(32, 64, kernel_size=(3, 1), stride=(1, 1))
    )
    (ln): LayerNorm((207, 64), eps=1e-05, elementwise_affine=True)
    (dropout): Dropout(p=0, inplace=False)
  )
  (st_conv2): STConvBlock(
    (tconv1): TemporalConvLayer(
      (align): Align(
        (conv1x1): Conv2d(64, 32, kernel_size=(1, 1), stride=(1, 1))
      )
      (conv): Conv2d(64, 64, kernel_size=(3, 1), stride=(1, 1))
    )
    (sconv): SpatioConvLayer(
      (align): Align()
    )
    (tconv2): TemporalConvLayer(
      (align): Align()
      (conv): Conv2d(32, 128, kernel_size=(3, 1), stride=(1, 1))
    )
    (ln): LayerNorm((207, 128), eps=1e-05, elementwise_affine=True)
    (dropout): Dropout(p=0, inplace=False)
  )
  (output): OutputLayer(
    (tconv1): TemporalConvLayer(
      (align): Align()
      (conv): Conv2d(128, 256, kernel_size=(4, 1), stride=(1, 1))
    )
    (ln): LayerNorm((207, 128), eps=1e-05, elementwise_affine=True)
    (tconv2): TemporalConvLayer(
      (align): Align()
      (conv): Conv2d(128, 128, kernel_size=(1, 1), stride=(1, 1))
    )
    (fc): FullyConvLayer(
      (conv): Conv2d(128, 1, kernel_size=(1, 1), stride=(1, 1))
    )
  )
)
2024-10-27 13:35:33,079 - INFO - st_conv1.tconv1.conv.weight	torch.Size([64, 1, 3, 1])	cuda:0	True
2024-10-27 13:35:33,079 - INFO - st_conv1.tconv1.conv.bias	torch.Size([64])	cuda:0	True
2024-10-27 13:35:33,079 - INFO - st_conv1.sconv.theta	torch.Size([32, 32, 3])	cuda:0	True
2024-10-27 13:35:33,079 - INFO - st_conv1.sconv.b	torch.Size([1, 32, 1, 1])	cuda:0	True
2024-10-27 13:35:33,080 - INFO - st_conv1.tconv2.conv.weight	torch.Size([64, 32, 3, 1])	cuda:0	True
2024-10-27 13:35:33,080 - INFO - st_conv1.tconv2.conv.bias	torch.Size([64])	cuda:0	True
2024-10-27 13:35:33,080 - INFO - st_conv1.ln.weight	torch.Size([207, 64])	cuda:0	True
2024-10-27 13:35:33,080 - INFO - st_conv1.ln.bias	torch.Size([207, 64])	cuda:0	True
2024-10-27 13:35:33,080 - INFO - st_conv2.tconv1.align.conv1x1.weight	torch.Size([32, 64, 1, 1])	cuda:0	True
2024-10-27 13:35:33,080 - INFO - st_conv2.tconv1.align.conv1x1.bias	torch.Size([32])	cuda:0	True
2024-10-27 13:35:33,080 - INFO - st_conv2.tconv1.conv.weight	torch.Size([64, 64, 3, 1])	cuda:0	True
2024-10-27 13:35:33,080 - INFO - st_conv2.tconv1.conv.bias	torch.Size([64])	cuda:0	True
2024-10-27 13:35:33,080 - INFO - st_conv2.sconv.theta	torch.Size([32, 32, 3])	cuda:0	True
2024-10-27 13:35:33,080 - INFO - st_conv2.sconv.b	torch.Size([1, 32, 1, 1])	cuda:0	True
2024-10-27 13:35:33,080 - INFO - st_conv2.tconv2.conv.weight	torch.Size([128, 32, 3, 1])	cuda:0	True
2024-10-27 13:35:33,080 - INFO - st_conv2.tconv2.conv.bias	torch.Size([128])	cuda:0	True
2024-10-27 13:35:33,080 - INFO - st_conv2.ln.weight	torch.Size([207, 128])	cuda:0	True
2024-10-27 13:35:33,080 - INFO - st_conv2.ln.bias	torch.Size([207, 128])	cuda:0	True
2024-10-27 13:35:33,080 - INFO - output.tconv1.conv.weight	torch.Size([256, 128, 4, 1])	cuda:0	True
2024-10-27 13:35:33,080 - INFO - output.tconv1.conv.bias	torch.Size([256])	cuda:0	True
2024-10-27 13:35:33,080 - INFO - output.ln.weight	torch.Size([207, 128])	cuda:0	True
2024-10-27 13:35:33,080 - INFO - output.ln.bias	torch.Size([207, 128])	cuda:0	True
2024-10-27 13:35:33,080 - INFO - output.tconv2.conv.weight	torch.Size([128, 128, 1, 1])	cuda:0	True
2024-10-27 13:35:33,080 - INFO - output.tconv2.conv.bias	torch.Size([128])	cuda:0	True
2024-10-27 13:35:33,080 - INFO - output.fc.conv.weight	torch.Size([1, 128, 1, 1])	cuda:0	True
2024-10-27 13:35:33,080 - INFO - output.fc.conv.bias	torch.Size([1])	cuda:0	True
2024-10-27 13:35:33,080 - INFO - Total parameter numbers: 319969
2024-10-27 13:35:33,080 - INFO - You select `rmsprop` optimizer.
2024-10-27 13:35:33,671 - INFO - You select `steplr` lr_scheduler.
2024-10-27 13:35:33,671 - WARNING - Received none train loss func and will use the loss func defined in the model.
2024-10-27 13:35:33,671 - INFO - Start training ...
2024-10-27 13:35:33,671 - INFO - num_batches:375
2024-10-27 13:35:38,273 - INFO - epoch complete!
2024-10-27 13:35:38,273 - INFO - evaluating now!
2024-10-27 13:35:39,527 - INFO - Epoch [0/50] train_loss: 56.1305, val_loss: 185.9446, lr: 0.001000, 5.86s
2024-10-27 13:35:39,534 - INFO - Saved model at 0
2024-10-27 13:35:39,534 - INFO - Val loss decrease from inf to 185.9446, saving to ./libcity/cache/123/model_cache/STGCN_METR_LA_epoch0.tar
2024-10-27 13:35:43,307 - INFO - epoch complete!
2024-10-27 13:35:43,307 - INFO - evaluating now!
2024-10-27 13:35:44,562 - INFO - Epoch [1/50] train_loss: 41.2052, val_loss: 186.6648, lr: 0.001000, 5.03s
2024-10-27 13:35:48,353 - INFO - epoch complete!
2024-10-27 13:35:48,353 - INFO - evaluating now!
2024-10-27 13:35:49,608 - INFO - Epoch [2/50] train_loss: 39.7748, val_loss: 146.5309, lr: 0.001000, 5.05s
2024-10-27 13:35:49,614 - INFO - Saved model at 2
2024-10-27 13:35:49,614 - INFO - Val loss decrease from 185.9446 to 146.5309, saving to ./libcity/cache/123/model_cache/STGCN_METR_LA_epoch2.tar
2024-10-27 13:35:53,388 - INFO - epoch complete!
2024-10-27 13:35:53,389 - INFO - evaluating now!
2024-10-27 13:35:54,646 - INFO - Epoch [3/50] train_loss: 38.9773, val_loss: 192.7995, lr: 0.001000, 5.03s
2024-10-27 13:35:58,406 - INFO - epoch complete!
2024-10-27 13:35:58,406 - INFO - evaluating now!
2024-10-27 13:35:59,663 - INFO - Epoch [4/50] train_loss: 38.5995, val_loss: 136.2381, lr: 0.000700, 5.02s
2024-10-27 13:35:59,669 - INFO - Saved model at 4
2024-10-27 13:35:59,669 - INFO - Val loss decrease from 146.5309 to 136.2381, saving to ./libcity/cache/123/model_cache/STGCN_METR_LA_epoch4.tar
2024-10-27 13:36:03,457 - INFO - epoch complete!
2024-10-27 13:36:03,457 - INFO - evaluating now!
2024-10-27 13:36:04,717 - INFO - Epoch [5/50] train_loss: 36.8490, val_loss: 128.2852, lr: 0.000700, 5.05s
2024-10-27 13:36:04,722 - INFO - Saved model at 5
2024-10-27 13:36:04,723 - INFO - Val loss decrease from 136.2381 to 128.2852, saving to ./libcity/cache/123/model_cache/STGCN_METR_LA_epoch5.tar
2024-10-27 13:36:08,486 - INFO - epoch complete!
2024-10-27 13:36:08,486 - INFO - evaluating now!
2024-10-27 13:36:09,746 - INFO - Epoch [6/50] train_loss: 36.6276, val_loss: 134.3281, lr: 0.000700, 5.02s
2024-10-27 13:36:13,512 - INFO - epoch complete!
2024-10-27 13:36:13,512 - INFO - evaluating now!
2024-10-27 13:36:14,775 - INFO - Epoch [7/50] train_loss: 36.3654, val_loss: 132.0184, lr: 0.000700, 5.03s
2024-10-27 13:36:18,531 - INFO - epoch complete!
2024-10-27 13:36:18,531 - INFO - evaluating now!
2024-10-27 13:36:19,792 - INFO - Epoch [8/50] train_loss: 35.8952, val_loss: 140.9320, lr: 0.000700, 5.02s
2024-10-27 13:36:23,551 - INFO - epoch complete!
2024-10-27 13:36:23,551 - INFO - evaluating now!
2024-10-27 13:36:24,813 - INFO - Epoch [9/50] train_loss: 35.8359, val_loss: 129.3415, lr: 0.000490, 5.02s
2024-10-27 13:36:28,570 - INFO - epoch complete!
2024-10-27 13:36:28,570 - INFO - evaluating now!
2024-10-27 13:36:29,832 - INFO - Epoch [10/50] train_loss: 34.9352, val_loss: 130.4635, lr: 0.000490, 5.02s
2024-10-27 13:36:33,589 - INFO - epoch complete!
2024-10-27 13:36:33,589 - INFO - evaluating now!
2024-10-27 13:36:34,852 - INFO - Epoch [11/50] train_loss: 34.6831, val_loss: 143.4768, lr: 0.000490, 5.02s
2024-10-27 13:36:38,628 - INFO - epoch complete!
2024-10-27 13:36:38,628 - INFO - evaluating now!
2024-10-27 13:36:39,891 - INFO - Epoch [12/50] train_loss: 34.5558, val_loss: 138.9565, lr: 0.000490, 5.04s
2024-10-27 13:36:43,673 - INFO - epoch complete!
2024-10-27 13:36:43,673 - INFO - evaluating now!
2024-10-27 13:36:44,936 - INFO - Epoch [13/50] train_loss: 34.2677, val_loss: 128.8792, lr: 0.000490, 5.04s
2024-10-27 13:36:48,748 - INFO - epoch complete!
2024-10-27 13:36:48,748 - INFO - evaluating now!
2024-10-27 13:36:50,012 - INFO - Epoch [14/50] train_loss: 33.9366, val_loss: 125.3358, lr: 0.000343, 5.08s
2024-10-27 13:36:50,017 - INFO - Saved model at 14
2024-10-27 13:36:50,018 - INFO - Val loss decrease from 128.2852 to 125.3358, saving to ./libcity/cache/123/model_cache/STGCN_METR_LA_epoch14.tar
2024-10-27 13:36:53,827 - INFO - epoch complete!
2024-10-27 13:36:53,827 - INFO - evaluating now!
2024-10-27 13:36:55,090 - INFO - Epoch [15/50] train_loss: 33.2619, val_loss: 127.4528, lr: 0.000343, 5.07s
2024-10-27 13:36:58,835 - INFO - epoch complete!
2024-10-27 13:36:58,835 - INFO - evaluating now!
2024-10-27 13:37:00,097 - INFO - Epoch [16/50] train_loss: 33.2314, val_loss: 125.9532, lr: 0.000343, 5.01s
2024-10-27 13:37:03,876 - INFO - epoch complete!
2024-10-27 13:37:03,877 - INFO - evaluating now!
2024-10-27 13:37:05,141 - INFO - Epoch [17/50] train_loss: 33.0877, val_loss: 125.1932, lr: 0.000343, 5.04s
2024-10-27 13:37:05,147 - INFO - Saved model at 17
2024-10-27 13:37:05,147 - INFO - Val loss decrease from 125.3358 to 125.1932, saving to ./libcity/cache/123/model_cache/STGCN_METR_LA_epoch17.tar
2024-10-27 13:37:08,902 - INFO - epoch complete!
2024-10-27 13:37:08,902 - INFO - evaluating now!
2024-10-27 13:37:10,162 - INFO - Epoch [18/50] train_loss: 32.7916, val_loss: 129.5988, lr: 0.000343, 5.02s
2024-10-27 13:37:13,976 - INFO - epoch complete!
2024-10-27 13:37:13,976 - INFO - evaluating now!
2024-10-27 13:37:15,239 - INFO - Epoch [19/50] train_loss: 32.7248, val_loss: 124.9853, lr: 0.000240, 5.08s
2024-10-27 13:37:15,245 - INFO - Saved model at 19
2024-10-27 13:37:15,245 - INFO - Val loss decrease from 125.1932 to 124.9853, saving to ./libcity/cache/123/model_cache/STGCN_METR_LA_epoch19.tar
2024-10-27 13:37:19,065 - INFO - epoch complete!
2024-10-27 13:37:19,065 - INFO - evaluating now!
2024-10-27 13:37:20,329 - INFO - Epoch [20/50] train_loss: 32.3393, val_loss: 125.3527, lr: 0.000240, 5.08s
2024-10-27 13:37:24,102 - INFO - epoch complete!
2024-10-27 13:37:24,103 - INFO - evaluating now!
2024-10-27 13:37:25,365 - INFO - Epoch [21/50] train_loss: 32.0883, val_loss: 140.6436, lr: 0.000240, 5.04s
2024-10-27 13:37:29,142 - INFO - epoch complete!
2024-10-27 13:37:29,143 - INFO - evaluating now!
2024-10-27 13:37:30,404 - INFO - Epoch [22/50] train_loss: 31.9606, val_loss: 123.6134, lr: 0.000240, 5.04s
2024-10-27 13:37:30,410 - INFO - Saved model at 22
2024-10-27 13:37:30,410 - INFO - Val loss decrease from 124.9853 to 123.6134, saving to ./libcity/cache/123/model_cache/STGCN_METR_LA_epoch22.tar
2024-10-27 13:37:34,180 - INFO - epoch complete!
2024-10-27 13:37:34,180 - INFO - evaluating now!
2024-10-27 13:37:35,444 - INFO - Epoch [23/50] train_loss: 31.6774, val_loss: 127.1309, lr: 0.000240, 5.03s
2024-10-27 13:37:39,226 - INFO - epoch complete!
2024-10-27 13:37:39,227 - INFO - evaluating now!
2024-10-27 13:37:40,491 - INFO - Epoch [24/50] train_loss: 31.5043, val_loss: 125.6466, lr: 0.000168, 5.05s
2024-10-27 13:37:44,274 - INFO - epoch complete!
2024-10-27 13:37:44,275 - INFO - evaluating now!
2024-10-27 13:37:45,538 - INFO - Epoch [25/50] train_loss: 31.2943, val_loss: 123.5261, lr: 0.000168, 5.05s
2024-10-27 13:37:45,544 - INFO - Saved model at 25
2024-10-27 13:37:45,544 - INFO - Val loss decrease from 123.6134 to 123.5261, saving to ./libcity/cache/123/model_cache/STGCN_METR_LA_epoch25.tar
2024-10-27 13:37:49,308 - INFO - epoch complete!
2024-10-27 13:37:49,308 - INFO - evaluating now!
2024-10-27 13:37:50,571 - INFO - Epoch [26/50] train_loss: 31.1624, val_loss: 125.6851, lr: 0.000168, 5.03s
2024-10-27 13:37:54,345 - INFO - epoch complete!
2024-10-27 13:37:54,346 - INFO - evaluating now!
2024-10-27 13:37:55,610 - INFO - Epoch [27/50] train_loss: 31.0748, val_loss: 130.4589, lr: 0.000168, 5.04s
2024-10-27 13:37:59,346 - INFO - epoch complete!
2024-10-27 13:37:59,347 - INFO - evaluating now!
2024-10-27 13:38:00,609 - INFO - Epoch [28/50] train_loss: 30.9460, val_loss: 125.7710, lr: 0.000168, 5.00s
2024-10-27 13:38:04,423 - INFO - epoch complete!
2024-10-27 13:38:04,424 - INFO - evaluating now!
2024-10-27 13:38:05,690 - INFO - Epoch [29/50] train_loss: 30.8115, val_loss: 133.7707, lr: 0.000118, 5.08s
2024-10-27 13:38:09,484 - INFO - epoch complete!
2024-10-27 13:38:09,484 - INFO - evaluating now!
2024-10-27 13:38:10,748 - INFO - Epoch [30/50] train_loss: 30.6124, val_loss: 128.0880, lr: 0.000118, 5.06s
2024-10-27 13:38:14,521 - INFO - epoch complete!
2024-10-27 13:38:14,521 - INFO - evaluating now!
2024-10-27 13:38:15,787 - INFO - Epoch [31/50] train_loss: 30.4820, val_loss: 125.9466, lr: 0.000118, 5.04s
2024-10-27 13:38:19,557 - INFO - epoch complete!
2024-10-27 13:38:19,557 - INFO - evaluating now!
2024-10-27 13:38:20,821 - INFO - Epoch [32/50] train_loss: 30.4206, val_loss: 130.9566, lr: 0.000118, 5.03s
2024-10-27 13:38:24,607 - INFO - epoch complete!
2024-10-27 13:38:24,607 - INFO - evaluating now!
2024-10-27 13:38:25,871 - INFO - Epoch [33/50] train_loss: 30.3618, val_loss: 124.6401, lr: 0.000118, 5.05s
2024-10-27 13:38:29,630 - INFO - epoch complete!
2024-10-27 13:38:29,631 - INFO - evaluating now!
2024-10-27 13:38:30,896 - INFO - Epoch [34/50] train_loss: 30.2302, val_loss: 125.9595, lr: 0.000082, 5.03s
2024-10-27 13:38:34,661 - INFO - epoch complete!
2024-10-27 13:38:34,661 - INFO - evaluating now!
2024-10-27 13:38:35,925 - INFO - Epoch [35/50] train_loss: 30.1078, val_loss: 126.1238, lr: 0.000082, 5.03s
2024-10-27 13:38:39,719 - INFO - epoch complete!
2024-10-27 13:38:39,720 - INFO - evaluating now!
2024-10-27 13:38:40,984 - INFO - Epoch [36/50] train_loss: 29.9866, val_loss: 125.1983, lr: 0.000082, 5.06s
2024-10-27 13:38:44,738 - INFO - epoch complete!
2024-10-27 13:38:44,738 - INFO - evaluating now!
2024-10-27 13:38:46,003 - INFO - Epoch [37/50] train_loss: 29.9598, val_loss: 135.6759, lr: 0.000082, 5.02s
2024-10-27 13:38:49,786 - INFO - epoch complete!
2024-10-27 13:38:49,786 - INFO - evaluating now!
2024-10-27 13:38:51,049 - INFO - Epoch [38/50] train_loss: 29.8799, val_loss: 126.6357, lr: 0.000082, 5.05s
2024-10-27 13:38:54,836 - INFO - epoch complete!
2024-10-27 13:38:54,836 - INFO - evaluating now!
2024-10-27 13:38:56,101 - INFO - Epoch [39/50] train_loss: 29.8242, val_loss: 124.2189, lr: 0.000058, 5.05s
2024-10-27 13:38:59,886 - INFO - epoch complete!
2024-10-27 13:38:59,886 - INFO - evaluating now!
2024-10-27 13:39:01,150 - INFO - Epoch [40/50] train_loss: 29.6856, val_loss: 129.1643, lr: 0.000058, 5.05s
2024-10-27 13:39:04,917 - INFO - epoch complete!
2024-10-27 13:39:04,917 - INFO - evaluating now!
2024-10-27 13:39:06,182 - INFO - Epoch [41/50] train_loss: 29.6588, val_loss: 127.1548, lr: 0.000058, 5.03s
2024-10-27 13:39:09,967 - INFO - epoch complete!
2024-10-27 13:39:09,967 - INFO - evaluating now!
2024-10-27 13:39:11,231 - INFO - Epoch [42/50] train_loss: 29.6301, val_loss: 128.4315, lr: 0.000058, 5.05s
2024-10-27 13:39:14,993 - INFO - epoch complete!
2024-10-27 13:39:14,994 - INFO - evaluating now!
2024-10-27 13:39:16,258 - INFO - Epoch [43/50] train_loss: 29.5661, val_loss: 125.7356, lr: 0.000058, 5.03s
2024-10-27 13:39:20,019 - INFO - epoch complete!
2024-10-27 13:39:20,020 - INFO - evaluating now!
2024-10-27 13:39:21,283 - INFO - Epoch [44/50] train_loss: 29.5428, val_loss: 126.8587, lr: 0.000040, 5.02s
2024-10-27 13:39:25,014 - INFO - epoch complete!
2024-10-27 13:39:25,015 - INFO - evaluating now!
2024-10-27 13:39:26,278 - INFO - Epoch [45/50] train_loss: 29.4613, val_loss: 127.2542, lr: 0.000040, 5.00s
2024-10-27 13:39:30,053 - INFO - epoch complete!
2024-10-27 13:39:30,054 - INFO - evaluating now!
2024-10-27 13:39:31,317 - INFO - Epoch [46/50] train_loss: 29.4073, val_loss: 125.5423, lr: 0.000040, 5.04s
2024-10-27 13:39:35,082 - INFO - epoch complete!
2024-10-27 13:39:35,083 - INFO - evaluating now!
2024-10-27 13:39:36,346 - INFO - Epoch [47/50] train_loss: 29.3840, val_loss: 127.9356, lr: 0.000040, 5.03s
2024-10-27 13:39:40,120 - INFO - epoch complete!
2024-10-27 13:39:40,120 - INFO - evaluating now!
2024-10-27 13:39:41,383 - INFO - Epoch [48/50] train_loss: 29.3683, val_loss: 127.1362, lr: 0.000040, 5.04s
2024-10-27 13:39:45,135 - INFO - epoch complete!
2024-10-27 13:39:45,135 - INFO - evaluating now!
2024-10-27 13:39:46,400 - INFO - Epoch [49/50] train_loss: 29.3095, val_loss: 126.9611, lr: 0.000028, 5.02s
2024-10-27 13:39:46,400 - INFO - Trained totally 50 epochs, average train time is 3.790s, average eval time is 1.262s
2024-10-27 13:39:46,406 - INFO - Loaded model at 25
2024-10-27 13:39:46,406 - INFO - Saved model at ./libcity/cache/123/model_cache/STGCN_METR_LA.m
2024-10-27 13:39:46,411 - INFO - Start evaluating ...
2024-10-27 13:39:56,664 - INFO - Note that you select the single mode to evaluate!
2024-10-27 13:39:56,666 - INFO - Evaluate result is saved at ./libcity/cache/123/evaluate_cache/2024_10_27_13_39_56_STGCN_METR_LA.csv
2024-10-27 13:39:56,670 - INFO - 
         MAE      MAPE       RMSE
1   2.728299  0.063045   5.381352
2   2.967200  0.069863   6.066784
3   3.190165  0.076010   6.651386
4   3.402793  0.081682   7.182007
5   3.605758  0.087027   7.662241
6   3.802227  0.092136   8.100489
7   3.989317  0.096997   8.502096
8   4.169845  0.101683   8.876421
9   4.345318  0.106201   9.230507
10  4.513410  0.110532   9.559199
11  4.674795  0.114691   9.864857
12  4.830635  0.118700  10.152264
