2024-08-22 13:47:03,207 - INFO - Log directory: ./libcity/log
2024-08-22 13:47:03,207 - INFO - Begin pipeline, task=MTS_pred, model_name=LSTM, dataset_name=METR_LA, exp_id=15623
2024-08-22 13:47:03,207 - INFO - {'task': 'MTS_pred', 'model': 'RNN', 'dataset': 'METR_LA', 'saved_model': True, 'seed': 0, 'max_epoch': 1, 'dataset_class': 'StatePointDataset', 'executor': 'StateExecutor', 'evaluator': 'StateEvaluator', 'rnn_type': 'LSTM', 'hidden_size': 64, 'num_layers': 1, 'dropout': 0, 'bidirectional': False, 'teacher_forcing_ratio': 0, 'scaler': 'standard', 'load_external': False, 'normal_external': False, 'ext_scaler': 'none', 'add_time_in_day': True, 'add_day_in_week': False, 'learner': 'adam', 'learning_rate': 0.01, 'lr_decay': True, 'lr_scheduler': 'multisteplr', 'lr_decay_ratio': 0.1, 'steps': [5, 20, 40, 70], 'clip_grad_norm': True, 'max_grad_norm': 5, 'use_early_stop': True, 'patience': 50, 'batch_size': 64, 'cache_dataset': True, 'num_workers': 0, 'pad_with_last_sample': True, 'train_rate': 0.7, 'eval_rate': 0.1, 'input_window': 12, 'output_window': 12, 'robustness_test': False, 'noise_type': 'gaussian', 'disturb_rate': 0.5, 'noise_mean': [5], 'noise_SD': [10], 'gpu': True, 'gpu_id': 0, 'train_loss': 'none', 'epoch': 0, 'weight_decay': 0, 'lr_epsilon': 1e-08, 'lr_beta1': 0.9, 'lr_beta2': 0.999, 'lr_alpha': 0.99, 'lr_momentum': 0, 'step_size': 10, 'lr_T_max': 30, 'lr_eta_min': 0, 'lr_patience': 10, 'lr_threshold': 0.0001, 'log_level': 'INFO', 'log_every': 1, 'load_best_epoch': True, 'hyper_tune': False, 'metrics': ['MAE', 'MAPE', 'RMSE'], 'evaluator_mode': 'single', 'save_mode': ['csv'], 'geo': {'including_types': ['Point'], 'Point': {}}, 'rel': {'including_types': ['geo'], 'geo': {'cost': 'num'}}, 'dyna': {'including_types': ['state'], 'state': {'entity_id': 'geo_id', 'traffic_speed': 'num'}}, 'data_col': ['traffic_speed'], 'weight_col': 'cost', 'data_files': ['METR_LA'], 'geo_file': 'METR_LA', 'rel_file': 'METR_LA', 'output_dim': 1, 'time_intervals': 300, 'init_weight_inf_or_zero': 'inf', 'set_weight_link_or_dist': 'dist', 'calculate_weight_adj': True, 'weight_adj_epsilon': 0.1, 'device': device(type='cuda', index=0), 'exp_id': 15623}
2024-08-22 13:47:04,292 - INFO - Loaded file METR_LA_feature.csv, shape=(34272, 207, 1)
2024-08-22 13:47:07,166 - INFO - Dataset created
2024-08-22 13:47:07,166 - INFO - x shape: (34249, 12, 207, 1), y shape: (34249, 12, 207, 1)
2024-08-22 13:47:07,172 - INFO - train	x: (23974, 12, 207, 1), y: (23974, 12, 207, 1)
2024-08-22 13:47:07,173 - INFO - eval	x: (3425, 12, 207, 1), y: (3425, 12, 207, 1)
2024-08-22 13:47:07,173 - INFO - test	x: (6850, 12, 207, 1), y: (6850, 12, 207, 1)
2024-08-22 13:47:25,431 - INFO - Saved at ./libcity/cache/dataset_cache/point_based_METR_LA_12_12_0.7_0.1_standard_64_False_True_False_True.npz
2024-08-22 13:47:25,991 - INFO - StandardScaler mean: 54.40592829587626, std: 19.493739270573098
2024-08-22 13:47:25,991 - INFO - NoneScaler
2024-08-22 13:47:30,163 - INFO - You select rnn_type LSTM in RNN!
2024-08-22 13:47:30,354 - INFO - RNN(
  (rnn): LSTM(207, 64)
  (fc): Linear(in_features=64, out_features=207, bias=True)
)
2024-08-22 13:47:30,354 - INFO - rnn.weight_ih_l0	torch.Size([256, 207])	cuda:0	True
2024-08-22 13:47:30,355 - INFO - rnn.weight_hh_l0	torch.Size([256, 64])	cuda:0	True
2024-08-22 13:47:30,355 - INFO - rnn.bias_ih_l0	torch.Size([256])	cuda:0	True
2024-08-22 13:47:30,355 - INFO - rnn.bias_hh_l0	torch.Size([256])	cuda:0	True
2024-08-22 13:47:30,355 - INFO - fc.weight	torch.Size([207, 64])	cuda:0	True
2024-08-22 13:47:30,355 - INFO - fc.bias	torch.Size([207])	cuda:0	True
2024-08-22 13:47:30,355 - INFO - Total parameter numbers: 83343
2024-08-22 13:47:30,355 - INFO - You select `adam` optimizer.
2024-08-22 13:47:31,074 - INFO - You select `multisteplr` lr_scheduler.
2024-08-22 13:47:31,074 - WARNING - Received none train loss func and will use the loss func defined in the model.
2024-08-22 13:47:31,075 - INFO - Start training ...
2024-08-22 13:47:31,075 - INFO - num_batches:375
2024-08-22 13:47:45,620 - INFO - epoch complete!
2024-08-22 13:47:45,620 - INFO - evaluating now!
2024-08-22 13:47:45,997 - INFO - Epoch [0/1] train_loss: 4.3919, val_loss: 3.9951, lr: 0.010000, 14.92s
2024-08-22 13:47:46,001 - INFO - Saved model at 0
2024-08-22 13:47:46,001 - INFO - Val loss decrease from inf to 3.9951, saving to ./libcity/cache/15623/model_cache/RNN_METR_LA_epoch0.tar
2024-08-22 13:47:46,001 - INFO - Trained totally 1 epochs, average train time is 14.544s, average eval time is 0.376s
2024-08-22 13:47:46,005 - INFO - Loaded model at 0
2024-08-22 13:47:46,005 - INFO - Saved model at ./libcity/cache/15623/model_cache/LSTM_METR_LA.m
2024-08-22 13:47:46,008 - INFO - Start evaluating ...
2024-08-22 13:47:57,869 - INFO - Note that you select the single mode to evaluate!
2024-08-22 13:47:57,876 - INFO - Evaluate result is saved at ./libcity/cache/15623/evaluate_cache/2024_08_22_13_47_57_RNN_METR_LA.csv
2024-08-22 13:47:57,885 - INFO - 
         MAE      MAPE      RMSE
1   4.248368  0.122884  7.782870
2   4.212941  0.123510  7.871657
3   4.211040  0.124337  7.948098
4   4.218024  0.125195  8.013721
5   4.229044  0.126075  8.073906
6   4.245280  0.127031  8.132611
7   4.261108  0.127956  8.187835
8   4.278067  0.128891  8.241821
9   4.296526  0.129846  8.295314
10  4.315639  0.130817  8.348867
11  4.335912  0.131828  8.403050
12  4.357529  0.132928  8.459082
