2024-09-01 16:47:01,197 - INFO - Log directory: ./libcity/log
2024-09-01 16:47:01,197 - INFO - Begin pipeline, task=MTS_pred, model_name=STGCN, dataset_name=METR_LA, exp_id=178
2024-09-01 16:47:01,198 - INFO - {'task': 'MTS_pred', 'model': 'STGCN', 'dataset': 'METR_LA', 'saved_model': True, 'exp_id': '178', 'seed': 0, 'max_epoch': 50, 'dataset_class': 'StatePointDataset', 'executor': 'StateExecutor', 'evaluator': 'StateEvaluator', 'Ks': 3, 'Kt': 3, 'blocks': [[1, 32, 64], [64, 32, 128]], 'dropout': 0, 'graph_conv_type': 'chebconv', 'stgcn_train_mode': 'quick', 'bidir_adj_mx': True, 'scaler': 'standard', 'load_external': False, 'normal_external': False, 'ext_scaler': 'none', 'add_time_in_day': False, 'add_day_in_week': False, 'learner': 'rmsprop', 'learning_rate': 0.001, 'lr_decay': True, 'lr_scheduler': 'steplr', 'lr_decay_ratio': 0.7, 'step_size': 5, 'clip_grad_norm': False, 'use_early_stop': False, 'batch_size': 64, 'cache_dataset': True, 'num_workers': 0, 'pad_with_last_sample': True, 'train_rate': 0.7, 'eval_rate': 0.1, 'input_window': 12, 'output_window': 12, 'robustness_test': False, 'noise_type': 'gaussian', 'disturb_rate': 0.5, 'noise_mean': [5], 'noise_SD': [10], 'gpu': True, 'gpu_id': 0, 'train_loss': 'none', 'epoch': 0, 'weight_decay': 0, 'lr_epsilon': 1e-08, 'lr_beta1': 0.9, 'lr_beta2': 0.999, 'lr_alpha': 0.99, 'lr_momentum': 0, 'steps': [5, 20, 40, 70], 'lr_T_max': 30, 'lr_eta_min': 0, 'lr_patience': 10, 'lr_threshold': 0.0001, 'max_grad_norm': 1.0, 'patience': 50, 'log_level': 'INFO', 'log_every': 1, 'load_best_epoch': True, 'hyper_tune': False, 'metrics': ['MAE', 'MAPE', 'RMSE'], 'evaluator_mode': 'single', 'save_mode': ['csv'], 'geo': {'including_types': ['Point'], 'Point': {}}, 'rel': {'including_types': ['geo'], 'geo': {'cost': 'num'}}, 'dyna': {'including_types': ['state'], 'state': {'entity_id': 'geo_id', 'traffic_speed': 'num'}}, 'data_col': ['traffic_speed'], 'weight_col': 'cost', 'data_files': ['METR_LA'], 'geo_file': 'METR_LA', 'rel_file': 'METR_LA', 'output_dim': 1, 'time_intervals': 300, 'init_weight_inf_or_zero': 'inf', 'set_weight_link_or_dist': 'dist', 'calculate_weight_adj': True, 'weight_adj_epsilon': 0.1, 'device': device(type='cuda', index=0)}
2024-09-01 16:47:01,695 - INFO - Loaded file METR_LA_feature.csv, shape=(34272, 207, 1)
2024-09-01 16:47:02,723 - INFO - Dataset created
2024-09-01 16:47:02,723 - INFO - x shape: (34249, 12, 207, 1), y shape: (34249, 12, 207, 1)
2024-09-01 16:47:02,726 - INFO - train	x: (23974, 12, 207, 1), y: (23974, 12, 207, 1)
2024-09-01 16:47:02,726 - INFO - eval	x: (3425, 12, 207, 1), y: (3425, 12, 207, 1)
2024-09-01 16:47:02,727 - INFO - test	x: (6850, 12, 207, 1), y: (6850, 12, 207, 1)
2024-09-01 16:47:16,237 - INFO - Saved at ./libcity/cache/dataset_cache/point_based_METR_LA_12_12_0.7_0.1_standard_64_False_False_False_True.npz
2024-09-01 16:47:16,424 - INFO - StandardScaler mean: 54.40592829587626, std: 19.493739270573098
2024-09-01 16:47:16,424 - INFO - NoneScaler
2024-09-01 16:47:17,465 - INFO - You select quick mode to train STGCN model.
2024-09-01 16:47:17,595 - INFO - Chebyshev_polynomial_Lk shape: (3, 207, 207)
2024-09-01 16:47:17,677 - INFO - STGCN(
  (st_conv1): STConvBlock(
    (tconv1): TemporalConvLayer(
      (align): Align()
      (conv): Conv2d(1, 64, kernel_size=(3, 1), stride=(1, 1))
    )
    (sconv): SpatioConvLayer(
      (align): Align()
    )
    (tconv2): TemporalConvLayer(
      (align): Align()
      (conv): Conv2d(32, 64, kernel_size=(3, 1), stride=(1, 1))
    )
    (ln): LayerNorm((207, 64), eps=1e-05, elementwise_affine=True)
    (dropout): Dropout(p=0, inplace=False)
  )
  (st_conv2): STConvBlock(
    (tconv1): TemporalConvLayer(
      (align): Align(
        (conv1x1): Conv2d(64, 32, kernel_size=(1, 1), stride=(1, 1))
      )
      (conv): Conv2d(64, 64, kernel_size=(3, 1), stride=(1, 1))
    )
    (sconv): SpatioConvLayer(
      (align): Align()
    )
    (tconv2): TemporalConvLayer(
      (align): Align()
      (conv): Conv2d(32, 128, kernel_size=(3, 1), stride=(1, 1))
    )
    (ln): LayerNorm((207, 128), eps=1e-05, elementwise_affine=True)
    (dropout): Dropout(p=0, inplace=False)
  )
  (output): OutputLayer(
    (tconv1): TemporalConvLayer(
      (align): Align()
      (conv): Conv2d(128, 256, kernel_size=(4, 1), stride=(1, 1))
    )
    (ln): LayerNorm((207, 128), eps=1e-05, elementwise_affine=True)
    (tconv2): TemporalConvLayer(
      (align): Align()
      (conv): Conv2d(128, 128, kernel_size=(1, 1), stride=(1, 1))
    )
    (fc): FullyConvLayer(
      (conv): Conv2d(128, 1, kernel_size=(1, 1), stride=(1, 1))
    )
  )
)
2024-09-01 16:47:17,677 - INFO - st_conv1.tconv1.conv.weight	torch.Size([64, 1, 3, 1])	cuda:0	True
2024-09-01 16:47:17,677 - INFO - st_conv1.tconv1.conv.bias	torch.Size([64])	cuda:0	True
2024-09-01 16:47:17,677 - INFO - st_conv1.sconv.theta	torch.Size([32, 32, 3])	cuda:0	True
2024-09-01 16:47:17,678 - INFO - st_conv1.sconv.b	torch.Size([1, 32, 1, 1])	cuda:0	True
2024-09-01 16:47:17,678 - INFO - st_conv1.tconv2.conv.weight	torch.Size([64, 32, 3, 1])	cuda:0	True
2024-09-01 16:47:17,678 - INFO - st_conv1.tconv2.conv.bias	torch.Size([64])	cuda:0	True
2024-09-01 16:47:17,678 - INFO - st_conv1.ln.weight	torch.Size([207, 64])	cuda:0	True
2024-09-01 16:47:17,678 - INFO - st_conv1.ln.bias	torch.Size([207, 64])	cuda:0	True
2024-09-01 16:47:17,678 - INFO - st_conv2.tconv1.align.conv1x1.weight	torch.Size([32, 64, 1, 1])	cuda:0	True
2024-09-01 16:47:17,678 - INFO - st_conv2.tconv1.align.conv1x1.bias	torch.Size([32])	cuda:0	True
2024-09-01 16:47:17,678 - INFO - st_conv2.tconv1.conv.weight	torch.Size([64, 64, 3, 1])	cuda:0	True
2024-09-01 16:47:17,678 - INFO - st_conv2.tconv1.conv.bias	torch.Size([64])	cuda:0	True
2024-09-01 16:47:17,678 - INFO - st_conv2.sconv.theta	torch.Size([32, 32, 3])	cuda:0	True
2024-09-01 16:47:17,678 - INFO - st_conv2.sconv.b	torch.Size([1, 32, 1, 1])	cuda:0	True
2024-09-01 16:47:17,678 - INFO - st_conv2.tconv2.conv.weight	torch.Size([128, 32, 3, 1])	cuda:0	True
2024-09-01 16:47:17,678 - INFO - st_conv2.tconv2.conv.bias	torch.Size([128])	cuda:0	True
2024-09-01 16:47:17,678 - INFO - st_conv2.ln.weight	torch.Size([207, 128])	cuda:0	True
2024-09-01 16:47:17,678 - INFO - st_conv2.ln.bias	torch.Size([207, 128])	cuda:0	True
2024-09-01 16:47:17,678 - INFO - output.tconv1.conv.weight	torch.Size([256, 128, 4, 1])	cuda:0	True
2024-09-01 16:47:17,678 - INFO - output.tconv1.conv.bias	torch.Size([256])	cuda:0	True
2024-09-01 16:47:17,678 - INFO - output.ln.weight	torch.Size([207, 128])	cuda:0	True
2024-09-01 16:47:17,678 - INFO - output.ln.bias	torch.Size([207, 128])	cuda:0	True
2024-09-01 16:47:17,678 - INFO - output.tconv2.conv.weight	torch.Size([128, 128, 1, 1])	cuda:0	True
2024-09-01 16:47:17,678 - INFO - output.tconv2.conv.bias	torch.Size([128])	cuda:0	True
2024-09-01 16:47:17,678 - INFO - output.fc.conv.weight	torch.Size([1, 128, 1, 1])	cuda:0	True
2024-09-01 16:47:17,678 - INFO - output.fc.conv.bias	torch.Size([1])	cuda:0	True
2024-09-01 16:47:17,678 - INFO - Total parameter numbers: 319969
2024-09-01 16:47:17,678 - INFO - You select `rmsprop` optimizer.
2024-09-01 16:47:18,087 - INFO - You select `steplr` lr_scheduler.
2024-09-01 16:47:18,087 - WARNING - Received none train loss func and will use the loss func defined in the model.
2024-09-01 16:47:18,087 - INFO - Loaded model at ./libcity/cache/178/model_cache/STGCN_METR_LA.m
2024-09-01 16:47:18,095 - INFO - Start evaluating ...
2024-09-01 16:47:48,828 - INFO - Note that you select the single mode to evaluate!
2024-09-01 16:47:48,830 - INFO - Evaluate result is saved at ./libcity/cache/178/evaluate_cache/2024_09_01_16_47_48_STGCN_METR_LA.csv
2024-09-01 16:47:48,834 - INFO - 
         MAE      MAPE       RMSE
1   2.667751  0.063179   5.338469
2   2.896961  0.070497   6.019900
3   3.101246  0.076998   6.590127
4   3.295808  0.083006   7.114206
5   3.479210  0.088616   7.586779
6   3.657259  0.093980   8.020013
7   3.825588  0.099031   8.419022
8   3.987627  0.103860   8.790203
9   4.144334  0.108471   9.135962
10  4.294808  0.112876   9.457956
11  4.440060  0.117089   9.759421
12  4.580087  0.121116  10.041325
