2024-09-01 14:57:39,562 - INFO - Log directory: ./libcity/log
2024-09-01 14:57:39,562 - INFO - Begin pipeline, task=MTS_pred, model_name=STGCN, dataset_name=METR_LA, exp_id=178
2024-09-01 14:57:39,562 - INFO - {'task': 'MTS_pred', 'model': 'STGCN', 'dataset': 'METR_LA', 'saved_model': True, 'seed': 0, 'dataset_class': 'StatePointDataset', 'executor': 'StateExecutor', 'evaluator': 'StateEvaluator', 'Ks': 3, 'Kt': 3, 'blocks': [[1, 32, 64], [64, 32, 128]], 'dropout': 0, 'graph_conv_type': 'chebconv', 'stgcn_train_mode': 'quick', 'bidir_adj_mx': True, 'scaler': 'standard', 'load_external': False, 'normal_external': False, 'ext_scaler': 'none', 'add_time_in_day': False, 'add_day_in_week': False, 'max_epoch': 100, 'learner': 'rmsprop', 'learning_rate': 0.001, 'lr_decay': True, 'lr_scheduler': 'steplr', 'lr_decay_ratio': 0.7, 'step_size': 5, 'clip_grad_norm': False, 'use_early_stop': False, 'batch_size': 64, 'cache_dataset': True, 'num_workers': 0, 'pad_with_last_sample': True, 'train_rate': 0.7, 'eval_rate': 0.1, 'input_window': 12, 'output_window': 12, 'robustness_test': False, 'noise_type': 'gaussian', 'disturb_rate': 0.5, 'noise_mean': [5], 'noise_SD': [10], 'gpu': True, 'gpu_id': 0, 'train_loss': 'none', 'epoch': 0, 'weight_decay': 0, 'lr_epsilon': 1e-08, 'lr_beta1': 0.9, 'lr_beta2': 0.999, 'lr_alpha': 0.99, 'lr_momentum': 0, 'steps': [5, 20, 40, 70], 'lr_T_max': 30, 'lr_eta_min': 0, 'lr_patience': 10, 'lr_threshold': 0.0001, 'max_grad_norm': 1.0, 'patience': 50, 'log_level': 'INFO', 'log_every': 1, 'load_best_epoch': True, 'hyper_tune': False, 'metrics': ['MAE', 'MAPE', 'RMSE'], 'evaluator_mode': 'single', 'save_mode': ['csv'], 'geo': {'including_types': ['Point'], 'Point': {}}, 'rel': {'including_types': ['geo'], 'geo': {'cost': 'num'}}, 'dyna': {'including_types': ['state'], 'state': {'entity_id': 'geo_id', 'traffic_speed': 'num'}}, 'data_col': ['traffic_speed'], 'weight_col': 'cost', 'data_files': ['METR_LA'], 'geo_file': 'METR_LA', 'rel_file': 'METR_LA', 'output_dim': 1, 'time_intervals': 300, 'init_weight_inf_or_zero': 'inf', 'set_weight_link_or_dist': 'dist', 'calculate_weight_adj': True, 'weight_adj_epsilon': 0.1, 'device': device(type='cuda', index=0), 'exp_id': 178}
2024-09-01 14:57:40,061 - INFO - Loaded file METR_LA_feature.csv, shape=(34272, 207, 1)
2024-09-01 14:57:41,112 - INFO - Dataset created
2024-09-01 14:57:41,112 - INFO - x shape: (34249, 12, 207, 1), y shape: (34249, 12, 207, 1)
2024-09-01 14:57:41,115 - INFO - train	x: (23974, 12, 207, 1), y: (23974, 12, 207, 1)
2024-09-01 14:57:41,116 - INFO - eval	x: (3425, 12, 207, 1), y: (3425, 12, 207, 1)
2024-09-01 14:57:41,116 - INFO - test	x: (6850, 12, 207, 1), y: (6850, 12, 207, 1)
2024-09-01 14:57:55,839 - INFO - Saved at ./libcity/cache/dataset_cache/point_based_METR_LA_12_12_0.7_0.1_standard_64_False_False_False_True.npz
2024-09-01 14:57:56,021 - INFO - StandardScaler mean: 54.40592829587626, std: 19.493739270573098
2024-09-01 14:57:56,021 - INFO - NoneScaler
2024-09-01 14:57:56,880 - INFO - You select quick mode to train STGCN model.
2024-09-01 14:57:57,009 - INFO - Chebyshev_polynomial_Lk shape: (3, 207, 207)
2024-09-01 14:57:57,119 - INFO - STGCN(
  (st_conv1): STConvBlock(
    (tconv1): TemporalConvLayer(
      (align): Align()
      (conv): Conv2d(1, 64, kernel_size=(3, 1), stride=(1, 1))
    )
    (sconv): SpatioConvLayer(
      (align): Align()
    )
    (tconv2): TemporalConvLayer(
      (align): Align()
      (conv): Conv2d(32, 64, kernel_size=(3, 1), stride=(1, 1))
    )
    (ln): LayerNorm((207, 64), eps=1e-05, elementwise_affine=True)
    (dropout): Dropout(p=0, inplace=False)
  )
  (st_conv2): STConvBlock(
    (tconv1): TemporalConvLayer(
      (align): Align(
        (conv1x1): Conv2d(64, 32, kernel_size=(1, 1), stride=(1, 1))
      )
      (conv): Conv2d(64, 64, kernel_size=(3, 1), stride=(1, 1))
    )
    (sconv): SpatioConvLayer(
      (align): Align()
    )
    (tconv2): TemporalConvLayer(
      (align): Align()
      (conv): Conv2d(32, 128, kernel_size=(3, 1), stride=(1, 1))
    )
    (ln): LayerNorm((207, 128), eps=1e-05, elementwise_affine=True)
    (dropout): Dropout(p=0, inplace=False)
  )
  (output): OutputLayer(
    (tconv1): TemporalConvLayer(
      (align): Align()
      (conv): Conv2d(128, 256, kernel_size=(4, 1), stride=(1, 1))
    )
    (ln): LayerNorm((207, 128), eps=1e-05, elementwise_affine=True)
    (tconv2): TemporalConvLayer(
      (align): Align()
      (conv): Conv2d(128, 128, kernel_size=(1, 1), stride=(1, 1))
    )
    (fc): FullyConvLayer(
      (conv): Conv2d(128, 1, kernel_size=(1, 1), stride=(1, 1))
    )
  )
)
2024-09-01 14:57:57,119 - INFO - st_conv1.tconv1.conv.weight	torch.Size([64, 1, 3, 1])	cuda:0	True
2024-09-01 14:57:57,119 - INFO - st_conv1.tconv1.conv.bias	torch.Size([64])	cuda:0	True
2024-09-01 14:57:57,119 - INFO - st_conv1.sconv.theta	torch.Size([32, 32, 3])	cuda:0	True
2024-09-01 14:57:57,119 - INFO - st_conv1.sconv.b	torch.Size([1, 32, 1, 1])	cuda:0	True
2024-09-01 14:57:57,119 - INFO - st_conv1.tconv2.conv.weight	torch.Size([64, 32, 3, 1])	cuda:0	True
2024-09-01 14:57:57,119 - INFO - st_conv1.tconv2.conv.bias	torch.Size([64])	cuda:0	True
2024-09-01 14:57:57,119 - INFO - st_conv1.ln.weight	torch.Size([207, 64])	cuda:0	True
2024-09-01 14:57:57,120 - INFO - st_conv1.ln.bias	torch.Size([207, 64])	cuda:0	True
2024-09-01 14:57:57,120 - INFO - st_conv2.tconv1.align.conv1x1.weight	torch.Size([32, 64, 1, 1])	cuda:0	True
2024-09-01 14:57:57,120 - INFO - st_conv2.tconv1.align.conv1x1.bias	torch.Size([32])	cuda:0	True
2024-09-01 14:57:57,120 - INFO - st_conv2.tconv1.conv.weight	torch.Size([64, 64, 3, 1])	cuda:0	True
2024-09-01 14:57:57,120 - INFO - st_conv2.tconv1.conv.bias	torch.Size([64])	cuda:0	True
2024-09-01 14:57:57,120 - INFO - st_conv2.sconv.theta	torch.Size([32, 32, 3])	cuda:0	True
2024-09-01 14:57:57,120 - INFO - st_conv2.sconv.b	torch.Size([1, 32, 1, 1])	cuda:0	True
2024-09-01 14:57:57,120 - INFO - st_conv2.tconv2.conv.weight	torch.Size([128, 32, 3, 1])	cuda:0	True
2024-09-01 14:57:57,120 - INFO - st_conv2.tconv2.conv.bias	torch.Size([128])	cuda:0	True
2024-09-01 14:57:57,120 - INFO - st_conv2.ln.weight	torch.Size([207, 128])	cuda:0	True
2024-09-01 14:57:57,120 - INFO - st_conv2.ln.bias	torch.Size([207, 128])	cuda:0	True
2024-09-01 14:57:57,120 - INFO - output.tconv1.conv.weight	torch.Size([256, 128, 4, 1])	cuda:0	True
2024-09-01 14:57:57,120 - INFO - output.tconv1.conv.bias	torch.Size([256])	cuda:0	True
2024-09-01 14:57:57,120 - INFO - output.ln.weight	torch.Size([207, 128])	cuda:0	True
2024-09-01 14:57:57,120 - INFO - output.ln.bias	torch.Size([207, 128])	cuda:0	True
2024-09-01 14:57:57,120 - INFO - output.tconv2.conv.weight	torch.Size([128, 128, 1, 1])	cuda:0	True
2024-09-01 14:57:57,120 - INFO - output.tconv2.conv.bias	torch.Size([128])	cuda:0	True
2024-09-01 14:57:57,120 - INFO - output.fc.conv.weight	torch.Size([1, 128, 1, 1])	cuda:0	True
2024-09-01 14:57:57,120 - INFO - output.fc.conv.bias	torch.Size([1])	cuda:0	True
2024-09-01 14:57:57,120 - INFO - Total parameter numbers: 319969
2024-09-01 14:57:57,120 - INFO - You select `rmsprop` optimizer.
2024-09-01 14:57:57,539 - INFO - You select `steplr` lr_scheduler.
2024-09-01 14:57:57,539 - WARNING - Received none train loss func and will use the loss func defined in the model.
2024-09-01 14:57:57,539 - INFO - Start training ...
2024-09-01 14:57:57,539 - INFO - num_batches:375
2024-09-01 14:58:48,682 - INFO - epoch complete!
2024-09-01 14:58:48,683 - INFO - evaluating now!
2024-09-01 14:59:00,912 - INFO - Epoch [0/100] train_loss: 56.5316, val_loss: 186.2627, lr: 0.001000, 63.37s
2024-09-01 14:59:00,919 - INFO - Saved model at 0
2024-09-01 14:59:00,919 - INFO - Val loss decrease from inf to 186.2627, saving to ./libcity/cache/178/model_cache/STGCN_METR_LA_epoch0.tar
2024-09-01 14:59:51,654 - INFO - epoch complete!
2024-09-01 14:59:51,655 - INFO - evaluating now!
2024-09-01 15:00:03,895 - INFO - Epoch [1/100] train_loss: 41.1979, val_loss: 193.6891, lr: 0.001000, 62.98s
2024-09-01 15:00:54,687 - INFO - epoch complete!
2024-09-01 15:00:54,687 - INFO - evaluating now!
2024-09-01 15:01:06,942 - INFO - Epoch [2/100] train_loss: 39.8131, val_loss: 149.9958, lr: 0.001000, 63.05s
2024-09-01 15:01:06,948 - INFO - Saved model at 2
2024-09-01 15:01:06,948 - INFO - Val loss decrease from 186.2627 to 149.9958, saving to ./libcity/cache/178/model_cache/STGCN_METR_LA_epoch2.tar
2024-09-01 15:01:57,652 - INFO - epoch complete!
2024-09-01 15:01:57,652 - INFO - evaluating now!
2024-09-01 15:02:09,752 - INFO - Epoch [3/100] train_loss: 39.0352, val_loss: 186.6711, lr: 0.001000, 62.80s
2024-09-01 15:03:00,688 - INFO - epoch complete!
2024-09-01 15:03:00,688 - INFO - evaluating now!
2024-09-01 15:03:12,938 - INFO - Epoch [4/100] train_loss: 38.6868, val_loss: 135.8480, lr: 0.000700, 63.19s
2024-09-01 15:03:12,945 - INFO - Saved model at 4
2024-09-01 15:03:12,945 - INFO - Val loss decrease from 149.9958 to 135.8480, saving to ./libcity/cache/178/model_cache/STGCN_METR_LA_epoch4.tar
2024-09-01 15:04:03,733 - INFO - epoch complete!
2024-09-01 15:04:03,734 - INFO - evaluating now!
2024-09-01 15:04:15,985 - INFO - Epoch [5/100] train_loss: 36.8651, val_loss: 128.6347, lr: 0.000700, 63.04s
2024-09-01 15:04:15,991 - INFO - Saved model at 5
2024-09-01 15:04:15,991 - INFO - Val loss decrease from 135.8480 to 128.6347, saving to ./libcity/cache/178/model_cache/STGCN_METR_LA_epoch5.tar
2024-09-01 15:05:06,774 - INFO - epoch complete!
2024-09-01 15:05:06,775 - INFO - evaluating now!
2024-09-01 15:05:14,038 - INFO - Epoch [6/100] train_loss: 36.7235, val_loss: 135.4861, lr: 0.000700, 58.05s
2024-09-01 15:06:05,177 - INFO - epoch complete!
2024-09-01 15:06:05,178 - INFO - evaluating now!
2024-09-01 15:06:17,428 - INFO - Epoch [7/100] train_loss: 36.4302, val_loss: 131.7119, lr: 0.000700, 63.39s
2024-09-01 15:07:08,190 - INFO - epoch complete!
2024-09-01 15:07:08,190 - INFO - evaluating now!
2024-09-01 15:07:20,527 - INFO - Epoch [8/100] train_loss: 35.9706, val_loss: 135.7503, lr: 0.000700, 63.10s
2024-09-01 15:08:09,487 - INFO - epoch complete!
2024-09-01 15:08:09,487 - INFO - evaluating now!
2024-09-01 15:08:21,265 - INFO - Epoch [9/100] train_loss: 35.8279, val_loss: 129.4519, lr: 0.000490, 60.74s
2024-09-01 15:09:10,146 - INFO - epoch complete!
2024-09-01 15:09:10,147 - INFO - evaluating now!
2024-09-01 15:09:21,937 - INFO - Epoch [10/100] train_loss: 34.9331, val_loss: 129.4887, lr: 0.000490, 60.67s
2024-09-01 15:10:11,957 - INFO - epoch complete!
2024-09-01 15:10:11,957 - INFO - evaluating now!
2024-09-01 15:10:24,052 - INFO - Epoch [11/100] train_loss: 34.6120, val_loss: 142.8678, lr: 0.000490, 62.11s
2024-09-01 15:11:14,549 - INFO - epoch complete!
2024-09-01 15:11:14,549 - INFO - evaluating now!
2024-09-01 15:11:26,799 - INFO - Epoch [12/100] train_loss: 34.5245, val_loss: 138.2148, lr: 0.000490, 62.75s
2024-09-01 15:12:17,377 - INFO - epoch complete!
2024-09-01 15:12:17,378 - INFO - evaluating now!
2024-09-01 15:12:29,607 - INFO - Epoch [13/100] train_loss: 34.1621, val_loss: 128.8712, lr: 0.000490, 62.81s
2024-09-01 15:13:20,018 - INFO - epoch complete!
2024-09-01 15:13:20,018 - INFO - evaluating now!
2024-09-01 15:13:32,004 - INFO - Epoch [14/100] train_loss: 33.8666, val_loss: 124.8075, lr: 0.000343, 62.40s
2024-09-01 15:13:32,011 - INFO - Saved model at 14
2024-09-01 15:13:32,011 - INFO - Val loss decrease from 128.6347 to 124.8075, saving to ./libcity/cache/178/model_cache/STGCN_METR_LA_epoch14.tar
2024-09-01 15:14:22,556 - INFO - epoch complete!
2024-09-01 15:14:22,556 - INFO - evaluating now!
2024-09-01 15:14:35,063 - INFO - Epoch [15/100] train_loss: 33.1801, val_loss: 129.1907, lr: 0.000343, 63.05s
2024-09-01 15:15:27,076 - INFO - epoch complete!
2024-09-01 15:15:27,076 - INFO - evaluating now!
2024-09-01 15:15:39,124 - INFO - Epoch [16/100] train_loss: 33.0989, val_loss: 126.0605, lr: 0.000343, 64.06s
2024-09-01 15:16:29,351 - INFO - epoch complete!
2024-09-01 15:16:29,351 - INFO - evaluating now!
2024-09-01 15:16:41,435 - INFO - Epoch [17/100] train_loss: 32.8797, val_loss: 125.9765, lr: 0.000343, 62.31s
2024-09-01 15:17:32,208 - INFO - epoch complete!
2024-09-01 15:17:32,209 - INFO - evaluating now!
2024-09-01 15:17:44,369 - INFO - Epoch [18/100] train_loss: 32.6082, val_loss: 130.2696, lr: 0.000343, 62.93s
2024-09-01 15:18:55,419 - INFO - epoch complete!
2024-09-01 15:18:55,419 - INFO - evaluating now!
2024-09-01 15:19:20,471 - INFO - Epoch [19/100] train_loss: 32.6135, val_loss: 124.7728, lr: 0.000240, 96.10s
2024-09-01 15:19:20,477 - INFO - Saved model at 19
2024-09-01 15:19:20,477 - INFO - Val loss decrease from 124.8075 to 124.7728, saving to ./libcity/cache/178/model_cache/STGCN_METR_LA_epoch19.tar
2024-09-01 15:20:58,726 - INFO - epoch complete!
2024-09-01 15:20:58,726 - INFO - evaluating now!
2024-09-01 15:21:23,673 - INFO - Epoch [20/100] train_loss: 32.2130, val_loss: 125.9976, lr: 0.000240, 123.20s
2024-09-01 15:22:27,172 - INFO - epoch complete!
2024-09-01 15:22:27,172 - INFO - evaluating now!
2024-09-01 15:22:39,068 - INFO - Epoch [21/100] train_loss: 31.8850, val_loss: 138.3347, lr: 0.000240, 75.39s
2024-09-01 15:23:28,642 - INFO - epoch complete!
2024-09-01 15:23:28,643 - INFO - evaluating now!
2024-09-01 15:23:40,867 - INFO - Epoch [22/100] train_loss: 31.7995, val_loss: 124.4947, lr: 0.000240, 61.80s
2024-09-01 15:23:40,873 - INFO - Saved model at 22
2024-09-01 15:23:40,873 - INFO - Val loss decrease from 124.7728 to 124.4947, saving to ./libcity/cache/178/model_cache/STGCN_METR_LA_epoch22.tar
2024-09-01 15:24:31,112 - INFO - epoch complete!
2024-09-01 15:24:31,112 - INFO - evaluating now!
2024-09-01 15:24:43,339 - INFO - Epoch [23/100] train_loss: 31.5748, val_loss: 128.7686, lr: 0.000240, 62.47s
2024-09-01 15:25:32,996 - INFO - epoch complete!
2024-09-01 15:25:32,996 - INFO - evaluating now!
2024-09-01 15:25:45,039 - INFO - Epoch [24/100] train_loss: 31.4915, val_loss: 126.6576, lr: 0.000168, 61.70s
2024-09-01 15:26:34,476 - INFO - epoch complete!
2024-09-01 15:26:34,476 - INFO - evaluating now!
2024-09-01 15:26:46,372 - INFO - Epoch [25/100] train_loss: 31.1531, val_loss: 124.7555, lr: 0.000168, 61.33s
2024-09-01 15:27:35,598 - INFO - epoch complete!
2024-09-01 15:27:35,599 - INFO - evaluating now!
2024-09-01 15:27:47,419 - INFO - Epoch [26/100] train_loss: 31.0479, val_loss: 126.6847, lr: 0.000168, 61.05s
2024-09-01 15:28:36,503 - INFO - epoch complete!
2024-09-01 15:28:36,504 - INFO - evaluating now!
2024-09-01 15:28:48,351 - INFO - Epoch [27/100] train_loss: 30.9591, val_loss: 139.9254, lr: 0.000168, 60.93s
2024-09-01 15:29:37,604 - INFO - epoch complete!
2024-09-01 15:29:37,604 - INFO - evaluating now!
2024-09-01 15:29:49,568 - INFO - Epoch [28/100] train_loss: 30.8311, val_loss: 128.4143, lr: 0.000168, 61.22s
2024-09-01 15:30:38,814 - INFO - epoch complete!
2024-09-01 15:30:38,815 - INFO - evaluating now!
2024-09-01 15:30:50,835 - INFO - Epoch [29/100] train_loss: 30.6606, val_loss: 132.4805, lr: 0.000118, 61.27s
2024-09-01 15:31:40,724 - INFO - epoch complete!
2024-09-01 15:31:40,724 - INFO - evaluating now!
2024-09-01 15:31:52,759 - INFO - Epoch [30/100] train_loss: 30.4785, val_loss: 129.1603, lr: 0.000118, 61.92s
2024-09-01 15:32:41,970 - INFO - epoch complete!
2024-09-01 15:32:41,970 - INFO - evaluating now!
2024-09-01 15:32:53,815 - INFO - Epoch [31/100] train_loss: 30.3671, val_loss: 128.1978, lr: 0.000118, 61.06s
2024-09-01 15:33:42,875 - INFO - epoch complete!
2024-09-01 15:33:42,875 - INFO - evaluating now!
2024-09-01 15:33:54,713 - INFO - Epoch [32/100] train_loss: 30.3389, val_loss: 131.7827, lr: 0.000118, 60.90s
2024-09-01 15:34:45,532 - INFO - epoch complete!
2024-09-01 15:34:45,532 - INFO - evaluating now!
2024-09-01 15:34:58,236 - INFO - Epoch [33/100] train_loss: 30.2603, val_loss: 126.7124, lr: 0.000118, 63.52s
2024-09-01 15:35:49,325 - INFO - epoch complete!
2024-09-01 15:35:49,325 - INFO - evaluating now!
2024-09-01 15:36:02,100 - INFO - Epoch [34/100] train_loss: 30.1160, val_loss: 127.3717, lr: 0.000082, 63.86s
2024-09-01 15:36:53,768 - INFO - epoch complete!
2024-09-01 15:36:53,768 - INFO - evaluating now!
2024-09-01 15:37:07,373 - INFO - Epoch [35/100] train_loss: 30.0239, val_loss: 127.7075, lr: 0.000082, 65.27s
2024-09-01 15:37:57,774 - INFO - epoch complete!
2024-09-01 15:37:57,774 - INFO - evaluating now!
2024-09-01 15:38:09,815 - INFO - Epoch [36/100] train_loss: 29.9106, val_loss: 126.4865, lr: 0.000082, 62.44s
2024-09-01 15:38:59,707 - INFO - epoch complete!
2024-09-01 15:38:59,707 - INFO - evaluating now!
2024-09-01 15:39:12,040 - INFO - Epoch [37/100] train_loss: 29.8751, val_loss: 138.9229, lr: 0.000082, 62.22s
2024-09-01 15:40:02,056 - INFO - epoch complete!
2024-09-01 15:40:02,056 - INFO - evaluating now!
2024-09-01 15:40:13,871 - INFO - Epoch [38/100] train_loss: 29.8041, val_loss: 127.6702, lr: 0.000082, 61.83s
2024-09-01 15:41:03,020 - INFO - epoch complete!
2024-09-01 15:41:03,020 - INFO - evaluating now!
2024-09-01 15:41:14,834 - INFO - Epoch [39/100] train_loss: 29.7476, val_loss: 126.2776, lr: 0.000058, 60.96s
2024-09-01 15:42:04,064 - INFO - epoch complete!
2024-09-01 15:42:04,064 - INFO - evaluating now!
2024-09-01 15:42:16,147 - INFO - Epoch [40/100] train_loss: 29.6067, val_loss: 130.1298, lr: 0.000058, 61.31s
2024-09-01 15:43:07,058 - INFO - epoch complete!
2024-09-01 15:43:07,058 - INFO - evaluating now!
2024-09-01 15:43:19,379 - INFO - Epoch [41/100] train_loss: 29.5858, val_loss: 127.6499, lr: 0.000058, 63.23s
2024-09-01 15:44:10,173 - INFO - epoch complete!
2024-09-01 15:44:10,173 - INFO - evaluating now!
2024-09-01 15:44:22,433 - INFO - Epoch [42/100] train_loss: 29.5471, val_loss: 129.2117, lr: 0.000058, 63.05s
2024-09-01 15:45:12,982 - INFO - epoch complete!
2024-09-01 15:45:12,982 - INFO - evaluating now!
2024-09-01 15:45:25,109 - INFO - Epoch [43/100] train_loss: 29.5025, val_loss: 127.0220, lr: 0.000058, 62.68s
2024-09-01 15:46:15,137 - INFO - epoch complete!
2024-09-01 15:46:15,137 - INFO - evaluating now!
2024-09-01 15:46:27,168 - INFO - Epoch [44/100] train_loss: 29.4686, val_loss: 127.6048, lr: 0.000040, 62.06s
2024-09-01 15:47:17,158 - INFO - epoch complete!
2024-09-01 15:47:17,158 - INFO - evaluating now!
2024-09-01 15:47:29,113 - INFO - Epoch [45/100] train_loss: 29.3957, val_loss: 129.8288, lr: 0.000040, 61.95s
2024-09-01 15:48:19,048 - INFO - epoch complete!
2024-09-01 15:48:19,048 - INFO - evaluating now!
2024-09-01 15:48:30,871 - INFO - Epoch [46/100] train_loss: 29.3409, val_loss: 126.7532, lr: 0.000040, 61.76s
2024-09-01 15:49:19,864 - INFO - epoch complete!
2024-09-01 15:49:19,865 - INFO - evaluating now!
2024-09-01 15:49:31,664 - INFO - Epoch [47/100] train_loss: 29.3197, val_loss: 129.2944, lr: 0.000040, 60.79s
2024-09-01 15:50:20,651 - INFO - epoch complete!
2024-09-01 15:50:20,651 - INFO - evaluating now!
2024-09-01 15:50:32,447 - INFO - Epoch [48/100] train_loss: 29.3111, val_loss: 128.3715, lr: 0.000040, 60.78s
2024-09-01 15:51:21,428 - INFO - epoch complete!
2024-09-01 15:51:21,429 - INFO - evaluating now!
2024-09-01 15:51:33,224 - INFO - Epoch [49/100] train_loss: 29.2570, val_loss: 128.0776, lr: 0.000028, 60.78s
2024-09-01 15:52:22,209 - INFO - epoch complete!
2024-09-01 15:52:22,210 - INFO - evaluating now!
2024-09-01 15:52:34,004 - INFO - Epoch [50/100] train_loss: 29.1994, val_loss: 127.0614, lr: 0.000028, 60.78s
2024-09-01 15:53:22,986 - INFO - epoch complete!
2024-09-01 15:53:22,986 - INFO - evaluating now!
2024-09-01 15:53:34,782 - INFO - Epoch [51/100] train_loss: 29.1694, val_loss: 127.8495, lr: 0.000028, 60.78s
2024-09-01 15:54:23,842 - INFO - epoch complete!
2024-09-01 15:54:23,842 - INFO - evaluating now!
2024-09-01 15:54:35,636 - INFO - Epoch [52/100] train_loss: 29.1689, val_loss: 127.7402, lr: 0.000028, 60.85s
2024-09-01 15:55:25,042 - INFO - epoch complete!
2024-09-01 15:55:25,042 - INFO - evaluating now!
2024-09-01 15:55:37,008 - INFO - Epoch [53/100] train_loss: 29.1499, val_loss: 129.2381, lr: 0.000028, 61.37s
2024-09-01 15:56:26,068 - INFO - epoch complete!
2024-09-01 15:56:26,068 - INFO - evaluating now!
2024-09-01 15:56:37,865 - INFO - Epoch [54/100] train_loss: 29.1363, val_loss: 127.0033, lr: 0.000020, 60.86s
2024-09-01 15:57:26,852 - INFO - epoch complete!
2024-09-01 15:57:26,852 - INFO - evaluating now!
2024-09-01 15:57:38,650 - INFO - Epoch [55/100] train_loss: 29.0758, val_loss: 128.1094, lr: 0.000020, 60.79s
2024-09-01 15:58:27,942 - INFO - epoch complete!
2024-09-01 15:58:27,942 - INFO - evaluating now!
2024-09-01 15:58:39,767 - INFO - Epoch [56/100] train_loss: 29.0596, val_loss: 129.1366, lr: 0.000020, 61.12s
2024-09-01 15:59:28,737 - INFO - epoch complete!
2024-09-01 15:59:28,737 - INFO - evaluating now!
2024-09-01 15:59:40,535 - INFO - Epoch [57/100] train_loss: 29.0636, val_loss: 127.1477, lr: 0.000020, 60.77s
2024-09-01 16:00:29,489 - INFO - epoch complete!
2024-09-01 16:00:29,490 - INFO - evaluating now!
2024-09-01 16:00:41,283 - INFO - Epoch [58/100] train_loss: 29.0416, val_loss: 127.2819, lr: 0.000020, 60.75s
2024-09-01 16:01:30,254 - INFO - epoch complete!
2024-09-01 16:01:30,254 - INFO - evaluating now!
2024-09-01 16:01:42,051 - INFO - Epoch [59/100] train_loss: 29.0349, val_loss: 127.3270, lr: 0.000014, 60.77s
2024-09-01 16:02:31,178 - INFO - epoch complete!
2024-09-01 16:02:31,178 - INFO - evaluating now!
2024-09-01 16:02:42,976 - INFO - Epoch [60/100] train_loss: 28.9992, val_loss: 127.0663, lr: 0.000014, 60.92s
2024-09-01 16:03:33,371 - INFO - epoch complete!
2024-09-01 16:03:33,371 - INFO - evaluating now!
2024-09-01 16:03:45,584 - INFO - Epoch [61/100] train_loss: 28.9926, val_loss: 127.5130, lr: 0.000014, 62.61s
2024-09-01 16:04:35,771 - INFO - epoch complete!
2024-09-01 16:04:35,771 - INFO - evaluating now!
2024-09-01 16:04:47,958 - INFO - Epoch [62/100] train_loss: 28.9841, val_loss: 128.1635, lr: 0.000014, 62.37s
2024-09-01 16:05:37,649 - INFO - epoch complete!
2024-09-01 16:05:37,650 - INFO - evaluating now!
2024-09-01 16:05:49,894 - INFO - Epoch [63/100] train_loss: 28.9727, val_loss: 127.6377, lr: 0.000014, 61.94s
2024-09-01 16:06:40,302 - INFO - epoch complete!
2024-09-01 16:06:40,302 - INFO - evaluating now!
2024-09-01 16:06:52,144 - INFO - Epoch [64/100] train_loss: 28.9572, val_loss: 128.1127, lr: 0.000010, 62.25s
2024-09-01 16:07:41,115 - INFO - epoch complete!
2024-09-01 16:07:41,115 - INFO - evaluating now!
2024-09-01 16:07:52,915 - INFO - Epoch [65/100] train_loss: 28.9416, val_loss: 127.3760, lr: 0.000010, 60.77s
2024-09-01 16:08:41,899 - INFO - epoch complete!
2024-09-01 16:08:41,899 - INFO - evaluating now!
2024-09-01 16:08:53,786 - INFO - Epoch [66/100] train_loss: 28.9314, val_loss: 127.0707, lr: 0.000010, 60.87s
2024-09-01 16:09:42,859 - INFO - epoch complete!
2024-09-01 16:09:42,859 - INFO - evaluating now!
2024-09-01 16:09:54,689 - INFO - Epoch [67/100] train_loss: 28.9324, val_loss: 127.2842, lr: 0.000010, 60.90s
2024-09-01 16:10:44,077 - INFO - epoch complete!
2024-09-01 16:10:44,077 - INFO - evaluating now!
2024-09-01 16:10:56,002 - INFO - Epoch [68/100] train_loss: 28.9196, val_loss: 127.6935, lr: 0.000010, 61.31s
2024-09-01 16:11:45,218 - INFO - epoch complete!
2024-09-01 16:11:45,218 - INFO - evaluating now!
2024-09-01 16:11:57,136 - INFO - Epoch [69/100] train_loss: 28.9137, val_loss: 126.9937, lr: 0.000007, 61.13s
2024-09-01 16:12:46,417 - INFO - epoch complete!
2024-09-01 16:12:46,417 - INFO - evaluating now!
2024-09-01 16:12:58,324 - INFO - Epoch [70/100] train_loss: 28.9008, val_loss: 127.5109, lr: 0.000007, 61.19s
2024-09-01 16:13:47,819 - INFO - epoch complete!
2024-09-01 16:13:47,819 - INFO - evaluating now!
2024-09-01 16:13:59,762 - INFO - Epoch [71/100] train_loss: 28.8960, val_loss: 127.5604, lr: 0.000007, 61.44s
2024-09-01 16:14:48,831 - INFO - epoch complete!
2024-09-01 16:14:48,831 - INFO - evaluating now!
2024-09-01 16:15:00,639 - INFO - Epoch [72/100] train_loss: 28.8877, val_loss: 127.1394, lr: 0.000007, 60.88s
2024-09-01 16:15:51,206 - INFO - epoch complete!
2024-09-01 16:15:51,206 - INFO - evaluating now!
2024-09-01 16:16:03,707 - INFO - Epoch [73/100] train_loss: 28.8910, val_loss: 127.4181, lr: 0.000007, 63.07s
2024-09-01 16:16:54,688 - INFO - epoch complete!
2024-09-01 16:16:54,688 - INFO - evaluating now!
2024-09-01 16:17:06,623 - INFO - Epoch [74/100] train_loss: 28.8799, val_loss: 127.5735, lr: 0.000005, 62.92s
2024-09-01 16:17:55,654 - INFO - epoch complete!
2024-09-01 16:17:55,654 - INFO - evaluating now!
2024-09-01 16:18:07,474 - INFO - Epoch [75/100] train_loss: 28.8684, val_loss: 127.3411, lr: 0.000005, 60.85s
2024-09-01 16:18:56,531 - INFO - epoch complete!
2024-09-01 16:18:56,532 - INFO - evaluating now!
2024-09-01 16:19:08,352 - INFO - Epoch [76/100] train_loss: 28.8697, val_loss: 127.2349, lr: 0.000005, 60.88s
2024-09-01 16:19:57,403 - INFO - epoch complete!
2024-09-01 16:19:57,403 - INFO - evaluating now!
2024-09-01 16:20:09,355 - INFO - Epoch [77/100] train_loss: 28.8632, val_loss: 126.9902, lr: 0.000005, 61.00s
2024-09-01 16:20:58,900 - INFO - epoch complete!
2024-09-01 16:20:58,900 - INFO - evaluating now!
2024-09-01 16:21:10,878 - INFO - Epoch [78/100] train_loss: 28.8599, val_loss: 127.1600, lr: 0.000005, 61.52s
2024-09-01 16:22:00,289 - INFO - epoch complete!
2024-09-01 16:22:00,289 - INFO - evaluating now!
2024-09-01 16:22:12,086 - INFO - Epoch [79/100] train_loss: 28.8589, val_loss: 127.2203, lr: 0.000003, 61.21s
2024-09-01 16:23:01,059 - INFO - epoch complete!
2024-09-01 16:23:01,059 - INFO - evaluating now!
2024-09-01 16:23:12,856 - INFO - Epoch [80/100] train_loss: 28.8475, val_loss: 127.2800, lr: 0.000003, 60.77s
2024-09-01 16:24:01,829 - INFO - epoch complete!
2024-09-01 16:24:01,829 - INFO - evaluating now!
2024-09-01 16:24:13,624 - INFO - Epoch [81/100] train_loss: 28.8461, val_loss: 127.6693, lr: 0.000003, 60.77s
2024-09-01 16:25:02,626 - INFO - epoch complete!
2024-09-01 16:25:02,626 - INFO - evaluating now!
2024-09-01 16:25:14,484 - INFO - Epoch [82/100] train_loss: 28.8436, val_loss: 127.1616, lr: 0.000003, 60.86s
2024-09-01 16:26:04,274 - INFO - epoch complete!
2024-09-01 16:26:04,274 - INFO - evaluating now!
2024-09-01 16:26:16,400 - INFO - Epoch [83/100] train_loss: 28.8413, val_loss: 127.2689, lr: 0.000003, 61.92s
2024-09-01 16:27:05,722 - INFO - epoch complete!
2024-09-01 16:27:05,723 - INFO - evaluating now!
2024-09-01 16:27:17,598 - INFO - Epoch [84/100] train_loss: 28.8420, val_loss: 127.2010, lr: 0.000002, 61.20s
2024-09-01 16:28:11,477 - INFO - epoch complete!
2024-09-01 16:28:11,477 - INFO - evaluating now!
2024-09-01 16:28:23,279 - INFO - Epoch [85/100] train_loss: 28.8351, val_loss: 127.2417, lr: 0.000002, 65.68s
2024-09-01 16:29:26,112 - INFO - epoch complete!
2024-09-01 16:29:26,112 - INFO - evaluating now!
2024-09-01 16:29:37,956 - INFO - Epoch [86/100] train_loss: 28.8336, val_loss: 127.1391, lr: 0.000002, 74.68s
2024-09-01 16:30:29,672 - INFO - epoch complete!
2024-09-01 16:30:29,672 - INFO - evaluating now!
2024-09-01 16:30:41,514 - INFO - Epoch [87/100] train_loss: 28.8305, val_loss: 127.2435, lr: 0.000002, 63.56s
2024-09-01 16:31:33,292 - INFO - epoch complete!
2024-09-01 16:31:33,292 - INFO - evaluating now!
2024-09-01 16:31:45,089 - INFO - Epoch [88/100] train_loss: 28.8301, val_loss: 127.0914, lr: 0.000002, 63.57s
2024-09-01 16:32:34,066 - INFO - epoch complete!
2024-09-01 16:32:34,066 - INFO - evaluating now!
2024-09-01 16:32:45,954 - INFO - Epoch [89/100] train_loss: 28.8262, val_loss: 127.3033, lr: 0.000002, 60.86s
2024-09-01 16:33:35,001 - INFO - epoch complete!
2024-09-01 16:33:35,001 - INFO - evaluating now!
2024-09-01 16:33:46,798 - INFO - Epoch [90/100] train_loss: 28.8245, val_loss: 127.2093, lr: 0.000002, 60.84s
2024-09-01 16:34:36,395 - INFO - epoch complete!
2024-09-01 16:34:36,395 - INFO - evaluating now!
2024-09-01 16:34:48,473 - INFO - Epoch [91/100] train_loss: 28.8229, val_loss: 127.1746, lr: 0.000002, 61.68s
2024-09-01 16:35:37,795 - INFO - epoch complete!
2024-09-01 16:35:37,795 - INFO - evaluating now!
2024-09-01 16:35:49,588 - INFO - Epoch [92/100] train_loss: 28.8222, val_loss: 127.2178, lr: 0.000002, 61.11s
2024-09-01 16:36:38,706 - INFO - epoch complete!
2024-09-01 16:36:38,706 - INFO - evaluating now!
2024-09-01 16:36:50,912 - INFO - Epoch [93/100] train_loss: 28.8213, val_loss: 127.2742, lr: 0.000002, 61.32s
2024-09-01 16:37:39,902 - INFO - epoch complete!
2024-09-01 16:37:39,902 - INFO - evaluating now!
2024-09-01 16:37:51,697 - INFO - Epoch [94/100] train_loss: 28.8197, val_loss: 127.2902, lr: 0.000001, 60.78s
2024-09-01 16:38:40,679 - INFO - epoch complete!
2024-09-01 16:38:40,679 - INFO - evaluating now!
2024-09-01 16:38:52,475 - INFO - Epoch [95/100] train_loss: 28.8165, val_loss: 127.2903, lr: 0.000001, 60.78s
2024-09-01 16:39:41,458 - INFO - epoch complete!
2024-09-01 16:39:41,458 - INFO - evaluating now!
2024-09-01 16:39:53,253 - INFO - Epoch [96/100] train_loss: 28.8158, val_loss: 127.2789, lr: 0.000001, 60.78s
2024-09-01 16:40:42,235 - INFO - epoch complete!
2024-09-01 16:40:42,235 - INFO - evaluating now!
2024-09-01 16:40:54,029 - INFO - Epoch [97/100] train_loss: 28.8153, val_loss: 127.3133, lr: 0.000001, 60.78s
2024-09-01 16:41:43,010 - INFO - epoch complete!
2024-09-01 16:41:43,010 - INFO - evaluating now!
2024-09-01 16:41:54,991 - INFO - Epoch [98/100] train_loss: 28.8141, val_loss: 127.3291, lr: 0.000001, 60.96s
2024-09-01 16:42:44,652 - INFO - epoch complete!
2024-09-01 16:42:44,653 - INFO - evaluating now!
2024-09-01 16:42:56,520 - INFO - Epoch [99/100] train_loss: 28.8136, val_loss: 127.2878, lr: 0.000001, 61.53s
2024-09-01 16:42:56,520 - INFO - Trained totally 100 epochs, average train time is 50.773s, average eval time is 12.216s
2024-09-01 16:42:56,525 - INFO - Loaded model at 22
2024-09-01 16:42:56,525 - INFO - Saved model at ./libcity/cache/178/model_cache/STGCN_METR_LA.m
2024-09-01 16:42:56,531 - INFO - Start evaluating ...
2024-09-01 16:43:27,418 - INFO - Note that you select the single mode to evaluate!
2024-09-01 16:43:27,420 - INFO - Evaluate result is saved at ./libcity/cache/178/evaluate_cache/2024_09_01_16_43_27_STGCN_METR_LA.csv
2024-09-01 16:43:27,424 - INFO - 
         MAE      MAPE       RMSE
1   2.667751  0.063179   5.338469
2   2.896961  0.070497   6.019900
3   3.101246  0.076998   6.590127
4   3.295808  0.083006   7.114206
5   3.479210  0.088616   7.586779
6   3.657259  0.093980   8.020013
7   3.825588  0.099031   8.419022
8   3.987627  0.103860   8.790203
9   4.144334  0.108471   9.135962
10  4.294808  0.112876   9.457956
11  4.440060  0.117089   9.759421
12  4.580087  0.121116  10.041325
