2024-08-20 14:38:02,191 - INFO - Log directory: ./libcity/log
2024-08-20 14:38:02,191 - INFO - Begin pipeline, task=MTS_pred, model_name=AGCRN, dataset_name=METR_LA, exp_id=2
2024-08-20 14:38:02,191 - INFO - {'task': 'MTS_pred', 'model': 'AGCRN', 'dataset': 'METR_LA', 'saved_model': True, 'exp_id': '2', 'seed': 0, 'max_epoch': 200, 'dataset_class': 'StatePointDataset', 'executor': 'StateExecutor', 'evaluator': 'StateEvaluator', 'embed_dim': 10, 'rnn_units': 64, 'num_layers': 2, 'cheb_order': 2, 'bidir_adj_mx': True, 'scaler': 'standard', 'load_external': False, 'normal_external': False, 'ext_scaler': 'none', 'add_time_in_day': False, 'add_day_in_week': False, 'learner': 'adam', 'learning_rate': 0.003, 'lr_decay': False, 'clip_grad_norm': False, 'use_early_stop': True, 'patience': 50, 'batch_size': 64, 'cache_dataset': True, 'num_workers': 0, 'pad_with_last_sample': True, 'train_rate': 0.7, 'eval_rate': 0.1, 'input_window': 12, 'output_window': 12, 'robustness_test': False, 'noise_type': 'gaussian', 'disturb_rate': 0.5, 'noise_mean': [5], 'noise_SD': [10], 'gpu': True, 'gpu_id': 0, 'train_loss': 'none', 'epoch': 0, 'weight_decay': 0, 'lr_epsilon': 1e-08, 'lr_beta1': 0.9, 'lr_beta2': 0.999, 'lr_alpha': 0.99, 'lr_momentum': 0, 'lr_scheduler': 'multisteplr', 'lr_decay_ratio': 0.1, 'steps': [5, 20, 40, 70], 'step_size': 10, 'lr_T_max': 30, 'lr_eta_min': 0, 'lr_patience': 10, 'lr_threshold': 0.0001, 'max_grad_norm': 1.0, 'log_level': 'INFO', 'log_every': 1, 'load_best_epoch': True, 'hyper_tune': False, 'metrics': ['MAE', 'MAPE', 'RMSE'], 'evaluator_mode': 'single', 'save_mode': ['csv'], 'geo': {'including_types': ['Point'], 'Point': {}}, 'rel': {'including_types': ['geo'], 'geo': {'cost': 'num'}}, 'dyna': {'including_types': ['state'], 'state': {'entity_id': 'geo_id', 'traffic_speed': 'num'}}, 'data_col': ['traffic_speed'], 'weight_col': 'cost', 'data_files': ['METR_LA'], 'geo_file': 'METR_LA', 'rel_file': 'METR_LA', 'output_dim': 1, 'time_intervals': 300, 'init_weight_inf_or_zero': 'inf', 'set_weight_link_or_dist': 'dist', 'calculate_weight_adj': True, 'weight_adj_epsilon': 0.1, 'device': device(type='cuda', index=0)}
2024-08-20 14:38:02,196 - INFO - Loaded file METR_LA.geo, num_nodes=207
2024-08-20 14:38:02,204 - INFO - set_weight_link_or_dist: dist
2024-08-20 14:38:02,204 - INFO - init_weight_inf_or_zero: inf
2024-08-20 14:38:02,253 - INFO - Loaded file METR_LA.rel, shape=(207, 207)
2024-08-20 14:38:02,253 - INFO - Start Calculate the weight by Gauss kernel!
2024-08-20 14:38:02,254 - INFO - Loading file METR_LA.dyna
2024-08-20 14:38:06,917 - INFO - Loaded file METR_LA.dyna, shape=(34272, 207, 1)
2024-08-20 14:38:09,122 - INFO - Dataset created
2024-08-20 14:38:09,122 - INFO - x shape: (34249, 12, 207, 1), y shape: (34249, 12, 207, 1)
2024-08-20 14:38:09,126 - INFO - train	x: (23974, 12, 207, 1), y: (23974, 12, 207, 1)
2024-08-20 14:38:09,126 - INFO - eval	x: (3425, 12, 207, 1), y: (3425, 12, 207, 1)
2024-08-20 14:38:09,126 - INFO - test	x: (6850, 12, 207, 1), y: (6850, 12, 207, 1)
2024-08-20 14:38:27,555 - INFO - Saved at ./libcity/cache/dataset_cache/point_based_METR_LA_12_12_0.7_0.1_standard_64_False_False_False_True.npz
2024-08-20 14:38:27,956 - INFO - StandardScaler mean: 54.40592829587626, std: 19.493739270573098
2024-08-20 14:38:27,956 - INFO - NoneScaler
2024-08-20 14:38:35,493 - INFO - AGCRN(
  (encoder): AVWDCRNN(
    (dcrnn_cells): ModuleList(
      (0): AGCRNCell(
        (gate): AVWGCN()
        (update): AVWGCN()
      )
      (1): AGCRNCell(
        (gate): AVWGCN()
        (update): AVWGCN()
      )
    )
  )
  (end_conv): Conv2d(1, 12, kernel_size=(1, 64), stride=(1, 1))
)
2024-08-20 14:38:35,493 - INFO - node_embeddings	torch.Size([207, 10])	cuda:0	True
2024-08-20 14:38:35,493 - INFO - encoder.dcrnn_cells.0.gate.weights_pool	torch.Size([10, 2, 65, 128])	cuda:0	True
2024-08-20 14:38:35,493 - INFO - encoder.dcrnn_cells.0.gate.bias_pool	torch.Size([10, 128])	cuda:0	True
2024-08-20 14:38:35,493 - INFO - encoder.dcrnn_cells.0.update.weights_pool	torch.Size([10, 2, 65, 64])	cuda:0	True
2024-08-20 14:38:35,493 - INFO - encoder.dcrnn_cells.0.update.bias_pool	torch.Size([10, 64])	cuda:0	True
2024-08-20 14:38:35,493 - INFO - encoder.dcrnn_cells.1.gate.weights_pool	torch.Size([10, 2, 128, 128])	cuda:0	True
2024-08-20 14:38:35,493 - INFO - encoder.dcrnn_cells.1.gate.bias_pool	torch.Size([10, 128])	cuda:0	True
2024-08-20 14:38:35,494 - INFO - encoder.dcrnn_cells.1.update.weights_pool	torch.Size([10, 2, 128, 64])	cuda:0	True
2024-08-20 14:38:35,494 - INFO - encoder.dcrnn_cells.1.update.bias_pool	torch.Size([10, 64])	cuda:0	True
2024-08-20 14:38:35,494 - INFO - end_conv.weight	torch.Size([12, 1, 1, 64])	cuda:0	True
2024-08-20 14:38:35,494 - INFO - end_conv.bias	torch.Size([12])	cuda:0	True
2024-08-20 14:38:35,494 - INFO - Total parameter numbers: 747810
2024-08-20 14:38:35,494 - INFO - You select `adam` optimizer.
2024-08-20 14:38:35,494 - WARNING - Received none train loss func and will use the loss func defined in the model.
2024-08-20 14:38:35,494 - INFO - Start training ...
2024-08-20 14:38:35,494 - INFO - num_batches:375
2024-08-20 14:40:27,106 - INFO - epoch complete!
2024-08-20 14:40:27,107 - INFO - evaluating now!
2024-08-20 14:40:34,588 - INFO - Epoch [0/200] train_loss: 4.3522, val_loss: 3.4681, lr: 0.003000, 119.09s
2024-08-20 14:40:34,605 - INFO - Saved model at 0
2024-08-20 14:40:34,605 - INFO - Val loss decrease from inf to 3.4681, saving to ./libcity/cache/2/model_cache/AGCRN_METR_LA_epoch0.tar
2024-08-20 14:42:27,190 - INFO - epoch complete!
2024-08-20 14:42:27,190 - INFO - evaluating now!
2024-08-20 14:42:38,055 - INFO - Epoch [1/200] train_loss: 3.4621, val_loss: 3.2303, lr: 0.003000, 123.45s
2024-08-20 14:42:38,072 - INFO - Saved model at 1
2024-08-20 14:42:38,072 - INFO - Val loss decrease from 3.4681 to 3.2303, saving to ./libcity/cache/2/model_cache/AGCRN_METR_LA_epoch1.tar
2024-08-20 14:45:20,991 - INFO - epoch complete!
2024-08-20 14:45:20,992 - INFO - evaluating now!
2024-08-20 14:45:32,919 - INFO - Epoch [2/200] train_loss: 3.2634, val_loss: 3.0675, lr: 0.003000, 174.85s
2024-08-20 14:45:32,936 - INFO - Saved model at 2
2024-08-20 14:45:32,937 - INFO - Val loss decrease from 3.2303 to 3.0675, saving to ./libcity/cache/2/model_cache/AGCRN_METR_LA_epoch2.tar
2024-08-20 14:48:06,335 - INFO - epoch complete!
2024-08-20 14:48:06,336 - INFO - evaluating now!
2024-08-20 14:48:14,382 - INFO - Epoch [3/200] train_loss: 3.1285, val_loss: 3.0223, lr: 0.003000, 161.45s
2024-08-20 14:48:14,399 - INFO - Saved model at 3
2024-08-20 14:48:14,399 - INFO - Val loss decrease from 3.0675 to 3.0223, saving to ./libcity/cache/2/model_cache/AGCRN_METR_LA_epoch3.tar
2024-08-20 14:50:28,009 - INFO - epoch complete!
2024-08-20 14:50:28,010 - INFO - evaluating now!
2024-08-20 14:50:39,916 - INFO - Epoch [4/200] train_loss: 3.0570, val_loss: 2.9977, lr: 0.003000, 145.52s
2024-08-20 14:50:39,934 - INFO - Saved model at 4
2024-08-20 14:50:39,934 - INFO - Val loss decrease from 3.0223 to 2.9977, saving to ./libcity/cache/2/model_cache/AGCRN_METR_LA_epoch4.tar
2024-08-20 14:53:22,705 - INFO - epoch complete!
2024-08-20 14:53:22,706 - INFO - evaluating now!
2024-08-20 14:53:34,617 - INFO - Epoch [5/200] train_loss: 3.0102, val_loss: 2.9504, lr: 0.003000, 174.68s
2024-08-20 14:53:34,634 - INFO - Saved model at 5
2024-08-20 14:53:34,635 - INFO - Val loss decrease from 2.9977 to 2.9504, saving to ./libcity/cache/2/model_cache/AGCRN_METR_LA_epoch5.tar
2024-08-20 14:56:18,366 - INFO - epoch complete!
2024-08-20 14:56:18,367 - INFO - evaluating now!
2024-08-20 14:56:31,112 - INFO - Epoch [6/200] train_loss: 2.9717, val_loss: 2.9482, lr: 0.003000, 176.48s
2024-08-20 14:56:31,129 - INFO - Saved model at 6
2024-08-20 14:56:31,130 - INFO - Val loss decrease from 2.9504 to 2.9482, saving to ./libcity/cache/2/model_cache/AGCRN_METR_LA_epoch6.tar
2024-08-20 14:59:13,063 - INFO - epoch complete!
2024-08-20 14:59:13,063 - INFO - evaluating now!
2024-08-20 14:59:23,751 - INFO - Epoch [7/200] train_loss: 2.9388, val_loss: 2.9304, lr: 0.003000, 172.62s
2024-08-20 14:59:23,770 - INFO - Saved model at 7
2024-08-20 14:59:23,770 - INFO - Val loss decrease from 2.9482 to 2.9304, saving to ./libcity/cache/2/model_cache/AGCRN_METR_LA_epoch7.tar
2024-08-20 15:02:06,652 - INFO - epoch complete!
2024-08-20 15:02:06,653 - INFO - evaluating now!
2024-08-20 15:02:19,405 - INFO - Epoch [8/200] train_loss: 2.9047, val_loss: 2.9122, lr: 0.003000, 175.64s
2024-08-20 15:02:19,423 - INFO - Saved model at 8
2024-08-20 15:02:19,423 - INFO - Val loss decrease from 2.9304 to 2.9122, saving to ./libcity/cache/2/model_cache/AGCRN_METR_LA_epoch8.tar
2024-08-20 15:05:03,328 - INFO - epoch complete!
2024-08-20 15:05:03,328 - INFO - evaluating now!
2024-08-20 15:05:15,232 - INFO - Epoch [9/200] train_loss: 2.8758, val_loss: 2.9254, lr: 0.003000, 175.81s
2024-08-20 15:07:58,288 - INFO - epoch complete!
2024-08-20 15:07:58,289 - INFO - evaluating now!
2024-08-20 15:08:10,194 - INFO - Epoch [10/200] train_loss: 2.8512, val_loss: 2.9367, lr: 0.003000, 174.96s
2024-08-20 15:10:54,187 - INFO - epoch complete!
2024-08-20 15:10:54,187 - INFO - evaluating now!
2024-08-20 15:11:06,913 - INFO - Epoch [11/200] train_loss: 2.8162, val_loss: 2.9304, lr: 0.003000, 176.72s
2024-08-20 15:13:50,026 - INFO - epoch complete!
2024-08-20 15:13:50,027 - INFO - evaluating now!
2024-08-20 15:14:01,732 - INFO - Epoch [12/200] train_loss: 2.7909, val_loss: 2.9270, lr: 0.003000, 174.82s
2024-08-20 15:16:43,299 - INFO - epoch complete!
2024-08-20 15:16:43,300 - INFO - evaluating now!
2024-08-20 15:16:55,600 - INFO - Epoch [13/200] train_loss: 2.7629, val_loss: 2.9546, lr: 0.003000, 173.87s
2024-08-20 15:19:39,404 - INFO - epoch complete!
2024-08-20 15:19:39,404 - INFO - evaluating now!
2024-08-20 15:19:51,299 - INFO - Epoch [14/200] train_loss: 2.7385, val_loss: 2.9558, lr: 0.003000, 175.70s
2024-08-20 15:22:34,192 - INFO - epoch complete!
2024-08-20 15:22:34,192 - INFO - evaluating now!
2024-08-20 15:22:46,062 - INFO - Epoch [15/200] train_loss: 2.7116, val_loss: 2.9322, lr: 0.003000, 174.76s
2024-08-20 15:25:29,951 - INFO - epoch complete!
2024-08-20 15:25:29,952 - INFO - evaluating now!
2024-08-20 15:25:42,692 - INFO - Epoch [16/200] train_loss: 2.6862, val_loss: 2.9438, lr: 0.003000, 176.63s
2024-08-20 15:28:25,730 - INFO - epoch complete!
2024-08-20 15:28:25,730 - INFO - evaluating now!
2024-08-20 15:28:37,661 - INFO - Epoch [17/200] train_loss: 2.6628, val_loss: 2.9629, lr: 0.003000, 174.97s
2024-08-20 15:31:20,523 - INFO - epoch complete!
2024-08-20 15:31:20,523 - INFO - evaluating now!
2024-08-20 15:31:32,351 - INFO - Epoch [18/200] train_loss: 2.6407, val_loss: 2.9737, lr: 0.003000, 174.69s
2024-08-20 15:34:14,868 - INFO - epoch complete!
2024-08-20 15:34:14,869 - INFO - evaluating now!
2024-08-20 15:34:26,777 - INFO - Epoch [19/200] train_loss: 2.6184, val_loss: 2.9662, lr: 0.003000, 174.43s
2024-08-20 15:37:09,496 - INFO - epoch complete!
2024-08-20 15:37:09,496 - INFO - evaluating now!
2024-08-20 15:37:21,381 - INFO - Epoch [20/200] train_loss: 2.5997, val_loss: 2.9595, lr: 0.003000, 174.60s
2024-08-20 15:40:04,944 - INFO - epoch complete!
2024-08-20 15:40:04,945 - INFO - evaluating now!
2024-08-20 15:40:17,839 - INFO - Epoch [21/200] train_loss: 2.5805, val_loss: 2.9860, lr: 0.003000, 176.46s
2024-08-20 15:43:00,694 - INFO - epoch complete!
2024-08-20 15:43:00,694 - INFO - evaluating now!
2024-08-20 15:43:12,581 - INFO - Epoch [22/200] train_loss: 2.5625, val_loss: 2.9882, lr: 0.003000, 174.74s
2024-08-20 15:45:55,461 - INFO - epoch complete!
2024-08-20 15:45:55,462 - INFO - evaluating now!
2024-08-20 15:46:07,908 - INFO - Epoch [23/200] train_loss: 2.5530, val_loss: 2.9674, lr: 0.003000, 175.33s
2024-08-20 15:48:51,963 - INFO - epoch complete!
2024-08-20 15:48:51,964 - INFO - evaluating now!
2024-08-20 15:49:02,444 - INFO - Epoch [24/200] train_loss: 2.5297, val_loss: 2.9973, lr: 0.003000, 174.54s
2024-08-20 15:51:44,349 - INFO - epoch complete!
2024-08-20 15:51:44,349 - INFO - evaluating now!
2024-08-20 15:51:56,214 - INFO - Epoch [25/200] train_loss: 2.5145, val_loss: 2.9850, lr: 0.003000, 173.77s
2024-08-20 15:54:39,573 - INFO - epoch complete!
2024-08-20 15:54:39,574 - INFO - evaluating now!
2024-08-20 15:54:52,601 - INFO - Epoch [26/200] train_loss: 2.5013, val_loss: 3.0034, lr: 0.003000, 176.39s
2024-08-20 15:57:35,478 - INFO - epoch complete!
2024-08-20 15:57:35,479 - INFO - evaluating now!
2024-08-20 15:57:47,384 - INFO - Epoch [27/200] train_loss: 2.4894, val_loss: 2.9888, lr: 0.003000, 174.78s
2024-08-20 16:00:30,180 - INFO - epoch complete!
2024-08-20 16:00:30,181 - INFO - evaluating now!
2024-08-20 16:00:42,487 - INFO - Epoch [28/200] train_loss: 2.4816, val_loss: 3.0032, lr: 0.003000, 175.10s
2024-08-20 16:03:26,646 - INFO - epoch complete!
2024-08-20 16:03:26,646 - INFO - evaluating now!
2024-08-20 16:03:38,532 - INFO - Epoch [29/200] train_loss: 2.4653, val_loss: 2.9960, lr: 0.003000, 176.04s
2024-08-20 16:06:21,070 - INFO - epoch complete!
2024-08-20 16:06:21,070 - INFO - evaluating now!
2024-08-20 16:06:31,283 - INFO - Epoch [30/200] train_loss: 2.4537, val_loss: 3.0206, lr: 0.003000, 172.75s
2024-08-20 16:09:14,108 - INFO - epoch complete!
2024-08-20 16:09:14,109 - INFO - evaluating now!
2024-08-20 16:09:27,411 - INFO - Epoch [31/200] train_loss: 2.4424, val_loss: 3.0148, lr: 0.003000, 176.13s
2024-08-20 16:12:10,214 - INFO - epoch complete!
2024-08-20 16:12:10,214 - INFO - evaluating now!
2024-08-20 16:12:22,098 - INFO - Epoch [32/200] train_loss: 2.4319, val_loss: 3.0197, lr: 0.003000, 174.69s
2024-08-20 16:15:04,896 - INFO - epoch complete!
2024-08-20 16:15:04,897 - INFO - evaluating now!
2024-08-20 16:15:16,963 - INFO - Epoch [33/200] train_loss: 2.4250, val_loss: 3.0187, lr: 0.003000, 174.86s
2024-08-20 16:18:01,420 - INFO - epoch complete!
2024-08-20 16:18:01,421 - INFO - evaluating now!
2024-08-20 16:18:13,306 - INFO - Epoch [34/200] train_loss: 2.4158, val_loss: 3.0258, lr: 0.003000, 176.34s
2024-08-20 16:20:56,051 - INFO - epoch complete!
2024-08-20 16:20:56,051 - INFO - evaluating now!
2024-08-20 16:21:07,921 - INFO - Epoch [35/200] train_loss: 2.4043, val_loss: 3.0403, lr: 0.003000, 174.61s
2024-08-20 16:23:50,180 - INFO - epoch complete!
2024-08-20 16:23:50,180 - INFO - evaluating now!
2024-08-20 16:24:01,932 - INFO - Epoch [36/200] train_loss: 2.3968, val_loss: 3.0228, lr: 0.003000, 174.01s
2024-08-20 16:26:44,856 - INFO - epoch complete!
2024-08-20 16:26:44,857 - INFO - evaluating now!
2024-08-20 16:26:56,741 - INFO - Epoch [37/200] train_loss: 2.3876, val_loss: 3.0344, lr: 0.003000, 174.81s
2024-08-20 16:29:39,535 - INFO - epoch complete!
2024-08-20 16:29:39,536 - INFO - evaluating now!
2024-08-20 16:29:51,405 - INFO - Epoch [38/200] train_loss: 2.3815, val_loss: 3.0470, lr: 0.003000, 174.66s
2024-08-20 16:32:35,636 - INFO - epoch complete!
2024-08-20 16:32:35,637 - INFO - evaluating now!
2024-08-20 16:32:47,782 - INFO - Epoch [39/200] train_loss: 2.3753, val_loss: 3.0362, lr: 0.003000, 176.38s
2024-08-20 16:35:30,528 - INFO - epoch complete!
2024-08-20 16:35:30,529 - INFO - evaluating now!
2024-08-20 16:35:42,428 - INFO - Epoch [40/200] train_loss: 2.3655, val_loss: 3.0541, lr: 0.003000, 174.65s
2024-08-20 16:38:25,221 - INFO - epoch complete!
2024-08-20 16:38:25,222 - INFO - evaluating now!
2024-08-20 16:38:38,438 - INFO - Epoch [41/200] train_loss: 2.3614, val_loss: 3.0428, lr: 0.003000, 176.01s
2024-08-20 16:41:20,501 - INFO - epoch complete!
2024-08-20 16:41:20,502 - INFO - evaluating now!
2024-08-20 16:41:31,394 - INFO - Epoch [42/200] train_loss: 2.3566, val_loss: 3.0576, lr: 0.003000, 172.96s
2024-08-20 16:44:14,102 - INFO - epoch complete!
2024-08-20 16:44:14,103 - INFO - evaluating now!
2024-08-20 16:44:26,009 - INFO - Epoch [43/200] train_loss: 2.3483, val_loss: 3.0421, lr: 0.003000, 174.61s
2024-08-20 16:47:10,076 - INFO - epoch complete!
2024-08-20 16:47:10,076 - INFO - evaluating now!
2024-08-20 16:47:22,441 - INFO - Epoch [44/200] train_loss: 2.3424, val_loss: 3.0766, lr: 0.003000, 176.43s
2024-08-20 16:50:05,143 - INFO - epoch complete!
2024-08-20 16:50:05,144 - INFO - evaluating now!
2024-08-20 16:50:17,036 - INFO - Epoch [45/200] train_loss: 2.3338, val_loss: 3.0565, lr: 0.003000, 174.59s
2024-08-20 16:52:59,806 - INFO - epoch complete!
2024-08-20 16:52:59,807 - INFO - evaluating now!
2024-08-20 16:53:12,856 - INFO - Epoch [46/200] train_loss: 2.3315, val_loss: 3.0630, lr: 0.003000, 175.82s
2024-08-20 16:55:56,187 - INFO - epoch complete!
2024-08-20 16:55:56,187 - INFO - evaluating now!
2024-08-20 16:56:07,948 - INFO - Epoch [47/200] train_loss: 2.3230, val_loss: 3.0635, lr: 0.003000, 175.09s
2024-08-20 16:58:49,244 - INFO - epoch complete!
2024-08-20 16:58:49,245 - INFO - evaluating now!
2024-08-20 16:59:00,573 - INFO - Epoch [48/200] train_loss: 2.3196, val_loss: 3.0812, lr: 0.003000, 172.62s
2024-08-20 17:01:44,382 - INFO - epoch complete!
2024-08-20 17:01:44,383 - INFO - evaluating now!
2024-08-20 17:01:56,948 - INFO - Epoch [49/200] train_loss: 2.3142, val_loss: 3.0729, lr: 0.003000, 176.37s
2024-08-20 17:04:39,660 - INFO - epoch complete!
2024-08-20 17:04:39,661 - INFO - evaluating now!
2024-08-20 17:04:51,540 - INFO - Epoch [50/200] train_loss: 2.3103, val_loss: 3.0603, lr: 0.003000, 174.59s
2024-08-20 17:07:34,220 - INFO - epoch complete!
2024-08-20 17:07:34,220 - INFO - evaluating now!
2024-08-20 17:07:47,047 - INFO - Epoch [51/200] train_loss: 2.3081, val_loss: 3.0936, lr: 0.003000, 175.51s
2024-08-20 17:10:30,661 - INFO - epoch complete!
2024-08-20 17:10:30,662 - INFO - evaluating now!
2024-08-20 17:10:42,553 - INFO - Epoch [52/200] train_loss: 2.3020, val_loss: 3.0715, lr: 0.003000, 175.51s
2024-08-20 17:13:25,341 - INFO - epoch complete!
2024-08-20 17:13:25,342 - INFO - evaluating now!
2024-08-20 17:13:36,722 - INFO - Epoch [53/200] train_loss: 2.2983, val_loss: 3.0843, lr: 0.003000, 174.17s
2024-08-20 17:16:18,948 - INFO - epoch complete!
2024-08-20 17:16:18,949 - INFO - evaluating now!
2024-08-20 17:16:31,516 - INFO - Epoch [54/200] train_loss: 2.2939, val_loss: 3.0698, lr: 0.003000, 174.79s
2024-08-20 17:19:14,220 - INFO - epoch complete!
2024-08-20 17:19:14,220 - INFO - evaluating now!
2024-08-20 17:19:26,127 - INFO - Epoch [55/200] train_loss: 2.2880, val_loss: 3.0700, lr: 0.003000, 174.61s
2024-08-20 17:22:08,795 - INFO - epoch complete!
2024-08-20 17:22:08,795 - INFO - evaluating now!
2024-08-20 17:22:21,349 - INFO - Epoch [56/200] train_loss: 2.2861, val_loss: 3.1037, lr: 0.003000, 175.22s
2024-08-20 17:25:05,203 - INFO - epoch complete!
2024-08-20 17:25:05,203 - INFO - evaluating now!
2024-08-20 17:25:17,089 - INFO - Epoch [57/200] train_loss: 2.2784, val_loss: 3.0978, lr: 0.003000, 175.74s
2024-08-20 17:27:59,781 - INFO - epoch complete!
2024-08-20 17:27:59,782 - INFO - evaluating now!
2024-08-20 17:28:11,680 - INFO - Epoch [58/200] train_loss: 2.2765, val_loss: 3.0862, lr: 0.003000, 174.59s
2024-08-20 17:28:11,680 - WARNING - Early stopping at epoch: 58
2024-08-20 17:28:11,680 - INFO - Trained totally 59 epochs, average train time is 160.606s, average eval time is 11.867s
2024-08-20 17:28:11,773 - INFO - Loaded model at 8
2024-08-20 17:28:11,773 - INFO - Saved model at ./libcity/cache/2/model_cache/AGCRN_METR_LA.m
2024-08-20 17:28:11,789 - INFO - Start evaluating ...
2024-08-20 17:28:48,796 - INFO - Note that you select the single mode to evaluate!
2024-08-20 17:28:48,816 - INFO - Evaluate result is saved at ./libcity/cache/2/evaluate_cache/2024_08_20_17_28_48_AGCRN_METR_LA.csv
2024-08-20 17:28:48,825 - INFO - 
         MAE      MAPE      RMSE
1   2.390201  0.059873  4.195325
2   2.524954  0.064630  4.608593
3   2.632780  0.068349  4.925447
4   2.724932  0.071554  5.190013
5   2.804015  0.074271  5.414899
6   2.876879  0.076669  5.615376
7   2.939927  0.078828  5.788369
8   2.995902  0.080763  5.940907
9   3.047146  0.082533  6.078507
10  3.094176  0.084153  6.204404
11  3.138938  0.085738  6.320883
12  3.181912  0.087280  6.429482
