2024-10-07 21:34:03,234 - INFO - Log directory: ./libcity/log
2024-10-07 21:34:03,234 - INFO - Begin pipeline, task=MTS_pred, model_name=LSTM, dataset_name=humidity, exp_id=2
2024-10-07 21:34:03,234 - INFO - {'task': 'MTS_pred', 'model': 'RNN', 'dataset': 'humidity', 'saved_model': True, 'exp_id': '2', 'seed': 0, 'max_epoch': 50, 'dataset_class': 'StatePointDataset', 'executor': 'StateExecutor', 'evaluator': 'StateEvaluator', 'rnn_type': 'LSTM', 'hidden_size': 64, 'num_layers': 1, 'dropout': 0, 'bidirectional': False, 'teacher_forcing_ratio': 0, 'scaler': 'standard', 'load_external': False, 'normal_external': False, 'ext_scaler': 'none', 'add_time_in_day': True, 'add_day_in_week': False, 'learner': 'adam', 'learning_rate': 0.01, 'lr_decay': True, 'lr_scheduler': 'multisteplr', 'lr_decay_ratio': 0.1, 'steps': [5, 20, 40, 70], 'clip_grad_norm': True, 'max_grad_norm': 5, 'use_early_stop': True, 'patience': 50, 'batch_size': 64, 'cache_dataset': True, 'num_workers': 0, 'pad_with_last_sample': True, 'train_rate': 0.7, 'eval_rate': 0.1, 'input_window': 12, 'output_window': 12, 'robustness_test': False, 'noise_type': 'gaussian', 'disturb_rate': 0.5, 'noise_mean': [5], 'noise_SD': [10], 'gpu': True, 'gpu_id': 0, 'train_loss': 'none', 'epoch': 0, 'weight_decay': 0, 'lr_epsilon': 1e-08, 'lr_beta1': 0.9, 'lr_beta2': 0.999, 'lr_alpha': 0.99, 'lr_momentum': 0, 'step_size': 10, 'lr_T_max': 30, 'lr_eta_min': 0, 'lr_patience': 10, 'lr_threshold': 0.0001, 'log_level': 'INFO', 'log_every': 1, 'load_best_epoch': True, 'hyper_tune': False, 'metrics': ['MAE', 'MAPE', 'RMSE'], 'evaluator_mode': 'single', 'save_mode': ['csv'], 'geo': {'including_types': ['Point'], 'Point': {}}, 'rel': {'including_types': ['geo'], 'geo': {'cost': 'num'}}, 'dyna': {'including_types': ['state'], 'state': {'entity_id': 'geo_id', 'traffic_speed': 'num'}}, 'data_col': ['traffic_speed'], 'weight_col': 'cost', 'data_files': ['humidity'], 'geo_file': 'humidity', 'rel_file': 'humidity', 'output_dim': 1, 'time_intervals': 300, 'init_weight_inf_or_zero': 'inf', 'set_weight_link_or_dist': 'dist', 'calculate_weight_adj': True, 'weight_adj_epsilon': 0.1, 'device': device(type='cuda', index=0)}
2024-10-07 21:34:05,865 - INFO - Loaded file humidity_feature.csv, shape=(3322, 2048, 1)
2024-10-07 21:34:09,723 - INFO - Dataset created
2024-10-07 21:34:09,723 - INFO - x shape: (3299, 12, 2048, 1), y shape: (3299, 12, 2048, 1)
2024-10-07 21:34:09,765 - INFO - train	x: (2309, 12, 2048, 1), y: (2309, 12, 2048, 1)
2024-10-07 21:34:09,765 - INFO - eval	x: (330, 12, 2048, 1), y: (330, 12, 2048, 1)
2024-10-07 21:34:09,765 - INFO - test	x: (660, 12, 2048, 1), y: (660, 12, 2048, 1)
2024-10-07 21:36:07,074 - INFO - Saved at ./libcity/cache/dataset_cache/point_based_humidity_12_12_0.7_0.1_standard_64_False_True_False_True.npz
2024-10-07 21:36:07,302 - INFO - StandardScaler mean: 78.66855544535464, std: 17.406175498267864
2024-10-07 21:36:07,303 - INFO - NoneScaler
2024-10-07 21:36:10,072 - INFO - You select rnn_type LSTM in RNN!
2024-10-07 21:36:10,365 - INFO - RNN(
  (rnn): LSTM(2048, 64)
  (fc): Linear(in_features=64, out_features=2048, bias=True)
)
2024-10-07 21:36:10,365 - INFO - rnn.weight_ih_l0	torch.Size([256, 2048])	cuda:0	True
2024-10-07 21:36:10,365 - INFO - rnn.weight_hh_l0	torch.Size([256, 64])	cuda:0	True
2024-10-07 21:36:10,365 - INFO - rnn.bias_ih_l0	torch.Size([256])	cuda:0	True
2024-10-07 21:36:10,366 - INFO - rnn.bias_hh_l0	torch.Size([256])	cuda:0	True
2024-10-07 21:36:10,366 - INFO - fc.weight	torch.Size([2048, 64])	cuda:0	True
2024-10-07 21:36:10,366 - INFO - fc.bias	torch.Size([2048])	cuda:0	True
2024-10-07 21:36:10,366 - INFO - Total parameter numbers: 674304
2024-10-07 21:36:10,366 - INFO - You select `adam` optimizer.
2024-10-07 21:36:11,126 - INFO - You select `multisteplr` lr_scheduler.
2024-10-07 21:36:11,126 - WARNING - Received none train loss func and will use the loss func defined in the model.
2024-10-07 21:36:11,126 - INFO - Start training ...
2024-10-07 21:36:11,126 - INFO - num_batches:37
2024-10-07 21:36:13,042 - INFO - epoch complete!
2024-10-07 21:36:13,043 - INFO - evaluating now!
2024-10-07 21:36:13,146 - INFO - Epoch [0/50] train_loss: 10.0097, val_loss: 9.1115, lr: 0.010000, 2.02s
2024-10-07 21:36:13,154 - INFO - Saved model at 0
2024-10-07 21:36:13,155 - INFO - Val loss decrease from inf to 9.1115, saving to ./libcity/cache/2/model_cache/RNN_humidity_epoch0.tar
2024-10-07 21:36:14,205 - INFO - epoch complete!
2024-10-07 21:36:14,205 - INFO - evaluating now!
2024-10-07 21:36:14,320 - INFO - Epoch [1/50] train_loss: 8.9880, val_loss: 8.7774, lr: 0.010000, 1.16s
2024-10-07 21:36:14,328 - INFO - Saved model at 1
2024-10-07 21:36:14,328 - INFO - Val loss decrease from 9.1115 to 8.7774, saving to ./libcity/cache/2/model_cache/RNN_humidity_epoch1.tar
2024-10-07 21:36:15,415 - INFO - epoch complete!
2024-10-07 21:36:15,415 - INFO - evaluating now!
2024-10-07 21:36:15,524 - INFO - Epoch [2/50] train_loss: 8.7815, val_loss: 8.8079, lr: 0.010000, 1.20s
2024-10-07 21:36:16,601 - INFO - epoch complete!
2024-10-07 21:36:16,601 - INFO - evaluating now!
2024-10-07 21:36:16,708 - INFO - Epoch [3/50] train_loss: 8.7201, val_loss: 8.8192, lr: 0.010000, 1.18s
2024-10-07 21:36:17,834 - INFO - epoch complete!
2024-10-07 21:36:17,834 - INFO - evaluating now!
2024-10-07 21:36:17,935 - INFO - Epoch [4/50] train_loss: 8.7720, val_loss: 8.8390, lr: 0.001000, 1.23s
2024-10-07 21:36:19,036 - INFO - epoch complete!
2024-10-07 21:36:19,037 - INFO - evaluating now!
2024-10-07 21:36:19,141 - INFO - Epoch [5/50] train_loss: 8.7892, val_loss: 8.7846, lr: 0.001000, 1.21s
2024-10-07 21:36:20,175 - INFO - epoch complete!
2024-10-07 21:36:20,175 - INFO - evaluating now!
2024-10-07 21:36:20,288 - INFO - Epoch [6/50] train_loss: 8.7570, val_loss: 8.7803, lr: 0.001000, 1.15s
2024-10-07 21:36:21,302 - INFO - epoch complete!
2024-10-07 21:36:21,302 - INFO - evaluating now!
2024-10-07 21:36:21,414 - INFO - Epoch [7/50] train_loss: 8.7286, val_loss: 8.7812, lr: 0.001000, 1.13s
2024-10-07 21:36:22,647 - INFO - epoch complete!
2024-10-07 21:36:22,647 - INFO - evaluating now!
2024-10-07 21:36:22,749 - INFO - Epoch [8/50] train_loss: 8.7021, val_loss: 8.7670, lr: 0.001000, 1.33s
2024-10-07 21:36:22,757 - INFO - Saved model at 8
2024-10-07 21:36:22,757 - INFO - Val loss decrease from 8.7774 to 8.7670, saving to ./libcity/cache/2/model_cache/RNN_humidity_epoch8.tar
2024-10-07 21:36:23,821 - INFO - epoch complete!
2024-10-07 21:36:23,822 - INFO - evaluating now!
2024-10-07 21:36:23,930 - INFO - Epoch [9/50] train_loss: 8.6898, val_loss: 8.7638, lr: 0.001000, 1.17s
2024-10-07 21:36:23,939 - INFO - Saved model at 9
2024-10-07 21:36:23,939 - INFO - Val loss decrease from 8.7670 to 8.7638, saving to ./libcity/cache/2/model_cache/RNN_humidity_epoch9.tar
2024-10-07 21:36:24,976 - INFO - epoch complete!
2024-10-07 21:36:24,976 - INFO - evaluating now!
2024-10-07 21:36:25,092 - INFO - Epoch [10/50] train_loss: 8.6776, val_loss: 8.7416, lr: 0.001000, 1.15s
2024-10-07 21:36:25,101 - INFO - Saved model at 10
2024-10-07 21:36:25,101 - INFO - Val loss decrease from 8.7638 to 8.7416, saving to ./libcity/cache/2/model_cache/RNN_humidity_epoch10.tar
2024-10-07 21:36:26,178 - INFO - epoch complete!
2024-10-07 21:36:26,178 - INFO - evaluating now!
2024-10-07 21:36:26,285 - INFO - Epoch [11/50] train_loss: 8.6693, val_loss: 8.7398, lr: 0.001000, 1.18s
2024-10-07 21:36:26,294 - INFO - Saved model at 11
2024-10-07 21:36:26,295 - INFO - Val loss decrease from 8.7416 to 8.7398, saving to ./libcity/cache/2/model_cache/RNN_humidity_epoch11.tar
2024-10-07 21:36:27,347 - INFO - epoch complete!
2024-10-07 21:36:27,347 - INFO - evaluating now!
2024-10-07 21:36:27,446 - INFO - Epoch [12/50] train_loss: 8.6657, val_loss: 8.7441, lr: 0.001000, 1.15s
2024-10-07 21:36:28,522 - INFO - epoch complete!
2024-10-07 21:36:28,522 - INFO - evaluating now!
2024-10-07 21:36:28,633 - INFO - Epoch [13/50] train_loss: 8.6615, val_loss: 8.7391, lr: 0.001000, 1.19s
2024-10-07 21:36:28,641 - INFO - Saved model at 13
2024-10-07 21:36:28,641 - INFO - Val loss decrease from 8.7398 to 8.7391, saving to ./libcity/cache/2/model_cache/RNN_humidity_epoch13.tar
2024-10-07 21:36:29,661 - INFO - epoch complete!
2024-10-07 21:36:29,661 - INFO - evaluating now!
2024-10-07 21:36:29,773 - INFO - Epoch [14/50] train_loss: 8.6583, val_loss: 8.7184, lr: 0.001000, 1.13s
2024-10-07 21:36:29,781 - INFO - Saved model at 14
2024-10-07 21:36:29,781 - INFO - Val loss decrease from 8.7391 to 8.7184, saving to ./libcity/cache/2/model_cache/RNN_humidity_epoch14.tar
2024-10-07 21:36:30,850 - INFO - epoch complete!
2024-10-07 21:36:30,851 - INFO - evaluating now!
2024-10-07 21:36:30,957 - INFO - Epoch [15/50] train_loss: 8.6436, val_loss: 8.7212, lr: 0.001000, 1.18s
2024-10-07 21:36:32,008 - INFO - epoch complete!
2024-10-07 21:36:32,009 - INFO - evaluating now!
2024-10-07 21:36:32,121 - INFO - Epoch [16/50] train_loss: 8.6416, val_loss: 8.7213, lr: 0.001000, 1.16s
2024-10-07 21:36:33,187 - INFO - epoch complete!
2024-10-07 21:36:33,187 - INFO - evaluating now!
2024-10-07 21:36:33,306 - INFO - Epoch [17/50] train_loss: 8.6397, val_loss: 8.7289, lr: 0.001000, 1.18s
2024-10-07 21:36:34,414 - INFO - epoch complete!
2024-10-07 21:36:34,415 - INFO - evaluating now!
2024-10-07 21:36:34,530 - INFO - Epoch [18/50] train_loss: 8.6441, val_loss: 8.7179, lr: 0.001000, 1.22s
2024-10-07 21:36:34,538 - INFO - Saved model at 18
2024-10-07 21:36:34,539 - INFO - Val loss decrease from 8.7184 to 8.7179, saving to ./libcity/cache/2/model_cache/RNN_humidity_epoch18.tar
2024-10-07 21:36:35,646 - INFO - epoch complete!
2024-10-07 21:36:35,646 - INFO - evaluating now!
2024-10-07 21:36:35,785 - INFO - Epoch [19/50] train_loss: 8.6386, val_loss: 8.7237, lr: 0.000100, 1.25s
2024-10-07 21:36:36,919 - INFO - epoch complete!
2024-10-07 21:36:36,922 - INFO - evaluating now!
2024-10-07 21:36:37,036 - INFO - Epoch [20/50] train_loss: 8.6399, val_loss: 8.7204, lr: 0.000100, 1.25s
2024-10-07 21:36:38,313 - INFO - epoch complete!
2024-10-07 21:36:38,314 - INFO - evaluating now!
2024-10-07 21:36:38,436 - INFO - Epoch [21/50] train_loss: 8.6348, val_loss: 8.7189, lr: 0.000100, 1.40s
2024-10-07 21:36:39,704 - INFO - epoch complete!
2024-10-07 21:36:39,705 - INFO - evaluating now!
2024-10-07 21:36:39,825 - INFO - Epoch [22/50] train_loss: 8.6342, val_loss: 8.7187, lr: 0.000100, 1.39s
2024-10-07 21:36:40,922 - INFO - epoch complete!
2024-10-07 21:36:40,925 - INFO - evaluating now!
2024-10-07 21:36:41,040 - INFO - Epoch [23/50] train_loss: 8.6340, val_loss: 8.7180, lr: 0.000100, 1.22s
2024-10-07 21:36:42,152 - INFO - epoch complete!
2024-10-07 21:36:42,155 - INFO - evaluating now!
2024-10-07 21:36:42,289 - INFO - Epoch [24/50] train_loss: 8.6339, val_loss: 8.7183, lr: 0.000100, 1.25s
2024-10-07 21:36:43,325 - INFO - epoch complete!
2024-10-07 21:36:43,326 - INFO - evaluating now!
2024-10-07 21:36:43,443 - INFO - Epoch [25/50] train_loss: 8.6334, val_loss: 8.7181, lr: 0.000100, 1.15s
2024-10-07 21:36:44,524 - INFO - epoch complete!
2024-10-07 21:36:44,524 - INFO - evaluating now!
2024-10-07 21:36:44,648 - INFO - Epoch [26/50] train_loss: 8.6327, val_loss: 8.7183, lr: 0.000100, 1.20s
2024-10-07 21:36:45,879 - INFO - epoch complete!
2024-10-07 21:36:45,879 - INFO - evaluating now!
2024-10-07 21:36:46,014 - INFO - Epoch [27/50] train_loss: 8.6325, val_loss: 8.7183, lr: 0.000100, 1.37s
2024-10-07 21:36:47,091 - INFO - epoch complete!
2024-10-07 21:36:47,094 - INFO - evaluating now!
2024-10-07 21:36:47,214 - INFO - Epoch [28/50] train_loss: 8.6326, val_loss: 8.7195, lr: 0.000100, 1.20s
2024-10-07 21:36:48,258 - INFO - epoch complete!
2024-10-07 21:36:48,261 - INFO - evaluating now!
2024-10-07 21:36:48,378 - INFO - Epoch [29/50] train_loss: 8.6316, val_loss: 8.7189, lr: 0.000100, 1.16s
2024-10-07 21:36:49,469 - INFO - epoch complete!
2024-10-07 21:36:49,469 - INFO - evaluating now!
2024-10-07 21:36:49,577 - INFO - Epoch [30/50] train_loss: 8.6317, val_loss: 8.7188, lr: 0.000100, 1.20s
2024-10-07 21:36:50,641 - INFO - epoch complete!
2024-10-07 21:36:50,641 - INFO - evaluating now!
2024-10-07 21:36:50,757 - INFO - Epoch [31/50] train_loss: 8.6311, val_loss: 8.7177, lr: 0.000100, 1.18s
2024-10-07 21:36:50,766 - INFO - Saved model at 31
2024-10-07 21:36:50,766 - INFO - Val loss decrease from 8.7179 to 8.7177, saving to ./libcity/cache/2/model_cache/RNN_humidity_epoch31.tar
2024-10-07 21:36:51,896 - INFO - epoch complete!
2024-10-07 21:36:51,896 - INFO - evaluating now!
2024-10-07 21:36:52,010 - INFO - Epoch [32/50] train_loss: 8.6315, val_loss: 8.7185, lr: 0.000100, 1.24s
2024-10-07 21:36:53,069 - INFO - epoch complete!
2024-10-07 21:36:53,069 - INFO - evaluating now!
2024-10-07 21:36:53,196 - INFO - Epoch [33/50] train_loss: 8.6307, val_loss: 8.7187, lr: 0.000100, 1.19s
2024-10-07 21:36:54,329 - INFO - epoch complete!
2024-10-07 21:36:54,329 - INFO - evaluating now!
2024-10-07 21:36:54,444 - INFO - Epoch [34/50] train_loss: 8.6306, val_loss: 8.7185, lr: 0.000100, 1.25s
2024-10-07 21:36:55,924 - INFO - epoch complete!
2024-10-07 21:36:55,924 - INFO - evaluating now!
2024-10-07 21:36:56,059 - INFO - Epoch [35/50] train_loss: 8.6302, val_loss: 8.7186, lr: 0.000100, 1.61s
2024-10-07 21:36:57,192 - INFO - epoch complete!
2024-10-07 21:36:57,192 - INFO - evaluating now!
2024-10-07 21:36:57,307 - INFO - Epoch [36/50] train_loss: 8.6307, val_loss: 8.7174, lr: 0.000100, 1.25s
2024-10-07 21:36:57,315 - INFO - Saved model at 36
2024-10-07 21:36:57,315 - INFO - Val loss decrease from 8.7177 to 8.7174, saving to ./libcity/cache/2/model_cache/RNN_humidity_epoch36.tar
2024-10-07 21:36:58,385 - INFO - epoch complete!
2024-10-07 21:36:58,385 - INFO - evaluating now!
2024-10-07 21:36:58,488 - INFO - Epoch [37/50] train_loss: 8.6302, val_loss: 8.7183, lr: 0.000100, 1.17s
2024-10-07 21:36:59,556 - INFO - epoch complete!
2024-10-07 21:36:59,556 - INFO - evaluating now!
2024-10-07 21:36:59,686 - INFO - Epoch [38/50] train_loss: 8.6300, val_loss: 8.7183, lr: 0.000100, 1.20s
2024-10-07 21:37:00,780 - INFO - epoch complete!
2024-10-07 21:37:00,781 - INFO - evaluating now!
2024-10-07 21:37:00,893 - INFO - Epoch [39/50] train_loss: 8.6298, val_loss: 8.7182, lr: 0.000010, 1.21s
2024-10-07 21:37:02,284 - INFO - epoch complete!
2024-10-07 21:37:02,284 - INFO - evaluating now!
2024-10-07 21:37:02,416 - INFO - Epoch [40/50] train_loss: 8.6294, val_loss: 8.7181, lr: 0.000010, 1.52s
2024-10-07 21:37:03,744 - INFO - epoch complete!
2024-10-07 21:37:03,744 - INFO - evaluating now!
2024-10-07 21:37:03,846 - INFO - Epoch [41/50] train_loss: 8.6293, val_loss: 8.7181, lr: 0.000010, 1.43s
2024-10-07 21:37:05,072 - INFO - epoch complete!
2024-10-07 21:37:05,072 - INFO - evaluating now!
2024-10-07 21:37:05,200 - INFO - Epoch [42/50] train_loss: 8.6292, val_loss: 8.7181, lr: 0.000010, 1.35s
2024-10-07 21:37:06,472 - INFO - epoch complete!
2024-10-07 21:37:06,472 - INFO - evaluating now!
2024-10-07 21:37:06,602 - INFO - Epoch [43/50] train_loss: 8.6290, val_loss: 8.7182, lr: 0.000010, 1.40s
2024-10-07 21:37:07,940 - INFO - epoch complete!
2024-10-07 21:37:07,940 - INFO - evaluating now!
2024-10-07 21:37:08,067 - INFO - Epoch [44/50] train_loss: 8.6287, val_loss: 8.7181, lr: 0.000010, 1.46s
2024-10-07 21:37:09,431 - INFO - epoch complete!
2024-10-07 21:37:09,431 - INFO - evaluating now!
2024-10-07 21:37:09,559 - INFO - Epoch [45/50] train_loss: 8.6287, val_loss: 8.7181, lr: 0.000010, 1.49s
2024-10-07 21:37:10,623 - INFO - epoch complete!
2024-10-07 21:37:10,624 - INFO - evaluating now!
2024-10-07 21:37:10,732 - INFO - Epoch [46/50] train_loss: 8.6287, val_loss: 8.7180, lr: 0.000010, 1.17s
2024-10-07 21:37:11,778 - INFO - epoch complete!
2024-10-07 21:37:11,779 - INFO - evaluating now!
2024-10-07 21:37:11,887 - INFO - Epoch [47/50] train_loss: 8.6287, val_loss: 8.7181, lr: 0.000010, 1.15s
2024-10-07 21:37:12,937 - INFO - epoch complete!
2024-10-07 21:37:12,937 - INFO - evaluating now!
2024-10-07 21:37:13,046 - INFO - Epoch [48/50] train_loss: 8.6287, val_loss: 8.7181, lr: 0.000010, 1.16s
2024-10-07 21:37:14,073 - INFO - epoch complete!
2024-10-07 21:37:14,073 - INFO - evaluating now!
2024-10-07 21:37:14,186 - INFO - Epoch [49/50] train_loss: 8.6285, val_loss: 8.7180, lr: 0.000010, 1.14s
2024-10-07 21:37:14,186 - INFO - Trained totally 50 epochs, average train time is 1.143s, average eval time is 0.116s
2024-10-07 21:37:14,379 - INFO - Loaded model at 36
2024-10-07 21:37:14,379 - INFO - Saved model at ./libcity/cache/2/model_cache/LSTM_humidity.m
2024-10-07 21:37:14,391 - INFO - Start evaluating ...
2024-10-07 21:37:25,615 - INFO - Note that you select the single mode to evaluate!
2024-10-07 21:37:25,617 - INFO - Evaluate result is saved at ./libcity/cache/2/evaluate_cache/2024_10_07_21_37_25_RNN_humidity.csv
2024-10-07 21:37:25,624 - INFO - 
         MAE      MAPE       RMSE
1   8.740818  0.143670  12.040051
2   8.741792  0.143643  12.036339
3   8.742093  0.143625  12.031265
4   8.740519  0.143541  12.023202
5   8.736802  0.143392  12.013090
6   8.733151  0.143223  12.003961
7   8.730016  0.143039  11.995962
8   8.727220  0.142852  11.988988
9   8.723823  0.142657  11.981517
10  8.719976  0.142452  11.973807
11  8.714893  0.142231  11.964664
12  8.709805  0.142012  11.955539
