2024-08-19 00:02:11,850 - INFO - Log directory: ./libcity/log
2024-08-19 00:02:11,850 - INFO - Begin pipeline, task=MTS_pred, model_name=LSTM, dataset_name=METR_LA, exp_id=24979
2024-08-19 00:02:11,850 - INFO - {'task': 'MTS_pred', 'model': 'RNN', 'dataset': 'METR_LA', 'saved_model': True, 'seed': 0, 'max_epoch': 1, 'dataset_class': 'StatePointDataset', 'executor': 'StateExecutor', 'evaluator': 'StateEvaluator', 'rnn_type': 'LSTM', 'hidden_size': 64, 'num_layers': 1, 'dropout': 0, 'bidirectional': False, 'teacher_forcing_ratio': 0, 'scaler': 'standard', 'load_external': False, 'normal_external': False, 'ext_scaler': 'none', 'add_time_in_day': True, 'add_day_in_week': False, 'learner': 'adam', 'learning_rate': 0.01, 'lr_decay': True, 'lr_scheduler': 'multisteplr', 'lr_decay_ratio': 0.1, 'steps': [5, 20, 40, 70], 'clip_grad_norm': True, 'max_grad_norm': 5, 'use_early_stop': True, 'patience': 50, 'batch_size': 64, 'cache_dataset': True, 'num_workers': 0, 'pad_with_last_sample': True, 'train_rate': 0.7, 'eval_rate': 0.1, 'input_window': 12, 'output_window': 12, 'robustness_test': False, 'noise_type': 'gaussian', 'disturb_rate': 0.5, 'noise_mean': [5], 'noise_SD': [10], 'gpu': True, 'gpu_id': 0, 'train_loss': 'none', 'epoch': 0, 'weight_decay': 0, 'lr_epsilon': 1e-08, 'lr_beta1': 0.9, 'lr_beta2': 0.999, 'lr_alpha': 0.99, 'lr_momentum': 0, 'step_size': 10, 'lr_T_max': 30, 'lr_eta_min': 0, 'lr_patience': 10, 'lr_threshold': 0.0001, 'log_level': 'INFO', 'log_every': 1, 'load_best_epoch': True, 'hyper_tune': False, 'metrics': ['MAE', 'MAPE', 'RMSE'], 'evaluator_mode': 'single', 'save_mode': ['csv'], 'geo': {'including_types': ['Point'], 'Point': {}}, 'rel': {'including_types': ['geo'], 'geo': {'cost': 'num'}}, 'dyna': {'including_types': ['state'], 'state': {'entity_id': 'geo_id', 'traffic_speed': 'num'}}, 'data_col': ['traffic_speed'], 'weight_col': 'cost', 'data_files': ['METR_LA'], 'geo_file': 'METR_LA', 'rel_file': 'METR_LA', 'output_dim': 1, 'time_intervals': 300, 'init_weight_inf_or_zero': 'inf', 'set_weight_link_or_dist': 'dist', 'calculate_weight_adj': True, 'weight_adj_epsilon': 0.1, 'device': device(type='cuda', index=0), 'exp_id': 24979}
2024-08-19 00:02:11,855 - INFO - Loaded file METR_LA.geo, num_nodes=207
2024-08-19 00:02:11,862 - INFO - set_weight_link_or_dist: dist
2024-08-19 00:02:11,862 - INFO - init_weight_inf_or_zero: inf
2024-08-19 00:02:11,895 - INFO - Loaded file METR_LA.rel, shape=(207, 207)
2024-08-19 00:02:11,895 - INFO - Start Calculate the weight by Gauss kernel!
2024-08-19 00:02:11,896 - INFO - Loading file METR_LA.dyna
2024-08-19 00:02:16,479 - INFO - Loaded file METR_LA.dyna, shape=(34272, 207, 1)
2024-08-19 00:02:18,753 - INFO - Dataset created
2024-08-19 00:02:18,753 - INFO - x shape: (34249, 12, 207, 1), y shape: (34249, 12, 207, 1)
2024-08-19 00:02:18,756 - INFO - train	x: (23974, 12, 207, 1), y: (23974, 12, 207, 1)
2024-08-19 00:02:18,757 - INFO - eval	x: (3425, 12, 207, 1), y: (3425, 12, 207, 1)
2024-08-19 00:02:18,757 - INFO - test	x: (6850, 12, 207, 1), y: (6850, 12, 207, 1)
2024-08-19 00:02:36,609 - INFO - Saved at ./libcity/cache/dataset_cache/point_based_METR_LA_12_12_0.7_0.1_standard_64_False_True_False_True.npz
2024-08-19 00:02:37,014 - INFO - StandardScaler mean: 54.40592829587626, std: 19.493739270573098
2024-08-19 00:02:37,014 - INFO - NoneScaler
2024-08-19 00:02:39,129 - INFO - You select rnn_type LSTM in RNN!
2024-08-19 00:02:53,877 - INFO - RNN(
  (rnn): LSTM(207, 64)
  (fc): Linear(in_features=64, out_features=207, bias=True)
)
2024-08-19 00:02:53,877 - INFO - rnn.weight_ih_l0	torch.Size([256, 207])	cuda:0	True
2024-08-19 00:02:53,877 - INFO - rnn.weight_hh_l0	torch.Size([256, 64])	cuda:0	True
2024-08-19 00:02:53,877 - INFO - rnn.bias_ih_l0	torch.Size([256])	cuda:0	True
2024-08-19 00:02:53,877 - INFO - rnn.bias_hh_l0	torch.Size([256])	cuda:0	True
2024-08-19 00:02:53,877 - INFO - fc.weight	torch.Size([207, 64])	cuda:0	True
2024-08-19 00:02:53,877 - INFO - fc.bias	torch.Size([207])	cuda:0	True
2024-08-19 00:02:53,878 - INFO - Total parameter numbers: 83343
2024-08-19 00:02:53,878 - INFO - You select `adam` optimizer.
2024-08-19 00:02:53,878 - INFO - You select `multisteplr` lr_scheduler.
2024-08-19 00:02:53,878 - WARNING - Received none train loss func and will use the loss func defined in the model.
2024-08-19 00:02:53,879 - INFO - Start training ...
2024-08-19 00:02:53,879 - INFO - num_batches:375
2024-08-19 00:03:05,207 - INFO - epoch complete!
2024-08-19 00:03:05,207 - INFO - evaluating now!
2024-08-19 00:03:05,785 - INFO - Epoch [0/1] train_loss: 4.3707, val_loss: 3.8827, lr: 0.010000, 11.91s
2024-08-19 00:03:05,789 - INFO - Saved model at 0
2024-08-19 00:03:05,789 - INFO - Val loss decrease from inf to 3.8827, saving to ./libcity/cache/24979/model_cache/RNN_METR_LA_epoch0.tar
2024-08-19 00:03:05,789 - INFO - Trained totally 1 epochs, average train time is 11.328s, average eval time is 0.578s
2024-08-19 00:03:05,792 - INFO - Loaded model at 0
2024-08-19 00:03:05,792 - INFO - Saved model at ./libcity/cache/24979/model_cache/LSTM_METR_LA.m
2024-08-19 00:03:05,795 - INFO - Start evaluating ...
2024-08-19 00:03:23,072 - INFO - Note that you select the single mode to evaluate!
2024-08-19 00:03:23,078 - INFO - Evaluate result is saved at ./libcity/cache/24979/evaluate_cache/2024_08_19_00_03_23_RNN_METR_LA.csv
2024-08-19 00:03:23,085 - INFO - 
         MAE      MAPE      RMSE
1   4.267292  0.123638  7.792077
2   4.231923  0.124258  7.851951
3   4.225863  0.124940  7.904144
4   4.227870  0.125640  7.950815
5   4.233570  0.126361  7.994908
6   4.243727  0.127145  8.038899
7   4.252933  0.127882  8.079827
8   4.263256  0.128636  8.120655
9   4.274364  0.129396  8.161282
10  4.285833  0.130165  8.201739
11  4.298236  0.130985  8.242807
12  4.312945  0.131966  8.286946
