2024-10-09 20:15:46,743 - INFO - Log directory: ./libcity/log
2024-10-09 20:15:46,743 - INFO - Begin pipeline, task=MTS_pred, model_name=GWNET, dataset_name=METR_LA, exp_id=251221
2024-10-09 20:15:46,743 - INFO - {'task': 'MTS_pred', 'model': 'GWNET', 'dataset': 'METR_LA', 'saved_model': True, 'exp_id': '251221', 'seed': 0, 'max_epoch': 50, 'dataset_class': 'StatePointDataset', 'executor': 'StateExecutor', 'evaluator': 'StateEvaluator', 'dropout': 0.3, 'blocks': 4, 'layers': 2, 'apt_layer': True, 'gcn_bool': True, 'addaptadj': True, 'adjtype': 'doubletransition', 'bidir_adj_mx': False, 'randomadj': True, 'aptonly': True, 'kernel_size': 2, 'nhid': 32, 'residual_channels': 32, 'dilation_channels': 32, 'skip_channels': 256, 'end_channels': 512, 'scaler': 'standard', 'load_external': False, 'normal_external': False, 'ext_scaler': 'none', 'add_time_in_day': False, 'add_day_in_week': False, 'learner': 'adam', 'learning_rate': 0.001, 'lr_decay': False, 'clip_grad_norm': True, 'max_grad_norm': 5, 'use_early_stop': False, 'batch_size': 64, 'cache_dataset': True, 'num_workers': 0, 'pad_with_last_sample': True, 'train_rate': 0.7, 'eval_rate': 0.1, 'input_window': 12, 'output_window': 12, 'robustness_test': False, 'noise_type': 'gaussian', 'disturb_rate': 0.5, 'noise_mean': [5], 'noise_SD': [10], 'gpu': True, 'gpu_id': 0, 'train_loss': 'none', 'epoch': 0, 'weight_decay': 0, 'lr_epsilon': 1e-08, 'lr_beta1': 0.9, 'lr_beta2': 0.999, 'lr_alpha': 0.99, 'lr_momentum': 0, 'lr_scheduler': 'multisteplr', 'lr_decay_ratio': 0.1, 'steps': [5, 20, 40, 70], 'step_size': 10, 'lr_T_max': 30, 'lr_eta_min': 0, 'lr_patience': 10, 'lr_threshold': 0.0001, 'patience': 50, 'log_level': 'INFO', 'log_every': 1, 'load_best_epoch': True, 'hyper_tune': False, 'metrics': ['MAE', 'MAPE', 'RMSE'], 'evaluator_mode': 'single', 'save_mode': ['csv'], 'geo': {'including_types': ['Point'], 'Point': {}}, 'rel': {'including_types': ['geo'], 'geo': {'cost': 'num'}}, 'dyna': {'including_types': ['state'], 'state': {'entity_id': 'geo_id', 'traffic_speed': 'num'}}, 'data_col': ['traffic_speed'], 'weight_col': 'cost', 'data_files': ['METR_LA'], 'geo_file': 'METR_LA', 'rel_file': 'METR_LA', 'output_dim': 1, 'time_intervals': 300, 'init_weight_inf_or_zero': 'inf', 'set_weight_link_or_dist': 'dist', 'calculate_weight_adj': True, 'weight_adj_epsilon': 0.1, 'device': device(type='cuda', index=0)}
2024-10-09 20:15:47,226 - INFO - Loaded file METR_LA_feature.csv, shape=(34272, 207, 1)
2024-10-09 20:15:48,236 - INFO - Dataset created
2024-10-09 20:15:48,237 - INFO - x shape: (34249, 12, 207, 1), y shape: (34249, 12, 207, 1)
2024-10-09 20:15:48,240 - INFO - train	x: (23974, 12, 207, 1), y: (23974, 12, 207, 1)
2024-10-09 20:15:48,240 - INFO - eval	x: (3425, 12, 207, 1), y: (3425, 12, 207, 1)
2024-10-09 20:15:48,240 - INFO - test	x: (6850, 12, 207, 1), y: (6850, 12, 207, 1)
2024-10-09 20:16:01,347 - INFO - Saved at ./libcity/cache/dataset_cache/point_based_METR_LA_12_12_0.7_0.1_standard_64_False_False_False_True.npz
2024-10-09 20:16:01,527 - INFO - StandardScaler mean: 54.40592829587626, std: 19.493739270573098
2024-10-09 20:16:01,527 - INFO - NoneScaler
2024-10-09 20:16:02,445 - INFO - receptive_field: 13
2024-10-09 20:16:02,478 - INFO - GWNET(
  (filter_convs): ModuleList(
    (0): Conv2d(32, 32, kernel_size=(1, 2), stride=(1, 1))
    (1): Conv2d(32, 32, kernel_size=(1, 2), stride=(1, 1), dilation=(2, 2))
    (2): Conv2d(32, 32, kernel_size=(1, 2), stride=(1, 1))
    (3): Conv2d(32, 32, kernel_size=(1, 2), stride=(1, 1), dilation=(2, 2))
    (4): Conv2d(32, 32, kernel_size=(1, 2), stride=(1, 1))
    (5): Conv2d(32, 32, kernel_size=(1, 2), stride=(1, 1), dilation=(2, 2))
    (6): Conv2d(32, 32, kernel_size=(1, 2), stride=(1, 1))
    (7): Conv2d(32, 32, kernel_size=(1, 2), stride=(1, 1), dilation=(2, 2))
  )
  (gate_convs): ModuleList(
    (0): Conv2d(32, 32, kernel_size=(1, 2), stride=(1, 1))
    (1): Conv2d(32, 32, kernel_size=(1, 2), stride=(1, 1), dilation=(2, 2))
    (2): Conv2d(32, 32, kernel_size=(1, 2), stride=(1, 1))
    (3): Conv2d(32, 32, kernel_size=(1, 2), stride=(1, 1), dilation=(2, 2))
    (4): Conv2d(32, 32, kernel_size=(1, 2), stride=(1, 1))
    (5): Conv2d(32, 32, kernel_size=(1, 2), stride=(1, 1), dilation=(2, 2))
    (6): Conv2d(32, 32, kernel_size=(1, 2), stride=(1, 1))
    (7): Conv2d(32, 32, kernel_size=(1, 2), stride=(1, 1), dilation=(2, 2))
  )
  (residual_convs): ModuleList(
    (0-7): 8 x Conv2d(32, 32, kernel_size=(1, 1), stride=(1, 1))
  )
  (skip_convs): ModuleList(
    (0-7): 8 x Conv2d(32, 256, kernel_size=(1, 1), stride=(1, 1))
  )
  (bn): ModuleList(
    (0-7): 8 x BatchNorm2d(32, eps=1e-05, momentum=0.1, affine=True, track_running_stats=True)
  )
  (gconv): ModuleList(
    (0-7): 8 x GCN(
      (nconv): NConv()
      (mlp): Linear(
        (mlp): Conv2d(96, 32, kernel_size=(1, 1), stride=(1, 1))
      )
    )
  )
  (start_conv): Conv2d(1, 32, kernel_size=(1, 1), stride=(1, 1))
  (end_conv_1): Conv2d(256, 512, kernel_size=(1, 1), stride=(1, 1))
  (end_conv_2): Conv2d(512, 12, kernel_size=(1, 1), stride=(1, 1))
)
2024-10-09 20:16:02,479 - INFO - nodevec1	torch.Size([207, 10])	cuda:0	True
2024-10-09 20:16:02,479 - INFO - nodevec2	torch.Size([10, 207])	cuda:0	True
2024-10-09 20:16:02,479 - INFO - filter_convs.0.weight	torch.Size([32, 32, 1, 2])	cuda:0	True
2024-10-09 20:16:02,479 - INFO - filter_convs.0.bias	torch.Size([32])	cuda:0	True
2024-10-09 20:16:02,479 - INFO - filter_convs.1.weight	torch.Size([32, 32, 1, 2])	cuda:0	True
2024-10-09 20:16:02,479 - INFO - filter_convs.1.bias	torch.Size([32])	cuda:0	True
2024-10-09 20:16:02,479 - INFO - filter_convs.2.weight	torch.Size([32, 32, 1, 2])	cuda:0	True
2024-10-09 20:16:02,479 - INFO - filter_convs.2.bias	torch.Size([32])	cuda:0	True
2024-10-09 20:16:02,479 - INFO - filter_convs.3.weight	torch.Size([32, 32, 1, 2])	cuda:0	True
2024-10-09 20:16:02,479 - INFO - filter_convs.3.bias	torch.Size([32])	cuda:0	True
2024-10-09 20:16:02,479 - INFO - filter_convs.4.weight	torch.Size([32, 32, 1, 2])	cuda:0	True
2024-10-09 20:16:02,479 - INFO - filter_convs.4.bias	torch.Size([32])	cuda:0	True
2024-10-09 20:16:02,479 - INFO - filter_convs.5.weight	torch.Size([32, 32, 1, 2])	cuda:0	True
2024-10-09 20:16:02,479 - INFO - filter_convs.5.bias	torch.Size([32])	cuda:0	True
2024-10-09 20:16:02,479 - INFO - filter_convs.6.weight	torch.Size([32, 32, 1, 2])	cuda:0	True
2024-10-09 20:16:02,479 - INFO - filter_convs.6.bias	torch.Size([32])	cuda:0	True
2024-10-09 20:16:02,479 - INFO - filter_convs.7.weight	torch.Size([32, 32, 1, 2])	cuda:0	True
2024-10-09 20:16:02,480 - INFO - filter_convs.7.bias	torch.Size([32])	cuda:0	True
2024-10-09 20:16:02,480 - INFO - gate_convs.0.weight	torch.Size([32, 32, 1, 2])	cuda:0	True
2024-10-09 20:16:02,480 - INFO - gate_convs.0.bias	torch.Size([32])	cuda:0	True
2024-10-09 20:16:02,480 - INFO - gate_convs.1.weight	torch.Size([32, 32, 1, 2])	cuda:0	True
2024-10-09 20:16:02,480 - INFO - gate_convs.1.bias	torch.Size([32])	cuda:0	True
2024-10-09 20:16:02,480 - INFO - gate_convs.2.weight	torch.Size([32, 32, 1, 2])	cuda:0	True
2024-10-09 20:16:02,480 - INFO - gate_convs.2.bias	torch.Size([32])	cuda:0	True
2024-10-09 20:16:02,480 - INFO - gate_convs.3.weight	torch.Size([32, 32, 1, 2])	cuda:0	True
2024-10-09 20:16:02,480 - INFO - gate_convs.3.bias	torch.Size([32])	cuda:0	True
2024-10-09 20:16:02,480 - INFO - gate_convs.4.weight	torch.Size([32, 32, 1, 2])	cuda:0	True
2024-10-09 20:16:02,480 - INFO - gate_convs.4.bias	torch.Size([32])	cuda:0	True
2024-10-09 20:16:02,480 - INFO - gate_convs.5.weight	torch.Size([32, 32, 1, 2])	cuda:0	True
2024-10-09 20:16:02,480 - INFO - gate_convs.5.bias	torch.Size([32])	cuda:0	True
2024-10-09 20:16:02,480 - INFO - gate_convs.6.weight	torch.Size([32, 32, 1, 2])	cuda:0	True
2024-10-09 20:16:02,480 - INFO - gate_convs.6.bias	torch.Size([32])	cuda:0	True
2024-10-09 20:16:02,480 - INFO - gate_convs.7.weight	torch.Size([32, 32, 1, 2])	cuda:0	True
2024-10-09 20:16:02,480 - INFO - gate_convs.7.bias	torch.Size([32])	cuda:0	True
2024-10-09 20:16:02,480 - INFO - residual_convs.0.weight	torch.Size([32, 32, 1, 1])	cuda:0	True
2024-10-09 20:16:02,480 - INFO - residual_convs.0.bias	torch.Size([32])	cuda:0	True
2024-10-09 20:16:02,480 - INFO - residual_convs.1.weight	torch.Size([32, 32, 1, 1])	cuda:0	True
2024-10-09 20:16:02,480 - INFO - residual_convs.1.bias	torch.Size([32])	cuda:0	True
2024-10-09 20:16:02,480 - INFO - residual_convs.2.weight	torch.Size([32, 32, 1, 1])	cuda:0	True
2024-10-09 20:16:02,480 - INFO - residual_convs.2.bias	torch.Size([32])	cuda:0	True
2024-10-09 20:16:02,480 - INFO - residual_convs.3.weight	torch.Size([32, 32, 1, 1])	cuda:0	True
2024-10-09 20:16:02,480 - INFO - residual_convs.3.bias	torch.Size([32])	cuda:0	True
2024-10-09 20:16:02,480 - INFO - residual_convs.4.weight	torch.Size([32, 32, 1, 1])	cuda:0	True
2024-10-09 20:16:02,480 - INFO - residual_convs.4.bias	torch.Size([32])	cuda:0	True
2024-10-09 20:16:02,480 - INFO - residual_convs.5.weight	torch.Size([32, 32, 1, 1])	cuda:0	True
2024-10-09 20:16:02,480 - INFO - residual_convs.5.bias	torch.Size([32])	cuda:0	True
2024-10-09 20:16:02,481 - INFO - residual_convs.6.weight	torch.Size([32, 32, 1, 1])	cuda:0	True
2024-10-09 20:16:02,481 - INFO - residual_convs.6.bias	torch.Size([32])	cuda:0	True
2024-10-09 20:16:02,481 - INFO - residual_convs.7.weight	torch.Size([32, 32, 1, 1])	cuda:0	True
2024-10-09 20:16:02,481 - INFO - residual_convs.7.bias	torch.Size([32])	cuda:0	True
2024-10-09 20:16:02,481 - INFO - skip_convs.0.weight	torch.Size([256, 32, 1, 1])	cuda:0	True
2024-10-09 20:16:02,481 - INFO - skip_convs.0.bias	torch.Size([256])	cuda:0	True
2024-10-09 20:16:02,481 - INFO - skip_convs.1.weight	torch.Size([256, 32, 1, 1])	cuda:0	True
2024-10-09 20:16:02,481 - INFO - skip_convs.1.bias	torch.Size([256])	cuda:0	True
2024-10-09 20:16:02,481 - INFO - skip_convs.2.weight	torch.Size([256, 32, 1, 1])	cuda:0	True
2024-10-09 20:16:02,481 - INFO - skip_convs.2.bias	torch.Size([256])	cuda:0	True
2024-10-09 20:16:02,481 - INFO - skip_convs.3.weight	torch.Size([256, 32, 1, 1])	cuda:0	True
2024-10-09 20:16:02,481 - INFO - skip_convs.3.bias	torch.Size([256])	cuda:0	True
2024-10-09 20:16:02,481 - INFO - skip_convs.4.weight	torch.Size([256, 32, 1, 1])	cuda:0	True
2024-10-09 20:16:02,481 - INFO - skip_convs.4.bias	torch.Size([256])	cuda:0	True
2024-10-09 20:16:02,481 - INFO - skip_convs.5.weight	torch.Size([256, 32, 1, 1])	cuda:0	True
2024-10-09 20:16:02,481 - INFO - skip_convs.5.bias	torch.Size([256])	cuda:0	True
2024-10-09 20:16:02,481 - INFO - skip_convs.6.weight	torch.Size([256, 32, 1, 1])	cuda:0	True
2024-10-09 20:16:02,481 - INFO - skip_convs.6.bias	torch.Size([256])	cuda:0	True
2024-10-09 20:16:02,481 - INFO - skip_convs.7.weight	torch.Size([256, 32, 1, 1])	cuda:0	True
2024-10-09 20:16:02,481 - INFO - skip_convs.7.bias	torch.Size([256])	cuda:0	True
2024-10-09 20:16:02,481 - INFO - bn.0.weight	torch.Size([32])	cuda:0	True
2024-10-09 20:16:02,481 - INFO - bn.0.bias	torch.Size([32])	cuda:0	True
2024-10-09 20:16:02,481 - INFO - bn.1.weight	torch.Size([32])	cuda:0	True
2024-10-09 20:16:02,481 - INFO - bn.1.bias	torch.Size([32])	cuda:0	True
2024-10-09 20:16:02,481 - INFO - bn.2.weight	torch.Size([32])	cuda:0	True
2024-10-09 20:16:02,481 - INFO - bn.2.bias	torch.Size([32])	cuda:0	True
2024-10-09 20:16:02,481 - INFO - bn.3.weight	torch.Size([32])	cuda:0	True
2024-10-09 20:16:02,481 - INFO - bn.3.bias	torch.Size([32])	cuda:0	True
2024-10-09 20:16:02,482 - INFO - bn.4.weight	torch.Size([32])	cuda:0	True
2024-10-09 20:16:02,482 - INFO - bn.4.bias	torch.Size([32])	cuda:0	True
2024-10-09 20:16:02,482 - INFO - bn.5.weight	torch.Size([32])	cuda:0	True
2024-10-09 20:16:02,482 - INFO - bn.5.bias	torch.Size([32])	cuda:0	True
2024-10-09 20:16:02,482 - INFO - bn.6.weight	torch.Size([32])	cuda:0	True
2024-10-09 20:16:02,482 - INFO - bn.6.bias	torch.Size([32])	cuda:0	True
2024-10-09 20:16:02,482 - INFO - bn.7.weight	torch.Size([32])	cuda:0	True
2024-10-09 20:16:02,482 - INFO - bn.7.bias	torch.Size([32])	cuda:0	True
2024-10-09 20:16:02,482 - INFO - gconv.0.mlp.mlp.weight	torch.Size([32, 96, 1, 1])	cuda:0	True
2024-10-09 20:16:02,482 - INFO - gconv.0.mlp.mlp.bias	torch.Size([32])	cuda:0	True
2024-10-09 20:16:02,482 - INFO - gconv.1.mlp.mlp.weight	torch.Size([32, 96, 1, 1])	cuda:0	True
2024-10-09 20:16:02,482 - INFO - gconv.1.mlp.mlp.bias	torch.Size([32])	cuda:0	True
2024-10-09 20:16:02,482 - INFO - gconv.2.mlp.mlp.weight	torch.Size([32, 96, 1, 1])	cuda:0	True
2024-10-09 20:16:02,482 - INFO - gconv.2.mlp.mlp.bias	torch.Size([32])	cuda:0	True
2024-10-09 20:16:02,482 - INFO - gconv.3.mlp.mlp.weight	torch.Size([32, 96, 1, 1])	cuda:0	True
2024-10-09 20:16:02,482 - INFO - gconv.3.mlp.mlp.bias	torch.Size([32])	cuda:0	True
2024-10-09 20:16:02,482 - INFO - gconv.4.mlp.mlp.weight	torch.Size([32, 96, 1, 1])	cuda:0	True
2024-10-09 20:16:02,482 - INFO - gconv.4.mlp.mlp.bias	torch.Size([32])	cuda:0	True
2024-10-09 20:16:02,482 - INFO - gconv.5.mlp.mlp.weight	torch.Size([32, 96, 1, 1])	cuda:0	True
2024-10-09 20:16:02,482 - INFO - gconv.5.mlp.mlp.bias	torch.Size([32])	cuda:0	True
2024-10-09 20:16:02,482 - INFO - gconv.6.mlp.mlp.weight	torch.Size([32, 96, 1, 1])	cuda:0	True
2024-10-09 20:16:02,482 - INFO - gconv.6.mlp.mlp.bias	torch.Size([32])	cuda:0	True
2024-10-09 20:16:02,482 - INFO - gconv.7.mlp.mlp.weight	torch.Size([32, 96, 1, 1])	cuda:0	True
2024-10-09 20:16:02,482 - INFO - gconv.7.mlp.mlp.bias	torch.Size([32])	cuda:0	True
2024-10-09 20:16:02,482 - INFO - start_conv.weight	torch.Size([32, 1, 1, 1])	cuda:0	True
2024-10-09 20:16:02,482 - INFO - start_conv.bias	torch.Size([32])	cuda:0	True
2024-10-09 20:16:02,482 - INFO - end_conv_1.weight	torch.Size([512, 256, 1, 1])	cuda:0	True
2024-10-09 20:16:02,483 - INFO - end_conv_1.bias	torch.Size([512])	cuda:0	True
2024-10-09 20:16:02,483 - INFO - end_conv_2.weight	torch.Size([12, 512, 1, 1])	cuda:0	True
2024-10-09 20:16:02,483 - INFO - end_conv_2.bias	torch.Size([12])	cuda:0	True
2024-10-09 20:16:02,483 - INFO - Total parameter numbers: 276600
2024-10-09 20:16:02,483 - INFO - You select `adam` optimizer.
2024-10-09 20:16:02,898 - WARNING - Received none train loss func and will use the loss func defined in the model.
2024-10-09 20:16:02,898 - INFO - Start training ...
2024-10-09 20:16:02,898 - INFO - num_batches:375
2024-10-09 20:16:58,978 - INFO - epoch complete!
2024-10-09 20:16:58,978 - INFO - evaluating now!
2024-10-09 20:17:04,568 - INFO - Epoch [0/50] train_loss: 4.0185, val_loss: 3.5539, lr: 0.001000, 61.67s
2024-10-09 20:17:04,588 - INFO - Saved model at 0
2024-10-09 20:17:04,589 - INFO - Val loss decrease from inf to 3.5539, saving to ./libcity/cache/251221/model_cache/GWNET_METR_LA_epoch0.tar
2024-10-09 20:18:00,327 - INFO - epoch complete!
2024-10-09 20:18:00,327 - INFO - evaluating now!
2024-10-09 20:18:05,952 - INFO - Epoch [1/50] train_loss: 3.6300, val_loss: 3.3202, lr: 0.001000, 61.36s
2024-10-09 20:18:05,971 - INFO - Saved model at 1
2024-10-09 20:18:05,971 - INFO - Val loss decrease from 3.5539 to 3.3202, saving to ./libcity/cache/251221/model_cache/GWNET_METR_LA_epoch1.tar
2024-10-09 20:19:02,558 - INFO - epoch complete!
2024-10-09 20:19:02,558 - INFO - evaluating now!
2024-10-09 20:19:08,189 - INFO - Epoch [2/50] train_loss: 3.5017, val_loss: 3.2349, lr: 0.001000, 62.22s
2024-10-09 20:19:08,209 - INFO - Saved model at 2
2024-10-09 20:19:08,209 - INFO - Val loss decrease from 3.3202 to 3.2349, saving to ./libcity/cache/251221/model_cache/GWNET_METR_LA_epoch2.tar
2024-10-09 20:20:04,835 - INFO - epoch complete!
2024-10-09 20:20:04,836 - INFO - evaluating now!
2024-10-09 20:20:10,550 - INFO - Epoch [3/50] train_loss: 3.4459, val_loss: 3.1960, lr: 0.001000, 62.34s
2024-10-09 20:20:10,570 - INFO - Saved model at 3
2024-10-09 20:20:10,570 - INFO - Val loss decrease from 3.2349 to 3.1960, saving to ./libcity/cache/251221/model_cache/GWNET_METR_LA_epoch3.tar
2024-10-09 20:21:07,207 - INFO - epoch complete!
2024-10-09 20:21:07,208 - INFO - evaluating now!
2024-10-09 20:21:12,857 - INFO - Epoch [4/50] train_loss: 3.3969, val_loss: 3.2085, lr: 0.001000, 62.29s
2024-10-09 20:22:08,903 - INFO - epoch complete!
2024-10-09 20:22:08,904 - INFO - evaluating now!
2024-10-09 20:22:14,553 - INFO - Epoch [5/50] train_loss: 3.3571, val_loss: 3.1664, lr: 0.001000, 61.70s
2024-10-09 20:22:14,574 - INFO - Saved model at 5
2024-10-09 20:22:14,574 - INFO - Val loss decrease from 3.1960 to 3.1664, saving to ./libcity/cache/251221/model_cache/GWNET_METR_LA_epoch5.tar
2024-10-09 20:23:10,786 - INFO - epoch complete!
2024-10-09 20:23:10,786 - INFO - evaluating now!
2024-10-09 20:23:16,527 - INFO - Epoch [6/50] train_loss: 3.3291, val_loss: 3.1453, lr: 0.001000, 61.95s
2024-10-09 20:23:16,548 - INFO - Saved model at 6
2024-10-09 20:23:16,548 - INFO - Val loss decrease from 3.1664 to 3.1453, saving to ./libcity/cache/251221/model_cache/GWNET_METR_LA_epoch6.tar
2024-10-09 20:24:13,692 - INFO - epoch complete!
2024-10-09 20:24:13,692 - INFO - evaluating now!
2024-10-09 20:24:19,405 - INFO - Epoch [7/50] train_loss: 3.3030, val_loss: 3.1579, lr: 0.001000, 62.86s
2024-10-09 20:25:16,467 - INFO - epoch complete!
2024-10-09 20:25:16,467 - INFO - evaluating now!
2024-10-09 20:25:22,262 - INFO - Epoch [8/50] train_loss: 3.2759, val_loss: 3.0826, lr: 0.001000, 62.86s
2024-10-09 20:25:22,282 - INFO - Saved model at 8
2024-10-09 20:25:22,282 - INFO - Val loss decrease from 3.1453 to 3.0826, saving to ./libcity/cache/251221/model_cache/GWNET_METR_LA_epoch8.tar
2024-10-09 20:26:19,524 - INFO - epoch complete!
2024-10-09 20:26:19,525 - INFO - evaluating now!
2024-10-09 20:26:25,343 - INFO - Epoch [9/50] train_loss: 3.2509, val_loss: 3.0888, lr: 0.001000, 63.06s
2024-10-09 20:27:22,962 - INFO - epoch complete!
2024-10-09 20:27:22,962 - INFO - evaluating now!
2024-10-09 20:27:28,768 - INFO - Epoch [10/50] train_loss: 3.2328, val_loss: 3.0876, lr: 0.001000, 63.43s
2024-10-09 20:28:26,532 - INFO - epoch complete!
2024-10-09 20:28:26,532 - INFO - evaluating now!
2024-10-09 20:28:32,272 - INFO - Epoch [11/50] train_loss: 3.2033, val_loss: 3.0565, lr: 0.001000, 63.50s
2024-10-09 20:28:32,292 - INFO - Saved model at 11
2024-10-09 20:28:32,292 - INFO - Val loss decrease from 3.0826 to 3.0565, saving to ./libcity/cache/251221/model_cache/GWNET_METR_LA_epoch11.tar
2024-10-09 20:29:29,463 - INFO - epoch complete!
2024-10-09 20:29:29,463 - INFO - evaluating now!
2024-10-09 20:29:35,269 - INFO - Epoch [12/50] train_loss: 3.1874, val_loss: 3.0746, lr: 0.001000, 62.98s
2024-10-09 20:30:32,828 - INFO - epoch complete!
2024-10-09 20:30:32,828 - INFO - evaluating now!
2024-10-09 20:30:38,568 - INFO - Epoch [13/50] train_loss: 3.1675, val_loss: 3.0091, lr: 0.001000, 63.30s
2024-10-09 20:30:38,588 - INFO - Saved model at 13
2024-10-09 20:30:38,588 - INFO - Val loss decrease from 3.0565 to 3.0091, saving to ./libcity/cache/251221/model_cache/GWNET_METR_LA_epoch13.tar
2024-10-09 20:31:36,432 - INFO - epoch complete!
2024-10-09 20:31:36,432 - INFO - evaluating now!
2024-10-09 20:31:42,249 - INFO - Epoch [14/50] train_loss: 3.1525, val_loss: 3.0141, lr: 0.001000, 63.66s
2024-10-09 20:32:40,634 - INFO - epoch complete!
2024-10-09 20:32:40,634 - INFO - evaluating now!
2024-10-09 20:32:46,317 - INFO - Epoch [15/50] train_loss: 3.1365, val_loss: 2.9824, lr: 0.001000, 64.07s
2024-10-09 20:32:46,337 - INFO - Saved model at 15
2024-10-09 20:32:46,338 - INFO - Val loss decrease from 3.0091 to 2.9824, saving to ./libcity/cache/251221/model_cache/GWNET_METR_LA_epoch15.tar
2024-10-09 20:33:43,398 - INFO - epoch complete!
2024-10-09 20:33:43,398 - INFO - evaluating now!
2024-10-09 20:33:49,210 - INFO - Epoch [16/50] train_loss: 3.1211, val_loss: 2.9613, lr: 0.001000, 62.87s
2024-10-09 20:33:49,230 - INFO - Saved model at 16
2024-10-09 20:33:49,231 - INFO - Val loss decrease from 2.9824 to 2.9613, saving to ./libcity/cache/251221/model_cache/GWNET_METR_LA_epoch16.tar
2024-10-09 20:34:46,826 - INFO - epoch complete!
2024-10-09 20:34:46,826 - INFO - evaluating now!
2024-10-09 20:34:52,613 - INFO - Epoch [17/50] train_loss: 3.1099, val_loss: 2.9975, lr: 0.001000, 63.38s
2024-10-09 20:35:49,991 - INFO - epoch complete!
2024-10-09 20:35:49,991 - INFO - evaluating now!
2024-10-09 20:35:55,806 - INFO - Epoch [18/50] train_loss: 3.0957, val_loss: 2.9724, lr: 0.001000, 63.19s
2024-10-09 20:36:53,415 - INFO - epoch complete!
2024-10-09 20:36:53,415 - INFO - evaluating now!
2024-10-09 20:36:59,183 - INFO - Epoch [19/50] train_loss: 3.0844, val_loss: 2.9794, lr: 0.001000, 63.38s
2024-10-09 20:37:55,993 - INFO - epoch complete!
2024-10-09 20:37:55,993 - INFO - evaluating now!
2024-10-09 20:38:01,691 - INFO - Epoch [20/50] train_loss: 3.0775, val_loss: 2.9482, lr: 0.001000, 62.51s
2024-10-09 20:38:01,711 - INFO - Saved model at 20
2024-10-09 20:38:01,711 - INFO - Val loss decrease from 2.9613 to 2.9482, saving to ./libcity/cache/251221/model_cache/GWNET_METR_LA_epoch20.tar
2024-10-09 20:38:57,989 - INFO - epoch complete!
2024-10-09 20:38:57,989 - INFO - evaluating now!
2024-10-09 20:39:03,679 - INFO - Epoch [21/50] train_loss: 3.0663, val_loss: 2.9545, lr: 0.001000, 61.97s
2024-10-09 20:40:00,385 - INFO - epoch complete!
2024-10-09 20:40:00,386 - INFO - evaluating now!
2024-10-09 20:40:06,069 - INFO - Epoch [22/50] train_loss: 3.0559, val_loss: 2.9399, lr: 0.001000, 62.39s
2024-10-09 20:40:06,090 - INFO - Saved model at 22
2024-10-09 20:40:06,090 - INFO - Val loss decrease from 2.9482 to 2.9399, saving to ./libcity/cache/251221/model_cache/GWNET_METR_LA_epoch22.tar
2024-10-09 20:41:02,337 - INFO - epoch complete!
2024-10-09 20:41:02,337 - INFO - evaluating now!
2024-10-09 20:41:07,998 - INFO - Epoch [23/50] train_loss: 3.0467, val_loss: 3.0097, lr: 0.001000, 61.91s
2024-10-09 20:42:04,834 - INFO - epoch complete!
2024-10-09 20:42:04,834 - INFO - evaluating now!
2024-10-09 20:42:10,573 - INFO - Epoch [24/50] train_loss: 3.0422, val_loss: 2.9278, lr: 0.001000, 62.57s
2024-10-09 20:42:10,593 - INFO - Saved model at 24
2024-10-09 20:42:10,593 - INFO - Val loss decrease from 2.9399 to 2.9278, saving to ./libcity/cache/251221/model_cache/GWNET_METR_LA_epoch24.tar
2024-10-09 20:43:07,410 - INFO - epoch complete!
2024-10-09 20:43:07,410 - INFO - evaluating now!
2024-10-09 20:43:13,145 - INFO - Epoch [25/50] train_loss: 3.0269, val_loss: 2.9610, lr: 0.001000, 62.55s
2024-10-09 20:44:09,992 - INFO - epoch complete!
2024-10-09 20:44:09,993 - INFO - evaluating now!
2024-10-09 20:44:15,652 - INFO - Epoch [26/50] train_loss: 3.0259, val_loss: 2.9556, lr: 0.001000, 62.51s
2024-10-09 20:45:11,947 - INFO - epoch complete!
2024-10-09 20:45:11,947 - INFO - evaluating now!
2024-10-09 20:45:17,617 - INFO - Epoch [27/50] train_loss: 3.0202, val_loss: 2.9396, lr: 0.001000, 61.97s
2024-10-09 20:46:14,207 - INFO - epoch complete!
2024-10-09 20:46:14,208 - INFO - evaluating now!
2024-10-09 20:46:19,890 - INFO - Epoch [28/50] train_loss: 3.0147, val_loss: 2.9446, lr: 0.001000, 62.27s
2024-10-09 20:47:16,739 - INFO - epoch complete!
2024-10-09 20:47:16,739 - INFO - evaluating now!
2024-10-09 20:47:22,477 - INFO - Epoch [29/50] train_loss: 3.0070, val_loss: 2.9374, lr: 0.001000, 62.59s
2024-10-09 20:48:20,963 - INFO - epoch complete!
2024-10-09 20:48:20,963 - INFO - evaluating now!
2024-10-09 20:48:26,775 - INFO - Epoch [30/50] train_loss: 3.0029, val_loss: 2.9100, lr: 0.001000, 64.30s
2024-10-09 20:48:26,796 - INFO - Saved model at 30
2024-10-09 20:48:26,796 - INFO - Val loss decrease from 2.9278 to 2.9100, saving to ./libcity/cache/251221/model_cache/GWNET_METR_LA_epoch30.tar
2024-10-09 20:49:25,061 - INFO - epoch complete!
2024-10-09 20:49:25,062 - INFO - evaluating now!
2024-10-09 20:49:30,884 - INFO - Epoch [31/50] train_loss: 2.9932, val_loss: 2.9120, lr: 0.001000, 64.09s
2024-10-09 20:50:29,346 - INFO - epoch complete!
2024-10-09 20:50:29,346 - INFO - evaluating now!
2024-10-09 20:50:35,167 - INFO - Epoch [32/50] train_loss: 2.9884, val_loss: 2.9302, lr: 0.001000, 64.28s
2024-10-09 20:51:33,649 - INFO - epoch complete!
2024-10-09 20:51:33,649 - INFO - evaluating now!
2024-10-09 20:51:39,401 - INFO - Epoch [33/50] train_loss: 2.9833, val_loss: 2.9089, lr: 0.001000, 64.23s
2024-10-09 20:51:39,421 - INFO - Saved model at 33
2024-10-09 20:51:39,422 - INFO - Val loss decrease from 2.9100 to 2.9089, saving to ./libcity/cache/251221/model_cache/GWNET_METR_LA_epoch33.tar
2024-10-09 20:52:37,531 - INFO - epoch complete!
2024-10-09 20:52:37,532 - INFO - evaluating now!
2024-10-09 20:52:43,289 - INFO - Epoch [34/50] train_loss: 2.9803, val_loss: 2.9285, lr: 0.001000, 63.87s
2024-10-09 20:53:41,474 - INFO - epoch complete!
2024-10-09 20:53:41,474 - INFO - evaluating now!
2024-10-09 20:53:47,244 - INFO - Epoch [35/50] train_loss: 2.9746, val_loss: 2.9005, lr: 0.001000, 63.96s
2024-10-09 20:53:47,264 - INFO - Saved model at 35
2024-10-09 20:53:47,265 - INFO - Val loss decrease from 2.9089 to 2.9005, saving to ./libcity/cache/251221/model_cache/GWNET_METR_LA_epoch35.tar
2024-10-09 20:54:45,538 - INFO - epoch complete!
2024-10-09 20:54:45,538 - INFO - evaluating now!
2024-10-09 20:54:51,377 - INFO - Epoch [36/50] train_loss: 2.9737, val_loss: 2.9354, lr: 0.001000, 64.11s
2024-10-09 20:55:49,654 - INFO - epoch complete!
2024-10-09 20:55:49,654 - INFO - evaluating now!
2024-10-09 20:55:55,482 - INFO - Epoch [37/50] train_loss: 2.9614, val_loss: 2.9071, lr: 0.001000, 64.10s
2024-10-09 20:56:54,021 - INFO - epoch complete!
2024-10-09 20:56:54,021 - INFO - evaluating now!
2024-10-09 20:56:59,837 - INFO - Epoch [38/50] train_loss: 2.9608, val_loss: 2.9036, lr: 0.001000, 64.36s
2024-10-09 20:57:58,271 - INFO - epoch complete!
2024-10-09 20:57:58,271 - INFO - evaluating now!
2024-10-09 20:58:04,141 - INFO - Epoch [39/50] train_loss: 2.9579, val_loss: 2.9055, lr: 0.001000, 64.30s
2024-10-09 20:59:02,754 - INFO - epoch complete!
2024-10-09 20:59:02,754 - INFO - evaluating now!
2024-10-09 20:59:08,601 - INFO - Epoch [40/50] train_loss: 2.9509, val_loss: 2.9048, lr: 0.001000, 64.46s
2024-10-09 21:00:07,031 - INFO - epoch complete!
2024-10-09 21:00:07,031 - INFO - evaluating now!
2024-10-09 21:00:12,884 - INFO - Epoch [41/50] train_loss: 2.9512, val_loss: 2.9104, lr: 0.001000, 64.28s
2024-10-09 21:01:11,516 - INFO - epoch complete!
2024-10-09 21:01:11,516 - INFO - evaluating now!
2024-10-09 21:01:17,340 - INFO - Epoch [42/50] train_loss: 2.9482, val_loss: 2.9190, lr: 0.001000, 64.46s
2024-10-09 21:02:15,693 - INFO - epoch complete!
2024-10-09 21:02:15,693 - INFO - evaluating now!
2024-10-09 21:02:21,521 - INFO - Epoch [43/50] train_loss: 2.9439, val_loss: 2.9226, lr: 0.001000, 64.18s
2024-10-09 21:03:19,992 - INFO - epoch complete!
2024-10-09 21:03:19,993 - INFO - evaluating now!
2024-10-09 21:03:25,810 - INFO - Epoch [44/50] train_loss: 2.9412, val_loss: 2.9591, lr: 0.001000, 64.29s
2024-10-09 21:04:24,124 - INFO - epoch complete!
2024-10-09 21:04:24,124 - INFO - evaluating now!
2024-10-09 21:04:29,959 - INFO - Epoch [45/50] train_loss: 2.9351, val_loss: 2.8978, lr: 0.001000, 64.15s
2024-10-09 21:04:29,980 - INFO - Saved model at 45
2024-10-09 21:04:29,980 - INFO - Val loss decrease from 2.9005 to 2.8978, saving to ./libcity/cache/251221/model_cache/GWNET_METR_LA_epoch45.tar
2024-10-09 21:05:28,403 - INFO - epoch complete!
2024-10-09 21:05:28,403 - INFO - evaluating now!
2024-10-09 21:05:34,255 - INFO - Epoch [46/50] train_loss: 2.9303, val_loss: 2.9016, lr: 0.001000, 64.27s
2024-10-09 21:06:32,648 - INFO - epoch complete!
2024-10-09 21:06:32,648 - INFO - evaluating now!
2024-10-09 21:06:38,483 - INFO - Epoch [47/50] train_loss: 2.9307, val_loss: 2.9012, lr: 0.001000, 64.23s
2024-10-09 21:07:36,950 - INFO - epoch complete!
2024-10-09 21:07:36,950 - INFO - evaluating now!
2024-10-09 21:07:42,788 - INFO - Epoch [48/50] train_loss: 2.9250, val_loss: 2.8870, lr: 0.001000, 64.30s
2024-10-09 21:07:42,808 - INFO - Saved model at 48
2024-10-09 21:07:42,808 - INFO - Val loss decrease from 2.8978 to 2.8870, saving to ./libcity/cache/251221/model_cache/GWNET_METR_LA_epoch48.tar
2024-10-09 21:08:41,359 - INFO - epoch complete!
2024-10-09 21:08:41,359 - INFO - evaluating now!
2024-10-09 21:08:47,178 - INFO - Epoch [49/50] train_loss: 2.9208, val_loss: 2.8844, lr: 0.001000, 64.37s
2024-10-09 21:08:47,199 - INFO - Saved model at 49
2024-10-09 21:08:47,199 - INFO - Val loss decrease from 2.8870 to 2.8844, saving to ./libcity/cache/251221/model_cache/GWNET_METR_LA_epoch49.tar
2024-10-09 21:08:47,199 - INFO - Trained totally 50 epochs, average train time is 57.516s, average eval time is 5.762s
2024-10-09 21:08:47,217 - INFO - Loaded model at 49
2024-10-09 21:08:47,217 - INFO - Saved model at ./libcity/cache/251221/model_cache/GWNET_METR_LA.m
2024-10-09 21:08:47,237 - INFO - Start evaluating ...
2024-10-09 21:09:07,305 - INFO - Note that you select the single mode to evaluate!
2024-10-09 21:09:07,307 - INFO - Evaluate result is saved at ./libcity/cache/251221/evaluate_cache/2024_10_09_21_09_07_GWNET_METR_LA.csv
2024-10-09 21:09:07,311 - INFO - 
         MAE      MAPE      RMSE
1   2.314725  0.055709  4.068289
2   2.459917  0.060887  4.514152
3   2.573609  0.065154  4.849580
4   2.668795  0.068869  5.123960
5   2.750285  0.072093  5.354270
6   2.824546  0.074997  5.554482
7   2.888772  0.077572  5.728152
8   2.947172  0.079958  5.882956
9   3.000747  0.082161  6.021187
10  3.049832  0.084173  6.146135
11  3.095425  0.085998  6.260309
12  3.137817  0.087665  6.365758
