2024-10-07 21:49:14,318 - INFO - Log directory: ./libcity/log
2024-10-07 21:49:14,318 - INFO - Begin pipeline, task=MTS_pred, model_name=AGCRN, dataset_name=METR_LA, exp_id=251221
2024-10-07 21:49:14,318 - INFO - {'task': 'MTS_pred', 'model': 'AGCRN', 'dataset': 'METR_LA', 'saved_model': True, 'exp_id': '251221', 'seed': 0, 'max_epoch': 100, 'dataset_class': 'StatePointDataset', 'executor': 'StateExecutor', 'evaluator': 'StateEvaluator', 'embed_dim': 10, 'rnn_units': 64, 'num_layers': 2, 'cheb_order': 2, 'bidir_adj_mx': True, 'scaler': 'standard', 'load_external': False, 'normal_external': False, 'ext_scaler': 'none', 'add_time_in_day': False, 'add_day_in_week': False, 'learner': 'adam', 'learning_rate': 0.003, 'lr_decay': False, 'clip_grad_norm': False, 'use_early_stop': True, 'patience': 50, 'batch_size': 64, 'cache_dataset': True, 'num_workers': 0, 'pad_with_last_sample': True, 'train_rate': 0.7, 'eval_rate': 0.1, 'input_window': 12, 'output_window': 12, 'robustness_test': False, 'noise_type': 'gaussian', 'disturb_rate': 0.5, 'noise_mean': [5], 'noise_SD': [10], 'gpu': True, 'gpu_id': 0, 'train_loss': 'none', 'epoch': 0, 'weight_decay': 0, 'lr_epsilon': 1e-08, 'lr_beta1': 0.9, 'lr_beta2': 0.999, 'lr_alpha': 0.99, 'lr_momentum': 0, 'lr_scheduler': 'multisteplr', 'lr_decay_ratio': 0.1, 'steps': [5, 20, 40, 70], 'step_size': 10, 'lr_T_max': 30, 'lr_eta_min': 0, 'lr_patience': 10, 'lr_threshold': 0.0001, 'max_grad_norm': 1.0, 'log_level': 'INFO', 'log_every': 1, 'load_best_epoch': True, 'hyper_tune': False, 'metrics': ['MAE', 'MAPE', 'RMSE'], 'evaluator_mode': 'single', 'save_mode': ['csv'], 'geo': {'including_types': ['Point'], 'Point': {}}, 'rel': {'including_types': ['geo'], 'geo': {'cost': 'num'}}, 'dyna': {'including_types': ['state'], 'state': {'entity_id': 'geo_id', 'traffic_speed': 'num'}}, 'data_col': ['traffic_speed'], 'weight_col': 'cost', 'data_files': ['METR_LA'], 'geo_file': 'METR_LA', 'rel_file': 'METR_LA', 'output_dim': 1, 'time_intervals': 300, 'init_weight_inf_or_zero': 'inf', 'set_weight_link_or_dist': 'dist', 'calculate_weight_adj': True, 'weight_adj_epsilon': 0.1, 'device': device(type='cuda', index=0)}
2024-10-07 21:49:15,062 - INFO - Loaded file METR_LA_feature.csv, shape=(34272, 207, 1)
2024-10-07 21:49:16,314 - INFO - Dataset created
2024-10-07 21:49:16,314 - INFO - x shape: (34249, 12, 207, 1), y shape: (34249, 12, 207, 1)
2024-10-07 21:49:16,319 - INFO - train	x: (23974, 12, 207, 1), y: (23974, 12, 207, 1)
2024-10-07 21:49:16,319 - INFO - eval	x: (3425, 12, 207, 1), y: (3425, 12, 207, 1)
2024-10-07 21:49:16,319 - INFO - test	x: (6850, 12, 207, 1), y: (6850, 12, 207, 1)
2024-10-07 21:49:32,671 - INFO - Saved at ./libcity/cache/dataset_cache/point_based_METR_LA_12_12_0.7_0.1_standard_64_False_False_False_True.npz
2024-10-07 21:49:32,905 - INFO - StandardScaler mean: 54.40592829587626, std: 19.493739270573098
2024-10-07 21:49:32,905 - INFO - NoneScaler
2024-10-07 21:49:34,196 - INFO - AGCRN(
  (encoder): AVWDCRNN(
    (dcrnn_cells): ModuleList(
      (0-1): 2 x AGCRNCell(
        (gate): AVWGCN()
        (update): AVWGCN()
      )
    )
  )
  (end_conv): Conv2d(1, 12, kernel_size=(1, 64), stride=(1, 1))
)
2024-10-07 21:49:34,197 - INFO - node_embeddings	torch.Size([207, 10])	cuda:0	True
2024-10-07 21:49:34,197 - INFO - encoder.dcrnn_cells.0.gate.weights_pool	torch.Size([10, 2, 65, 128])	cuda:0	True
2024-10-07 21:49:34,197 - INFO - encoder.dcrnn_cells.0.gate.bias_pool	torch.Size([10, 128])	cuda:0	True
2024-10-07 21:49:34,197 - INFO - encoder.dcrnn_cells.0.update.weights_pool	torch.Size([10, 2, 65, 64])	cuda:0	True
2024-10-07 21:49:34,197 - INFO - encoder.dcrnn_cells.0.update.bias_pool	torch.Size([10, 64])	cuda:0	True
2024-10-07 21:49:34,197 - INFO - encoder.dcrnn_cells.1.gate.weights_pool	torch.Size([10, 2, 128, 128])	cuda:0	True
2024-10-07 21:49:34,197 - INFO - encoder.dcrnn_cells.1.gate.bias_pool	torch.Size([10, 128])	cuda:0	True
2024-10-07 21:49:34,197 - INFO - encoder.dcrnn_cells.1.update.weights_pool	torch.Size([10, 2, 128, 64])	cuda:0	True
2024-10-07 21:49:34,197 - INFO - encoder.dcrnn_cells.1.update.bias_pool	torch.Size([10, 64])	cuda:0	True
2024-10-07 21:49:34,197 - INFO - end_conv.weight	torch.Size([12, 1, 1, 64])	cuda:0	True
2024-10-07 21:49:34,197 - INFO - end_conv.bias	torch.Size([12])	cuda:0	True
2024-10-07 21:49:34,197 - INFO - Total parameter numbers: 747810
2024-10-07 21:49:34,197 - INFO - You select `adam` optimizer.
2024-10-07 21:49:34,709 - WARNING - Received none train loss func and will use the loss func defined in the model.
2024-10-07 21:49:34,709 - INFO - Start training ...
2024-10-07 21:49:34,709 - INFO - num_batches:375
2024-10-07 21:52:51,727 - INFO - epoch complete!
2024-10-07 21:52:51,727 - INFO - evaluating now!
2024-10-07 21:53:14,682 - INFO - Epoch [0/100] train_loss: 4.3522, val_loss: 3.4678, lr: 0.003000, 219.97s
2024-10-07 21:53:14,695 - INFO - Saved model at 0
2024-10-07 21:53:14,695 - INFO - Val loss decrease from inf to 3.4678, saving to ./libcity/cache/251221/model_cache/AGCRN_METR_LA_epoch0.tar
2024-10-07 21:56:26,930 - INFO - epoch complete!
2024-10-07 21:56:26,930 - INFO - evaluating now!
2024-10-07 21:56:49,436 - INFO - Epoch [1/100] train_loss: 3.4620, val_loss: 3.2290, lr: 0.003000, 214.74s
2024-10-07 21:56:49,450 - INFO - Saved model at 1
2024-10-07 21:56:49,450 - INFO - Val loss decrease from 3.4678 to 3.2290, saving to ./libcity/cache/251221/model_cache/AGCRN_METR_LA_epoch1.tar
2024-10-07 22:00:07,613 - INFO - epoch complete!
2024-10-07 22:00:07,616 - INFO - evaluating now!
2024-10-07 22:00:32,061 - INFO - Epoch [2/100] train_loss: 3.2632, val_loss: 3.0693, lr: 0.003000, 222.61s
2024-10-07 22:00:32,073 - INFO - Saved model at 2
2024-10-07 22:00:32,073 - INFO - Val loss decrease from 3.2290 to 3.0693, saving to ./libcity/cache/251221/model_cache/AGCRN_METR_LA_epoch2.tar
2024-10-07 22:03:53,862 - INFO - epoch complete!
2024-10-07 22:03:53,862 - INFO - evaluating now!
2024-10-07 22:04:16,507 - INFO - Epoch [3/100] train_loss: 3.1284, val_loss: 3.0216, lr: 0.003000, 224.43s
2024-10-07 22:04:16,519 - INFO - Saved model at 3
2024-10-07 22:04:16,519 - INFO - Val loss decrease from 3.0693 to 3.0216, saving to ./libcity/cache/251221/model_cache/AGCRN_METR_LA_epoch3.tar
2024-10-07 22:07:42,043 - INFO - epoch complete!
2024-10-07 22:07:42,044 - INFO - evaluating now!
2024-10-07 22:08:04,887 - INFO - Epoch [4/100] train_loss: 3.0569, val_loss: 2.9939, lr: 0.003000, 228.37s
2024-10-07 22:08:04,901 - INFO - Saved model at 4
2024-10-07 22:08:04,901 - INFO - Val loss decrease from 3.0216 to 2.9939, saving to ./libcity/cache/251221/model_cache/AGCRN_METR_LA_epoch4.tar
2024-10-07 22:11:18,005 - INFO - epoch complete!
2024-10-07 22:11:18,005 - INFO - evaluating now!
2024-10-07 22:11:36,152 - INFO - Epoch [5/100] train_loss: 3.0101, val_loss: 2.9485, lr: 0.003000, 211.25s
2024-10-07 22:11:36,164 - INFO - Saved model at 5
2024-10-07 22:11:36,164 - INFO - Val loss decrease from 2.9939 to 2.9485, saving to ./libcity/cache/251221/model_cache/AGCRN_METR_LA_epoch5.tar
2024-10-07 22:13:57,608 - INFO - epoch complete!
2024-10-07 22:13:57,608 - INFO - evaluating now!
2024-10-07 22:14:11,585 - INFO - Epoch [6/100] train_loss: 2.9724, val_loss: 2.9419, lr: 0.003000, 155.42s
2024-10-07 22:14:11,597 - INFO - Saved model at 6
2024-10-07 22:14:11,597 - INFO - Val loss decrease from 2.9485 to 2.9419, saving to ./libcity/cache/251221/model_cache/AGCRN_METR_LA_epoch6.tar
2024-10-07 22:17:28,892 - INFO - epoch complete!
2024-10-07 22:17:28,893 - INFO - evaluating now!
2024-10-07 22:17:53,522 - INFO - Epoch [7/100] train_loss: 2.9380, val_loss: 2.9346, lr: 0.003000, 221.92s
2024-10-07 22:17:53,541 - INFO - Saved model at 7
2024-10-07 22:17:53,544 - INFO - Val loss decrease from 2.9419 to 2.9346, saving to ./libcity/cache/251221/model_cache/AGCRN_METR_LA_epoch7.tar
2024-10-07 22:21:18,354 - INFO - epoch complete!
2024-10-07 22:21:18,354 - INFO - evaluating now!
2024-10-07 22:21:40,889 - INFO - Epoch [8/100] train_loss: 2.9046, val_loss: 2.9148, lr: 0.003000, 227.34s
2024-10-07 22:21:40,903 - INFO - Saved model at 8
2024-10-07 22:21:40,903 - INFO - Val loss decrease from 2.9346 to 2.9148, saving to ./libcity/cache/251221/model_cache/AGCRN_METR_LA_epoch8.tar
2024-10-07 22:24:33,411 - INFO - epoch complete!
2024-10-07 22:24:33,411 - INFO - evaluating now!
2024-10-07 22:24:50,808 - INFO - Epoch [9/100] train_loss: 2.8761, val_loss: 2.9200, lr: 0.003000, 189.90s
2024-10-07 22:27:35,273 - INFO - epoch complete!
2024-10-07 22:27:35,273 - INFO - evaluating now!
2024-10-07 22:27:55,148 - INFO - Epoch [10/100] train_loss: 2.8504, val_loss: 2.9420, lr: 0.003000, 184.34s
2024-10-07 22:30:35,112 - INFO - epoch complete!
2024-10-07 22:30:35,112 - INFO - evaluating now!
2024-10-07 22:30:53,552 - INFO - Epoch [11/100] train_loss: 2.8160, val_loss: 2.9236, lr: 0.003000, 178.40s
2024-10-07 22:33:38,877 - INFO - epoch complete!
2024-10-07 22:33:38,877 - INFO - evaluating now!
2024-10-07 22:34:00,809 - INFO - Epoch [12/100] train_loss: 2.7909, val_loss: 2.9348, lr: 0.003000, 187.26s
2024-10-07 22:37:29,016 - INFO - epoch complete!
2024-10-07 22:37:29,019 - INFO - evaluating now!
2024-10-07 22:37:49,955 - INFO - Epoch [13/100] train_loss: 2.7646, val_loss: 2.9785, lr: 0.003000, 229.15s
2024-10-07 22:41:18,850 - INFO - epoch complete!
2024-10-07 22:41:18,850 - INFO - evaluating now!
2024-10-07 22:41:43,556 - INFO - Epoch [14/100] train_loss: 2.7372, val_loss: 2.9515, lr: 0.003000, 233.60s
2024-10-07 22:44:37,574 - INFO - epoch complete!
2024-10-07 22:44:37,574 - INFO - evaluating now!
2024-10-07 22:44:54,745 - INFO - Epoch [15/100] train_loss: 2.7088, val_loss: 2.9394, lr: 0.003000, 191.19s
2024-10-07 22:47:17,835 - INFO - epoch complete!
2024-10-07 22:47:17,836 - INFO - evaluating now!
2024-10-07 22:47:31,813 - INFO - Epoch [16/100] train_loss: 2.6849, val_loss: 2.9496, lr: 0.003000, 157.07s
2024-10-07 22:49:52,874 - INFO - epoch complete!
2024-10-07 22:49:52,874 - INFO - evaluating now!
2024-10-07 22:50:10,548 - INFO - Epoch [17/100] train_loss: 2.6637, val_loss: 2.9633, lr: 0.003000, 158.73s
2024-10-07 22:52:51,467 - INFO - epoch complete!
2024-10-07 22:52:51,468 - INFO - evaluating now!
2024-10-07 22:53:08,494 - INFO - Epoch [18/100] train_loss: 2.6404, val_loss: 2.9615, lr: 0.003000, 177.95s
2024-10-07 22:55:40,978 - INFO - epoch complete!
2024-10-07 22:55:40,978 - INFO - evaluating now!
2024-10-07 22:56:00,914 - INFO - Epoch [19/100] train_loss: 2.6162, val_loss: 2.9615, lr: 0.003000, 172.42s
2024-10-07 22:58:45,949 - INFO - epoch complete!
2024-10-07 22:58:45,950 - INFO - evaluating now!
2024-10-07 22:59:05,852 - INFO - Epoch [20/100] train_loss: 2.5988, val_loss: 2.9765, lr: 0.003000, 184.94s
