2024-10-08 18:29:17,336 - INFO - Log directory: ./libcity/log
2024-10-08 18:29:17,337 - INFO - Begin pipeline, task=MTS_pred, model_name=ASTGCN, dataset_name=METR_LA, exp_id=251221
2024-10-08 18:29:17,337 - INFO - {'task': 'MTS_pred', 'model': 'ASTGCN', 'dataset': 'METR_LA', 'saved_model': True, 'exp_id': '251221', 'seed': 0, 'max_epoch': 100, 'dataset_class': 'StatePointDataset', 'executor': 'StateExecutor', 'evaluator': 'StateEvaluator', 'nb_block': 2, 'K': 3, 'nb_chev_filter': 64, 'nb_time_filter': 64, 'bidir_adj_mx': True, 'scaler': 'standard', 'load_external': False, 'normal_external': False, 'ext_scaler': 'none', 'add_time_in_day': False, 'add_day_in_week': False, 'train_rate': 0.6, 'eval_rate': 0.2, 'learner': 'adam', 'learning_rate': 0.0001, 'lr_decay': False, 'clip_grad_norm': False, 'use_early_stop': False, 'batch_size': 64, 'cache_dataset': True, 'num_workers': 0, 'pad_with_last_sample': True, 'input_window': 12, 'output_window': 12, 'robustness_test': False, 'noise_type': 'gaussian', 'disturb_rate': 0.5, 'noise_mean': [5], 'noise_SD': [10], 'gpu': True, 'gpu_id': 0, 'train_loss': 'none', 'epoch': 0, 'weight_decay': 0, 'lr_epsilon': 1e-08, 'lr_beta1': 0.9, 'lr_beta2': 0.999, 'lr_alpha': 0.99, 'lr_momentum': 0, 'lr_scheduler': 'multisteplr', 'lr_decay_ratio': 0.1, 'steps': [5, 20, 40, 70], 'step_size': 10, 'lr_T_max': 30, 'lr_eta_min': 0, 'lr_patience': 10, 'lr_threshold': 0.0001, 'max_grad_norm': 1.0, 'patience': 50, 'log_level': 'INFO', 'log_every': 1, 'load_best_epoch': True, 'hyper_tune': False, 'metrics': ['MAE', 'MAPE', 'RMSE'], 'evaluator_mode': 'single', 'save_mode': ['csv'], 'geo': {'including_types': ['Point'], 'Point': {}}, 'rel': {'including_types': ['geo'], 'geo': {'cost': 'num'}}, 'dyna': {'including_types': ['state'], 'state': {'entity_id': 'geo_id', 'traffic_speed': 'num'}}, 'data_col': ['traffic_speed'], 'weight_col': 'cost', 'data_files': ['METR_LA'], 'geo_file': 'METR_LA', 'rel_file': 'METR_LA', 'output_dim': 1, 'time_intervals': 300, 'init_weight_inf_or_zero': 'inf', 'set_weight_link_or_dist': 'dist', 'calculate_weight_adj': True, 'weight_adj_epsilon': 0.1, 'device': device(type='cuda', index=0)}
2024-10-08 18:29:17,874 - INFO - Loaded file METR_LA_feature.csv, shape=(34272, 207, 1)
2024-10-08 18:29:18,972 - INFO - Dataset created
2024-10-08 18:29:18,972 - INFO - x shape: (34249, 12, 207, 1), y shape: (34249, 12, 207, 1)
2024-10-08 18:29:18,976 - INFO - train	x: (20549, 12, 207, 1), y: (20549, 12, 207, 1)
2024-10-08 18:29:18,976 - INFO - eval	x: (6850, 12, 207, 1), y: (6850, 12, 207, 1)
2024-10-08 18:29:18,976 - INFO - test	x: (6850, 12, 207, 1), y: (6850, 12, 207, 1)
2024-10-08 18:29:33,061 - INFO - Saved at ./libcity/cache/dataset_cache/point_based_METR_LA_12_12_0.6_0.2_standard_64_False_False_False_True.npz
2024-10-08 18:29:33,226 - INFO - StandardScaler mean: 54.10160182214729, std: 19.84129811739302
2024-10-08 18:29:33,226 - INFO - NoneScaler
2024-10-08 18:29:34,364 - INFO - ASTGCN(
  (ASTGCN_submodule): ASTGCNSubmodule(
    (BlockList): ModuleList(
      (0): ASTGCNBlock(
        (TAt): TemporalAttentionLayer()
        (SAt): SpatialAttentionLayer()
        (cheb_conv_SAt): ChebConvWithSAt(
          (Theta): ParameterList(
              (0): Parameter containing: [torch.float32 of size 1x64 (cuda:0)]
              (1): Parameter containing: [torch.float32 of size 1x64 (cuda:0)]
              (2): Parameter containing: [torch.float32 of size 1x64 (cuda:0)]
          )
        )
        (time_conv): Conv2d(64, 64, kernel_size=(1, 3), stride=(1, 1), padding=(0, 1))
        (residual_conv): Conv2d(1, 64, kernel_size=(1, 1), stride=(1, 1))
        (ln): LayerNorm((64,), eps=1e-05, elementwise_affine=True)
      )
      (1): ASTGCNBlock(
        (TAt): TemporalAttentionLayer()
        (SAt): SpatialAttentionLayer()
        (cheb_conv_SAt): ChebConvWithSAt(
          (Theta): ParameterList(
              (0): Parameter containing: [torch.float32 of size 64x64 (cuda:0)]
              (1): Parameter containing: [torch.float32 of size 64x64 (cuda:0)]
              (2): Parameter containing: [torch.float32 of size 64x64 (cuda:0)]
          )
        )
        (time_conv): Conv2d(64, 64, kernel_size=(1, 3), stride=(1, 1), padding=(0, 1))
        (residual_conv): Conv2d(64, 64, kernel_size=(1, 1), stride=(1, 1))
        (ln): LayerNorm((64,), eps=1e-05, elementwise_affine=True)
      )
    )
    (final_conv): Conv2d(12, 12, kernel_size=(1, 64), stride=(1, 1))
  )
)
2024-10-08 18:29:34,365 - INFO - ASTGCN_submodule.BlockList.0.TAt.U1	torch.Size([207])	cuda:0	True
2024-10-08 18:29:34,365 - INFO - ASTGCN_submodule.BlockList.0.TAt.U2	torch.Size([1, 207])	cuda:0	True
2024-10-08 18:29:34,365 - INFO - ASTGCN_submodule.BlockList.0.TAt.U3	torch.Size([1])	cuda:0	True
2024-10-08 18:29:34,365 - INFO - ASTGCN_submodule.BlockList.0.TAt.be	torch.Size([1, 12, 12])	cuda:0	True
2024-10-08 18:29:34,365 - INFO - ASTGCN_submodule.BlockList.0.TAt.Ve	torch.Size([12, 12])	cuda:0	True
2024-10-08 18:29:34,365 - INFO - ASTGCN_submodule.BlockList.0.SAt.W1	torch.Size([12])	cuda:0	True
2024-10-08 18:29:34,365 - INFO - ASTGCN_submodule.BlockList.0.SAt.W2	torch.Size([1, 12])	cuda:0	True
2024-10-08 18:29:34,365 - INFO - ASTGCN_submodule.BlockList.0.SAt.W3	torch.Size([1])	cuda:0	True
2024-10-08 18:29:34,366 - INFO - ASTGCN_submodule.BlockList.0.SAt.bs	torch.Size([1, 207, 207])	cuda:0	True
2024-10-08 18:29:34,366 - INFO - ASTGCN_submodule.BlockList.0.SAt.Vs	torch.Size([207, 207])	cuda:0	True
2024-10-08 18:29:34,366 - INFO - ASTGCN_submodule.BlockList.0.cheb_conv_SAt.Theta.0	torch.Size([1, 64])	cuda:0	True
2024-10-08 18:29:34,366 - INFO - ASTGCN_submodule.BlockList.0.cheb_conv_SAt.Theta.1	torch.Size([1, 64])	cuda:0	True
2024-10-08 18:29:34,366 - INFO - ASTGCN_submodule.BlockList.0.cheb_conv_SAt.Theta.2	torch.Size([1, 64])	cuda:0	True
2024-10-08 18:29:34,366 - INFO - ASTGCN_submodule.BlockList.0.time_conv.weight	torch.Size([64, 64, 1, 3])	cuda:0	True
2024-10-08 18:29:34,366 - INFO - ASTGCN_submodule.BlockList.0.time_conv.bias	torch.Size([64])	cuda:0	True
2024-10-08 18:29:34,366 - INFO - ASTGCN_submodule.BlockList.0.residual_conv.weight	torch.Size([64, 1, 1, 1])	cuda:0	True
2024-10-08 18:29:34,366 - INFO - ASTGCN_submodule.BlockList.0.residual_conv.bias	torch.Size([64])	cuda:0	True
2024-10-08 18:29:34,366 - INFO - ASTGCN_submodule.BlockList.0.ln.weight	torch.Size([64])	cuda:0	True
2024-10-08 18:29:34,366 - INFO - ASTGCN_submodule.BlockList.0.ln.bias	torch.Size([64])	cuda:0	True
2024-10-08 18:29:34,366 - INFO - ASTGCN_submodule.BlockList.1.TAt.U1	torch.Size([207])	cuda:0	True
2024-10-08 18:29:34,366 - INFO - ASTGCN_submodule.BlockList.1.TAt.U2	torch.Size([64, 207])	cuda:0	True
2024-10-08 18:29:34,366 - INFO - ASTGCN_submodule.BlockList.1.TAt.U3	torch.Size([64])	cuda:0	True
2024-10-08 18:29:34,367 - INFO - ASTGCN_submodule.BlockList.1.TAt.be	torch.Size([1, 12, 12])	cuda:0	True
2024-10-08 18:29:34,367 - INFO - ASTGCN_submodule.BlockList.1.TAt.Ve	torch.Size([12, 12])	cuda:0	True
2024-10-08 18:29:34,367 - INFO - ASTGCN_submodule.BlockList.1.SAt.W1	torch.Size([12])	cuda:0	True
2024-10-08 18:29:34,367 - INFO - ASTGCN_submodule.BlockList.1.SAt.W2	torch.Size([64, 12])	cuda:0	True
2024-10-08 18:29:34,367 - INFO - ASTGCN_submodule.BlockList.1.SAt.W3	torch.Size([64])	cuda:0	True
2024-10-08 18:29:34,367 - INFO - ASTGCN_submodule.BlockList.1.SAt.bs	torch.Size([1, 207, 207])	cuda:0	True
2024-10-08 18:29:34,367 - INFO - ASTGCN_submodule.BlockList.1.SAt.Vs	torch.Size([207, 207])	cuda:0	True
2024-10-08 18:29:34,367 - INFO - ASTGCN_submodule.BlockList.1.cheb_conv_SAt.Theta.0	torch.Size([64, 64])	cuda:0	True
2024-10-08 18:29:34,367 - INFO - ASTGCN_submodule.BlockList.1.cheb_conv_SAt.Theta.1	torch.Size([64, 64])	cuda:0	True
2024-10-08 18:29:34,367 - INFO - ASTGCN_submodule.BlockList.1.cheb_conv_SAt.Theta.2	torch.Size([64, 64])	cuda:0	True
2024-10-08 18:29:34,367 - INFO - ASTGCN_submodule.BlockList.1.time_conv.weight	torch.Size([64, 64, 1, 3])	cuda:0	True
2024-10-08 18:29:34,367 - INFO - ASTGCN_submodule.BlockList.1.time_conv.bias	torch.Size([64])	cuda:0	True
2024-10-08 18:29:34,367 - INFO - ASTGCN_submodule.BlockList.1.residual_conv.weight	torch.Size([64, 64, 1, 1])	cuda:0	True
2024-10-08 18:29:34,367 - INFO - ASTGCN_submodule.BlockList.1.residual_conv.bias	torch.Size([64])	cuda:0	True
2024-10-08 18:29:34,367 - INFO - ASTGCN_submodule.BlockList.1.ln.weight	torch.Size([64])	cuda:0	True
2024-10-08 18:29:34,368 - INFO - ASTGCN_submodule.BlockList.1.ln.bias	torch.Size([64])	cuda:0	True
2024-10-08 18:29:34,368 - INFO - ASTGCN_submodule.final_conv.weight	torch.Size([12, 12, 1, 64])	cuda:0	True
2024-10-08 18:29:34,368 - INFO - ASTGCN_submodule.final_conv.bias	torch.Size([12])	cuda:0	True
2024-10-08 18:29:34,368 - INFO - Total parameter numbers: 237731
2024-10-08 18:29:34,368 - INFO - You select `adam` optimizer.
2024-10-08 18:29:34,807 - WARNING - Received none train loss func and will use the loss func defined in the model.
2024-10-08 18:29:34,807 - INFO - Start training ...
2024-10-08 18:29:34,807 - INFO - num_batches:322
2024-10-08 18:29:53,453 - INFO - epoch complete!
2024-10-08 18:29:53,454 - INFO - evaluating now!
2024-10-08 18:29:56,011 - INFO - Epoch [0/100] train_loss: 211.8765, val_loss: 128.1630, lr: 0.000100, 21.20s
2024-10-08 18:29:56,022 - INFO - Saved model at 0
2024-10-08 18:29:56,022 - INFO - Val loss decrease from inf to 128.1630, saving to ./libcity/cache/251221/model_cache/ASTGCN_METR_LA_epoch0.tar
2024-10-08 18:30:13,848 - INFO - epoch complete!
2024-10-08 18:30:13,848 - INFO - evaluating now!
2024-10-08 18:30:16,403 - INFO - Epoch [1/100] train_loss: 129.1633, val_loss: 118.2223, lr: 0.000100, 20.38s
2024-10-08 18:30:16,413 - INFO - Saved model at 1
2024-10-08 18:30:16,413 - INFO - Val loss decrease from 128.1630 to 118.2223, saving to ./libcity/cache/251221/model_cache/ASTGCN_METR_LA_epoch1.tar
2024-10-08 18:30:34,573 - INFO - epoch complete!
2024-10-08 18:30:34,573 - INFO - evaluating now!
2024-10-08 18:30:39,934 - INFO - Epoch [2/100] train_loss: 122.3040, val_loss: 114.4352, lr: 0.000100, 23.52s
2024-10-08 18:30:39,945 - INFO - Saved model at 2
2024-10-08 18:30:39,945 - INFO - Val loss decrease from 118.2223 to 114.4352, saving to ./libcity/cache/251221/model_cache/ASTGCN_METR_LA_epoch2.tar
2024-10-08 18:31:19,519 - INFO - epoch complete!
2024-10-08 18:31:19,519 - INFO - evaluating now!
2024-10-08 18:31:27,097 - INFO - Epoch [3/100] train_loss: 118.7317, val_loss: 111.4418, lr: 0.000100, 47.15s
2024-10-08 18:31:27,108 - INFO - Saved model at 3
2024-10-08 18:31:27,108 - INFO - Val loss decrease from 114.4352 to 111.4418, saving to ./libcity/cache/251221/model_cache/ASTGCN_METR_LA_epoch3.tar
2024-10-08 18:32:06,815 - INFO - epoch complete!
2024-10-08 18:32:06,816 - INFO - evaluating now!
2024-10-08 18:32:14,365 - INFO - Epoch [4/100] train_loss: 116.4569, val_loss: 110.0118, lr: 0.000100, 47.26s
2024-10-08 18:32:14,377 - INFO - Saved model at 4
2024-10-08 18:32:14,377 - INFO - Val loss decrease from 111.4418 to 110.0118, saving to ./libcity/cache/251221/model_cache/ASTGCN_METR_LA_epoch4.tar
2024-10-08 18:32:53,800 - INFO - epoch complete!
2024-10-08 18:32:53,800 - INFO - evaluating now!
2024-10-08 18:33:00,956 - INFO - Epoch [5/100] train_loss: 114.7296, val_loss: 109.4208, lr: 0.000100, 46.58s
2024-10-08 18:33:00,967 - INFO - Saved model at 5
2024-10-08 18:33:00,967 - INFO - Val loss decrease from 110.0118 to 109.4208, saving to ./libcity/cache/251221/model_cache/ASTGCN_METR_LA_epoch5.tar
2024-10-08 18:33:38,112 - INFO - epoch complete!
2024-10-08 18:33:38,112 - INFO - evaluating now!
2024-10-08 18:33:45,320 - INFO - Epoch [6/100] train_loss: 113.3063, val_loss: 107.8901, lr: 0.000100, 44.35s
2024-10-08 18:33:45,331 - INFO - Saved model at 6
2024-10-08 18:33:45,331 - INFO - Val loss decrease from 109.4208 to 107.8901, saving to ./libcity/cache/251221/model_cache/ASTGCN_METR_LA_epoch6.tar
2024-10-08 18:34:25,070 - INFO - epoch complete!
2024-10-08 18:34:25,070 - INFO - evaluating now!
2024-10-08 18:34:32,661 - INFO - Epoch [7/100] train_loss: 112.2271, val_loss: 107.9045, lr: 0.000100, 47.33s
2024-10-08 18:35:12,137 - INFO - epoch complete!
2024-10-08 18:35:12,137 - INFO - evaluating now!
2024-10-08 18:35:19,618 - INFO - Epoch [8/100] train_loss: 111.0602, val_loss: 106.4444, lr: 0.000100, 46.96s
2024-10-08 18:35:19,629 - INFO - Saved model at 8
2024-10-08 18:35:19,629 - INFO - Val loss decrease from 107.8901 to 106.4444, saving to ./libcity/cache/251221/model_cache/ASTGCN_METR_LA_epoch8.tar
2024-10-08 18:35:59,247 - INFO - epoch complete!
2024-10-08 18:35:59,247 - INFO - evaluating now!
2024-10-08 18:36:06,770 - INFO - Epoch [9/100] train_loss: 110.1522, val_loss: 106.1243, lr: 0.000100, 47.14s
2024-10-08 18:36:06,781 - INFO - Saved model at 9
2024-10-08 18:36:06,781 - INFO - Val loss decrease from 106.4444 to 106.1243, saving to ./libcity/cache/251221/model_cache/ASTGCN_METR_LA_epoch9.tar
2024-10-08 18:36:46,456 - INFO - epoch complete!
2024-10-08 18:36:46,456 - INFO - evaluating now!
2024-10-08 18:36:53,936 - INFO - Epoch [10/100] train_loss: 109.0513, val_loss: 107.8747, lr: 0.000100, 47.16s
2024-10-08 18:37:32,580 - INFO - epoch complete!
2024-10-08 18:37:32,580 - INFO - evaluating now!
2024-10-08 18:37:39,095 - INFO - Epoch [11/100] train_loss: 108.3047, val_loss: 105.6794, lr: 0.000100, 45.16s
2024-10-08 18:37:39,105 - INFO - Saved model at 11
2024-10-08 18:37:39,105 - INFO - Val loss decrease from 106.1243 to 105.6794, saving to ./libcity/cache/251221/model_cache/ASTGCN_METR_LA_epoch11.tar
2024-10-08 18:38:17,155 - INFO - epoch complete!
2024-10-08 18:38:17,155 - INFO - evaluating now!
2024-10-08 18:38:24,727 - INFO - Epoch [12/100] train_loss: 107.3126, val_loss: 105.3043, lr: 0.000100, 45.62s
2024-10-08 18:38:24,738 - INFO - Saved model at 12
2024-10-08 18:38:24,738 - INFO - Val loss decrease from 105.6794 to 105.3043, saving to ./libcity/cache/251221/model_cache/ASTGCN_METR_LA_epoch12.tar
2024-10-08 18:39:04,413 - INFO - epoch complete!
2024-10-08 18:39:04,413 - INFO - evaluating now!
2024-10-08 18:39:11,892 - INFO - Epoch [13/100] train_loss: 106.5605, val_loss: 107.7390, lr: 0.000100, 47.15s
2024-10-08 18:39:51,420 - INFO - epoch complete!
2024-10-08 18:39:51,421 - INFO - evaluating now!
2024-10-08 18:39:59,013 - INFO - Epoch [14/100] train_loss: 105.8366, val_loss: 104.8870, lr: 0.000100, 47.12s
2024-10-08 18:39:59,024 - INFO - Saved model at 14
2024-10-08 18:39:59,024 - INFO - Val loss decrease from 105.3043 to 104.8870, saving to ./libcity/cache/251221/model_cache/ASTGCN_METR_LA_epoch14.tar
2024-10-08 18:40:38,918 - INFO - epoch complete!
2024-10-08 18:40:38,918 - INFO - evaluating now!
2024-10-08 18:40:46,503 - INFO - Epoch [15/100] train_loss: 105.0951, val_loss: 104.5741, lr: 0.000100, 47.48s
2024-10-08 18:40:46,514 - INFO - Saved model at 15
2024-10-08 18:40:46,514 - INFO - Val loss decrease from 104.8870 to 104.5741, saving to ./libcity/cache/251221/model_cache/ASTGCN_METR_LA_epoch15.tar
2024-10-08 18:41:26,013 - INFO - epoch complete!
2024-10-08 18:41:26,013 - INFO - evaluating now!
2024-10-08 18:41:33,004 - INFO - Epoch [16/100] train_loss: 104.4799, val_loss: 104.0651, lr: 0.000100, 46.49s
2024-10-08 18:41:33,015 - INFO - Saved model at 16
2024-10-08 18:41:33,015 - INFO - Val loss decrease from 104.5741 to 104.0651, saving to ./libcity/cache/251221/model_cache/ASTGCN_METR_LA_epoch16.tar
2024-10-08 18:42:09,155 - INFO - epoch complete!
2024-10-08 18:42:09,155 - INFO - evaluating now!
2024-10-08 18:42:15,595 - INFO - Epoch [17/100] train_loss: 103.6473, val_loss: 103.8066, lr: 0.000100, 42.58s
2024-10-08 18:42:15,606 - INFO - Saved model at 17
2024-10-08 18:42:15,606 - INFO - Val loss decrease from 104.0651 to 103.8066, saving to ./libcity/cache/251221/model_cache/ASTGCN_METR_LA_epoch17.tar
2024-10-08 18:42:51,095 - INFO - epoch complete!
2024-10-08 18:42:51,095 - INFO - evaluating now!
2024-10-08 18:42:57,004 - INFO - Epoch [18/100] train_loss: 102.8636, val_loss: 103.9846, lr: 0.000100, 41.40s
2024-10-08 18:43:28,386 - INFO - epoch complete!
2024-10-08 18:43:28,386 - INFO - evaluating now!
2024-10-08 18:43:34,111 - INFO - Epoch [19/100] train_loss: 102.3797, val_loss: 104.1875, lr: 0.000100, 37.11s
2024-10-08 18:44:05,229 - INFO - epoch complete!
2024-10-08 18:44:05,229 - INFO - evaluating now!
2024-10-08 18:44:10,460 - INFO - Epoch [20/100] train_loss: 101.7504, val_loss: 104.1058, lr: 0.000100, 36.35s
2024-10-08 18:44:41,573 - INFO - epoch complete!
2024-10-08 18:44:41,573 - INFO - evaluating now!
2024-10-08 18:44:47,302 - INFO - Epoch [21/100] train_loss: 101.2684, val_loss: 104.6107, lr: 0.000100, 36.84s
2024-10-08 18:45:18,461 - INFO - epoch complete!
2024-10-08 18:45:18,461 - INFO - evaluating now!
2024-10-08 18:45:24,198 - INFO - Epoch [22/100] train_loss: 100.7389, val_loss: 103.8406, lr: 0.000100, 36.90s
2024-10-08 18:45:55,252 - INFO - epoch complete!
2024-10-08 18:45:55,252 - INFO - evaluating now!
2024-10-08 18:46:00,979 - INFO - Epoch [23/100] train_loss: 100.3782, val_loss: 103.9903, lr: 0.000100, 36.78s
2024-10-08 18:46:32,112 - INFO - epoch complete!
2024-10-08 18:46:32,112 - INFO - evaluating now!
2024-10-08 18:46:37,321 - INFO - Epoch [24/100] train_loss: 100.0027, val_loss: 104.6208, lr: 0.000100, 36.34s
2024-10-08 18:47:08,447 - INFO - epoch complete!
2024-10-08 18:47:08,447 - INFO - evaluating now!
2024-10-08 18:47:14,190 - INFO - Epoch [25/100] train_loss: 99.3903, val_loss: 106.9812, lr: 0.000100, 36.87s
2024-10-08 18:47:45,292 - INFO - epoch complete!
2024-10-08 18:47:45,293 - INFO - evaluating now!
2024-10-08 18:47:51,028 - INFO - Epoch [26/100] train_loss: 99.0160, val_loss: 105.3868, lr: 0.000100, 36.84s
2024-10-08 18:48:22,137 - INFO - epoch complete!
2024-10-08 18:48:22,137 - INFO - evaluating now!
2024-10-08 18:48:27,866 - INFO - Epoch [27/100] train_loss: 98.7232, val_loss: 104.3151, lr: 0.000100, 36.84s
2024-10-08 18:48:58,900 - INFO - epoch complete!
2024-10-08 18:48:58,900 - INFO - evaluating now!
2024-10-08 18:49:04,154 - INFO - Epoch [28/100] train_loss: 98.2642, val_loss: 104.6618, lr: 0.000100, 36.29s
2024-10-08 18:49:35,367 - INFO - epoch complete!
2024-10-08 18:49:35,367 - INFO - evaluating now!
2024-10-08 18:49:41,077 - INFO - Epoch [29/100] train_loss: 97.9658, val_loss: 105.4403, lr: 0.000100, 36.92s
2024-10-08 18:50:12,144 - INFO - epoch complete!
2024-10-08 18:50:12,144 - INFO - evaluating now!
2024-10-08 18:50:17,873 - INFO - Epoch [30/100] train_loss: 97.4790, val_loss: 105.4615, lr: 0.000100, 36.80s
2024-10-08 18:50:49,032 - INFO - epoch complete!
2024-10-08 18:50:49,033 - INFO - evaluating now!
2024-10-08 18:50:54,772 - INFO - Epoch [31/100] train_loss: 97.0904, val_loss: 105.9379, lr: 0.000100, 36.90s
2024-10-08 18:51:25,875 - INFO - epoch complete!
2024-10-08 18:51:25,875 - INFO - evaluating now!
2024-10-08 18:51:31,445 - INFO - Epoch [32/100] train_loss: 96.6851, val_loss: 106.3270, lr: 0.000100, 36.67s
2024-10-08 18:52:02,501 - INFO - epoch complete!
2024-10-08 18:52:02,501 - INFO - evaluating now!
2024-10-08 18:52:08,036 - INFO - Epoch [33/100] train_loss: 96.1214, val_loss: 106.9204, lr: 0.000100, 36.59s
2024-10-08 18:52:39,039 - INFO - epoch complete!
2024-10-08 18:52:39,040 - INFO - evaluating now!
2024-10-08 18:52:44,780 - INFO - Epoch [34/100] train_loss: 96.0171, val_loss: 106.8215, lr: 0.000100, 36.74s
2024-10-08 18:53:15,826 - INFO - epoch complete!
2024-10-08 18:53:15,826 - INFO - evaluating now!
2024-10-08 18:53:21,552 - INFO - Epoch [35/100] train_loss: 95.5299, val_loss: 107.7664, lr: 0.000100, 36.77s
2024-10-08 18:53:52,732 - INFO - epoch complete!
2024-10-08 18:53:52,732 - INFO - evaluating now!
2024-10-08 18:53:58,455 - INFO - Epoch [36/100] train_loss: 94.9478, val_loss: 107.2855, lr: 0.000100, 36.90s
2024-10-08 18:54:29,522 - INFO - epoch complete!
2024-10-08 18:54:29,522 - INFO - evaluating now!
2024-10-08 18:54:34,782 - INFO - Epoch [37/100] train_loss: 94.9375, val_loss: 108.3186, lr: 0.000100, 36.33s
2024-10-08 18:55:05,893 - INFO - epoch complete!
2024-10-08 18:55:05,893 - INFO - evaluating now!
2024-10-08 18:55:11,634 - INFO - Epoch [38/100] train_loss: 94.4034, val_loss: 108.9344, lr: 0.000100, 36.85s
2024-10-08 18:55:42,692 - INFO - epoch complete!
2024-10-08 18:55:42,692 - INFO - evaluating now!
2024-10-08 18:55:48,414 - INFO - Epoch [39/100] train_loss: 93.9809, val_loss: 108.8195, lr: 0.000100, 36.78s
2024-10-08 18:56:19,544 - INFO - epoch complete!
2024-10-08 18:56:19,544 - INFO - evaluating now!
2024-10-08 18:56:25,286 - INFO - Epoch [40/100] train_loss: 93.7594, val_loss: 108.9491, lr: 0.000100, 36.87s
2024-10-08 18:56:56,415 - INFO - epoch complete!
2024-10-08 18:56:56,415 - INFO - evaluating now!
2024-10-08 18:57:01,663 - INFO - Epoch [41/100] train_loss: 93.2735, val_loss: 110.3824, lr: 0.000100, 36.38s
2024-10-08 18:57:32,719 - INFO - epoch complete!
2024-10-08 18:57:32,719 - INFO - evaluating now!
2024-10-08 18:57:38,458 - INFO - Epoch [42/100] train_loss: 93.0050, val_loss: 109.7856, lr: 0.000100, 36.80s
2024-10-08 18:58:09,626 - INFO - epoch complete!
2024-10-08 18:58:09,627 - INFO - evaluating now!
2024-10-08 18:58:15,377 - INFO - Epoch [43/100] train_loss: 92.5457, val_loss: 110.3645, lr: 0.000100, 36.92s
2024-10-08 18:58:46,403 - INFO - epoch complete!
2024-10-08 18:58:46,404 - INFO - evaluating now!
2024-10-08 18:58:52,127 - INFO - Epoch [44/100] train_loss: 92.1899, val_loss: 111.3969, lr: 0.000100, 36.75s
2024-10-08 18:59:23,293 - INFO - epoch complete!
2024-10-08 18:59:23,293 - INFO - evaluating now!
2024-10-08 18:59:28,554 - INFO - Epoch [45/100] train_loss: 91.9946, val_loss: 110.5911, lr: 0.000100, 36.43s
2024-10-08 18:59:59,637 - INFO - epoch complete!
2024-10-08 18:59:59,638 - INFO - evaluating now!
2024-10-08 19:00:05,368 - INFO - Epoch [46/100] train_loss: 91.5494, val_loss: 112.1884, lr: 0.000100, 36.81s
2024-10-08 19:00:36,487 - INFO - epoch complete!
2024-10-08 19:00:36,487 - INFO - evaluating now!
2024-10-08 19:00:42,231 - INFO - Epoch [47/100] train_loss: 91.2465, val_loss: 114.2318, lr: 0.000100, 36.86s
2024-10-08 19:01:13,331 - INFO - epoch complete!
2024-10-08 19:01:13,331 - INFO - evaluating now!
2024-10-08 19:01:19,064 - INFO - Epoch [48/100] train_loss: 90.8169, val_loss: 113.3843, lr: 0.000100, 36.83s
2024-10-08 19:01:50,223 - INFO - epoch complete!
2024-10-08 19:01:50,223 - INFO - evaluating now!
2024-10-08 19:01:55,664 - INFO - Epoch [49/100] train_loss: 90.6263, val_loss: 113.3868, lr: 0.000100, 36.60s
2024-10-08 19:02:26,692 - INFO - epoch complete!
2024-10-08 19:02:26,692 - INFO - evaluating now!
2024-10-08 19:02:32,258 - INFO - Epoch [50/100] train_loss: 90.2606, val_loss: 113.1326, lr: 0.000100, 36.59s
2024-10-08 19:03:03,385 - INFO - epoch complete!
2024-10-08 19:03:03,385 - INFO - evaluating now!
2024-10-08 19:03:09,113 - INFO - Epoch [51/100] train_loss: 90.0330, val_loss: 115.2071, lr: 0.000100, 36.85s
2024-10-08 19:03:40,240 - INFO - epoch complete!
2024-10-08 19:03:40,240 - INFO - evaluating now!
2024-10-08 19:03:45,961 - INFO - Epoch [52/100] train_loss: 89.7278, val_loss: 114.4713, lr: 0.000100, 36.85s
2024-10-08 19:04:17,069 - INFO - epoch complete!
2024-10-08 19:04:17,069 - INFO - evaluating now!
2024-10-08 19:04:22,809 - INFO - Epoch [53/100] train_loss: 89.4655, val_loss: 114.5906, lr: 0.000100, 36.85s
2024-10-08 19:04:53,925 - INFO - epoch complete!
2024-10-08 19:04:53,925 - INFO - evaluating now!
2024-10-08 19:04:59,175 - INFO - Epoch [54/100] train_loss: 89.4701, val_loss: 112.6617, lr: 0.000100, 36.37s
2024-10-08 19:05:30,301 - INFO - epoch complete!
2024-10-08 19:05:30,302 - INFO - evaluating now!
2024-10-08 19:05:36,034 - INFO - Epoch [55/100] train_loss: 88.8005, val_loss: 115.8572, lr: 0.000100, 36.86s
2024-10-08 19:06:07,218 - INFO - epoch complete!
2024-10-08 19:06:07,218 - INFO - evaluating now!
2024-10-08 19:06:12,940 - INFO - Epoch [56/100] train_loss: 88.5887, val_loss: 116.9709, lr: 0.000100, 36.91s
2024-10-08 19:06:44,002 - INFO - epoch complete!
2024-10-08 19:06:44,002 - INFO - evaluating now!
2024-10-08 19:06:49,736 - INFO - Epoch [57/100] train_loss: 88.3599, val_loss: 116.4485, lr: 0.000100, 36.80s
2024-10-08 19:07:20,889 - INFO - epoch complete!
2024-10-08 19:07:20,889 - INFO - evaluating now!
2024-10-08 19:07:26,130 - INFO - Epoch [58/100] train_loss: 88.2722, val_loss: 115.6166, lr: 0.000100, 36.39s
2024-10-08 19:07:57,261 - INFO - epoch complete!
2024-10-08 19:07:57,261 - INFO - evaluating now!
2024-10-08 19:08:02,999 - INFO - Epoch [59/100] train_loss: 87.9277, val_loss: 116.4061, lr: 0.000100, 36.87s
2024-10-08 19:08:34,141 - INFO - epoch complete!
2024-10-08 19:08:34,141 - INFO - evaluating now!
2024-10-08 19:08:39,882 - INFO - Epoch [60/100] train_loss: 87.7061, val_loss: 116.2239, lr: 0.000100, 36.88s
2024-10-08 19:09:10,977 - INFO - epoch complete!
2024-10-08 19:09:10,977 - INFO - evaluating now!
2024-10-08 19:09:16,711 - INFO - Epoch [61/100] train_loss: 87.2547, val_loss: 118.0824, lr: 0.000100, 36.83s
2024-10-08 19:09:47,821 - INFO - epoch complete!
2024-10-08 19:09:47,821 - INFO - evaluating now!
2024-10-08 19:09:53,074 - INFO - Epoch [62/100] train_loss: 87.3319, val_loss: 116.8244, lr: 0.000100, 36.36s
2024-10-08 19:10:24,142 - INFO - epoch complete!
2024-10-08 19:10:24,142 - INFO - evaluating now!
2024-10-08 19:10:29,862 - INFO - Epoch [63/100] train_loss: 87.0289, val_loss: 116.7710, lr: 0.000100, 36.79s
2024-10-08 19:11:00,966 - INFO - epoch complete!
2024-10-08 19:11:00,967 - INFO - evaluating now!
2024-10-08 19:11:06,677 - INFO - Epoch [64/100] train_loss: 86.6395, val_loss: 119.1266, lr: 0.000100, 36.81s
2024-10-08 19:11:37,747 - INFO - epoch complete!
2024-10-08 19:11:37,748 - INFO - evaluating now!
2024-10-08 19:11:43,469 - INFO - Epoch [65/100] train_loss: 86.2675, val_loss: 116.7707, lr: 0.000100, 36.79s
2024-10-08 19:12:14,520 - INFO - epoch complete!
2024-10-08 19:12:14,520 - INFO - evaluating now!
2024-10-08 19:12:19,883 - INFO - Epoch [66/100] train_loss: 85.9947, val_loss: 116.0148, lr: 0.000100, 36.41s
2024-10-08 19:12:50,913 - INFO - epoch complete!
2024-10-08 19:12:50,914 - INFO - evaluating now!
2024-10-08 19:12:56,640 - INFO - Epoch [67/100] train_loss: 85.9356, val_loss: 117.2325, lr: 0.000100, 36.76s
2024-10-08 19:13:27,766 - INFO - epoch complete!
2024-10-08 19:13:27,766 - INFO - evaluating now!
2024-10-08 19:13:33,504 - INFO - Epoch [68/100] train_loss: 85.5294, val_loss: 117.2375, lr: 0.000100, 36.86s
2024-10-08 19:14:04,653 - INFO - epoch complete!
2024-10-08 19:14:04,654 - INFO - evaluating now!
2024-10-08 19:14:10,391 - INFO - Epoch [69/100] train_loss: 85.7111, val_loss: 120.8228, lr: 0.000100, 36.89s
2024-10-08 19:14:41,492 - INFO - epoch complete!
2024-10-08 19:14:41,492 - INFO - evaluating now!
2024-10-08 19:14:47,188 - INFO - Epoch [70/100] train_loss: 85.2497, val_loss: 116.6841, lr: 0.000100, 36.80s
2024-10-08 19:15:18,216 - INFO - epoch complete!
2024-10-08 19:15:18,216 - INFO - evaluating now!
2024-10-08 19:15:23,631 - INFO - Epoch [71/100] train_loss: 85.2025, val_loss: 119.2807, lr: 0.000100, 36.44s
2024-10-08 19:15:54,724 - INFO - epoch complete!
2024-10-08 19:15:54,725 - INFO - evaluating now!
2024-10-08 19:16:00,461 - INFO - Epoch [72/100] train_loss: 84.8412, val_loss: 119.9215, lr: 0.000100, 36.83s
2024-10-08 19:16:31,599 - INFO - epoch complete!
2024-10-08 19:16:31,599 - INFO - evaluating now!
2024-10-08 19:16:37,333 - INFO - Epoch [73/100] train_loss: 84.7444, val_loss: 118.1223, lr: 0.000100, 36.87s
2024-10-08 19:17:08,486 - INFO - epoch complete!
2024-10-08 19:17:08,487 - INFO - evaluating now!
2024-10-08 19:17:14,224 - INFO - Epoch [74/100] train_loss: 84.5206, val_loss: 122.7066, lr: 0.000100, 36.89s
2024-10-08 19:17:45,374 - INFO - epoch complete!
2024-10-08 19:17:45,374 - INFO - evaluating now!
2024-10-08 19:17:50,649 - INFO - Epoch [75/100] train_loss: 84.3007, val_loss: 120.3462, lr: 0.000100, 36.42s
2024-10-08 19:18:21,741 - INFO - epoch complete!
2024-10-08 19:18:21,741 - INFO - evaluating now!
2024-10-08 19:18:27,478 - INFO - Epoch [76/100] train_loss: 84.2626, val_loss: 119.6924, lr: 0.000100, 36.83s
2024-10-08 19:18:58,623 - INFO - epoch complete!
2024-10-08 19:18:58,623 - INFO - evaluating now!
2024-10-08 19:19:04,364 - INFO - Epoch [77/100] train_loss: 83.6810, val_loss: 119.3211, lr: 0.000100, 36.89s
2024-10-08 19:19:35,461 - INFO - epoch complete!
2024-10-08 19:19:35,461 - INFO - evaluating now!
2024-10-08 19:19:41,198 - INFO - Epoch [78/100] train_loss: 83.7603, val_loss: 122.1372, lr: 0.000100, 36.83s
2024-10-08 19:20:12,299 - INFO - epoch complete!
2024-10-08 19:20:12,300 - INFO - evaluating now!
2024-10-08 19:20:17,548 - INFO - Epoch [79/100] train_loss: 83.5244, val_loss: 122.6575, lr: 0.000100, 36.35s
2024-10-08 19:20:48,619 - INFO - epoch complete!
2024-10-08 19:20:48,620 - INFO - evaluating now!
2024-10-08 19:20:54,342 - INFO - Epoch [80/100] train_loss: 83.3822, val_loss: 122.1048, lr: 0.000100, 36.79s
2024-10-08 19:21:25,446 - INFO - epoch complete!
2024-10-08 19:21:25,447 - INFO - evaluating now!
2024-10-08 19:21:31,188 - INFO - Epoch [81/100] train_loss: 83.1648, val_loss: 121.0632, lr: 0.000100, 36.85s
2024-10-08 19:21:54,511 - INFO - epoch complete!
2024-10-08 19:21:54,511 - INFO - evaluating now!
2024-10-08 19:21:56,647 - INFO - Epoch [82/100] train_loss: 83.0755, val_loss: 121.5689, lr: 0.000100, 25.46s
2024-10-08 19:22:11,229 - INFO - epoch complete!
2024-10-08 19:22:11,229 - INFO - evaluating now!
2024-10-08 19:22:13,322 - INFO - Epoch [83/100] train_loss: 82.8134, val_loss: 121.0828, lr: 0.000100, 16.67s
2024-10-08 19:22:28,872 - INFO - epoch complete!
2024-10-08 19:22:28,873 - INFO - evaluating now!
2024-10-08 19:22:30,960 - INFO - Epoch [84/100] train_loss: 82.5816, val_loss: 120.3484, lr: 0.000100, 17.64s
2024-10-08 19:22:46,248 - INFO - epoch complete!
2024-10-08 19:22:46,249 - INFO - evaluating now!
2024-10-08 19:22:48,323 - INFO - Epoch [85/100] train_loss: 82.4639, val_loss: 120.8782, lr: 0.000100, 17.36s
2024-10-08 19:23:03,536 - INFO - epoch complete!
2024-10-08 19:23:03,537 - INFO - evaluating now!
2024-10-08 19:23:05,626 - INFO - Epoch [86/100] train_loss: 82.3620, val_loss: 122.2804, lr: 0.000100, 17.30s
2024-10-08 19:23:21,099 - INFO - epoch complete!
2024-10-08 19:23:21,099 - INFO - evaluating now!
2024-10-08 19:23:23,179 - INFO - Epoch [87/100] train_loss: 82.1193, val_loss: 121.3815, lr: 0.000100, 17.55s
2024-10-08 19:23:39,165 - INFO - epoch complete!
2024-10-08 19:23:39,165 - INFO - evaluating now!
2024-10-08 19:23:41,250 - INFO - Epoch [88/100] train_loss: 82.0676, val_loss: 123.9784, lr: 0.000100, 18.07s
2024-10-08 19:23:56,700 - INFO - epoch complete!
2024-10-08 19:23:56,700 - INFO - evaluating now!
2024-10-08 19:23:58,786 - INFO - Epoch [89/100] train_loss: 81.8337, val_loss: 123.5653, lr: 0.000100, 17.54s
2024-10-08 19:24:13,885 - INFO - epoch complete!
2024-10-08 19:24:13,885 - INFO - evaluating now!
2024-10-08 19:24:15,963 - INFO - Epoch [90/100] train_loss: 81.6615, val_loss: 123.7105, lr: 0.000100, 17.18s
2024-10-08 19:24:30,925 - INFO - epoch complete!
2024-10-08 19:24:30,925 - INFO - evaluating now!
2024-10-08 19:24:33,001 - INFO - Epoch [91/100] train_loss: 81.5399, val_loss: 124.2053, lr: 0.000100, 17.04s
2024-10-08 19:24:48,408 - INFO - epoch complete!
2024-10-08 19:24:48,408 - INFO - evaluating now!
2024-10-08 19:24:50,488 - INFO - Epoch [92/100] train_loss: 81.3518, val_loss: 122.3613, lr: 0.000100, 17.49s
2024-10-08 19:25:05,697 - INFO - epoch complete!
2024-10-08 19:25:05,697 - INFO - evaluating now!
2024-10-08 19:25:07,780 - INFO - Epoch [93/100] train_loss: 81.2693, val_loss: 123.5930, lr: 0.000100, 17.29s
2024-10-08 19:25:23,100 - INFO - epoch complete!
2024-10-08 19:25:23,100 - INFO - evaluating now!
2024-10-08 19:25:25,181 - INFO - Epoch [94/100] train_loss: 81.0782, val_loss: 123.5416, lr: 0.000100, 17.40s
2024-10-08 19:25:40,305 - INFO - epoch complete!
2024-10-08 19:25:40,305 - INFO - evaluating now!
2024-10-08 19:25:42,386 - INFO - Epoch [95/100] train_loss: 80.9460, val_loss: 122.9413, lr: 0.000100, 17.20s
2024-10-08 19:25:57,424 - INFO - epoch complete!
2024-10-08 19:25:57,424 - INFO - evaluating now!
2024-10-08 19:25:59,504 - INFO - Epoch [96/100] train_loss: 80.6532, val_loss: 125.9241, lr: 0.000100, 17.12s
2024-10-08 19:26:14,034 - INFO - epoch complete!
2024-10-08 19:26:14,034 - INFO - evaluating now!
2024-10-08 19:26:16,119 - INFO - Epoch [97/100] train_loss: 80.5673, val_loss: 125.2334, lr: 0.000100, 16.61s
2024-10-08 19:26:31,292 - INFO - epoch complete!
2024-10-08 19:26:31,293 - INFO - evaluating now!
2024-10-08 19:26:33,365 - INFO - Epoch [98/100] train_loss: 80.3811, val_loss: 123.2333, lr: 0.000100, 17.25s
2024-10-08 19:26:49,234 - INFO - epoch complete!
2024-10-08 19:26:49,234 - INFO - evaluating now!
2024-10-08 19:26:51,311 - INFO - Epoch [99/100] train_loss: 80.3232, val_loss: 127.8892, lr: 0.000100, 17.95s
2024-10-08 19:26:51,311 - INFO - Trained totally 100 epochs, average train time is 29.184s, average eval time is 5.179s
2024-10-08 19:26:51,319 - INFO - Loaded model at 17
2024-10-08 19:26:51,320 - INFO - Saved model at ./libcity/cache/251221/model_cache/ASTGCN_METR_LA.m
2024-10-08 19:26:51,329 - INFO - Start evaluating ...
2024-10-08 19:27:00,626 - INFO - Note that you select the single mode to evaluate!
2024-10-08 19:27:00,628 - INFO - Evaluate result is saved at ./libcity/cache/251221/evaluate_cache/2024_10_08_19_27_00_ASTGCN_METR_LA.csv
2024-10-08 19:27:00,632 - INFO - 
         MAE      MAPE      RMSE
1   2.909075  0.069392  5.597420
2   3.211725  0.077669  6.273737
3   3.440742  0.084100  6.771851
4   3.652234  0.089739  7.187612
5   3.847861  0.094853  7.553106
6   4.049536  0.099779  7.882182
7   4.234833  0.104381  8.174247
8   4.402671  0.108649  8.424520
9   4.544611  0.112546  8.638768
10  4.692679  0.116360  8.838872
11  4.841288  0.119977  9.029269
12  4.959849  0.123236  9.198916
