2024-10-09 19:56:14,667 - INFO - Log directory: ./libcity/log
2024-10-09 19:56:14,667 - INFO - Begin pipeline, task=MTS_pred, model_name=LSTM, dataset_name=METR_LA, exp_id=251221
2024-10-09 19:56:14,667 - INFO - {'task': 'MTS_pred', 'model': 'RNN', 'dataset': 'METR_LA', 'saved_model': True, 'exp_id': '251221', 'seed': 0, 'max_epoch': 50, 'dataset_class': 'StatePointDataset', 'executor': 'StateExecutor', 'evaluator': 'StateEvaluator', 'rnn_type': 'LSTM', 'hidden_size': 64, 'num_layers': 1, 'dropout': 0, 'bidirectional': False, 'teacher_forcing_ratio': 0, 'scaler': 'standard', 'load_external': False, 'normal_external': False, 'ext_scaler': 'none', 'add_time_in_day': True, 'add_day_in_week': False, 'learner': 'adam', 'learning_rate': 0.01, 'lr_decay': True, 'lr_scheduler': 'multisteplr', 'lr_decay_ratio': 0.1, 'steps': [5, 20, 40, 70], 'clip_grad_norm': True, 'max_grad_norm': 5, 'use_early_stop': True, 'patience': 50, 'batch_size': 64, 'cache_dataset': True, 'num_workers': 0, 'pad_with_last_sample': True, 'train_rate': 0.7, 'eval_rate': 0.1, 'input_window': 12, 'output_window': 12, 'robustness_test': False, 'noise_type': 'gaussian', 'disturb_rate': 0.5, 'noise_mean': [5], 'noise_SD': [10], 'gpu': True, 'gpu_id': 0, 'train_loss': 'none', 'epoch': 0, 'weight_decay': 0, 'lr_epsilon': 1e-08, 'lr_beta1': 0.9, 'lr_beta2': 0.999, 'lr_alpha': 0.99, 'lr_momentum': 0, 'step_size': 10, 'lr_T_max': 30, 'lr_eta_min': 0, 'lr_patience': 10, 'lr_threshold': 0.0001, 'log_level': 'INFO', 'log_every': 1, 'load_best_epoch': True, 'hyper_tune': False, 'metrics': ['MAE', 'MAPE', 'RMSE'], 'evaluator_mode': 'single', 'save_mode': ['csv'], 'geo': {'including_types': ['Point'], 'Point': {}}, 'rel': {'including_types': ['geo'], 'geo': {'cost': 'num'}}, 'dyna': {'including_types': ['state'], 'state': {'entity_id': 'geo_id', 'traffic_speed': 'num'}}, 'data_col': ['traffic_speed'], 'weight_col': 'cost', 'data_files': ['METR_LA'], 'geo_file': 'METR_LA', 'rel_file': 'METR_LA', 'output_dim': 1, 'time_intervals': 300, 'init_weight_inf_or_zero': 'inf', 'set_weight_link_or_dist': 'dist', 'calculate_weight_adj': True, 'weight_adj_epsilon': 0.1, 'device': device(type='cuda', index=0)}
2024-10-09 19:56:15,149 - INFO - Loaded file METR_LA_feature.csv, shape=(34272, 207, 1)
2024-10-09 19:56:16,155 - INFO - Dataset created
2024-10-09 19:56:16,155 - INFO - x shape: (34249, 12, 207, 1), y shape: (34249, 12, 207, 1)
2024-10-09 19:56:16,159 - INFO - train	x: (23974, 12, 207, 1), y: (23974, 12, 207, 1)
2024-10-09 19:56:16,159 - INFO - eval	x: (3425, 12, 207, 1), y: (3425, 12, 207, 1)
2024-10-09 19:56:16,159 - INFO - test	x: (6850, 12, 207, 1), y: (6850, 12, 207, 1)
2024-10-09 19:56:29,186 - INFO - Saved at ./libcity/cache/dataset_cache/point_based_METR_LA_12_12_0.7_0.1_standard_64_False_True_False_True.npz
2024-10-09 19:56:29,365 - INFO - StandardScaler mean: 54.40592829587626, std: 19.493739270573098
2024-10-09 19:56:29,365 - INFO - NoneScaler
2024-10-09 19:56:30,213 - INFO - You select rnn_type LSTM in RNN!
2024-10-09 19:56:30,316 - INFO - RNN(
  (rnn): LSTM(207, 64)
  (fc): Linear(in_features=64, out_features=207, bias=True)
)
2024-10-09 19:56:30,316 - INFO - rnn.weight_ih_l0	torch.Size([256, 207])	cuda:0	True
2024-10-09 19:56:30,316 - INFO - rnn.weight_hh_l0	torch.Size([256, 64])	cuda:0	True
2024-10-09 19:56:30,316 - INFO - rnn.bias_ih_l0	torch.Size([256])	cuda:0	True
2024-10-09 19:56:30,316 - INFO - rnn.bias_hh_l0	torch.Size([256])	cuda:0	True
2024-10-09 19:56:30,316 - INFO - fc.weight	torch.Size([207, 64])	cuda:0	True
2024-10-09 19:56:30,316 - INFO - fc.bias	torch.Size([207])	cuda:0	True
2024-10-09 19:56:30,316 - INFO - Total parameter numbers: 83343
2024-10-09 19:56:30,316 - INFO - You select `adam` optimizer.
2024-10-09 19:56:30,721 - INFO - You select `multisteplr` lr_scheduler.
2024-10-09 19:56:30,721 - WARNING - Received none train loss func and will use the loss func defined in the model.
2024-10-09 19:56:30,721 - INFO - Start training ...
2024-10-09 19:56:30,721 - INFO - num_batches:375
2024-10-09 19:56:37,964 - INFO - epoch complete!
2024-10-09 19:56:37,964 - INFO - evaluating now!
2024-10-09 19:56:38,171 - INFO - Epoch [0/50] train_loss: 4.3535, val_loss: 3.9090, lr: 0.010000, 7.45s
2024-10-09 19:56:38,174 - INFO - Saved model at 0
2024-10-09 19:56:38,174 - INFO - Val loss decrease from inf to 3.9090, saving to ./libcity/cache/251221/model_cache/RNN_METR_LA_epoch0.tar
2024-10-09 19:56:45,575 - INFO - epoch complete!
2024-10-09 19:56:45,575 - INFO - evaluating now!
2024-10-09 19:56:45,783 - INFO - Epoch [1/50] train_loss: 3.7640, val_loss: 3.7449, lr: 0.010000, 7.61s
2024-10-09 19:56:45,786 - INFO - Saved model at 1
2024-10-09 19:56:45,786 - INFO - Val loss decrease from 3.9090 to 3.7449, saving to ./libcity/cache/251221/model_cache/RNN_METR_LA_epoch1.tar
2024-10-09 19:56:53,105 - INFO - epoch complete!
2024-10-09 19:56:53,105 - INFO - evaluating now!
2024-10-09 19:56:53,311 - INFO - Epoch [2/50] train_loss: 3.6797, val_loss: 3.6705, lr: 0.010000, 7.52s
2024-10-09 19:56:53,313 - INFO - Saved model at 2
2024-10-09 19:56:53,313 - INFO - Val loss decrease from 3.7449 to 3.6705, saving to ./libcity/cache/251221/model_cache/RNN_METR_LA_epoch2.tar
2024-10-09 19:57:00,663 - INFO - epoch complete!
2024-10-09 19:57:00,663 - INFO - evaluating now!
2024-10-09 19:57:00,870 - INFO - Epoch [3/50] train_loss: 3.6769, val_loss: 3.6948, lr: 0.010000, 7.56s
2024-10-09 19:57:07,838 - INFO - epoch complete!
2024-10-09 19:57:07,838 - INFO - evaluating now!
2024-10-09 19:57:08,042 - INFO - Epoch [4/50] train_loss: 3.7341, val_loss: 3.7463, lr: 0.001000, 7.17s
2024-10-09 19:57:15,455 - INFO - epoch complete!
2024-10-09 19:57:15,456 - INFO - evaluating now!
2024-10-09 19:57:15,665 - INFO - Epoch [5/50] train_loss: 3.5022, val_loss: 3.5821, lr: 0.001000, 7.62s
2024-10-09 19:57:15,667 - INFO - Saved model at 5
2024-10-09 19:57:15,667 - INFO - Val loss decrease from 3.6705 to 3.5821, saving to ./libcity/cache/251221/model_cache/RNN_METR_LA_epoch5.tar
2024-10-09 19:57:22,549 - INFO - epoch complete!
2024-10-09 19:57:22,549 - INFO - evaluating now!
2024-10-09 19:57:22,755 - INFO - Epoch [6/50] train_loss: 3.4607, val_loss: 3.5689, lr: 0.001000, 7.09s
2024-10-09 19:57:22,766 - INFO - Saved model at 6
2024-10-09 19:57:22,766 - INFO - Val loss decrease from 3.5821 to 3.5689, saving to ./libcity/cache/251221/model_cache/RNN_METR_LA_epoch6.tar
2024-10-09 19:57:29,962 - INFO - epoch complete!
2024-10-09 19:57:29,962 - INFO - evaluating now!
2024-10-09 19:57:30,173 - INFO - Epoch [7/50] train_loss: 3.4368, val_loss: 3.5613, lr: 0.001000, 7.41s
2024-10-09 19:57:30,182 - INFO - Saved model at 7
2024-10-09 19:57:30,182 - INFO - Val loss decrease from 3.5689 to 3.5613, saving to ./libcity/cache/251221/model_cache/RNN_METR_LA_epoch7.tar
2024-10-09 19:57:37,318 - INFO - epoch complete!
2024-10-09 19:57:37,318 - INFO - evaluating now!
2024-10-09 19:57:37,527 - INFO - Epoch [8/50] train_loss: 3.4228, val_loss: 3.5498, lr: 0.001000, 7.35s
2024-10-09 19:57:37,579 - INFO - Saved model at 8
2024-10-09 19:57:37,579 - INFO - Val loss decrease from 3.5613 to 3.5498, saving to ./libcity/cache/251221/model_cache/RNN_METR_LA_epoch8.tar
2024-10-09 19:57:44,643 - INFO - epoch complete!
2024-10-09 19:57:44,643 - INFO - evaluating now!
2024-10-09 19:57:44,853 - INFO - Epoch [9/50] train_loss: 3.4077, val_loss: 3.5377, lr: 0.001000, 7.27s
2024-10-09 19:57:44,863 - INFO - Saved model at 9
2024-10-09 19:57:44,863 - INFO - Val loss decrease from 3.5498 to 3.5377, saving to ./libcity/cache/251221/model_cache/RNN_METR_LA_epoch9.tar
2024-10-09 19:57:51,902 - INFO - epoch complete!
2024-10-09 19:57:51,902 - INFO - evaluating now!
2024-10-09 19:57:52,114 - INFO - Epoch [10/50] train_loss: 3.3899, val_loss: 3.5495, lr: 0.001000, 7.25s
2024-10-09 19:57:59,124 - INFO - epoch complete!
2024-10-09 19:57:59,125 - INFO - evaluating now!
2024-10-09 19:57:59,337 - INFO - Epoch [11/50] train_loss: 3.3659, val_loss: 3.5218, lr: 0.001000, 7.22s
2024-10-09 19:57:59,344 - INFO - Saved model at 11
2024-10-09 19:57:59,344 - INFO - Val loss decrease from 3.5377 to 3.5218, saving to ./libcity/cache/251221/model_cache/RNN_METR_LA_epoch11.tar
2024-10-09 19:58:06,226 - INFO - epoch complete!
2024-10-09 19:58:06,226 - INFO - evaluating now!
2024-10-09 19:58:06,425 - INFO - Epoch [12/50] train_loss: 3.3521, val_loss: 3.5176, lr: 0.001000, 7.08s
2024-10-09 19:58:06,437 - INFO - Saved model at 12
2024-10-09 19:58:06,437 - INFO - Val loss decrease from 3.5218 to 3.5176, saving to ./libcity/cache/251221/model_cache/RNN_METR_LA_epoch12.tar
2024-10-09 19:58:13,596 - INFO - epoch complete!
2024-10-09 19:58:13,596 - INFO - evaluating now!
2024-10-09 19:58:13,805 - INFO - Epoch [13/50] train_loss: 3.3389, val_loss: 3.5020, lr: 0.001000, 7.37s
2024-10-09 19:58:13,812 - INFO - Saved model at 13
2024-10-09 19:58:13,812 - INFO - Val loss decrease from 3.5176 to 3.5020, saving to ./libcity/cache/251221/model_cache/RNN_METR_LA_epoch13.tar
2024-10-09 19:58:20,741 - INFO - epoch complete!
2024-10-09 19:58:20,741 - INFO - evaluating now!
2024-10-09 19:58:20,951 - INFO - Epoch [14/50] train_loss: 3.3323, val_loss: 3.5201, lr: 0.001000, 7.14s
2024-10-09 19:58:27,980 - INFO - epoch complete!
2024-10-09 19:58:27,981 - INFO - evaluating now!
2024-10-09 19:58:28,194 - INFO - Epoch [15/50] train_loss: 3.3180, val_loss: 3.5042, lr: 0.001000, 7.24s
2024-10-09 19:58:35,078 - INFO - epoch complete!
2024-10-09 19:58:35,079 - INFO - evaluating now!
2024-10-09 19:58:35,287 - INFO - Epoch [16/50] train_loss: 3.3121, val_loss: 3.4927, lr: 0.001000, 7.09s
2024-10-09 19:58:35,296 - INFO - Saved model at 16
2024-10-09 19:58:35,296 - INFO - Val loss decrease from 3.5020 to 3.4927, saving to ./libcity/cache/251221/model_cache/RNN_METR_LA_epoch16.tar
2024-10-09 19:58:42,311 - INFO - epoch complete!
2024-10-09 19:58:42,311 - INFO - evaluating now!
2024-10-09 19:58:42,517 - INFO - Epoch [17/50] train_loss: 3.2947, val_loss: 3.4867, lr: 0.001000, 7.22s
2024-10-09 19:58:42,519 - INFO - Saved model at 17
2024-10-09 19:58:42,519 - INFO - Val loss decrease from 3.4927 to 3.4867, saving to ./libcity/cache/251221/model_cache/RNN_METR_LA_epoch17.tar
2024-10-09 19:58:50,169 - INFO - epoch complete!
2024-10-09 19:58:50,169 - INFO - evaluating now!
2024-10-09 19:58:50,384 - INFO - Epoch [18/50] train_loss: 3.2806, val_loss: 3.4648, lr: 0.001000, 7.86s
2024-10-09 19:58:50,386 - INFO - Saved model at 18
2024-10-09 19:58:50,386 - INFO - Val loss decrease from 3.4867 to 3.4648, saving to ./libcity/cache/251221/model_cache/RNN_METR_LA_epoch18.tar
2024-10-09 19:58:57,081 - INFO - epoch complete!
2024-10-09 19:58:57,082 - INFO - evaluating now!
2024-10-09 19:58:57,289 - INFO - Epoch [19/50] train_loss: 3.2754, val_loss: 3.4661, lr: 0.000100, 6.90s
2024-10-09 19:59:04,168 - INFO - epoch complete!
2024-10-09 19:59:04,169 - INFO - evaluating now!
2024-10-09 19:59:04,376 - INFO - Epoch [20/50] train_loss: 3.2548, val_loss: 3.4574, lr: 0.000100, 7.09s
2024-10-09 19:59:04,379 - INFO - Saved model at 20
2024-10-09 19:59:04,379 - INFO - Val loss decrease from 3.4648 to 3.4574, saving to ./libcity/cache/251221/model_cache/RNN_METR_LA_epoch20.tar
2024-10-09 19:59:11,435 - INFO - epoch complete!
2024-10-09 19:59:11,435 - INFO - evaluating now!
2024-10-09 19:59:11,643 - INFO - Epoch [21/50] train_loss: 3.2472, val_loss: 3.4535, lr: 0.000100, 7.26s
2024-10-09 19:59:11,891 - INFO - Saved model at 21
2024-10-09 19:59:11,891 - INFO - Val loss decrease from 3.4574 to 3.4535, saving to ./libcity/cache/251221/model_cache/RNN_METR_LA_epoch21.tar
2024-10-09 19:59:19,070 - INFO - epoch complete!
2024-10-09 19:59:19,071 - INFO - evaluating now!
2024-10-09 19:59:19,279 - INFO - Epoch [22/50] train_loss: 3.2438, val_loss: 3.4568, lr: 0.000100, 7.39s
2024-10-09 19:59:26,270 - INFO - epoch complete!
2024-10-09 19:59:26,271 - INFO - evaluating now!
2024-10-09 19:59:26,478 - INFO - Epoch [23/50] train_loss: 3.2413, val_loss: 3.4533, lr: 0.000100, 7.20s
2024-10-09 19:59:26,480 - INFO - Saved model at 23
2024-10-09 19:59:26,480 - INFO - Val loss decrease from 3.4535 to 3.4533, saving to ./libcity/cache/251221/model_cache/RNN_METR_LA_epoch23.tar
2024-10-09 19:59:33,544 - INFO - epoch complete!
2024-10-09 19:59:33,544 - INFO - evaluating now!
2024-10-09 19:59:33,751 - INFO - Epoch [24/50] train_loss: 3.2397, val_loss: 3.4449, lr: 0.000100, 7.27s
2024-10-09 19:59:33,754 - INFO - Saved model at 24
2024-10-09 19:59:33,754 - INFO - Val loss decrease from 3.4533 to 3.4449, saving to ./libcity/cache/251221/model_cache/RNN_METR_LA_epoch24.tar
2024-10-09 19:59:40,868 - INFO - epoch complete!
2024-10-09 19:59:40,868 - INFO - evaluating now!
2024-10-09 19:59:41,077 - INFO - Epoch [25/50] train_loss: 3.2383, val_loss: 3.4518, lr: 0.000100, 7.32s
2024-10-09 19:59:48,082 - INFO - epoch complete!
2024-10-09 19:59:48,082 - INFO - evaluating now!
2024-10-09 19:59:48,297 - INFO - Epoch [26/50] train_loss: 3.2375, val_loss: 3.4496, lr: 0.000100, 7.22s
2024-10-09 19:59:55,008 - INFO - epoch complete!
2024-10-09 19:59:55,008 - INFO - evaluating now!
2024-10-09 19:59:55,213 - INFO - Epoch [27/50] train_loss: 3.2353, val_loss: 3.4491, lr: 0.000100, 6.92s
2024-10-09 20:00:02,039 - INFO - epoch complete!
2024-10-09 20:00:02,039 - INFO - evaluating now!
2024-10-09 20:00:02,250 - INFO - Epoch [28/50] train_loss: 3.2339, val_loss: 3.4449, lr: 0.000100, 7.04s
2024-10-09 20:00:02,252 - INFO - Saved model at 28
2024-10-09 20:00:02,252 - INFO - Val loss decrease from 3.4449 to 3.4449, saving to ./libcity/cache/251221/model_cache/RNN_METR_LA_epoch28.tar
2024-10-09 20:00:09,283 - INFO - epoch complete!
2024-10-09 20:00:09,283 - INFO - evaluating now!
2024-10-09 20:00:09,493 - INFO - Epoch [29/50] train_loss: 3.2322, val_loss: 3.4475, lr: 0.000100, 7.24s
2024-10-09 20:00:16,511 - INFO - epoch complete!
2024-10-09 20:00:16,512 - INFO - evaluating now!
2024-10-09 20:00:16,718 - INFO - Epoch [30/50] train_loss: 3.2305, val_loss: 3.4437, lr: 0.000100, 7.23s
2024-10-09 20:00:16,720 - INFO - Saved model at 30
2024-10-09 20:00:16,720 - INFO - Val loss decrease from 3.4449 to 3.4437, saving to ./libcity/cache/251221/model_cache/RNN_METR_LA_epoch30.tar
2024-10-09 20:00:23,621 - INFO - epoch complete!
2024-10-09 20:00:23,621 - INFO - evaluating now!
2024-10-09 20:00:23,831 - INFO - Epoch [31/50] train_loss: 3.2294, val_loss: 3.4451, lr: 0.000100, 7.11s
2024-10-09 20:00:31,042 - INFO - epoch complete!
2024-10-09 20:00:31,042 - INFO - evaluating now!
2024-10-09 20:00:31,250 - INFO - Epoch [32/50] train_loss: 3.2284, val_loss: 3.4440, lr: 0.000100, 7.42s
2024-10-09 20:00:38,093 - INFO - epoch complete!
2024-10-09 20:00:38,093 - INFO - evaluating now!
2024-10-09 20:00:38,303 - INFO - Epoch [33/50] train_loss: 3.2272, val_loss: 3.4453, lr: 0.000100, 7.05s
2024-10-09 20:00:45,377 - INFO - epoch complete!
2024-10-09 20:00:45,377 - INFO - evaluating now!
2024-10-09 20:00:45,587 - INFO - Epoch [34/50] train_loss: 3.2258, val_loss: 3.4449, lr: 0.000100, 7.28s
2024-10-09 20:00:52,514 - INFO - epoch complete!
2024-10-09 20:00:52,515 - INFO - evaluating now!
2024-10-09 20:00:52,724 - INFO - Epoch [35/50] train_loss: 3.2245, val_loss: 3.4437, lr: 0.000100, 7.14s
2024-10-09 20:00:59,764 - INFO - epoch complete!
2024-10-09 20:00:59,764 - INFO - evaluating now!
2024-10-09 20:00:59,973 - INFO - Epoch [36/50] train_loss: 3.2237, val_loss: 3.4456, lr: 0.000100, 7.25s
2024-10-09 20:01:06,744 - INFO - epoch complete!
2024-10-09 20:01:06,744 - INFO - evaluating now!
2024-10-09 20:01:06,951 - INFO - Epoch [37/50] train_loss: 3.2220, val_loss: 3.4438, lr: 0.000100, 6.98s
2024-10-09 20:01:13,694 - INFO - epoch complete!
2024-10-09 20:01:13,694 - INFO - evaluating now!
2024-10-09 20:01:13,903 - INFO - Epoch [38/50] train_loss: 3.2216, val_loss: 3.4425, lr: 0.000100, 6.95s
2024-10-09 20:01:13,905 - INFO - Saved model at 38
2024-10-09 20:01:13,905 - INFO - Val loss decrease from 3.4437 to 3.4425, saving to ./libcity/cache/251221/model_cache/RNN_METR_LA_epoch38.tar
2024-10-09 20:01:20,972 - INFO - epoch complete!
2024-10-09 20:01:20,973 - INFO - evaluating now!
2024-10-09 20:01:21,183 - INFO - Epoch [39/50] train_loss: 3.2201, val_loss: 3.4420, lr: 0.000010, 7.28s
2024-10-09 20:01:21,185 - INFO - Saved model at 39
2024-10-09 20:01:21,185 - INFO - Val loss decrease from 3.4425 to 3.4420, saving to ./libcity/cache/251221/model_cache/RNN_METR_LA_epoch39.tar
2024-10-09 20:01:28,210 - INFO - epoch complete!
2024-10-09 20:01:28,211 - INFO - evaluating now!
2024-10-09 20:01:28,423 - INFO - Epoch [40/50] train_loss: 3.2179, val_loss: 3.4416, lr: 0.000010, 7.24s
2024-10-09 20:01:28,426 - INFO - Saved model at 40
2024-10-09 20:01:28,426 - INFO - Val loss decrease from 3.4420 to 3.4416, saving to ./libcity/cache/251221/model_cache/RNN_METR_LA_epoch40.tar
2024-10-09 20:01:35,699 - INFO - epoch complete!
2024-10-09 20:01:35,700 - INFO - evaluating now!
2024-10-09 20:01:35,907 - INFO - Epoch [41/50] train_loss: 3.2171, val_loss: 3.4428, lr: 0.000010, 7.48s
2024-10-09 20:01:42,871 - INFO - epoch complete!
2024-10-09 20:01:42,872 - INFO - evaluating now!
2024-10-09 20:01:43,080 - INFO - Epoch [42/50] train_loss: 3.2167, val_loss: 3.4420, lr: 0.000010, 7.17s
2024-10-09 20:01:50,037 - INFO - epoch complete!
2024-10-09 20:01:50,037 - INFO - evaluating now!
2024-10-09 20:01:50,244 - INFO - Epoch [43/50] train_loss: 3.2168, val_loss: 3.4426, lr: 0.000010, 7.16s
2024-10-09 20:01:57,325 - INFO - epoch complete!
2024-10-09 20:01:57,326 - INFO - evaluating now!
2024-10-09 20:01:57,534 - INFO - Epoch [44/50] train_loss: 3.2164, val_loss: 3.4427, lr: 0.000010, 7.29s
2024-10-09 20:02:04,493 - INFO - epoch complete!
2024-10-09 20:02:04,493 - INFO - evaluating now!
2024-10-09 20:02:04,701 - INFO - Epoch [45/50] train_loss: 3.2165, val_loss: 3.4405, lr: 0.000010, 7.17s
2024-10-09 20:02:04,703 - INFO - Saved model at 45
2024-10-09 20:02:04,703 - INFO - Val loss decrease from 3.4416 to 3.4405, saving to ./libcity/cache/251221/model_cache/RNN_METR_LA_epoch45.tar
2024-10-09 20:02:11,957 - INFO - epoch complete!
2024-10-09 20:02:11,958 - INFO - evaluating now!
2024-10-09 20:02:12,166 - INFO - Epoch [46/50] train_loss: 3.2161, val_loss: 3.4413, lr: 0.000010, 7.46s
2024-10-09 20:02:19,163 - INFO - epoch complete!
2024-10-09 20:02:19,163 - INFO - evaluating now!
2024-10-09 20:02:19,372 - INFO - Epoch [47/50] train_loss: 3.2162, val_loss: 3.4406, lr: 0.000010, 7.21s
2024-10-09 20:02:26,410 - INFO - epoch complete!
2024-10-09 20:02:26,410 - INFO - evaluating now!
2024-10-09 20:02:26,620 - INFO - Epoch [48/50] train_loss: 3.2160, val_loss: 3.4430, lr: 0.000010, 7.25s
2024-10-09 20:02:33,701 - INFO - epoch complete!
2024-10-09 20:02:33,701 - INFO - evaluating now!
2024-10-09 20:02:33,909 - INFO - Epoch [49/50] train_loss: 3.2153, val_loss: 3.4420, lr: 0.000010, 7.29s
2024-10-09 20:02:33,910 - INFO - Trained totally 50 epochs, average train time is 7.047s, average eval time is 0.208s
2024-10-09 20:02:33,912 - INFO - Loaded model at 45
2024-10-09 20:02:33,912 - INFO - Saved model at ./libcity/cache/251221/model_cache/LSTM_METR_LA.m
2024-10-09 20:02:33,914 - INFO - Start evaluating ...
2024-10-09 20:02:42,035 - INFO - Note that you select the single mode to evaluate!
2024-10-09 20:02:42,037 - INFO - Evaluate result is saved at ./libcity/cache/251221/evaluate_cache/2024_10_09_20_02_42_RNN_METR_LA.csv
2024-10-09 20:02:42,041 - INFO - 
         MAE      MAPE      RMSE
1   3.757185  0.102833  6.957452
2   3.737869  0.103504  7.063519
3   3.745479  0.104521  7.163586
4   3.761978  0.105551  7.253231
5   3.781167  0.106536  7.333460
6   3.804048  0.107531  7.408185
7   3.825120  0.108451  7.476610
8   3.846412  0.109351  7.541929
9   3.867657  0.110222  7.604035
10  3.888163  0.111058  7.663425
11  3.908295  0.111881  7.720448
12  3.928247  0.112725  7.775775
