2024-10-08 20:20:12,623 - INFO - Log directory: ./libcity/log
2024-10-08 20:20:12,623 - INFO - Begin pipeline, task=MTS_pred, model_name=ASTGCN, dataset_name=PEMSD4, exp_id=251222
2024-10-08 20:20:12,623 - INFO - {'task': 'MTS_pred', 'model': 'ASTGCN', 'dataset': 'PEMSD4', 'saved_model': True, 'exp_id': '251222', 'seed': 0, 'max_epoch': 100, 'dataset_class': 'StatePointDataset', 'executor': 'StateExecutor', 'evaluator': 'StateEvaluator', 'nb_block': 2, 'K': 3, 'nb_chev_filter': 64, 'nb_time_filter': 64, 'bidir_adj_mx': True, 'scaler': 'standard', 'load_external': False, 'normal_external': False, 'ext_scaler': 'none', 'add_time_in_day': False, 'add_day_in_week': False, 'train_rate': 0.6, 'eval_rate': 0.2, 'learner': 'adam', 'learning_rate': 0.0001, 'lr_decay': False, 'clip_grad_norm': False, 'use_early_stop': False, 'batch_size': 64, 'cache_dataset': True, 'num_workers': 0, 'pad_with_last_sample': True, 'input_window': 12, 'output_window': 12, 'robustness_test': False, 'noise_type': 'gaussian', 'disturb_rate': 0.5, 'noise_mean': [5], 'noise_SD': [10], 'gpu': True, 'gpu_id': 0, 'train_loss': 'none', 'epoch': 0, 'weight_decay': 0, 'lr_epsilon': 1e-08, 'lr_beta1': 0.9, 'lr_beta2': 0.999, 'lr_alpha': 0.99, 'lr_momentum': 0, 'lr_scheduler': 'multisteplr', 'lr_decay_ratio': 0.1, 'steps': [5, 20, 40, 70], 'step_size': 10, 'lr_T_max': 30, 'lr_eta_min': 0, 'lr_patience': 10, 'lr_threshold': 0.0001, 'max_grad_norm': 1.0, 'patience': 50, 'log_level': 'INFO', 'log_every': 1, 'load_best_epoch': True, 'hyper_tune': False, 'metrics': ['MAE', 'MAPE', 'RMSE'], 'evaluator_mode': 'single', 'save_mode': ['csv'], 'geo': {'including_types': ['Point'], 'Point': {}}, 'rel': {'including_types': ['geo'], 'geo': {'cost': 'num'}}, 'dyna': {'including_types': ['state'], 'state': {'entity_id': 'geo_id', 'traffic_flow': 'num', 'traffic_occupancy': 'num', 'traffic_speed': 'num'}}, 'data_col': ['traffic_flow', 'traffic_occupancy', 'traffic_speed'], 'weight_col': 'cost', 'data_files': ['PEMSD4'], 'geo_file': 'PEMSD4', 'rel_file': 'PEMSD4', 'output_dim': 3, 'time_intervals': 300, 'init_weight_inf_or_zero': 'zero', 'set_weight_link_or_dist': 'link', 'calculate_weight_adj': False, 'weight_adj_epsilon': 0.1, 'device': device(type='cuda', index=0)}
2024-10-08 20:20:13,254 - INFO - Loaded file PEMSD4_feature.csv, shape=(16992, 307, 1)
2024-10-08 20:20:13,976 - INFO - Dataset created
2024-10-08 20:20:13,976 - INFO - x shape: (16969, 12, 307, 1), y shape: (16969, 12, 307, 1)
2024-10-08 20:20:13,979 - INFO - train	x: (10181, 12, 307, 1), y: (10181, 12, 307, 1)
2024-10-08 20:20:13,979 - INFO - eval	x: (3394, 12, 307, 1), y: (3394, 12, 307, 1)
2024-10-08 20:20:13,979 - INFO - test	x: (3394, 12, 307, 1), y: (3394, 12, 307, 1)
2024-10-08 20:20:25,699 - INFO - Saved at ./libcity/cache/dataset_cache/point_based_PEMSD4_12_12_0.6_0.2_standard_64_False_False_False_True.npz
2024-10-08 20:20:25,828 - INFO - StandardScaler mean: 207.22733840505313, std: 156.47765518492758
2024-10-08 20:20:25,828 - INFO - NoneScaler
2024-10-08 20:20:27,039 - INFO - ASTGCN(
  (ASTGCN_submodule): ASTGCNSubmodule(
    (BlockList): ModuleList(
      (0): ASTGCNBlock(
        (TAt): TemporalAttentionLayer()
        (SAt): SpatialAttentionLayer()
        (cheb_conv_SAt): ChebConvWithSAt(
          (Theta): ParameterList(
              (0): Parameter containing: [torch.float32 of size 1x64 (cuda:0)]
              (1): Parameter containing: [torch.float32 of size 1x64 (cuda:0)]
              (2): Parameter containing: [torch.float32 of size 1x64 (cuda:0)]
          )
        )
        (time_conv): Conv2d(64, 64, kernel_size=(1, 3), stride=(1, 1), padding=(0, 1))
        (residual_conv): Conv2d(1, 64, kernel_size=(1, 1), stride=(1, 1))
        (ln): LayerNorm((64,), eps=1e-05, elementwise_affine=True)
      )
      (1): ASTGCNBlock(
        (TAt): TemporalAttentionLayer()
        (SAt): SpatialAttentionLayer()
        (cheb_conv_SAt): ChebConvWithSAt(
          (Theta): ParameterList(
              (0): Parameter containing: [torch.float32 of size 64x64 (cuda:0)]
              (1): Parameter containing: [torch.float32 of size 64x64 (cuda:0)]
              (2): Parameter containing: [torch.float32 of size 64x64 (cuda:0)]
          )
        )
        (time_conv): Conv2d(64, 64, kernel_size=(1, 3), stride=(1, 1), padding=(0, 1))
        (residual_conv): Conv2d(64, 64, kernel_size=(1, 1), stride=(1, 1))
        (ln): LayerNorm((64,), eps=1e-05, elementwise_affine=True)
      )
    )
    (final_conv): Conv2d(12, 12, kernel_size=(1, 62), stride=(1, 1))
  )
)
2024-10-08 20:20:27,040 - INFO - ASTGCN_submodule.BlockList.0.TAt.U1	torch.Size([307])	cuda:0	True
2024-10-08 20:20:27,040 - INFO - ASTGCN_submodule.BlockList.0.TAt.U2	torch.Size([1, 307])	cuda:0	True
2024-10-08 20:20:27,040 - INFO - ASTGCN_submodule.BlockList.0.TAt.U3	torch.Size([1])	cuda:0	True
2024-10-08 20:20:27,040 - INFO - ASTGCN_submodule.BlockList.0.TAt.be	torch.Size([1, 12, 12])	cuda:0	True
2024-10-08 20:20:27,040 - INFO - ASTGCN_submodule.BlockList.0.TAt.Ve	torch.Size([12, 12])	cuda:0	True
2024-10-08 20:20:27,040 - INFO - ASTGCN_submodule.BlockList.0.SAt.W1	torch.Size([12])	cuda:0	True
2024-10-08 20:20:27,040 - INFO - ASTGCN_submodule.BlockList.0.SAt.W2	torch.Size([1, 12])	cuda:0	True
2024-10-08 20:20:27,040 - INFO - ASTGCN_submodule.BlockList.0.SAt.W3	torch.Size([1])	cuda:0	True
2024-10-08 20:20:27,040 - INFO - ASTGCN_submodule.BlockList.0.SAt.bs	torch.Size([1, 307, 307])	cuda:0	True
2024-10-08 20:20:27,040 - INFO - ASTGCN_submodule.BlockList.0.SAt.Vs	torch.Size([307, 307])	cuda:0	True
2024-10-08 20:20:27,041 - INFO - ASTGCN_submodule.BlockList.0.cheb_conv_SAt.Theta.0	torch.Size([1, 64])	cuda:0	True
2024-10-08 20:20:27,041 - INFO - ASTGCN_submodule.BlockList.0.cheb_conv_SAt.Theta.1	torch.Size([1, 64])	cuda:0	True
2024-10-08 20:20:27,041 - INFO - ASTGCN_submodule.BlockList.0.cheb_conv_SAt.Theta.2	torch.Size([1, 64])	cuda:0	True
2024-10-08 20:20:27,041 - INFO - ASTGCN_submodule.BlockList.0.time_conv.weight	torch.Size([64, 64, 1, 3])	cuda:0	True
2024-10-08 20:20:27,041 - INFO - ASTGCN_submodule.BlockList.0.time_conv.bias	torch.Size([64])	cuda:0	True
2024-10-08 20:20:27,041 - INFO - ASTGCN_submodule.BlockList.0.residual_conv.weight	torch.Size([64, 1, 1, 1])	cuda:0	True
2024-10-08 20:20:27,041 - INFO - ASTGCN_submodule.BlockList.0.residual_conv.bias	torch.Size([64])	cuda:0	True
2024-10-08 20:20:27,041 - INFO - ASTGCN_submodule.BlockList.0.ln.weight	torch.Size([64])	cuda:0	True
2024-10-08 20:20:27,041 - INFO - ASTGCN_submodule.BlockList.0.ln.bias	torch.Size([64])	cuda:0	True
2024-10-08 20:20:27,041 - INFO - ASTGCN_submodule.BlockList.1.TAt.U1	torch.Size([307])	cuda:0	True
2024-10-08 20:20:27,041 - INFO - ASTGCN_submodule.BlockList.1.TAt.U2	torch.Size([64, 307])	cuda:0	True
2024-10-08 20:20:27,041 - INFO - ASTGCN_submodule.BlockList.1.TAt.U3	torch.Size([64])	cuda:0	True
2024-10-08 20:20:27,041 - INFO - ASTGCN_submodule.BlockList.1.TAt.be	torch.Size([1, 12, 12])	cuda:0	True
2024-10-08 20:20:27,041 - INFO - ASTGCN_submodule.BlockList.1.TAt.Ve	torch.Size([12, 12])	cuda:0	True
2024-10-08 20:20:27,041 - INFO - ASTGCN_submodule.BlockList.1.SAt.W1	torch.Size([12])	cuda:0	True
2024-10-08 20:20:27,041 - INFO - ASTGCN_submodule.BlockList.1.SAt.W2	torch.Size([64, 12])	cuda:0	True
2024-10-08 20:20:27,041 - INFO - ASTGCN_submodule.BlockList.1.SAt.W3	torch.Size([64])	cuda:0	True
2024-10-08 20:20:27,041 - INFO - ASTGCN_submodule.BlockList.1.SAt.bs	torch.Size([1, 307, 307])	cuda:0	True
2024-10-08 20:20:27,041 - INFO - ASTGCN_submodule.BlockList.1.SAt.Vs	torch.Size([307, 307])	cuda:0	True
2024-10-08 20:20:27,041 - INFO - ASTGCN_submodule.BlockList.1.cheb_conv_SAt.Theta.0	torch.Size([64, 64])	cuda:0	True
2024-10-08 20:20:27,041 - INFO - ASTGCN_submodule.BlockList.1.cheb_conv_SAt.Theta.1	torch.Size([64, 64])	cuda:0	True
2024-10-08 20:20:27,041 - INFO - ASTGCN_submodule.BlockList.1.cheb_conv_SAt.Theta.2	torch.Size([64, 64])	cuda:0	True
2024-10-08 20:20:27,041 - INFO - ASTGCN_submodule.BlockList.1.time_conv.weight	torch.Size([64, 64, 1, 3])	cuda:0	True
2024-10-08 20:20:27,041 - INFO - ASTGCN_submodule.BlockList.1.time_conv.bias	torch.Size([64])	cuda:0	True
2024-10-08 20:20:27,041 - INFO - ASTGCN_submodule.BlockList.1.residual_conv.weight	torch.Size([64, 64, 1, 1])	cuda:0	True
2024-10-08 20:20:27,041 - INFO - ASTGCN_submodule.BlockList.1.residual_conv.bias	torch.Size([64])	cuda:0	True
2024-10-08 20:20:27,042 - INFO - ASTGCN_submodule.BlockList.1.ln.weight	torch.Size([64])	cuda:0	True
2024-10-08 20:20:27,042 - INFO - ASTGCN_submodule.BlockList.1.ln.bias	torch.Size([64])	cuda:0	True
2024-10-08 20:20:27,042 - INFO - ASTGCN_submodule.final_conv.weight	torch.Size([12, 12, 1, 62])	cuda:0	True
2024-10-08 20:20:27,042 - INFO - ASTGCN_submodule.final_conv.bias	torch.Size([12])	cuda:0	True
2024-10-08 20:20:27,042 - INFO - Total parameter numbers: 449743
2024-10-08 20:20:27,042 - INFO - You select `adam` optimizer.
2024-10-08 20:20:27,483 - WARNING - Received none train loss func and will use the loss func defined in the model.
2024-10-08 20:20:27,483 - INFO - Start training ...
2024-10-08 20:20:27,483 - INFO - num_batches:160
2024-10-08 20:21:01,484 - INFO - epoch complete!
2024-10-08 20:21:01,485 - INFO - evaluating now!
2024-10-08 20:21:06,264 - INFO - Epoch [0/100] train_loss: 20554.1336, val_loss: 7526.2862, lr: 0.000100, 38.78s
2024-10-08 20:21:06,277 - INFO - Saved model at 0
2024-10-08 20:21:06,278 - INFO - Val loss decrease from inf to 7526.2862, saving to ./libcity/cache/251222/model_cache/ASTGCN_PEMSD4_epoch0.tar
2024-10-08 20:21:38,728 - INFO - epoch complete!
2024-10-08 20:21:38,728 - INFO - evaluating now!
2024-10-08 20:21:43,515 - INFO - Epoch [1/100] train_loss: 4128.7905, val_loss: 3807.1537, lr: 0.000100, 37.24s
2024-10-08 20:21:43,528 - INFO - Saved model at 1
2024-10-08 20:21:43,528 - INFO - Val loss decrease from 7526.2862 to 3807.1537, saving to ./libcity/cache/251222/model_cache/ASTGCN_PEMSD4_epoch1.tar
2024-10-08 20:22:14,750 - INFO - epoch complete!
2024-10-08 20:22:14,750 - INFO - evaluating now!
2024-10-08 20:22:19,137 - INFO - Epoch [2/100] train_loss: 3287.5124, val_loss: 3449.0689, lr: 0.000100, 35.61s
2024-10-08 20:22:19,150 - INFO - Saved model at 2
2024-10-08 20:22:19,151 - INFO - Val loss decrease from 3807.1537 to 3449.0689, saving to ./libcity/cache/251222/model_cache/ASTGCN_PEMSD4_epoch2.tar
2024-10-08 20:22:49,466 - INFO - epoch complete!
2024-10-08 20:22:49,466 - INFO - evaluating now!
2024-10-08 20:22:54,179 - INFO - Epoch [3/100] train_loss: 3012.3702, val_loss: 3196.4672, lr: 0.000100, 35.03s
2024-10-08 20:22:54,192 - INFO - Saved model at 3
2024-10-08 20:22:54,193 - INFO - Val loss decrease from 3449.0689 to 3196.4672, saving to ./libcity/cache/251222/model_cache/ASTGCN_PEMSD4_epoch3.tar
2024-10-08 20:23:26,768 - INFO - epoch complete!
2024-10-08 20:23:26,768 - INFO - evaluating now!
2024-10-08 20:23:31,562 - INFO - Epoch [4/100] train_loss: 2774.1931, val_loss: 2910.0535, lr: 0.000100, 37.37s
2024-10-08 20:23:31,576 - INFO - Saved model at 4
2024-10-08 20:23:31,576 - INFO - Val loss decrease from 3196.4672 to 2910.0535, saving to ./libcity/cache/251222/model_cache/ASTGCN_PEMSD4_epoch4.tar
2024-10-08 20:24:04,781 - INFO - epoch complete!
2024-10-08 20:24:04,781 - INFO - evaluating now!
2024-10-08 20:24:09,573 - INFO - Epoch [5/100] train_loss: 2568.3203, val_loss: 2692.9115, lr: 0.000100, 38.00s
2024-10-08 20:24:09,588 - INFO - Saved model at 5
2024-10-08 20:24:09,588 - INFO - Val loss decrease from 2910.0535 to 2692.9115, saving to ./libcity/cache/251222/model_cache/ASTGCN_PEMSD4_epoch5.tar
2024-10-08 20:24:44,972 - INFO - epoch complete!
2024-10-08 20:24:44,972 - INFO - evaluating now!
2024-10-08 20:24:49,869 - INFO - Epoch [6/100] train_loss: 2376.2738, val_loss: 2495.3311, lr: 0.000100, 40.28s
2024-10-08 20:24:49,887 - INFO - Saved model at 6
2024-10-08 20:24:49,887 - INFO - Val loss decrease from 2692.9115 to 2495.3311, saving to ./libcity/cache/251222/model_cache/ASTGCN_PEMSD4_epoch6.tar
2024-10-08 20:25:25,913 - INFO - epoch complete!
2024-10-08 20:25:25,913 - INFO - evaluating now!
2024-10-08 20:25:30,919 - INFO - Epoch [7/100] train_loss: 2197.5955, val_loss: 2308.4398, lr: 0.000100, 41.03s
2024-10-08 20:25:30,933 - INFO - Saved model at 7
2024-10-08 20:25:30,934 - INFO - Val loss decrease from 2495.3311 to 2308.4398, saving to ./libcity/cache/251222/model_cache/ASTGCN_PEMSD4_epoch7.tar
2024-10-08 20:26:06,549 - INFO - epoch complete!
2024-10-08 20:26:06,549 - INFO - evaluating now!
2024-10-08 20:26:11,896 - INFO - Epoch [8/100] train_loss: 2034.4808, val_loss: 2147.5346, lr: 0.000100, 40.96s
2024-10-08 20:26:11,911 - INFO - Saved model at 8
2024-10-08 20:26:11,911 - INFO - Val loss decrease from 2308.4398 to 2147.5346, saving to ./libcity/cache/251222/model_cache/ASTGCN_PEMSD4_epoch8.tar
2024-10-08 20:26:48,007 - INFO - epoch complete!
2024-10-08 20:26:48,008 - INFO - evaluating now!
2024-10-08 20:26:52,186 - INFO - Epoch [9/100] train_loss: 1891.6310, val_loss: 1994.9520, lr: 0.000100, 40.27s
2024-10-08 20:26:52,199 - INFO - Saved model at 9
2024-10-08 20:26:52,199 - INFO - Val loss decrease from 2147.5346 to 1994.9520, saving to ./libcity/cache/251222/model_cache/ASTGCN_PEMSD4_epoch9.tar
2024-10-08 20:27:22,384 - INFO - epoch complete!
2024-10-08 20:27:22,384 - INFO - evaluating now!
2024-10-08 20:27:26,689 - INFO - Epoch [10/100] train_loss: 1781.4563, val_loss: 1893.0932, lr: 0.000100, 34.49s
2024-10-08 20:27:26,703 - INFO - Saved model at 10
2024-10-08 20:27:26,703 - INFO - Val loss decrease from 1994.9520 to 1893.0932, saving to ./libcity/cache/251222/model_cache/ASTGCN_PEMSD4_epoch10.tar
2024-10-08 20:28:02,610 - INFO - epoch complete!
2024-10-08 20:28:02,610 - INFO - evaluating now!
2024-10-08 20:28:10,638 - INFO - Epoch [11/100] train_loss: 1704.2098, val_loss: 1822.2817, lr: 0.000100, 43.94s
2024-10-08 20:28:10,652 - INFO - Saved model at 11
2024-10-08 20:28:10,652 - INFO - Val loss decrease from 1893.0932 to 1822.2817, saving to ./libcity/cache/251222/model_cache/ASTGCN_PEMSD4_epoch11.tar
2024-10-08 20:29:01,114 - INFO - epoch complete!
2024-10-08 20:29:01,114 - INFO - evaluating now!
2024-10-08 20:29:09,124 - INFO - Epoch [12/100] train_loss: 1651.3205, val_loss: 1770.8166, lr: 0.000100, 58.47s
2024-10-08 20:29:09,137 - INFO - Saved model at 12
2024-10-08 20:29:09,138 - INFO - Val loss decrease from 1822.2817 to 1770.8166, saving to ./libcity/cache/251222/model_cache/ASTGCN_PEMSD4_epoch12.tar
2024-10-08 20:30:00,312 - INFO - epoch complete!
2024-10-08 20:30:00,313 - INFO - evaluating now!
2024-10-08 20:30:08,308 - INFO - Epoch [13/100] train_loss: 1610.5357, val_loss: 1733.5008, lr: 0.000100, 59.17s
2024-10-08 20:30:08,323 - INFO - Saved model at 13
2024-10-08 20:30:08,324 - INFO - Val loss decrease from 1770.8166 to 1733.5008, saving to ./libcity/cache/251222/model_cache/ASTGCN_PEMSD4_epoch13.tar
2024-10-08 20:30:59,525 - INFO - epoch complete!
2024-10-08 20:30:59,525 - INFO - evaluating now!
2024-10-08 20:31:07,573 - INFO - Epoch [14/100] train_loss: 1579.2344, val_loss: 1698.7079, lr: 0.000100, 59.25s
2024-10-08 20:31:07,587 - INFO - Saved model at 14
2024-10-08 20:31:07,587 - INFO - Val loss decrease from 1733.5008 to 1698.7079, saving to ./libcity/cache/251222/model_cache/ASTGCN_PEMSD4_epoch14.tar
2024-10-08 20:31:58,107 - INFO - epoch complete!
2024-10-08 20:31:58,107 - INFO - evaluating now!
2024-10-08 20:32:06,136 - INFO - Epoch [15/100] train_loss: 1554.5831, val_loss: 1678.8333, lr: 0.000100, 58.55s
2024-10-08 20:32:06,150 - INFO - Saved model at 15
2024-10-08 20:32:06,150 - INFO - Val loss decrease from 1698.7079 to 1678.8333, saving to ./libcity/cache/251222/model_cache/ASTGCN_PEMSD4_epoch15.tar
2024-10-08 20:33:02,281 - INFO - epoch complete!
2024-10-08 20:33:02,282 - INFO - evaluating now!
2024-10-08 20:33:11,047 - INFO - Epoch [16/100] train_loss: 1529.8172, val_loss: 1647.7285, lr: 0.000100, 64.90s
2024-10-08 20:33:11,061 - INFO - Saved model at 16
2024-10-08 20:33:11,061 - INFO - Val loss decrease from 1678.8333 to 1647.7285, saving to ./libcity/cache/251222/model_cache/ASTGCN_PEMSD4_epoch16.tar
2024-10-08 20:34:05,583 - INFO - epoch complete!
2024-10-08 20:34:05,583 - INFO - evaluating now!
2024-10-08 20:34:12,886 - INFO - Epoch [17/100] train_loss: 1509.1228, val_loss: 1627.4875, lr: 0.000100, 61.82s
2024-10-08 20:34:12,899 - INFO - Saved model at 17
2024-10-08 20:34:12,899 - INFO - Val loss decrease from 1647.7285 to 1627.4875, saving to ./libcity/cache/251222/model_cache/ASTGCN_PEMSD4_epoch17.tar
2024-10-08 20:35:00,584 - INFO - epoch complete!
2024-10-08 20:35:00,584 - INFO - evaluating now!
2024-10-08 20:35:08,787 - INFO - Epoch [18/100] train_loss: 1488.8457, val_loss: 1605.9316, lr: 0.000100, 55.89s
2024-10-08 20:35:08,801 - INFO - Saved model at 18
2024-10-08 20:35:08,801 - INFO - Val loss decrease from 1627.4875 to 1605.9316, saving to ./libcity/cache/251222/model_cache/ASTGCN_PEMSD4_epoch18.tar
2024-10-08 20:36:03,808 - INFO - epoch complete!
2024-10-08 20:36:03,808 - INFO - evaluating now!
2024-10-08 20:36:12,665 - INFO - Epoch [19/100] train_loss: 1469.8220, val_loss: 1586.9713, lr: 0.000100, 63.86s
2024-10-08 20:36:12,679 - INFO - Saved model at 19
2024-10-08 20:36:12,679 - INFO - Val loss decrease from 1605.9316 to 1586.9713, saving to ./libcity/cache/251222/model_cache/ASTGCN_PEMSD4_epoch19.tar
2024-10-08 20:37:08,665 - INFO - epoch complete!
2024-10-08 20:37:08,666 - INFO - evaluating now!
2024-10-08 20:37:17,183 - INFO - Epoch [20/100] train_loss: 1451.9060, val_loss: 1569.8635, lr: 0.000100, 64.50s
2024-10-08 20:37:17,198 - INFO - Saved model at 20
2024-10-08 20:37:17,198 - INFO - Val loss decrease from 1586.9713 to 1569.8635, saving to ./libcity/cache/251222/model_cache/ASTGCN_PEMSD4_epoch20.tar
2024-10-08 20:38:13,558 - INFO - epoch complete!
2024-10-08 20:38:13,559 - INFO - evaluating now!
2024-10-08 20:38:22,473 - INFO - Epoch [21/100] train_loss: 1437.2733, val_loss: 1552.4486, lr: 0.000100, 65.27s
2024-10-08 20:38:22,488 - INFO - Saved model at 21
2024-10-08 20:38:22,488 - INFO - Val loss decrease from 1569.8635 to 1552.4486, saving to ./libcity/cache/251222/model_cache/ASTGCN_PEMSD4_epoch21.tar
2024-10-08 20:39:18,814 - INFO - epoch complete!
2024-10-08 20:39:18,814 - INFO - evaluating now!
2024-10-08 20:39:27,697 - INFO - Epoch [22/100] train_loss: 1421.4774, val_loss: 1536.5506, lr: 0.000100, 65.21s
2024-10-08 20:39:27,710 - INFO - Saved model at 22
2024-10-08 20:39:27,711 - INFO - Val loss decrease from 1552.4486 to 1536.5506, saving to ./libcity/cache/251222/model_cache/ASTGCN_PEMSD4_epoch22.tar
2024-10-08 20:40:23,373 - INFO - epoch complete!
2024-10-08 20:40:23,373 - INFO - evaluating now!
2024-10-08 20:40:32,232 - INFO - Epoch [23/100] train_loss: 1406.8184, val_loss: 1526.8659, lr: 0.000100, 64.52s
2024-10-08 20:40:32,246 - INFO - Saved model at 23
2024-10-08 20:40:32,246 - INFO - Val loss decrease from 1536.5506 to 1526.8659, saving to ./libcity/cache/251222/model_cache/ASTGCN_PEMSD4_epoch23.tar
2024-10-08 20:41:28,690 - INFO - epoch complete!
2024-10-08 20:41:28,690 - INFO - evaluating now!
2024-10-08 20:41:37,596 - INFO - Epoch [24/100] train_loss: 1393.2038, val_loss: 1511.0354, lr: 0.000100, 65.35s
2024-10-08 20:41:37,609 - INFO - Saved model at 24
2024-10-08 20:41:37,610 - INFO - Val loss decrease from 1526.8659 to 1511.0354, saving to ./libcity/cache/251222/model_cache/ASTGCN_PEMSD4_epoch24.tar
2024-10-08 20:42:32,944 - INFO - epoch complete!
2024-10-08 20:42:32,944 - INFO - evaluating now!
2024-10-08 20:42:41,268 - INFO - Epoch [25/100] train_loss: 1381.4728, val_loss: 1499.3737, lr: 0.000100, 63.66s
2024-10-08 20:42:41,282 - INFO - Saved model at 25
2024-10-08 20:42:41,282 - INFO - Val loss decrease from 1511.0354 to 1499.3737, saving to ./libcity/cache/251222/model_cache/ASTGCN_PEMSD4_epoch25.tar
2024-10-08 20:43:33,732 - INFO - epoch complete!
2024-10-08 20:43:33,732 - INFO - evaluating now!
2024-10-08 20:43:41,992 - INFO - Epoch [26/100] train_loss: 1369.5313, val_loss: 1492.1470, lr: 0.000100, 60.71s
2024-10-08 20:43:42,005 - INFO - Saved model at 26
2024-10-08 20:43:42,005 - INFO - Val loss decrease from 1499.3737 to 1492.1470, saving to ./libcity/cache/251222/model_cache/ASTGCN_PEMSD4_epoch26.tar
2024-10-08 20:44:37,550 - INFO - epoch complete!
2024-10-08 20:44:37,551 - INFO - evaluating now!
2024-10-08 20:44:46,464 - INFO - Epoch [27/100] train_loss: 1359.8757, val_loss: 1487.9659, lr: 0.000100, 64.46s
2024-10-08 20:44:46,477 - INFO - Saved model at 27
2024-10-08 20:44:46,477 - INFO - Val loss decrease from 1492.1470 to 1487.9659, saving to ./libcity/cache/251222/model_cache/ASTGCN_PEMSD4_epoch27.tar
2024-10-08 20:45:42,894 - INFO - epoch complete!
2024-10-08 20:45:42,894 - INFO - evaluating now!
2024-10-08 20:45:51,460 - INFO - Epoch [28/100] train_loss: 1349.0727, val_loss: 1472.8710, lr: 0.000100, 64.98s
2024-10-08 20:45:51,474 - INFO - Saved model at 28
2024-10-08 20:45:51,474 - INFO - Val loss decrease from 1487.9659 to 1472.8710, saving to ./libcity/cache/251222/model_cache/ASTGCN_PEMSD4_epoch28.tar
2024-10-08 20:46:47,522 - INFO - epoch complete!
2024-10-08 20:46:47,522 - INFO - evaluating now!
2024-10-08 20:46:56,371 - INFO - Epoch [29/100] train_loss: 1339.4951, val_loss: 1470.6394, lr: 0.000100, 64.90s
2024-10-08 20:46:56,384 - INFO - Saved model at 29
2024-10-08 20:46:56,384 - INFO - Val loss decrease from 1472.8710 to 1470.6394, saving to ./libcity/cache/251222/model_cache/ASTGCN_PEMSD4_epoch29.tar
2024-10-08 20:47:52,803 - INFO - epoch complete!
2024-10-08 20:47:52,804 - INFO - evaluating now!
2024-10-08 20:48:01,694 - INFO - Epoch [30/100] train_loss: 1330.2639, val_loss: 1452.8065, lr: 0.000100, 65.31s
2024-10-08 20:48:01,708 - INFO - Saved model at 30
2024-10-08 20:48:01,708 - INFO - Val loss decrease from 1470.6394 to 1452.8065, saving to ./libcity/cache/251222/model_cache/ASTGCN_PEMSD4_epoch30.tar
2024-10-08 20:48:57,618 - INFO - epoch complete!
2024-10-08 20:48:57,618 - INFO - evaluating now!
2024-10-08 20:49:06,348 - INFO - Epoch [31/100] train_loss: 1321.2762, val_loss: 1444.6024, lr: 0.000100, 64.64s
2024-10-08 20:49:06,361 - INFO - Saved model at 31
2024-10-08 20:49:06,361 - INFO - Val loss decrease from 1452.8065 to 1444.6024, saving to ./libcity/cache/251222/model_cache/ASTGCN_PEMSD4_epoch31.tar
2024-10-08 20:49:59,585 - INFO - epoch complete!
2024-10-08 20:49:59,586 - INFO - evaluating now!
2024-10-08 20:50:07,572 - INFO - Epoch [32/100] train_loss: 1314.2243, val_loss: 1439.1837, lr: 0.000100, 61.21s
2024-10-08 20:50:07,586 - INFO - Saved model at 32
2024-10-08 20:50:07,586 - INFO - Val loss decrease from 1444.6024 to 1439.1837, saving to ./libcity/cache/251222/model_cache/ASTGCN_PEMSD4_epoch32.tar
2024-10-08 20:50:57,311 - INFO - epoch complete!
2024-10-08 20:50:57,311 - INFO - evaluating now!
2024-10-08 20:51:04,813 - INFO - Epoch [33/100] train_loss: 1306.1647, val_loss: 1429.1406, lr: 0.000100, 57.23s
2024-10-08 20:51:04,826 - INFO - Saved model at 33
2024-10-08 20:51:04,826 - INFO - Val loss decrease from 1439.1837 to 1429.1406, saving to ./libcity/cache/251222/model_cache/ASTGCN_PEMSD4_epoch33.tar
2024-10-08 20:51:52,446 - INFO - epoch complete!
2024-10-08 20:51:52,446 - INFO - evaluating now!
2024-10-08 20:51:59,985 - INFO - Epoch [34/100] train_loss: 1298.6434, val_loss: 1421.8533, lr: 0.000100, 55.16s
2024-10-08 20:51:59,998 - INFO - Saved model at 34
2024-10-08 20:51:59,998 - INFO - Val loss decrease from 1429.1406 to 1421.8533, saving to ./libcity/cache/251222/model_cache/ASTGCN_PEMSD4_epoch34.tar
2024-10-08 20:52:50,894 - INFO - epoch complete!
2024-10-08 20:52:50,894 - INFO - evaluating now!
2024-10-08 20:52:58,888 - INFO - Epoch [35/100] train_loss: 1291.3435, val_loss: 1417.6739, lr: 0.000100, 58.89s
2024-10-08 20:52:58,901 - INFO - Saved model at 35
2024-10-08 20:52:58,901 - INFO - Val loss decrease from 1421.8533 to 1417.6739, saving to ./libcity/cache/251222/model_cache/ASTGCN_PEMSD4_epoch35.tar
2024-10-08 20:53:50,115 - INFO - epoch complete!
2024-10-08 20:53:50,115 - INFO - evaluating now!
2024-10-08 20:53:58,110 - INFO - Epoch [36/100] train_loss: 1285.3899, val_loss: 1414.7092, lr: 0.000100, 59.21s
2024-10-08 20:53:58,124 - INFO - Saved model at 36
2024-10-08 20:53:58,124 - INFO - Val loss decrease from 1417.6739 to 1414.7092, saving to ./libcity/cache/251222/model_cache/ASTGCN_PEMSD4_epoch36.tar
2024-10-08 20:54:48,725 - INFO - epoch complete!
2024-10-08 20:54:48,725 - INFO - evaluating now!
2024-10-08 20:54:54,067 - INFO - Epoch [37/100] train_loss: 1280.3091, val_loss: 1406.5494, lr: 0.000100, 55.94s
2024-10-08 20:54:54,080 - INFO - Saved model at 37
2024-10-08 20:54:54,080 - INFO - Val loss decrease from 1414.7092 to 1406.5494, saving to ./libcity/cache/251222/model_cache/ASTGCN_PEMSD4_epoch37.tar
2024-10-08 20:55:27,278 - INFO - epoch complete!
2024-10-08 20:55:27,278 - INFO - evaluating now!
2024-10-08 20:55:32,049 - INFO - Epoch [38/100] train_loss: 1273.0275, val_loss: 1404.0325, lr: 0.000100, 37.97s
2024-10-08 20:55:32,065 - INFO - Saved model at 38
2024-10-08 20:55:32,065 - INFO - Val loss decrease from 1406.5494 to 1404.0325, saving to ./libcity/cache/251222/model_cache/ASTGCN_PEMSD4_epoch38.tar
2024-10-08 20:56:05,253 - INFO - epoch complete!
2024-10-08 20:56:05,253 - INFO - evaluating now!
2024-10-08 20:56:09,766 - INFO - Epoch [39/100] train_loss: 1268.1547, val_loss: 1397.1177, lr: 0.000100, 37.70s
2024-10-08 20:56:09,780 - INFO - Saved model at 39
2024-10-08 20:56:09,780 - INFO - Val loss decrease from 1404.0325 to 1397.1177, saving to ./libcity/cache/251222/model_cache/ASTGCN_PEMSD4_epoch39.tar
2024-10-08 20:56:42,779 - INFO - epoch complete!
2024-10-08 20:56:42,780 - INFO - evaluating now!
2024-10-08 20:56:47,557 - INFO - Epoch [40/100] train_loss: 1265.0669, val_loss: 1396.1981, lr: 0.000100, 37.78s
2024-10-08 20:56:47,570 - INFO - Saved model at 40
2024-10-08 20:56:47,570 - INFO - Val loss decrease from 1397.1177 to 1396.1981, saving to ./libcity/cache/251222/model_cache/ASTGCN_PEMSD4_epoch40.tar
2024-10-08 20:57:18,632 - INFO - epoch complete!
2024-10-08 20:57:18,632 - INFO - evaluating now!
2024-10-08 20:57:22,926 - INFO - Epoch [41/100] train_loss: 1258.3496, val_loss: 1384.2619, lr: 0.000100, 35.36s
2024-10-08 20:57:22,938 - INFO - Saved model at 41
2024-10-08 20:57:22,939 - INFO - Val loss decrease from 1396.1981 to 1384.2619, saving to ./libcity/cache/251222/model_cache/ASTGCN_PEMSD4_epoch41.tar
2024-10-08 20:57:52,830 - INFO - epoch complete!
2024-10-08 20:57:52,831 - INFO - evaluating now!
2024-10-08 20:57:57,563 - INFO - Epoch [42/100] train_loss: 1252.5217, val_loss: 1382.4101, lr: 0.000100, 34.62s
2024-10-08 20:57:57,577 - INFO - Saved model at 42
2024-10-08 20:57:57,577 - INFO - Val loss decrease from 1384.2619 to 1382.4101, saving to ./libcity/cache/251222/model_cache/ASTGCN_PEMSD4_epoch42.tar
2024-10-08 20:58:30,868 - INFO - epoch complete!
2024-10-08 20:58:30,868 - INFO - evaluating now!
2024-10-08 20:58:35,665 - INFO - Epoch [43/100] train_loss: 1247.5484, val_loss: 1377.3950, lr: 0.000100, 38.09s
2024-10-08 20:58:35,679 - INFO - Saved model at 43
2024-10-08 20:58:35,679 - INFO - Val loss decrease from 1382.4101 to 1377.3950, saving to ./libcity/cache/251222/model_cache/ASTGCN_PEMSD4_epoch43.tar
2024-10-08 20:59:08,972 - INFO - epoch complete!
2024-10-08 20:59:08,972 - INFO - evaluating now!
2024-10-08 20:59:13,768 - INFO - Epoch [44/100] train_loss: 1241.8336, val_loss: 1373.4849, lr: 0.000100, 38.09s
2024-10-08 20:59:13,781 - INFO - Saved model at 44
2024-10-08 20:59:13,781 - INFO - Val loss decrease from 1377.3950 to 1373.4849, saving to ./libcity/cache/251222/model_cache/ASTGCN_PEMSD4_epoch44.tar
2024-10-08 20:59:46,458 - INFO - epoch complete!
2024-10-08 20:59:46,459 - INFO - evaluating now!
2024-10-08 20:59:51,274 - INFO - Epoch [45/100] train_loss: 1238.1445, val_loss: 1372.4867, lr: 0.000100, 37.49s
2024-10-08 20:59:51,287 - INFO - Saved model at 45
2024-10-08 20:59:51,287 - INFO - Val loss decrease from 1373.4849 to 1372.4867, saving to ./libcity/cache/251222/model_cache/ASTGCN_PEMSD4_epoch45.tar
2024-10-08 21:00:24,538 - INFO - epoch complete!
2024-10-08 21:00:24,538 - INFO - evaluating now!
2024-10-08 21:00:29,363 - INFO - Epoch [46/100] train_loss: 1233.3385, val_loss: 1370.6633, lr: 0.000100, 38.08s
2024-10-08 21:00:29,376 - INFO - Saved model at 46
2024-10-08 21:00:29,377 - INFO - Val loss decrease from 1372.4867 to 1370.6633, saving to ./libcity/cache/251222/model_cache/ASTGCN_PEMSD4_epoch46.tar
2024-10-08 21:01:02,653 - INFO - epoch complete!
2024-10-08 21:01:02,653 - INFO - evaluating now!
2024-10-08 21:01:07,473 - INFO - Epoch [47/100] train_loss: 1229.2932, val_loss: 1357.4135, lr: 0.000100, 38.10s
2024-10-08 21:01:07,486 - INFO - Saved model at 47
2024-10-08 21:01:07,486 - INFO - Val loss decrease from 1370.6633 to 1357.4135, saving to ./libcity/cache/251222/model_cache/ASTGCN_PEMSD4_epoch47.tar
2024-10-08 21:01:40,154 - INFO - epoch complete!
2024-10-08 21:01:40,154 - INFO - evaluating now!
2024-10-08 21:01:44,824 - INFO - Epoch [48/100] train_loss: 1224.4873, val_loss: 1358.3807, lr: 0.000100, 37.34s
2024-10-08 21:02:15,186 - INFO - epoch complete!
2024-10-08 21:02:15,186 - INFO - evaluating now!
2024-10-08 21:02:19,483 - INFO - Epoch [49/100] train_loss: 1220.8548, val_loss: 1353.4593, lr: 0.000100, 34.66s
2024-10-08 21:02:19,497 - INFO - Saved model at 49
2024-10-08 21:02:19,497 - INFO - Val loss decrease from 1357.4135 to 1353.4593, saving to ./libcity/cache/251222/model_cache/ASTGCN_PEMSD4_epoch49.tar
2024-10-08 21:02:50,740 - INFO - epoch complete!
2024-10-08 21:02:50,740 - INFO - evaluating now!
2024-10-08 21:02:55,407 - INFO - Epoch [50/100] train_loss: 1216.6169, val_loss: 1349.9378, lr: 0.000100, 35.91s
2024-10-08 21:02:55,420 - INFO - Saved model at 50
2024-10-08 21:02:55,420 - INFO - Val loss decrease from 1353.4593 to 1349.9378, saving to ./libcity/cache/251222/model_cache/ASTGCN_PEMSD4_epoch50.tar
2024-10-08 21:03:28,296 - INFO - epoch complete!
2024-10-08 21:03:28,296 - INFO - evaluating now!
2024-10-08 21:03:33,124 - INFO - Epoch [51/100] train_loss: 1214.4470, val_loss: 1348.5837, lr: 0.000100, 37.70s
2024-10-08 21:03:33,137 - INFO - Saved model at 51
2024-10-08 21:03:33,137 - INFO - Val loss decrease from 1349.9378 to 1348.5837, saving to ./libcity/cache/251222/model_cache/ASTGCN_PEMSD4_epoch51.tar
2024-10-08 21:04:06,436 - INFO - epoch complete!
2024-10-08 21:04:06,436 - INFO - evaluating now!
2024-10-08 21:04:11,212 - INFO - Epoch [52/100] train_loss: 1209.7502, val_loss: 1348.0425, lr: 0.000100, 38.07s
2024-10-08 21:04:11,225 - INFO - Saved model at 52
2024-10-08 21:04:11,225 - INFO - Val loss decrease from 1348.5837 to 1348.0425, saving to ./libcity/cache/251222/model_cache/ASTGCN_PEMSD4_epoch52.tar
2024-10-08 21:04:44,163 - INFO - epoch complete!
2024-10-08 21:04:44,163 - INFO - evaluating now!
2024-10-08 21:04:48,689 - INFO - Epoch [53/100] train_loss: 1205.8122, val_loss: 1348.0497, lr: 0.000100, 37.46s
2024-10-08 21:05:22,029 - INFO - epoch complete!
2024-10-08 21:05:22,029 - INFO - evaluating now!
2024-10-08 21:05:26,849 - INFO - Epoch [54/100] train_loss: 1202.2382, val_loss: 1341.6286, lr: 0.000100, 38.16s
2024-10-08 21:05:26,862 - INFO - Saved model at 54
2024-10-08 21:05:26,862 - INFO - Val loss decrease from 1348.0425 to 1341.6286, saving to ./libcity/cache/251222/model_cache/ASTGCN_PEMSD4_epoch54.tar
2024-10-08 21:06:00,190 - INFO - epoch complete!
2024-10-08 21:06:00,190 - INFO - evaluating now!
2024-10-08 21:06:04,999 - INFO - Epoch [55/100] train_loss: 1197.3794, val_loss: 1338.1314, lr: 0.000100, 38.14s
2024-10-08 21:06:05,012 - INFO - Saved model at 55
2024-10-08 21:06:05,013 - INFO - Val loss decrease from 1341.6286 to 1338.1314, saving to ./libcity/cache/251222/model_cache/ASTGCN_PEMSD4_epoch55.tar
2024-10-08 21:06:37,086 - INFO - epoch complete!
2024-10-08 21:06:37,086 - INFO - evaluating now!
2024-10-08 21:06:41,383 - INFO - Epoch [56/100] train_loss: 1195.4701, val_loss: 1348.9626, lr: 0.000100, 36.37s
2024-10-08 21:07:11,614 - INFO - epoch complete!
2024-10-08 21:07:11,614 - INFO - evaluating now!
2024-10-08 21:07:15,857 - INFO - Epoch [57/100] train_loss: 1193.5138, val_loss: 1332.0518, lr: 0.000100, 34.47s
2024-10-08 21:07:15,870 - INFO - Saved model at 57
2024-10-08 21:07:15,870 - INFO - Val loss decrease from 1338.1314 to 1332.0518, saving to ./libcity/cache/251222/model_cache/ASTGCN_PEMSD4_epoch57.tar
2024-10-08 21:07:48,282 - INFO - epoch complete!
2024-10-08 21:07:48,283 - INFO - evaluating now!
2024-10-08 21:07:53,101 - INFO - Epoch [58/100] train_loss: 1187.2554, val_loss: 1327.0943, lr: 0.000100, 37.23s
2024-10-08 21:07:53,115 - INFO - Saved model at 58
2024-10-08 21:07:53,115 - INFO - Val loss decrease from 1332.0518 to 1327.0943, saving to ./libcity/cache/251222/model_cache/ASTGCN_PEMSD4_epoch58.tar
2024-10-08 21:08:25,820 - INFO - epoch complete!
2024-10-08 21:08:25,820 - INFO - evaluating now!
2024-10-08 21:08:30,635 - INFO - Epoch [59/100] train_loss: 1185.3165, val_loss: 1337.0032, lr: 0.000100, 37.52s
2024-10-08 21:09:03,954 - INFO - epoch complete!
2024-10-08 21:09:03,954 - INFO - evaluating now!
2024-10-08 21:09:08,763 - INFO - Epoch [60/100] train_loss: 1182.5667, val_loss: 1329.8083, lr: 0.000100, 38.13s
2024-10-08 21:09:42,122 - INFO - epoch complete!
2024-10-08 21:09:42,122 - INFO - evaluating now!
2024-10-08 21:09:46,925 - INFO - Epoch [61/100] train_loss: 1178.2540, val_loss: 1318.3365, lr: 0.000100, 38.16s
2024-10-08 21:09:46,938 - INFO - Saved model at 61
2024-10-08 21:09:46,938 - INFO - Val loss decrease from 1327.0943 to 1318.3365, saving to ./libcity/cache/251222/model_cache/ASTGCN_PEMSD4_epoch61.tar
2024-10-08 21:10:19,738 - INFO - epoch complete!
2024-10-08 21:10:19,738 - INFO - evaluating now!
2024-10-08 21:10:24,531 - INFO - Epoch [62/100] train_loss: 1176.0062, val_loss: 1324.1601, lr: 0.000100, 37.59s
2024-10-08 21:10:57,760 - INFO - epoch complete!
2024-10-08 21:10:57,761 - INFO - evaluating now!
2024-10-08 21:11:02,564 - INFO - Epoch [63/100] train_loss: 1173.2610, val_loss: 1317.5190, lr: 0.000100, 38.03s
2024-10-08 21:11:02,577 - INFO - Saved model at 63
2024-10-08 21:11:02,577 - INFO - Val loss decrease from 1318.3365 to 1317.5190, saving to ./libcity/cache/251222/model_cache/ASTGCN_PEMSD4_epoch63.tar
2024-10-08 21:11:33,585 - INFO - epoch complete!
2024-10-08 21:11:33,585 - INFO - evaluating now!
2024-10-08 21:11:37,602 - INFO - Epoch [64/100] train_loss: 1172.0352, val_loss: 1317.4057, lr: 0.000100, 35.02s
2024-10-08 21:11:37,615 - INFO - Saved model at 64
2024-10-08 21:11:37,615 - INFO - Val loss decrease from 1317.5190 to 1317.4057, saving to ./libcity/cache/251222/model_cache/ASTGCN_PEMSD4_epoch64.tar
2024-10-08 21:12:07,501 - INFO - epoch complete!
2024-10-08 21:12:07,501 - INFO - evaluating now!
2024-10-08 21:12:12,297 - INFO - Epoch [65/100] train_loss: 1166.9561, val_loss: 1318.0770, lr: 0.000100, 34.68s
2024-10-08 21:12:45,548 - INFO - epoch complete!
2024-10-08 21:12:45,549 - INFO - evaluating now!
2024-10-08 21:12:50,367 - INFO - Epoch [66/100] train_loss: 1164.0798, val_loss: 1309.6162, lr: 0.000100, 38.07s
2024-10-08 21:12:50,380 - INFO - Saved model at 66
2024-10-08 21:12:50,380 - INFO - Val loss decrease from 1317.4057 to 1309.6162, saving to ./libcity/cache/251222/model_cache/ASTGCN_PEMSD4_epoch66.tar
2024-10-08 21:13:23,282 - INFO - epoch complete!
2024-10-08 21:13:23,283 - INFO - evaluating now!
2024-10-08 21:13:27,917 - INFO - Epoch [67/100] train_loss: 1160.9809, val_loss: 1308.2503, lr: 0.000100, 37.54s
2024-10-08 21:13:27,931 - INFO - Saved model at 67
2024-10-08 21:13:27,931 - INFO - Val loss decrease from 1309.6162 to 1308.2503, saving to ./libcity/cache/251222/model_cache/ASTGCN_PEMSD4_epoch67.tar
2024-10-08 21:14:01,189 - INFO - epoch complete!
2024-10-08 21:14:01,189 - INFO - evaluating now!
2024-10-08 21:14:06,019 - INFO - Epoch [68/100] train_loss: 1159.7107, val_loss: 1304.5656, lr: 0.000100, 38.09s
2024-10-08 21:14:06,033 - INFO - Saved model at 68
2024-10-08 21:14:06,033 - INFO - Val loss decrease from 1308.2503 to 1304.5656, saving to ./libcity/cache/251222/model_cache/ASTGCN_PEMSD4_epoch68.tar
2024-10-08 21:14:39,262 - INFO - epoch complete!
2024-10-08 21:14:39,262 - INFO - evaluating now!
2024-10-08 21:14:44,040 - INFO - Epoch [69/100] train_loss: 1155.8366, val_loss: 1315.6234, lr: 0.000100, 38.01s
2024-10-08 21:15:16,703 - INFO - epoch complete!
2024-10-08 21:15:16,703 - INFO - evaluating now!
2024-10-08 21:15:21,481 - INFO - Epoch [70/100] train_loss: 1153.5028, val_loss: 1302.1451, lr: 0.000100, 37.44s
2024-10-08 21:15:21,494 - INFO - Saved model at 70
2024-10-08 21:15:21,494 - INFO - Val loss decrease from 1304.5656 to 1302.1451, saving to ./libcity/cache/251222/model_cache/ASTGCN_PEMSD4_epoch70.tar
2024-10-08 21:15:54,752 - INFO - epoch complete!
2024-10-08 21:15:54,752 - INFO - evaluating now!
2024-10-08 21:15:59,001 - INFO - Epoch [71/100] train_loss: 1151.5955, val_loss: 1303.6662, lr: 0.000100, 37.51s
2024-10-08 21:16:29,107 - INFO - epoch complete!
2024-10-08 21:16:29,107 - INFO - evaluating now!
2024-10-08 21:16:33,339 - INFO - Epoch [72/100] train_loss: 1149.2438, val_loss: 1313.4461, lr: 0.000100, 34.34s
2024-10-08 21:17:09,709 - INFO - epoch complete!
2024-10-08 21:17:09,709 - INFO - evaluating now!
2024-10-08 21:17:17,791 - INFO - Epoch [73/100] train_loss: 1145.7751, val_loss: 1301.7462, lr: 0.000100, 44.45s
2024-10-08 21:17:17,804 - INFO - Saved model at 73
2024-10-08 21:17:17,804 - INFO - Val loss decrease from 1302.1451 to 1301.7462, saving to ./libcity/cache/251222/model_cache/ASTGCN_PEMSD4_epoch73.tar
2024-10-08 21:18:09,224 - INFO - epoch complete!
2024-10-08 21:18:09,224 - INFO - evaluating now!
2024-10-08 21:18:17,305 - INFO - Epoch [74/100] train_loss: 1143.7908, val_loss: 1297.7418, lr: 0.000100, 59.50s
2024-10-08 21:18:17,318 - INFO - Saved model at 74
2024-10-08 21:18:17,318 - INFO - Val loss decrease from 1301.7462 to 1297.7418, saving to ./libcity/cache/251222/model_cache/ASTGCN_PEMSD4_epoch74.tar
2024-10-08 21:19:08,739 - INFO - epoch complete!
2024-10-08 21:19:08,740 - INFO - evaluating now!
2024-10-08 21:19:16,785 - INFO - Epoch [75/100] train_loss: 1140.8172, val_loss: 1292.3332, lr: 0.000100, 59.47s
2024-10-08 21:19:16,798 - INFO - Saved model at 75
2024-10-08 21:19:16,798 - INFO - Val loss decrease from 1297.7418 to 1292.3332, saving to ./libcity/cache/251222/model_cache/ASTGCN_PEMSD4_epoch75.tar
2024-10-08 21:20:07,667 - INFO - epoch complete!
2024-10-08 21:20:07,667 - INFO - evaluating now!
2024-10-08 21:20:15,755 - INFO - Epoch [76/100] train_loss: 1140.0471, val_loss: 1292.8018, lr: 0.000100, 58.96s
2024-10-08 21:21:07,132 - INFO - epoch complete!
2024-10-08 21:21:07,132 - INFO - evaluating now!
2024-10-08 21:21:15,212 - INFO - Epoch [77/100] train_loss: 1136.7730, val_loss: 1295.6122, lr: 0.000100, 59.46s
2024-10-08 21:22:06,399 - INFO - epoch complete!
2024-10-08 21:22:06,399 - INFO - evaluating now!
2024-10-08 21:22:14,159 - INFO - Epoch [78/100] train_loss: 1135.5683, val_loss: 1291.5184, lr: 0.000100, 58.95s
2024-10-08 21:22:14,172 - INFO - Saved model at 78
2024-10-08 21:22:14,172 - INFO - Val loss decrease from 1292.3332 to 1291.5184, saving to ./libcity/cache/251222/model_cache/ASTGCN_PEMSD4_epoch78.tar
2024-10-08 21:23:04,746 - INFO - epoch complete!
2024-10-08 21:23:04,746 - INFO - evaluating now!
2024-10-08 21:23:12,297 - INFO - Epoch [79/100] train_loss: 1132.9744, val_loss: 1292.6525, lr: 0.000100, 58.12s
2024-10-08 21:24:00,810 - INFO - epoch complete!
2024-10-08 21:24:00,810 - INFO - evaluating now!
2024-10-08 21:24:08,306 - INFO - Epoch [80/100] train_loss: 1129.9895, val_loss: 1287.3744, lr: 0.000100, 56.01s
2024-10-08 21:24:08,319 - INFO - Saved model at 80
2024-10-08 21:24:08,319 - INFO - Val loss decrease from 1291.5184 to 1287.3744, saving to ./libcity/cache/251222/model_cache/ASTGCN_PEMSD4_epoch80.tar
2024-10-08 21:24:58,329 - INFO - epoch complete!
2024-10-08 21:24:58,330 - INFO - evaluating now!
2024-10-08 21:25:06,352 - INFO - Epoch [81/100] train_loss: 1128.6734, val_loss: 1284.1687, lr: 0.000100, 58.03s
2024-10-08 21:25:06,365 - INFO - Saved model at 81
2024-10-08 21:25:06,365 - INFO - Val loss decrease from 1287.3744 to 1284.1687, saving to ./libcity/cache/251222/model_cache/ASTGCN_PEMSD4_epoch81.tar
2024-10-08 21:25:57,791 - INFO - epoch complete!
2024-10-08 21:25:57,792 - INFO - evaluating now!
2024-10-08 21:26:05,863 - INFO - Epoch [82/100] train_loss: 1126.0842, val_loss: 1287.5828, lr: 0.000100, 59.50s
2024-10-08 21:26:57,257 - INFO - epoch complete!
2024-10-08 21:26:57,258 - INFO - evaluating now!
2024-10-08 21:27:05,353 - INFO - Epoch [83/100] train_loss: 1126.3578, val_loss: 1281.6281, lr: 0.000100, 59.49s
2024-10-08 21:27:05,366 - INFO - Saved model at 83
2024-10-08 21:27:05,367 - INFO - Val loss decrease from 1284.1687 to 1281.6281, saving to ./libcity/cache/251222/model_cache/ASTGCN_PEMSD4_epoch83.tar
2024-10-08 21:27:56,242 - INFO - epoch complete!
2024-10-08 21:27:56,243 - INFO - evaluating now!
2024-10-08 21:28:04,325 - INFO - Epoch [84/100] train_loss: 1122.8265, val_loss: 1283.6022, lr: 0.000100, 58.96s
2024-10-08 21:28:55,734 - INFO - epoch complete!
2024-10-08 21:28:55,734 - INFO - evaluating now!
2024-10-08 21:29:03,823 - INFO - Epoch [85/100] train_loss: 1120.4119, val_loss: 1283.4708, lr: 0.000100, 59.50s
2024-10-08 21:29:55,216 - INFO - epoch complete!
2024-10-08 21:29:55,217 - INFO - evaluating now!
2024-10-08 21:30:03,086 - INFO - Epoch [86/100] train_loss: 1119.3462, val_loss: 1280.3528, lr: 0.000100, 59.26s
2024-10-08 21:30:03,099 - INFO - Saved model at 86
2024-10-08 21:30:03,099 - INFO - Val loss decrease from 1281.6281 to 1280.3528, saving to ./libcity/cache/251222/model_cache/ASTGCN_PEMSD4_epoch86.tar
2024-10-08 21:30:52,781 - INFO - epoch complete!
2024-10-08 21:30:52,781 - INFO - evaluating now!
2024-10-08 21:31:00,414 - INFO - Epoch [87/100] train_loss: 1118.1877, val_loss: 1276.1423, lr: 0.000100, 57.31s
2024-10-08 21:31:00,427 - INFO - Saved model at 87
2024-10-08 21:31:00,427 - INFO - Val loss decrease from 1280.3528 to 1276.1423, saving to ./libcity/cache/251222/model_cache/ASTGCN_PEMSD4_epoch87.tar
2024-10-08 21:31:48,934 - INFO - epoch complete!
2024-10-08 21:31:48,934 - INFO - evaluating now!
2024-10-08 21:31:56,492 - INFO - Epoch [88/100] train_loss: 1115.6285, val_loss: 1281.8349, lr: 0.000100, 56.06s
2024-10-08 21:32:47,126 - INFO - epoch complete!
2024-10-08 21:32:47,126 - INFO - evaluating now!
2024-10-08 21:32:55,047 - INFO - Epoch [89/100] train_loss: 1114.4294, val_loss: 1275.1389, lr: 0.000100, 58.55s
2024-10-08 21:32:55,062 - INFO - Saved model at 89
2024-10-08 21:32:55,062 - INFO - Val loss decrease from 1276.1423 to 1275.1389, saving to ./libcity/cache/251222/model_cache/ASTGCN_PEMSD4_epoch89.tar
2024-10-08 21:33:46,464 - INFO - epoch complete!
2024-10-08 21:33:46,465 - INFO - evaluating now!
2024-10-08 21:33:54,550 - INFO - Epoch [90/100] train_loss: 1111.6751, val_loss: 1271.2920, lr: 0.000100, 59.49s
2024-10-08 21:33:54,563 - INFO - Saved model at 90
2024-10-08 21:33:54,563 - INFO - Val loss decrease from 1275.1389 to 1271.2920, saving to ./libcity/cache/251222/model_cache/ASTGCN_PEMSD4_epoch90.tar
2024-10-08 21:34:46,007 - INFO - epoch complete!
2024-10-08 21:34:46,007 - INFO - evaluating now!
2024-10-08 21:34:54,017 - INFO - Epoch [91/100] train_loss: 1110.1828, val_loss: 1281.5731, lr: 0.000100, 59.45s
2024-10-08 21:35:44,916 - INFO - epoch complete!
2024-10-08 21:35:44,916 - INFO - evaluating now!
2024-10-08 21:35:52,950 - INFO - Epoch [92/100] train_loss: 1109.2748, val_loss: 1268.9320, lr: 0.000100, 58.93s
2024-10-08 21:35:52,964 - INFO - Saved model at 92
2024-10-08 21:35:52,964 - INFO - Val loss decrease from 1271.2920 to 1268.9320, saving to ./libcity/cache/251222/model_cache/ASTGCN_PEMSD4_epoch92.tar
2024-10-08 21:36:44,397 - INFO - epoch complete!
2024-10-08 21:36:44,398 - INFO - evaluating now!
2024-10-08 21:36:52,469 - INFO - Epoch [93/100] train_loss: 1107.3177, val_loss: 1269.5910, lr: 0.000100, 59.50s
2024-10-08 21:37:43,865 - INFO - epoch complete!
2024-10-08 21:37:43,865 - INFO - evaluating now!
2024-10-08 21:37:51,948 - INFO - Epoch [94/100] train_loss: 1108.2101, val_loss: 1268.0774, lr: 0.000100, 59.48s
2024-10-08 21:37:51,962 - INFO - Saved model at 94
2024-10-08 21:37:51,962 - INFO - Val loss decrease from 1268.9320 to 1268.0774, saving to ./libcity/cache/251222/model_cache/ASTGCN_PEMSD4_epoch94.tar
2024-10-08 21:38:41,023 - INFO - epoch complete!
2024-10-08 21:38:41,023 - INFO - evaluating now!
2024-10-08 21:38:48,577 - INFO - Epoch [95/100] train_loss: 1104.3220, val_loss: 1267.0685, lr: 0.000100, 56.61s
2024-10-08 21:38:48,591 - INFO - Saved model at 95
2024-10-08 21:38:48,591 - INFO - Val loss decrease from 1268.0774 to 1267.0685, saving to ./libcity/cache/251222/model_cache/ASTGCN_PEMSD4_epoch95.tar
2024-10-08 21:39:37,125 - INFO - epoch complete!
2024-10-08 21:39:37,125 - INFO - evaluating now!
2024-10-08 21:39:44,767 - INFO - Epoch [96/100] train_loss: 1101.2182, val_loss: 1274.3330, lr: 0.000100, 56.18s
2024-10-08 21:40:36,152 - INFO - epoch complete!
2024-10-08 21:40:36,153 - INFO - evaluating now!
2024-10-08 21:40:43,898 - INFO - Epoch [97/100] train_loss: 1102.0099, val_loss: 1267.7731, lr: 0.000100, 59.13s
2024-10-08 21:41:35,116 - INFO - epoch complete!
2024-10-08 21:41:35,116 - INFO - evaluating now!
2024-10-08 21:41:43,197 - INFO - Epoch [98/100] train_loss: 1100.6947, val_loss: 1263.8991, lr: 0.000100, 59.30s
2024-10-08 21:41:43,210 - INFO - Saved model at 98
2024-10-08 21:41:43,210 - INFO - Val loss decrease from 1267.0685 to 1263.8991, saving to ./libcity/cache/251222/model_cache/ASTGCN_PEMSD4_epoch98.tar
2024-10-08 21:42:34,658 - INFO - epoch complete!
2024-10-08 21:42:34,658 - INFO - evaluating now!
2024-10-08 21:42:42,747 - INFO - Epoch [99/100] train_loss: 1097.6520, val_loss: 1267.0823, lr: 0.000100, 59.54s
2024-10-08 21:42:42,748 - INFO - Trained totally 100 epochs, average train time is 42.830s, average eval time is 6.511s
2024-10-08 21:42:43,258 - INFO - Loaded model at 98
2024-10-08 21:42:43,258 - INFO - Saved model at ./libcity/cache/251222/model_cache/ASTGCN_PEMSD4.m
2024-10-08 21:42:43,271 - INFO - Start evaluating ...
