2024-10-09 22:24:31,448 - INFO - Log directory: ./libcity/log
2024-10-09 22:24:31,448 - INFO - Begin pipeline, task=MTS_pred, model_name=GRU, dataset_name=humidity, exp_id=251222
2024-10-09 22:24:31,448 - INFO - {'task': 'MTS_pred', 'model': 'RNN', 'dataset': 'humidity', 'saved_model': True, 'exp_id': '251222', 'seed': 0, 'max_epoch': 50, 'dataset_class': 'StatePointDataset', 'executor': 'StateExecutor', 'evaluator': 'StateEvaluator', 'rnn_type': 'GRU', 'hidden_size': 64, 'num_layers': 1, 'dropout': 0, 'bidirectional': False, 'teacher_forcing_ratio': 0, 'scaler': 'standard', 'load_external': False, 'normal_external': False, 'ext_scaler': 'none', 'add_time_in_day': True, 'add_day_in_week': False, 'learner': 'adam', 'learning_rate': 0.01, 'lr_decay': True, 'lr_scheduler': 'multisteplr', 'lr_decay_ratio': 0.1, 'steps': [5, 20, 40, 70], 'clip_grad_norm': True, 'max_grad_norm': 5, 'use_early_stop': True, 'patience': 50, 'batch_size': 64, 'cache_dataset': True, 'num_workers': 0, 'pad_with_last_sample': True, 'train_rate': 0.7, 'eval_rate': 0.1, 'input_window': 12, 'output_window': 12, 'robustness_test': False, 'noise_type': 'gaussian', 'disturb_rate': 0.5, 'noise_mean': [5], 'noise_SD': [10], 'gpu': True, 'gpu_id': 0, 'train_loss': 'none', 'epoch': 0, 'weight_decay': 0, 'lr_epsilon': 1e-08, 'lr_beta1': 0.9, 'lr_beta2': 0.999, 'lr_alpha': 0.99, 'lr_momentum': 0, 'step_size': 10, 'lr_T_max': 30, 'lr_eta_min': 0, 'lr_patience': 10, 'lr_threshold': 0.0001, 'log_level': 'INFO', 'log_every': 1, 'load_best_epoch': True, 'hyper_tune': False, 'metrics': ['MAE', 'MAPE', 'RMSE'], 'evaluator_mode': 'single', 'save_mode': ['csv'], 'geo': {'including_types': ['Point'], 'Point': {}}, 'rel': {'including_types': ['geo'], 'geo': {'cost': 'num'}}, 'dyna': {'including_types': ['state'], 'state': {'entity_id': 'geo_id', 'traffic_speed': 'num'}}, 'data_col': ['traffic_speed'], 'weight_col': 'cost', 'data_files': ['humidity'], 'geo_file': 'humidity', 'rel_file': 'humidity', 'output_dim': 1, 'time_intervals': 300, 'init_weight_inf_or_zero': 'inf', 'set_weight_link_or_dist': 'dist', 'calculate_weight_adj': True, 'weight_adj_epsilon': 0.1, 'device': device(type='cuda', index=0)}
2024-10-09 22:24:33,237 - INFO - Loaded file humidity_feature.csv, shape=(3322, 2048, 1)
2024-10-09 22:24:34,058 - INFO - Dataset created
2024-10-09 22:24:34,058 - INFO - x shape: (3299, 12, 2048, 1), y shape: (3299, 12, 2048, 1)
2024-10-09 22:24:34,062 - INFO - train	x: (2309, 12, 2048, 1), y: (2309, 12, 2048, 1)
2024-10-09 22:24:34,062 - INFO - eval	x: (330, 12, 2048, 1), y: (330, 12, 2048, 1)
2024-10-09 22:24:34,062 - INFO - test	x: (660, 12, 2048, 1), y: (660, 12, 2048, 1)
2024-10-09 22:26:17,738 - INFO - Saved at ./libcity/cache/dataset_cache/point_based_humidity_12_12_0.7_0.1_standard_64_False_True_False_True.npz
2024-10-09 22:26:17,915 - INFO - StandardScaler mean: 78.66855544535464, std: 17.406175498267864
2024-10-09 22:26:17,915 - INFO - NoneScaler
2024-10-09 22:26:18,709 - INFO - You select rnn_type GRU in RNN!
2024-10-09 22:26:18,799 - INFO - RNN(
  (rnn): GRU(2048, 64)
  (fc): Linear(in_features=64, out_features=2048, bias=True)
)
2024-10-09 22:26:18,799 - INFO - rnn.weight_ih_l0	torch.Size([192, 2048])	cuda:0	True
2024-10-09 22:26:18,799 - INFO - rnn.weight_hh_l0	torch.Size([192, 64])	cuda:0	True
2024-10-09 22:26:18,799 - INFO - rnn.bias_ih_l0	torch.Size([192])	cuda:0	True
2024-10-09 22:26:18,799 - INFO - rnn.bias_hh_l0	torch.Size([192])	cuda:0	True
2024-10-09 22:26:18,799 - INFO - fc.weight	torch.Size([2048, 64])	cuda:0	True
2024-10-09 22:26:18,799 - INFO - fc.bias	torch.Size([2048])	cuda:0	True
2024-10-09 22:26:18,799 - INFO - Total parameter numbers: 539008
2024-10-09 22:26:18,799 - INFO - You select `adam` optimizer.
2024-10-09 22:26:19,214 - INFO - You select `multisteplr` lr_scheduler.
2024-10-09 22:26:19,215 - WARNING - Received none train loss func and will use the loss func defined in the model.
2024-10-09 22:26:19,215 - INFO - Start training ...
2024-10-09 22:26:19,215 - INFO - num_batches:37
2024-10-09 22:26:20,575 - INFO - epoch complete!
2024-10-09 22:26:20,575 - INFO - evaluating now!
2024-10-09 22:26:20,649 - INFO - Epoch [0/50] train_loss: 10.2274, val_loss: 9.1353, lr: 0.010000, 1.43s
2024-10-09 22:26:20,655 - INFO - Saved model at 0
2024-10-09 22:26:20,656 - INFO - Val loss decrease from inf to 9.1353, saving to ./libcity/cache/251222/model_cache/RNN_humidity_epoch0.tar
2024-10-09 22:26:21,558 - INFO - epoch complete!
2024-10-09 22:26:21,558 - INFO - evaluating now!
2024-10-09 22:26:21,634 - INFO - Epoch [1/50] train_loss: 8.8161, val_loss: 8.6028, lr: 0.010000, 0.98s
2024-10-09 22:26:21,640 - INFO - Saved model at 1
2024-10-09 22:26:21,640 - INFO - Val loss decrease from 9.1353 to 8.6028, saving to ./libcity/cache/251222/model_cache/RNN_humidity_epoch1.tar
2024-10-09 22:26:22,588 - INFO - epoch complete!
2024-10-09 22:26:22,588 - INFO - evaluating now!
2024-10-09 22:26:22,663 - INFO - Epoch [2/50] train_loss: 8.5214, val_loss: 8.5463, lr: 0.010000, 1.02s
2024-10-09 22:26:22,670 - INFO - Saved model at 2
2024-10-09 22:26:22,670 - INFO - Val loss decrease from 8.6028 to 8.5463, saving to ./libcity/cache/251222/model_cache/RNN_humidity_epoch2.tar
2024-10-09 22:26:23,614 - INFO - epoch complete!
2024-10-09 22:26:23,614 - INFO - evaluating now!
2024-10-09 22:26:23,689 - INFO - Epoch [3/50] train_loss: 8.4752, val_loss: 8.4832, lr: 0.010000, 1.02s
2024-10-09 22:26:23,695 - INFO - Saved model at 3
2024-10-09 22:26:23,695 - INFO - Val loss decrease from 8.5463 to 8.4832, saving to ./libcity/cache/251222/model_cache/RNN_humidity_epoch3.tar
2024-10-09 22:26:24,639 - INFO - epoch complete!
2024-10-09 22:26:24,640 - INFO - evaluating now!
2024-10-09 22:26:24,714 - INFO - Epoch [4/50] train_loss: 8.4318, val_loss: 8.5018, lr: 0.001000, 1.02s
2024-10-09 22:26:25,608 - INFO - epoch complete!
2024-10-09 22:26:25,608 - INFO - evaluating now!
2024-10-09 22:26:25,683 - INFO - Epoch [5/50] train_loss: 8.3891, val_loss: 8.4773, lr: 0.001000, 0.97s
2024-10-09 22:26:25,689 - INFO - Saved model at 5
2024-10-09 22:26:25,690 - INFO - Val loss decrease from 8.4832 to 8.4773, saving to ./libcity/cache/251222/model_cache/RNN_humidity_epoch5.tar
2024-10-09 22:26:26,599 - INFO - epoch complete!
2024-10-09 22:26:26,599 - INFO - evaluating now!
2024-10-09 22:26:26,673 - INFO - Epoch [6/50] train_loss: 8.3762, val_loss: 8.4712, lr: 0.001000, 0.98s
2024-10-09 22:26:26,679 - INFO - Saved model at 6
2024-10-09 22:26:26,679 - INFO - Val loss decrease from 8.4773 to 8.4712, saving to ./libcity/cache/251222/model_cache/RNN_humidity_epoch6.tar
2024-10-09 22:26:27,590 - INFO - epoch complete!
2024-10-09 22:26:27,591 - INFO - evaluating now!
2024-10-09 22:26:27,666 - INFO - Epoch [7/50] train_loss: 8.3726, val_loss: 8.4800, lr: 0.001000, 0.99s
2024-10-09 22:26:28,617 - INFO - epoch complete!
2024-10-09 22:26:28,617 - INFO - evaluating now!
2024-10-09 22:26:28,690 - INFO - Epoch [8/50] train_loss: 8.3698, val_loss: 8.4362, lr: 0.001000, 1.02s
2024-10-09 22:26:28,697 - INFO - Saved model at 8
2024-10-09 22:26:28,697 - INFO - Val loss decrease from 8.4712 to 8.4362, saving to ./libcity/cache/251222/model_cache/RNN_humidity_epoch8.tar
2024-10-09 22:26:29,596 - INFO - epoch complete!
2024-10-09 22:26:29,596 - INFO - evaluating now!
2024-10-09 22:26:29,679 - INFO - Epoch [9/50] train_loss: 8.3669, val_loss: 8.4690, lr: 0.001000, 0.98s
2024-10-09 22:26:30,618 - INFO - epoch complete!
2024-10-09 22:26:30,618 - INFO - evaluating now!
2024-10-09 22:26:30,692 - INFO - Epoch [10/50] train_loss: 8.3638, val_loss: 8.4778, lr: 0.001000, 1.01s
2024-10-09 22:26:31,611 - INFO - epoch complete!
2024-10-09 22:26:31,611 - INFO - evaluating now!
2024-10-09 22:26:31,687 - INFO - Epoch [11/50] train_loss: 8.3606, val_loss: 8.4643, lr: 0.001000, 0.99s
2024-10-09 22:26:32,638 - INFO - epoch complete!
2024-10-09 22:26:32,638 - INFO - evaluating now!
2024-10-09 22:26:32,712 - INFO - Epoch [12/50] train_loss: 8.3563, val_loss: 8.4657, lr: 0.001000, 1.03s
2024-10-09 22:26:33,649 - INFO - epoch complete!
2024-10-09 22:26:33,649 - INFO - evaluating now!
2024-10-09 22:26:33,723 - INFO - Epoch [13/50] train_loss: 8.3555, val_loss: 8.4560, lr: 0.001000, 1.01s
2024-10-09 22:26:34,661 - INFO - epoch complete!
2024-10-09 22:26:34,661 - INFO - evaluating now!
2024-10-09 22:26:34,737 - INFO - Epoch [14/50] train_loss: 8.3513, val_loss: 8.4416, lr: 0.001000, 1.01s
2024-10-09 22:26:35,651 - INFO - epoch complete!
2024-10-09 22:26:35,652 - INFO - evaluating now!
2024-10-09 22:26:35,729 - INFO - Epoch [15/50] train_loss: 8.3464, val_loss: 8.4660, lr: 0.001000, 0.99s
2024-10-09 22:26:36,678 - INFO - epoch complete!
2024-10-09 22:26:36,678 - INFO - evaluating now!
2024-10-09 22:26:36,754 - INFO - Epoch [16/50] train_loss: 8.3440, val_loss: 8.4575, lr: 0.001000, 1.03s
2024-10-09 22:26:37,703 - INFO - epoch complete!
2024-10-09 22:26:37,703 - INFO - evaluating now!
2024-10-09 22:26:37,778 - INFO - Epoch [17/50] train_loss: 8.3407, val_loss: 8.4684, lr: 0.001000, 1.02s
2024-10-09 22:26:38,714 - INFO - epoch complete!
2024-10-09 22:26:38,714 - INFO - evaluating now!
2024-10-09 22:26:38,788 - INFO - Epoch [18/50] train_loss: 8.3412, val_loss: 8.4530, lr: 0.001000, 1.01s
2024-10-09 22:26:39,676 - INFO - epoch complete!
2024-10-09 22:26:39,676 - INFO - evaluating now!
2024-10-09 22:26:39,750 - INFO - Epoch [19/50] train_loss: 8.3383, val_loss: 8.4535, lr: 0.000100, 0.96s
2024-10-09 22:26:40,657 - INFO - epoch complete!
2024-10-09 22:26:40,658 - INFO - evaluating now!
2024-10-09 22:26:40,732 - INFO - Epoch [20/50] train_loss: 8.3341, val_loss: 8.4682, lr: 0.000100, 0.98s
2024-10-09 22:26:41,636 - INFO - epoch complete!
2024-10-09 22:26:41,637 - INFO - evaluating now!
2024-10-09 22:26:41,712 - INFO - Epoch [21/50] train_loss: 8.3320, val_loss: 8.4555, lr: 0.000100, 0.98s
2024-10-09 22:26:42,631 - INFO - epoch complete!
2024-10-09 22:26:42,631 - INFO - evaluating now!
2024-10-09 22:26:42,706 - INFO - Epoch [22/50] train_loss: 8.3306, val_loss: 8.4455, lr: 0.000100, 0.99s
2024-10-09 22:26:43,608 - INFO - epoch complete!
2024-10-09 22:26:43,608 - INFO - evaluating now!
2024-10-09 22:26:43,682 - INFO - Epoch [23/50] train_loss: 8.3304, val_loss: 8.4381, lr: 0.000100, 0.98s
2024-10-09 22:26:44,589 - INFO - epoch complete!
2024-10-09 22:26:44,589 - INFO - evaluating now!
2024-10-09 22:26:44,663 - INFO - Epoch [24/50] train_loss: 8.3297, val_loss: 8.4510, lr: 0.000100, 0.98s
2024-10-09 22:26:45,571 - INFO - epoch complete!
2024-10-09 22:26:45,572 - INFO - evaluating now!
2024-10-09 22:26:45,648 - INFO - Epoch [25/50] train_loss: 8.3292, val_loss: 8.4429, lr: 0.000100, 0.98s
2024-10-09 22:26:46,555 - INFO - epoch complete!
2024-10-09 22:26:46,555 - INFO - evaluating now!
2024-10-09 22:26:46,632 - INFO - Epoch [26/50] train_loss: 8.3298, val_loss: 8.4566, lr: 0.000100, 0.98s
2024-10-09 22:26:47,548 - INFO - epoch complete!
2024-10-09 22:26:47,548 - INFO - evaluating now!
2024-10-09 22:26:47,622 - INFO - Epoch [27/50] train_loss: 8.3291, val_loss: 8.4311, lr: 0.000100, 0.99s
2024-10-09 22:26:47,629 - INFO - Saved model at 27
2024-10-09 22:26:47,629 - INFO - Val loss decrease from 8.4362 to 8.4311, saving to ./libcity/cache/251222/model_cache/RNN_humidity_epoch27.tar
2024-10-09 22:26:48,563 - INFO - epoch complete!
2024-10-09 22:26:48,563 - INFO - evaluating now!
2024-10-09 22:26:48,637 - INFO - Epoch [28/50] train_loss: 8.3285, val_loss: 8.4494, lr: 0.000100, 1.01s
2024-10-09 22:26:49,581 - INFO - epoch complete!
2024-10-09 22:26:49,581 - INFO - evaluating now!
2024-10-09 22:26:49,655 - INFO - Epoch [29/50] train_loss: 8.3281, val_loss: 8.4381, lr: 0.000100, 1.02s
2024-10-09 22:26:50,598 - INFO - epoch complete!
2024-10-09 22:26:50,598 - INFO - evaluating now!
2024-10-09 22:26:50,672 - INFO - Epoch [30/50] train_loss: 8.3278, val_loss: 8.4454, lr: 0.000100, 1.02s
2024-10-09 22:26:51,561 - INFO - epoch complete!
2024-10-09 22:26:51,562 - INFO - evaluating now!
2024-10-09 22:26:51,637 - INFO - Epoch [31/50] train_loss: 8.3275, val_loss: 8.4423, lr: 0.000100, 0.96s
2024-10-09 22:26:52,564 - INFO - epoch complete!
2024-10-09 22:26:52,564 - INFO - evaluating now!
2024-10-09 22:26:52,639 - INFO - Epoch [32/50] train_loss: 8.3271, val_loss: 8.4500, lr: 0.000100, 1.00s
2024-10-09 22:26:53,564 - INFO - epoch complete!
2024-10-09 22:26:53,564 - INFO - evaluating now!
2024-10-09 22:26:53,638 - INFO - Epoch [33/50] train_loss: 8.3271, val_loss: 8.4562, lr: 0.000100, 1.00s
2024-10-09 22:26:54,580 - INFO - epoch complete!
2024-10-09 22:26:54,580 - INFO - evaluating now!
2024-10-09 22:26:54,654 - INFO - Epoch [34/50] train_loss: 8.3268, val_loss: 8.4430, lr: 0.000100, 1.02s
2024-10-09 22:26:55,570 - INFO - epoch complete!
2024-10-09 22:26:55,571 - INFO - evaluating now!
2024-10-09 22:26:55,645 - INFO - Epoch [35/50] train_loss: 8.3272, val_loss: 8.4356, lr: 0.000100, 0.99s
2024-10-09 22:26:56,581 - INFO - epoch complete!
2024-10-09 22:26:56,581 - INFO - evaluating now!
2024-10-09 22:26:56,655 - INFO - Epoch [36/50] train_loss: 8.3266, val_loss: 8.4530, lr: 0.000100, 1.01s
2024-10-09 22:26:57,587 - INFO - epoch complete!
2024-10-09 22:26:57,587 - INFO - evaluating now!
2024-10-09 22:26:57,662 - INFO - Epoch [37/50] train_loss: 8.3258, val_loss: 8.4377, lr: 0.000100, 1.01s
2024-10-09 22:26:58,570 - INFO - epoch complete!
2024-10-09 22:26:58,571 - INFO - evaluating now!
2024-10-09 22:26:58,645 - INFO - Epoch [38/50] train_loss: 8.3255, val_loss: 8.4529, lr: 0.000100, 0.98s
2024-10-09 22:26:59,540 - INFO - epoch complete!
2024-10-09 22:26:59,540 - INFO - evaluating now!
2024-10-09 22:26:59,623 - INFO - Epoch [39/50] train_loss: 8.3253, val_loss: 8.4564, lr: 0.000010, 0.98s
2024-10-09 22:27:00,538 - INFO - epoch complete!
2024-10-09 22:27:00,538 - INFO - evaluating now!
2024-10-09 22:27:00,613 - INFO - Epoch [40/50] train_loss: 8.3247, val_loss: 8.4526, lr: 0.000010, 0.99s
2024-10-09 22:27:01,521 - INFO - epoch complete!
2024-10-09 22:27:01,521 - INFO - evaluating now!
2024-10-09 22:27:01,596 - INFO - Epoch [41/50] train_loss: 8.3246, val_loss: 8.4477, lr: 0.000010, 0.98s
2024-10-09 22:27:02,512 - INFO - epoch complete!
2024-10-09 22:27:02,512 - INFO - evaluating now!
2024-10-09 22:27:02,587 - INFO - Epoch [42/50] train_loss: 8.3245, val_loss: 8.4464, lr: 0.000010, 0.99s
2024-10-09 22:27:03,471 - INFO - epoch complete!
2024-10-09 22:27:03,471 - INFO - evaluating now!
2024-10-09 22:27:03,547 - INFO - Epoch [43/50] train_loss: 8.3245, val_loss: 8.4473, lr: 0.000010, 0.96s
2024-10-09 22:27:04,469 - INFO - epoch complete!
2024-10-09 22:27:04,469 - INFO - evaluating now!
2024-10-09 22:27:04,544 - INFO - Epoch [44/50] train_loss: 8.3245, val_loss: 8.4483, lr: 0.000010, 1.00s
2024-10-09 22:27:05,454 - INFO - epoch complete!
2024-10-09 22:27:05,455 - INFO - evaluating now!
2024-10-09 22:27:05,529 - INFO - Epoch [45/50] train_loss: 8.3244, val_loss: 8.4481, lr: 0.000010, 0.99s
2024-10-09 22:27:06,439 - INFO - epoch complete!
2024-10-09 22:27:06,439 - INFO - evaluating now!
2024-10-09 22:27:06,513 - INFO - Epoch [46/50] train_loss: 8.3244, val_loss: 8.4471, lr: 0.000010, 0.98s
2024-10-09 22:27:07,409 - INFO - epoch complete!
2024-10-09 22:27:07,409 - INFO - evaluating now!
2024-10-09 22:27:07,483 - INFO - Epoch [47/50] train_loss: 8.3244, val_loss: 8.4493, lr: 0.000010, 0.97s
2024-10-09 22:27:08,393 - INFO - epoch complete!
2024-10-09 22:27:08,393 - INFO - evaluating now!
2024-10-09 22:27:08,467 - INFO - Epoch [48/50] train_loss: 8.3243, val_loss: 8.4471, lr: 0.000010, 0.98s
2024-10-09 22:27:09,379 - INFO - epoch complete!
2024-10-09 22:27:09,379 - INFO - evaluating now!
2024-10-09 22:27:09,453 - INFO - Epoch [49/50] train_loss: 8.3243, val_loss: 8.4486, lr: 0.000010, 0.99s
2024-10-09 22:27:09,453 - INFO - Trained totally 50 epochs, average train time is 0.928s, average eval time is 0.075s
2024-10-09 22:27:09,457 - INFO - Loaded model at 27
2024-10-09 22:27:09,457 - INFO - Saved model at ./libcity/cache/251222/model_cache/GRU_humidity.m
2024-10-09 22:27:09,463 - INFO - Start evaluating ...
2024-10-09 22:27:19,362 - INFO - Note that you select the single mode to evaluate!
2024-10-09 22:27:19,364 - INFO - Evaluate result is saved at ./libcity/cache/251222/evaluate_cache/2024_10_09_22_27_19_RNN_humidity.csv
2024-10-09 22:27:19,368 - INFO - 
         MAE      MAPE       RMSE
1   8.487660  0.137847  11.712471
2   8.488240  0.137859  11.706366
3   8.487659  0.137842  11.698677
4   8.485554  0.137754  11.689030
5   8.481416  0.137595  11.677607
6   8.477704  0.137422  11.667669
7   8.474994  0.137241  11.659722
8   8.473079  0.137066  11.653467
9   8.471196  0.136895  11.647513
10  8.469408  0.136726  11.641947
11  8.466626  0.136548  11.635446
12  8.464190  0.136377  11.629356
