2024-10-09 18:19:11,010 - INFO - Log directory: ./libcity/log
2024-10-09 18:19:11,011 - INFO - Begin pipeline, task=MTS_pred, model_name=ASTGCN, dataset_name=PEMSD4, exp_id=251222
2024-10-09 18:19:11,011 - INFO - {'task': 'MTS_pred', 'model': 'ASTGCN', 'dataset': 'PEMSD4', 'saved_model': True, 'exp_id': '251222', 'seed': 0, 'max_epoch': 100, 'dataset_class': 'StatePointDataset', 'executor': 'StateExecutor', 'evaluator': 'StateEvaluator', 'nb_block': 2, 'K': 3, 'nb_chev_filter': 64, 'nb_time_filter': 64, 'bidir_adj_mx': True, 'scaler': 'standard', 'load_external': False, 'normal_external': False, 'ext_scaler': 'none', 'add_time_in_day': False, 'add_day_in_week': False, 'train_rate': 0.6, 'eval_rate': 0.2, 'learner': 'adam', 'learning_rate': 0.0001, 'lr_decay': False, 'clip_grad_norm': False, 'use_early_stop': False, 'batch_size': 64, 'cache_dataset': True, 'num_workers': 0, 'pad_with_last_sample': True, 'input_window': 12, 'output_window': 12, 'robustness_test': False, 'noise_type': 'gaussian', 'disturb_rate': 0.5, 'noise_mean': [5], 'noise_SD': [10], 'gpu': True, 'gpu_id': 0, 'train_loss': 'none', 'epoch': 0, 'weight_decay': 0, 'lr_epsilon': 1e-08, 'lr_beta1': 0.9, 'lr_beta2': 0.999, 'lr_alpha': 0.99, 'lr_momentum': 0, 'lr_scheduler': 'multisteplr', 'lr_decay_ratio': 0.1, 'steps': [5, 20, 40, 70], 'step_size': 10, 'lr_T_max': 30, 'lr_eta_min': 0, 'lr_patience': 10, 'lr_threshold': 0.0001, 'max_grad_norm': 1.0, 'patience': 50, 'log_level': 'INFO', 'log_every': 1, 'load_best_epoch': True, 'hyper_tune': False, 'metrics': ['MAE', 'MAPE', 'RMSE'], 'evaluator_mode': 'single', 'save_mode': ['csv'], 'geo': {'including_types': ['Point'], 'Point': {}}, 'rel': {'including_types': ['geo'], 'geo': {'cost': 'num'}}, 'dyna': {'including_types': ['state'], 'state': {'entity_id': 'geo_id', 'traffic_flow': 'num', 'traffic_occupancy': 'num', 'traffic_speed': 'num'}}, 'data_col': ['traffic_flow', 'traffic_occupancy', 'traffic_speed'], 'weight_col': 'cost', 'data_files': ['PEMSD4'], 'geo_file': 'PEMSD4', 'rel_file': 'PEMSD4', 'output_dim': 3, 'time_intervals': 300, 'init_weight_inf_or_zero': 'zero', 'set_weight_link_or_dist': 'link', 'calculate_weight_adj': False, 'weight_adj_epsilon': 0.1, 'device': device(type='cuda', index=0)}
2024-10-09 18:19:11,750 - INFO - Loaded file PEMSD4_feature.csv, shape=(16992, 307, 1)
2024-10-09 18:19:12,424 - INFO - Dataset created
2024-10-09 18:19:12,424 - INFO - x shape: (16969, 12, 307, 1), y shape: (16969, 12, 307, 1)
2024-10-09 18:19:12,427 - INFO - train	x: (10181, 12, 307, 1), y: (10181, 12, 307, 1)
2024-10-09 18:19:12,427 - INFO - eval	x: (3394, 12, 307, 1), y: (3394, 12, 307, 1)
2024-10-09 18:19:12,427 - INFO - test	x: (3394, 12, 307, 1), y: (3394, 12, 307, 1)
2024-10-09 18:19:24,239 - INFO - Saved at ./libcity/cache/dataset_cache/point_based_PEMSD4_12_12_0.6_0.2_standard_64_False_False_False_True.npz
2024-10-09 18:19:24,347 - INFO - StandardScaler mean: 207.22733840505313, std: 156.47765518492758
2024-10-09 18:19:24,347 - INFO - NoneScaler
2024-10-09 18:19:25,288 - INFO - ASTGCN(
  (ASTGCN_submodule): ASTGCNSubmodule(
    (BlockList): ModuleList(
      (0): ASTGCNBlock(
        (TAt): TemporalAttentionLayer()
        (SAt): SpatialAttentionLayer()
        (cheb_conv_SAt): ChebConvWithSAt(
          (Theta): ParameterList(
              (0): Parameter containing: [torch.float32 of size 1x64 (cuda:0)]
              (1): Parameter containing: [torch.float32 of size 1x64 (cuda:0)]
              (2): Parameter containing: [torch.float32 of size 1x64 (cuda:0)]
          )
        )
        (time_conv): Conv2d(64, 64, kernel_size=(1, 3), stride=(1, 1), padding=(0, 1))
        (residual_conv): Conv2d(1, 64, kernel_size=(1, 1), stride=(1, 1))
        (ln): LayerNorm((64,), eps=1e-05, elementwise_affine=True)
      )
      (1): ASTGCNBlock(
        (TAt): TemporalAttentionLayer()
        (SAt): SpatialAttentionLayer()
        (cheb_conv_SAt): ChebConvWithSAt(
          (Theta): ParameterList(
              (0): Parameter containing: [torch.float32 of size 64x64 (cuda:0)]
              (1): Parameter containing: [torch.float32 of size 64x64 (cuda:0)]
              (2): Parameter containing: [torch.float32 of size 64x64 (cuda:0)]
          )
        )
        (time_conv): Conv2d(64, 64, kernel_size=(1, 3), stride=(1, 1), padding=(0, 1))
        (residual_conv): Conv2d(64, 64, kernel_size=(1, 1), stride=(1, 1))
        (ln): LayerNorm((64,), eps=1e-05, elementwise_affine=True)
      )
    )
    (final_conv): Conv2d(12, 12, kernel_size=(1, 62), stride=(1, 1))
  )
)
2024-10-09 18:19:25,288 - INFO - ASTGCN_submodule.BlockList.0.TAt.U1	torch.Size([307])	cuda:0	True
2024-10-09 18:19:25,288 - INFO - ASTGCN_submodule.BlockList.0.TAt.U2	torch.Size([1, 307])	cuda:0	True
2024-10-09 18:19:25,288 - INFO - ASTGCN_submodule.BlockList.0.TAt.U3	torch.Size([1])	cuda:0	True
2024-10-09 18:19:25,288 - INFO - ASTGCN_submodule.BlockList.0.TAt.be	torch.Size([1, 12, 12])	cuda:0	True
2024-10-09 18:19:25,289 - INFO - ASTGCN_submodule.BlockList.0.TAt.Ve	torch.Size([12, 12])	cuda:0	True
2024-10-09 18:19:25,289 - INFO - ASTGCN_submodule.BlockList.0.SAt.W1	torch.Size([12])	cuda:0	True
2024-10-09 18:19:25,289 - INFO - ASTGCN_submodule.BlockList.0.SAt.W2	torch.Size([1, 12])	cuda:0	True
2024-10-09 18:19:25,289 - INFO - ASTGCN_submodule.BlockList.0.SAt.W3	torch.Size([1])	cuda:0	True
2024-10-09 18:19:25,289 - INFO - ASTGCN_submodule.BlockList.0.SAt.bs	torch.Size([1, 307, 307])	cuda:0	True
2024-10-09 18:19:25,289 - INFO - ASTGCN_submodule.BlockList.0.SAt.Vs	torch.Size([307, 307])	cuda:0	True
2024-10-09 18:19:25,289 - INFO - ASTGCN_submodule.BlockList.0.cheb_conv_SAt.Theta.0	torch.Size([1, 64])	cuda:0	True
2024-10-09 18:19:25,289 - INFO - ASTGCN_submodule.BlockList.0.cheb_conv_SAt.Theta.1	torch.Size([1, 64])	cuda:0	True
2024-10-09 18:19:25,289 - INFO - ASTGCN_submodule.BlockList.0.cheb_conv_SAt.Theta.2	torch.Size([1, 64])	cuda:0	True
2024-10-09 18:19:25,289 - INFO - ASTGCN_submodule.BlockList.0.time_conv.weight	torch.Size([64, 64, 1, 3])	cuda:0	True
2024-10-09 18:19:25,289 - INFO - ASTGCN_submodule.BlockList.0.time_conv.bias	torch.Size([64])	cuda:0	True
2024-10-09 18:19:25,289 - INFO - ASTGCN_submodule.BlockList.0.residual_conv.weight	torch.Size([64, 1, 1, 1])	cuda:0	True
2024-10-09 18:19:25,289 - INFO - ASTGCN_submodule.BlockList.0.residual_conv.bias	torch.Size([64])	cuda:0	True
2024-10-09 18:19:25,289 - INFO - ASTGCN_submodule.BlockList.0.ln.weight	torch.Size([64])	cuda:0	True
2024-10-09 18:19:25,289 - INFO - ASTGCN_submodule.BlockList.0.ln.bias	torch.Size([64])	cuda:0	True
2024-10-09 18:19:25,289 - INFO - ASTGCN_submodule.BlockList.1.TAt.U1	torch.Size([307])	cuda:0	True
2024-10-09 18:19:25,289 - INFO - ASTGCN_submodule.BlockList.1.TAt.U2	torch.Size([64, 307])	cuda:0	True
2024-10-09 18:19:25,289 - INFO - ASTGCN_submodule.BlockList.1.TAt.U3	torch.Size([64])	cuda:0	True
2024-10-09 18:19:25,289 - INFO - ASTGCN_submodule.BlockList.1.TAt.be	torch.Size([1, 12, 12])	cuda:0	True
2024-10-09 18:19:25,289 - INFO - ASTGCN_submodule.BlockList.1.TAt.Ve	torch.Size([12, 12])	cuda:0	True
2024-10-09 18:19:25,289 - INFO - ASTGCN_submodule.BlockList.1.SAt.W1	torch.Size([12])	cuda:0	True
2024-10-09 18:19:25,289 - INFO - ASTGCN_submodule.BlockList.1.SAt.W2	torch.Size([64, 12])	cuda:0	True
2024-10-09 18:19:25,289 - INFO - ASTGCN_submodule.BlockList.1.SAt.W3	torch.Size([64])	cuda:0	True
2024-10-09 18:19:25,289 - INFO - ASTGCN_submodule.BlockList.1.SAt.bs	torch.Size([1, 307, 307])	cuda:0	True
2024-10-09 18:19:25,289 - INFO - ASTGCN_submodule.BlockList.1.SAt.Vs	torch.Size([307, 307])	cuda:0	True
2024-10-09 18:19:25,289 - INFO - ASTGCN_submodule.BlockList.1.cheb_conv_SAt.Theta.0	torch.Size([64, 64])	cuda:0	True
2024-10-09 18:19:25,290 - INFO - ASTGCN_submodule.BlockList.1.cheb_conv_SAt.Theta.1	torch.Size([64, 64])	cuda:0	True
2024-10-09 18:19:25,290 - INFO - ASTGCN_submodule.BlockList.1.cheb_conv_SAt.Theta.2	torch.Size([64, 64])	cuda:0	True
2024-10-09 18:19:25,290 - INFO - ASTGCN_submodule.BlockList.1.time_conv.weight	torch.Size([64, 64, 1, 3])	cuda:0	True
2024-10-09 18:19:25,290 - INFO - ASTGCN_submodule.BlockList.1.time_conv.bias	torch.Size([64])	cuda:0	True
2024-10-09 18:19:25,290 - INFO - ASTGCN_submodule.BlockList.1.residual_conv.weight	torch.Size([64, 64, 1, 1])	cuda:0	True
2024-10-09 18:19:25,290 - INFO - ASTGCN_submodule.BlockList.1.residual_conv.bias	torch.Size([64])	cuda:0	True
2024-10-09 18:19:25,290 - INFO - ASTGCN_submodule.BlockList.1.ln.weight	torch.Size([64])	cuda:0	True
2024-10-09 18:19:25,290 - INFO - ASTGCN_submodule.BlockList.1.ln.bias	torch.Size([64])	cuda:0	True
2024-10-09 18:19:25,290 - INFO - ASTGCN_submodule.final_conv.weight	torch.Size([12, 12, 1, 62])	cuda:0	True
2024-10-09 18:19:25,290 - INFO - ASTGCN_submodule.final_conv.bias	torch.Size([12])	cuda:0	True
2024-10-09 18:19:25,290 - INFO - Total parameter numbers: 449743
2024-10-09 18:19:25,290 - INFO - You select `adam` optimizer.
2024-10-09 18:19:25,694 - WARNING - Received none train loss func and will use the loss func defined in the model.
2024-10-09 18:19:25,694 - INFO - Start training ...
2024-10-09 18:19:25,694 - INFO - num_batches:160
2024-10-09 18:19:38,368 - INFO - epoch complete!
2024-10-09 18:19:38,368 - INFO - evaluating now!
2024-10-09 18:19:39,818 - INFO - Epoch [0/100] train_loss: 20554.1336, val_loss: 7526.2862, lr: 0.000100, 14.12s
2024-10-09 18:19:39,837 - INFO - Saved model at 0
2024-10-09 18:19:39,837 - INFO - Val loss decrease from inf to 7526.2862, saving to ./libcity/cache/251222/model_cache/ASTGCN_PEMSD4_epoch0.tar
2024-10-09 18:19:52,063 - INFO - epoch complete!
2024-10-09 18:19:52,063 - INFO - evaluating now!
2024-10-09 18:19:53,522 - INFO - Epoch [1/100] train_loss: 4128.7905, val_loss: 3807.1537, lr: 0.000100, 13.68s
2024-10-09 18:19:53,601 - INFO - Saved model at 1
2024-10-09 18:19:53,601 - INFO - Val loss decrease from 7526.2862 to 3807.1537, saving to ./libcity/cache/251222/model_cache/ASTGCN_PEMSD4_epoch1.tar
2024-10-09 18:20:05,839 - INFO - epoch complete!
2024-10-09 18:20:05,839 - INFO - evaluating now!
2024-10-09 18:20:07,297 - INFO - Epoch [2/100] train_loss: 3287.5124, val_loss: 3449.0689, lr: 0.000100, 13.70s
2024-10-09 18:20:07,352 - INFO - Saved model at 2
2024-10-09 18:20:07,352 - INFO - Val loss decrease from 3807.1537 to 3449.0689, saving to ./libcity/cache/251222/model_cache/ASTGCN_PEMSD4_epoch2.tar
2024-10-09 18:20:19,588 - INFO - epoch complete!
2024-10-09 18:20:19,588 - INFO - evaluating now!
2024-10-09 18:20:21,046 - INFO - Epoch [3/100] train_loss: 3012.3702, val_loss: 3196.4672, lr: 0.000100, 13.69s
2024-10-09 18:20:21,117 - INFO - Saved model at 3
2024-10-09 18:20:21,117 - INFO - Val loss decrease from 3449.0689 to 3196.4672, saving to ./libcity/cache/251222/model_cache/ASTGCN_PEMSD4_epoch3.tar
2024-10-09 18:20:33,362 - INFO - epoch complete!
2024-10-09 18:20:33,362 - INFO - evaluating now!
2024-10-09 18:20:34,822 - INFO - Epoch [4/100] train_loss: 2774.1931, val_loss: 2910.0535, lr: 0.000100, 13.70s
2024-10-09 18:20:34,841 - INFO - Saved model at 4
2024-10-09 18:20:34,841 - INFO - Val loss decrease from 3196.4672 to 2910.0535, saving to ./libcity/cache/251222/model_cache/ASTGCN_PEMSD4_epoch4.tar
2024-10-09 18:20:47,070 - INFO - epoch complete!
2024-10-09 18:20:47,070 - INFO - evaluating now!
2024-10-09 18:20:48,529 - INFO - Epoch [5/100] train_loss: 2568.3203, val_loss: 2692.9115, lr: 0.000100, 13.69s
2024-10-09 18:20:48,576 - INFO - Saved model at 5
2024-10-09 18:20:48,576 - INFO - Val loss decrease from 2910.0535 to 2692.9115, saving to ./libcity/cache/251222/model_cache/ASTGCN_PEMSD4_epoch5.tar
2024-10-09 18:21:00,802 - INFO - epoch complete!
2024-10-09 18:21:00,802 - INFO - evaluating now!
2024-10-09 18:21:02,262 - INFO - Epoch [6/100] train_loss: 2376.2738, val_loss: 2495.3311, lr: 0.000100, 13.69s
2024-10-09 18:21:02,306 - INFO - Saved model at 6
2024-10-09 18:21:02,306 - INFO - Val loss decrease from 2692.9115 to 2495.3311, saving to ./libcity/cache/251222/model_cache/ASTGCN_PEMSD4_epoch6.tar
2024-10-09 18:21:14,543 - INFO - epoch complete!
2024-10-09 18:21:14,543 - INFO - evaluating now!
2024-10-09 18:21:16,004 - INFO - Epoch [7/100] train_loss: 2197.5955, val_loss: 2308.4398, lr: 0.000100, 13.70s
2024-10-09 18:21:16,042 - INFO - Saved model at 7
2024-10-09 18:21:16,043 - INFO - Val loss decrease from 2495.3311 to 2308.4398, saving to ./libcity/cache/251222/model_cache/ASTGCN_PEMSD4_epoch7.tar
2024-10-09 18:21:28,279 - INFO - epoch complete!
2024-10-09 18:21:28,279 - INFO - evaluating now!
2024-10-09 18:21:29,746 - INFO - Epoch [8/100] train_loss: 2034.4808, val_loss: 2147.5346, lr: 0.000100, 13.70s
2024-10-09 18:21:29,796 - INFO - Saved model at 8
2024-10-09 18:21:29,796 - INFO - Val loss decrease from 2308.4398 to 2147.5346, saving to ./libcity/cache/251222/model_cache/ASTGCN_PEMSD4_epoch8.tar
2024-10-09 18:21:42,042 - INFO - epoch complete!
2024-10-09 18:21:42,042 - INFO - evaluating now!
2024-10-09 18:21:43,500 - INFO - Epoch [9/100] train_loss: 1891.6310, val_loss: 1994.9520, lr: 0.000100, 13.70s
2024-10-09 18:21:43,542 - INFO - Saved model at 9
2024-10-09 18:21:43,542 - INFO - Val loss decrease from 2147.5346 to 1994.9520, saving to ./libcity/cache/251222/model_cache/ASTGCN_PEMSD4_epoch9.tar
2024-10-09 18:21:55,792 - INFO - epoch complete!
2024-10-09 18:21:55,792 - INFO - evaluating now!
2024-10-09 18:21:57,251 - INFO - Epoch [10/100] train_loss: 1781.4563, val_loss: 1893.0932, lr: 0.000100, 13.71s
2024-10-09 18:21:57,270 - INFO - Saved model at 10
2024-10-09 18:21:57,270 - INFO - Val loss decrease from 1994.9520 to 1893.0932, saving to ./libcity/cache/251222/model_cache/ASTGCN_PEMSD4_epoch10.tar
2024-10-09 18:22:09,521 - INFO - epoch complete!
2024-10-09 18:22:09,521 - INFO - evaluating now!
2024-10-09 18:22:10,980 - INFO - Epoch [11/100] train_loss: 1704.2098, val_loss: 1822.2817, lr: 0.000100, 13.71s
2024-10-09 18:22:11,011 - INFO - Saved model at 11
2024-10-09 18:22:11,011 - INFO - Val loss decrease from 1893.0932 to 1822.2817, saving to ./libcity/cache/251222/model_cache/ASTGCN_PEMSD4_epoch11.tar
2024-10-09 18:22:23,262 - INFO - epoch complete!
2024-10-09 18:22:23,262 - INFO - evaluating now!
2024-10-09 18:22:24,720 - INFO - Epoch [12/100] train_loss: 1651.3205, val_loss: 1770.8166, lr: 0.000100, 13.71s
2024-10-09 18:22:24,770 - INFO - Saved model at 12
2024-10-09 18:22:24,770 - INFO - Val loss decrease from 1822.2817 to 1770.8166, saving to ./libcity/cache/251222/model_cache/ASTGCN_PEMSD4_epoch12.tar
2024-10-09 18:22:37,023 - INFO - epoch complete!
2024-10-09 18:22:37,024 - INFO - evaluating now!
2024-10-09 18:22:38,482 - INFO - Epoch [13/100] train_loss: 1610.5357, val_loss: 1733.5008, lr: 0.000100, 13.71s
2024-10-09 18:22:38,524 - INFO - Saved model at 13
2024-10-09 18:22:38,524 - INFO - Val loss decrease from 1770.8166 to 1733.5008, saving to ./libcity/cache/251222/model_cache/ASTGCN_PEMSD4_epoch13.tar
2024-10-09 18:22:50,770 - INFO - epoch complete!
2024-10-09 18:22:50,770 - INFO - evaluating now!
2024-10-09 18:22:52,230 - INFO - Epoch [14/100] train_loss: 1579.2344, val_loss: 1698.7079, lr: 0.000100, 13.71s
2024-10-09 18:22:52,282 - INFO - Saved model at 14
2024-10-09 18:22:52,283 - INFO - Val loss decrease from 1733.5008 to 1698.7079, saving to ./libcity/cache/251222/model_cache/ASTGCN_PEMSD4_epoch14.tar
2024-10-09 18:23:04,517 - INFO - epoch complete!
2024-10-09 18:23:04,517 - INFO - evaluating now!
2024-10-09 18:23:05,978 - INFO - Epoch [15/100] train_loss: 1554.5831, val_loss: 1678.8333, lr: 0.000100, 13.70s
2024-10-09 18:23:05,997 - INFO - Saved model at 15
2024-10-09 18:23:05,997 - INFO - Val loss decrease from 1698.7079 to 1678.8333, saving to ./libcity/cache/251222/model_cache/ASTGCN_PEMSD4_epoch15.tar
2024-10-09 18:23:18,227 - INFO - epoch complete!
2024-10-09 18:23:18,227 - INFO - evaluating now!
2024-10-09 18:23:19,688 - INFO - Epoch [16/100] train_loss: 1529.8172, val_loss: 1647.7285, lr: 0.000100, 13.69s
2024-10-09 18:23:19,707 - INFO - Saved model at 16
2024-10-09 18:23:19,707 - INFO - Val loss decrease from 1678.8333 to 1647.7285, saving to ./libcity/cache/251222/model_cache/ASTGCN_PEMSD4_epoch16.tar
2024-10-09 18:23:31,942 - INFO - epoch complete!
2024-10-09 18:23:31,942 - INFO - evaluating now!
2024-10-09 18:23:33,406 - INFO - Epoch [17/100] train_loss: 1509.1228, val_loss: 1627.4875, lr: 0.000100, 13.70s
2024-10-09 18:23:33,448 - INFO - Saved model at 17
2024-10-09 18:23:33,449 - INFO - Val loss decrease from 1647.7285 to 1627.4875, saving to ./libcity/cache/251222/model_cache/ASTGCN_PEMSD4_epoch17.tar
2024-10-09 18:23:45,685 - INFO - epoch complete!
2024-10-09 18:23:45,685 - INFO - evaluating now!
2024-10-09 18:23:47,148 - INFO - Epoch [18/100] train_loss: 1488.8457, val_loss: 1605.9316, lr: 0.000100, 13.70s
2024-10-09 18:23:47,197 - INFO - Saved model at 18
2024-10-09 18:23:47,197 - INFO - Val loss decrease from 1627.4875 to 1605.9316, saving to ./libcity/cache/251222/model_cache/ASTGCN_PEMSD4_epoch18.tar
2024-10-09 18:23:59,437 - INFO - epoch complete!
2024-10-09 18:23:59,437 - INFO - evaluating now!
2024-10-09 18:24:00,900 - INFO - Epoch [19/100] train_loss: 1469.8220, val_loss: 1586.9713, lr: 0.000100, 13.70s
2024-10-09 18:24:00,940 - INFO - Saved model at 19
2024-10-09 18:24:00,941 - INFO - Val loss decrease from 1605.9316 to 1586.9713, saving to ./libcity/cache/251222/model_cache/ASTGCN_PEMSD4_epoch19.tar
2024-10-09 18:24:13,178 - INFO - epoch complete!
2024-10-09 18:24:13,178 - INFO - evaluating now!
2024-10-09 18:24:14,642 - INFO - Epoch [20/100] train_loss: 1451.9060, val_loss: 1569.8635, lr: 0.000100, 13.70s
2024-10-09 18:24:14,688 - INFO - Saved model at 20
2024-10-09 18:24:14,688 - INFO - Val loss decrease from 1586.9713 to 1569.8635, saving to ./libcity/cache/251222/model_cache/ASTGCN_PEMSD4_epoch20.tar
2024-10-09 18:24:26,936 - INFO - epoch complete!
2024-10-09 18:24:26,937 - INFO - evaluating now!
2024-10-09 18:24:28,403 - INFO - Epoch [21/100] train_loss: 1437.2733, val_loss: 1552.4486, lr: 0.000100, 13.71s
2024-10-09 18:24:28,421 - INFO - Saved model at 21
2024-10-09 18:24:28,421 - INFO - Val loss decrease from 1569.8635 to 1552.4486, saving to ./libcity/cache/251222/model_cache/ASTGCN_PEMSD4_epoch21.tar
2024-10-09 18:24:40,659 - INFO - epoch complete!
2024-10-09 18:24:40,659 - INFO - evaluating now!
2024-10-09 18:24:42,119 - INFO - Epoch [22/100] train_loss: 1421.4774, val_loss: 1536.5506, lr: 0.000100, 13.70s
2024-10-09 18:24:42,167 - INFO - Saved model at 22
2024-10-09 18:24:42,167 - INFO - Val loss decrease from 1552.4486 to 1536.5506, saving to ./libcity/cache/251222/model_cache/ASTGCN_PEMSD4_epoch22.tar
2024-10-09 18:24:54,426 - INFO - epoch complete!
2024-10-09 18:24:54,426 - INFO - evaluating now!
2024-10-09 18:24:55,892 - INFO - Epoch [23/100] train_loss: 1406.8184, val_loss: 1526.8659, lr: 0.000100, 13.73s
2024-10-09 18:24:55,941 - INFO - Saved model at 23
2024-10-09 18:24:55,941 - INFO - Val loss decrease from 1536.5506 to 1526.8659, saving to ./libcity/cache/251222/model_cache/ASTGCN_PEMSD4_epoch23.tar
2024-10-09 18:25:08,206 - INFO - epoch complete!
2024-10-09 18:25:08,206 - INFO - evaluating now!
2024-10-09 18:25:09,664 - INFO - Epoch [24/100] train_loss: 1393.2038, val_loss: 1511.0354, lr: 0.000100, 13.72s
2024-10-09 18:25:09,704 - INFO - Saved model at 24
2024-10-09 18:25:09,704 - INFO - Val loss decrease from 1526.8659 to 1511.0354, saving to ./libcity/cache/251222/model_cache/ASTGCN_PEMSD4_epoch24.tar
2024-10-09 18:25:21,935 - INFO - epoch complete!
2024-10-09 18:25:21,935 - INFO - evaluating now!
2024-10-09 18:25:23,390 - INFO - Epoch [25/100] train_loss: 1381.4728, val_loss: 1499.3737, lr: 0.000100, 13.69s
2024-10-09 18:25:23,409 - INFO - Saved model at 25
2024-10-09 18:25:23,410 - INFO - Val loss decrease from 1511.0354 to 1499.3737, saving to ./libcity/cache/251222/model_cache/ASTGCN_PEMSD4_epoch25.tar
2024-10-09 18:25:35,659 - INFO - epoch complete!
2024-10-09 18:25:35,659 - INFO - evaluating now!
2024-10-09 18:25:37,117 - INFO - Epoch [26/100] train_loss: 1369.5313, val_loss: 1492.1470, lr: 0.000100, 13.71s
2024-10-09 18:25:37,147 - INFO - Saved model at 26
2024-10-09 18:25:37,147 - INFO - Val loss decrease from 1499.3737 to 1492.1470, saving to ./libcity/cache/251222/model_cache/ASTGCN_PEMSD4_epoch26.tar
2024-10-09 18:25:49,403 - INFO - epoch complete!
2024-10-09 18:25:49,404 - INFO - evaluating now!
2024-10-09 18:25:50,862 - INFO - Epoch [27/100] train_loss: 1359.8757, val_loss: 1487.9659, lr: 0.000100, 13.72s
2024-10-09 18:25:50,893 - INFO - Saved model at 27
2024-10-09 18:25:50,893 - INFO - Val loss decrease from 1492.1470 to 1487.9659, saving to ./libcity/cache/251222/model_cache/ASTGCN_PEMSD4_epoch27.tar
2024-10-09 18:26:03,156 - INFO - epoch complete!
2024-10-09 18:26:03,156 - INFO - evaluating now!
2024-10-09 18:26:04,622 - INFO - Epoch [28/100] train_loss: 1349.0727, val_loss: 1472.8710, lr: 0.000100, 13.73s
2024-10-09 18:26:04,651 - INFO - Saved model at 28
2024-10-09 18:26:04,651 - INFO - Val loss decrease from 1487.9659 to 1472.8710, saving to ./libcity/cache/251222/model_cache/ASTGCN_PEMSD4_epoch28.tar
2024-10-09 18:26:16,908 - INFO - epoch complete!
2024-10-09 18:26:16,909 - INFO - evaluating now!
2024-10-09 18:26:18,366 - INFO - Epoch [29/100] train_loss: 1339.4951, val_loss: 1470.6394, lr: 0.000100, 13.71s
2024-10-09 18:26:18,397 - INFO - Saved model at 29
2024-10-09 18:26:18,397 - INFO - Val loss decrease from 1472.8710 to 1470.6394, saving to ./libcity/cache/251222/model_cache/ASTGCN_PEMSD4_epoch29.tar
2024-10-09 18:26:30,657 - INFO - epoch complete!
2024-10-09 18:26:30,657 - INFO - evaluating now!
2024-10-09 18:26:32,113 - INFO - Epoch [30/100] train_loss: 1330.2639, val_loss: 1452.8065, lr: 0.000100, 13.72s
2024-10-09 18:26:32,143 - INFO - Saved model at 30
2024-10-09 18:26:32,143 - INFO - Val loss decrease from 1470.6394 to 1452.8065, saving to ./libcity/cache/251222/model_cache/ASTGCN_PEMSD4_epoch30.tar
2024-10-09 18:26:44,402 - INFO - epoch complete!
2024-10-09 18:26:44,403 - INFO - evaluating now!
2024-10-09 18:26:45,859 - INFO - Epoch [31/100] train_loss: 1321.2762, val_loss: 1444.6024, lr: 0.000100, 13.72s
2024-10-09 18:26:45,889 - INFO - Saved model at 31
2024-10-09 18:26:45,890 - INFO - Val loss decrease from 1452.8065 to 1444.6024, saving to ./libcity/cache/251222/model_cache/ASTGCN_PEMSD4_epoch31.tar
2024-10-09 18:26:58,105 - INFO - epoch complete!
2024-10-09 18:26:58,105 - INFO - evaluating now!
2024-10-09 18:26:59,555 - INFO - Epoch [32/100] train_loss: 1314.2243, val_loss: 1439.1837, lr: 0.000100, 13.67s
2024-10-09 18:26:59,586 - INFO - Saved model at 32
2024-10-09 18:26:59,586 - INFO - Val loss decrease from 1444.6024 to 1439.1837, saving to ./libcity/cache/251222/model_cache/ASTGCN_PEMSD4_epoch32.tar
2024-10-09 18:27:11,794 - INFO - epoch complete!
2024-10-09 18:27:11,795 - INFO - evaluating now!
2024-10-09 18:27:13,249 - INFO - Epoch [33/100] train_loss: 1306.1647, val_loss: 1429.1406, lr: 0.000100, 13.66s
2024-10-09 18:27:13,280 - INFO - Saved model at 33
2024-10-09 18:27:13,280 - INFO - Val loss decrease from 1439.1837 to 1429.1406, saving to ./libcity/cache/251222/model_cache/ASTGCN_PEMSD4_epoch33.tar
2024-10-09 18:27:25,501 - INFO - epoch complete!
2024-10-09 18:27:25,502 - INFO - evaluating now!
2024-10-09 18:27:26,959 - INFO - Epoch [34/100] train_loss: 1298.6434, val_loss: 1421.8533, lr: 0.000100, 13.68s
2024-10-09 18:27:26,990 - INFO - Saved model at 34
2024-10-09 18:27:26,990 - INFO - Val loss decrease from 1429.1406 to 1421.8533, saving to ./libcity/cache/251222/model_cache/ASTGCN_PEMSD4_epoch34.tar
2024-10-09 18:27:39,226 - INFO - epoch complete!
2024-10-09 18:27:39,227 - INFO - evaluating now!
2024-10-09 18:27:40,683 - INFO - Epoch [35/100] train_loss: 1291.3435, val_loss: 1417.6739, lr: 0.000100, 13.69s
2024-10-09 18:27:40,701 - INFO - Saved model at 35
2024-10-09 18:27:40,701 - INFO - Val loss decrease from 1421.8533 to 1417.6739, saving to ./libcity/cache/251222/model_cache/ASTGCN_PEMSD4_epoch35.tar
2024-10-09 18:27:52,924 - INFO - epoch complete!
2024-10-09 18:27:52,924 - INFO - evaluating now!
2024-10-09 18:27:54,373 - INFO - Epoch [36/100] train_loss: 1285.3899, val_loss: 1414.7092, lr: 0.000100, 13.67s
2024-10-09 18:27:54,403 - INFO - Saved model at 36
2024-10-09 18:27:54,403 - INFO - Val loss decrease from 1417.6739 to 1414.7092, saving to ./libcity/cache/251222/model_cache/ASTGCN_PEMSD4_epoch36.tar
2024-10-09 18:28:06,610 - INFO - epoch complete!
2024-10-09 18:28:06,610 - INFO - evaluating now!
2024-10-09 18:28:08,060 - INFO - Epoch [37/100] train_loss: 1280.3091, val_loss: 1406.5494, lr: 0.000100, 13.66s
2024-10-09 18:28:08,090 - INFO - Saved model at 37
2024-10-09 18:28:08,090 - INFO - Val loss decrease from 1414.7092 to 1406.5494, saving to ./libcity/cache/251222/model_cache/ASTGCN_PEMSD4_epoch37.tar
2024-10-09 18:28:20,296 - INFO - epoch complete!
2024-10-09 18:28:20,296 - INFO - evaluating now!
2024-10-09 18:28:21,747 - INFO - Epoch [38/100] train_loss: 1273.0275, val_loss: 1404.0325, lr: 0.000100, 13.66s
2024-10-09 18:28:21,777 - INFO - Saved model at 38
2024-10-09 18:28:21,778 - INFO - Val loss decrease from 1406.5494 to 1404.0325, saving to ./libcity/cache/251222/model_cache/ASTGCN_PEMSD4_epoch38.tar
2024-10-09 18:28:33,998 - INFO - epoch complete!
2024-10-09 18:28:33,998 - INFO - evaluating now!
2024-10-09 18:28:35,453 - INFO - Epoch [39/100] train_loss: 1268.1547, val_loss: 1397.1177, lr: 0.000100, 13.68s
2024-10-09 18:28:35,483 - INFO - Saved model at 39
2024-10-09 18:28:35,484 - INFO - Val loss decrease from 1404.0325 to 1397.1177, saving to ./libcity/cache/251222/model_cache/ASTGCN_PEMSD4_epoch39.tar
2024-10-09 18:28:47,710 - INFO - epoch complete!
2024-10-09 18:28:47,710 - INFO - evaluating now!
2024-10-09 18:28:49,164 - INFO - Epoch [40/100] train_loss: 1265.0669, val_loss: 1396.1981, lr: 0.000100, 13.68s
2024-10-09 18:28:49,183 - INFO - Saved model at 40
2024-10-09 18:28:49,183 - INFO - Val loss decrease from 1397.1177 to 1396.1981, saving to ./libcity/cache/251222/model_cache/ASTGCN_PEMSD4_epoch40.tar
2024-10-09 18:29:01,420 - INFO - epoch complete!
2024-10-09 18:29:01,420 - INFO - evaluating now!
2024-10-09 18:29:02,882 - INFO - Epoch [41/100] train_loss: 1258.3496, val_loss: 1384.2619, lr: 0.000100, 13.70s
2024-10-09 18:29:02,912 - INFO - Saved model at 41
2024-10-09 18:29:02,912 - INFO - Val loss decrease from 1396.1981 to 1384.2619, saving to ./libcity/cache/251222/model_cache/ASTGCN_PEMSD4_epoch41.tar
2024-10-09 18:29:15,160 - INFO - epoch complete!
2024-10-09 18:29:15,160 - INFO - evaluating now!
2024-10-09 18:29:16,618 - INFO - Epoch [42/100] train_loss: 1252.5217, val_loss: 1382.4101, lr: 0.000100, 13.71s
2024-10-09 18:29:16,649 - INFO - Saved model at 42
2024-10-09 18:29:16,649 - INFO - Val loss decrease from 1384.2619 to 1382.4101, saving to ./libcity/cache/251222/model_cache/ASTGCN_PEMSD4_epoch42.tar
2024-10-09 18:29:28,910 - INFO - epoch complete!
2024-10-09 18:29:28,910 - INFO - evaluating now!
2024-10-09 18:29:30,369 - INFO - Epoch [43/100] train_loss: 1247.5484, val_loss: 1377.3950, lr: 0.000100, 13.72s
2024-10-09 18:29:30,400 - INFO - Saved model at 43
2024-10-09 18:29:30,400 - INFO - Val loss decrease from 1382.4101 to 1377.3950, saving to ./libcity/cache/251222/model_cache/ASTGCN_PEMSD4_epoch43.tar
2024-10-09 18:29:42,638 - INFO - epoch complete!
2024-10-09 18:29:42,639 - INFO - evaluating now!
2024-10-09 18:29:44,097 - INFO - Epoch [44/100] train_loss: 1241.8336, val_loss: 1373.4849, lr: 0.000100, 13.70s
2024-10-09 18:29:44,128 - INFO - Saved model at 44
2024-10-09 18:29:44,128 - INFO - Val loss decrease from 1377.3950 to 1373.4849, saving to ./libcity/cache/251222/model_cache/ASTGCN_PEMSD4_epoch44.tar
2024-10-09 18:29:56,345 - INFO - epoch complete!
2024-10-09 18:29:56,346 - INFO - evaluating now!
2024-10-09 18:29:57,797 - INFO - Epoch [45/100] train_loss: 1238.1445, val_loss: 1372.4867, lr: 0.000100, 13.67s
2024-10-09 18:29:57,815 - INFO - Saved model at 45
2024-10-09 18:29:57,815 - INFO - Val loss decrease from 1373.4849 to 1372.4867, saving to ./libcity/cache/251222/model_cache/ASTGCN_PEMSD4_epoch45.tar
2024-10-09 18:30:10,023 - INFO - epoch complete!
2024-10-09 18:30:10,023 - INFO - evaluating now!
2024-10-09 18:30:11,474 - INFO - Epoch [46/100] train_loss: 1233.3385, val_loss: 1370.6633, lr: 0.000100, 13.66s
2024-10-09 18:30:11,541 - INFO - Saved model at 46
2024-10-09 18:30:11,541 - INFO - Val loss decrease from 1372.4867 to 1370.6633, saving to ./libcity/cache/251222/model_cache/ASTGCN_PEMSD4_epoch46.tar
2024-10-09 18:30:23,747 - INFO - epoch complete!
2024-10-09 18:30:23,747 - INFO - evaluating now!
2024-10-09 18:30:25,199 - INFO - Epoch [47/100] train_loss: 1229.2932, val_loss: 1357.4135, lr: 0.000100, 13.66s
2024-10-09 18:30:25,253 - INFO - Saved model at 47
2024-10-09 18:30:25,253 - INFO - Val loss decrease from 1370.6633 to 1357.4135, saving to ./libcity/cache/251222/model_cache/ASTGCN_PEMSD4_epoch47.tar
2024-10-09 18:30:37,459 - INFO - epoch complete!
2024-10-09 18:30:37,459 - INFO - evaluating now!
2024-10-09 18:30:38,909 - INFO - Epoch [48/100] train_loss: 1224.4873, val_loss: 1358.3807, lr: 0.000100, 13.66s
2024-10-09 18:30:51,126 - INFO - epoch complete!
2024-10-09 18:30:51,126 - INFO - evaluating now!
2024-10-09 18:30:52,578 - INFO - Epoch [49/100] train_loss: 1220.8548, val_loss: 1353.4593, lr: 0.000100, 13.67s
2024-10-09 18:30:52,649 - INFO - Saved model at 49
2024-10-09 18:30:52,649 - INFO - Val loss decrease from 1357.4135 to 1353.4593, saving to ./libcity/cache/251222/model_cache/ASTGCN_PEMSD4_epoch49.tar
2024-10-09 18:31:04,855 - INFO - epoch complete!
2024-10-09 18:31:04,856 - INFO - evaluating now!
2024-10-09 18:31:06,315 - INFO - Epoch [50/100] train_loss: 1216.6169, val_loss: 1349.9378, lr: 0.000100, 13.67s
2024-10-09 18:31:06,334 - INFO - Saved model at 50
2024-10-09 18:31:06,334 - INFO - Val loss decrease from 1353.4593 to 1349.9378, saving to ./libcity/cache/251222/model_cache/ASTGCN_PEMSD4_epoch50.tar
2024-10-09 18:31:18,562 - INFO - epoch complete!
2024-10-09 18:31:18,562 - INFO - evaluating now!
2024-10-09 18:31:20,015 - INFO - Epoch [51/100] train_loss: 1214.4470, val_loss: 1348.5837, lr: 0.000100, 13.68s
2024-10-09 18:31:20,069 - INFO - Saved model at 51
2024-10-09 18:31:20,069 - INFO - Val loss decrease from 1349.9378 to 1348.5837, saving to ./libcity/cache/251222/model_cache/ASTGCN_PEMSD4_epoch51.tar
2024-10-09 18:31:32,275 - INFO - epoch complete!
2024-10-09 18:31:32,275 - INFO - evaluating now!
2024-10-09 18:31:33,726 - INFO - Epoch [52/100] train_loss: 1209.7502, val_loss: 1348.0425, lr: 0.000100, 13.66s
2024-10-09 18:31:33,798 - INFO - Saved model at 52
2024-10-09 18:31:33,798 - INFO - Val loss decrease from 1348.5837 to 1348.0425, saving to ./libcity/cache/251222/model_cache/ASTGCN_PEMSD4_epoch52.tar
2024-10-09 18:31:46,008 - INFO - epoch complete!
2024-10-09 18:31:46,009 - INFO - evaluating now!
2024-10-09 18:31:47,462 - INFO - Epoch [53/100] train_loss: 1205.8122, val_loss: 1348.0497, lr: 0.000100, 13.66s
2024-10-09 18:31:59,671 - INFO - epoch complete!
2024-10-09 18:31:59,671 - INFO - evaluating now!
2024-10-09 18:32:01,122 - INFO - Epoch [54/100] train_loss: 1202.2382, val_loss: 1341.6286, lr: 0.000100, 13.66s
2024-10-09 18:32:01,177 - INFO - Saved model at 54
2024-10-09 18:32:01,177 - INFO - Val loss decrease from 1348.0425 to 1341.6286, saving to ./libcity/cache/251222/model_cache/ASTGCN_PEMSD4_epoch54.tar
2024-10-09 18:32:13,386 - INFO - epoch complete!
2024-10-09 18:32:13,386 - INFO - evaluating now!
2024-10-09 18:32:14,844 - INFO - Epoch [55/100] train_loss: 1197.3794, val_loss: 1338.1314, lr: 0.000100, 13.67s
2024-10-09 18:32:14,916 - INFO - Saved model at 55
2024-10-09 18:32:14,916 - INFO - Val loss decrease from 1341.6286 to 1338.1314, saving to ./libcity/cache/251222/model_cache/ASTGCN_PEMSD4_epoch55.tar
2024-10-09 18:32:27,141 - INFO - epoch complete!
2024-10-09 18:32:27,142 - INFO - evaluating now!
2024-10-09 18:32:28,601 - INFO - Epoch [56/100] train_loss: 1195.4701, val_loss: 1348.9626, lr: 0.000100, 13.68s
2024-10-09 18:32:40,821 - INFO - epoch complete!
2024-10-09 18:32:40,821 - INFO - evaluating now!
2024-10-09 18:32:42,273 - INFO - Epoch [57/100] train_loss: 1193.5138, val_loss: 1332.0518, lr: 0.000100, 13.67s
2024-10-09 18:32:42,329 - INFO - Saved model at 57
2024-10-09 18:32:42,329 - INFO - Val loss decrease from 1338.1314 to 1332.0518, saving to ./libcity/cache/251222/model_cache/ASTGCN_PEMSD4_epoch57.tar
2024-10-09 18:32:54,550 - INFO - epoch complete!
2024-10-09 18:32:54,550 - INFO - evaluating now!
2024-10-09 18:32:56,008 - INFO - Epoch [58/100] train_loss: 1187.2554, val_loss: 1327.0943, lr: 0.000100, 13.68s
2024-10-09 18:32:56,081 - INFO - Saved model at 58
2024-10-09 18:32:56,081 - INFO - Val loss decrease from 1332.0518 to 1327.0943, saving to ./libcity/cache/251222/model_cache/ASTGCN_PEMSD4_epoch58.tar
2024-10-09 18:33:08,306 - INFO - epoch complete!
2024-10-09 18:33:08,306 - INFO - evaluating now!
2024-10-09 18:33:09,759 - INFO - Epoch [59/100] train_loss: 1185.3165, val_loss: 1337.0032, lr: 0.000100, 13.68s
2024-10-09 18:33:22,002 - INFO - epoch complete!
2024-10-09 18:33:22,002 - INFO - evaluating now!
2024-10-09 18:33:23,458 - INFO - Epoch [60/100] train_loss: 1182.5667, val_loss: 1329.8083, lr: 0.000100, 13.70s
2024-10-09 18:33:35,684 - INFO - epoch complete!
2024-10-09 18:33:35,684 - INFO - evaluating now!
2024-10-09 18:33:37,140 - INFO - Epoch [61/100] train_loss: 1178.2540, val_loss: 1318.3365, lr: 0.000100, 13.68s
2024-10-09 18:33:37,210 - INFO - Saved model at 61
2024-10-09 18:33:37,210 - INFO - Val loss decrease from 1327.0943 to 1318.3365, saving to ./libcity/cache/251222/model_cache/ASTGCN_PEMSD4_epoch61.tar
2024-10-09 18:33:49,437 - INFO - epoch complete!
2024-10-09 18:33:49,437 - INFO - evaluating now!
2024-10-09 18:33:50,888 - INFO - Epoch [62/100] train_loss: 1176.0062, val_loss: 1324.1601, lr: 0.000100, 13.68s
2024-10-09 18:34:03,126 - INFO - epoch complete!
2024-10-09 18:34:03,126 - INFO - evaluating now!
2024-10-09 18:34:04,578 - INFO - Epoch [63/100] train_loss: 1173.2610, val_loss: 1317.5190, lr: 0.000100, 13.69s
2024-10-09 18:34:04,647 - INFO - Saved model at 63
2024-10-09 18:34:04,647 - INFO - Val loss decrease from 1318.3365 to 1317.5190, saving to ./libcity/cache/251222/model_cache/ASTGCN_PEMSD4_epoch63.tar
2024-10-09 18:34:16,906 - INFO - epoch complete!
2024-10-09 18:34:16,906 - INFO - evaluating now!
2024-10-09 18:34:18,366 - INFO - Epoch [64/100] train_loss: 1172.0352, val_loss: 1317.4057, lr: 0.000100, 13.72s
2024-10-09 18:34:18,436 - INFO - Saved model at 64
2024-10-09 18:34:18,436 - INFO - Val loss decrease from 1317.5190 to 1317.4057, saving to ./libcity/cache/251222/model_cache/ASTGCN_PEMSD4_epoch64.tar
2024-10-09 18:34:30,699 - INFO - epoch complete!
2024-10-09 18:34:30,699 - INFO - evaluating now!
2024-10-09 18:34:32,157 - INFO - Epoch [65/100] train_loss: 1166.9561, val_loss: 1318.0770, lr: 0.000100, 13.72s
2024-10-09 18:34:44,416 - INFO - epoch complete!
2024-10-09 18:34:44,416 - INFO - evaluating now!
2024-10-09 18:34:45,876 - INFO - Epoch [66/100] train_loss: 1164.0798, val_loss: 1309.6162, lr: 0.000100, 13.72s
2024-10-09 18:34:45,895 - INFO - Saved model at 66
2024-10-09 18:34:45,895 - INFO - Val loss decrease from 1317.4057 to 1309.6162, saving to ./libcity/cache/251222/model_cache/ASTGCN_PEMSD4_epoch66.tar
2024-10-09 18:34:58,135 - INFO - epoch complete!
2024-10-09 18:34:58,135 - INFO - evaluating now!
2024-10-09 18:34:59,592 - INFO - Epoch [67/100] train_loss: 1160.9809, val_loss: 1308.2503, lr: 0.000100, 13.70s
2024-10-09 18:34:59,660 - INFO - Saved model at 67
2024-10-09 18:34:59,660 - INFO - Val loss decrease from 1309.6162 to 1308.2503, saving to ./libcity/cache/251222/model_cache/ASTGCN_PEMSD4_epoch67.tar
2024-10-09 18:35:11,875 - INFO - epoch complete!
2024-10-09 18:35:11,875 - INFO - evaluating now!
2024-10-09 18:35:13,334 - INFO - Epoch [68/100] train_loss: 1159.7107, val_loss: 1304.5656, lr: 0.000100, 13.67s
2024-10-09 18:35:13,388 - INFO - Saved model at 68
2024-10-09 18:35:13,389 - INFO - Val loss decrease from 1308.2503 to 1304.5656, saving to ./libcity/cache/251222/model_cache/ASTGCN_PEMSD4_epoch68.tar
2024-10-09 18:35:25,614 - INFO - epoch complete!
2024-10-09 18:35:25,614 - INFO - evaluating now!
2024-10-09 18:35:27,071 - INFO - Epoch [69/100] train_loss: 1155.8366, val_loss: 1315.6234, lr: 0.000100, 13.68s
2024-10-09 18:35:39,311 - INFO - epoch complete!
2024-10-09 18:35:39,311 - INFO - evaluating now!
2024-10-09 18:35:40,771 - INFO - Epoch [70/100] train_loss: 1153.5028, val_loss: 1302.1451, lr: 0.000100, 13.70s
2024-10-09 18:35:40,840 - INFO - Saved model at 70
2024-10-09 18:35:40,841 - INFO - Val loss decrease from 1304.5656 to 1302.1451, saving to ./libcity/cache/251222/model_cache/ASTGCN_PEMSD4_epoch70.tar
2024-10-09 18:35:53,067 - INFO - epoch complete!
2024-10-09 18:35:53,067 - INFO - evaluating now!
2024-10-09 18:35:54,526 - INFO - Epoch [71/100] train_loss: 1151.5955, val_loss: 1303.6662, lr: 0.000100, 13.69s
2024-10-09 18:36:06,787 - INFO - epoch complete!
2024-10-09 18:36:06,787 - INFO - evaluating now!
2024-10-09 18:36:08,247 - INFO - Epoch [72/100] train_loss: 1149.2438, val_loss: 1313.4461, lr: 0.000100, 13.72s
2024-10-09 18:36:20,494 - INFO - epoch complete!
2024-10-09 18:36:20,494 - INFO - evaluating now!
2024-10-09 18:36:21,952 - INFO - Epoch [73/100] train_loss: 1145.7751, val_loss: 1301.7462, lr: 0.000100, 13.70s
2024-10-09 18:36:22,004 - INFO - Saved model at 73
2024-10-09 18:36:22,005 - INFO - Val loss decrease from 1302.1451 to 1301.7462, saving to ./libcity/cache/251222/model_cache/ASTGCN_PEMSD4_epoch73.tar
2024-10-09 18:36:34,230 - INFO - epoch complete!
2024-10-09 18:36:34,230 - INFO - evaluating now!
2024-10-09 18:36:35,689 - INFO - Epoch [74/100] train_loss: 1143.7908, val_loss: 1297.7418, lr: 0.000100, 13.68s
2024-10-09 18:36:35,759 - INFO - Saved model at 74
2024-10-09 18:36:35,759 - INFO - Val loss decrease from 1301.7462 to 1297.7418, saving to ./libcity/cache/251222/model_cache/ASTGCN_PEMSD4_epoch74.tar
2024-10-09 18:36:47,991 - INFO - epoch complete!
2024-10-09 18:36:47,991 - INFO - evaluating now!
2024-10-09 18:36:49,449 - INFO - Epoch [75/100] train_loss: 1140.8172, val_loss: 1292.3332, lr: 0.000100, 13.69s
2024-10-09 18:36:49,519 - INFO - Saved model at 75
2024-10-09 18:36:49,519 - INFO - Val loss decrease from 1297.7418 to 1292.3332, saving to ./libcity/cache/251222/model_cache/ASTGCN_PEMSD4_epoch75.tar
2024-10-09 18:37:01,751 - INFO - epoch complete!
2024-10-09 18:37:01,751 - INFO - evaluating now!
2024-10-09 18:37:03,215 - INFO - Epoch [76/100] train_loss: 1140.0471, val_loss: 1292.8018, lr: 0.000100, 13.70s
2024-10-09 18:37:15,464 - INFO - epoch complete!
2024-10-09 18:37:15,464 - INFO - evaluating now!
2024-10-09 18:37:16,924 - INFO - Epoch [77/100] train_loss: 1136.7730, val_loss: 1295.6122, lr: 0.000100, 13.71s
2024-10-09 18:37:29,166 - INFO - epoch complete!
2024-10-09 18:37:29,166 - INFO - evaluating now!
2024-10-09 18:37:30,619 - INFO - Epoch [78/100] train_loss: 1135.5683, val_loss: 1291.5184, lr: 0.000100, 13.69s
2024-10-09 18:37:30,688 - INFO - Saved model at 78
2024-10-09 18:37:30,688 - INFO - Val loss decrease from 1292.3332 to 1291.5184, saving to ./libcity/cache/251222/model_cache/ASTGCN_PEMSD4_epoch78.tar
2024-10-09 18:37:42,926 - INFO - epoch complete!
2024-10-09 18:37:42,926 - INFO - evaluating now!
2024-10-09 18:37:44,380 - INFO - Epoch [79/100] train_loss: 1132.9744, val_loss: 1292.6525, lr: 0.000100, 13.69s
2024-10-09 18:37:56,605 - INFO - epoch complete!
2024-10-09 18:37:56,605 - INFO - evaluating now!
2024-10-09 18:37:58,058 - INFO - Epoch [80/100] train_loss: 1129.9895, val_loss: 1287.3744, lr: 0.000100, 13.68s
2024-10-09 18:37:58,077 - INFO - Saved model at 80
2024-10-09 18:37:58,077 - INFO - Val loss decrease from 1291.5184 to 1287.3744, saving to ./libcity/cache/251222/model_cache/ASTGCN_PEMSD4_epoch80.tar
2024-10-09 18:38:10,285 - INFO - epoch complete!
2024-10-09 18:38:10,285 - INFO - evaluating now!
2024-10-09 18:38:11,738 - INFO - Epoch [81/100] train_loss: 1128.6734, val_loss: 1284.1687, lr: 0.000100, 13.66s
2024-10-09 18:38:11,757 - INFO - Saved model at 81
2024-10-09 18:38:11,757 - INFO - Val loss decrease from 1287.3744 to 1284.1687, saving to ./libcity/cache/251222/model_cache/ASTGCN_PEMSD4_epoch81.tar
2024-10-09 18:38:23,965 - INFO - epoch complete!
2024-10-09 18:38:23,965 - INFO - evaluating now!
2024-10-09 18:38:25,417 - INFO - Epoch [82/100] train_loss: 1126.0842, val_loss: 1287.5828, lr: 0.000100, 13.66s
2024-10-09 18:38:37,627 - INFO - epoch complete!
2024-10-09 18:38:37,627 - INFO - evaluating now!
2024-10-09 18:38:39,079 - INFO - Epoch [83/100] train_loss: 1126.3578, val_loss: 1281.6281, lr: 0.000100, 13.66s
2024-10-09 18:38:39,148 - INFO - Saved model at 83
2024-10-09 18:38:39,148 - INFO - Val loss decrease from 1284.1687 to 1281.6281, saving to ./libcity/cache/251222/model_cache/ASTGCN_PEMSD4_epoch83.tar
2024-10-09 18:38:51,385 - INFO - epoch complete!
2024-10-09 18:38:51,386 - INFO - evaluating now!
2024-10-09 18:38:52,840 - INFO - Epoch [84/100] train_loss: 1122.8265, val_loss: 1283.6022, lr: 0.000100, 13.69s
2024-10-09 18:39:05,055 - INFO - epoch complete!
2024-10-09 18:39:05,056 - INFO - evaluating now!
2024-10-09 18:39:06,508 - INFO - Epoch [85/100] train_loss: 1120.4119, val_loss: 1283.4708, lr: 0.000100, 13.67s
2024-10-09 18:39:18,714 - INFO - epoch complete!
2024-10-09 18:39:18,714 - INFO - evaluating now!
2024-10-09 18:39:20,165 - INFO - Epoch [86/100] train_loss: 1119.3462, val_loss: 1280.3528, lr: 0.000100, 13.66s
2024-10-09 18:39:20,218 - INFO - Saved model at 86
2024-10-09 18:39:20,218 - INFO - Val loss decrease from 1281.6281 to 1280.3528, saving to ./libcity/cache/251222/model_cache/ASTGCN_PEMSD4_epoch86.tar
2024-10-09 18:39:32,425 - INFO - epoch complete!
2024-10-09 18:39:32,425 - INFO - evaluating now!
2024-10-09 18:39:33,877 - INFO - Epoch [87/100] train_loss: 1118.1877, val_loss: 1276.1423, lr: 0.000100, 13.66s
2024-10-09 18:39:33,947 - INFO - Saved model at 87
2024-10-09 18:39:33,947 - INFO - Val loss decrease from 1280.3528 to 1276.1423, saving to ./libcity/cache/251222/model_cache/ASTGCN_PEMSD4_epoch87.tar
2024-10-09 18:39:46,154 - INFO - epoch complete!
2024-10-09 18:39:46,155 - INFO - evaluating now!
2024-10-09 18:39:47,606 - INFO - Epoch [88/100] train_loss: 1115.6285, val_loss: 1281.8349, lr: 0.000100, 13.66s
2024-10-09 18:39:59,812 - INFO - epoch complete!
2024-10-09 18:39:59,813 - INFO - evaluating now!
2024-10-09 18:40:01,263 - INFO - Epoch [89/100] train_loss: 1114.4294, val_loss: 1275.1389, lr: 0.000100, 13.66s
2024-10-09 18:40:01,281 - INFO - Saved model at 89
2024-10-09 18:40:01,281 - INFO - Val loss decrease from 1276.1423 to 1275.1389, saving to ./libcity/cache/251222/model_cache/ASTGCN_PEMSD4_epoch89.tar
2024-10-09 18:40:13,487 - INFO - epoch complete!
2024-10-09 18:40:13,488 - INFO - evaluating now!
2024-10-09 18:40:14,938 - INFO - Epoch [90/100] train_loss: 1111.6751, val_loss: 1271.2920, lr: 0.000100, 13.66s
2024-10-09 18:40:15,008 - INFO - Saved model at 90
2024-10-09 18:40:15,008 - INFO - Val loss decrease from 1275.1389 to 1271.2920, saving to ./libcity/cache/251222/model_cache/ASTGCN_PEMSD4_epoch90.tar
2024-10-09 18:40:27,218 - INFO - epoch complete!
2024-10-09 18:40:27,218 - INFO - evaluating now!
2024-10-09 18:40:28,671 - INFO - Epoch [91/100] train_loss: 1110.1828, val_loss: 1281.5731, lr: 0.000100, 13.66s
2024-10-09 18:40:40,877 - INFO - epoch complete!
2024-10-09 18:40:40,877 - INFO - evaluating now!
2024-10-09 18:40:42,328 - INFO - Epoch [92/100] train_loss: 1109.2748, val_loss: 1268.9320, lr: 0.000100, 13.66s
2024-10-09 18:40:42,381 - INFO - Saved model at 92
2024-10-09 18:40:42,381 - INFO - Val loss decrease from 1271.2920 to 1268.9320, saving to ./libcity/cache/251222/model_cache/ASTGCN_PEMSD4_epoch92.tar
2024-10-09 18:40:54,589 - INFO - epoch complete!
2024-10-09 18:40:54,589 - INFO - evaluating now!
2024-10-09 18:40:56,040 - INFO - Epoch [93/100] train_loss: 1107.3177, val_loss: 1269.5910, lr: 0.000100, 13.66s
2024-10-09 18:41:08,250 - INFO - epoch complete!
2024-10-09 18:41:08,250 - INFO - evaluating now!
2024-10-09 18:41:09,703 - INFO - Epoch [94/100] train_loss: 1108.2101, val_loss: 1268.0774, lr: 0.000100, 13.66s
2024-10-09 18:41:09,721 - INFO - Saved model at 94
2024-10-09 18:41:09,722 - INFO - Val loss decrease from 1268.9320 to 1268.0774, saving to ./libcity/cache/251222/model_cache/ASTGCN_PEMSD4_epoch94.tar
2024-10-09 18:41:21,951 - INFO - epoch complete!
2024-10-09 18:41:21,951 - INFO - evaluating now!
2024-10-09 18:41:23,407 - INFO - Epoch [95/100] train_loss: 1104.3220, val_loss: 1267.0685, lr: 0.000100, 13.69s
2024-10-09 18:41:23,461 - INFO - Saved model at 95
2024-10-09 18:41:23,461 - INFO - Val loss decrease from 1268.0774 to 1267.0685, saving to ./libcity/cache/251222/model_cache/ASTGCN_PEMSD4_epoch95.tar
2024-10-09 18:41:35,702 - INFO - epoch complete!
2024-10-09 18:41:35,702 - INFO - evaluating now!
2024-10-09 18:41:37,155 - INFO - Epoch [96/100] train_loss: 1101.2182, val_loss: 1274.3330, lr: 0.000100, 13.69s
2024-10-09 18:41:49,395 - INFO - epoch complete!
2024-10-09 18:41:49,395 - INFO - evaluating now!
2024-10-09 18:41:50,850 - INFO - Epoch [97/100] train_loss: 1102.0099, val_loss: 1267.7731, lr: 0.000100, 13.69s
2024-10-09 18:42:03,072 - INFO - epoch complete!
2024-10-09 18:42:03,072 - INFO - evaluating now!
2024-10-09 18:42:04,524 - INFO - Epoch [98/100] train_loss: 1100.6947, val_loss: 1263.8991, lr: 0.000100, 13.67s
2024-10-09 18:42:04,595 - INFO - Saved model at 98
2024-10-09 18:42:04,595 - INFO - Val loss decrease from 1267.0685 to 1263.8991, saving to ./libcity/cache/251222/model_cache/ASTGCN_PEMSD4_epoch98.tar
2024-10-09 18:42:16,807 - INFO - epoch complete!
2024-10-09 18:42:16,808 - INFO - evaluating now!
2024-10-09 18:42:18,260 - INFO - Epoch [99/100] train_loss: 1097.6520, val_loss: 1267.0823, lr: 0.000100, 13.67s
2024-10-09 18:42:18,261 - INFO - Trained totally 100 epochs, average train time is 12.235s, average eval time is 1.456s
2024-10-09 18:42:18,269 - INFO - Loaded model at 98
2024-10-09 18:42:18,270 - INFO - Saved model at ./libcity/cache/251222/model_cache/ASTGCN_PEMSD4.m
2024-10-09 18:42:18,322 - INFO - Start evaluating ...
