2024-10-09 19:16:04,000 - INFO - Log directory: ./libcity/log
2024-10-09 19:16:04,001 - INFO - Begin pipeline, task=MTS_pred, model_name=STGCN, dataset_name=METR_LA, exp_id=251221
2024-10-09 19:16:04,001 - INFO - {'task': 'MTS_pred', 'model': 'STGCN', 'dataset': 'METR_LA', 'saved_model': True, 'exp_id': '251221', 'seed': 0, 'max_epoch': 100, 'dataset_class': 'StatePointDataset', 'executor': 'StateExecutor', 'evaluator': 'StateEvaluator', 'Ks': 3, 'Kt': 3, 'blocks': [[1, 32, 64], [64, 32, 128]], 'dropout': 0, 'graph_conv_type': 'chebconv', 'stgcn_train_mode': 'quick', 'bidir_adj_mx': True, 'scaler': 'standard', 'load_external': False, 'normal_external': False, 'ext_scaler': 'none', 'add_time_in_day': False, 'add_day_in_week': False, 'learner': 'rmsprop', 'learning_rate': 0.001, 'lr_decay': True, 'lr_scheduler': 'steplr', 'lr_decay_ratio': 0.7, 'step_size': 5, 'clip_grad_norm': False, 'use_early_stop': False, 'batch_size': 64, 'cache_dataset': True, 'num_workers': 0, 'pad_with_last_sample': True, 'train_rate': 0.7, 'eval_rate': 0.1, 'input_window': 12, 'output_window': 12, 'robustness_test': False, 'noise_type': 'gaussian', 'disturb_rate': 0.5, 'noise_mean': [5], 'noise_SD': [10], 'gpu': True, 'gpu_id': 0, 'train_loss': 'none', 'epoch': 0, 'weight_decay': 0, 'lr_epsilon': 1e-08, 'lr_beta1': 0.9, 'lr_beta2': 0.999, 'lr_alpha': 0.99, 'lr_momentum': 0, 'steps': [5, 20, 40, 70], 'lr_T_max': 30, 'lr_eta_min': 0, 'lr_patience': 10, 'lr_threshold': 0.0001, 'max_grad_norm': 1.0, 'patience': 50, 'log_level': 'INFO', 'log_every': 1, 'load_best_epoch': True, 'hyper_tune': False, 'metrics': ['MAE', 'MAPE', 'RMSE'], 'evaluator_mode': 'single', 'save_mode': ['csv'], 'geo': {'including_types': ['Point'], 'Point': {}}, 'rel': {'including_types': ['geo'], 'geo': {'cost': 'num'}}, 'dyna': {'including_types': ['state'], 'state': {'entity_id': 'geo_id', 'traffic_speed': 'num'}}, 'data_col': ['traffic_speed'], 'weight_col': 'cost', 'data_files': ['METR_LA'], 'geo_file': 'METR_LA', 'rel_file': 'METR_LA', 'output_dim': 1, 'time_intervals': 300, 'init_weight_inf_or_zero': 'inf', 'set_weight_link_or_dist': 'dist', 'calculate_weight_adj': True, 'weight_adj_epsilon': 0.1, 'device': device(type='cuda', index=0)}
2024-10-09 19:16:04,486 - INFO - Loaded file METR_LA_feature.csv, shape=(34272, 207, 1)
2024-10-09 19:16:05,499 - INFO - Dataset created
2024-10-09 19:16:05,499 - INFO - x shape: (34249, 12, 207, 1), y shape: (34249, 12, 207, 1)
2024-10-09 19:16:05,502 - INFO - train	x: (23974, 12, 207, 1), y: (23974, 12, 207, 1)
2024-10-09 19:16:05,502 - INFO - eval	x: (3425, 12, 207, 1), y: (3425, 12, 207, 1)
2024-10-09 19:16:05,502 - INFO - test	x: (6850, 12, 207, 1), y: (6850, 12, 207, 1)
2024-10-09 19:16:19,221 - INFO - Saved at ./libcity/cache/dataset_cache/point_based_METR_LA_12_12_0.7_0.1_standard_64_False_False_False_True.npz
2024-10-09 19:16:19,398 - INFO - StandardScaler mean: 54.40592829587626, std: 19.493739270573098
2024-10-09 19:16:19,398 - INFO - NoneScaler
2024-10-09 19:16:20,243 - INFO - You select quick mode to train STGCN model.
2024-10-09 19:16:20,371 - INFO - Chebyshev_polynomial_Lk shape: (3, 207, 207)
2024-10-09 19:16:20,476 - INFO - STGCN(
  (st_conv1): STConvBlock(
    (tconv1): TemporalConvLayer(
      (align): Align()
      (conv): Conv2d(1, 64, kernel_size=(3, 1), stride=(1, 1))
    )
    (sconv): SpatioConvLayer(
      (align): Align()
    )
    (tconv2): TemporalConvLayer(
      (align): Align()
      (conv): Conv2d(32, 64, kernel_size=(3, 1), stride=(1, 1))
    )
    (ln): LayerNorm((207, 64), eps=1e-05, elementwise_affine=True)
    (dropout): Dropout(p=0, inplace=False)
  )
  (st_conv2): STConvBlock(
    (tconv1): TemporalConvLayer(
      (align): Align(
        (conv1x1): Conv2d(64, 32, kernel_size=(1, 1), stride=(1, 1))
      )
      (conv): Conv2d(64, 64, kernel_size=(3, 1), stride=(1, 1))
    )
    (sconv): SpatioConvLayer(
      (align): Align()
    )
    (tconv2): TemporalConvLayer(
      (align): Align()
      (conv): Conv2d(32, 128, kernel_size=(3, 1), stride=(1, 1))
    )
    (ln): LayerNorm((207, 128), eps=1e-05, elementwise_affine=True)
    (dropout): Dropout(p=0, inplace=False)
  )
  (output): OutputLayer(
    (tconv1): TemporalConvLayer(
      (align): Align()
      (conv): Conv2d(128, 256, kernel_size=(4, 1), stride=(1, 1))
    )
    (ln): LayerNorm((207, 128), eps=1e-05, elementwise_affine=True)
    (tconv2): TemporalConvLayer(
      (align): Align()
      (conv): Conv2d(128, 128, kernel_size=(1, 1), stride=(1, 1))
    )
    (fc): FullyConvLayer(
      (conv): Conv2d(128, 1, kernel_size=(1, 1), stride=(1, 1))
    )
  )
)
2024-10-09 19:16:20,476 - INFO - st_conv1.tconv1.conv.weight	torch.Size([64, 1, 3, 1])	cuda:0	True
2024-10-09 19:16:20,476 - INFO - st_conv1.tconv1.conv.bias	torch.Size([64])	cuda:0	True
2024-10-09 19:16:20,476 - INFO - st_conv1.sconv.theta	torch.Size([32, 32, 3])	cuda:0	True
2024-10-09 19:16:20,476 - INFO - st_conv1.sconv.b	torch.Size([1, 32, 1, 1])	cuda:0	True
2024-10-09 19:16:20,476 - INFO - st_conv1.tconv2.conv.weight	torch.Size([64, 32, 3, 1])	cuda:0	True
2024-10-09 19:16:20,476 - INFO - st_conv1.tconv2.conv.bias	torch.Size([64])	cuda:0	True
2024-10-09 19:16:20,476 - INFO - st_conv1.ln.weight	torch.Size([207, 64])	cuda:0	True
2024-10-09 19:16:20,477 - INFO - st_conv1.ln.bias	torch.Size([207, 64])	cuda:0	True
2024-10-09 19:16:20,477 - INFO - st_conv2.tconv1.align.conv1x1.weight	torch.Size([32, 64, 1, 1])	cuda:0	True
2024-10-09 19:16:20,477 - INFO - st_conv2.tconv1.align.conv1x1.bias	torch.Size([32])	cuda:0	True
2024-10-09 19:16:20,477 - INFO - st_conv2.tconv1.conv.weight	torch.Size([64, 64, 3, 1])	cuda:0	True
2024-10-09 19:16:20,477 - INFO - st_conv2.tconv1.conv.bias	torch.Size([64])	cuda:0	True
2024-10-09 19:16:20,477 - INFO - st_conv2.sconv.theta	torch.Size([32, 32, 3])	cuda:0	True
2024-10-09 19:16:20,477 - INFO - st_conv2.sconv.b	torch.Size([1, 32, 1, 1])	cuda:0	True
2024-10-09 19:16:20,477 - INFO - st_conv2.tconv2.conv.weight	torch.Size([128, 32, 3, 1])	cuda:0	True
2024-10-09 19:16:20,477 - INFO - st_conv2.tconv2.conv.bias	torch.Size([128])	cuda:0	True
2024-10-09 19:16:20,477 - INFO - st_conv2.ln.weight	torch.Size([207, 128])	cuda:0	True
2024-10-09 19:16:20,477 - INFO - st_conv2.ln.bias	torch.Size([207, 128])	cuda:0	True
2024-10-09 19:16:20,477 - INFO - output.tconv1.conv.weight	torch.Size([256, 128, 4, 1])	cuda:0	True
2024-10-09 19:16:20,477 - INFO - output.tconv1.conv.bias	torch.Size([256])	cuda:0	True
2024-10-09 19:16:20,477 - INFO - output.ln.weight	torch.Size([207, 128])	cuda:0	True
2024-10-09 19:16:20,477 - INFO - output.ln.bias	torch.Size([207, 128])	cuda:0	True
2024-10-09 19:16:20,477 - INFO - output.tconv2.conv.weight	torch.Size([128, 128, 1, 1])	cuda:0	True
2024-10-09 19:16:20,477 - INFO - output.tconv2.conv.bias	torch.Size([128])	cuda:0	True
2024-10-09 19:16:20,477 - INFO - output.fc.conv.weight	torch.Size([1, 128, 1, 1])	cuda:0	True
2024-10-09 19:16:20,477 - INFO - output.fc.conv.bias	torch.Size([1])	cuda:0	True
2024-10-09 19:16:20,477 - INFO - Total parameter numbers: 319969
2024-10-09 19:16:20,477 - INFO - You select `rmsprop` optimizer.
2024-10-09 19:16:20,884 - INFO - You select `steplr` lr_scheduler.
2024-10-09 19:16:20,884 - WARNING - Received none train loss func and will use the loss func defined in the model.
2024-10-09 19:16:20,884 - INFO - Loaded model at ./libcity/cache/251221/model_cache/STGCN_METR_LA.m
2024-10-09 19:16:20,896 - INFO - Start evaluating ...
2024-10-09 19:16:30,793 - INFO - Note that you select the single mode to evaluate!
2024-10-09 19:16:30,795 - INFO - Evaluate result is saved at ./libcity/cache/251221/evaluate_cache/2024_10_09_19_16_30_STGCN_METR_LA.csv
2024-10-09 19:16:30,799 - INFO - 
         MAE      MAPE       RMSE
1   2.728299  0.063045   5.381352
2   2.967200  0.069863   6.066784
3   3.190165  0.076010   6.651386
4   3.402793  0.081682   7.182007
5   3.605758  0.087027   7.662241
6   3.802227  0.092136   8.100489
7   3.989317  0.096997   8.502096
8   4.169845  0.101683   8.876421
9   4.345318  0.106201   9.230507
10  4.513410  0.110532   9.559199
11  4.674795  0.114691   9.864857
12  4.830635  0.118700  10.152264
