2024-10-07 21:03:51,665 - INFO - Log directory: ./libcity/log
2024-10-07 21:03:51,665 - INFO - Begin pipeline, task=MTS_pred, model_name=STGCN, dataset_name=METR_LA, exp_id=251221
2024-10-07 21:03:51,666 - INFO - {'task': 'MTS_pred', 'model': 'STGCN', 'dataset': 'METR_LA', 'saved_model': True, 'exp_id': '251221', 'seed': 0, 'max_epoch': 100, 'dataset_class': 'StatePointDataset', 'executor': 'StateExecutor', 'evaluator': 'StateEvaluator', 'Ks': 3, 'Kt': 3, 'blocks': [[1, 32, 64], [64, 32, 128]], 'dropout': 0, 'graph_conv_type': 'chebconv', 'stgcn_train_mode': 'quick', 'bidir_adj_mx': True, 'scaler': 'standard', 'load_external': False, 'normal_external': False, 'ext_scaler': 'none', 'add_time_in_day': False, 'add_day_in_week': False, 'learner': 'rmsprop', 'learning_rate': 0.001, 'lr_decay': True, 'lr_scheduler': 'steplr', 'lr_decay_ratio': 0.7, 'step_size': 5, 'clip_grad_norm': False, 'use_early_stop': False, 'batch_size': 64, 'cache_dataset': True, 'num_workers': 0, 'pad_with_last_sample': True, 'train_rate': 0.7, 'eval_rate': 0.1, 'input_window': 12, 'output_window': 12, 'robustness_test': False, 'noise_type': 'gaussian', 'disturb_rate': 0.5, 'noise_mean': [5], 'noise_SD': [10], 'gpu': True, 'gpu_id': 0, 'train_loss': 'none', 'epoch': 0, 'weight_decay': 0, 'lr_epsilon': 1e-08, 'lr_beta1': 0.9, 'lr_beta2': 0.999, 'lr_alpha': 0.99, 'lr_momentum': 0, 'steps': [5, 20, 40, 70], 'lr_T_max': 30, 'lr_eta_min': 0, 'lr_patience': 10, 'lr_threshold': 0.0001, 'max_grad_norm': 1.0, 'patience': 50, 'log_level': 'INFO', 'log_every': 1, 'load_best_epoch': True, 'hyper_tune': False, 'metrics': ['MAE', 'MAPE', 'RMSE'], 'evaluator_mode': 'single', 'save_mode': ['csv'], 'geo': {'including_types': ['Point'], 'Point': {}}, 'rel': {'including_types': ['geo'], 'geo': {'cost': 'num'}}, 'dyna': {'including_types': ['state'], 'state': {'entity_id': 'geo_id', 'traffic_speed': 'num'}}, 'data_col': ['traffic_speed'], 'weight_col': 'cost', 'data_files': ['METR_LA'], 'geo_file': 'METR_LA', 'rel_file': 'METR_LA', 'output_dim': 1, 'time_intervals': 300, 'init_weight_inf_or_zero': 'inf', 'set_weight_link_or_dist': 'dist', 'calculate_weight_adj': True, 'weight_adj_epsilon': 0.1, 'device': device(type='cuda', index=0)}
2024-10-07 21:03:52,178 - INFO - Loaded file METR_LA_feature.csv, shape=(34272, 207, 1)
2024-10-07 21:03:53,275 - INFO - Dataset created
2024-10-07 21:03:53,275 - INFO - x shape: (34249, 12, 207, 1), y shape: (34249, 12, 207, 1)
2024-10-07 21:03:53,279 - INFO - train	x: (23974, 12, 207, 1), y: (23974, 12, 207, 1)
2024-10-07 21:03:53,279 - INFO - eval	x: (3425, 12, 207, 1), y: (3425, 12, 207, 1)
2024-10-07 21:03:53,279 - INFO - test	x: (6850, 12, 207, 1), y: (6850, 12, 207, 1)
2024-10-07 21:04:07,456 - INFO - Saved at ./libcity/cache/dataset_cache/point_based_METR_LA_12_12_0.7_0.1_standard_64_False_False_False_True.npz
2024-10-07 21:04:07,663 - INFO - StandardScaler mean: 54.40592829587626, std: 19.493739270573098
2024-10-07 21:04:07,663 - INFO - NoneScaler
2024-10-07 21:04:08,786 - INFO - You select quick mode to train STGCN model.
2024-10-07 21:04:08,926 - INFO - Chebyshev_polynomial_Lk shape: (3, 207, 207)
2024-10-07 21:04:09,144 - INFO - STGCN(
  (st_conv1): STConvBlock(
    (tconv1): TemporalConvLayer(
      (align): Align()
      (conv): Conv2d(1, 64, kernel_size=(3, 1), stride=(1, 1))
    )
    (sconv): SpatioConvLayer(
      (align): Align()
    )
    (tconv2): TemporalConvLayer(
      (align): Align()
      (conv): Conv2d(32, 64, kernel_size=(3, 1), stride=(1, 1))
    )
    (ln): LayerNorm((207, 64), eps=1e-05, elementwise_affine=True)
    (dropout): Dropout(p=0, inplace=False)
  )
  (st_conv2): STConvBlock(
    (tconv1): TemporalConvLayer(
      (align): Align(
        (conv1x1): Conv2d(64, 32, kernel_size=(1, 1), stride=(1, 1))
      )
      (conv): Conv2d(64, 64, kernel_size=(3, 1), stride=(1, 1))
    )
    (sconv): SpatioConvLayer(
      (align): Align()
    )
    (tconv2): TemporalConvLayer(
      (align): Align()
      (conv): Conv2d(32, 128, kernel_size=(3, 1), stride=(1, 1))
    )
    (ln): LayerNorm((207, 128), eps=1e-05, elementwise_affine=True)
    (dropout): Dropout(p=0, inplace=False)
  )
  (output): OutputLayer(
    (tconv1): TemporalConvLayer(
      (align): Align()
      (conv): Conv2d(128, 256, kernel_size=(4, 1), stride=(1, 1))
    )
    (ln): LayerNorm((207, 128), eps=1e-05, elementwise_affine=True)
    (tconv2): TemporalConvLayer(
      (align): Align()
      (conv): Conv2d(128, 128, kernel_size=(1, 1), stride=(1, 1))
    )
    (fc): FullyConvLayer(
      (conv): Conv2d(128, 1, kernel_size=(1, 1), stride=(1, 1))
    )
  )
)
2024-10-07 21:04:09,144 - INFO - st_conv1.tconv1.conv.weight	torch.Size([64, 1, 3, 1])	cuda:0	True
2024-10-07 21:04:09,144 - INFO - st_conv1.tconv1.conv.bias	torch.Size([64])	cuda:0	True
2024-10-07 21:04:09,144 - INFO - st_conv1.sconv.theta	torch.Size([32, 32, 3])	cuda:0	True
2024-10-07 21:04:09,145 - INFO - st_conv1.sconv.b	torch.Size([1, 32, 1, 1])	cuda:0	True
2024-10-07 21:04:09,145 - INFO - st_conv1.tconv2.conv.weight	torch.Size([64, 32, 3, 1])	cuda:0	True
2024-10-07 21:04:09,145 - INFO - st_conv1.tconv2.conv.bias	torch.Size([64])	cuda:0	True
2024-10-07 21:04:09,145 - INFO - st_conv1.ln.weight	torch.Size([207, 64])	cuda:0	True
2024-10-07 21:04:09,145 - INFO - st_conv1.ln.bias	torch.Size([207, 64])	cuda:0	True
2024-10-07 21:04:09,145 - INFO - st_conv2.tconv1.align.conv1x1.weight	torch.Size([32, 64, 1, 1])	cuda:0	True
2024-10-07 21:04:09,145 - INFO - st_conv2.tconv1.align.conv1x1.bias	torch.Size([32])	cuda:0	True
2024-10-07 21:04:09,145 - INFO - st_conv2.tconv1.conv.weight	torch.Size([64, 64, 3, 1])	cuda:0	True
2024-10-07 21:04:09,145 - INFO - st_conv2.tconv1.conv.bias	torch.Size([64])	cuda:0	True
2024-10-07 21:04:09,145 - INFO - st_conv2.sconv.theta	torch.Size([32, 32, 3])	cuda:0	True
2024-10-07 21:04:09,145 - INFO - st_conv2.sconv.b	torch.Size([1, 32, 1, 1])	cuda:0	True
2024-10-07 21:04:09,145 - INFO - st_conv2.tconv2.conv.weight	torch.Size([128, 32, 3, 1])	cuda:0	True
2024-10-07 21:04:09,145 - INFO - st_conv2.tconv2.conv.bias	torch.Size([128])	cuda:0	True
2024-10-07 21:04:09,145 - INFO - st_conv2.ln.weight	torch.Size([207, 128])	cuda:0	True
2024-10-07 21:04:09,145 - INFO - st_conv2.ln.bias	torch.Size([207, 128])	cuda:0	True
2024-10-07 21:04:09,145 - INFO - output.tconv1.conv.weight	torch.Size([256, 128, 4, 1])	cuda:0	True
2024-10-07 21:04:09,145 - INFO - output.tconv1.conv.bias	torch.Size([256])	cuda:0	True
2024-10-07 21:04:09,145 - INFO - output.ln.weight	torch.Size([207, 128])	cuda:0	True
2024-10-07 21:04:09,145 - INFO - output.ln.bias	torch.Size([207, 128])	cuda:0	True
2024-10-07 21:04:09,145 - INFO - output.tconv2.conv.weight	torch.Size([128, 128, 1, 1])	cuda:0	True
2024-10-07 21:04:09,145 - INFO - output.tconv2.conv.bias	torch.Size([128])	cuda:0	True
2024-10-07 21:04:09,145 - INFO - output.fc.conv.weight	torch.Size([1, 128, 1, 1])	cuda:0	True
2024-10-07 21:04:09,145 - INFO - output.fc.conv.bias	torch.Size([1])	cuda:0	True
2024-10-07 21:04:09,146 - INFO - Total parameter numbers: 319969
2024-10-07 21:04:09,146 - INFO - You select `rmsprop` optimizer.
2024-10-07 21:04:09,587 - INFO - You select `steplr` lr_scheduler.
2024-10-07 21:04:09,587 - WARNING - Received none train loss func and will use the loss func defined in the model.
2024-10-07 21:04:09,587 - INFO - Start training ...
2024-10-07 21:04:09,587 - INFO - num_batches:375
2024-10-07 21:04:18,082 - INFO - epoch complete!
2024-10-07 21:04:18,082 - INFO - evaluating now!
2024-10-07 21:04:21,301 - INFO - Epoch [0/100] train_loss: 56.1305, val_loss: 185.9446, lr: 0.001000, 11.71s
2024-10-07 21:04:21,308 - INFO - Saved model at 0
2024-10-07 21:04:21,308 - INFO - Val loss decrease from inf to 185.9446, saving to ./libcity/cache/251221/model_cache/STGCN_METR_LA_epoch0.tar
2024-10-07 21:04:29,035 - INFO - epoch complete!
2024-10-07 21:04:29,036 - INFO - evaluating now!
2024-10-07 21:04:32,237 - INFO - Epoch [1/100] train_loss: 41.2052, val_loss: 186.6648, lr: 0.001000, 10.93s
2024-10-07 21:04:39,981 - INFO - epoch complete!
2024-10-07 21:04:39,981 - INFO - evaluating now!
2024-10-07 21:04:43,195 - INFO - Epoch [2/100] train_loss: 39.7748, val_loss: 146.5309, lr: 0.001000, 10.96s
2024-10-07 21:04:43,201 - INFO - Saved model at 2
2024-10-07 21:04:43,201 - INFO - Val loss decrease from 185.9446 to 146.5309, saving to ./libcity/cache/251221/model_cache/STGCN_METR_LA_epoch2.tar
2024-10-07 21:04:50,947 - INFO - epoch complete!
2024-10-07 21:04:50,947 - INFO - evaluating now!
2024-10-07 21:04:54,154 - INFO - Epoch [3/100] train_loss: 38.9773, val_loss: 192.7995, lr: 0.001000, 10.95s
2024-10-07 21:05:01,900 - INFO - epoch complete!
2024-10-07 21:05:01,900 - INFO - evaluating now!
2024-10-07 21:05:05,060 - INFO - Epoch [4/100] train_loss: 38.5995, val_loss: 136.2381, lr: 0.000700, 10.91s
2024-10-07 21:05:05,067 - INFO - Saved model at 4
2024-10-07 21:05:05,067 - INFO - Val loss decrease from 146.5309 to 136.2381, saving to ./libcity/cache/251221/model_cache/STGCN_METR_LA_epoch4.tar
2024-10-07 21:05:12,823 - INFO - epoch complete!
2024-10-07 21:05:12,823 - INFO - evaluating now!
2024-10-07 21:05:16,021 - INFO - Epoch [5/100] train_loss: 36.8490, val_loss: 128.2852, lr: 0.000700, 10.95s
2024-10-07 21:05:16,028 - INFO - Saved model at 5
2024-10-07 21:05:16,028 - INFO - Val loss decrease from 136.2381 to 128.2852, saving to ./libcity/cache/251221/model_cache/STGCN_METR_LA_epoch5.tar
2024-10-07 21:05:23,771 - INFO - epoch complete!
2024-10-07 21:05:23,771 - INFO - evaluating now!
2024-10-07 21:05:26,987 - INFO - Epoch [6/100] train_loss: 36.6276, val_loss: 134.3281, lr: 0.000700, 10.96s
2024-10-07 21:05:34,728 - INFO - epoch complete!
2024-10-07 21:05:34,728 - INFO - evaluating now!
2024-10-07 21:05:37,935 - INFO - Epoch [7/100] train_loss: 36.3654, val_loss: 132.0184, lr: 0.000700, 10.95s
2024-10-07 21:05:45,690 - INFO - epoch complete!
2024-10-07 21:05:45,691 - INFO - evaluating now!
2024-10-07 21:05:48,891 - INFO - Epoch [8/100] train_loss: 35.8952, val_loss: 140.9320, lr: 0.000700, 10.96s
2024-10-07 21:05:56,648 - INFO - epoch complete!
2024-10-07 21:05:56,649 - INFO - evaluating now!
2024-10-07 21:05:59,812 - INFO - Epoch [9/100] train_loss: 35.8359, val_loss: 129.3415, lr: 0.000490, 10.92s
2024-10-07 21:06:07,393 - INFO - epoch complete!
2024-10-07 21:06:07,393 - INFO - evaluating now!
2024-10-07 21:06:10,494 - INFO - Epoch [10/100] train_loss: 34.9352, val_loss: 130.4635, lr: 0.000490, 10.68s
2024-10-07 21:06:17,980 - INFO - epoch complete!
2024-10-07 21:06:17,980 - INFO - evaluating now!
2024-10-07 21:06:21,095 - INFO - Epoch [11/100] train_loss: 34.6831, val_loss: 143.4768, lr: 0.000490, 10.60s
2024-10-07 21:06:28,569 - INFO - epoch complete!
2024-10-07 21:06:28,569 - INFO - evaluating now!
2024-10-07 21:06:31,670 - INFO - Epoch [12/100] train_loss: 34.5558, val_loss: 138.9565, lr: 0.000490, 10.57s
2024-10-07 21:06:39,175 - INFO - epoch complete!
2024-10-07 21:06:39,175 - INFO - evaluating now!
2024-10-07 21:06:42,283 - INFO - Epoch [13/100] train_loss: 34.2677, val_loss: 128.8792, lr: 0.000490, 10.61s
2024-10-07 21:06:49,787 - INFO - epoch complete!
2024-10-07 21:06:49,787 - INFO - evaluating now!
2024-10-07 21:06:52,895 - INFO - Epoch [14/100] train_loss: 33.9366, val_loss: 125.3358, lr: 0.000343, 10.61s
2024-10-07 21:06:52,901 - INFO - Saved model at 14
2024-10-07 21:06:52,901 - INFO - Val loss decrease from 128.2852 to 125.3358, saving to ./libcity/cache/251221/model_cache/STGCN_METR_LA_epoch14.tar
2024-10-07 21:07:00,449 - INFO - epoch complete!
2024-10-07 21:07:00,449 - INFO - evaluating now!
2024-10-07 21:07:03,653 - INFO - Epoch [15/100] train_loss: 33.2619, val_loss: 127.4528, lr: 0.000343, 10.75s
2024-10-07 21:07:11,298 - INFO - epoch complete!
2024-10-07 21:07:11,299 - INFO - evaluating now!
2024-10-07 21:07:14,251 - INFO - Epoch [16/100] train_loss: 33.2314, val_loss: 125.9532, lr: 0.000343, 10.60s
2024-10-07 21:07:21,359 - INFO - epoch complete!
2024-10-07 21:07:21,359 - INFO - evaluating now!
2024-10-07 21:07:24,311 - INFO - Epoch [17/100] train_loss: 33.0877, val_loss: 125.1932, lr: 0.000343, 10.06s
2024-10-07 21:07:24,318 - INFO - Saved model at 17
2024-10-07 21:07:24,318 - INFO - Val loss decrease from 125.3358 to 125.1932, saving to ./libcity/cache/251221/model_cache/STGCN_METR_LA_epoch17.tar
2024-10-07 21:07:31,551 - INFO - epoch complete!
2024-10-07 21:07:31,552 - INFO - evaluating now!
2024-10-07 21:07:34,758 - INFO - Epoch [18/100] train_loss: 32.7916, val_loss: 129.5988, lr: 0.000343, 10.44s
2024-10-07 21:07:42,512 - INFO - epoch complete!
2024-10-07 21:07:42,512 - INFO - evaluating now!
2024-10-07 21:07:45,722 - INFO - Epoch [19/100] train_loss: 32.7248, val_loss: 124.9853, lr: 0.000240, 10.96s
2024-10-07 21:07:45,729 - INFO - Saved model at 19
2024-10-07 21:07:45,729 - INFO - Val loss decrease from 125.1932 to 124.9853, saving to ./libcity/cache/251221/model_cache/STGCN_METR_LA_epoch19.tar
2024-10-07 21:07:53,404 - INFO - epoch complete!
2024-10-07 21:07:53,405 - INFO - evaluating now!
2024-10-07 21:07:56,612 - INFO - Epoch [20/100] train_loss: 32.3393, val_loss: 125.3527, lr: 0.000240, 10.88s
2024-10-07 21:08:04,360 - INFO - epoch complete!
2024-10-07 21:08:04,360 - INFO - evaluating now!
2024-10-07 21:08:07,571 - INFO - Epoch [21/100] train_loss: 32.0883, val_loss: 140.6436, lr: 0.000240, 10.96s
2024-10-07 21:08:15,333 - INFO - epoch complete!
2024-10-07 21:08:15,333 - INFO - evaluating now!
2024-10-07 21:08:18,539 - INFO - Epoch [22/100] train_loss: 31.9606, val_loss: 123.6134, lr: 0.000240, 10.97s
2024-10-07 21:08:18,545 - INFO - Saved model at 22
2024-10-07 21:08:18,545 - INFO - Val loss decrease from 124.9853 to 123.6134, saving to ./libcity/cache/251221/model_cache/STGCN_METR_LA_epoch22.tar
2024-10-07 21:08:26,290 - INFO - epoch complete!
2024-10-07 21:08:26,290 - INFO - evaluating now!
2024-10-07 21:08:29,497 - INFO - Epoch [23/100] train_loss: 31.6774, val_loss: 127.1309, lr: 0.000240, 10.95s
2024-10-07 21:08:37,223 - INFO - epoch complete!
2024-10-07 21:08:37,224 - INFO - evaluating now!
2024-10-07 21:08:40,429 - INFO - Epoch [24/100] train_loss: 31.5043, val_loss: 125.6466, lr: 0.000168, 10.93s
2024-10-07 21:08:48,118 - INFO - epoch complete!
2024-10-07 21:08:48,118 - INFO - evaluating now!
2024-10-07 21:08:51,327 - INFO - Epoch [25/100] train_loss: 31.2943, val_loss: 123.5261, lr: 0.000168, 10.90s
2024-10-07 21:08:51,334 - INFO - Saved model at 25
2024-10-07 21:08:51,334 - INFO - Val loss decrease from 123.6134 to 123.5261, saving to ./libcity/cache/251221/model_cache/STGCN_METR_LA_epoch25.tar
2024-10-07 21:08:59,079 - INFO - epoch complete!
2024-10-07 21:08:59,080 - INFO - evaluating now!
2024-10-07 21:09:02,290 - INFO - Epoch [26/100] train_loss: 31.1624, val_loss: 125.6851, lr: 0.000168, 10.96s
2024-10-07 21:09:10,043 - INFO - epoch complete!
2024-10-07 21:09:10,044 - INFO - evaluating now!
2024-10-07 21:09:13,252 - INFO - Epoch [27/100] train_loss: 31.0748, val_loss: 130.4589, lr: 0.000168, 10.96s
2024-10-07 21:09:20,994 - INFO - epoch complete!
2024-10-07 21:09:20,995 - INFO - evaluating now!
2024-10-07 21:09:24,200 - INFO - Epoch [28/100] train_loss: 30.9460, val_loss: 125.7710, lr: 0.000168, 10.95s
2024-10-07 21:09:31,925 - INFO - epoch complete!
2024-10-07 21:09:31,925 - INFO - evaluating now!
2024-10-07 21:09:35,126 - INFO - Epoch [29/100] train_loss: 30.8115, val_loss: 133.7707, lr: 0.000118, 10.93s
2024-10-07 21:09:42,792 - INFO - epoch complete!
2024-10-07 21:09:42,793 - INFO - evaluating now!
2024-10-07 21:09:46,010 - INFO - Epoch [30/100] train_loss: 30.6124, val_loss: 128.0880, lr: 0.000118, 10.88s
2024-10-07 21:09:53,784 - INFO - epoch complete!
2024-10-07 21:09:53,784 - INFO - evaluating now!
2024-10-07 21:09:57,009 - INFO - Epoch [31/100] train_loss: 30.4820, val_loss: 125.9466, lr: 0.000118, 11.00s
2024-10-07 21:10:04,796 - INFO - epoch complete!
2024-10-07 21:10:04,796 - INFO - evaluating now!
2024-10-07 21:10:08,013 - INFO - Epoch [32/100] train_loss: 30.4206, val_loss: 130.9566, lr: 0.000118, 11.00s
2024-10-07 21:10:15,636 - INFO - epoch complete!
2024-10-07 21:10:15,636 - INFO - evaluating now!
2024-10-07 21:10:18,740 - INFO - Epoch [33/100] train_loss: 30.3618, val_loss: 124.6401, lr: 0.000118, 10.73s
2024-10-07 21:10:26,267 - INFO - epoch complete!
2024-10-07 21:10:26,267 - INFO - evaluating now!
2024-10-07 21:10:29,384 - INFO - Epoch [34/100] train_loss: 30.2302, val_loss: 125.9595, lr: 0.000082, 10.64s
2024-10-07 21:10:36,868 - INFO - epoch complete!
2024-10-07 21:10:36,868 - INFO - evaluating now!
2024-10-07 21:10:39,951 - INFO - Epoch [35/100] train_loss: 30.1078, val_loss: 126.1238, lr: 0.000082, 10.57s
2024-10-07 21:10:47,243 - INFO - epoch complete!
2024-10-07 21:10:47,243 - INFO - evaluating now!
2024-10-07 21:10:50,100 - INFO - Epoch [36/100] train_loss: 29.9866, val_loss: 125.1983, lr: 0.000082, 10.15s
2024-10-07 21:10:57,081 - INFO - epoch complete!
2024-10-07 21:10:57,081 - INFO - evaluating now!
2024-10-07 21:11:00,119 - INFO - Epoch [37/100] train_loss: 29.9598, val_loss: 135.6759, lr: 0.000082, 10.02s
2024-10-07 21:11:09,494 - INFO - epoch complete!
2024-10-07 21:11:09,495 - INFO - evaluating now!
2024-10-07 21:11:13,554 - INFO - Epoch [38/100] train_loss: 29.8799, val_loss: 126.6357, lr: 0.000082, 13.43s
2024-10-07 21:11:23,407 - INFO - epoch complete!
2024-10-07 21:11:23,407 - INFO - evaluating now!
2024-10-07 21:11:27,478 - INFO - Epoch [39/100] train_loss: 29.8242, val_loss: 124.2189, lr: 0.000058, 13.92s
2024-10-07 21:11:37,351 - INFO - epoch complete!
2024-10-07 21:11:37,351 - INFO - evaluating now!
2024-10-07 21:11:41,330 - INFO - Epoch [40/100] train_loss: 29.6856, val_loss: 129.1643, lr: 0.000058, 13.85s
2024-10-07 21:11:51,206 - INFO - epoch complete!
2024-10-07 21:11:51,206 - INFO - evaluating now!
2024-10-07 21:11:55,244 - INFO - Epoch [41/100] train_loss: 29.6588, val_loss: 127.1548, lr: 0.000058, 13.91s
2024-10-07 21:12:05,108 - INFO - epoch complete!
2024-10-07 21:12:05,108 - INFO - evaluating now!
2024-10-07 21:12:09,166 - INFO - Epoch [42/100] train_loss: 29.6301, val_loss: 128.4315, lr: 0.000058, 13.92s
2024-10-07 21:12:19,002 - INFO - epoch complete!
2024-10-07 21:12:19,003 - INFO - evaluating now!
2024-10-07 21:12:23,067 - INFO - Epoch [43/100] train_loss: 29.5661, val_loss: 125.7356, lr: 0.000058, 13.90s
2024-10-07 21:12:32,946 - INFO - epoch complete!
2024-10-07 21:12:32,947 - INFO - evaluating now!
2024-10-07 21:12:36,998 - INFO - Epoch [44/100] train_loss: 29.5428, val_loss: 126.8587, lr: 0.000040, 13.93s
2024-10-07 21:12:46,866 - INFO - epoch complete!
2024-10-07 21:12:46,866 - INFO - evaluating now!
2024-10-07 21:12:50,893 - INFO - Epoch [45/100] train_loss: 29.4613, val_loss: 127.2542, lr: 0.000040, 13.89s
2024-10-07 21:13:00,736 - INFO - epoch complete!
2024-10-07 21:13:00,736 - INFO - evaluating now!
2024-10-07 21:13:04,801 - INFO - Epoch [46/100] train_loss: 29.4073, val_loss: 125.5423, lr: 0.000040, 13.91s
2024-10-07 21:13:14,659 - INFO - epoch complete!
2024-10-07 21:13:14,659 - INFO - evaluating now!
2024-10-07 21:13:18,713 - INFO - Epoch [47/100] train_loss: 29.3840, val_loss: 127.9356, lr: 0.000040, 13.91s
2024-10-07 21:13:28,573 - INFO - epoch complete!
2024-10-07 21:13:28,573 - INFO - evaluating now!
2024-10-07 21:13:32,613 - INFO - Epoch [48/100] train_loss: 29.3683, val_loss: 127.1362, lr: 0.000040, 13.90s
2024-10-07 21:13:42,502 - INFO - epoch complete!
2024-10-07 21:13:42,502 - INFO - evaluating now!
2024-10-07 21:13:46,566 - INFO - Epoch [49/100] train_loss: 29.3095, val_loss: 126.9611, lr: 0.000028, 13.95s
2024-10-07 21:13:55,941 - INFO - epoch complete!
2024-10-07 21:13:55,941 - INFO - evaluating now!
2024-10-07 21:13:59,535 - INFO - Epoch [50/100] train_loss: 29.2543, val_loss: 125.3988, lr: 0.000028, 12.97s
2024-10-07 21:14:08,197 - INFO - epoch complete!
2024-10-07 21:14:08,197 - INFO - evaluating now!
2024-10-07 21:14:11,797 - INFO - Epoch [51/100] train_loss: 29.2233, val_loss: 126.9909, lr: 0.000028, 12.26s
2024-10-07 21:14:20,889 - INFO - epoch complete!
2024-10-07 21:14:20,889 - INFO - evaluating now!
2024-10-07 21:14:24,945 - INFO - Epoch [52/100] train_loss: 29.2205, val_loss: 126.0343, lr: 0.000028, 13.15s
2024-10-07 21:14:34,797 - INFO - epoch complete!
2024-10-07 21:14:34,797 - INFO - evaluating now!
2024-10-07 21:14:38,841 - INFO - Epoch [53/100] train_loss: 29.2028, val_loss: 128.1156, lr: 0.000028, 13.90s
2024-10-07 21:14:48,717 - INFO - epoch complete!
2024-10-07 21:14:48,718 - INFO - evaluating now!
2024-10-07 21:14:52,773 - INFO - Epoch [54/100] train_loss: 29.1863, val_loss: 125.8745, lr: 0.000020, 13.93s
2024-10-07 21:15:02,655 - INFO - epoch complete!
2024-10-07 21:15:02,655 - INFO - evaluating now!
2024-10-07 21:15:06,623 - INFO - Epoch [55/100] train_loss: 29.1273, val_loss: 126.3749, lr: 0.000020, 13.85s
2024-10-07 21:15:15,250 - INFO - epoch complete!
2024-10-07 21:15:15,250 - INFO - evaluating now!
2024-10-07 21:15:18,722 - INFO - Epoch [56/100] train_loss: 29.1091, val_loss: 126.9716, lr: 0.000020, 12.10s
2024-10-07 21:15:24,774 - INFO - epoch complete!
2024-10-07 21:15:24,774 - INFO - evaluating now!
2024-10-07 21:15:27,337 - INFO - Epoch [57/100] train_loss: 29.1148, val_loss: 125.8231, lr: 0.000020, 8.61s
2024-10-07 21:15:33,930 - INFO - epoch complete!
2024-10-07 21:15:33,930 - INFO - evaluating now!
2024-10-07 21:15:36,692 - INFO - Epoch [58/100] train_loss: 29.0894, val_loss: 125.7804, lr: 0.000020, 9.35s
2024-10-07 21:15:43,302 - INFO - epoch complete!
2024-10-07 21:15:43,302 - INFO - evaluating now!
2024-10-07 21:15:46,063 - INFO - Epoch [59/100] train_loss: 29.0827, val_loss: 126.3363, lr: 0.000014, 9.37s
2024-10-07 21:15:52,750 - INFO - epoch complete!
2024-10-07 21:15:52,751 - INFO - evaluating now!
2024-10-07 21:15:55,622 - INFO - Epoch [60/100] train_loss: 29.0458, val_loss: 125.4361, lr: 0.000014, 9.56s
2024-10-07 21:16:02,488 - INFO - epoch complete!
2024-10-07 21:16:02,488 - INFO - evaluating now!
2024-10-07 21:16:05,372 - INFO - Epoch [61/100] train_loss: 29.0394, val_loss: 126.2585, lr: 0.000014, 9.75s
2024-10-07 21:16:12,194 - INFO - epoch complete!
2024-10-07 21:16:12,195 - INFO - evaluating now!
2024-10-07 21:16:15,040 - INFO - Epoch [62/100] train_loss: 29.0300, val_loss: 126.4613, lr: 0.000014, 9.67s
2024-10-07 21:16:22,002 - INFO - epoch complete!
2024-10-07 21:16:22,003 - INFO - evaluating now!
2024-10-07 21:16:24,875 - INFO - Epoch [63/100] train_loss: 29.0176, val_loss: 126.0837, lr: 0.000014, 9.83s
2024-10-07 21:16:31,646 - INFO - epoch complete!
2024-10-07 21:16:31,646 - INFO - evaluating now!
2024-10-07 21:16:34,074 - INFO - Epoch [64/100] train_loss: 29.0068, val_loss: 126.0450, lr: 0.000010, 9.20s
2024-10-07 21:16:39,928 - INFO - epoch complete!
2024-10-07 21:16:39,928 - INFO - evaluating now!
2024-10-07 21:16:42,372 - INFO - Epoch [65/100] train_loss: 28.9865, val_loss: 125.6942, lr: 0.000010, 8.30s
2024-10-07 21:16:48,449 - INFO - epoch complete!
2024-10-07 21:16:48,449 - INFO - evaluating now!
2024-10-07 21:16:51,323 - INFO - Epoch [66/100] train_loss: 28.9776, val_loss: 125.6099, lr: 0.000010, 8.95s
2024-10-07 21:16:58,193 - INFO - epoch complete!
2024-10-07 21:16:58,193 - INFO - evaluating now!
2024-10-07 21:17:01,052 - INFO - Epoch [67/100] train_loss: 28.9793, val_loss: 126.2311, lr: 0.000010, 9.73s
2024-10-07 21:17:07,961 - INFO - epoch complete!
2024-10-07 21:17:07,961 - INFO - evaluating now!
2024-10-07 21:17:10,815 - INFO - Epoch [68/100] train_loss: 28.9644, val_loss: 126.0061, lr: 0.000010, 9.76s
2024-10-07 21:17:17,644 - INFO - epoch complete!
2024-10-07 21:17:17,644 - INFO - evaluating now!
2024-10-07 21:17:20,533 - INFO - Epoch [69/100] train_loss: 28.9607, val_loss: 125.6984, lr: 0.000007, 9.72s
2024-10-07 21:17:27,474 - INFO - epoch complete!
2024-10-07 21:17:27,474 - INFO - evaluating now!
2024-10-07 21:17:30,387 - INFO - Epoch [70/100] train_loss: 28.9454, val_loss: 126.3831, lr: 0.000007, 9.85s
2024-10-07 21:17:39,096 - INFO - epoch complete!
2024-10-07 21:17:39,096 - INFO - evaluating now!
2024-10-07 21:17:43,144 - INFO - Epoch [71/100] train_loss: 28.9413, val_loss: 126.2971, lr: 0.000007, 12.76s
2024-10-07 21:17:53,054 - INFO - epoch complete!
2024-10-07 21:17:53,055 - INFO - evaluating now!
2024-10-07 21:17:57,136 - INFO - Epoch [72/100] train_loss: 28.9323, val_loss: 125.5486, lr: 0.000007, 13.99s
2024-10-07 21:18:07,029 - INFO - epoch complete!
2024-10-07 21:18:07,029 - INFO - evaluating now!
2024-10-07 21:18:11,118 - INFO - Epoch [73/100] train_loss: 28.9350, val_loss: 125.6462, lr: 0.000007, 13.98s
2024-10-07 21:18:21,003 - INFO - epoch complete!
2024-10-07 21:18:21,003 - INFO - evaluating now!
2024-10-07 21:18:25,090 - INFO - Epoch [74/100] train_loss: 28.9240, val_loss: 125.7881, lr: 0.000005, 13.97s
2024-10-07 21:18:34,799 - INFO - epoch complete!
2024-10-07 21:18:34,799 - INFO - evaluating now!
2024-10-07 21:18:38,604 - INFO - Epoch [75/100] train_loss: 28.9132, val_loss: 125.6198, lr: 0.000005, 13.51s
2024-10-07 21:18:47,855 - INFO - epoch complete!
2024-10-07 21:18:47,855 - INFO - evaluating now!
2024-10-07 21:18:51,675 - INFO - Epoch [76/100] train_loss: 28.9137, val_loss: 125.7574, lr: 0.000005, 13.07s
2024-10-07 21:19:01,112 - INFO - epoch complete!
2024-10-07 21:19:01,112 - INFO - evaluating now!
2024-10-07 21:19:05,116 - INFO - Epoch [77/100] train_loss: 28.9078, val_loss: 125.4598, lr: 0.000005, 13.44s
2024-10-07 21:19:14,748 - INFO - epoch complete!
2024-10-07 21:19:14,749 - INFO - evaluating now!
2024-10-07 21:19:18,292 - INFO - Epoch [78/100] train_loss: 28.9033, val_loss: 125.8486, lr: 0.000005, 13.18s
2024-10-07 21:19:26,686 - INFO - epoch complete!
2024-10-07 21:19:26,686 - INFO - evaluating now!
2024-10-07 21:19:30,160 - INFO - Epoch [79/100] train_loss: 28.9036, val_loss: 125.9979, lr: 0.000003, 11.87s
2024-10-07 21:19:38,570 - INFO - epoch complete!
2024-10-07 21:19:38,570 - INFO - evaluating now!
2024-10-07 21:19:42,282 - INFO - Epoch [80/100] train_loss: 28.8914, val_loss: 125.9121, lr: 0.000003, 12.12s
2024-10-07 21:19:51,880 - INFO - epoch complete!
2024-10-07 21:19:51,880 - INFO - evaluating now!
2024-10-07 21:19:55,854 - INFO - Epoch [81/100] train_loss: 28.8910, val_loss: 126.3882, lr: 0.000003, 13.57s
2024-10-07 21:20:05,457 - INFO - epoch complete!
2024-10-07 21:20:05,458 - INFO - evaluating now!
2024-10-07 21:20:09,471 - INFO - Epoch [82/100] train_loss: 28.8878, val_loss: 125.7886, lr: 0.000003, 13.62s
2024-10-07 21:20:19,350 - INFO - epoch complete!
2024-10-07 21:20:19,350 - INFO - evaluating now!
2024-10-07 21:20:23,425 - INFO - Epoch [83/100] train_loss: 28.8848, val_loss: 125.9749, lr: 0.000003, 13.95s
2024-10-07 21:20:33,260 - INFO - epoch complete!
2024-10-07 21:20:33,260 - INFO - evaluating now!
2024-10-07 21:20:37,289 - INFO - Epoch [84/100] train_loss: 28.8866, val_loss: 125.9225, lr: 0.000002, 13.86s
2024-10-07 21:20:47,132 - INFO - epoch complete!
2024-10-07 21:20:47,132 - INFO - evaluating now!
2024-10-07 21:20:51,187 - INFO - Epoch [85/100] train_loss: 28.8791, val_loss: 125.8895, lr: 0.000002, 13.90s
2024-10-07 21:21:01,067 - INFO - epoch complete!
2024-10-07 21:21:01,067 - INFO - evaluating now!
2024-10-07 21:21:05,155 - INFO - Epoch [86/100] train_loss: 28.8776, val_loss: 125.8547, lr: 0.000002, 13.97s
2024-10-07 21:21:15,030 - INFO - epoch complete!
2024-10-07 21:21:15,030 - INFO - evaluating now!
2024-10-07 21:21:19,080 - INFO - Epoch [87/100] train_loss: 28.8742, val_loss: 125.7259, lr: 0.000002, 13.92s
2024-10-07 21:21:28,959 - INFO - epoch complete!
2024-10-07 21:21:28,959 - INFO - evaluating now!
2024-10-07 21:21:33,055 - INFO - Epoch [88/100] train_loss: 28.8741, val_loss: 125.7106, lr: 0.000002, 13.97s
2024-10-07 21:21:42,943 - INFO - epoch complete!
2024-10-07 21:21:42,943 - INFO - evaluating now!
2024-10-07 21:21:47,011 - INFO - Epoch [89/100] train_loss: 28.8697, val_loss: 125.9637, lr: 0.000002, 13.96s
2024-10-07 21:21:56,903 - INFO - epoch complete!
2024-10-07 21:21:56,904 - INFO - evaluating now!
2024-10-07 21:22:00,962 - INFO - Epoch [90/100] train_loss: 28.8686, val_loss: 125.7790, lr: 0.000002, 13.95s
2024-10-07 21:22:10,854 - INFO - epoch complete!
2024-10-07 21:22:10,854 - INFO - evaluating now!
2024-10-07 21:22:14,926 - INFO - Epoch [91/100] train_loss: 28.8665, val_loss: 125.9543, lr: 0.000002, 13.96s
2024-10-07 21:22:24,825 - INFO - epoch complete!
2024-10-07 21:22:24,825 - INFO - evaluating now!
2024-10-07 21:22:28,891 - INFO - Epoch [92/100] train_loss: 28.8663, val_loss: 125.7942, lr: 0.000002, 13.96s
2024-10-07 21:22:38,153 - INFO - epoch complete!
2024-10-07 21:22:38,153 - INFO - evaluating now!
2024-10-07 21:22:41,731 - INFO - Epoch [93/100] train_loss: 28.8650, val_loss: 125.7149, lr: 0.000002, 12.84s
2024-10-07 21:22:50,381 - INFO - epoch complete!
2024-10-07 21:22:50,382 - INFO - evaluating now!
2024-10-07 21:22:53,960 - INFO - Epoch [94/100] train_loss: 28.8632, val_loss: 125.7103, lr: 0.000001, 12.23s
2024-10-07 21:23:02,772 - INFO - epoch complete!
2024-10-07 21:23:02,772 - INFO - evaluating now!
2024-10-07 21:23:06,575 - INFO - Epoch [95/100] train_loss: 28.8604, val_loss: 125.6743, lr: 0.000001, 12.61s
2024-10-07 21:23:15,744 - INFO - epoch complete!
2024-10-07 21:23:15,745 - INFO - evaluating now!
2024-10-07 21:23:19,550 - INFO - Epoch [96/100] train_loss: 28.8595, val_loss: 125.7658, lr: 0.000001, 12.97s
2024-10-07 21:23:29,043 - INFO - epoch complete!
2024-10-07 21:23:29,044 - INFO - evaluating now!
2024-10-07 21:23:33,128 - INFO - Epoch [97/100] train_loss: 28.8590, val_loss: 125.7713, lr: 0.000001, 13.58s
2024-10-07 21:23:42,866 - INFO - epoch complete!
2024-10-07 21:23:42,866 - INFO - evaluating now!
2024-10-07 21:23:46,938 - INFO - Epoch [98/100] train_loss: 28.8578, val_loss: 125.7223, lr: 0.000001, 13.81s
2024-10-07 21:23:56,319 - INFO - epoch complete!
2024-10-07 21:23:56,459 - INFO - evaluating now!
2024-10-07 21:24:00,378 - INFO - Epoch [99/100] train_loss: 28.8575, val_loss: 125.8375, lr: 0.000001, 13.41s
2024-10-07 21:24:00,386 - INFO - Trained totally 100 epochs, average train time is 8.422s, average eval time is 3.482s
2024-10-07 21:24:01,080 - INFO - Loaded model at 25
2024-10-07 21:24:01,082 - INFO - Saved model at ./libcity/cache/251221/model_cache/STGCN_METR_LA.m
2024-10-07 21:24:01,209 - INFO - Start evaluating ...
2024-10-07 21:24:24,844 - INFO - Note that you select the single mode to evaluate!
2024-10-07 21:24:24,939 - INFO - Evaluate result is saved at ./libcity/cache/251221/evaluate_cache/2024_10_07_21_24_24_STGCN_METR_LA.csv
2024-10-07 21:24:24,988 - INFO - 
         MAE      MAPE       RMSE
1   2.728299  0.063045   5.381352
2   2.967200  0.069863   6.066784
3   3.190165  0.076010   6.651386
4   3.402793  0.081682   7.182007
5   3.605758  0.087027   7.662241
6   3.802227  0.092136   8.100489
7   3.989317  0.096997   8.502096
8   4.169845  0.101683   8.876421
9   4.345318  0.106201   9.230507
10  4.513410  0.110532   9.559199
11  4.674795  0.114691   9.864857
12  4.830635  0.118700  10.152264
