2024-10-09 19:29:39,878 - INFO - Log directory: ./libcity/log
2024-10-09 19:29:39,878 - INFO - Begin pipeline, task=MTS_pred, model_name=GRU, dataset_name=METR_LA, exp_id=251221
2024-10-09 19:29:39,878 - INFO - {'task': 'MTS_pred', 'model': 'RNN', 'dataset': 'METR_LA', 'saved_model': True, 'exp_id': '251221', 'seed': 0, 'max_epoch': 100, 'dataset_class': 'StatePointDataset', 'executor': 'StateExecutor', 'evaluator': 'StateEvaluator', 'rnn_type': 'GRU', 'hidden_size': 64, 'num_layers': 1, 'dropout': 0, 'bidirectional': False, 'teacher_forcing_ratio': 0, 'scaler': 'standard', 'load_external': False, 'normal_external': False, 'ext_scaler': 'none', 'add_time_in_day': True, 'add_day_in_week': False, 'learner': 'adam', 'learning_rate': 0.01, 'lr_decay': True, 'lr_scheduler': 'multisteplr', 'lr_decay_ratio': 0.1, 'steps': [5, 20, 40, 70], 'clip_grad_norm': True, 'max_grad_norm': 5, 'use_early_stop': True, 'patience': 50, 'batch_size': 64, 'cache_dataset': True, 'num_workers': 0, 'pad_with_last_sample': True, 'train_rate': 0.7, 'eval_rate': 0.1, 'input_window': 12, 'output_window': 12, 'robustness_test': False, 'noise_type': 'gaussian', 'disturb_rate': 0.5, 'noise_mean': [5], 'noise_SD': [10], 'gpu': True, 'gpu_id': 0, 'train_loss': 'none', 'epoch': 0, 'weight_decay': 0, 'lr_epsilon': 1e-08, 'lr_beta1': 0.9, 'lr_beta2': 0.999, 'lr_alpha': 0.99, 'lr_momentum': 0, 'step_size': 10, 'lr_T_max': 30, 'lr_eta_min': 0, 'lr_patience': 10, 'lr_threshold': 0.0001, 'log_level': 'INFO', 'log_every': 1, 'load_best_epoch': True, 'hyper_tune': False, 'metrics': ['MAE', 'MAPE', 'RMSE'], 'evaluator_mode': 'single', 'save_mode': ['csv'], 'geo': {'including_types': ['Point'], 'Point': {}}, 'rel': {'including_types': ['geo'], 'geo': {'cost': 'num'}}, 'dyna': {'including_types': ['state'], 'state': {'entity_id': 'geo_id', 'traffic_speed': 'num'}}, 'data_col': ['traffic_speed'], 'weight_col': 'cost', 'data_files': ['METR_LA'], 'geo_file': 'METR_LA', 'rel_file': 'METR_LA', 'output_dim': 1, 'time_intervals': 300, 'init_weight_inf_or_zero': 'inf', 'set_weight_link_or_dist': 'dist', 'calculate_weight_adj': True, 'weight_adj_epsilon': 0.1, 'device': device(type='cuda', index=0)}
2024-10-09 19:29:40,360 - INFO - Loaded file METR_LA_feature.csv, shape=(34272, 207, 1)
2024-10-09 19:29:41,361 - INFO - Dataset created
2024-10-09 19:29:41,361 - INFO - x shape: (34249, 12, 207, 1), y shape: (34249, 12, 207, 1)
2024-10-09 19:29:41,364 - INFO - train	x: (23974, 12, 207, 1), y: (23974, 12, 207, 1)
2024-10-09 19:29:41,364 - INFO - eval	x: (3425, 12, 207, 1), y: (3425, 12, 207, 1)
2024-10-09 19:29:41,365 - INFO - test	x: (6850, 12, 207, 1), y: (6850, 12, 207, 1)
2024-10-09 19:29:54,371 - INFO - Saved at ./libcity/cache/dataset_cache/point_based_METR_LA_12_12_0.7_0.1_standard_64_False_True_False_True.npz
2024-10-09 19:29:54,555 - INFO - StandardScaler mean: 54.40592829587626, std: 19.493739270573098
2024-10-09 19:29:54,555 - INFO - NoneScaler
2024-10-09 19:29:55,397 - INFO - You select rnn_type GRU in RNN!
2024-10-09 19:29:55,517 - INFO - RNN(
  (rnn): GRU(207, 64)
  (fc): Linear(in_features=64, out_features=207, bias=True)
)
2024-10-09 19:29:55,517 - INFO - rnn.weight_ih_l0	torch.Size([192, 207])	cuda:0	True
2024-10-09 19:29:55,517 - INFO - rnn.weight_hh_l0	torch.Size([192, 64])	cuda:0	True
2024-10-09 19:29:55,517 - INFO - rnn.bias_ih_l0	torch.Size([192])	cuda:0	True
2024-10-09 19:29:55,517 - INFO - rnn.bias_hh_l0	torch.Size([192])	cuda:0	True
2024-10-09 19:29:55,517 - INFO - fc.weight	torch.Size([207, 64])	cuda:0	True
2024-10-09 19:29:55,517 - INFO - fc.bias	torch.Size([207])	cuda:0	True
2024-10-09 19:29:55,517 - INFO - Total parameter numbers: 65871
2024-10-09 19:29:55,517 - INFO - You select `adam` optimizer.
2024-10-09 19:29:55,922 - INFO - You select `multisteplr` lr_scheduler.
2024-10-09 19:29:55,922 - WARNING - Received none train loss func and will use the loss func defined in the model.
2024-10-09 19:29:55,923 - INFO - Start training ...
2024-10-09 19:29:55,923 - INFO - num_batches:375
2024-10-09 19:30:03,074 - INFO - epoch complete!
2024-10-09 19:30:03,075 - INFO - evaluating now!
2024-10-09 19:30:03,277 - INFO - Epoch [0/100] train_loss: 4.1270, val_loss: 3.6691, lr: 0.010000, 7.35s
2024-10-09 19:30:03,279 - INFO - Saved model at 0
2024-10-09 19:30:03,279 - INFO - Val loss decrease from inf to 3.6691, saving to ./libcity/cache/251221/model_cache/RNN_METR_LA_epoch0.tar
2024-10-09 19:30:10,225 - INFO - epoch complete!
2024-10-09 19:30:10,225 - INFO - evaluating now!
2024-10-09 19:30:10,427 - INFO - Epoch [1/100] train_loss: 3.5264, val_loss: 3.6506, lr: 0.010000, 7.15s
2024-10-09 19:30:10,429 - INFO - Saved model at 1
2024-10-09 19:30:10,429 - INFO - Val loss decrease from 3.6691 to 3.6506, saving to ./libcity/cache/251221/model_cache/RNN_METR_LA_epoch1.tar
2024-10-09 19:30:17,303 - INFO - epoch complete!
2024-10-09 19:30:17,303 - INFO - evaluating now!
2024-10-09 19:30:17,495 - INFO - Epoch [2/100] train_loss: 3.4245, val_loss: 3.5652, lr: 0.010000, 7.07s
2024-10-09 19:30:17,497 - INFO - Saved model at 2
2024-10-09 19:30:17,497 - INFO - Val loss decrease from 3.6506 to 3.5652, saving to ./libcity/cache/251221/model_cache/RNN_METR_LA_epoch2.tar
2024-10-09 19:30:24,406 - INFO - epoch complete!
2024-10-09 19:30:24,407 - INFO - evaluating now!
2024-10-09 19:30:24,608 - INFO - Epoch [3/100] train_loss: 3.3510, val_loss: 3.5562, lr: 0.010000, 7.11s
2024-10-09 19:30:24,611 - INFO - Saved model at 3
2024-10-09 19:30:24,611 - INFO - Val loss decrease from 3.5652 to 3.5562, saving to ./libcity/cache/251221/model_cache/RNN_METR_LA_epoch3.tar
2024-10-09 19:30:31,581 - INFO - epoch complete!
2024-10-09 19:30:31,581 - INFO - evaluating now!
2024-10-09 19:30:31,783 - INFO - Epoch [4/100] train_loss: 3.3335, val_loss: 3.5904, lr: 0.001000, 7.17s
2024-10-09 19:30:38,901 - INFO - epoch complete!
2024-10-09 19:30:38,901 - INFO - evaluating now!
2024-10-09 19:30:39,102 - INFO - Epoch [5/100] train_loss: 3.1407, val_loss: 3.4605, lr: 0.001000, 7.32s
2024-10-09 19:30:39,104 - INFO - Saved model at 5
2024-10-09 19:30:39,104 - INFO - Val loss decrease from 3.5562 to 3.4605, saving to ./libcity/cache/251221/model_cache/RNN_METR_LA_epoch5.tar
2024-10-09 19:30:45,767 - INFO - epoch complete!
2024-10-09 19:30:45,767 - INFO - evaluating now!
2024-10-09 19:30:45,967 - INFO - Epoch [6/100] train_loss: 3.1032, val_loss: 3.4496, lr: 0.001000, 6.86s
2024-10-09 19:30:45,969 - INFO - Saved model at 6
2024-10-09 19:30:45,969 - INFO - Val loss decrease from 3.4605 to 3.4496, saving to ./libcity/cache/251221/model_cache/RNN_METR_LA_epoch6.tar
2024-10-09 19:30:52,570 - INFO - epoch complete!
2024-10-09 19:30:52,570 - INFO - evaluating now!
2024-10-09 19:30:52,770 - INFO - Epoch [7/100] train_loss: 3.0902, val_loss: 3.4505, lr: 0.001000, 6.80s
2024-10-09 19:30:59,540 - INFO - epoch complete!
2024-10-09 19:30:59,540 - INFO - evaluating now!
2024-10-09 19:30:59,738 - INFO - Epoch [8/100] train_loss: 3.0758, val_loss: 3.4548, lr: 0.001000, 6.97s
2024-10-09 19:31:06,774 - INFO - epoch complete!
2024-10-09 19:31:06,774 - INFO - evaluating now!
2024-10-09 19:31:06,975 - INFO - Epoch [9/100] train_loss: 3.0687, val_loss: 3.4393, lr: 0.001000, 7.24s
2024-10-09 19:31:06,977 - INFO - Saved model at 9
2024-10-09 19:31:06,977 - INFO - Val loss decrease from 3.4496 to 3.4393, saving to ./libcity/cache/251221/model_cache/RNN_METR_LA_epoch9.tar
2024-10-09 19:31:13,794 - INFO - epoch complete!
2024-10-09 19:31:13,794 - INFO - evaluating now!
2024-10-09 19:31:13,995 - INFO - Epoch [10/100] train_loss: 3.0591, val_loss: 3.4426, lr: 0.001000, 7.02s
2024-10-09 19:31:20,513 - INFO - epoch complete!
2024-10-09 19:31:20,514 - INFO - evaluating now!
2024-10-09 19:31:20,715 - INFO - Epoch [11/100] train_loss: 3.0508, val_loss: 3.4400, lr: 0.001000, 6.72s
2024-10-09 19:31:27,339 - INFO - epoch complete!
2024-10-09 19:31:27,339 - INFO - evaluating now!
2024-10-09 19:31:27,541 - INFO - Epoch [12/100] train_loss: 3.0440, val_loss: 3.4456, lr: 0.001000, 6.83s
2024-10-09 19:31:34,335 - INFO - epoch complete!
2024-10-09 19:31:34,335 - INFO - evaluating now!
2024-10-09 19:31:34,536 - INFO - Epoch [13/100] train_loss: 3.0373, val_loss: 3.4567, lr: 0.001000, 7.00s
2024-10-09 19:31:41,255 - INFO - epoch complete!
2024-10-09 19:31:41,255 - INFO - evaluating now!
2024-10-09 19:31:41,459 - INFO - Epoch [14/100] train_loss: 3.0303, val_loss: 3.4559, lr: 0.001000, 6.92s
2024-10-09 19:31:48,411 - INFO - epoch complete!
2024-10-09 19:31:48,411 - INFO - evaluating now!
2024-10-09 19:31:48,610 - INFO - Epoch [15/100] train_loss: 3.0237, val_loss: 3.4625, lr: 0.001000, 7.15s
2024-10-09 19:31:55,425 - INFO - epoch complete!
2024-10-09 19:31:55,425 - INFO - evaluating now!
2024-10-09 19:31:55,629 - INFO - Epoch [16/100] train_loss: 3.0174, val_loss: 3.4703, lr: 0.001000, 7.02s
2024-10-09 19:32:02,270 - INFO - epoch complete!
2024-10-09 19:32:02,271 - INFO - evaluating now!
2024-10-09 19:32:02,471 - INFO - Epoch [17/100] train_loss: 3.0109, val_loss: 3.4536, lr: 0.001000, 6.84s
2024-10-09 19:32:09,509 - INFO - epoch complete!
2024-10-09 19:32:09,509 - INFO - evaluating now!
2024-10-09 19:32:09,712 - INFO - Epoch [18/100] train_loss: 3.0079, val_loss: 3.4765, lr: 0.001000, 7.24s
2024-10-09 19:32:16,712 - INFO - epoch complete!
2024-10-09 19:32:16,712 - INFO - evaluating now!
2024-10-09 19:32:16,913 - INFO - Epoch [19/100] train_loss: 3.0039, val_loss: 3.4620, lr: 0.000100, 7.20s
2024-10-09 19:32:23,807 - INFO - epoch complete!
2024-10-09 19:32:23,807 - INFO - evaluating now!
2024-10-09 19:32:24,009 - INFO - Epoch [20/100] train_loss: 2.9771, val_loss: 3.4555, lr: 0.000100, 7.10s
2024-10-09 19:32:31,015 - INFO - epoch complete!
2024-10-09 19:32:31,015 - INFO - evaluating now!
2024-10-09 19:32:31,218 - INFO - Epoch [21/100] train_loss: 2.9733, val_loss: 3.4572, lr: 0.000100, 7.21s
2024-10-09 19:32:38,160 - INFO - epoch complete!
2024-10-09 19:32:38,160 - INFO - evaluating now!
2024-10-09 19:32:38,361 - INFO - Epoch [22/100] train_loss: 2.9721, val_loss: 3.4584, lr: 0.000100, 7.14s
2024-10-09 19:32:45,394 - INFO - epoch complete!
2024-10-09 19:32:45,395 - INFO - evaluating now!
2024-10-09 19:32:45,582 - INFO - Epoch [23/100] train_loss: 2.9711, val_loss: 3.4557, lr: 0.000100, 7.22s
2024-10-09 19:32:52,594 - INFO - epoch complete!
2024-10-09 19:32:52,594 - INFO - evaluating now!
2024-10-09 19:32:52,796 - INFO - Epoch [24/100] train_loss: 2.9700, val_loss: 3.4560, lr: 0.000100, 7.21s
2024-10-09 19:32:59,657 - INFO - epoch complete!
2024-10-09 19:32:59,658 - INFO - evaluating now!
2024-10-09 19:32:59,859 - INFO - Epoch [25/100] train_loss: 2.9697, val_loss: 3.4539, lr: 0.000100, 7.06s
2024-10-09 19:33:06,875 - INFO - epoch complete!
2024-10-09 19:33:06,875 - INFO - evaluating now!
2024-10-09 19:33:07,077 - INFO - Epoch [26/100] train_loss: 2.9688, val_loss: 3.4569, lr: 0.000100, 7.22s
2024-10-09 19:33:13,990 - INFO - epoch complete!
2024-10-09 19:33:13,991 - INFO - evaluating now!
2024-10-09 19:33:14,191 - INFO - Epoch [27/100] train_loss: 2.9682, val_loss: 3.4636, lr: 0.000100, 7.11s
2024-10-09 19:33:21,264 - INFO - epoch complete!
2024-10-09 19:33:21,264 - INFO - evaluating now!
2024-10-09 19:33:21,468 - INFO - Epoch [28/100] train_loss: 2.9671, val_loss: 3.4603, lr: 0.000100, 7.28s
2024-10-09 19:33:28,476 - INFO - epoch complete!
2024-10-09 19:33:28,476 - INFO - evaluating now!
2024-10-09 19:33:28,679 - INFO - Epoch [29/100] train_loss: 2.9667, val_loss: 3.4579, lr: 0.000100, 7.21s
2024-10-09 19:33:35,581 - INFO - epoch complete!
2024-10-09 19:33:35,582 - INFO - evaluating now!
2024-10-09 19:33:35,778 - INFO - Epoch [30/100] train_loss: 2.9658, val_loss: 3.4586, lr: 0.000100, 7.10s
2024-10-09 19:33:42,775 - INFO - epoch complete!
2024-10-09 19:33:42,776 - INFO - evaluating now!
2024-10-09 19:33:42,977 - INFO - Epoch [31/100] train_loss: 2.9657, val_loss: 3.4551, lr: 0.000100, 7.20s
2024-10-09 19:33:50,001 - INFO - epoch complete!
2024-10-09 19:33:50,002 - INFO - evaluating now!
2024-10-09 19:33:50,205 - INFO - Epoch [32/100] train_loss: 2.9645, val_loss: 3.4577, lr: 0.000100, 7.23s
2024-10-09 19:33:57,097 - INFO - epoch complete!
2024-10-09 19:33:57,097 - INFO - evaluating now!
2024-10-09 19:33:57,299 - INFO - Epoch [33/100] train_loss: 2.9640, val_loss: 3.4548, lr: 0.000100, 7.09s
2024-10-09 19:34:04,316 - INFO - epoch complete!
2024-10-09 19:34:04,316 - INFO - evaluating now!
2024-10-09 19:34:04,518 - INFO - Epoch [34/100] train_loss: 2.9632, val_loss: 3.4584, lr: 0.000100, 7.22s
2024-10-09 19:34:11,482 - INFO - epoch complete!
2024-10-09 19:34:11,482 - INFO - evaluating now!
2024-10-09 19:34:11,669 - INFO - Epoch [35/100] train_loss: 2.9626, val_loss: 3.4527, lr: 0.000100, 7.15s
2024-10-09 19:34:18,689 - INFO - epoch complete!
2024-10-09 19:34:18,689 - INFO - evaluating now!
2024-10-09 19:34:18,891 - INFO - Epoch [36/100] train_loss: 2.9621, val_loss: 3.4603, lr: 0.000100, 7.22s
2024-10-09 19:34:25,938 - INFO - epoch complete!
2024-10-09 19:34:25,938 - INFO - evaluating now!
2024-10-09 19:34:26,141 - INFO - Epoch [37/100] train_loss: 2.9616, val_loss: 3.4616, lr: 0.000100, 7.25s
2024-10-09 19:34:33,093 - INFO - epoch complete!
2024-10-09 19:34:33,093 - INFO - evaluating now!
2024-10-09 19:34:33,296 - INFO - Epoch [38/100] train_loss: 2.9607, val_loss: 3.4604, lr: 0.000100, 7.16s
2024-10-09 19:34:40,281 - INFO - epoch complete!
2024-10-09 19:34:40,282 - INFO - evaluating now!
2024-10-09 19:34:40,483 - INFO - Epoch [39/100] train_loss: 2.9600, val_loss: 3.4613, lr: 0.000010, 7.19s
2024-10-09 19:34:47,374 - INFO - epoch complete!
2024-10-09 19:34:47,374 - INFO - evaluating now!
2024-10-09 19:34:47,576 - INFO - Epoch [40/100] train_loss: 2.9575, val_loss: 3.4617, lr: 0.000010, 7.09s
2024-10-09 19:34:54,534 - INFO - epoch complete!
2024-10-09 19:34:54,534 - INFO - evaluating now!
2024-10-09 19:34:54,736 - INFO - Epoch [41/100] train_loss: 2.9572, val_loss: 3.4612, lr: 0.000010, 7.16s
2024-10-09 19:35:01,158 - INFO - epoch complete!
2024-10-09 19:35:01,158 - INFO - evaluating now!
2024-10-09 19:35:01,360 - INFO - Epoch [42/100] train_loss: 2.9568, val_loss: 3.4587, lr: 0.000010, 6.62s
2024-10-09 19:35:08,282 - INFO - epoch complete!
2024-10-09 19:35:08,282 - INFO - evaluating now!
2024-10-09 19:35:08,482 - INFO - Epoch [43/100] train_loss: 2.9569, val_loss: 3.4587, lr: 0.000010, 7.12s
2024-10-09 19:35:15,522 - INFO - epoch complete!
2024-10-09 19:35:15,522 - INFO - evaluating now!
2024-10-09 19:35:15,724 - INFO - Epoch [44/100] train_loss: 2.9568, val_loss: 3.4612, lr: 0.000010, 7.24s
2024-10-09 19:35:22,672 - INFO - epoch complete!
2024-10-09 19:35:22,672 - INFO - evaluating now!
2024-10-09 19:35:22,876 - INFO - Epoch [45/100] train_loss: 2.9567, val_loss: 3.4606, lr: 0.000010, 7.15s
2024-10-09 19:35:29,975 - INFO - epoch complete!
2024-10-09 19:35:29,976 - INFO - evaluating now!
2024-10-09 19:35:30,179 - INFO - Epoch [46/100] train_loss: 2.9569, val_loss: 3.4603, lr: 0.000010, 7.30s
2024-10-09 19:35:36,993 - INFO - epoch complete!
2024-10-09 19:35:36,993 - INFO - evaluating now!
2024-10-09 19:35:37,195 - INFO - Epoch [47/100] train_loss: 2.9563, val_loss: 3.4606, lr: 0.000010, 7.02s
2024-10-09 19:35:44,137 - INFO - epoch complete!
2024-10-09 19:35:44,137 - INFO - evaluating now!
2024-10-09 19:35:44,340 - INFO - Epoch [48/100] train_loss: 2.9564, val_loss: 3.4598, lr: 0.000010, 7.14s
2024-10-09 19:35:51,343 - INFO - epoch complete!
2024-10-09 19:35:51,343 - INFO - evaluating now!
2024-10-09 19:35:51,545 - INFO - Epoch [49/100] train_loss: 2.9565, val_loss: 3.4607, lr: 0.000010, 7.20s
2024-10-09 19:35:58,549 - INFO - epoch complete!
2024-10-09 19:35:58,550 - INFO - evaluating now!
2024-10-09 19:35:58,752 - INFO - Epoch [50/100] train_loss: 2.9562, val_loss: 3.4607, lr: 0.000010, 7.21s
2024-10-09 19:36:05,143 - INFO - epoch complete!
2024-10-09 19:36:05,143 - INFO - evaluating now!
2024-10-09 19:36:05,347 - INFO - Epoch [51/100] train_loss: 2.9564, val_loss: 3.4578, lr: 0.000010, 6.59s
2024-10-09 19:36:12,337 - INFO - epoch complete!
2024-10-09 19:36:12,337 - INFO - evaluating now!
2024-10-09 19:36:12,539 - INFO - Epoch [52/100] train_loss: 2.9566, val_loss: 3.4601, lr: 0.000010, 7.19s
2024-10-09 19:36:19,541 - INFO - epoch complete!
2024-10-09 19:36:19,541 - INFO - evaluating now!
2024-10-09 19:36:19,746 - INFO - Epoch [53/100] train_loss: 2.9562, val_loss: 3.4591, lr: 0.000010, 7.21s
2024-10-09 19:36:26,630 - INFO - epoch complete!
2024-10-09 19:36:26,631 - INFO - evaluating now!
2024-10-09 19:36:26,833 - INFO - Epoch [54/100] train_loss: 2.9562, val_loss: 3.4588, lr: 0.000010, 7.09s
2024-10-09 19:36:33,327 - INFO - epoch complete!
2024-10-09 19:36:33,328 - INFO - evaluating now!
2024-10-09 19:36:33,529 - INFO - Epoch [55/100] train_loss: 2.9561, val_loss: 3.4602, lr: 0.000010, 6.70s
2024-10-09 19:36:40,309 - INFO - epoch complete!
2024-10-09 19:36:40,309 - INFO - evaluating now!
2024-10-09 19:36:40,510 - INFO - Epoch [56/100] train_loss: 2.9562, val_loss: 3.4567, lr: 0.000010, 6.98s
2024-10-09 19:36:47,493 - INFO - epoch complete!
2024-10-09 19:36:47,493 - INFO - evaluating now!
2024-10-09 19:36:47,702 - INFO - Epoch [57/100] train_loss: 2.9558, val_loss: 3.4609, lr: 0.000010, 7.19s
2024-10-09 19:36:54,640 - INFO - epoch complete!
2024-10-09 19:36:54,640 - INFO - evaluating now!
2024-10-09 19:36:54,844 - INFO - Epoch [58/100] train_loss: 2.9555, val_loss: 3.4602, lr: 0.000010, 7.14s
2024-10-09 19:37:01,789 - INFO - epoch complete!
2024-10-09 19:37:01,789 - INFO - evaluating now!
2024-10-09 19:37:01,992 - INFO - Epoch [59/100] train_loss: 2.9556, val_loss: 3.4617, lr: 0.000010, 7.15s
2024-10-09 19:37:01,992 - WARNING - Early stopping at epoch: 59
2024-10-09 19:37:01,992 - INFO - Trained totally 60 epochs, average train time is 6.899s, average eval time is 0.201s
2024-10-09 19:37:01,994 - INFO - Loaded model at 9
2024-10-09 19:37:01,994 - INFO - Saved model at ./libcity/cache/251221/model_cache/GRU_METR_LA.m
2024-10-09 19:37:01,996 - INFO - Start evaluating ...
2024-10-09 19:37:09,819 - INFO - Note that you select the single mode to evaluate!
2024-10-09 19:37:09,821 - INFO - Evaluate result is saved at ./libcity/cache/251221/evaluate_cache/2024_10_09_19_37_09_RNN_METR_LA.csv
2024-10-09 19:37:09,824 - INFO - 
         MAE      MAPE      RMSE
1   3.806094  0.102949  6.960634
2   3.808646  0.103531  7.017021
3   3.818977  0.104205  7.076573
4   3.832613  0.104932  7.136473
5   3.847173  0.105671  7.195347
6   3.864984  0.106471  7.255004
7   3.881270  0.107223  7.312229
8   3.897427  0.107958  7.368365
9   3.914065  0.108691  7.423847
10  3.930356  0.109415  7.478506
11  3.947081  0.110158  7.533114
12  3.964520  0.110959  7.589233
