2024-10-09 21:20:46,217 - INFO - Log directory: ./libcity/log
2024-10-09 21:20:46,217 - INFO - Begin pipeline, task=MTS_pred, model_name=GWNET, dataset_name=PEMSD4, exp_id=251221
2024-10-09 21:20:46,217 - INFO - {'task': 'MTS_pred', 'model': 'GWNET', 'dataset': 'PEMSD4', 'saved_model': True, 'exp_id': '251221', 'seed': 0, 'max_epoch': 50, 'dataset_class': 'StatePointDataset', 'executor': 'StateExecutor', 'evaluator': 'StateEvaluator', 'dropout': 0.3, 'blocks': 4, 'layers': 2, 'apt_layer': True, 'gcn_bool': True, 'addaptadj': True, 'adjtype': 'doubletransition', 'bidir_adj_mx': False, 'randomadj': True, 'aptonly': True, 'kernel_size': 2, 'nhid': 32, 'residual_channels': 32, 'dilation_channels': 32, 'skip_channels': 256, 'end_channels': 512, 'scaler': 'standard', 'load_external': False, 'normal_external': False, 'ext_scaler': 'none', 'add_time_in_day': False, 'add_day_in_week': False, 'learner': 'adam', 'learning_rate': 0.001, 'lr_decay': False, 'clip_grad_norm': True, 'max_grad_norm': 5, 'use_early_stop': False, 'batch_size': 64, 'cache_dataset': True, 'num_workers': 0, 'pad_with_last_sample': True, 'train_rate': 0.7, 'eval_rate': 0.1, 'input_window': 12, 'output_window': 12, 'robustness_test': False, 'noise_type': 'gaussian', 'disturb_rate': 0.5, 'noise_mean': [5], 'noise_SD': [10], 'gpu': True, 'gpu_id': 0, 'train_loss': 'none', 'epoch': 0, 'weight_decay': 0, 'lr_epsilon': 1e-08, 'lr_beta1': 0.9, 'lr_beta2': 0.999, 'lr_alpha': 0.99, 'lr_momentum': 0, 'lr_scheduler': 'multisteplr', 'lr_decay_ratio': 0.1, 'steps': [5, 20, 40, 70], 'step_size': 10, 'lr_T_max': 30, 'lr_eta_min': 0, 'lr_patience': 10, 'lr_threshold': 0.0001, 'patience': 50, 'log_level': 'INFO', 'log_every': 1, 'load_best_epoch': True, 'hyper_tune': False, 'metrics': ['MAE', 'MAPE', 'RMSE'], 'evaluator_mode': 'single', 'save_mode': ['csv'], 'geo': {'including_types': ['Point'], 'Point': {}}, 'rel': {'including_types': ['geo'], 'geo': {'cost': 'num'}}, 'dyna': {'including_types': ['state'], 'state': {'entity_id': 'geo_id', 'traffic_flow': 'num', 'traffic_occupancy': 'num', 'traffic_speed': 'num'}}, 'data_col': ['traffic_flow', 'traffic_occupancy', 'traffic_speed'], 'weight_col': 'cost', 'data_files': ['PEMSD4'], 'geo_file': 'PEMSD4', 'rel_file': 'PEMSD4', 'output_dim': 3, 'time_intervals': 300, 'init_weight_inf_or_zero': 'zero', 'set_weight_link_or_dist': 'link', 'calculate_weight_adj': False, 'weight_adj_epsilon': 0.1, 'device': device(type='cuda', index=0)}
2024-10-09 21:20:46,801 - INFO - Loaded file PEMSD4_feature.csv, shape=(16992, 307, 1)
2024-10-09 21:20:47,497 - INFO - Dataset created
2024-10-09 21:20:47,497 - INFO - x shape: (16969, 12, 307, 1), y shape: (16969, 12, 307, 1)
2024-10-09 21:20:47,500 - INFO - train	x: (11878, 12, 307, 1), y: (11878, 12, 307, 1)
2024-10-09 21:20:47,500 - INFO - eval	x: (1697, 12, 307, 1), y: (1697, 12, 307, 1)
2024-10-09 21:20:47,500 - INFO - test	x: (3394, 12, 307, 1), y: (3394, 12, 307, 1)
2024-10-09 21:20:58,825 - INFO - Saved at ./libcity/cache/dataset_cache/point_based_PEMSD4_12_12_0.7_0.1_standard_64_False_False_False_True.npz
2024-10-09 21:20:58,942 - INFO - StandardScaler mean: 208.8526392966568, std: 157.3266062823488
2024-10-09 21:20:58,942 - INFO - NoneScaler
2024-10-09 21:20:59,598 - INFO - receptive_field: 15
2024-10-09 21:20:59,632 - INFO - GWNET(
  (filter_convs): ModuleList(
    (0): Conv2d(32, 32, kernel_size=(1, 2), stride=(1, 1))
    (1): Conv2d(32, 32, kernel_size=(1, 2), stride=(1, 1), dilation=(2, 2))
    (2): Conv2d(32, 32, kernel_size=(1, 2), stride=(1, 1))
    (3): Conv2d(32, 32, kernel_size=(1, 2), stride=(1, 1), dilation=(2, 2))
    (4): Conv2d(32, 32, kernel_size=(1, 2), stride=(1, 1))
    (5): Conv2d(32, 32, kernel_size=(1, 2), stride=(1, 1), dilation=(2, 2))
    (6): Conv2d(32, 32, kernel_size=(1, 2), stride=(1, 1))
    (7): Conv2d(32, 32, kernel_size=(1, 2), stride=(1, 1), dilation=(2, 2))
  )
  (gate_convs): ModuleList(
    (0): Conv2d(32, 32, kernel_size=(1, 2), stride=(1, 1))
    (1): Conv2d(32, 32, kernel_size=(1, 2), stride=(1, 1), dilation=(2, 2))
    (2): Conv2d(32, 32, kernel_size=(1, 2), stride=(1, 1))
    (3): Conv2d(32, 32, kernel_size=(1, 2), stride=(1, 1), dilation=(2, 2))
    (4): Conv2d(32, 32, kernel_size=(1, 2), stride=(1, 1))
    (5): Conv2d(32, 32, kernel_size=(1, 2), stride=(1, 1), dilation=(2, 2))
    (6): Conv2d(32, 32, kernel_size=(1, 2), stride=(1, 1))
    (7): Conv2d(32, 32, kernel_size=(1, 2), stride=(1, 1), dilation=(2, 2))
  )
  (residual_convs): ModuleList(
    (0-7): 8 x Conv2d(32, 32, kernel_size=(1, 1), stride=(1, 1))
  )
  (skip_convs): ModuleList(
    (0-7): 8 x Conv2d(32, 256, kernel_size=(1, 1), stride=(1, 1))
  )
  (bn): ModuleList(
    (0-7): 8 x BatchNorm2d(32, eps=1e-05, momentum=0.1, affine=True, track_running_stats=True)
  )
  (gconv): ModuleList(
    (0-7): 8 x GCN(
      (nconv): NConv()
      (mlp): Linear(
        (mlp): Conv2d(96, 32, kernel_size=(1, 1), stride=(1, 1))
      )
    )
  )
  (start_conv): Conv2d(1, 32, kernel_size=(1, 1), stride=(1, 1))
  (end_conv_1): Conv2d(256, 512, kernel_size=(1, 1), stride=(1, 1))
  (end_conv_2): Conv2d(512, 12, kernel_size=(1, 1), stride=(1, 1))
)
2024-10-09 21:20:59,633 - INFO - nodevec1	torch.Size([307, 10])	cuda:0	True
2024-10-09 21:20:59,633 - INFO - nodevec2	torch.Size([10, 307])	cuda:0	True
2024-10-09 21:20:59,633 - INFO - filter_convs.0.weight	torch.Size([32, 32, 1, 2])	cuda:0	True
2024-10-09 21:20:59,633 - INFO - filter_convs.0.bias	torch.Size([32])	cuda:0	True
2024-10-09 21:20:59,633 - INFO - filter_convs.1.weight	torch.Size([32, 32, 1, 2])	cuda:0	True
2024-10-09 21:20:59,633 - INFO - filter_convs.1.bias	torch.Size([32])	cuda:0	True
2024-10-09 21:20:59,633 - INFO - filter_convs.2.weight	torch.Size([32, 32, 1, 2])	cuda:0	True
2024-10-09 21:20:59,633 - INFO - filter_convs.2.bias	torch.Size([32])	cuda:0	True
2024-10-09 21:20:59,634 - INFO - filter_convs.3.weight	torch.Size([32, 32, 1, 2])	cuda:0	True
2024-10-09 21:20:59,634 - INFO - filter_convs.3.bias	torch.Size([32])	cuda:0	True
2024-10-09 21:20:59,634 - INFO - filter_convs.4.weight	torch.Size([32, 32, 1, 2])	cuda:0	True
2024-10-09 21:20:59,634 - INFO - filter_convs.4.bias	torch.Size([32])	cuda:0	True
2024-10-09 21:20:59,634 - INFO - filter_convs.5.weight	torch.Size([32, 32, 1, 2])	cuda:0	True
2024-10-09 21:20:59,634 - INFO - filter_convs.5.bias	torch.Size([32])	cuda:0	True
2024-10-09 21:20:59,634 - INFO - filter_convs.6.weight	torch.Size([32, 32, 1, 2])	cuda:0	True
2024-10-09 21:20:59,634 - INFO - filter_convs.6.bias	torch.Size([32])	cuda:0	True
2024-10-09 21:20:59,634 - INFO - filter_convs.7.weight	torch.Size([32, 32, 1, 2])	cuda:0	True
2024-10-09 21:20:59,634 - INFO - filter_convs.7.bias	torch.Size([32])	cuda:0	True
2024-10-09 21:20:59,634 - INFO - gate_convs.0.weight	torch.Size([32, 32, 1, 2])	cuda:0	True
2024-10-09 21:20:59,634 - INFO - gate_convs.0.bias	torch.Size([32])	cuda:0	True
2024-10-09 21:20:59,634 - INFO - gate_convs.1.weight	torch.Size([32, 32, 1, 2])	cuda:0	True
2024-10-09 21:20:59,634 - INFO - gate_convs.1.bias	torch.Size([32])	cuda:0	True
2024-10-09 21:20:59,634 - INFO - gate_convs.2.weight	torch.Size([32, 32, 1, 2])	cuda:0	True
2024-10-09 21:20:59,634 - INFO - gate_convs.2.bias	torch.Size([32])	cuda:0	True
2024-10-09 21:20:59,634 - INFO - gate_convs.3.weight	torch.Size([32, 32, 1, 2])	cuda:0	True
2024-10-09 21:20:59,634 - INFO - gate_convs.3.bias	torch.Size([32])	cuda:0	True
2024-10-09 21:20:59,634 - INFO - gate_convs.4.weight	torch.Size([32, 32, 1, 2])	cuda:0	True
2024-10-09 21:20:59,634 - INFO - gate_convs.4.bias	torch.Size([32])	cuda:0	True
2024-10-09 21:20:59,634 - INFO - gate_convs.5.weight	torch.Size([32, 32, 1, 2])	cuda:0	True
2024-10-09 21:20:59,634 - INFO - gate_convs.5.bias	torch.Size([32])	cuda:0	True
2024-10-09 21:20:59,634 - INFO - gate_convs.6.weight	torch.Size([32, 32, 1, 2])	cuda:0	True
2024-10-09 21:20:59,634 - INFO - gate_convs.6.bias	torch.Size([32])	cuda:0	True
2024-10-09 21:20:59,634 - INFO - gate_convs.7.weight	torch.Size([32, 32, 1, 2])	cuda:0	True
2024-10-09 21:20:59,634 - INFO - gate_convs.7.bias	torch.Size([32])	cuda:0	True
2024-10-09 21:20:59,634 - INFO - residual_convs.0.weight	torch.Size([32, 32, 1, 1])	cuda:0	True
2024-10-09 21:20:59,635 - INFO - residual_convs.0.bias	torch.Size([32])	cuda:0	True
2024-10-09 21:20:59,635 - INFO - residual_convs.1.weight	torch.Size([32, 32, 1, 1])	cuda:0	True
2024-10-09 21:20:59,635 - INFO - residual_convs.1.bias	torch.Size([32])	cuda:0	True
2024-10-09 21:20:59,635 - INFO - residual_convs.2.weight	torch.Size([32, 32, 1, 1])	cuda:0	True
2024-10-09 21:20:59,635 - INFO - residual_convs.2.bias	torch.Size([32])	cuda:0	True
2024-10-09 21:20:59,635 - INFO - residual_convs.3.weight	torch.Size([32, 32, 1, 1])	cuda:0	True
2024-10-09 21:20:59,635 - INFO - residual_convs.3.bias	torch.Size([32])	cuda:0	True
2024-10-09 21:20:59,635 - INFO - residual_convs.4.weight	torch.Size([32, 32, 1, 1])	cuda:0	True
2024-10-09 21:20:59,635 - INFO - residual_convs.4.bias	torch.Size([32])	cuda:0	True
2024-10-09 21:20:59,635 - INFO - residual_convs.5.weight	torch.Size([32, 32, 1, 1])	cuda:0	True
2024-10-09 21:20:59,635 - INFO - residual_convs.5.bias	torch.Size([32])	cuda:0	True
2024-10-09 21:20:59,635 - INFO - residual_convs.6.weight	torch.Size([32, 32, 1, 1])	cuda:0	True
2024-10-09 21:20:59,635 - INFO - residual_convs.6.bias	torch.Size([32])	cuda:0	True
2024-10-09 21:20:59,635 - INFO - residual_convs.7.weight	torch.Size([32, 32, 1, 1])	cuda:0	True
2024-10-09 21:20:59,635 - INFO - residual_convs.7.bias	torch.Size([32])	cuda:0	True
2024-10-09 21:20:59,635 - INFO - skip_convs.0.weight	torch.Size([256, 32, 1, 1])	cuda:0	True
2024-10-09 21:20:59,635 - INFO - skip_convs.0.bias	torch.Size([256])	cuda:0	True
2024-10-09 21:20:59,635 - INFO - skip_convs.1.weight	torch.Size([256, 32, 1, 1])	cuda:0	True
2024-10-09 21:20:59,635 - INFO - skip_convs.1.bias	torch.Size([256])	cuda:0	True
2024-10-09 21:20:59,635 - INFO - skip_convs.2.weight	torch.Size([256, 32, 1, 1])	cuda:0	True
2024-10-09 21:20:59,635 - INFO - skip_convs.2.bias	torch.Size([256])	cuda:0	True
2024-10-09 21:20:59,635 - INFO - skip_convs.3.weight	torch.Size([256, 32, 1, 1])	cuda:0	True
2024-10-09 21:20:59,635 - INFO - skip_convs.3.bias	torch.Size([256])	cuda:0	True
2024-10-09 21:20:59,635 - INFO - skip_convs.4.weight	torch.Size([256, 32, 1, 1])	cuda:0	True
2024-10-09 21:20:59,635 - INFO - skip_convs.4.bias	torch.Size([256])	cuda:0	True
2024-10-09 21:20:59,635 - INFO - skip_convs.5.weight	torch.Size([256, 32, 1, 1])	cuda:0	True
2024-10-09 21:20:59,635 - INFO - skip_convs.5.bias	torch.Size([256])	cuda:0	True
2024-10-09 21:20:59,635 - INFO - skip_convs.6.weight	torch.Size([256, 32, 1, 1])	cuda:0	True
2024-10-09 21:20:59,636 - INFO - skip_convs.6.bias	torch.Size([256])	cuda:0	True
2024-10-09 21:20:59,636 - INFO - skip_convs.7.weight	torch.Size([256, 32, 1, 1])	cuda:0	True
2024-10-09 21:20:59,636 - INFO - skip_convs.7.bias	torch.Size([256])	cuda:0	True
2024-10-09 21:20:59,636 - INFO - bn.0.weight	torch.Size([32])	cuda:0	True
2024-10-09 21:20:59,636 - INFO - bn.0.bias	torch.Size([32])	cuda:0	True
2024-10-09 21:20:59,636 - INFO - bn.1.weight	torch.Size([32])	cuda:0	True
2024-10-09 21:20:59,636 - INFO - bn.1.bias	torch.Size([32])	cuda:0	True
2024-10-09 21:20:59,636 - INFO - bn.2.weight	torch.Size([32])	cuda:0	True
2024-10-09 21:20:59,636 - INFO - bn.2.bias	torch.Size([32])	cuda:0	True
2024-10-09 21:20:59,636 - INFO - bn.3.weight	torch.Size([32])	cuda:0	True
2024-10-09 21:20:59,636 - INFO - bn.3.bias	torch.Size([32])	cuda:0	True
2024-10-09 21:20:59,636 - INFO - bn.4.weight	torch.Size([32])	cuda:0	True
2024-10-09 21:20:59,636 - INFO - bn.4.bias	torch.Size([32])	cuda:0	True
2024-10-09 21:20:59,636 - INFO - bn.5.weight	torch.Size([32])	cuda:0	True
2024-10-09 21:20:59,636 - INFO - bn.5.bias	torch.Size([32])	cuda:0	True
2024-10-09 21:20:59,636 - INFO - bn.6.weight	torch.Size([32])	cuda:0	True
2024-10-09 21:20:59,636 - INFO - bn.6.bias	torch.Size([32])	cuda:0	True
2024-10-09 21:20:59,636 - INFO - bn.7.weight	torch.Size([32])	cuda:0	True
2024-10-09 21:20:59,636 - INFO - bn.7.bias	torch.Size([32])	cuda:0	True
2024-10-09 21:20:59,636 - INFO - gconv.0.mlp.mlp.weight	torch.Size([32, 96, 1, 1])	cuda:0	True
2024-10-09 21:20:59,636 - INFO - gconv.0.mlp.mlp.bias	torch.Size([32])	cuda:0	True
2024-10-09 21:20:59,636 - INFO - gconv.1.mlp.mlp.weight	torch.Size([32, 96, 1, 1])	cuda:0	True
2024-10-09 21:20:59,636 - INFO - gconv.1.mlp.mlp.bias	torch.Size([32])	cuda:0	True
2024-10-09 21:20:59,636 - INFO - gconv.2.mlp.mlp.weight	torch.Size([32, 96, 1, 1])	cuda:0	True
2024-10-09 21:20:59,636 - INFO - gconv.2.mlp.mlp.bias	torch.Size([32])	cuda:0	True
2024-10-09 21:20:59,636 - INFO - gconv.3.mlp.mlp.weight	torch.Size([32, 96, 1, 1])	cuda:0	True
2024-10-09 21:20:59,636 - INFO - gconv.3.mlp.mlp.bias	torch.Size([32])	cuda:0	True
2024-10-09 21:20:59,637 - INFO - gconv.4.mlp.mlp.weight	torch.Size([32, 96, 1, 1])	cuda:0	True
2024-10-09 21:20:59,637 - INFO - gconv.4.mlp.mlp.bias	torch.Size([32])	cuda:0	True
2024-10-09 21:20:59,637 - INFO - gconv.5.mlp.mlp.weight	torch.Size([32, 96, 1, 1])	cuda:0	True
2024-10-09 21:20:59,637 - INFO - gconv.5.mlp.mlp.bias	torch.Size([32])	cuda:0	True
2024-10-09 21:20:59,637 - INFO - gconv.6.mlp.mlp.weight	torch.Size([32, 96, 1, 1])	cuda:0	True
2024-10-09 21:20:59,637 - INFO - gconv.6.mlp.mlp.bias	torch.Size([32])	cuda:0	True
2024-10-09 21:20:59,637 - INFO - gconv.7.mlp.mlp.weight	torch.Size([32, 96, 1, 1])	cuda:0	True
2024-10-09 21:20:59,637 - INFO - gconv.7.mlp.mlp.bias	torch.Size([32])	cuda:0	True
2024-10-09 21:20:59,637 - INFO - start_conv.weight	torch.Size([32, 1, 1, 1])	cuda:0	True
2024-10-09 21:20:59,637 - INFO - start_conv.bias	torch.Size([32])	cuda:0	True
2024-10-09 21:20:59,637 - INFO - end_conv_1.weight	torch.Size([512, 256, 1, 1])	cuda:0	True
2024-10-09 21:20:59,637 - INFO - end_conv_1.bias	torch.Size([512])	cuda:0	True
2024-10-09 21:20:59,637 - INFO - end_conv_2.weight	torch.Size([12, 512, 1, 1])	cuda:0	True
2024-10-09 21:20:59,637 - INFO - end_conv_2.bias	torch.Size([12])	cuda:0	True
2024-10-09 21:20:59,637 - INFO - Total parameter numbers: 278600
2024-10-09 21:20:59,637 - INFO - You select `adam` optimizer.
2024-10-09 21:21:00,059 - WARNING - Received none train loss func and will use the loss func defined in the model.
2024-10-09 21:21:00,059 - INFO - Start training ...
2024-10-09 21:21:00,059 - INFO - num_batches:186
2024-10-09 21:21:32,922 - INFO - epoch complete!
2024-10-09 21:21:32,922 - INFO - evaluating now!
2024-10-09 21:21:35,938 - INFO - Epoch [0/50] train_loss: 36.8648, val_loss: 37.6193, lr: 0.001000, 35.88s
2024-10-09 21:21:35,959 - INFO - Saved model at 0
2024-10-09 21:21:35,959 - INFO - Val loss decrease from inf to 37.6193, saving to ./libcity/cache/251221/model_cache/GWNET_PEMSD4_epoch0.tar
2024-10-09 21:22:08,313 - INFO - epoch complete!
2024-10-09 21:22:08,313 - INFO - evaluating now!
2024-10-09 21:22:11,325 - INFO - Epoch [1/50] train_loss: 28.3865, val_loss: 28.8217, lr: 0.001000, 35.37s
2024-10-09 21:22:11,345 - INFO - Saved model at 1
2024-10-09 21:22:11,346 - INFO - Val loss decrease from 37.6193 to 28.8217, saving to ./libcity/cache/251221/model_cache/GWNET_PEMSD4_epoch1.tar
2024-10-09 21:22:43,401 - INFO - epoch complete!
2024-10-09 21:22:43,401 - INFO - evaluating now!
2024-10-09 21:22:46,391 - INFO - Epoch [2/50] train_loss: 26.5809, val_loss: 26.3320, lr: 0.001000, 35.05s
2024-10-09 21:22:46,412 - INFO - Saved model at 2
2024-10-09 21:22:46,412 - INFO - Val loss decrease from 28.8217 to 26.3320, saving to ./libcity/cache/251221/model_cache/GWNET_PEMSD4_epoch2.tar
2024-10-09 21:23:18,745 - INFO - epoch complete!
2024-10-09 21:23:18,745 - INFO - evaluating now!
2024-10-09 21:23:21,692 - INFO - Epoch [3/50] train_loss: 25.7195, val_loss: 26.4593, lr: 0.001000, 35.28s
2024-10-09 21:23:54,383 - INFO - epoch complete!
2024-10-09 21:23:54,383 - INFO - evaluating now!
2024-10-09 21:23:57,332 - INFO - Epoch [4/50] train_loss: 25.6686, val_loss: 25.9439, lr: 0.001000, 35.64s
2024-10-09 21:23:57,352 - INFO - Saved model at 4
2024-10-09 21:23:57,353 - INFO - Val loss decrease from 26.3320 to 25.9439, saving to ./libcity/cache/251221/model_cache/GWNET_PEMSD4_epoch4.tar
2024-10-09 21:24:29,088 - INFO - epoch complete!
2024-10-09 21:24:29,088 - INFO - evaluating now!
2024-10-09 21:24:32,031 - INFO - Epoch [5/50] train_loss: 24.9927, val_loss: 27.4746, lr: 0.001000, 34.68s
2024-10-09 21:25:03,494 - INFO - epoch complete!
2024-10-09 21:25:03,494 - INFO - evaluating now!
2024-10-09 21:25:06,490 - INFO - Epoch [6/50] train_loss: 24.4783, val_loss: 24.9600, lr: 0.001000, 34.46s
2024-10-09 21:25:06,511 - INFO - Saved model at 6
2024-10-09 21:25:06,511 - INFO - Val loss decrease from 25.9439 to 24.9600, saving to ./libcity/cache/251221/model_cache/GWNET_PEMSD4_epoch6.tar
2024-10-09 21:25:38,421 - INFO - epoch complete!
2024-10-09 21:25:38,421 - INFO - evaluating now!
2024-10-09 21:25:41,368 - INFO - Epoch [7/50] train_loss: 24.0611, val_loss: 25.8219, lr: 0.001000, 34.86s
2024-10-09 21:26:12,933 - INFO - epoch complete!
2024-10-09 21:26:12,933 - INFO - evaluating now!
2024-10-09 21:26:15,883 - INFO - Epoch [8/50] train_loss: 23.8238, val_loss: 25.1943, lr: 0.001000, 34.51s
2024-10-09 21:26:47,631 - INFO - epoch complete!
2024-10-09 21:26:47,631 - INFO - evaluating now!
2024-10-09 21:26:50,581 - INFO - Epoch [9/50] train_loss: 23.4105, val_loss: 24.5778, lr: 0.001000, 34.70s
2024-10-09 21:26:50,601 - INFO - Saved model at 9
2024-10-09 21:26:50,602 - INFO - Val loss decrease from 24.9600 to 24.5778, saving to ./libcity/cache/251221/model_cache/GWNET_PEMSD4_epoch9.tar
2024-10-09 21:27:22,466 - INFO - epoch complete!
2024-10-09 21:27:22,466 - INFO - evaluating now!
2024-10-09 21:27:25,411 - INFO - Epoch [10/50] train_loss: 23.2680, val_loss: 23.4087, lr: 0.001000, 34.81s
2024-10-09 21:27:25,431 - INFO - Saved model at 10
2024-10-09 21:27:25,431 - INFO - Val loss decrease from 24.5778 to 23.4087, saving to ./libcity/cache/251221/model_cache/GWNET_PEMSD4_epoch10.tar
2024-10-09 21:27:57,194 - INFO - epoch complete!
2024-10-09 21:27:57,194 - INFO - evaluating now!
2024-10-09 21:28:00,186 - INFO - Epoch [11/50] train_loss: 22.9932, val_loss: 23.4944, lr: 0.001000, 34.75s
2024-10-09 21:28:31,719 - INFO - epoch complete!
2024-10-09 21:28:31,719 - INFO - evaluating now!
2024-10-09 21:28:34,668 - INFO - Epoch [12/50] train_loss: 22.8226, val_loss: 24.9386, lr: 0.001000, 34.48s
2024-10-09 21:29:06,688 - INFO - epoch complete!
2024-10-09 21:29:06,688 - INFO - evaluating now!
2024-10-09 21:29:09,688 - INFO - Epoch [13/50] train_loss: 22.4661, val_loss: 23.4346, lr: 0.001000, 35.02s
2024-10-09 21:29:42,124 - INFO - epoch complete!
2024-10-09 21:29:42,124 - INFO - evaluating now!
2024-10-09 21:29:45,139 - INFO - Epoch [14/50] train_loss: 22.4585, val_loss: 23.3367, lr: 0.001000, 35.45s
2024-10-09 21:29:45,159 - INFO - Saved model at 14
2024-10-09 21:29:45,159 - INFO - Val loss decrease from 23.4087 to 23.3367, saving to ./libcity/cache/251221/model_cache/GWNET_PEMSD4_epoch14.tar
2024-10-09 21:30:17,748 - INFO - epoch complete!
2024-10-09 21:30:17,749 - INFO - evaluating now!
2024-10-09 21:30:20,777 - INFO - Epoch [15/50] train_loss: 22.2046, val_loss: 22.1421, lr: 0.001000, 35.62s
2024-10-09 21:30:20,797 - INFO - Saved model at 15
2024-10-09 21:30:20,797 - INFO - Val loss decrease from 23.3367 to 22.1421, saving to ./libcity/cache/251221/model_cache/GWNET_PEMSD4_epoch15.tar
2024-10-09 21:30:53,175 - INFO - epoch complete!
2024-10-09 21:30:53,176 - INFO - evaluating now!
2024-10-09 21:30:56,201 - INFO - Epoch [16/50] train_loss: 22.0339, val_loss: 22.7870, lr: 0.001000, 35.40s
2024-10-09 21:31:28,769 - INFO - epoch complete!
2024-10-09 21:31:28,769 - INFO - evaluating now!
2024-10-09 21:31:31,760 - INFO - Epoch [17/50] train_loss: 21.8034, val_loss: 21.8023, lr: 0.001000, 35.56s
2024-10-09 21:31:31,781 - INFO - Saved model at 17
2024-10-09 21:31:31,781 - INFO - Val loss decrease from 22.1421 to 21.8023, saving to ./libcity/cache/251221/model_cache/GWNET_PEMSD4_epoch17.tar
2024-10-09 21:32:04,721 - INFO - epoch complete!
2024-10-09 21:32:04,722 - INFO - evaluating now!
2024-10-09 21:32:07,713 - INFO - Epoch [18/50] train_loss: 21.7338, val_loss: 22.1191, lr: 0.001000, 35.93s
2024-10-09 21:32:40,281 - INFO - epoch complete!
2024-10-09 21:32:40,281 - INFO - evaluating now!
2024-10-09 21:32:43,323 - INFO - Epoch [19/50] train_loss: 21.6752, val_loss: 22.1103, lr: 0.001000, 35.61s
2024-10-09 21:33:15,938 - INFO - epoch complete!
2024-10-09 21:33:15,939 - INFO - evaluating now!
2024-10-09 21:33:18,981 - INFO - Epoch [20/50] train_loss: 21.5862, val_loss: 22.0828, lr: 0.001000, 35.66s
2024-10-09 21:33:51,806 - INFO - epoch complete!
2024-10-09 21:33:51,806 - INFO - evaluating now!
2024-10-09 21:33:54,839 - INFO - Epoch [21/50] train_loss: 21.4128, val_loss: 22.8339, lr: 0.001000, 35.86s
2024-10-09 21:34:27,396 - INFO - epoch complete!
2024-10-09 21:34:27,396 - INFO - evaluating now!
2024-10-09 21:34:30,411 - INFO - Epoch [22/50] train_loss: 21.2195, val_loss: 22.1376, lr: 0.001000, 35.57s
2024-10-09 21:35:02,576 - INFO - epoch complete!
2024-10-09 21:35:02,576 - INFO - evaluating now!
2024-10-09 21:35:05,546 - INFO - Epoch [23/50] train_loss: 21.1714, val_loss: 24.2059, lr: 0.001000, 35.14s
2024-10-09 21:35:38,234 - INFO - epoch complete!
2024-10-09 21:35:38,235 - INFO - evaluating now!
2024-10-09 21:35:41,254 - INFO - Epoch [24/50] train_loss: 21.1432, val_loss: 21.3199, lr: 0.001000, 35.71s
2024-10-09 21:35:41,274 - INFO - Saved model at 24
2024-10-09 21:35:41,274 - INFO - Val loss decrease from 21.8023 to 21.3199, saving to ./libcity/cache/251221/model_cache/GWNET_PEMSD4_epoch24.tar
2024-10-09 21:36:14,120 - INFO - epoch complete!
2024-10-09 21:36:14,120 - INFO - evaluating now!
2024-10-09 21:36:17,159 - INFO - Epoch [25/50] train_loss: 20.9059, val_loss: 21.0331, lr: 0.001000, 35.88s
2024-10-09 21:36:17,179 - INFO - Saved model at 25
2024-10-09 21:36:17,180 - INFO - Val loss decrease from 21.3199 to 21.0331, saving to ./libcity/cache/251221/model_cache/GWNET_PEMSD4_epoch25.tar
2024-10-09 21:36:49,933 - INFO - epoch complete!
2024-10-09 21:36:49,933 - INFO - evaluating now!
2024-10-09 21:36:52,968 - INFO - Epoch [26/50] train_loss: 20.9519, val_loss: 21.1132, lr: 0.001000, 35.79s
2024-10-09 21:37:25,338 - INFO - epoch complete!
2024-10-09 21:37:25,338 - INFO - evaluating now!
2024-10-09 21:37:28,366 - INFO - Epoch [27/50] train_loss: 20.9073, val_loss: 21.0963, lr: 0.001000, 35.40s
2024-10-09 21:38:00,627 - INFO - epoch complete!
2024-10-09 21:38:00,627 - INFO - evaluating now!
2024-10-09 21:38:03,623 - INFO - Epoch [28/50] train_loss: 20.7942, val_loss: 20.8653, lr: 0.001000, 35.26s
2024-10-09 21:38:03,644 - INFO - Saved model at 28
2024-10-09 21:38:03,644 - INFO - Val loss decrease from 21.0331 to 20.8653, saving to ./libcity/cache/251221/model_cache/GWNET_PEMSD4_epoch28.tar
2024-10-09 21:38:36,033 - INFO - epoch complete!
2024-10-09 21:38:36,033 - INFO - evaluating now!
2024-10-09 21:38:38,994 - INFO - Epoch [29/50] train_loss: 20.6966, val_loss: 20.6272, lr: 0.001000, 35.35s
2024-10-09 21:38:39,015 - INFO - Saved model at 29
2024-10-09 21:38:39,015 - INFO - Val loss decrease from 20.8653 to 20.6272, saving to ./libcity/cache/251221/model_cache/GWNET_PEMSD4_epoch29.tar
2024-10-09 21:39:11,580 - INFO - epoch complete!
2024-10-09 21:39:11,581 - INFO - evaluating now!
2024-10-09 21:39:14,628 - INFO - Epoch [30/50] train_loss: 20.6405, val_loss: 22.3682, lr: 0.001000, 35.61s
2024-10-09 21:39:47,112 - INFO - epoch complete!
2024-10-09 21:39:47,113 - INFO - evaluating now!
2024-10-09 21:39:50,154 - INFO - Epoch [31/50] train_loss: 20.5479, val_loss: 21.0756, lr: 0.001000, 35.53s
2024-10-09 21:40:22,453 - INFO - epoch complete!
2024-10-09 21:40:22,453 - INFO - evaluating now!
2024-10-09 21:40:25,474 - INFO - Epoch [32/50] train_loss: 20.6300, val_loss: 21.0823, lr: 0.001000, 35.32s
2024-10-09 21:40:57,811 - INFO - epoch complete!
2024-10-09 21:40:57,811 - INFO - evaluating now!
2024-10-09 21:41:00,817 - INFO - Epoch [33/50] train_loss: 20.3714, val_loss: 21.1878, lr: 0.001000, 35.34s
2024-10-09 21:41:32,942 - INFO - epoch complete!
2024-10-09 21:41:32,942 - INFO - evaluating now!
2024-10-09 21:41:35,918 - INFO - Epoch [34/50] train_loss: 20.3682, val_loss: 20.2911, lr: 0.001000, 35.10s
2024-10-09 21:41:35,939 - INFO - Saved model at 34
2024-10-09 21:41:35,939 - INFO - Val loss decrease from 20.6272 to 20.2911, saving to ./libcity/cache/251221/model_cache/GWNET_PEMSD4_epoch34.tar
2024-10-09 21:42:08,511 - INFO - epoch complete!
2024-10-09 21:42:08,511 - INFO - evaluating now!
2024-10-09 21:42:11,489 - INFO - Epoch [35/50] train_loss: 20.2155, val_loss: 21.0782, lr: 0.001000, 35.55s
2024-10-09 21:42:43,914 - INFO - epoch complete!
2024-10-09 21:42:43,914 - INFO - evaluating now!
2024-10-09 21:42:46,921 - INFO - Epoch [36/50] train_loss: 20.1971, val_loss: 20.7591, lr: 0.001000, 35.43s
2024-10-09 21:43:19,081 - INFO - epoch complete!
2024-10-09 21:43:19,081 - INFO - evaluating now!
2024-10-09 21:43:22,086 - INFO - Epoch [37/50] train_loss: 20.1841, val_loss: 20.1256, lr: 0.001000, 35.17s
2024-10-09 21:43:22,106 - INFO - Saved model at 37
2024-10-09 21:43:22,107 - INFO - Val loss decrease from 20.2911 to 20.1256, saving to ./libcity/cache/251221/model_cache/GWNET_PEMSD4_epoch37.tar
2024-10-09 21:43:54,205 - INFO - epoch complete!
2024-10-09 21:43:54,205 - INFO - evaluating now!
2024-10-09 21:43:57,214 - INFO - Epoch [38/50] train_loss: 20.1366, val_loss: 20.1196, lr: 0.001000, 35.11s
2024-10-09 21:43:57,235 - INFO - Saved model at 38
2024-10-09 21:43:57,235 - INFO - Val loss decrease from 20.1256 to 20.1196, saving to ./libcity/cache/251221/model_cache/GWNET_PEMSD4_epoch38.tar
2024-10-09 21:44:29,546 - INFO - epoch complete!
2024-10-09 21:44:29,546 - INFO - evaluating now!
2024-10-09 21:44:32,558 - INFO - Epoch [39/50] train_loss: 20.0837, val_loss: 20.4434, lr: 0.001000, 35.32s
2024-10-09 21:45:04,928 - INFO - epoch complete!
2024-10-09 21:45:04,928 - INFO - evaluating now!
2024-10-09 21:45:07,904 - INFO - Epoch [40/50] train_loss: 20.0510, val_loss: 20.0340, lr: 0.001000, 35.35s
2024-10-09 21:45:07,925 - INFO - Saved model at 40
2024-10-09 21:45:07,925 - INFO - Val loss decrease from 20.1196 to 20.0340, saving to ./libcity/cache/251221/model_cache/GWNET_PEMSD4_epoch40.tar
2024-10-09 21:45:40,666 - INFO - epoch complete!
2024-10-09 21:45:40,666 - INFO - evaluating now!
2024-10-09 21:45:43,708 - INFO - Epoch [41/50] train_loss: 20.0411, val_loss: 20.4369, lr: 0.001000, 35.78s
2024-10-09 21:46:16,250 - INFO - epoch complete!
2024-10-09 21:46:16,250 - INFO - evaluating now!
2024-10-09 21:46:19,275 - INFO - Epoch [42/50] train_loss: 19.9435, val_loss: 20.1017, lr: 0.001000, 35.57s
2024-10-09 21:46:51,455 - INFO - epoch complete!
2024-10-09 21:46:51,455 - INFO - evaluating now!
2024-10-09 21:46:54,471 - INFO - Epoch [43/50] train_loss: 19.9052, val_loss: 20.5043, lr: 0.001000, 35.20s
2024-10-09 21:47:26,575 - INFO - epoch complete!
2024-10-09 21:47:26,575 - INFO - evaluating now!
2024-10-09 21:47:29,579 - INFO - Epoch [44/50] train_loss: 19.8766, val_loss: 20.4880, lr: 0.001000, 35.11s
2024-10-09 21:48:01,825 - INFO - epoch complete!
2024-10-09 21:48:01,825 - INFO - evaluating now!
2024-10-09 21:48:04,802 - INFO - Epoch [45/50] train_loss: 19.8107, val_loss: 20.0477, lr: 0.001000, 35.22s
2024-10-09 21:48:37,543 - INFO - epoch complete!
2024-10-09 21:48:37,543 - INFO - evaluating now!
2024-10-09 21:48:40,530 - INFO - Epoch [46/50] train_loss: 19.7511, val_loss: 19.8766, lr: 0.001000, 35.73s
2024-10-09 21:48:40,551 - INFO - Saved model at 46
2024-10-09 21:48:40,551 - INFO - Val loss decrease from 20.0340 to 19.8766, saving to ./libcity/cache/251221/model_cache/GWNET_PEMSD4_epoch46.tar
2024-10-09 21:49:13,163 - INFO - epoch complete!
2024-10-09 21:49:13,163 - INFO - evaluating now!
2024-10-09 21:49:16,180 - INFO - Epoch [47/50] train_loss: 19.7599, val_loss: 20.0055, lr: 0.001000, 35.63s
2024-10-09 21:49:48,647 - INFO - epoch complete!
2024-10-09 21:49:48,647 - INFO - evaluating now!
2024-10-09 21:49:51,684 - INFO - Epoch [48/50] train_loss: 19.6484, val_loss: 20.4325, lr: 0.001000, 35.50s
2024-10-09 21:50:23,974 - INFO - epoch complete!
2024-10-09 21:50:23,974 - INFO - evaluating now!
2024-10-09 21:50:27,001 - INFO - Epoch [49/50] train_loss: 19.6468, val_loss: 19.8762, lr: 0.001000, 35.32s
2024-10-09 21:50:27,022 - INFO - Saved model at 49
2024-10-09 21:50:27,022 - INFO - Val loss decrease from 19.8766 to 19.8762, saving to ./libcity/cache/251221/model_cache/GWNET_PEMSD4_epoch49.tar
2024-10-09 21:50:27,022 - INFO - Trained totally 50 epochs, average train time is 32.330s, average eval time is 3.000s
2024-10-09 21:50:27,040 - INFO - Loaded model at 49
2024-10-09 21:50:27,040 - INFO - Saved model at ./libcity/cache/251221/model_cache/GWNET_PEMSD4.m
2024-10-09 21:50:27,060 - INFO - Start evaluating ...
