2024-08-20 14:41:54,086 - INFO - Log directory: ./libcity/log
2024-08-20 14:41:54,087 - INFO - Begin pipeline, task=MTS_pred, model_name=ASTGCN, dataset_name=METR_LA, exp_id=3
2024-08-20 14:41:54,087 - INFO - {'task': 'MTS_pred', 'model': 'ASTGCN', 'dataset': 'METR_LA', 'saved_model': True, 'exp_id': '3', 'seed': 0, 'max_epoch': 150, 'dataset_class': 'StatePointDataset', 'executor': 'StateExecutor', 'evaluator': 'StateEvaluator', 'nb_block': 2, 'K': 3, 'nb_chev_filter': 64, 'nb_time_filter': 64, 'bidir_adj_mx': True, 'scaler': 'standard', 'load_external': False, 'normal_external': False, 'ext_scaler': 'none', 'add_time_in_day': False, 'add_day_in_week': False, 'train_rate': 0.6, 'eval_rate': 0.2, 'learner': 'adam', 'learning_rate': 0.0001, 'lr_decay': False, 'clip_grad_norm': False, 'use_early_stop': False, 'batch_size': 64, 'cache_dataset': True, 'num_workers': 0, 'pad_with_last_sample': True, 'input_window': 12, 'output_window': 12, 'robustness_test': False, 'noise_type': 'gaussian', 'disturb_rate': 0.5, 'noise_mean': [5], 'noise_SD': [10], 'gpu': True, 'gpu_id': 0, 'train_loss': 'none', 'epoch': 0, 'weight_decay': 0, 'lr_epsilon': 1e-08, 'lr_beta1': 0.9, 'lr_beta2': 0.999, 'lr_alpha': 0.99, 'lr_momentum': 0, 'lr_scheduler': 'multisteplr', 'lr_decay_ratio': 0.1, 'steps': [5, 20, 40, 70], 'step_size': 10, 'lr_T_max': 30, 'lr_eta_min': 0, 'lr_patience': 10, 'lr_threshold': 0.0001, 'max_grad_norm': 1.0, 'patience': 50, 'log_level': 'INFO', 'log_every': 1, 'load_best_epoch': True, 'hyper_tune': False, 'metrics': ['MAE', 'MAPE', 'RMSE'], 'evaluator_mode': 'single', 'save_mode': ['csv'], 'geo': {'including_types': ['Point'], 'Point': {}}, 'rel': {'including_types': ['geo'], 'geo': {'cost': 'num'}}, 'dyna': {'including_types': ['state'], 'state': {'entity_id': 'geo_id', 'traffic_speed': 'num'}}, 'data_col': ['traffic_speed'], 'weight_col': 'cost', 'data_files': ['METR_LA'], 'geo_file': 'METR_LA', 'rel_file': 'METR_LA', 'output_dim': 1, 'time_intervals': 300, 'init_weight_inf_or_zero': 'inf', 'set_weight_link_or_dist': 'dist', 'calculate_weight_adj': True, 'weight_adj_epsilon': 0.1, 'device': device(type='cuda', index=0)}
2024-08-20 14:41:54,092 - INFO - Loaded file METR_LA.geo, num_nodes=207
2024-08-20 14:41:54,099 - INFO - set_weight_link_or_dist: dist
2024-08-20 14:41:54,099 - INFO - init_weight_inf_or_zero: inf
2024-08-20 14:41:54,155 - INFO - Loaded file METR_LA.rel, shape=(207, 207)
2024-08-20 14:41:54,155 - INFO - Start Calculate the weight by Gauss kernel!
2024-08-20 14:41:54,156 - INFO - Loading file METR_LA.dyna
2024-08-20 14:41:59,152 - INFO - Loaded file METR_LA.dyna, shape=(34272, 207, 1)
2024-08-20 14:42:01,411 - INFO - Dataset created
2024-08-20 14:42:01,411 - INFO - x shape: (34249, 12, 207, 1), y shape: (34249, 12, 207, 1)
2024-08-20 14:42:01,415 - INFO - train	x: (20549, 12, 207, 1), y: (20549, 12, 207, 1)
2024-08-20 14:42:01,415 - INFO - eval	x: (6850, 12, 207, 1), y: (6850, 12, 207, 1)
2024-08-20 14:42:01,415 - INFO - test	x: (6850, 12, 207, 1), y: (6850, 12, 207, 1)
2024-08-20 14:42:20,704 - INFO - Saved at ./libcity/cache/dataset_cache/point_based_METR_LA_12_12_0.6_0.2_standard_64_False_False_False_True.npz
2024-08-20 14:42:21,147 - INFO - StandardScaler mean: 54.10160182214729, std: 19.84129811739302
2024-08-20 14:42:21,148 - INFO - NoneScaler
2024-08-20 14:42:32,088 - INFO - ASTGCN(
  (ASTGCN_submodule): ASTGCNSubmodule(
    (BlockList): ModuleList(
      (0): ASTGCNBlock(
        (TAt): TemporalAttentionLayer()
        (SAt): SpatialAttentionLayer()
        (cheb_conv_SAt): ChebConvWithSAt(
          (Theta): ParameterList(
              (0): Parameter containing: [torch.cuda.FloatTensor of size 1x64 (GPU 0)]
              (1): Parameter containing: [torch.cuda.FloatTensor of size 1x64 (GPU 0)]
              (2): Parameter containing: [torch.cuda.FloatTensor of size 1x64 (GPU 0)]
          )
        )
        (time_conv): Conv2d(64, 64, kernel_size=(1, 3), stride=(1, 1), padding=(0, 1))
        (residual_conv): Conv2d(1, 64, kernel_size=(1, 1), stride=(1, 1))
        (ln): LayerNorm((64,), eps=1e-05, elementwise_affine=True)
      )
      (1): ASTGCNBlock(
        (TAt): TemporalAttentionLayer()
        (SAt): SpatialAttentionLayer()
        (cheb_conv_SAt): ChebConvWithSAt(
          (Theta): ParameterList(
              (0): Parameter containing: [torch.cuda.FloatTensor of size 64x64 (GPU 0)]
              (1): Parameter containing: [torch.cuda.FloatTensor of size 64x64 (GPU 0)]
              (2): Parameter containing: [torch.cuda.FloatTensor of size 64x64 (GPU 0)]
          )
        )
        (time_conv): Conv2d(64, 64, kernel_size=(1, 3), stride=(1, 1), padding=(0, 1))
        (residual_conv): Conv2d(64, 64, kernel_size=(1, 1), stride=(1, 1))
        (ln): LayerNorm((64,), eps=1e-05, elementwise_affine=True)
      )
    )
    (final_conv): Conv2d(12, 12, kernel_size=(1, 64), stride=(1, 1))
  )
)
2024-08-20 14:42:32,089 - INFO - ASTGCN_submodule.BlockList.0.TAt.U1	torch.Size([207])	cuda:0	True
2024-08-20 14:42:32,089 - INFO - ASTGCN_submodule.BlockList.0.TAt.U2	torch.Size([1, 207])	cuda:0	True
2024-08-20 14:42:32,089 - INFO - ASTGCN_submodule.BlockList.0.TAt.U3	torch.Size([1])	cuda:0	True
2024-08-20 14:42:32,089 - INFO - ASTGCN_submodule.BlockList.0.TAt.be	torch.Size([1, 12, 12])	cuda:0	True
2024-08-20 14:42:32,089 - INFO - ASTGCN_submodule.BlockList.0.TAt.Ve	torch.Size([12, 12])	cuda:0	True
2024-08-20 14:42:32,089 - INFO - ASTGCN_submodule.BlockList.0.SAt.W1	torch.Size([12])	cuda:0	True
2024-08-20 14:42:32,089 - INFO - ASTGCN_submodule.BlockList.0.SAt.W2	torch.Size([1, 12])	cuda:0	True
2024-08-20 14:42:32,089 - INFO - ASTGCN_submodule.BlockList.0.SAt.W3	torch.Size([1])	cuda:0	True
2024-08-20 14:42:32,090 - INFO - ASTGCN_submodule.BlockList.0.SAt.bs	torch.Size([1, 207, 207])	cuda:0	True
2024-08-20 14:42:32,090 - INFO - ASTGCN_submodule.BlockList.0.SAt.Vs	torch.Size([207, 207])	cuda:0	True
2024-08-20 14:42:32,090 - INFO - ASTGCN_submodule.BlockList.0.cheb_conv_SAt.Theta.0	torch.Size([1, 64])	cuda:0	True
2024-08-20 14:42:32,090 - INFO - ASTGCN_submodule.BlockList.0.cheb_conv_SAt.Theta.1	torch.Size([1, 64])	cuda:0	True
2024-08-20 14:42:32,090 - INFO - ASTGCN_submodule.BlockList.0.cheb_conv_SAt.Theta.2	torch.Size([1, 64])	cuda:0	True
2024-08-20 14:42:32,090 - INFO - ASTGCN_submodule.BlockList.0.time_conv.weight	torch.Size([64, 64, 1, 3])	cuda:0	True
2024-08-20 14:42:32,090 - INFO - ASTGCN_submodule.BlockList.0.time_conv.bias	torch.Size([64])	cuda:0	True
2024-08-20 14:42:32,090 - INFO - ASTGCN_submodule.BlockList.0.residual_conv.weight	torch.Size([64, 1, 1, 1])	cuda:0	True
2024-08-20 14:42:32,090 - INFO - ASTGCN_submodule.BlockList.0.residual_conv.bias	torch.Size([64])	cuda:0	True
2024-08-20 14:42:32,090 - INFO - ASTGCN_submodule.BlockList.0.ln.weight	torch.Size([64])	cuda:0	True
2024-08-20 14:42:32,090 - INFO - ASTGCN_submodule.BlockList.0.ln.bias	torch.Size([64])	cuda:0	True
2024-08-20 14:42:32,090 - INFO - ASTGCN_submodule.BlockList.1.TAt.U1	torch.Size([207])	cuda:0	True
2024-08-20 14:42:32,090 - INFO - ASTGCN_submodule.BlockList.1.TAt.U2	torch.Size([64, 207])	cuda:0	True
2024-08-20 14:42:32,091 - INFO - ASTGCN_submodule.BlockList.1.TAt.U3	torch.Size([64])	cuda:0	True
2024-08-20 14:42:32,091 - INFO - ASTGCN_submodule.BlockList.1.TAt.be	torch.Size([1, 12, 12])	cuda:0	True
2024-08-20 14:42:32,091 - INFO - ASTGCN_submodule.BlockList.1.TAt.Ve	torch.Size([12, 12])	cuda:0	True
2024-08-20 14:42:32,091 - INFO - ASTGCN_submodule.BlockList.1.SAt.W1	torch.Size([12])	cuda:0	True
2024-08-20 14:42:32,091 - INFO - ASTGCN_submodule.BlockList.1.SAt.W2	torch.Size([64, 12])	cuda:0	True
2024-08-20 14:42:32,091 - INFO - ASTGCN_submodule.BlockList.1.SAt.W3	torch.Size([64])	cuda:0	True
2024-08-20 14:42:32,091 - INFO - ASTGCN_submodule.BlockList.1.SAt.bs	torch.Size([1, 207, 207])	cuda:0	True
2024-08-20 14:42:32,091 - INFO - ASTGCN_submodule.BlockList.1.SAt.Vs	torch.Size([207, 207])	cuda:0	True
2024-08-20 14:42:32,091 - INFO - ASTGCN_submodule.BlockList.1.cheb_conv_SAt.Theta.0	torch.Size([64, 64])	cuda:0	True
2024-08-20 14:42:32,091 - INFO - ASTGCN_submodule.BlockList.1.cheb_conv_SAt.Theta.1	torch.Size([64, 64])	cuda:0	True
2024-08-20 14:42:32,091 - INFO - ASTGCN_submodule.BlockList.1.cheb_conv_SAt.Theta.2	torch.Size([64, 64])	cuda:0	True
2024-08-20 14:42:32,091 - INFO - ASTGCN_submodule.BlockList.1.time_conv.weight	torch.Size([64, 64, 1, 3])	cuda:0	True
2024-08-20 14:42:32,091 - INFO - ASTGCN_submodule.BlockList.1.time_conv.bias	torch.Size([64])	cuda:0	True
2024-08-20 14:42:32,091 - INFO - ASTGCN_submodule.BlockList.1.residual_conv.weight	torch.Size([64, 64, 1, 1])	cuda:0	True
2024-08-20 14:42:32,091 - INFO - ASTGCN_submodule.BlockList.1.residual_conv.bias	torch.Size([64])	cuda:0	True
2024-08-20 14:42:32,092 - INFO - ASTGCN_submodule.BlockList.1.ln.weight	torch.Size([64])	cuda:0	True
2024-08-20 14:42:32,092 - INFO - ASTGCN_submodule.BlockList.1.ln.bias	torch.Size([64])	cuda:0	True
2024-08-20 14:42:32,092 - INFO - ASTGCN_submodule.final_conv.weight	torch.Size([12, 12, 1, 64])	cuda:0	True
2024-08-20 14:42:32,092 - INFO - ASTGCN_submodule.final_conv.bias	torch.Size([12])	cuda:0	True
2024-08-20 14:42:32,092 - INFO - Total parameter numbers: 237731
2024-08-20 14:42:32,092 - INFO - You select `adam` optimizer.
2024-08-20 14:42:32,092 - WARNING - Received none train loss func and will use the loss func defined in the model.
2024-08-20 14:42:32,092 - INFO - Start training ...
2024-08-20 14:42:32,092 - INFO - num_batches:322
2024-08-20 14:44:44,723 - INFO - epoch complete!
2024-08-20 14:44:44,724 - INFO - evaluating now!
2024-08-20 14:45:02,284 - INFO - Epoch [0/150] train_loss: 211.8808, val_loss: 128.4403, lr: 0.000100, 150.19s
2024-08-20 14:45:02,299 - INFO - Saved model at 0
2024-08-20 14:45:02,299 - INFO - Val loss decrease from inf to 128.4403, saving to ./libcity/cache/3/model_cache/ASTGCN_METR_LA_epoch0.tar
2024-08-20 14:47:13,982 - INFO - epoch complete!
2024-08-20 14:47:13,983 - INFO - evaluating now!
2024-08-20 14:47:31,313 - INFO - Epoch [1/150] train_loss: 129.5978, val_loss: 118.5442, lr: 0.000100, 149.01s
2024-08-20 14:47:31,328 - INFO - Saved model at 1
2024-08-20 14:47:31,328 - INFO - Val loss decrease from 128.4403 to 118.5442, saving to ./libcity/cache/3/model_cache/ASTGCN_METR_LA_epoch1.tar
