2024-10-07 21:38:02,759 - INFO - Log directory: ./libcity/log
2024-10-07 21:38:02,759 - INFO - Begin pipeline, task=MTS_pred, model_name=STGCN, dataset_name=humidity, exp_id=3
2024-10-07 21:38:02,759 - INFO - {'task': 'MTS_pred', 'model': 'STGCN', 'dataset': 'humidity', 'saved_model': True, 'exp_id': '3', 'seed': 0, 'max_epoch': 50, 'dataset_class': 'StatePointDataset', 'executor': 'StateExecutor', 'evaluator': 'StateEvaluator', 'Ks': 3, 'Kt': 3, 'blocks': [[1, 32, 64], [64, 32, 128]], 'dropout': 0, 'graph_conv_type': 'chebconv', 'stgcn_train_mode': 'quick', 'bidir_adj_mx': True, 'scaler': 'standard', 'load_external': False, 'normal_external': False, 'ext_scaler': 'none', 'add_time_in_day': False, 'add_day_in_week': False, 'learner': 'rmsprop', 'learning_rate': 0.001, 'lr_decay': True, 'lr_scheduler': 'steplr', 'lr_decay_ratio': 0.7, 'step_size': 5, 'clip_grad_norm': False, 'use_early_stop': False, 'batch_size': 64, 'cache_dataset': True, 'num_workers': 0, 'pad_with_last_sample': True, 'train_rate': 0.7, 'eval_rate': 0.1, 'input_window': 12, 'output_window': 12, 'robustness_test': False, 'noise_type': 'gaussian', 'disturb_rate': 0.5, 'noise_mean': [5], 'noise_SD': [10], 'gpu': True, 'gpu_id': 0, 'train_loss': 'none', 'epoch': 0, 'weight_decay': 0, 'lr_epsilon': 1e-08, 'lr_beta1': 0.9, 'lr_beta2': 0.999, 'lr_alpha': 0.99, 'lr_momentum': 0, 'steps': [5, 20, 40, 70], 'lr_T_max': 30, 'lr_eta_min': 0, 'lr_patience': 10, 'lr_threshold': 0.0001, 'max_grad_norm': 1.0, 'patience': 50, 'log_level': 'INFO', 'log_every': 1, 'load_best_epoch': True, 'hyper_tune': False, 'metrics': ['MAE', 'MAPE', 'RMSE'], 'evaluator_mode': 'single', 'save_mode': ['csv'], 'geo': {'including_types': ['Point'], 'Point': {}}, 'rel': {'including_types': ['geo'], 'geo': {'cost': 'num'}}, 'dyna': {'including_types': ['state'], 'state': {'entity_id': 'geo_id', 'traffic_speed': 'num'}}, 'data_col': ['traffic_speed'], 'weight_col': 'cost', 'data_files': ['humidity'], 'geo_file': 'humidity', 'rel_file': 'humidity', 'output_dim': 1, 'time_intervals': 300, 'init_weight_inf_or_zero': 'inf', 'set_weight_link_or_dist': 'dist', 'calculate_weight_adj': True, 'weight_adj_epsilon': 0.1, 'device': device(type='cuda', index=0)}
2024-10-07 21:38:05,726 - INFO - Loaded file humidity_feature.csv, shape=(3322, 2048, 1)
2024-10-07 21:38:07,569 - INFO - Dataset created
2024-10-07 21:38:07,569 - INFO - x shape: (3299, 12, 2048, 1), y shape: (3299, 12, 2048, 1)
2024-10-07 21:38:07,582 - INFO - train	x: (2309, 12, 2048, 1), y: (2309, 12, 2048, 1)
2024-10-07 21:38:07,582 - INFO - eval	x: (330, 12, 2048, 1), y: (330, 12, 2048, 1)
2024-10-07 21:38:07,582 - INFO - test	x: (660, 12, 2048, 1), y: (660, 12, 2048, 1)
2024-10-07 21:40:03,043 - INFO - Saved at ./libcity/cache/dataset_cache/point_based_humidity_12_12_0.7_0.1_standard_64_False_False_False_True.npz
2024-10-07 21:40:03,289 - INFO - StandardScaler mean: 78.66855544535464, std: 17.406175498267864
2024-10-07 21:40:03,289 - INFO - NoneScaler
2024-10-07 21:40:04,381 - INFO - You select quick mode to train STGCN model.
2024-10-07 21:40:21,970 - INFO - Chebyshev_polynomial_Lk shape: (3, 2048, 2048)
2024-10-07 21:40:22,345 - INFO - STGCN(
  (st_conv1): STConvBlock(
    (tconv1): TemporalConvLayer(
      (align): Align()
      (conv): Conv2d(1, 64, kernel_size=(3, 1), stride=(1, 1))
    )
    (sconv): SpatioConvLayer(
      (align): Align()
    )
    (tconv2): TemporalConvLayer(
      (align): Align()
      (conv): Conv2d(32, 64, kernel_size=(3, 1), stride=(1, 1))
    )
    (ln): LayerNorm((2048, 64), eps=1e-05, elementwise_affine=True)
    (dropout): Dropout(p=0, inplace=False)
  )
  (st_conv2): STConvBlock(
    (tconv1): TemporalConvLayer(
      (align): Align(
        (conv1x1): Conv2d(64, 32, kernel_size=(1, 1), stride=(1, 1))
      )
      (conv): Conv2d(64, 64, kernel_size=(3, 1), stride=(1, 1))
    )
    (sconv): SpatioConvLayer(
      (align): Align()
    )
    (tconv2): TemporalConvLayer(
      (align): Align()
      (conv): Conv2d(32, 128, kernel_size=(3, 1), stride=(1, 1))
    )
    (ln): LayerNorm((2048, 128), eps=1e-05, elementwise_affine=True)
    (dropout): Dropout(p=0, inplace=False)
  )
  (output): OutputLayer(
    (tconv1): TemporalConvLayer(
      (align): Align()
      (conv): Conv2d(128, 256, kernel_size=(4, 1), stride=(1, 1))
    )
    (ln): LayerNorm((2048, 128), eps=1e-05, elementwise_affine=True)
    (tconv2): TemporalConvLayer(
      (align): Align()
      (conv): Conv2d(128, 128, kernel_size=(1, 1), stride=(1, 1))
    )
    (fc): FullyConvLayer(
      (conv): Conv2d(128, 1, kernel_size=(1, 1), stride=(1, 1))
    )
  )
)
2024-10-07 21:40:22,346 - INFO - st_conv1.tconv1.conv.weight	torch.Size([64, 1, 3, 1])	cuda:0	True
2024-10-07 21:40:22,348 - INFO - st_conv1.tconv1.conv.bias	torch.Size([64])	cuda:0	True
2024-10-07 21:40:22,348 - INFO - st_conv1.sconv.theta	torch.Size([32, 32, 3])	cuda:0	True
2024-10-07 21:40:22,348 - INFO - st_conv1.sconv.b	torch.Size([1, 32, 1, 1])	cuda:0	True
2024-10-07 21:40:22,348 - INFO - st_conv1.tconv2.conv.weight	torch.Size([64, 32, 3, 1])	cuda:0	True
2024-10-07 21:40:22,348 - INFO - st_conv1.tconv2.conv.bias	torch.Size([64])	cuda:0	True
2024-10-07 21:40:22,348 - INFO - st_conv1.ln.weight	torch.Size([2048, 64])	cuda:0	True
2024-10-07 21:40:22,348 - INFO - st_conv1.ln.bias	torch.Size([2048, 64])	cuda:0	True
2024-10-07 21:40:22,348 - INFO - st_conv2.tconv1.align.conv1x1.weight	torch.Size([32, 64, 1, 1])	cuda:0	True
2024-10-07 21:40:22,348 - INFO - st_conv2.tconv1.align.conv1x1.bias	torch.Size([32])	cuda:0	True
2024-10-07 21:40:22,348 - INFO - st_conv2.tconv1.conv.weight	torch.Size([64, 64, 3, 1])	cuda:0	True
2024-10-07 21:40:22,349 - INFO - st_conv2.tconv1.conv.bias	torch.Size([64])	cuda:0	True
2024-10-07 21:40:22,349 - INFO - st_conv2.sconv.theta	torch.Size([32, 32, 3])	cuda:0	True
2024-10-07 21:40:22,349 - INFO - st_conv2.sconv.b	torch.Size([1, 32, 1, 1])	cuda:0	True
2024-10-07 21:40:22,349 - INFO - st_conv2.tconv2.conv.weight	torch.Size([128, 32, 3, 1])	cuda:0	True
2024-10-07 21:40:22,349 - INFO - st_conv2.tconv2.conv.bias	torch.Size([128])	cuda:0	True
2024-10-07 21:40:22,349 - INFO - st_conv2.ln.weight	torch.Size([2048, 128])	cuda:0	True
2024-10-07 21:40:22,349 - INFO - st_conv2.ln.bias	torch.Size([2048, 128])	cuda:0	True
2024-10-07 21:40:22,349 - INFO - output.tconv1.conv.weight	torch.Size([256, 128, 4, 1])	cuda:0	True
2024-10-07 21:40:22,349 - INFO - output.tconv1.conv.bias	torch.Size([256])	cuda:0	True
2024-10-07 21:40:22,349 - INFO - output.ln.weight	torch.Size([2048, 128])	cuda:0	True
2024-10-07 21:40:22,349 - INFO - output.ln.bias	torch.Size([2048, 128])	cuda:0	True
2024-10-07 21:40:22,349 - INFO - output.tconv2.conv.weight	torch.Size([128, 128, 1, 1])	cuda:0	True
2024-10-07 21:40:22,349 - INFO - output.tconv2.conv.bias	torch.Size([128])	cuda:0	True
2024-10-07 21:40:22,349 - INFO - output.fc.conv.weight	torch.Size([1, 128, 1, 1])	cuda:0	True
2024-10-07 21:40:22,349 - INFO - output.fc.conv.bias	torch.Size([1])	cuda:0	True
2024-10-07 21:40:22,349 - INFO - Total parameter numbers: 1498209
2024-10-07 21:40:22,349 - INFO - You select `rmsprop` optimizer.
2024-10-07 21:40:22,879 - INFO - You select `steplr` lr_scheduler.
2024-10-07 21:40:22,880 - WARNING - Received none train loss func and will use the loss func defined in the model.
2024-10-07 21:40:22,880 - INFO - Start training ...
2024-10-07 21:40:22,880 - INFO - num_batches:37
2024-10-07 21:40:47,137 - INFO - epoch complete!
2024-10-07 21:40:47,138 - INFO - evaluating now!
2024-10-07 21:41:01,722 - INFO - Epoch [0/50] train_loss: 142.7103, val_loss: 145.1482, lr: 0.001000, 38.84s
2024-10-07 21:41:01,738 - INFO - Saved model at 0
2024-10-07 21:41:01,738 - INFO - Val loss decrease from inf to 145.1482, saving to ./libcity/cache/3/model_cache/STGCN_humidity_epoch0.tar
2024-10-07 21:41:22,982 - INFO - epoch complete!
2024-10-07 21:41:22,985 - INFO - evaluating now!
2024-10-07 21:41:37,022 - INFO - Epoch [1/50] train_loss: 99.7237, val_loss: 136.6460, lr: 0.001000, 35.28s
2024-10-07 21:41:37,037 - INFO - Saved model at 1
2024-10-07 21:41:37,037 - INFO - Val loss decrease from 145.1482 to 136.6460, saving to ./libcity/cache/3/model_cache/STGCN_humidity_epoch1.tar
2024-10-07 21:41:58,025 - INFO - epoch complete!
2024-10-07 21:41:58,028 - INFO - evaluating now!
2024-10-07 21:42:12,539 - INFO - Epoch [2/50] train_loss: 97.0724, val_loss: 130.3186, lr: 0.001000, 35.50s
2024-10-07 21:42:12,555 - INFO - Saved model at 2
2024-10-07 21:42:12,555 - INFO - Val loss decrease from 136.6460 to 130.3186, saving to ./libcity/cache/3/model_cache/STGCN_humidity_epoch2.tar
2024-10-07 21:42:34,848 - INFO - epoch complete!
2024-10-07 21:42:34,849 - INFO - evaluating now!
2024-10-07 21:42:49,393 - INFO - Epoch [3/50] train_loss: 96.3957, val_loss: 126.6975, lr: 0.001000, 36.84s
2024-10-07 21:42:49,408 - INFO - Saved model at 3
2024-10-07 21:42:49,408 - INFO - Val loss decrease from 130.3186 to 126.6975, saving to ./libcity/cache/3/model_cache/STGCN_humidity_epoch3.tar
2024-10-07 21:43:08,197 - INFO - epoch complete!
2024-10-07 21:43:08,197 - INFO - evaluating now!
2024-10-07 21:43:19,382 - INFO - Epoch [4/50] train_loss: 95.1301, val_loss: 139.4624, lr: 0.000700, 29.97s
2024-10-07 21:43:37,298 - INFO - epoch complete!
2024-10-07 21:43:37,298 - INFO - evaluating now!
2024-10-07 21:43:50,388 - INFO - Epoch [5/50] train_loss: 93.0885, val_loss: 138.4778, lr: 0.000700, 31.01s
2024-10-07 21:44:10,976 - INFO - epoch complete!
2024-10-07 21:44:10,976 - INFO - evaluating now!
2024-10-07 21:44:23,505 - INFO - Epoch [6/50] train_loss: 93.2991, val_loss: 127.0310, lr: 0.000700, 33.12s
2024-10-07 21:44:41,970 - INFO - epoch complete!
2024-10-07 21:44:41,970 - INFO - evaluating now!
2024-10-07 21:44:56,314 - INFO - Epoch [7/50] train_loss: 93.2006, val_loss: 128.0475, lr: 0.000700, 32.81s
2024-10-07 21:45:15,810 - INFO - epoch complete!
2024-10-07 21:45:15,811 - INFO - evaluating now!
2024-10-07 21:45:30,879 - INFO - Epoch [8/50] train_loss: 92.5714, val_loss: 133.0291, lr: 0.000700, 34.56s
2024-10-07 21:45:53,092 - INFO - epoch complete!
2024-10-07 21:45:53,092 - INFO - evaluating now!
2024-10-07 21:46:06,998 - INFO - Epoch [9/50] train_loss: 92.3633, val_loss: 125.4335, lr: 0.000490, 36.12s
2024-10-07 21:46:07,017 - INFO - Saved model at 9
2024-10-07 21:46:07,017 - INFO - Val loss decrease from 126.6975 to 125.4335, saving to ./libcity/cache/3/model_cache/STGCN_humidity_epoch9.tar
2024-10-07 21:46:29,335 - INFO - epoch complete!
2024-10-07 21:46:29,335 - INFO - evaluating now!
2024-10-07 21:46:44,028 - INFO - Epoch [10/50] train_loss: 90.7264, val_loss: 126.8860, lr: 0.000490, 37.01s
2024-10-07 21:47:06,020 - INFO - epoch complete!
2024-10-07 21:47:06,021 - INFO - evaluating now!
2024-10-07 21:47:20,640 - INFO - Epoch [11/50] train_loss: 91.1780, val_loss: 124.9217, lr: 0.000490, 36.61s
2024-10-07 21:47:20,666 - INFO - Saved model at 11
2024-10-07 21:47:20,666 - INFO - Val loss decrease from 125.4335 to 124.9217, saving to ./libcity/cache/3/model_cache/STGCN_humidity_epoch11.tar
2024-10-07 21:47:44,228 - INFO - epoch complete!
2024-10-07 21:47:44,231 - INFO - evaluating now!
2024-10-07 21:47:59,720 - INFO - Epoch [12/50] train_loss: 90.7104, val_loss: 129.1964, lr: 0.000490, 39.05s
2024-10-07 21:48:23,731 - INFO - epoch complete!
2024-10-07 21:48:23,731 - INFO - evaluating now!
2024-10-07 21:48:37,406 - INFO - Epoch [13/50] train_loss: 90.8032, val_loss: 129.3324, lr: 0.000490, 37.69s
2024-10-07 21:48:57,542 - INFO - epoch complete!
2024-10-07 21:48:57,542 - INFO - evaluating now!
2024-10-07 21:49:11,425 - INFO - Epoch [14/50] train_loss: 90.5533, val_loss: 124.2906, lr: 0.000343, 34.02s
2024-10-07 21:49:11,441 - INFO - Saved model at 14
2024-10-07 21:49:11,442 - INFO - Val loss decrease from 124.9217 to 124.2906, saving to ./libcity/cache/3/model_cache/STGCN_humidity_epoch14.tar
2024-10-07 21:49:29,524 - INFO - epoch complete!
2024-10-07 21:49:29,524 - INFO - evaluating now!
2024-10-07 21:49:42,581 - INFO - Epoch [15/50] train_loss: 89.3863, val_loss: 127.1359, lr: 0.000343, 31.14s
2024-10-07 21:50:03,462 - INFO - epoch complete!
2024-10-07 21:50:03,463 - INFO - evaluating now!
2024-10-07 21:50:17,460 - INFO - Epoch [16/50] train_loss: 89.3300, val_loss: 128.4789, lr: 0.000343, 34.88s
2024-10-07 21:50:38,097 - INFO - epoch complete!
2024-10-07 21:50:38,097 - INFO - evaluating now!
2024-10-07 21:50:52,094 - INFO - Epoch [17/50] train_loss: 89.4750, val_loss: 130.2700, lr: 0.000343, 34.63s
2024-10-07 21:51:12,294 - INFO - epoch complete!
2024-10-07 21:51:12,294 - INFO - evaluating now!
2024-10-07 21:51:26,875 - INFO - Epoch [18/50] train_loss: 89.0655, val_loss: 126.0129, lr: 0.000343, 34.78s
2024-10-07 21:51:49,596 - INFO - epoch complete!
2024-10-07 21:51:49,596 - INFO - evaluating now!
2024-10-07 21:52:04,553 - INFO - Epoch [19/50] train_loss: 89.1525, val_loss: 127.0966, lr: 0.000240, 37.68s
2024-10-07 21:52:28,226 - INFO - epoch complete!
2024-10-07 21:52:28,226 - INFO - evaluating now!
2024-10-07 21:52:43,341 - INFO - Epoch [20/50] train_loss: 88.3709, val_loss: 126.4789, lr: 0.000240, 38.79s
2024-10-07 21:53:05,494 - INFO - epoch complete!
2024-10-07 21:53:05,495 - INFO - evaluating now!
2024-10-07 21:53:19,235 - INFO - Epoch [21/50] train_loss: 88.3964, val_loss: 128.8056, lr: 0.000240, 35.89s
2024-10-07 21:53:41,402 - INFO - epoch complete!
2024-10-07 21:53:41,403 - INFO - evaluating now!
2024-10-07 21:53:56,034 - INFO - Epoch [22/50] train_loss: 88.3259, val_loss: 127.6608, lr: 0.000240, 36.80s
2024-10-07 21:54:15,233 - INFO - epoch complete!
2024-10-07 21:54:15,234 - INFO - evaluating now!
2024-10-07 21:54:28,535 - INFO - Epoch [23/50] train_loss: 88.3364, val_loss: 132.7620, lr: 0.000240, 32.50s
2024-10-07 21:54:48,533 - INFO - epoch complete!
2024-10-07 21:54:48,534 - INFO - evaluating now!
2024-10-07 21:55:02,842 - INFO - Epoch [24/50] train_loss: 88.0343, val_loss: 124.7238, lr: 0.000168, 34.31s
2024-10-07 21:55:23,704 - INFO - epoch complete!
2024-10-07 21:55:23,704 - INFO - evaluating now!
2024-10-07 21:55:38,431 - INFO - Epoch [25/50] train_loss: 87.7354, val_loss: 127.4213, lr: 0.000168, 35.59s
2024-10-07 21:56:01,496 - INFO - epoch complete!
2024-10-07 21:56:01,496 - INFO - evaluating now!
2024-10-07 21:56:16,455 - INFO - Epoch [26/50] train_loss: 87.6612, val_loss: 128.4302, lr: 0.000168, 38.02s
2024-10-07 21:56:38,475 - INFO - epoch complete!
2024-10-07 21:56:38,476 - INFO - evaluating now!
2024-10-07 21:56:52,105 - INFO - Epoch [27/50] train_loss: 87.6704, val_loss: 127.9357, lr: 0.000168, 35.65s
2024-10-07 21:57:13,608 - INFO - epoch complete!
2024-10-07 21:57:13,611 - INFO - evaluating now!
2024-10-07 21:57:27,581 - INFO - Epoch [28/50] train_loss: 87.5499, val_loss: 127.2674, lr: 0.000168, 35.48s
2024-10-07 21:57:50,073 - INFO - epoch complete!
2024-10-07 21:57:50,073 - INFO - evaluating now!
2024-10-07 21:58:05,353 - INFO - Epoch [29/50] train_loss: 87.5031, val_loss: 125.4963, lr: 0.000118, 37.77s
2024-10-07 21:58:28,952 - INFO - epoch complete!
2024-10-07 21:58:28,954 - INFO - evaluating now!
2024-10-07 21:58:44,053 - INFO - Epoch [30/50] train_loss: 87.2301, val_loss: 125.4482, lr: 0.000118, 38.70s
2024-10-07 21:59:07,385 - INFO - epoch complete!
2024-10-07 21:59:07,385 - INFO - evaluating now!
2024-10-07 21:59:22,472 - INFO - Epoch [31/50] train_loss: 87.1851, val_loss: 127.5289, lr: 0.000118, 38.42s
2024-10-07 21:59:41,709 - INFO - epoch complete!
2024-10-07 21:59:41,709 - INFO - evaluating now!
2024-10-07 21:59:55,145 - INFO - Epoch [32/50] train_loss: 87.1158, val_loss: 128.3474, lr: 0.000118, 32.67s
2024-10-07 22:00:17,659 - INFO - epoch complete!
2024-10-07 22:00:17,660 - INFO - evaluating now!
2024-10-07 22:00:32,405 - INFO - Epoch [33/50] train_loss: 87.0843, val_loss: 126.0116, lr: 0.000118, 37.26s
2024-10-07 22:00:54,785 - INFO - epoch complete!
2024-10-07 22:00:54,785 - INFO - evaluating now!
2024-10-07 22:01:09,504 - INFO - Epoch [34/50] train_loss: 87.0199, val_loss: 128.2349, lr: 0.000082, 37.10s
2024-10-07 22:01:32,672 - INFO - epoch complete!
2024-10-07 22:01:32,672 - INFO - evaluating now!
2024-10-07 22:01:46,706 - INFO - Epoch [35/50] train_loss: 86.8691, val_loss: 126.8241, lr: 0.000082, 37.20s
2024-10-07 22:02:09,552 - INFO - epoch complete!
2024-10-07 22:02:09,552 - INFO - evaluating now!
2024-10-07 22:02:24,780 - INFO - Epoch [36/50] train_loss: 86.8203, val_loss: 127.1432, lr: 0.000082, 38.07s
2024-10-07 22:02:47,880 - INFO - epoch complete!
2024-10-07 22:02:47,882 - INFO - evaluating now!
2024-10-07 22:03:03,025 - INFO - Epoch [37/50] train_loss: 86.8034, val_loss: 128.4057, lr: 0.000082, 38.24s
2024-10-07 22:03:25,578 - INFO - epoch complete!
2024-10-07 22:03:25,579 - INFO - evaluating now!
2024-10-07 22:03:40,164 - INFO - Epoch [38/50] train_loss: 86.7835, val_loss: 126.4601, lr: 0.000082, 37.14s
2024-10-07 22:04:00,457 - INFO - epoch complete!
2024-10-07 22:04:00,457 - INFO - evaluating now!
2024-10-07 22:04:14,655 - INFO - Epoch [39/50] train_loss: 86.6996, val_loss: 126.3739, lr: 0.000058, 34.49s
2024-10-07 22:04:36,139 - INFO - epoch complete!
2024-10-07 22:04:36,140 - INFO - evaluating now!
2024-10-07 22:04:50,052 - INFO - Epoch [40/50] train_loss: 86.6194, val_loss: 127.4368, lr: 0.000058, 35.40s
2024-10-07 22:05:11,860 - INFO - epoch complete!
2024-10-07 22:05:11,862 - INFO - evaluating now!
2024-10-07 22:05:27,008 - INFO - Epoch [41/50] train_loss: 86.5812, val_loss: 127.0149, lr: 0.000058, 36.96s
2024-10-07 22:05:50,078 - INFO - epoch complete!
2024-10-07 22:05:50,081 - INFO - evaluating now!
2024-10-07 22:06:05,051 - INFO - Epoch [42/50] train_loss: 86.5654, val_loss: 127.2014, lr: 0.000058, 38.04s
2024-10-07 22:06:28,618 - INFO - epoch complete!
2024-10-07 22:06:28,619 - INFO - evaluating now!
2024-10-07 22:06:43,961 - INFO - Epoch [43/50] train_loss: 86.5196, val_loss: 127.0241, lr: 0.000058, 38.91s
2024-10-07 22:07:08,243 - INFO - epoch complete!
2024-10-07 22:07:08,243 - INFO - evaluating now!
2024-10-07 22:07:23,829 - INFO - Epoch [44/50] train_loss: 86.5251, val_loss: 125.6114, lr: 0.000040, 39.87s
2024-10-07 22:07:47,044 - INFO - epoch complete!
2024-10-07 22:07:47,044 - INFO - evaluating now!
2024-10-07 22:08:00,945 - INFO - Epoch [45/50] train_loss: 86.4378, val_loss: 128.1514, lr: 0.000040, 37.12s
2024-10-07 22:08:22,474 - INFO - epoch complete!
2024-10-07 22:08:22,477 - INFO - evaluating now!
2024-10-07 22:08:38,418 - INFO - Epoch [46/50] train_loss: 86.4115, val_loss: 127.9974, lr: 0.000040, 37.47s
2024-10-07 22:09:02,017 - INFO - epoch complete!
2024-10-07 22:09:02,017 - INFO - evaluating now!
2024-10-07 22:09:17,673 - INFO - Epoch [47/50] train_loss: 86.3920, val_loss: 126.4153, lr: 0.000040, 39.25s
2024-10-07 22:09:41,360 - INFO - epoch complete!
2024-10-07 22:09:41,360 - INFO - evaluating now!
2024-10-07 22:09:56,213 - INFO - Epoch [48/50] train_loss: 86.3706, val_loss: 127.1763, lr: 0.000040, 38.54s
2024-10-07 22:10:16,459 - INFO - epoch complete!
2024-10-07 22:10:16,459 - INFO - evaluating now!
2024-10-07 22:10:29,180 - INFO - Epoch [49/50] train_loss: 86.3451, val_loss: 127.5440, lr: 0.000028, 32.97s
2024-10-07 22:10:29,181 - INFO - Trained totally 50 epochs, average train time is 21.748s, average eval time is 14.374s
2024-10-07 22:10:29,389 - INFO - Loaded model at 14
2024-10-07 22:10:29,389 - INFO - Saved model at ./libcity/cache/3/model_cache/STGCN_humidity.m
2024-10-07 22:10:29,410 - INFO - Start evaluating ...
2024-10-07 22:11:12,521 - INFO - Note that you select the single mode to evaluate!
2024-10-07 22:11:12,532 - INFO - Evaluate result is saved at ./libcity/cache/3/evaluate_cache/2024_10_07_22_11_12_STGCN_humidity.csv
2024-10-07 22:11:12,540 - INFO - 
         MAE      MAPE       RMSE
1   7.252092  0.115737  10.135352
2   7.653839  0.122675  10.609320
3   7.878618  0.126210  10.869921
4   8.020029  0.128170  11.026202
5   8.116806  0.129385  11.127694
6   8.188748  0.130225  11.200224
7   8.244884  0.130839  11.255643
8   8.290854  0.131318  11.300754
9   8.329401  0.131703  11.338461
10  8.362602  0.132009  11.370439
11  8.389982  0.132237  11.396105
12  8.414669  0.132425  11.418577
