2024-10-07 22:11:50,874 - INFO - Log directory: ./libcity/log
2024-10-07 22:11:50,874 - INFO - Begin pipeline, task=MTS_pred, model_name=STGCN, dataset_name=humidity, exp_id=3
2024-10-07 22:11:50,874 - INFO - {'task': 'MTS_pred', 'model': 'STGCN', 'dataset': 'humidity', 'saved_model': True, 'exp_id': '3', 'seed': 0, 'max_epoch': 50, 'dataset_class': 'StatePointDataset', 'executor': 'StateExecutor', 'evaluator': 'StateEvaluator', 'Ks': 3, 'Kt': 3, 'blocks': [[1, 32, 64], [64, 32, 128]], 'dropout': 0, 'graph_conv_type': 'chebconv', 'stgcn_train_mode': 'quick', 'bidir_adj_mx': True, 'scaler': 'standard', 'load_external': False, 'normal_external': False, 'ext_scaler': 'none', 'add_time_in_day': False, 'add_day_in_week': False, 'learner': 'rmsprop', 'learning_rate': 0.001, 'lr_decay': True, 'lr_scheduler': 'steplr', 'lr_decay_ratio': 0.7, 'step_size': 5, 'clip_grad_norm': False, 'use_early_stop': False, 'batch_size': 64, 'cache_dataset': True, 'num_workers': 0, 'pad_with_last_sample': True, 'train_rate': 0.7, 'eval_rate': 0.1, 'input_window': 12, 'output_window': 12, 'robustness_test': False, 'noise_type': 'gaussian', 'disturb_rate': 0.5, 'noise_mean': [5], 'noise_SD': [10], 'gpu': True, 'gpu_id': 0, 'train_loss': 'none', 'epoch': 0, 'weight_decay': 0, 'lr_epsilon': 1e-08, 'lr_beta1': 0.9, 'lr_beta2': 0.999, 'lr_alpha': 0.99, 'lr_momentum': 0, 'steps': [5, 20, 40, 70], 'lr_T_max': 30, 'lr_eta_min': 0, 'lr_patience': 10, 'lr_threshold': 0.0001, 'max_grad_norm': 1.0, 'patience': 50, 'log_level': 'INFO', 'log_every': 1, 'load_best_epoch': True, 'hyper_tune': False, 'metrics': ['MAE', 'MAPE', 'RMSE'], 'evaluator_mode': 'single', 'save_mode': ['csv'], 'geo': {'including_types': ['Point'], 'Point': {}}, 'rel': {'including_types': ['geo'], 'geo': {'cost': 'num'}}, 'dyna': {'including_types': ['state'], 'state': {'entity_id': 'geo_id', 'traffic_speed': 'num'}}, 'data_col': ['traffic_speed'], 'weight_col': 'cost', 'data_files': ['humidity'], 'geo_file': 'humidity', 'rel_file': 'humidity', 'output_dim': 1, 'time_intervals': 300, 'init_weight_inf_or_zero': 'inf', 'set_weight_link_or_dist': 'dist', 'calculate_weight_adj': True, 'weight_adj_epsilon': 0.1, 'device': device(type='cuda', index=0)}
2024-10-07 22:11:53,770 - INFO - Loaded file humidity_feature.csv, shape=(3322, 2048, 1)
2024-10-07 22:11:54,800 - INFO - Dataset created
2024-10-07 22:11:54,801 - INFO - x shape: (3299, 12, 2048, 1), y shape: (3299, 12, 2048, 1)
2024-10-07 22:11:54,805 - INFO - train	x: (2309, 12, 2048, 1), y: (2309, 12, 2048, 1)
2024-10-07 22:11:54,805 - INFO - eval	x: (330, 12, 2048, 1), y: (330, 12, 2048, 1)
2024-10-07 22:11:54,805 - INFO - test	x: (660, 12, 2048, 1), y: (660, 12, 2048, 1)
2024-10-07 22:13:55,109 - INFO - Saved at ./libcity/cache/dataset_cache/point_based_humidity_12_12_0.7_0.1_standard_64_False_False_False_True.npz
2024-10-07 22:13:55,304 - INFO - StandardScaler mean: 78.66855544535464, std: 17.406175498267864
2024-10-07 22:13:55,304 - INFO - NoneScaler
2024-10-07 22:13:56,429 - INFO - You select quick mode to train STGCN model.
2024-10-07 22:14:14,874 - INFO - Chebyshev_polynomial_Lk shape: (3, 2048, 2048)
2024-10-07 22:14:15,182 - INFO - STGCN(
  (st_conv1): STConvBlock(
    (tconv1): TemporalConvLayer(
      (align): Align()
      (conv): Conv2d(1, 64, kernel_size=(3, 1), stride=(1, 1))
    )
    (sconv): SpatioConvLayer(
      (align): Align()
    )
    (tconv2): TemporalConvLayer(
      (align): Align()
      (conv): Conv2d(32, 64, kernel_size=(3, 1), stride=(1, 1))
    )
    (ln): LayerNorm((2048, 64), eps=1e-05, elementwise_affine=True)
    (dropout): Dropout(p=0, inplace=False)
  )
  (st_conv2): STConvBlock(
    (tconv1): TemporalConvLayer(
      (align): Align(
        (conv1x1): Conv2d(64, 32, kernel_size=(1, 1), stride=(1, 1))
      )
      (conv): Conv2d(64, 64, kernel_size=(3, 1), stride=(1, 1))
    )
    (sconv): SpatioConvLayer(
      (align): Align()
    )
    (tconv2): TemporalConvLayer(
      (align): Align()
      (conv): Conv2d(32, 128, kernel_size=(3, 1), stride=(1, 1))
    )
    (ln): LayerNorm((2048, 128), eps=1e-05, elementwise_affine=True)
    (dropout): Dropout(p=0, inplace=False)
  )
  (output): OutputLayer(
    (tconv1): TemporalConvLayer(
      (align): Align()
      (conv): Conv2d(128, 256, kernel_size=(4, 1), stride=(1, 1))
    )
    (ln): LayerNorm((2048, 128), eps=1e-05, elementwise_affine=True)
    (tconv2): TemporalConvLayer(
      (align): Align()
      (conv): Conv2d(128, 128, kernel_size=(1, 1), stride=(1, 1))
    )
    (fc): FullyConvLayer(
      (conv): Conv2d(128, 1, kernel_size=(1, 1), stride=(1, 1))
    )
  )
)
2024-10-07 22:14:15,183 - INFO - st_conv1.tconv1.conv.weight	torch.Size([64, 1, 3, 1])	cuda:0	True
2024-10-07 22:14:15,183 - INFO - st_conv1.tconv1.conv.bias	torch.Size([64])	cuda:0	True
2024-10-07 22:14:15,184 - INFO - st_conv1.sconv.theta	torch.Size([32, 32, 3])	cuda:0	True
2024-10-07 22:14:15,184 - INFO - st_conv1.sconv.b	torch.Size([1, 32, 1, 1])	cuda:0	True
2024-10-07 22:14:15,184 - INFO - st_conv1.tconv2.conv.weight	torch.Size([64, 32, 3, 1])	cuda:0	True
2024-10-07 22:14:15,184 - INFO - st_conv1.tconv2.conv.bias	torch.Size([64])	cuda:0	True
2024-10-07 22:14:15,184 - INFO - st_conv1.ln.weight	torch.Size([2048, 64])	cuda:0	True
2024-10-07 22:14:15,184 - INFO - st_conv1.ln.bias	torch.Size([2048, 64])	cuda:0	True
2024-10-07 22:14:15,184 - INFO - st_conv2.tconv1.align.conv1x1.weight	torch.Size([32, 64, 1, 1])	cuda:0	True
2024-10-07 22:14:15,185 - INFO - st_conv2.tconv1.align.conv1x1.bias	torch.Size([32])	cuda:0	True
2024-10-07 22:14:15,185 - INFO - st_conv2.tconv1.conv.weight	torch.Size([64, 64, 3, 1])	cuda:0	True
2024-10-07 22:14:15,185 - INFO - st_conv2.tconv1.conv.bias	torch.Size([64])	cuda:0	True
2024-10-07 22:14:15,185 - INFO - st_conv2.sconv.theta	torch.Size([32, 32, 3])	cuda:0	True
2024-10-07 22:14:15,185 - INFO - st_conv2.sconv.b	torch.Size([1, 32, 1, 1])	cuda:0	True
2024-10-07 22:14:15,185 - INFO - st_conv2.tconv2.conv.weight	torch.Size([128, 32, 3, 1])	cuda:0	True
2024-10-07 22:14:15,185 - INFO - st_conv2.tconv2.conv.bias	torch.Size([128])	cuda:0	True
2024-10-07 22:14:15,186 - INFO - st_conv2.ln.weight	torch.Size([2048, 128])	cuda:0	True
2024-10-07 22:14:15,186 - INFO - st_conv2.ln.bias	torch.Size([2048, 128])	cuda:0	True
2024-10-07 22:14:15,186 - INFO - output.tconv1.conv.weight	torch.Size([256, 128, 4, 1])	cuda:0	True
2024-10-07 22:14:15,186 - INFO - output.tconv1.conv.bias	torch.Size([256])	cuda:0	True
2024-10-07 22:14:15,186 - INFO - output.ln.weight	torch.Size([2048, 128])	cuda:0	True
2024-10-07 22:14:15,186 - INFO - output.ln.bias	torch.Size([2048, 128])	cuda:0	True
2024-10-07 22:14:15,186 - INFO - output.tconv2.conv.weight	torch.Size([128, 128, 1, 1])	cuda:0	True
2024-10-07 22:14:15,187 - INFO - output.tconv2.conv.bias	torch.Size([128])	cuda:0	True
2024-10-07 22:14:15,187 - INFO - output.fc.conv.weight	torch.Size([1, 128, 1, 1])	cuda:0	True
2024-10-07 22:14:15,187 - INFO - output.fc.conv.bias	torch.Size([1])	cuda:0	True
2024-10-07 22:14:15,187 - INFO - Total parameter numbers: 1498209
2024-10-07 22:14:15,187 - INFO - You select `rmsprop` optimizer.
2024-10-07 22:14:15,684 - INFO - You select `steplr` lr_scheduler.
2024-10-07 22:14:15,684 - WARNING - Received none train loss func and will use the loss func defined in the model.
2024-10-07 22:14:15,684 - INFO - Start training ...
2024-10-07 22:14:15,684 - INFO - num_batches:37
2024-10-07 22:14:37,573 - INFO - epoch complete!
2024-10-07 22:14:37,573 - INFO - evaluating now!
2024-10-07 22:14:52,188 - INFO - Epoch [0/50] train_loss: 142.7103, val_loss: 145.1482, lr: 0.001000, 36.50s
2024-10-07 22:14:52,224 - INFO - Saved model at 0
2024-10-07 22:14:52,224 - INFO - Val loss decrease from inf to 145.1482, saving to ./libcity/cache/3/model_cache/STGCN_humidity_epoch0.tar
2024-10-07 22:15:14,431 - INFO - epoch complete!
2024-10-07 22:15:14,431 - INFO - evaluating now!
2024-10-07 22:15:29,924 - INFO - Epoch [1/50] train_loss: 99.7237, val_loss: 136.6460, lr: 0.001000, 37.70s
2024-10-07 22:15:29,961 - INFO - Saved model at 1
2024-10-07 22:15:29,961 - INFO - Val loss decrease from 145.1482 to 136.6460, saving to ./libcity/cache/3/model_cache/STGCN_humidity_epoch1.tar
2024-10-07 22:15:53,066 - INFO - epoch complete!
2024-10-07 22:15:53,066 - INFO - evaluating now!
2024-10-07 22:16:08,558 - INFO - Epoch [2/50] train_loss: 97.0724, val_loss: 130.3186, lr: 0.001000, 38.60s
2024-10-07 22:16:08,591 - INFO - Saved model at 2
2024-10-07 22:16:08,591 - INFO - Val loss decrease from 136.6460 to 130.3186, saving to ./libcity/cache/3/model_cache/STGCN_humidity_epoch2.tar
2024-10-07 22:16:31,673 - INFO - epoch complete!
2024-10-07 22:16:31,673 - INFO - evaluating now!
2024-10-07 22:16:46,867 - INFO - Epoch [3/50] train_loss: 96.3957, val_loss: 126.6975, lr: 0.001000, 38.28s
2024-10-07 22:16:46,905 - INFO - Saved model at 3
2024-10-07 22:16:46,905 - INFO - Val loss decrease from 130.3186 to 126.6975, saving to ./libcity/cache/3/model_cache/STGCN_humidity_epoch3.tar
2024-10-07 22:17:09,777 - INFO - epoch complete!
2024-10-07 22:17:09,777 - INFO - evaluating now!
2024-10-07 22:17:24,003 - INFO - Epoch [4/50] train_loss: 95.1301, val_loss: 139.4624, lr: 0.000700, 37.10s
2024-10-07 22:17:46,646 - INFO - epoch complete!
2024-10-07 22:17:46,646 - INFO - evaluating now!
2024-10-07 22:18:01,869 - INFO - Epoch [5/50] train_loss: 93.0885, val_loss: 138.4778, lr: 0.000700, 37.87s
2024-10-07 22:18:24,798 - INFO - epoch complete!
2024-10-07 22:18:24,798 - INFO - evaluating now!
2024-10-07 22:18:39,965 - INFO - Epoch [6/50] train_loss: 93.2991, val_loss: 127.0310, lr: 0.000700, 38.10s
2024-10-07 22:19:04,170 - INFO - epoch complete!
2024-10-07 22:19:04,170 - INFO - evaluating now!
2024-10-07 22:19:19,376 - INFO - Epoch [7/50] train_loss: 93.2006, val_loss: 128.0475, lr: 0.000700, 39.41s
2024-10-07 22:19:39,820 - INFO - epoch complete!
2024-10-07 22:19:39,820 - INFO - evaluating now!
2024-10-07 22:19:54,272 - INFO - Epoch [8/50] train_loss: 92.5714, val_loss: 133.0291, lr: 0.000700, 34.90s
2024-10-07 22:20:16,664 - INFO - epoch complete!
2024-10-07 22:20:16,664 - INFO - evaluating now!
2024-10-07 22:20:32,214 - INFO - Epoch [9/50] train_loss: 92.3633, val_loss: 125.4335, lr: 0.000490, 37.94s
2024-10-07 22:20:32,248 - INFO - Saved model at 9
2024-10-07 22:20:32,248 - INFO - Val loss decrease from 126.6975 to 125.4335, saving to ./libcity/cache/3/model_cache/STGCN_humidity_epoch9.tar
2024-10-07 22:20:55,968 - INFO - epoch complete!
2024-10-07 22:20:55,968 - INFO - evaluating now!
2024-10-07 22:21:11,287 - INFO - Epoch [10/50] train_loss: 90.7264, val_loss: 126.8860, lr: 0.000490, 39.04s
2024-10-07 22:21:32,590 - INFO - epoch complete!
2024-10-07 22:21:32,590 - INFO - evaluating now!
2024-10-07 22:21:47,260 - INFO - Epoch [11/50] train_loss: 91.1780, val_loss: 124.9217, lr: 0.000490, 35.97s
2024-10-07 22:21:47,298 - INFO - Saved model at 11
2024-10-07 22:21:47,299 - INFO - Val loss decrease from 125.4335 to 124.9217, saving to ./libcity/cache/3/model_cache/STGCN_humidity_epoch11.tar
2024-10-07 22:22:10,946 - INFO - epoch complete!
2024-10-07 22:22:10,946 - INFO - evaluating now!
2024-10-07 22:22:26,113 - INFO - Epoch [12/50] train_loss: 90.7104, val_loss: 129.1964, lr: 0.000490, 38.81s
2024-10-07 22:22:48,403 - INFO - epoch complete!
2024-10-07 22:22:48,403 - INFO - evaluating now!
2024-10-07 22:22:59,938 - INFO - Epoch [13/50] train_loss: 90.8032, val_loss: 129.3324, lr: 0.000490, 33.82s
2024-10-07 22:23:17,801 - INFO - epoch complete!
2024-10-07 22:23:17,801 - INFO - evaluating now!
2024-10-07 22:23:28,565 - INFO - Epoch [14/50] train_loss: 90.5533, val_loss: 124.2906, lr: 0.000343, 28.63s
2024-10-07 22:23:28,583 - INFO - Saved model at 14
2024-10-07 22:23:28,584 - INFO - Val loss decrease from 124.9217 to 124.2906, saving to ./libcity/cache/3/model_cache/STGCN_humidity_epoch14.tar
2024-10-07 22:23:45,157 - INFO - epoch complete!
2024-10-07 22:23:45,158 - INFO - evaluating now!
2024-10-07 22:23:57,039 - INFO - Epoch [15/50] train_loss: 89.3863, val_loss: 127.1359, lr: 0.000343, 28.45s
2024-10-07 22:24:15,413 - INFO - epoch complete!
2024-10-07 22:24:15,414 - INFO - evaluating now!
2024-10-07 22:24:26,953 - INFO - Epoch [16/50] train_loss: 89.3300, val_loss: 128.4789, lr: 0.000343, 29.91s
2024-10-07 22:24:43,621 - INFO - epoch complete!
2024-10-07 22:24:43,621 - INFO - evaluating now!
2024-10-07 22:24:54,735 - INFO - Epoch [17/50] train_loss: 89.4750, val_loss: 130.2700, lr: 0.000343, 27.78s
2024-10-07 22:25:11,715 - INFO - epoch complete!
2024-10-07 22:25:11,715 - INFO - evaluating now!
2024-10-07 22:25:23,381 - INFO - Epoch [18/50] train_loss: 89.0655, val_loss: 126.0129, lr: 0.000343, 28.65s
2024-10-07 22:25:42,536 - INFO - epoch complete!
2024-10-07 22:25:42,536 - INFO - evaluating now!
2024-10-07 22:25:55,112 - INFO - Epoch [19/50] train_loss: 89.1525, val_loss: 127.0966, lr: 0.000240, 31.73s
2024-10-07 22:26:14,610 - INFO - epoch complete!
2024-10-07 22:26:14,610 - INFO - evaluating now!
2024-10-07 22:26:27,066 - INFO - Epoch [20/50] train_loss: 88.3709, val_loss: 126.4789, lr: 0.000240, 31.95s
2024-10-07 22:26:46,213 - INFO - epoch complete!
2024-10-07 22:26:46,213 - INFO - evaluating now!
2024-10-07 22:26:57,005 - INFO - Epoch [21/50] train_loss: 88.3964, val_loss: 128.8056, lr: 0.000240, 29.94s
2024-10-07 22:27:14,821 - INFO - epoch complete!
2024-10-07 22:27:14,821 - INFO - evaluating now!
2024-10-07 22:27:27,287 - INFO - Epoch [22/50] train_loss: 88.3259, val_loss: 127.6608, lr: 0.000240, 30.28s
2024-10-07 22:27:46,013 - INFO - epoch complete!
2024-10-07 22:27:46,014 - INFO - evaluating now!
2024-10-07 22:27:58,302 - INFO - Epoch [23/50] train_loss: 88.3364, val_loss: 132.7620, lr: 0.000240, 31.01s
2024-10-07 22:28:17,532 - INFO - epoch complete!
2024-10-07 22:28:17,533 - INFO - evaluating now!
2024-10-07 22:28:29,227 - INFO - Epoch [24/50] train_loss: 88.0343, val_loss: 124.7238, lr: 0.000168, 30.92s
2024-10-07 22:28:44,374 - INFO - epoch complete!
2024-10-07 22:28:44,374 - INFO - evaluating now!
2024-10-07 22:28:55,421 - INFO - Epoch [25/50] train_loss: 87.7354, val_loss: 127.4213, lr: 0.000168, 26.19s
2024-10-07 22:29:13,463 - INFO - epoch complete!
2024-10-07 22:29:13,464 - INFO - evaluating now!
2024-10-07 22:29:25,866 - INFO - Epoch [26/50] train_loss: 87.6612, val_loss: 128.4302, lr: 0.000168, 30.44s
2024-10-07 22:29:44,605 - INFO - epoch complete!
2024-10-07 22:29:44,605 - INFO - evaluating now!
2024-10-07 22:29:56,785 - INFO - Epoch [27/50] train_loss: 87.6704, val_loss: 127.9357, lr: 0.000168, 30.92s
2024-10-07 22:30:15,168 - INFO - epoch complete!
2024-10-07 22:30:15,168 - INFO - evaluating now!
2024-10-07 22:30:26,390 - INFO - Epoch [28/50] train_loss: 87.5499, val_loss: 127.2674, lr: 0.000168, 29.60s
2024-10-07 22:30:44,396 - INFO - epoch complete!
2024-10-07 22:30:44,397 - INFO - evaluating now!
2024-10-07 22:30:55,526 - INFO - Epoch [29/50] train_loss: 87.5031, val_loss: 125.4963, lr: 0.000118, 29.14s
2024-10-07 22:31:13,561 - INFO - epoch complete!
2024-10-07 22:31:13,561 - INFO - evaluating now!
2024-10-07 22:31:26,377 - INFO - Epoch [30/50] train_loss: 87.2301, val_loss: 125.4482, lr: 0.000118, 30.85s
2024-10-07 22:31:46,117 - INFO - epoch complete!
2024-10-07 22:31:46,118 - INFO - evaluating now!
2024-10-07 22:31:58,522 - INFO - Epoch [31/50] train_loss: 87.1851, val_loss: 127.5289, lr: 0.000118, 32.14s
2024-10-07 22:32:16,734 - INFO - epoch complete!
2024-10-07 22:32:16,734 - INFO - evaluating now!
2024-10-07 22:32:29,649 - INFO - Epoch [32/50] train_loss: 87.1158, val_loss: 128.3474, lr: 0.000118, 31.13s
2024-10-07 22:32:47,258 - INFO - epoch complete!
2024-10-07 22:32:47,258 - INFO - evaluating now!
2024-10-07 22:32:58,420 - INFO - Epoch [33/50] train_loss: 87.0843, val_loss: 126.0116, lr: 0.000118, 28.77s
2024-10-07 22:33:17,792 - INFO - epoch complete!
2024-10-07 22:33:17,793 - INFO - evaluating now!
2024-10-07 22:33:29,834 - INFO - Epoch [34/50] train_loss: 87.0199, val_loss: 128.2349, lr: 0.000082, 31.41s
2024-10-07 22:33:47,784 - INFO - epoch complete!
2024-10-07 22:33:47,787 - INFO - evaluating now!
2024-10-07 22:34:02,498 - INFO - Epoch [35/50] train_loss: 86.8691, val_loss: 126.8241, lr: 0.000082, 32.66s
2024-10-07 22:34:26,579 - INFO - epoch complete!
2024-10-07 22:34:26,579 - INFO - evaluating now!
2024-10-07 22:34:42,181 - INFO - Epoch [36/50] train_loss: 86.8203, val_loss: 127.1432, lr: 0.000082, 39.68s
2024-10-07 22:35:05,746 - INFO - epoch complete!
2024-10-07 22:35:05,746 - INFO - evaluating now!
2024-10-07 22:35:21,180 - INFO - Epoch [37/50] train_loss: 86.8034, val_loss: 128.4057, lr: 0.000082, 39.00s
2024-10-07 22:35:44,997 - INFO - epoch complete!
2024-10-07 22:35:44,997 - INFO - evaluating now!
2024-10-07 22:35:59,492 - INFO - Epoch [38/50] train_loss: 86.7835, val_loss: 126.4601, lr: 0.000082, 38.31s
2024-10-07 22:36:22,352 - INFO - epoch complete!
2024-10-07 22:36:22,352 - INFO - evaluating now!
2024-10-07 22:36:37,922 - INFO - Epoch [39/50] train_loss: 86.6996, val_loss: 126.3739, lr: 0.000058, 38.43s
2024-10-07 22:37:01,434 - INFO - epoch complete!
2024-10-07 22:37:01,435 - INFO - evaluating now!
2024-10-07 22:37:16,015 - INFO - Epoch [40/50] train_loss: 86.6194, val_loss: 127.4368, lr: 0.000058, 38.09s
2024-10-07 22:37:35,636 - INFO - epoch complete!
2024-10-07 22:37:35,639 - INFO - evaluating now!
2024-10-07 22:37:48,788 - INFO - Epoch [41/50] train_loss: 86.5812, val_loss: 127.0149, lr: 0.000058, 32.77s
2024-10-07 22:38:10,409 - INFO - epoch complete!
2024-10-07 22:38:10,409 - INFO - evaluating now!
2024-10-07 22:38:25,651 - INFO - Epoch [42/50] train_loss: 86.5654, val_loss: 127.2014, lr: 0.000058, 36.86s
2024-10-07 22:38:49,394 - INFO - epoch complete!
2024-10-07 22:38:49,395 - INFO - evaluating now!
2024-10-07 22:39:04,592 - INFO - Epoch [43/50] train_loss: 86.5196, val_loss: 127.0241, lr: 0.000058, 38.94s
2024-10-07 22:39:28,359 - INFO - epoch complete!
2024-10-07 22:39:28,359 - INFO - evaluating now!
2024-10-07 22:39:43,856 - INFO - Epoch [44/50] train_loss: 86.5251, val_loss: 125.6114, lr: 0.000040, 39.26s
2024-10-07 22:40:07,444 - INFO - epoch complete!
2024-10-07 22:40:07,444 - INFO - evaluating now!
2024-10-07 22:40:22,065 - INFO - Epoch [45/50] train_loss: 86.4378, val_loss: 128.1514, lr: 0.000040, 38.21s
2024-10-07 22:40:45,288 - INFO - epoch complete!
2024-10-07 22:40:45,288 - INFO - evaluating now!
2024-10-07 22:41:00,651 - INFO - Epoch [46/50] train_loss: 86.4115, val_loss: 127.9974, lr: 0.000040, 38.59s
2024-10-07 22:41:24,139 - INFO - epoch complete!
2024-10-07 22:41:24,139 - INFO - evaluating now!
2024-10-07 22:41:39,068 - INFO - Epoch [47/50] train_loss: 86.3920, val_loss: 126.4153, lr: 0.000040, 38.42s
2024-10-07 22:42:02,446 - INFO - epoch complete!
2024-10-07 22:42:02,446 - INFO - evaluating now!
2024-10-07 22:42:17,853 - INFO - Epoch [48/50] train_loss: 86.3706, val_loss: 127.1763, lr: 0.000040, 38.78s
2024-10-07 22:42:37,724 - INFO - epoch complete!
2024-10-07 22:42:37,724 - INFO - evaluating now!
2024-10-07 22:42:51,805 - INFO - Epoch [49/50] train_loss: 86.3451, val_loss: 127.5440, lr: 0.000028, 33.95s
2024-10-07 22:42:51,806 - INFO - Trained totally 50 epochs, average train time is 20.722s, average eval time is 13.595s
2024-10-07 22:42:52,004 - INFO - Loaded model at 14
2024-10-07 22:42:52,004 - INFO - Saved model at ./libcity/cache/3/model_cache/STGCN_humidity.m
2024-10-07 22:42:52,038 - INFO - Start evaluating ...
2024-10-07 22:43:34,378 - INFO - Note that you select the single mode to evaluate!
2024-10-07 22:43:34,381 - INFO - Evaluate result is saved at ./libcity/cache/3/evaluate_cache/2024_10_07_22_43_34_STGCN_humidity.csv
2024-10-07 22:43:34,385 - INFO - 
         MAE      MAPE       RMSE
1   7.252092  0.115737  10.135352
2   7.653839  0.122675  10.609320
3   7.878618  0.126210  10.869921
4   8.020029  0.128170  11.026202
5   8.116806  0.129385  11.127694
6   8.188748  0.130225  11.200224
7   8.244884  0.130839  11.255643
8   8.290854  0.131318  11.300754
9   8.329401  0.131703  11.338461
10  8.362602  0.132009  11.370439
11  8.389982  0.132237  11.396105
12  8.414669  0.132425  11.418577
