2024-08-20 14:52:51,516 - INFO - Log directory: ./libcity/log
2024-08-20 14:52:51,516 - INFO - Begin pipeline, task=MTS_pred, model_name=GWNET, dataset_name=METR_LA, exp_id=4
2024-08-20 14:52:51,516 - INFO - {'task': 'MTS_pred', 'model': 'GWNET', 'dataset': 'METR_LA', 'saved_model': True, 'exp_id': '4', 'seed': 0, 'gpu_id': 1, 'max_epoch': 150, 'dataset_class': 'StatePointDataset', 'executor': 'StateExecutor', 'evaluator': 'StateEvaluator', 'dropout': 0.3, 'blocks': 4, 'layers': 2, 'apt_layer': True, 'gcn_bool': True, 'addaptadj': True, 'adjtype': 'doubletransition', 'bidir_adj_mx': False, 'randomadj': True, 'aptonly': True, 'kernel_size': 2, 'nhid': 32, 'residual_channels': 32, 'dilation_channels': 32, 'skip_channels': 256, 'end_channels': 512, 'scaler': 'standard', 'load_external': False, 'normal_external': False, 'ext_scaler': 'none', 'add_time_in_day': False, 'add_day_in_week': False, 'learner': 'adam', 'learning_rate': 0.001, 'lr_decay': False, 'clip_grad_norm': True, 'max_grad_norm': 5, 'use_early_stop': False, 'batch_size': 64, 'cache_dataset': True, 'num_workers': 0, 'pad_with_last_sample': True, 'train_rate': 0.7, 'eval_rate': 0.1, 'input_window': 12, 'output_window': 12, 'robustness_test': False, 'noise_type': 'gaussian', 'disturb_rate': 0.5, 'noise_mean': [5], 'noise_SD': [10], 'gpu': True, 'train_loss': 'none', 'epoch': 0, 'weight_decay': 0, 'lr_epsilon': 1e-08, 'lr_beta1': 0.9, 'lr_beta2': 0.999, 'lr_alpha': 0.99, 'lr_momentum': 0, 'lr_scheduler': 'multisteplr', 'lr_decay_ratio': 0.1, 'steps': [5, 20, 40, 70], 'step_size': 10, 'lr_T_max': 30, 'lr_eta_min': 0, 'lr_patience': 10, 'lr_threshold': 0.0001, 'patience': 50, 'log_level': 'INFO', 'log_every': 1, 'load_best_epoch': True, 'hyper_tune': False, 'metrics': ['MAE', 'MAPE', 'RMSE'], 'evaluator_mode': 'single', 'save_mode': ['csv'], 'geo': {'including_types': ['Point'], 'Point': {}}, 'rel': {'including_types': ['geo'], 'geo': {'cost': 'num'}}, 'dyna': {'including_types': ['state'], 'state': {'entity_id': 'geo_id', 'traffic_speed': 'num'}}, 'data_col': ['traffic_speed'], 'weight_col': 'cost', 'data_files': ['METR_LA'], 'geo_file': 'METR_LA', 'rel_file': 'METR_LA', 'output_dim': 1, 'time_intervals': 300, 'init_weight_inf_or_zero': 'inf', 'set_weight_link_or_dist': 'dist', 'calculate_weight_adj': True, 'weight_adj_epsilon': 0.1, 'device': device(type='cuda', index=1)}
2024-08-20 14:52:51,522 - INFO - Loaded file METR_LA.geo, num_nodes=207
2024-08-20 14:52:51,531 - INFO - set_weight_link_or_dist: dist
2024-08-20 14:52:51,531 - INFO - init_weight_inf_or_zero: inf
2024-08-20 14:52:51,580 - INFO - Loaded file METR_LA.rel, shape=(207, 207)
2024-08-20 14:52:51,580 - INFO - Start Calculate the weight by Gauss kernel!
2024-08-20 14:52:51,581 - INFO - Loading file METR_LA.dyna
2024-08-20 14:52:56,797 - INFO - Loaded file METR_LA.dyna, shape=(34272, 207, 1)
2024-08-20 14:52:59,122 - INFO - Dataset created
2024-08-20 14:52:59,122 - INFO - x shape: (34249, 12, 207, 1), y shape: (34249, 12, 207, 1)
2024-08-20 14:52:59,126 - INFO - train	x: (23974, 12, 207, 1), y: (23974, 12, 207, 1)
2024-08-20 14:52:59,126 - INFO - eval	x: (3425, 12, 207, 1), y: (3425, 12, 207, 1)
2024-08-20 14:52:59,126 - INFO - test	x: (6850, 12, 207, 1), y: (6850, 12, 207, 1)
2024-08-20 14:53:19,131 - INFO - Saved at ./libcity/cache/dataset_cache/point_based_METR_LA_12_12_0.7_0.1_standard_64_False_False_False_True.npz
2024-08-20 14:53:19,628 - INFO - StandardScaler mean: 54.40592829587626, std: 19.493739270573098
2024-08-20 14:53:19,628 - INFO - NoneScaler
2024-08-20 14:53:24,814 - INFO - receptive_field: 13
2024-08-20 14:53:24,875 - INFO - GWNET(
  (filter_convs): ModuleList(
    (0): Conv2d(32, 32, kernel_size=(1, 2), stride=(1, 1))
    (1): Conv2d(32, 32, kernel_size=(1, 2), stride=(1, 1), dilation=(2, 2))
    (2): Conv2d(32, 32, kernel_size=(1, 2), stride=(1, 1))
    (3): Conv2d(32, 32, kernel_size=(1, 2), stride=(1, 1), dilation=(2, 2))
    (4): Conv2d(32, 32, kernel_size=(1, 2), stride=(1, 1))
    (5): Conv2d(32, 32, kernel_size=(1, 2), stride=(1, 1), dilation=(2, 2))
    (6): Conv2d(32, 32, kernel_size=(1, 2), stride=(1, 1))
    (7): Conv2d(32, 32, kernel_size=(1, 2), stride=(1, 1), dilation=(2, 2))
  )
  (gate_convs): ModuleList(
    (0): Conv1d(32, 32, kernel_size=(1, 2), stride=(1,))
    (1): Conv1d(32, 32, kernel_size=(1, 2), stride=(1,), dilation=(2,))
    (2): Conv1d(32, 32, kernel_size=(1, 2), stride=(1,))
    (3): Conv1d(32, 32, kernel_size=(1, 2), stride=(1,), dilation=(2,))
    (4): Conv1d(32, 32, kernel_size=(1, 2), stride=(1,))
    (5): Conv1d(32, 32, kernel_size=(1, 2), stride=(1,), dilation=(2,))
    (6): Conv1d(32, 32, kernel_size=(1, 2), stride=(1,))
    (7): Conv1d(32, 32, kernel_size=(1, 2), stride=(1,), dilation=(2,))
  )
  (residual_convs): ModuleList(
    (0): Conv1d(32, 32, kernel_size=(1, 1), stride=(1,))
    (1): Conv1d(32, 32, kernel_size=(1, 1), stride=(1,))
    (2): Conv1d(32, 32, kernel_size=(1, 1), stride=(1,))
    (3): Conv1d(32, 32, kernel_size=(1, 1), stride=(1,))
    (4): Conv1d(32, 32, kernel_size=(1, 1), stride=(1,))
    (5): Conv1d(32, 32, kernel_size=(1, 1), stride=(1,))
    (6): Conv1d(32, 32, kernel_size=(1, 1), stride=(1,))
    (7): Conv1d(32, 32, kernel_size=(1, 1), stride=(1,))
  )
  (skip_convs): ModuleList(
    (0): Conv1d(32, 256, kernel_size=(1, 1), stride=(1,))
    (1): Conv1d(32, 256, kernel_size=(1, 1), stride=(1,))
    (2): Conv1d(32, 256, kernel_size=(1, 1), stride=(1,))
    (3): Conv1d(32, 256, kernel_size=(1, 1), stride=(1,))
    (4): Conv1d(32, 256, kernel_size=(1, 1), stride=(1,))
    (5): Conv1d(32, 256, kernel_size=(1, 1), stride=(1,))
    (6): Conv1d(32, 256, kernel_size=(1, 1), stride=(1,))
    (7): Conv1d(32, 256, kernel_size=(1, 1), stride=(1,))
  )
  (bn): ModuleList(
    (0): BatchNorm2d(32, eps=1e-05, momentum=0.1, affine=True, track_running_stats=True)
    (1): BatchNorm2d(32, eps=1e-05, momentum=0.1, affine=True, track_running_stats=True)
    (2): BatchNorm2d(32, eps=1e-05, momentum=0.1, affine=True, track_running_stats=True)
    (3): BatchNorm2d(32, eps=1e-05, momentum=0.1, affine=True, track_running_stats=True)
    (4): BatchNorm2d(32, eps=1e-05, momentum=0.1, affine=True, track_running_stats=True)
    (5): BatchNorm2d(32, eps=1e-05, momentum=0.1, affine=True, track_running_stats=True)
    (6): BatchNorm2d(32, eps=1e-05, momentum=0.1, affine=True, track_running_stats=True)
    (7): BatchNorm2d(32, eps=1e-05, momentum=0.1, affine=True, track_running_stats=True)
  )
  (gconv): ModuleList(
    (0): GCN(
      (nconv): NConv()
      (mlp): Linear(
        (mlp): Conv2d(96, 32, kernel_size=(1, 1), stride=(1, 1))
      )
    )
    (1): GCN(
      (nconv): NConv()
      (mlp): Linear(
        (mlp): Conv2d(96, 32, kernel_size=(1, 1), stride=(1, 1))
      )
    )
    (2): GCN(
      (nconv): NConv()
      (mlp): Linear(
        (mlp): Conv2d(96, 32, kernel_size=(1, 1), stride=(1, 1))
      )
    )
    (3): GCN(
      (nconv): NConv()
      (mlp): Linear(
        (mlp): Conv2d(96, 32, kernel_size=(1, 1), stride=(1, 1))
      )
    )
    (4): GCN(
      (nconv): NConv()
      (mlp): Linear(
        (mlp): Conv2d(96, 32, kernel_size=(1, 1), stride=(1, 1))
      )
    )
    (5): GCN(
      (nconv): NConv()
      (mlp): Linear(
        (mlp): Conv2d(96, 32, kernel_size=(1, 1), stride=(1, 1))
      )
    )
    (6): GCN(
      (nconv): NConv()
      (mlp): Linear(
        (mlp): Conv2d(96, 32, kernel_size=(1, 1), stride=(1, 1))
      )
    )
    (7): GCN(
      (nconv): NConv()
      (mlp): Linear(
        (mlp): Conv2d(96, 32, kernel_size=(1, 1), stride=(1, 1))
      )
    )
  )
  (start_conv): Conv2d(1, 32, kernel_size=(1, 1), stride=(1, 1))
  (end_conv_1): Conv2d(256, 512, kernel_size=(1, 1), stride=(1, 1))
  (end_conv_2): Conv2d(512, 12, kernel_size=(1, 1), stride=(1, 1))
)
2024-08-20 14:53:24,876 - INFO - nodevec1	torch.Size([207, 10])	cuda:1	True
2024-08-20 14:53:24,876 - INFO - nodevec2	torch.Size([10, 207])	cuda:1	True
2024-08-20 14:53:24,877 - INFO - filter_convs.0.weight	torch.Size([32, 32, 1, 2])	cuda:1	True
2024-08-20 14:53:24,877 - INFO - filter_convs.0.bias	torch.Size([32])	cuda:1	True
2024-08-20 14:53:24,877 - INFO - filter_convs.1.weight	torch.Size([32, 32, 1, 2])	cuda:1	True
2024-08-20 14:53:24,877 - INFO - filter_convs.1.bias	torch.Size([32])	cuda:1	True
2024-08-20 14:53:24,877 - INFO - filter_convs.2.weight	torch.Size([32, 32, 1, 2])	cuda:1	True
2024-08-20 14:53:24,877 - INFO - filter_convs.2.bias	torch.Size([32])	cuda:1	True
2024-08-20 14:53:24,877 - INFO - filter_convs.3.weight	torch.Size([32, 32, 1, 2])	cuda:1	True
2024-08-20 14:53:24,877 - INFO - filter_convs.3.bias	torch.Size([32])	cuda:1	True
2024-08-20 14:53:24,877 - INFO - filter_convs.4.weight	torch.Size([32, 32, 1, 2])	cuda:1	True
2024-08-20 14:53:24,877 - INFO - filter_convs.4.bias	torch.Size([32])	cuda:1	True
2024-08-20 14:53:24,877 - INFO - filter_convs.5.weight	torch.Size([32, 32, 1, 2])	cuda:1	True
2024-08-20 14:53:24,877 - INFO - filter_convs.5.bias	torch.Size([32])	cuda:1	True
2024-08-20 14:53:24,877 - INFO - filter_convs.6.weight	torch.Size([32, 32, 1, 2])	cuda:1	True
2024-08-20 14:53:24,877 - INFO - filter_convs.6.bias	torch.Size([32])	cuda:1	True
2024-08-20 14:53:24,877 - INFO - filter_convs.7.weight	torch.Size([32, 32, 1, 2])	cuda:1	True
2024-08-20 14:53:24,878 - INFO - filter_convs.7.bias	torch.Size([32])	cuda:1	True
2024-08-20 14:53:24,878 - INFO - gate_convs.0.weight	torch.Size([32, 32, 1, 2])	cuda:1	True
2024-08-20 14:53:24,878 - INFO - gate_convs.0.bias	torch.Size([32])	cuda:1	True
2024-08-20 14:53:24,878 - INFO - gate_convs.1.weight	torch.Size([32, 32, 1, 2])	cuda:1	True
2024-08-20 14:53:24,878 - INFO - gate_convs.1.bias	torch.Size([32])	cuda:1	True
2024-08-20 14:53:24,878 - INFO - gate_convs.2.weight	torch.Size([32, 32, 1, 2])	cuda:1	True
2024-08-20 14:53:24,878 - INFO - gate_convs.2.bias	torch.Size([32])	cuda:1	True
2024-08-20 14:53:24,878 - INFO - gate_convs.3.weight	torch.Size([32, 32, 1, 2])	cuda:1	True
2024-08-20 14:53:24,878 - INFO - gate_convs.3.bias	torch.Size([32])	cuda:1	True
2024-08-20 14:53:24,878 - INFO - gate_convs.4.weight	torch.Size([32, 32, 1, 2])	cuda:1	True
2024-08-20 14:53:24,878 - INFO - gate_convs.4.bias	torch.Size([32])	cuda:1	True
2024-08-20 14:53:24,878 - INFO - gate_convs.5.weight	torch.Size([32, 32, 1, 2])	cuda:1	True
2024-08-20 14:53:24,878 - INFO - gate_convs.5.bias	torch.Size([32])	cuda:1	True
2024-08-20 14:53:24,878 - INFO - gate_convs.6.weight	torch.Size([32, 32, 1, 2])	cuda:1	True
2024-08-20 14:53:24,878 - INFO - gate_convs.6.bias	torch.Size([32])	cuda:1	True
2024-08-20 14:53:24,879 - INFO - gate_convs.7.weight	torch.Size([32, 32, 1, 2])	cuda:1	True
2024-08-20 14:53:24,879 - INFO - gate_convs.7.bias	torch.Size([32])	cuda:1	True
2024-08-20 14:53:24,879 - INFO - residual_convs.0.weight	torch.Size([32, 32, 1, 1])	cuda:1	True
2024-08-20 14:53:24,879 - INFO - residual_convs.0.bias	torch.Size([32])	cuda:1	True
2024-08-20 14:53:24,879 - INFO - residual_convs.1.weight	torch.Size([32, 32, 1, 1])	cuda:1	True
2024-08-20 14:53:24,879 - INFO - residual_convs.1.bias	torch.Size([32])	cuda:1	True
2024-08-20 14:53:24,879 - INFO - residual_convs.2.weight	torch.Size([32, 32, 1, 1])	cuda:1	True
2024-08-20 14:53:24,879 - INFO - residual_convs.2.bias	torch.Size([32])	cuda:1	True
2024-08-20 14:53:24,879 - INFO - residual_convs.3.weight	torch.Size([32, 32, 1, 1])	cuda:1	True
2024-08-20 14:53:24,879 - INFO - residual_convs.3.bias	torch.Size([32])	cuda:1	True
2024-08-20 14:53:24,879 - INFO - residual_convs.4.weight	torch.Size([32, 32, 1, 1])	cuda:1	True
2024-08-20 14:53:24,879 - INFO - residual_convs.4.bias	torch.Size([32])	cuda:1	True
2024-08-20 14:53:24,879 - INFO - residual_convs.5.weight	torch.Size([32, 32, 1, 1])	cuda:1	True
2024-08-20 14:53:24,879 - INFO - residual_convs.5.bias	torch.Size([32])	cuda:1	True
2024-08-20 14:53:24,879 - INFO - residual_convs.6.weight	torch.Size([32, 32, 1, 1])	cuda:1	True
2024-08-20 14:53:24,880 - INFO - residual_convs.6.bias	torch.Size([32])	cuda:1	True
2024-08-20 14:53:24,880 - INFO - residual_convs.7.weight	torch.Size([32, 32, 1, 1])	cuda:1	True
2024-08-20 14:53:24,880 - INFO - residual_convs.7.bias	torch.Size([32])	cuda:1	True
2024-08-20 14:53:24,880 - INFO - skip_convs.0.weight	torch.Size([256, 32, 1, 1])	cuda:1	True
2024-08-20 14:53:24,880 - INFO - skip_convs.0.bias	torch.Size([256])	cuda:1	True
2024-08-20 14:53:24,880 - INFO - skip_convs.1.weight	torch.Size([256, 32, 1, 1])	cuda:1	True
2024-08-20 14:53:24,880 - INFO - skip_convs.1.bias	torch.Size([256])	cuda:1	True
2024-08-20 14:53:24,880 - INFO - skip_convs.2.weight	torch.Size([256, 32, 1, 1])	cuda:1	True
2024-08-20 14:53:24,880 - INFO - skip_convs.2.bias	torch.Size([256])	cuda:1	True
2024-08-20 14:53:24,880 - INFO - skip_convs.3.weight	torch.Size([256, 32, 1, 1])	cuda:1	True
2024-08-20 14:53:24,880 - INFO - skip_convs.3.bias	torch.Size([256])	cuda:1	True
2024-08-20 14:53:24,880 - INFO - skip_convs.4.weight	torch.Size([256, 32, 1, 1])	cuda:1	True
2024-08-20 14:53:24,880 - INFO - skip_convs.4.bias	torch.Size([256])	cuda:1	True
2024-08-20 14:53:24,880 - INFO - skip_convs.5.weight	torch.Size([256, 32, 1, 1])	cuda:1	True
2024-08-20 14:53:24,880 - INFO - skip_convs.5.bias	torch.Size([256])	cuda:1	True
2024-08-20 14:53:24,880 - INFO - skip_convs.6.weight	torch.Size([256, 32, 1, 1])	cuda:1	True
2024-08-20 14:53:24,881 - INFO - skip_convs.6.bias	torch.Size([256])	cuda:1	True
2024-08-20 14:53:24,881 - INFO - skip_convs.7.weight	torch.Size([256, 32, 1, 1])	cuda:1	True
2024-08-20 14:53:24,881 - INFO - skip_convs.7.bias	torch.Size([256])	cuda:1	True
2024-08-20 14:53:24,881 - INFO - bn.0.weight	torch.Size([32])	cuda:1	True
2024-08-20 14:53:24,881 - INFO - bn.0.bias	torch.Size([32])	cuda:1	True
2024-08-20 14:53:24,881 - INFO - bn.1.weight	torch.Size([32])	cuda:1	True
2024-08-20 14:53:24,881 - INFO - bn.1.bias	torch.Size([32])	cuda:1	True
2024-08-20 14:53:24,881 - INFO - bn.2.weight	torch.Size([32])	cuda:1	True
2024-08-20 14:53:24,881 - INFO - bn.2.bias	torch.Size([32])	cuda:1	True
2024-08-20 14:53:24,881 - INFO - bn.3.weight	torch.Size([32])	cuda:1	True
2024-08-20 14:53:24,881 - INFO - bn.3.bias	torch.Size([32])	cuda:1	True
2024-08-20 14:53:24,881 - INFO - bn.4.weight	torch.Size([32])	cuda:1	True
2024-08-20 14:53:24,881 - INFO - bn.4.bias	torch.Size([32])	cuda:1	True
2024-08-20 14:53:24,881 - INFO - bn.5.weight	torch.Size([32])	cuda:1	True
2024-08-20 14:53:24,881 - INFO - bn.5.bias	torch.Size([32])	cuda:1	True
2024-08-20 14:53:24,881 - INFO - bn.6.weight	torch.Size([32])	cuda:1	True
2024-08-20 14:53:24,882 - INFO - bn.6.bias	torch.Size([32])	cuda:1	True
2024-08-20 14:53:24,882 - INFO - bn.7.weight	torch.Size([32])	cuda:1	True
2024-08-20 14:53:24,882 - INFO - bn.7.bias	torch.Size([32])	cuda:1	True
2024-08-20 14:53:24,882 - INFO - gconv.0.mlp.mlp.weight	torch.Size([32, 96, 1, 1])	cuda:1	True
2024-08-20 14:53:24,882 - INFO - gconv.0.mlp.mlp.bias	torch.Size([32])	cuda:1	True
2024-08-20 14:53:24,882 - INFO - gconv.1.mlp.mlp.weight	torch.Size([32, 96, 1, 1])	cuda:1	True
2024-08-20 14:53:24,882 - INFO - gconv.1.mlp.mlp.bias	torch.Size([32])	cuda:1	True
2024-08-20 14:53:24,882 - INFO - gconv.2.mlp.mlp.weight	torch.Size([32, 96, 1, 1])	cuda:1	True
2024-08-20 14:53:24,882 - INFO - gconv.2.mlp.mlp.bias	torch.Size([32])	cuda:1	True
2024-08-20 14:53:24,882 - INFO - gconv.3.mlp.mlp.weight	torch.Size([32, 96, 1, 1])	cuda:1	True
2024-08-20 14:53:24,882 - INFO - gconv.3.mlp.mlp.bias	torch.Size([32])	cuda:1	True
2024-08-20 14:53:24,882 - INFO - gconv.4.mlp.mlp.weight	torch.Size([32, 96, 1, 1])	cuda:1	True
2024-08-20 14:53:24,882 - INFO - gconv.4.mlp.mlp.bias	torch.Size([32])	cuda:1	True
2024-08-20 14:53:24,882 - INFO - gconv.5.mlp.mlp.weight	torch.Size([32, 96, 1, 1])	cuda:1	True
2024-08-20 14:53:24,883 - INFO - gconv.5.mlp.mlp.bias	torch.Size([32])	cuda:1	True
2024-08-20 14:53:24,883 - INFO - gconv.6.mlp.mlp.weight	torch.Size([32, 96, 1, 1])	cuda:1	True
2024-08-20 14:53:24,883 - INFO - gconv.6.mlp.mlp.bias	torch.Size([32])	cuda:1	True
2024-08-20 14:53:24,883 - INFO - gconv.7.mlp.mlp.weight	torch.Size([32, 96, 1, 1])	cuda:1	True
2024-08-20 14:53:24,883 - INFO - gconv.7.mlp.mlp.bias	torch.Size([32])	cuda:1	True
2024-08-20 14:53:24,883 - INFO - start_conv.weight	torch.Size([32, 1, 1, 1])	cuda:1	True
2024-08-20 14:53:24,883 - INFO - start_conv.bias	torch.Size([32])	cuda:1	True
2024-08-20 14:53:24,883 - INFO - end_conv_1.weight	torch.Size([512, 256, 1, 1])	cuda:1	True
2024-08-20 14:53:24,883 - INFO - end_conv_1.bias	torch.Size([512])	cuda:1	True
2024-08-20 14:53:24,883 - INFO - end_conv_2.weight	torch.Size([12, 512, 1, 1])	cuda:1	True
2024-08-20 14:53:24,883 - INFO - end_conv_2.bias	torch.Size([12])	cuda:1	True
2024-08-20 14:53:24,884 - INFO - Total parameter numbers: 276600
2024-08-20 14:53:24,884 - INFO - You select `adam` optimizer.
2024-08-20 14:53:24,884 - WARNING - Received none train loss func and will use the loss func defined in the model.
2024-08-20 14:53:24,884 - INFO - Start training ...
2024-08-20 14:53:24,884 - INFO - num_batches:375
2024-08-20 14:56:18,145 - INFO - epoch complete!
2024-08-20 14:56:18,145 - INFO - evaluating now!
2024-08-20 14:56:35,723 - INFO - Epoch [0/150] train_loss: 4.0166, val_loss: 3.5654, lr: 0.001000, 190.84s
2024-08-20 14:56:35,752 - INFO - Saved model at 0
2024-08-20 14:56:35,752 - INFO - Val loss decrease from inf to 3.5654, saving to ./libcity/cache/4/model_cache/GWNET_METR_LA_epoch0.tar
2024-08-20 15:14:00,330 - INFO - epoch complete!
2024-08-20 15:14:00,331 - INFO - evaluating now!
2024-08-20 15:19:54,233 - INFO - Epoch [1/150] train_loss: 3.6295, val_loss: 3.3641, lr: 0.001000, 1398.48s
2024-08-20 15:19:54,263 - INFO - Saved model at 1
2024-08-20 15:19:54,263 - INFO - Val loss decrease from 3.5654 to 3.3641, saving to ./libcity/cache/4/model_cache/GWNET_METR_LA_epoch1.tar
2024-08-20 16:04:19,509 - INFO - epoch complete!
2024-08-20 16:04:19,510 - INFO - evaluating now!
2024-08-20 16:10:33,063 - INFO - Epoch [2/150] train_loss: 3.5089, val_loss: 3.2344, lr: 0.001000, 3038.80s
2024-08-20 16:10:33,093 - INFO - Saved model at 2
2024-08-20 16:10:33,093 - INFO - Val loss decrease from 3.3641 to 3.2344, saving to ./libcity/cache/4/model_cache/GWNET_METR_LA_epoch2.tar
2024-08-20 16:56:16,945 - INFO - epoch complete!
2024-08-20 16:56:16,946 - INFO - evaluating now!
2024-08-20 17:02:44,183 - INFO - Epoch [3/150] train_loss: 3.4416, val_loss: 3.1998, lr: 0.001000, 3131.09s
2024-08-20 17:02:44,212 - INFO - Saved model at 3
2024-08-20 17:02:44,213 - INFO - Val loss decrease from 3.2344 to 3.1998, saving to ./libcity/cache/4/model_cache/GWNET_METR_LA_epoch3.tar
2024-08-20 17:49:05,956 - INFO - epoch complete!
2024-08-20 17:49:05,956 - INFO - evaluating now!
2024-08-20 17:55:32,199 - INFO - Epoch [4/150] train_loss: 3.3971, val_loss: 3.2151, lr: 0.001000, 3167.99s
2024-08-20 18:25:18,498 - INFO - epoch complete!
2024-08-20 18:25:18,498 - INFO - evaluating now!
2024-08-20 18:25:35,710 - INFO - Epoch [5/150] train_loss: 3.3590, val_loss: 3.1593, lr: 0.001000, 1803.51s
2024-08-20 18:25:35,737 - INFO - Saved model at 5
2024-08-20 18:25:35,737 - INFO - Val loss decrease from 3.1998 to 3.1593, saving to ./libcity/cache/4/model_cache/GWNET_METR_LA_epoch5.tar
2024-08-20 18:28:26,403 - INFO - epoch complete!
2024-08-20 18:28:26,403 - INFO - evaluating now!
2024-08-20 18:28:43,595 - INFO - Epoch [6/150] train_loss: 3.3287, val_loss: 3.1337, lr: 0.001000, 187.86s
2024-08-20 18:28:43,622 - INFO - Saved model at 6
2024-08-20 18:28:43,622 - INFO - Val loss decrease from 3.1593 to 3.1337, saving to ./libcity/cache/4/model_cache/GWNET_METR_LA_epoch6.tar
2024-08-20 18:31:34,360 - INFO - epoch complete!
2024-08-20 18:31:34,361 - INFO - evaluating now!
2024-08-20 18:31:51,558 - INFO - Epoch [7/150] train_loss: 3.3039, val_loss: 3.1594, lr: 0.001000, 187.94s
2024-08-20 18:34:42,222 - INFO - epoch complete!
2024-08-20 18:34:42,223 - INFO - evaluating now!
2024-08-20 18:34:59,423 - INFO - Epoch [8/150] train_loss: 3.2768, val_loss: 3.0901, lr: 0.001000, 187.86s
2024-08-20 18:34:59,450 - INFO - Saved model at 8
2024-08-20 18:34:59,450 - INFO - Val loss decrease from 3.1337 to 3.0901, saving to ./libcity/cache/4/model_cache/GWNET_METR_LA_epoch8.tar
2024-08-20 18:37:49,819 - INFO - epoch complete!
2024-08-20 18:37:49,819 - INFO - evaluating now!
2024-08-20 18:38:07,021 - INFO - Epoch [9/150] train_loss: 3.2566, val_loss: 3.0929, lr: 0.001000, 187.57s
2024-08-20 18:40:57,736 - INFO - epoch complete!
2024-08-20 18:40:57,736 - INFO - evaluating now!
2024-08-20 18:41:14,903 - INFO - Epoch [10/150] train_loss: 3.2388, val_loss: 3.1323, lr: 0.001000, 187.88s
2024-08-20 18:44:05,424 - INFO - epoch complete!
2024-08-20 18:44:05,424 - INFO - evaluating now!
2024-08-20 18:44:22,606 - INFO - Epoch [11/150] train_loss: 3.2086, val_loss: 3.1612, lr: 0.001000, 187.70s
2024-08-20 18:47:12,831 - INFO - epoch complete!
2024-08-20 18:47:12,832 - INFO - evaluating now!
2024-08-20 18:47:29,891 - INFO - Epoch [12/150] train_loss: 3.1913, val_loss: 3.0722, lr: 0.001000, 187.28s
2024-08-20 18:47:29,918 - INFO - Saved model at 12
2024-08-20 18:47:29,918 - INFO - Val loss decrease from 3.0901 to 3.0722, saving to ./libcity/cache/4/model_cache/GWNET_METR_LA_epoch12.tar
2024-08-20 18:50:20,384 - INFO - epoch complete!
2024-08-20 18:50:20,385 - INFO - evaluating now!
2024-08-20 18:50:37,593 - INFO - Epoch [13/150] train_loss: 3.1731, val_loss: 3.0026, lr: 0.001000, 187.68s
2024-08-20 18:50:37,619 - INFO - Saved model at 13
2024-08-20 18:50:37,620 - INFO - Val loss decrease from 3.0722 to 3.0026, saving to ./libcity/cache/4/model_cache/GWNET_METR_LA_epoch13.tar
2024-08-20 18:53:28,058 - INFO - epoch complete!
2024-08-20 18:53:28,059 - INFO - evaluating now!
2024-08-20 18:53:45,258 - INFO - Epoch [14/150] train_loss: 3.1570, val_loss: 3.0085, lr: 0.001000, 187.64s
2024-08-20 18:56:35,640 - INFO - epoch complete!
2024-08-20 18:56:35,640 - INFO - evaluating now!
2024-08-20 18:56:52,829 - INFO - Epoch [15/150] train_loss: 3.1386, val_loss: 2.9869, lr: 0.001000, 187.57s
2024-08-20 18:56:52,856 - INFO - Saved model at 15
2024-08-20 18:56:52,856 - INFO - Val loss decrease from 3.0026 to 2.9869, saving to ./libcity/cache/4/model_cache/GWNET_METR_LA_epoch15.tar
2024-08-20 18:59:43,175 - INFO - epoch complete!
2024-08-20 18:59:43,176 - INFO - evaluating now!
2024-08-20 19:00:00,347 - INFO - Epoch [16/150] train_loss: 3.1243, val_loss: 2.9622, lr: 0.001000, 187.49s
2024-08-20 19:00:00,374 - INFO - Saved model at 16
2024-08-20 19:00:00,374 - INFO - Val loss decrease from 2.9869 to 2.9622, saving to ./libcity/cache/4/model_cache/GWNET_METR_LA_epoch16.tar
2024-08-20 19:02:50,935 - INFO - epoch complete!
2024-08-20 19:02:50,936 - INFO - evaluating now!
2024-08-20 19:03:08,086 - INFO - Epoch [17/150] train_loss: 3.1118, val_loss: 2.9993, lr: 0.001000, 187.71s
2024-08-20 19:05:58,607 - INFO - epoch complete!
2024-08-20 19:05:58,608 - INFO - evaluating now!
2024-08-20 19:06:15,731 - INFO - Epoch [18/150] train_loss: 3.0963, val_loss: 2.9737, lr: 0.001000, 187.65s
2024-08-20 19:09:05,938 - INFO - epoch complete!
2024-08-20 19:09:05,939 - INFO - evaluating now!
2024-08-20 19:09:23,133 - INFO - Epoch [19/150] train_loss: 3.0870, val_loss: 2.9699, lr: 0.001000, 187.40s
2024-08-20 19:12:13,512 - INFO - epoch complete!
2024-08-20 19:12:13,512 - INFO - evaluating now!
2024-08-20 19:12:30,684 - INFO - Epoch [20/150] train_loss: 3.0802, val_loss: 2.9368, lr: 0.001000, 187.55s
2024-08-20 19:12:30,710 - INFO - Saved model at 20
2024-08-20 19:12:30,711 - INFO - Val loss decrease from 2.9622 to 2.9368, saving to ./libcity/cache/4/model_cache/GWNET_METR_LA_epoch20.tar
2024-08-20 19:15:20,952 - INFO - epoch complete!
2024-08-20 19:15:20,952 - INFO - evaluating now!
2024-08-20 19:15:37,974 - INFO - Epoch [21/150] train_loss: 3.0650, val_loss: 2.9520, lr: 0.001000, 187.26s
2024-08-20 19:18:27,926 - INFO - epoch complete!
2024-08-20 19:18:27,927 - INFO - evaluating now!
2024-08-20 19:18:44,992 - INFO - Epoch [22/150] train_loss: 3.0541, val_loss: 2.9340, lr: 0.001000, 187.02s
2024-08-20 19:18:45,019 - INFO - Saved model at 22
2024-08-20 19:18:45,019 - INFO - Val loss decrease from 2.9368 to 2.9340, saving to ./libcity/cache/4/model_cache/GWNET_METR_LA_epoch22.tar
2024-08-20 19:21:35,044 - INFO - epoch complete!
2024-08-20 19:21:35,045 - INFO - evaluating now!
2024-08-20 19:21:52,216 - INFO - Epoch [23/150] train_loss: 3.0462, val_loss: 2.9998, lr: 0.001000, 187.20s
2024-08-20 19:24:42,670 - INFO - epoch complete!
2024-08-20 19:24:42,671 - INFO - evaluating now!
2024-08-20 19:24:59,847 - INFO - Epoch [24/150] train_loss: 3.0427, val_loss: 2.9282, lr: 0.001000, 187.63s
2024-08-20 19:24:59,874 - INFO - Saved model at 24
2024-08-20 19:24:59,874 - INFO - Val loss decrease from 2.9340 to 2.9282, saving to ./libcity/cache/4/model_cache/GWNET_METR_LA_epoch24.tar
2024-08-20 19:27:49,932 - INFO - epoch complete!
2024-08-20 19:27:49,932 - INFO - evaluating now!
2024-08-20 19:28:07,095 - INFO - Epoch [25/150] train_loss: 3.0265, val_loss: 3.0162, lr: 0.001000, 187.22s
2024-08-20 19:30:57,192 - INFO - epoch complete!
2024-08-20 19:30:57,193 - INFO - evaluating now!
2024-08-20 19:31:14,289 - INFO - Epoch [26/150] train_loss: 3.0285, val_loss: 2.9524, lr: 0.001000, 187.19s
2024-08-20 19:34:05,028 - INFO - epoch complete!
2024-08-20 19:34:05,028 - INFO - evaluating now!
2024-08-20 19:34:22,206 - INFO - Epoch [27/150] train_loss: 3.0203, val_loss: 2.9255, lr: 0.001000, 187.92s
2024-08-20 19:34:22,233 - INFO - Saved model at 27
2024-08-20 19:34:22,233 - INFO - Val loss decrease from 2.9282 to 2.9255, saving to ./libcity/cache/4/model_cache/GWNET_METR_LA_epoch27.tar
2024-08-20 19:37:12,683 - INFO - epoch complete!
2024-08-20 19:37:12,684 - INFO - evaluating now!
2024-08-20 19:37:29,806 - INFO - Epoch [28/150] train_loss: 3.0156, val_loss: 2.9277, lr: 0.001000, 187.57s
2024-08-20 19:40:20,168 - INFO - epoch complete!
2024-08-20 19:40:20,169 - INFO - evaluating now!
2024-08-20 19:40:37,529 - INFO - Epoch [29/150] train_loss: 3.0055, val_loss: 2.9264, lr: 0.001000, 187.72s
2024-08-20 19:43:28,559 - INFO - epoch complete!
2024-08-20 19:43:28,560 - INFO - evaluating now!
2024-08-20 19:43:46,038 - INFO - Epoch [30/150] train_loss: 3.0023, val_loss: 2.9256, lr: 0.001000, 188.51s
2024-08-20 19:46:36,209 - INFO - epoch complete!
2024-08-20 19:46:36,210 - INFO - evaluating now!
2024-08-20 19:46:53,417 - INFO - Epoch [31/150] train_loss: 2.9958, val_loss: 2.9084, lr: 0.001000, 187.38s
2024-08-20 19:46:53,444 - INFO - Saved model at 31
2024-08-20 19:46:53,444 - INFO - Val loss decrease from 2.9255 to 2.9084, saving to ./libcity/cache/4/model_cache/GWNET_METR_LA_epoch31.tar
2024-08-20 19:49:43,610 - INFO - epoch complete!
2024-08-20 19:49:43,611 - INFO - evaluating now!
2024-08-20 19:50:00,679 - INFO - Epoch [32/150] train_loss: 2.9879, val_loss: 2.9474, lr: 0.001000, 187.23s
2024-08-20 19:52:50,432 - INFO - epoch complete!
2024-08-20 19:52:50,433 - INFO - evaluating now!
2024-08-20 19:53:07,536 - INFO - Epoch [33/150] train_loss: 2.9827, val_loss: 2.9079, lr: 0.001000, 186.86s
2024-08-20 19:53:07,563 - INFO - Saved model at 33
2024-08-20 19:53:07,563 - INFO - Val loss decrease from 2.9084 to 2.9079, saving to ./libcity/cache/4/model_cache/GWNET_METR_LA_epoch33.tar
2024-08-20 19:55:57,787 - INFO - epoch complete!
2024-08-20 19:55:57,788 - INFO - evaluating now!
2024-08-20 19:56:14,989 - INFO - Epoch [34/150] train_loss: 2.9816, val_loss: 2.9136, lr: 0.001000, 187.43s
2024-08-20 19:59:05,317 - INFO - epoch complete!
2024-08-20 19:59:05,318 - INFO - evaluating now!
2024-08-20 19:59:26,037 - INFO - Epoch [35/150] train_loss: 2.9748, val_loss: 2.9042, lr: 0.001000, 191.05s
2024-08-20 19:59:26,097 - INFO - Saved model at 35
2024-08-20 19:59:26,098 - INFO - Val loss decrease from 2.9079 to 2.9042, saving to ./libcity/cache/4/model_cache/GWNET_METR_LA_epoch35.tar
2024-08-20 20:02:17,503 - INFO - epoch complete!
2024-08-20 20:02:17,503 - INFO - evaluating now!
2024-08-20 20:02:34,715 - INFO - Epoch [36/150] train_loss: 2.9705, val_loss: 2.9239, lr: 0.001000, 188.62s
2024-08-20 20:05:24,821 - INFO - epoch complete!
2024-08-20 20:05:24,821 - INFO - evaluating now!
2024-08-20 20:05:41,970 - INFO - Epoch [37/150] train_loss: 2.9617, val_loss: 2.8970, lr: 0.001000, 187.25s
2024-08-20 20:05:41,996 - INFO - Saved model at 37
2024-08-20 20:05:41,996 - INFO - Val loss decrease from 2.9042 to 2.8970, saving to ./libcity/cache/4/model_cache/GWNET_METR_LA_epoch37.tar
2024-08-20 20:08:31,951 - INFO - epoch complete!
2024-08-20 20:08:31,952 - INFO - evaluating now!
2024-08-20 20:08:49,113 - INFO - Epoch [38/150] train_loss: 2.9615, val_loss: 2.9194, lr: 0.001000, 187.12s
2024-08-20 20:11:39,114 - INFO - epoch complete!
2024-08-20 20:11:39,115 - INFO - evaluating now!
2024-08-20 20:11:56,249 - INFO - Epoch [39/150] train_loss: 2.9546, val_loss: 2.9105, lr: 0.001000, 187.14s
2024-08-20 20:14:46,239 - INFO - epoch complete!
2024-08-20 20:14:46,240 - INFO - evaluating now!
2024-08-20 20:15:03,372 - INFO - Epoch [40/150] train_loss: 2.9518, val_loss: 2.8962, lr: 0.001000, 187.12s
2024-08-20 20:15:03,399 - INFO - Saved model at 40
2024-08-20 20:15:03,399 - INFO - Val loss decrease from 2.8970 to 2.8962, saving to ./libcity/cache/4/model_cache/GWNET_METR_LA_epoch40.tar
2024-08-20 20:17:53,200 - INFO - epoch complete!
2024-08-20 20:17:53,201 - INFO - evaluating now!
2024-08-20 20:18:10,315 - INFO - Epoch [41/150] train_loss: 2.9505, val_loss: 2.9115, lr: 0.001000, 186.92s
2024-08-20 20:21:00,384 - INFO - epoch complete!
2024-08-20 20:21:00,385 - INFO - evaluating now!
2024-08-20 20:21:17,529 - INFO - Epoch [42/150] train_loss: 2.9462, val_loss: 2.9140, lr: 0.001000, 187.21s
2024-08-20 20:24:07,585 - INFO - epoch complete!
2024-08-20 20:24:07,586 - INFO - evaluating now!
2024-08-20 20:24:24,684 - INFO - Epoch [43/150] train_loss: 2.9456, val_loss: 2.9167, lr: 0.001000, 187.15s
2024-08-20 20:27:14,774 - INFO - epoch complete!
2024-08-20 20:27:14,775 - INFO - evaluating now!
2024-08-20 20:27:31,842 - INFO - Epoch [44/150] train_loss: 2.9377, val_loss: 2.9433, lr: 0.001000, 187.16s
2024-08-20 20:30:22,008 - INFO - epoch complete!
2024-08-20 20:30:22,009 - INFO - evaluating now!
2024-08-20 20:30:39,075 - INFO - Epoch [45/150] train_loss: 2.9377, val_loss: 2.8866, lr: 0.001000, 187.23s
2024-08-20 20:30:39,104 - INFO - Saved model at 45
2024-08-20 20:30:39,104 - INFO - Val loss decrease from 2.8962 to 2.8866, saving to ./libcity/cache/4/model_cache/GWNET_METR_LA_epoch45.tar
2024-08-20 20:33:29,188 - INFO - epoch complete!
2024-08-20 20:33:29,188 - INFO - evaluating now!
2024-08-20 20:33:46,342 - INFO - Epoch [46/150] train_loss: 2.9314, val_loss: 2.9027, lr: 0.001000, 187.24s
2024-08-20 20:36:36,458 - INFO - epoch complete!
2024-08-20 20:36:36,459 - INFO - evaluating now!
2024-08-20 20:36:53,596 - INFO - Epoch [47/150] train_loss: 2.9290, val_loss: 2.8929, lr: 0.001000, 187.25s
2024-08-20 20:39:43,905 - INFO - epoch complete!
2024-08-20 20:39:43,905 - INFO - evaluating now!
2024-08-20 20:40:01,086 - INFO - Epoch [48/150] train_loss: 2.9243, val_loss: 2.8803, lr: 0.001000, 187.49s
2024-08-20 20:40:01,113 - INFO - Saved model at 48
2024-08-20 20:40:01,113 - INFO - Val loss decrease from 2.8866 to 2.8803, saving to ./libcity/cache/4/model_cache/GWNET_METR_LA_epoch48.tar
2024-08-20 20:42:51,555 - INFO - epoch complete!
2024-08-20 20:42:51,556 - INFO - evaluating now!
2024-08-20 20:43:08,611 - INFO - Epoch [49/150] train_loss: 2.9188, val_loss: 2.9192, lr: 0.001000, 187.50s
2024-08-20 20:45:58,913 - INFO - epoch complete!
2024-08-20 20:45:58,914 - INFO - evaluating now!
2024-08-20 20:46:16,108 - INFO - Epoch [50/150] train_loss: 2.9179, val_loss: 2.9087, lr: 0.001000, 187.50s
2024-08-20 20:49:06,394 - INFO - epoch complete!
2024-08-20 20:49:06,394 - INFO - evaluating now!
2024-08-20 20:49:23,519 - INFO - Epoch [51/150] train_loss: 2.9154, val_loss: 2.9019, lr: 0.001000, 187.41s
2024-08-20 20:52:13,601 - INFO - epoch complete!
2024-08-20 20:52:13,602 - INFO - evaluating now!
2024-08-20 20:52:30,688 - INFO - Epoch [52/150] train_loss: 2.9145, val_loss: 2.8994, lr: 0.001000, 187.17s
2024-08-20 20:55:20,893 - INFO - epoch complete!
2024-08-20 20:55:20,893 - INFO - evaluating now!
2024-08-20 20:55:37,865 - INFO - Epoch [53/150] train_loss: 2.9081, val_loss: 2.8809, lr: 0.001000, 187.18s
2024-08-20 20:58:27,673 - INFO - epoch complete!
2024-08-20 20:58:27,673 - INFO - evaluating now!
2024-08-20 20:58:44,786 - INFO - Epoch [54/150] train_loss: 2.9091, val_loss: 2.9085, lr: 0.001000, 186.92s
2024-08-20 21:01:34,823 - INFO - epoch complete!
2024-08-20 21:01:34,824 - INFO - evaluating now!
2024-08-20 21:01:51,907 - INFO - Epoch [55/150] train_loss: 2.9061, val_loss: 2.8841, lr: 0.001000, 187.12s
2024-08-20 21:04:42,125 - INFO - epoch complete!
2024-08-20 21:04:42,126 - INFO - evaluating now!
2024-08-20 21:04:59,217 - INFO - Epoch [56/150] train_loss: 2.9026, val_loss: 2.8894, lr: 0.001000, 187.31s
2024-08-20 21:07:49,677 - INFO - epoch complete!
2024-08-20 21:07:49,678 - INFO - evaluating now!
2024-08-20 21:08:06,768 - INFO - Epoch [57/150] train_loss: 2.8993, val_loss: 2.8990, lr: 0.001000, 187.55s
2024-08-20 21:10:56,710 - INFO - epoch complete!
2024-08-20 21:10:56,710 - INFO - evaluating now!
2024-08-20 21:11:13,523 - INFO - Epoch [58/150] train_loss: 2.8953, val_loss: 2.8832, lr: 0.001000, 186.75s
2024-08-20 21:14:03,330 - INFO - epoch complete!
2024-08-20 21:14:03,331 - INFO - evaluating now!
2024-08-20 21:14:20,447 - INFO - Epoch [59/150] train_loss: 2.8965, val_loss: 2.8835, lr: 0.001000, 186.92s
2024-08-20 21:17:10,153 - INFO - epoch complete!
2024-08-20 21:17:10,154 - INFO - evaluating now!
2024-08-20 21:17:27,191 - INFO - Epoch [60/150] train_loss: 2.8908, val_loss: 2.8801, lr: 0.001000, 186.74s
2024-08-20 21:17:27,218 - INFO - Saved model at 60
2024-08-20 21:17:27,219 - INFO - Val loss decrease from 2.8803 to 2.8801, saving to ./libcity/cache/4/model_cache/GWNET_METR_LA_epoch60.tar
2024-08-20 21:20:16,894 - INFO - epoch complete!
2024-08-20 21:20:16,895 - INFO - evaluating now!
2024-08-20 21:20:34,010 - INFO - Epoch [61/150] train_loss: 2.8916, val_loss: 2.9446, lr: 0.001000, 186.79s
2024-08-20 21:23:23,683 - INFO - epoch complete!
2024-08-20 21:23:23,683 - INFO - evaluating now!
2024-08-20 21:23:40,676 - INFO - Epoch [62/150] train_loss: 2.8891, val_loss: 2.9029, lr: 0.001000, 186.67s
2024-08-20 21:26:30,470 - INFO - epoch complete!
2024-08-20 21:26:30,470 - INFO - evaluating now!
2024-08-20 21:26:47,578 - INFO - Epoch [63/150] train_loss: 2.8859, val_loss: 2.8887, lr: 0.001000, 186.90s
2024-08-20 21:29:37,568 - INFO - epoch complete!
2024-08-20 21:29:37,568 - INFO - evaluating now!
2024-08-20 21:29:54,600 - INFO - Epoch [64/150] train_loss: 2.8834, val_loss: 2.8881, lr: 0.001000, 187.02s
2024-08-20 21:32:44,139 - INFO - epoch complete!
2024-08-20 21:32:44,139 - INFO - evaluating now!
2024-08-20 21:33:01,142 - INFO - Epoch [65/150] train_loss: 2.8807, val_loss: 2.8968, lr: 0.001000, 186.54s
2024-08-20 21:35:50,534 - INFO - epoch complete!
2024-08-20 21:35:50,535 - INFO - evaluating now!
2024-08-20 21:36:07,609 - INFO - Epoch [66/150] train_loss: 2.8773, val_loss: 2.8855, lr: 0.001000, 186.47s
2024-08-20 21:38:57,386 - INFO - epoch complete!
2024-08-20 21:38:57,386 - INFO - evaluating now!
2024-08-20 21:39:14,505 - INFO - Epoch [67/150] train_loss: 2.8770, val_loss: 2.9036, lr: 0.001000, 186.89s
2024-08-20 21:42:04,222 - INFO - epoch complete!
2024-08-20 21:42:04,223 - INFO - evaluating now!
2024-08-20 21:42:21,345 - INFO - Epoch [68/150] train_loss: 2.8775, val_loss: 2.8779, lr: 0.001000, 186.84s
2024-08-20 21:42:21,372 - INFO - Saved model at 68
2024-08-20 21:42:21,372 - INFO - Val loss decrease from 2.8801 to 2.8779, saving to ./libcity/cache/4/model_cache/GWNET_METR_LA_epoch68.tar
2024-08-20 21:45:11,142 - INFO - epoch complete!
2024-08-20 21:45:11,142 - INFO - evaluating now!
2024-08-20 21:45:28,174 - INFO - Epoch [69/150] train_loss: 2.8770, val_loss: 2.9015, lr: 0.001000, 186.80s
2024-08-20 21:48:17,615 - INFO - epoch complete!
2024-08-20 21:48:17,615 - INFO - evaluating now!
2024-08-20 21:48:34,633 - INFO - Epoch [70/150] train_loss: 2.8726, val_loss: 2.8818, lr: 0.001000, 186.46s
2024-08-20 21:51:24,337 - INFO - epoch complete!
2024-08-20 21:51:24,337 - INFO - evaluating now!
2024-08-20 21:51:41,439 - INFO - Epoch [71/150] train_loss: 2.8684, val_loss: 2.8996, lr: 0.001000, 186.81s
2024-08-20 21:54:31,404 - INFO - epoch complete!
2024-08-20 21:54:31,404 - INFO - evaluating now!
2024-08-20 21:54:48,505 - INFO - Epoch [72/150] train_loss: 2.8743, val_loss: 2.8933, lr: 0.001000, 187.07s
2024-08-20 21:57:38,307 - INFO - epoch complete!
2024-08-20 21:57:38,308 - INFO - evaluating now!
2024-08-20 21:57:55,449 - INFO - Epoch [73/150] train_loss: 2.8680, val_loss: 2.8958, lr: 0.001000, 186.94s
2024-08-20 22:00:44,964 - INFO - epoch complete!
2024-08-20 22:00:44,964 - INFO - evaluating now!
2024-08-20 22:01:02,023 - INFO - Epoch [74/150] train_loss: 2.8669, val_loss: 2.8967, lr: 0.001000, 186.57s
2024-08-20 22:03:52,062 - INFO - epoch complete!
2024-08-20 22:03:52,062 - INFO - evaluating now!
2024-08-20 22:04:09,082 - INFO - Epoch [75/150] train_loss: 2.8654, val_loss: 2.9179, lr: 0.001000, 187.06s
2024-08-20 22:06:58,592 - INFO - epoch complete!
2024-08-20 22:06:58,593 - INFO - evaluating now!
2024-08-20 22:07:15,681 - INFO - Epoch [76/150] train_loss: 2.8657, val_loss: 2.8901, lr: 0.001000, 186.60s
2024-08-20 22:10:05,416 - INFO - epoch complete!
2024-08-20 22:10:05,416 - INFO - evaluating now!
2024-08-20 22:10:22,514 - INFO - Epoch [77/150] train_loss: 2.8592, val_loss: 2.8927, lr: 0.001000, 186.83s
2024-08-20 22:13:12,385 - INFO - epoch complete!
2024-08-20 22:13:12,385 - INFO - evaluating now!
2024-08-20 22:13:29,413 - INFO - Epoch [78/150] train_loss: 2.8582, val_loss: 2.9007, lr: 0.001000, 186.90s
2024-08-20 22:16:18,936 - INFO - epoch complete!
2024-08-20 22:16:18,936 - INFO - evaluating now!
2024-08-20 22:16:35,816 - INFO - Epoch [79/150] train_loss: 2.8587, val_loss: 2.8953, lr: 0.001000, 186.40s
2024-08-20 22:19:24,067 - INFO - epoch complete!
2024-08-20 22:19:24,067 - INFO - evaluating now!
2024-08-20 22:19:40,988 - INFO - Epoch [80/150] train_loss: 2.8533, val_loss: 2.9036, lr: 0.001000, 185.17s
2024-08-20 22:22:29,440 - INFO - epoch complete!
2024-08-20 22:22:29,440 - INFO - evaluating now!
2024-08-20 22:22:46,437 - INFO - Epoch [81/150] train_loss: 2.8531, val_loss: 2.9003, lr: 0.001000, 185.45s
2024-08-20 22:25:34,954 - INFO - epoch complete!
2024-08-20 22:25:34,954 - INFO - evaluating now!
2024-08-20 22:25:51,912 - INFO - Epoch [82/150] train_loss: 2.8517, val_loss: 2.9026, lr: 0.001000, 185.47s
2024-08-20 22:28:40,461 - INFO - epoch complete!
2024-08-20 22:28:40,462 - INFO - evaluating now!
2024-08-20 22:28:57,347 - INFO - Epoch [83/150] train_loss: 2.8522, val_loss: 2.8827, lr: 0.001000, 185.43s
2024-08-20 22:31:45,918 - INFO - epoch complete!
2024-08-20 22:31:45,919 - INFO - evaluating now!
2024-08-20 22:32:02,830 - INFO - Epoch [84/150] train_loss: 2.8458, val_loss: 2.8873, lr: 0.001000, 185.48s
2024-08-20 22:34:51,399 - INFO - epoch complete!
2024-08-20 22:34:51,399 - INFO - evaluating now!
2024-08-20 22:35:08,337 - INFO - Epoch [85/150] train_loss: 2.8469, val_loss: 2.9061, lr: 0.001000, 185.51s
2024-08-20 22:37:56,911 - INFO - epoch complete!
2024-08-20 22:37:56,911 - INFO - evaluating now!
2024-08-20 22:38:13,799 - INFO - Epoch [86/150] train_loss: 2.8473, val_loss: 2.8740, lr: 0.001000, 185.46s
2024-08-20 22:38:13,827 - INFO - Saved model at 86
2024-08-20 22:38:13,827 - INFO - Val loss decrease from 2.8779 to 2.8740, saving to ./libcity/cache/4/model_cache/GWNET_METR_LA_epoch86.tar
2024-08-20 22:41:02,226 - INFO - epoch complete!
2024-08-20 22:41:02,227 - INFO - evaluating now!
2024-08-20 22:41:19,141 - INFO - Epoch [87/150] train_loss: 2.8429, val_loss: 2.8883, lr: 0.001000, 185.31s
2024-08-20 22:44:07,197 - INFO - epoch complete!
2024-08-20 22:44:07,198 - INFO - evaluating now!
2024-08-20 22:44:24,105 - INFO - Epoch [88/150] train_loss: 2.8428, val_loss: 2.8740, lr: 0.001000, 184.96s
2024-08-20 22:44:24,132 - INFO - Saved model at 88
2024-08-20 22:44:24,132 - INFO - Val loss decrease from 2.8740 to 2.8740, saving to ./libcity/cache/4/model_cache/GWNET_METR_LA_epoch88.tar
2024-08-20 22:47:12,155 - INFO - epoch complete!
2024-08-20 22:47:12,155 - INFO - evaluating now!
2024-08-20 22:47:29,000 - INFO - Epoch [89/150] train_loss: 2.8437, val_loss: 2.8790, lr: 0.001000, 184.87s
2024-08-20 22:50:17,029 - INFO - epoch complete!
2024-08-20 22:50:17,029 - INFO - evaluating now!
2024-08-20 22:50:33,791 - INFO - Epoch [90/150] train_loss: 2.8412, val_loss: 2.8786, lr: 0.001000, 184.79s
2024-08-20 22:53:22,445 - INFO - epoch complete!
2024-08-20 22:53:22,445 - INFO - evaluating now!
2024-08-20 22:53:39,372 - INFO - Epoch [91/150] train_loss: 2.8382, val_loss: 2.9079, lr: 0.001000, 185.58s
2024-08-20 22:56:27,885 - INFO - epoch complete!
2024-08-20 22:56:27,886 - INFO - evaluating now!
2024-08-20 22:56:44,810 - INFO - Epoch [92/150] train_loss: 2.8367, val_loss: 2.8797, lr: 0.001000, 185.44s
2024-08-20 22:59:33,212 - INFO - epoch complete!
2024-08-20 22:59:33,213 - INFO - evaluating now!
2024-08-20 22:59:50,121 - INFO - Epoch [93/150] train_loss: 2.8399, val_loss: 2.8962, lr: 0.001000, 185.31s
2024-08-20 23:02:38,388 - INFO - epoch complete!
2024-08-20 23:02:38,389 - INFO - evaluating now!
2024-08-20 23:02:55,310 - INFO - Epoch [94/150] train_loss: 2.8357, val_loss: 2.8928, lr: 0.001000, 185.19s
2024-08-20 23:05:43,742 - INFO - epoch complete!
2024-08-20 23:05:43,743 - INFO - evaluating now!
2024-08-20 23:06:00,629 - INFO - Epoch [95/150] train_loss: 2.8334, val_loss: 2.8948, lr: 0.001000, 185.32s
2024-08-20 23:08:49,072 - INFO - epoch complete!
2024-08-20 23:08:49,072 - INFO - evaluating now!
2024-08-20 23:09:06,011 - INFO - Epoch [96/150] train_loss: 2.8327, val_loss: 2.8781, lr: 0.001000, 185.38s
2024-08-20 23:12:00,709 - INFO - epoch complete!
2024-08-20 23:12:00,710 - INFO - evaluating now!
2024-08-20 23:12:17,706 - INFO - Epoch [97/150] train_loss: 2.8314, val_loss: 2.9117, lr: 0.001000, 191.69s
2024-08-20 23:15:07,611 - INFO - epoch complete!
2024-08-20 23:15:07,612 - INFO - evaluating now!
2024-08-20 23:15:24,548 - INFO - Epoch [98/150] train_loss: 2.8305, val_loss: 2.8895, lr: 0.001000, 186.84s
2024-08-20 23:18:12,589 - INFO - epoch complete!
2024-08-20 23:18:12,589 - INFO - evaluating now!
2024-08-20 23:18:29,428 - INFO - Epoch [99/150] train_loss: 2.8309, val_loss: 2.8878, lr: 0.001000, 184.88s
2024-08-20 23:21:17,586 - INFO - epoch complete!
2024-08-20 23:21:17,587 - INFO - evaluating now!
2024-08-20 23:21:34,459 - INFO - Epoch [100/150] train_loss: 2.8301, val_loss: 2.8889, lr: 0.001000, 185.03s
2024-08-20 23:24:23,194 - INFO - epoch complete!
2024-08-20 23:24:23,195 - INFO - evaluating now!
2024-08-20 23:24:40,084 - INFO - Epoch [101/150] train_loss: 2.8237, val_loss: 2.8819, lr: 0.001000, 185.62s
2024-08-20 23:27:28,326 - INFO - epoch complete!
2024-08-20 23:27:28,327 - INFO - evaluating now!
2024-08-20 23:27:45,218 - INFO - Epoch [102/150] train_loss: 2.8252, val_loss: 2.8900, lr: 0.001000, 185.13s
2024-08-20 23:30:33,650 - INFO - epoch complete!
2024-08-20 23:30:33,650 - INFO - evaluating now!
2024-08-20 23:30:50,511 - INFO - Epoch [103/150] train_loss: 2.8259, val_loss: 2.8907, lr: 0.001000, 185.29s
2024-08-20 23:33:38,881 - INFO - epoch complete!
2024-08-20 23:33:38,882 - INFO - evaluating now!
2024-08-20 23:33:55,787 - INFO - Epoch [104/150] train_loss: 2.8239, val_loss: 2.8784, lr: 0.001000, 185.28s
2024-08-20 23:36:44,262 - INFO - epoch complete!
2024-08-20 23:36:44,262 - INFO - evaluating now!
2024-08-20 23:37:01,203 - INFO - Epoch [105/150] train_loss: 2.8225, val_loss: 2.8850, lr: 0.001000, 185.42s
2024-08-20 23:39:49,603 - INFO - epoch complete!
2024-08-20 23:39:49,603 - INFO - evaluating now!
2024-08-20 23:40:06,524 - INFO - Epoch [106/150] train_loss: 2.8192, val_loss: 2.8938, lr: 0.001000, 185.32s
2024-08-20 23:42:54,989 - INFO - epoch complete!
2024-08-20 23:42:54,989 - INFO - evaluating now!
2024-08-20 23:43:11,931 - INFO - Epoch [107/150] train_loss: 2.8187, val_loss: 2.8836, lr: 0.001000, 185.41s
2024-08-20 23:46:00,328 - INFO - epoch complete!
2024-08-20 23:46:00,328 - INFO - evaluating now!
2024-08-20 23:46:17,100 - INFO - Epoch [108/150] train_loss: 2.8171, val_loss: 2.8795, lr: 0.001000, 185.17s
2024-08-20 23:49:05,592 - INFO - epoch complete!
2024-08-20 23:49:05,593 - INFO - evaluating now!
2024-08-20 23:49:22,605 - INFO - Epoch [109/150] train_loss: 2.8183, val_loss: 2.9006, lr: 0.001000, 185.50s
2024-08-20 23:52:10,994 - INFO - epoch complete!
2024-08-20 23:52:10,995 - INFO - evaluating now!
2024-08-20 23:52:27,865 - INFO - Epoch [110/150] train_loss: 2.8157, val_loss: 2.8971, lr: 0.001000, 185.26s
2024-08-20 23:55:16,046 - INFO - epoch complete!
2024-08-20 23:55:16,047 - INFO - evaluating now!
2024-08-20 23:55:32,961 - INFO - Epoch [111/150] train_loss: 2.8149, val_loss: 2.9024, lr: 0.001000, 185.10s
2024-08-20 23:58:21,353 - INFO - epoch complete!
2024-08-20 23:58:21,354 - INFO - evaluating now!
2024-08-20 23:58:38,290 - INFO - Epoch [112/150] train_loss: 2.8128, val_loss: 2.9021, lr: 0.001000, 185.33s
2024-08-21 00:01:26,984 - INFO - epoch complete!
2024-08-21 00:01:26,984 - INFO - evaluating now!
2024-08-21 00:01:43,988 - INFO - Epoch [113/150] train_loss: 2.8150, val_loss: 2.8695, lr: 0.001000, 185.70s
2024-08-21 00:01:44,014 - INFO - Saved model at 113
2024-08-21 00:01:44,015 - INFO - Val loss decrease from 2.8740 to 2.8695, saving to ./libcity/cache/4/model_cache/GWNET_METR_LA_epoch113.tar
2024-08-21 00:04:32,506 - INFO - epoch complete!
2024-08-21 00:04:32,506 - INFO - evaluating now!
2024-08-21 00:04:49,403 - INFO - Epoch [114/150] train_loss: 2.8127, val_loss: 2.9143, lr: 0.001000, 185.39s
2024-08-21 00:07:37,843 - INFO - epoch complete!
2024-08-21 00:07:37,844 - INFO - evaluating now!
2024-08-21 00:07:54,787 - INFO - Epoch [115/150] train_loss: 2.8114, val_loss: 2.8929, lr: 0.001000, 185.38s
2024-08-21 00:10:43,181 - INFO - epoch complete!
2024-08-21 00:10:43,181 - INFO - evaluating now!
2024-08-21 00:11:00,149 - INFO - Epoch [116/150] train_loss: 2.8123, val_loss: 2.8986, lr: 0.001000, 185.36s
2024-08-21 00:13:48,619 - INFO - epoch complete!
2024-08-21 00:13:48,619 - INFO - evaluating now!
2024-08-21 00:14:05,548 - INFO - Epoch [117/150] train_loss: 2.8099, val_loss: 2.8923, lr: 0.001000, 185.40s
2024-08-21 00:16:53,909 - INFO - epoch complete!
2024-08-21 00:16:53,910 - INFO - evaluating now!
2024-08-21 00:17:10,909 - INFO - Epoch [118/150] train_loss: 2.8111, val_loss: 2.8754, lr: 0.001000, 185.36s
2024-08-21 00:19:59,427 - INFO - epoch complete!
2024-08-21 00:19:59,427 - INFO - evaluating now!
2024-08-21 00:20:16,378 - INFO - Epoch [119/150] train_loss: 2.8087, val_loss: 2.8861, lr: 0.001000, 185.47s
2024-08-21 00:23:04,853 - INFO - epoch complete!
2024-08-21 00:23:04,853 - INFO - evaluating now!
2024-08-21 00:23:21,795 - INFO - Epoch [120/150] train_loss: 2.8075, val_loss: 2.8769, lr: 0.001000, 185.42s
2024-08-21 00:26:10,225 - INFO - epoch complete!
2024-08-21 00:26:10,226 - INFO - evaluating now!
2024-08-21 00:26:27,198 - INFO - Epoch [121/150] train_loss: 2.8072, val_loss: 2.8780, lr: 0.001000, 185.40s
2024-08-21 00:29:15,613 - INFO - epoch complete!
2024-08-21 00:29:15,613 - INFO - evaluating now!
2024-08-21 00:29:32,543 - INFO - Epoch [122/150] train_loss: 2.8062, val_loss: 2.9244, lr: 0.001000, 185.34s
2024-08-21 00:32:21,206 - INFO - epoch complete!
2024-08-21 00:32:21,207 - INFO - evaluating now!
2024-08-21 00:32:38,120 - INFO - Epoch [123/150] train_loss: 2.8024, val_loss: 2.8777, lr: 0.001000, 185.58s
2024-08-21 00:35:26,555 - INFO - epoch complete!
2024-08-21 00:35:26,555 - INFO - evaluating now!
2024-08-21 00:35:43,495 - INFO - Epoch [124/150] train_loss: 2.8076, val_loss: 2.8871, lr: 0.001000, 185.37s
2024-08-21 00:38:31,941 - INFO - epoch complete!
2024-08-21 00:38:31,942 - INFO - evaluating now!
2024-08-21 00:38:48,954 - INFO - Epoch [125/150] train_loss: 2.8023, val_loss: 2.8697, lr: 0.001000, 185.46s
2024-08-21 00:41:37,647 - INFO - epoch complete!
2024-08-21 00:41:37,648 - INFO - evaluating now!
2024-08-21 00:41:54,633 - INFO - Epoch [126/150] train_loss: 2.8041, val_loss: 2.8769, lr: 0.001000, 185.68s
2024-08-21 00:44:43,182 - INFO - epoch complete!
2024-08-21 00:44:43,183 - INFO - evaluating now!
2024-08-21 00:45:00,084 - INFO - Epoch [127/150] train_loss: 2.8002, val_loss: 2.8926, lr: 0.001000, 185.45s
2024-08-21 00:47:48,529 - INFO - epoch complete!
2024-08-21 00:47:48,530 - INFO - evaluating now!
2024-08-21 00:48:05,497 - INFO - Epoch [128/150] train_loss: 2.8001, val_loss: 2.8785, lr: 0.001000, 185.41s
2024-08-21 00:50:54,125 - INFO - epoch complete!
2024-08-21 00:50:54,126 - INFO - evaluating now!
2024-08-21 00:51:10,997 - INFO - Epoch [129/150] train_loss: 2.7984, val_loss: 2.8850, lr: 0.001000, 185.50s
2024-08-21 00:53:59,481 - INFO - epoch complete!
2024-08-21 00:53:59,482 - INFO - evaluating now!
2024-08-21 00:54:16,393 - INFO - Epoch [130/150] train_loss: 2.8001, val_loss: 2.8805, lr: 0.001000, 185.39s
2024-08-21 00:57:04,691 - INFO - epoch complete!
2024-08-21 00:57:04,691 - INFO - evaluating now!
2024-08-21 00:57:21,493 - INFO - Epoch [131/150] train_loss: 2.7991, val_loss: 2.8845, lr: 0.001000, 185.10s
2024-08-21 01:00:09,584 - INFO - epoch complete!
2024-08-21 01:00:09,584 - INFO - evaluating now!
2024-08-21 01:00:26,432 - INFO - Epoch [132/150] train_loss: 2.8009, val_loss: 2.9022, lr: 0.001000, 184.94s
2024-08-21 01:03:14,632 - INFO - epoch complete!
2024-08-21 01:03:14,633 - INFO - evaluating now!
2024-08-21 01:03:31,469 - INFO - Epoch [133/150] train_loss: 2.7976, val_loss: 2.8698, lr: 0.001000, 185.04s
2024-08-21 01:06:19,751 - INFO - epoch complete!
2024-08-21 01:06:19,752 - INFO - evaluating now!
2024-08-21 01:06:36,629 - INFO - Epoch [134/150] train_loss: 2.7967, val_loss: 2.8862, lr: 0.001000, 185.16s
2024-08-21 01:09:24,743 - INFO - epoch complete!
2024-08-21 01:09:24,743 - INFO - evaluating now!
2024-08-21 01:09:41,651 - INFO - Epoch [135/150] train_loss: 2.7963, val_loss: 2.9091, lr: 0.001000, 185.02s
2024-08-21 01:12:30,253 - INFO - epoch complete!
2024-08-21 01:12:30,253 - INFO - evaluating now!
2024-08-21 01:12:47,136 - INFO - Epoch [136/150] train_loss: 2.7944, val_loss: 2.8902, lr: 0.001000, 185.48s
2024-08-21 01:15:35,315 - INFO - epoch complete!
2024-08-21 01:15:35,315 - INFO - evaluating now!
2024-08-21 01:15:52,182 - INFO - Epoch [137/150] train_loss: 2.7941, val_loss: 2.8893, lr: 0.001000, 185.05s
2024-08-21 01:18:40,475 - INFO - epoch complete!
2024-08-21 01:18:40,476 - INFO - evaluating now!
2024-08-21 01:18:57,366 - INFO - Epoch [138/150] train_loss: 2.7924, val_loss: 2.9108, lr: 0.001000, 185.18s
2024-08-21 01:21:45,690 - INFO - epoch complete!
2024-08-21 01:21:45,691 - INFO - evaluating now!
2024-08-21 01:22:02,585 - INFO - Epoch [139/150] train_loss: 2.7944, val_loss: 2.8773, lr: 0.001000, 185.22s
2024-08-21 01:24:51,289 - INFO - epoch complete!
2024-08-21 01:24:51,289 - INFO - evaluating now!
2024-08-21 01:25:08,198 - INFO - Epoch [140/150] train_loss: 2.7925, val_loss: 2.9155, lr: 0.001000, 185.61s
2024-08-21 01:27:56,824 - INFO - epoch complete!
2024-08-21 01:27:56,824 - INFO - evaluating now!
2024-08-21 01:28:13,800 - INFO - Epoch [141/150] train_loss: 2.7913, val_loss: 2.8846, lr: 0.001000, 185.60s
2024-08-21 01:31:02,460 - INFO - epoch complete!
2024-08-21 01:31:02,461 - INFO - evaluating now!
2024-08-21 01:31:19,334 - INFO - Epoch [142/150] train_loss: 2.7879, val_loss: 2.8789, lr: 0.001000, 185.53s
2024-08-21 01:34:07,878 - INFO - epoch complete!
2024-08-21 01:34:07,878 - INFO - evaluating now!
2024-08-21 01:34:24,782 - INFO - Epoch [143/150] train_loss: 2.7891, val_loss: 2.8817, lr: 0.001000, 185.45s
2024-08-21 01:37:13,324 - INFO - epoch complete!
2024-08-21 01:37:13,324 - INFO - evaluating now!
2024-08-21 01:37:30,244 - INFO - Epoch [144/150] train_loss: 2.7910, val_loss: 2.8721, lr: 0.001000, 185.46s
2024-08-21 01:40:18,498 - INFO - epoch complete!
2024-08-21 01:40:18,499 - INFO - evaluating now!
2024-08-21 01:40:35,388 - INFO - Epoch [145/150] train_loss: 2.7865, val_loss: 2.8896, lr: 0.001000, 185.14s
2024-08-21 01:43:23,406 - INFO - epoch complete!
2024-08-21 01:43:23,407 - INFO - evaluating now!
2024-08-21 01:43:40,192 - INFO - Epoch [146/150] train_loss: 2.7905, val_loss: 2.9049, lr: 0.001000, 184.80s
2024-08-21 01:46:28,216 - INFO - epoch complete!
2024-08-21 01:46:28,216 - INFO - evaluating now!
2024-08-21 01:46:45,089 - INFO - Epoch [147/150] train_loss: 2.7841, val_loss: 2.8788, lr: 0.001000, 184.90s
2024-08-21 01:49:33,295 - INFO - epoch complete!
2024-08-21 01:49:33,296 - INFO - evaluating now!
2024-08-21 01:49:50,268 - INFO - Epoch [148/150] train_loss: 2.7862, val_loss: 2.8846, lr: 0.001000, 185.18s
2024-08-21 01:52:38,781 - INFO - epoch complete!
2024-08-21 01:52:38,782 - INFO - evaluating now!
2024-08-21 01:52:55,640 - INFO - Epoch [149/150] train_loss: 2.7829, val_loss: 2.9017, lr: 0.001000, 185.37s
2024-08-21 01:52:55,640 - INFO - Trained totally 150 epochs, average train time is 237.199s, average eval time is 26.599s
2024-08-21 01:52:55,664 - INFO - Loaded model at 113
2024-08-21 01:52:55,665 - INFO - Saved model at ./libcity/cache/4/model_cache/GWNET_METR_LA.m
2024-08-21 01:52:55,690 - INFO - Start evaluating ...
2024-08-21 01:53:46,622 - INFO - Note that you select the single mode to evaluate!
2024-08-21 01:53:46,628 - INFO - Evaluate result is saved at ./libcity/cache/4/evaluate_cache/2024_08_21_01_53_46_GWNET_METR_LA.csv
2024-08-21 01:53:46,634 - INFO - 
         MAE      MAPE      RMSE
1   2.309762  0.055567  4.048940
2   2.454073  0.060585  4.494066
3   2.569777  0.064660  4.832871
4   2.665760  0.068229  5.105294
5   2.748369  0.071311  5.334742
6   2.823324  0.074103  5.535151
7   2.887731  0.076592  5.708136
8   2.946422  0.078837  5.863541
9   2.999751  0.080855  6.003564
10  3.048316  0.082719  6.128640
11  3.093204  0.084449  6.242211
12  3.135225  0.086063  6.347781
