2024-10-07 20:21:41,712 - INFO - Log directory: ./libcity/log
2024-10-07 20:21:41,712 - INFO - Begin pipeline, task=MTS_pred, model_name=ASTGCN, dataset_name=METR_LA, exp_id=46
2024-10-07 20:21:41,712 - INFO - {'task': 'MTS_pred', 'model': 'ASTGCN', 'dataset': 'METR_LA', 'saved_model': True, 'exp_id': '46', 'seed': 0, 'batch_size': 16, 'max_epoch': 50, 'dataset_class': 'StatePointDataset', 'executor': 'StateExecutor', 'evaluator': 'StateEvaluator', 'nb_block': 2, 'K': 3, 'nb_chev_filter': 32, 'nb_time_filter': 32, 'bidir_adj_mx': True, 'scaler': 'standard', 'load_external': False, 'normal_external': False, 'ext_scaler': 'none', 'add_time_in_day': False, 'add_day_in_week': False, 'train_rate': 0.6, 'eval_rate': 0.2, 'learner': 'adam', 'learning_rate': 0.0001, 'lr_decay': False, 'clip_grad_norm': False, 'use_early_stop': False, 'cache_dataset': True, 'num_workers': 0, 'pad_with_last_sample': True, 'input_window': 12, 'output_window': 12, 'robustness_test': False, 'noise_type': 'gaussian', 'disturb_rate': 0.5, 'noise_mean': [5], 'noise_SD': [10], 'gpu': True, 'gpu_id': 0, 'train_loss': 'none', 'epoch': 0, 'weight_decay': 0, 'lr_epsilon': 1e-08, 'lr_beta1': 0.9, 'lr_beta2': 0.999, 'lr_alpha': 0.99, 'lr_momentum': 0, 'lr_scheduler': 'multisteplr', 'lr_decay_ratio': 0.1, 'steps': [5, 20, 40, 70], 'step_size': 10, 'lr_T_max': 30, 'lr_eta_min': 0, 'lr_patience': 10, 'lr_threshold': 0.0001, 'max_grad_norm': 1.0, 'patience': 50, 'log_level': 'INFO', 'log_every': 1, 'load_best_epoch': True, 'hyper_tune': False, 'metrics': ['MAE', 'MAPE', 'RMSE'], 'evaluator_mode': 'single', 'save_mode': ['csv'], 'geo': {'including_types': ['Point'], 'Point': {}}, 'rel': {'including_types': ['geo'], 'geo': {'cost': 'num'}}, 'dyna': {'including_types': ['state'], 'state': {'entity_id': 'geo_id', 'traffic_speed': 'num'}}, 'data_col': ['traffic_speed'], 'weight_col': 'cost', 'data_files': ['METR_LA'], 'geo_file': 'METR_LA', 'rel_file': 'METR_LA', 'output_dim': 1, 'time_intervals': 300, 'init_weight_inf_or_zero': 'inf', 'set_weight_link_or_dist': 'dist', 'calculate_weight_adj': True, 'weight_adj_epsilon': 0.1, 'device': device(type='cuda', index=0)}
2024-10-07 20:21:42,221 - INFO - Loaded file METR_LA_feature.csv, shape=(34272, 207, 1)
2024-10-07 20:21:43,300 - INFO - Dataset created
2024-10-07 20:21:43,300 - INFO - x shape: (34249, 12, 207, 1), y shape: (34249, 12, 207, 1)
2024-10-07 20:21:43,305 - INFO - train	x: (20549, 12, 207, 1), y: (20549, 12, 207, 1)
2024-10-07 20:21:43,305 - INFO - eval	x: (6850, 12, 207, 1), y: (6850, 12, 207, 1)
2024-10-07 20:21:43,305 - INFO - test	x: (6850, 12, 207, 1), y: (6850, 12, 207, 1)
2024-10-07 20:21:56,997 - INFO - Saved at ./libcity/cache/dataset_cache/point_based_METR_LA_12_12_0.6_0.2_standard_16_False_False_False_True.npz
2024-10-07 20:21:57,160 - INFO - StandardScaler mean: 54.10160182214729, std: 19.84129811739302
2024-10-07 20:21:57,161 - INFO - NoneScaler
2024-10-07 20:21:58,486 - INFO - ASTGCN(
  (ASTGCN_submodule): ASTGCNSubmodule(
    (BlockList): ModuleList(
      (0): ASTGCNBlock(
        (TAt): TemporalAttentionLayer()
        (SAt): SpatialAttentionLayer()
        (cheb_conv_SAt): ChebConvWithSAt(
          (Theta): ParameterList(
              (0): Parameter containing: [torch.float32 of size 1x32 (cuda:0)]
              (1): Parameter containing: [torch.float32 of size 1x32 (cuda:0)]
              (2): Parameter containing: [torch.float32 of size 1x32 (cuda:0)]
          )
        )
        (time_conv): Conv2d(32, 32, kernel_size=(1, 3), stride=(1, 1), padding=(0, 1))
        (residual_conv): Conv2d(1, 32, kernel_size=(1, 1), stride=(1, 1))
        (ln): LayerNorm((32,), eps=1e-05, elementwise_affine=True)
      )
      (1): ASTGCNBlock(
        (TAt): TemporalAttentionLayer()
        (SAt): SpatialAttentionLayer()
        (cheb_conv_SAt): ChebConvWithSAt(
          (Theta): ParameterList(
              (0): Parameter containing: [torch.float32 of size 32x32 (cuda:0)]
              (1): Parameter containing: [torch.float32 of size 32x32 (cuda:0)]
              (2): Parameter containing: [torch.float32 of size 32x32 (cuda:0)]
          )
        )
        (time_conv): Conv2d(32, 32, kernel_size=(1, 3), stride=(1, 1), padding=(0, 1))
        (residual_conv): Conv2d(32, 32, kernel_size=(1, 1), stride=(1, 1))
        (ln): LayerNorm((32,), eps=1e-05, elementwise_affine=True)
      )
    )
    (final_conv): Conv2d(12, 12, kernel_size=(1, 32), stride=(1, 1))
  )
)
2024-10-07 20:21:58,487 - INFO - ASTGCN_submodule.BlockList.0.TAt.U1	torch.Size([207])	cuda:0	True
2024-10-07 20:21:58,487 - INFO - ASTGCN_submodule.BlockList.0.TAt.U2	torch.Size([1, 207])	cuda:0	True
2024-10-07 20:21:58,487 - INFO - ASTGCN_submodule.BlockList.0.TAt.U3	torch.Size([1])	cuda:0	True
2024-10-07 20:21:58,487 - INFO - ASTGCN_submodule.BlockList.0.TAt.be	torch.Size([1, 12, 12])	cuda:0	True
2024-10-07 20:21:58,487 - INFO - ASTGCN_submodule.BlockList.0.TAt.Ve	torch.Size([12, 12])	cuda:0	True
2024-10-07 20:21:58,487 - INFO - ASTGCN_submodule.BlockList.0.SAt.W1	torch.Size([12])	cuda:0	True
2024-10-07 20:21:58,487 - INFO - ASTGCN_submodule.BlockList.0.SAt.W2	torch.Size([1, 12])	cuda:0	True
2024-10-07 20:21:58,487 - INFO - ASTGCN_submodule.BlockList.0.SAt.W3	torch.Size([1])	cuda:0	True
2024-10-07 20:21:58,487 - INFO - ASTGCN_submodule.BlockList.0.SAt.bs	torch.Size([1, 207, 207])	cuda:0	True
2024-10-07 20:21:58,487 - INFO - ASTGCN_submodule.BlockList.0.SAt.Vs	torch.Size([207, 207])	cuda:0	True
2024-10-07 20:21:58,487 - INFO - ASTGCN_submodule.BlockList.0.cheb_conv_SAt.Theta.0	torch.Size([1, 32])	cuda:0	True
2024-10-07 20:21:58,487 - INFO - ASTGCN_submodule.BlockList.0.cheb_conv_SAt.Theta.1	torch.Size([1, 32])	cuda:0	True
2024-10-07 20:21:58,487 - INFO - ASTGCN_submodule.BlockList.0.cheb_conv_SAt.Theta.2	torch.Size([1, 32])	cuda:0	True
2024-10-07 20:21:58,487 - INFO - ASTGCN_submodule.BlockList.0.time_conv.weight	torch.Size([32, 32, 1, 3])	cuda:0	True
2024-10-07 20:21:58,487 - INFO - ASTGCN_submodule.BlockList.0.time_conv.bias	torch.Size([32])	cuda:0	True
2024-10-07 20:21:58,487 - INFO - ASTGCN_submodule.BlockList.0.residual_conv.weight	torch.Size([32, 1, 1, 1])	cuda:0	True
2024-10-07 20:21:58,487 - INFO - ASTGCN_submodule.BlockList.0.residual_conv.bias	torch.Size([32])	cuda:0	True
2024-10-07 20:21:58,487 - INFO - ASTGCN_submodule.BlockList.0.ln.weight	torch.Size([32])	cuda:0	True
2024-10-07 20:21:58,487 - INFO - ASTGCN_submodule.BlockList.0.ln.bias	torch.Size([32])	cuda:0	True
2024-10-07 20:21:58,487 - INFO - ASTGCN_submodule.BlockList.1.TAt.U1	torch.Size([207])	cuda:0	True
2024-10-07 20:21:58,487 - INFO - ASTGCN_submodule.BlockList.1.TAt.U2	torch.Size([32, 207])	cuda:0	True
2024-10-07 20:21:58,487 - INFO - ASTGCN_submodule.BlockList.1.TAt.U3	torch.Size([32])	cuda:0	True
2024-10-07 20:21:58,487 - INFO - ASTGCN_submodule.BlockList.1.TAt.be	torch.Size([1, 12, 12])	cuda:0	True
2024-10-07 20:21:58,487 - INFO - ASTGCN_submodule.BlockList.1.TAt.Ve	torch.Size([12, 12])	cuda:0	True
2024-10-07 20:21:58,487 - INFO - ASTGCN_submodule.BlockList.1.SAt.W1	torch.Size([12])	cuda:0	True
2024-10-07 20:21:58,487 - INFO - ASTGCN_submodule.BlockList.1.SAt.W2	torch.Size([32, 12])	cuda:0	True
2024-10-07 20:21:58,487 - INFO - ASTGCN_submodule.BlockList.1.SAt.W3	torch.Size([32])	cuda:0	True
2024-10-07 20:21:58,488 - INFO - ASTGCN_submodule.BlockList.1.SAt.bs	torch.Size([1, 207, 207])	cuda:0	True
2024-10-07 20:21:58,488 - INFO - ASTGCN_submodule.BlockList.1.SAt.Vs	torch.Size([207, 207])	cuda:0	True
2024-10-07 20:21:58,488 - INFO - ASTGCN_submodule.BlockList.1.cheb_conv_SAt.Theta.0	torch.Size([32, 32])	cuda:0	True
2024-10-07 20:21:58,488 - INFO - ASTGCN_submodule.BlockList.1.cheb_conv_SAt.Theta.1	torch.Size([32, 32])	cuda:0	True
2024-10-07 20:21:58,488 - INFO - ASTGCN_submodule.BlockList.1.cheb_conv_SAt.Theta.2	torch.Size([32, 32])	cuda:0	True
2024-10-07 20:21:58,488 - INFO - ASTGCN_submodule.BlockList.1.time_conv.weight	torch.Size([32, 32, 1, 3])	cuda:0	True
2024-10-07 20:21:58,488 - INFO - ASTGCN_submodule.BlockList.1.time_conv.bias	torch.Size([32])	cuda:0	True
2024-10-07 20:21:58,488 - INFO - ASTGCN_submodule.BlockList.1.residual_conv.weight	torch.Size([32, 32, 1, 1])	cuda:0	True
2024-10-07 20:21:58,488 - INFO - ASTGCN_submodule.BlockList.1.residual_conv.bias	torch.Size([32])	cuda:0	True
2024-10-07 20:21:58,488 - INFO - ASTGCN_submodule.BlockList.1.ln.weight	torch.Size([32])	cuda:0	True
2024-10-07 20:21:58,488 - INFO - ASTGCN_submodule.BlockList.1.ln.bias	torch.Size([32])	cuda:0	True
2024-10-07 20:21:58,488 - INFO - ASTGCN_submodule.final_conv.weight	torch.Size([12, 12, 1, 32])	cuda:0	True
2024-10-07 20:21:58,488 - INFO - ASTGCN_submodule.final_conv.bias	torch.Size([12])	cuda:0	True
2024-10-07 20:21:58,488 - INFO - Total parameter numbers: 194947
2024-10-07 20:21:58,488 - INFO - You select `adam` optimizer.
2024-10-07 20:21:58,911 - WARNING - Received none train loss func and will use the loss func defined in the model.
2024-10-07 20:21:58,912 - INFO - Start training ...
2024-10-07 20:21:58,912 - INFO - num_batches:1285
2024-10-07 20:23:16,864 - INFO - epoch complete!
2024-10-07 20:23:16,864 - INFO - evaluating now!
2024-10-07 20:23:29,956 - INFO - Epoch [0/50] train_loss: 171.9466, val_loss: 122.6030, lr: 0.000100, 91.04s
2024-10-07 20:23:29,967 - INFO - Saved model at 0
2024-10-07 20:23:29,967 - INFO - Val loss decrease from inf to 122.6030, saving to ./libcity/cache/46/model_cache/ASTGCN_METR_LA_epoch0.tar
2024-10-07 20:24:49,986 - INFO - epoch complete!
2024-10-07 20:24:49,986 - INFO - evaluating now!
2024-10-07 20:25:02,491 - INFO - Epoch [1/50] train_loss: 121.7400, val_loss: 112.4638, lr: 0.000100, 92.52s
2024-10-07 20:25:02,501 - INFO - Saved model at 1
2024-10-07 20:25:02,501 - INFO - Val loss decrease from 122.6030 to 112.4638, saving to ./libcity/cache/46/model_cache/ASTGCN_METR_LA_epoch1.tar
2024-10-07 20:26:22,762 - INFO - epoch complete!
2024-10-07 20:26:22,762 - INFO - evaluating now!
2024-10-07 20:26:34,507 - INFO - Epoch [2/50] train_loss: 116.5575, val_loss: 110.0679, lr: 0.000100, 92.01s
2024-10-07 20:26:34,517 - INFO - Saved model at 2
2024-10-07 20:26:34,517 - INFO - Val loss decrease from 112.4638 to 110.0679, saving to ./libcity/cache/46/model_cache/ASTGCN_METR_LA_epoch2.tar
2024-10-07 20:27:55,088 - INFO - epoch complete!
2024-10-07 20:27:55,088 - INFO - evaluating now!
2024-10-07 20:28:07,436 - INFO - Epoch [3/50] train_loss: 114.3018, val_loss: 109.8447, lr: 0.000100, 92.92s
2024-10-07 20:28:07,446 - INFO - Saved model at 3
2024-10-07 20:28:07,446 - INFO - Val loss decrease from 110.0679 to 109.8447, saving to ./libcity/cache/46/model_cache/ASTGCN_METR_LA_epoch3.tar
2024-10-07 20:28:58,545 - INFO - epoch complete!
2024-10-07 20:28:58,545 - INFO - evaluating now!
2024-10-07 20:29:02,402 - INFO - Epoch [4/50] train_loss: 113.0832, val_loss: 108.1357, lr: 0.000100, 54.96s
2024-10-07 20:29:02,412 - INFO - Saved model at 4
2024-10-07 20:29:02,412 - INFO - Val loss decrease from 109.8447 to 108.1357, saving to ./libcity/cache/46/model_cache/ASTGCN_METR_LA_epoch4.tar
2024-10-07 20:29:52,636 - INFO - epoch complete!
2024-10-07 20:29:52,636 - INFO - evaluating now!
2024-10-07 20:29:56,473 - INFO - Epoch [5/50] train_loss: 112.0841, val_loss: 107.8780, lr: 0.000100, 54.06s
2024-10-07 20:29:56,483 - INFO - Saved model at 5
2024-10-07 20:29:56,483 - INFO - Val loss decrease from 108.1357 to 107.8780, saving to ./libcity/cache/46/model_cache/ASTGCN_METR_LA_epoch5.tar
2024-10-07 20:30:46,763 - INFO - epoch complete!
2024-10-07 20:30:46,764 - INFO - evaluating now!
2024-10-07 20:30:50,598 - INFO - Epoch [6/50] train_loss: 111.3521, val_loss: 109.7445, lr: 0.000100, 54.12s
2024-10-07 20:31:40,408 - INFO - epoch complete!
2024-10-07 20:31:40,409 - INFO - evaluating now!
2024-10-07 20:31:44,215 - INFO - Epoch [7/50] train_loss: 110.6737, val_loss: 106.1138, lr: 0.000100, 53.62s
2024-10-07 20:31:44,224 - INFO - Saved model at 7
2024-10-07 20:31:44,224 - INFO - Val loss decrease from 107.8780 to 106.1138, saving to ./libcity/cache/46/model_cache/ASTGCN_METR_LA_epoch7.tar
2024-10-07 20:32:33,759 - INFO - epoch complete!
2024-10-07 20:32:33,759 - INFO - evaluating now!
2024-10-07 20:32:37,574 - INFO - Epoch [8/50] train_loss: 109.9751, val_loss: 109.4611, lr: 0.000100, 53.35s
2024-10-07 20:33:27,257 - INFO - epoch complete!
2024-10-07 20:33:27,258 - INFO - evaluating now!
2024-10-07 20:33:31,058 - INFO - Epoch [9/50] train_loss: 109.4849, val_loss: 106.1373, lr: 0.000100, 53.48s
2024-10-07 20:34:20,245 - INFO - epoch complete!
2024-10-07 20:34:20,245 - INFO - evaluating now!
2024-10-07 20:34:24,092 - INFO - Epoch [10/50] train_loss: 109.0271, val_loss: 105.2832, lr: 0.000100, 53.03s
2024-10-07 20:34:24,101 - INFO - Saved model at 10
2024-10-07 20:34:24,102 - INFO - Val loss decrease from 106.1138 to 105.2832, saving to ./libcity/cache/46/model_cache/ASTGCN_METR_LA_epoch10.tar
2024-10-07 20:35:12,941 - INFO - epoch complete!
2024-10-07 20:35:12,941 - INFO - evaluating now!
2024-10-07 20:35:16,769 - INFO - Epoch [11/50] train_loss: 108.4323, val_loss: 105.1858, lr: 0.000100, 52.67s
2024-10-07 20:35:16,778 - INFO - Saved model at 11
2024-10-07 20:35:16,778 - INFO - Val loss decrease from 105.2832 to 105.1858, saving to ./libcity/cache/46/model_cache/ASTGCN_METR_LA_epoch11.tar
2024-10-07 20:36:05,975 - INFO - epoch complete!
2024-10-07 20:36:05,976 - INFO - evaluating now!
2024-10-07 20:36:09,779 - INFO - Epoch [12/50] train_loss: 108.0038, val_loss: 104.7962, lr: 0.000100, 53.00s
2024-10-07 20:36:09,788 - INFO - Saved model at 12
2024-10-07 20:36:09,788 - INFO - Val loss decrease from 105.1858 to 104.7962, saving to ./libcity/cache/46/model_cache/ASTGCN_METR_LA_epoch12.tar
2024-10-07 20:36:58,983 - INFO - epoch complete!
2024-10-07 20:36:58,983 - INFO - evaluating now!
2024-10-07 20:37:02,788 - INFO - Epoch [13/50] train_loss: 107.4648, val_loss: 104.5726, lr: 0.000100, 53.00s
2024-10-07 20:37:02,797 - INFO - Saved model at 13
2024-10-07 20:37:02,797 - INFO - Val loss decrease from 104.7962 to 104.5726, saving to ./libcity/cache/46/model_cache/ASTGCN_METR_LA_epoch13.tar
2024-10-07 20:37:52,671 - INFO - epoch complete!
2024-10-07 20:37:52,671 - INFO - evaluating now!
2024-10-07 20:37:56,463 - INFO - Epoch [14/50] train_loss: 107.0069, val_loss: 104.6248, lr: 0.000100, 53.67s
2024-10-07 20:38:46,011 - INFO - epoch complete!
2024-10-07 20:38:46,011 - INFO - evaluating now!
2024-10-07 20:38:49,812 - INFO - Epoch [15/50] train_loss: 106.6112, val_loss: 104.0892, lr: 0.000100, 53.35s
2024-10-07 20:38:49,821 - INFO - Saved model at 15
2024-10-07 20:38:49,822 - INFO - Val loss decrease from 104.5726 to 104.0892, saving to ./libcity/cache/46/model_cache/ASTGCN_METR_LA_epoch15.tar
2024-10-07 20:39:39,328 - INFO - epoch complete!
2024-10-07 20:39:39,329 - INFO - evaluating now!
2024-10-07 20:39:43,159 - INFO - Epoch [16/50] train_loss: 106.1163, val_loss: 104.3752, lr: 0.000100, 53.34s
2024-10-07 20:40:32,746 - INFO - epoch complete!
2024-10-07 20:40:32,747 - INFO - evaluating now!
2024-10-07 20:40:36,580 - INFO - Epoch [17/50] train_loss: 105.6010, val_loss: 104.2081, lr: 0.000100, 53.42s
2024-10-07 20:41:26,468 - INFO - epoch complete!
2024-10-07 20:41:26,468 - INFO - evaluating now!
2024-10-07 20:41:30,354 - INFO - Epoch [18/50] train_loss: 105.1660, val_loss: 104.2369, lr: 0.000100, 53.77s
2024-10-07 20:42:18,717 - INFO - epoch complete!
2024-10-07 20:42:18,718 - INFO - evaluating now!
2024-10-07 20:42:22,607 - INFO - Epoch [19/50] train_loss: 104.8053, val_loss: 104.8302, lr: 0.000100, 52.25s
2024-10-07 20:43:11,799 - INFO - epoch complete!
2024-10-07 20:43:11,800 - INFO - evaluating now!
2024-10-07 20:43:16,106 - INFO - Epoch [20/50] train_loss: 104.2761, val_loss: 103.6722, lr: 0.000100, 53.50s
2024-10-07 20:43:16,116 - INFO - Saved model at 20
2024-10-07 20:43:16,116 - INFO - Val loss decrease from 104.0892 to 103.6722, saving to ./libcity/cache/46/model_cache/ASTGCN_METR_LA_epoch20.tar
2024-10-07 20:44:11,105 - INFO - epoch complete!
2024-10-07 20:44:11,106 - INFO - evaluating now!
2024-10-07 20:44:14,935 - INFO - Epoch [21/50] train_loss: 103.8960, val_loss: 103.7667, lr: 0.000100, 58.82s
2024-10-07 20:45:03,930 - INFO - epoch complete!
2024-10-07 20:45:03,931 - INFO - evaluating now!
2024-10-07 20:45:07,763 - INFO - Epoch [22/50] train_loss: 103.4915, val_loss: 104.2249, lr: 0.000100, 52.83s
2024-10-07 20:45:56,861 - INFO - epoch complete!
2024-10-07 20:45:56,861 - INFO - evaluating now!
2024-10-07 20:46:00,691 - INFO - Epoch [23/50] train_loss: 103.1396, val_loss: 103.8716, lr: 0.000100, 52.93s
2024-10-07 20:47:03,559 - INFO - epoch complete!
2024-10-07 20:47:03,559 - INFO - evaluating now!
2024-10-07 20:47:21,359 - INFO - Epoch [24/50] train_loss: 102.5660, val_loss: 104.0819, lr: 0.000100, 80.67s
2024-10-07 20:48:46,683 - INFO - epoch complete!
2024-10-07 20:48:46,683 - INFO - evaluating now!
2024-10-07 20:49:04,450 - INFO - Epoch [25/50] train_loss: 102.3094, val_loss: 104.6922, lr: 0.000100, 103.09s
2024-10-07 20:50:29,954 - INFO - epoch complete!
2024-10-07 20:50:29,955 - INFO - evaluating now!
2024-10-07 20:50:47,726 - INFO - Epoch [26/50] train_loss: 101.9401, val_loss: 104.4301, lr: 0.000100, 103.28s
2024-10-07 20:52:12,642 - INFO - epoch complete!
2024-10-07 20:52:12,642 - INFO - evaluating now!
2024-10-07 20:52:30,225 - INFO - Epoch [27/50] train_loss: 101.4906, val_loss: 104.5611, lr: 0.000100, 102.50s
2024-10-07 20:53:55,428 - INFO - epoch complete!
2024-10-07 20:53:55,428 - INFO - evaluating now!
2024-10-07 20:54:12,962 - INFO - Epoch [28/50] train_loss: 101.1558, val_loss: 105.5943, lr: 0.000100, 102.74s
2024-10-07 20:55:38,015 - INFO - epoch complete!
2024-10-07 20:55:38,015 - INFO - evaluating now!
2024-10-07 20:55:55,594 - INFO - Epoch [29/50] train_loss: 100.7538, val_loss: 104.0862, lr: 0.000100, 102.63s
2024-10-07 20:57:20,665 - INFO - epoch complete!
2024-10-07 20:57:20,665 - INFO - evaluating now!
2024-10-07 20:57:38,200 - INFO - Epoch [30/50] train_loss: 100.4559, val_loss: 105.0495, lr: 0.000100, 102.61s
2024-10-07 20:59:03,182 - INFO - epoch complete!
2024-10-07 20:59:03,182 - INFO - evaluating now!
2024-10-07 20:59:20,732 - INFO - Epoch [31/50] train_loss: 100.0384, val_loss: 104.4441, lr: 0.000100, 102.53s
2024-10-07 21:00:45,893 - INFO - epoch complete!
2024-10-07 21:00:45,893 - INFO - evaluating now!
2024-10-07 21:01:02,943 - INFO - Epoch [32/50] train_loss: 99.6817, val_loss: 104.3130, lr: 0.000100, 102.21s
2024-10-07 21:02:47,341 - INFO - epoch complete!
2024-10-07 21:02:47,341 - INFO - evaluating now!
2024-10-07 21:03:18,220 - INFO - Epoch [33/50] train_loss: 99.5029, val_loss: 105.1245, lr: 0.000100, 135.28s
2024-10-07 21:06:02,825 - INFO - epoch complete!
2024-10-07 21:06:02,825 - INFO - evaluating now!
2024-10-07 21:06:56,895 - INFO - Epoch [34/50] train_loss: 99.1092, val_loss: 104.6761, lr: 0.000100, 218.68s
2024-10-07 21:10:10,980 - INFO - epoch complete!
2024-10-07 21:10:10,980 - INFO - evaluating now!
2024-10-07 21:11:04,261 - INFO - Epoch [35/50] train_loss: 98.8896, val_loss: 104.8941, lr: 0.000100, 247.37s
2024-10-07 21:15:03,102 - INFO - epoch complete!
2024-10-07 21:15:03,102 - INFO - evaluating now!
2024-10-07 21:15:51,227 - INFO - Epoch [36/50] train_loss: 98.6065, val_loss: 104.4768, lr: 0.000100, 286.97s
2024-10-07 21:19:01,911 - INFO - epoch complete!
2024-10-07 21:19:01,912 - INFO - evaluating now!
2024-10-07 21:20:07,781 - INFO - Epoch [37/50] train_loss: 98.2188, val_loss: 105.1228, lr: 0.000100, 256.55s
2024-10-07 21:24:01,724 - INFO - epoch complete!
2024-10-07 21:24:01,751 - INFO - evaluating now!
2024-10-07 21:24:44,259 - INFO - Epoch [38/50] train_loss: 97.9884, val_loss: 105.2130, lr: 0.000100, 276.48s
2024-10-07 21:27:34,703 - INFO - epoch complete!
2024-10-07 21:27:34,714 - INFO - evaluating now!
2024-10-07 21:28:20,731 - INFO - Epoch [39/50] train_loss: 97.8399, val_loss: 105.5636, lr: 0.000100, 216.47s
2024-10-07 21:32:40,125 - INFO - epoch complete!
2024-10-07 21:32:40,135 - INFO - evaluating now!
2024-10-07 21:34:01,981 - INFO - Epoch [40/50] train_loss: 97.4493, val_loss: 107.1739, lr: 0.000100, 341.25s
2024-10-07 21:37:44,283 - INFO - epoch complete!
2024-10-07 21:37:44,284 - INFO - evaluating now!
2024-10-07 21:38:50,622 - INFO - Epoch [41/50] train_loss: 97.1659, val_loss: 105.5418, lr: 0.000100, 288.64s
2024-10-07 21:42:43,920 - INFO - epoch complete!
2024-10-07 21:42:43,921 - INFO - evaluating now!
2024-10-07 21:44:05,082 - INFO - Epoch [42/50] train_loss: 96.8914, val_loss: 106.3176, lr: 0.000100, 314.46s
2024-10-07 21:49:17,420 - INFO - epoch complete!
2024-10-07 21:49:17,420 - INFO - evaluating now!
2024-10-07 21:50:43,148 - INFO - Epoch [43/50] train_loss: 96.7317, val_loss: 105.3699, lr: 0.000100, 398.07s
2024-10-07 21:55:57,150 - INFO - epoch complete!
2024-10-07 21:55:57,150 - INFO - evaluating now!
2024-10-07 21:57:30,088 - INFO - Epoch [44/50] train_loss: 96.4644, val_loss: 105.7851, lr: 0.000100, 406.94s
2024-10-07 22:02:55,381 - INFO - epoch complete!
2024-10-07 22:02:55,381 - INFO - evaluating now!
2024-10-07 22:04:28,295 - INFO - Epoch [45/50] train_loss: 96.3166, val_loss: 106.6043, lr: 0.000100, 418.21s
2024-10-07 22:10:00,755 - INFO - epoch complete!
2024-10-07 22:10:00,755 - INFO - evaluating now!
2024-10-07 22:11:22,552 - INFO - Epoch [46/50] train_loss: 95.9901, val_loss: 106.7285, lr: 0.000100, 414.26s
2024-10-07 22:15:27,818 - INFO - epoch complete!
2024-10-07 22:15:27,818 - INFO - evaluating now!
2024-10-07 22:17:06,685 - INFO - Epoch [47/50] train_loss: 95.5907, val_loss: 106.1826, lr: 0.000100, 344.13s
2024-10-07 22:22:36,595 - INFO - epoch complete!
2024-10-07 22:22:36,596 - INFO - evaluating now!
2024-10-07 22:23:51,602 - INFO - Epoch [48/50] train_loss: 95.5558, val_loss: 106.0239, lr: 0.000100, 404.92s
2024-10-07 22:28:15,443 - INFO - epoch complete!
2024-10-07 22:28:15,444 - INFO - evaluating now!
2024-10-07 22:29:28,702 - INFO - Epoch [49/50] train_loss: 95.1758, val_loss: 106.5617, lr: 0.000100, 337.10s
2024-10-07 22:29:28,703 - INFO - Trained totally 50 epochs, average train time is 123.881s, average eval time is 29.110s
2024-10-07 22:29:29,615 - INFO - Loaded model at 20
2024-10-07 22:29:29,617 - INFO - Saved model at ./libcity/cache/46/model_cache/ASTGCN_METR_LA.m
2024-10-07 22:29:29,638 - INFO - Start evaluating ...
2024-10-07 22:31:06,345 - INFO - Note that you select the single mode to evaluate!
2024-10-07 22:31:09,001 - INFO - Evaluate result is saved at ./libcity/cache/46/evaluate_cache/2024_10_07_22_31_06_ASTGCN_METR_LA.csv
2024-10-07 22:31:09,194 - INFO - 
         MAE      MAPE      RMSE
1   3.068033  0.070664  5.687932
2   3.439695  0.079314  6.433752
3   3.732734  0.086571  6.973763
4   3.994417  0.093100  7.425605
5   4.166554  0.098313  7.790622
6   4.370120  0.103464  8.137842
7   4.568976  0.108372  8.451799
8   4.706248  0.112556  8.691958
9   4.846062  0.116622  8.917393
10  4.993441  0.120513  9.135275
11  5.146116  0.124398  9.334405
12  5.281908  0.127962  9.516418
