2024-10-08 13:42:03,403 - INFO - Log directory: ./libcity/log
2024-10-08 13:42:03,403 - INFO - Begin pipeline, task=MTS_pred, model_name=AGCRN, dataset_name=humidity, exp_id=46
2024-10-08 13:42:03,403 - INFO - {'task': 'MTS_pred', 'model': 'AGCRN', 'dataset': 'humidity', 'saved_model': True, 'exp_id': '46', 'seed': 0, 'batch_size': 1, 'max_epoch': 20, 'dataset_class': 'StatePointDataset', 'executor': 'StateExecutor', 'evaluator': 'StateEvaluator', 'embed_dim': 10, 'rnn_units': 64, 'num_layers': 2, 'cheb_order': 2, 'bidir_adj_mx': True, 'scaler': 'standard', 'load_external': False, 'normal_external': False, 'ext_scaler': 'none', 'add_time_in_day': False, 'add_day_in_week': False, 'learner': 'adam', 'learning_rate': 0.003, 'lr_decay': False, 'clip_grad_norm': False, 'use_early_stop': True, 'patience': 50, 'cache_dataset': True, 'num_workers': 0, 'pad_with_last_sample': True, 'train_rate': 0.7, 'eval_rate': 0.1, 'input_window': 12, 'output_window': 12, 'robustness_test': False, 'noise_type': 'gaussian', 'disturb_rate': 0.5, 'noise_mean': [5], 'noise_SD': [10], 'gpu': True, 'gpu_id': 0, 'train_loss': 'none', 'epoch': 0, 'weight_decay': 0, 'lr_epsilon': 1e-08, 'lr_beta1': 0.9, 'lr_beta2': 0.999, 'lr_alpha': 0.99, 'lr_momentum': 0, 'lr_scheduler': 'multisteplr', 'lr_decay_ratio': 0.1, 'steps': [5, 20, 40, 70], 'step_size': 10, 'lr_T_max': 30, 'lr_eta_min': 0, 'lr_patience': 10, 'lr_threshold': 0.0001, 'max_grad_norm': 1.0, 'log_level': 'INFO', 'log_every': 1, 'load_best_epoch': True, 'hyper_tune': False, 'metrics': ['MAE', 'MAPE', 'RMSE'], 'evaluator_mode': 'single', 'save_mode': ['csv'], 'geo': {'including_types': ['Point'], 'Point': {}}, 'rel': {'including_types': ['geo'], 'geo': {'cost': 'num'}}, 'dyna': {'including_types': ['state'], 'state': {'entity_id': 'geo_id', 'traffic_speed': 'num'}}, 'data_col': ['traffic_speed'], 'weight_col': 'cost', 'data_files': ['humidity'], 'geo_file': 'humidity', 'rel_file': 'humidity', 'output_dim': 1, 'time_intervals': 300, 'init_weight_inf_or_zero': 'inf', 'set_weight_link_or_dist': 'dist', 'calculate_weight_adj': True, 'weight_adj_epsilon': 0.1, 'device': device(type='cuda', index=0)}
2024-10-08 13:42:05,348 - INFO - Loaded file humidity_feature.csv, shape=(3322, 2048, 1)
2024-10-08 13:42:06,236 - INFO - Dataset created
2024-10-08 13:42:06,237 - INFO - x shape: (3299, 12, 2048, 1), y shape: (3299, 12, 2048, 1)
2024-10-08 13:42:06,241 - INFO - train	x: (2309, 12, 2048, 1), y: (2309, 12, 2048, 1)
2024-10-08 13:42:06,241 - INFO - eval	x: (330, 12, 2048, 1), y: (330, 12, 2048, 1)
2024-10-08 13:42:06,241 - INFO - test	x: (660, 12, 2048, 1), y: (660, 12, 2048, 1)
2024-10-08 13:43:59,505 - INFO - Saved at ./libcity/cache/dataset_cache/point_based_humidity_12_12_0.7_0.1_standard_1_False_False_False_True.npz
2024-10-08 13:43:59,695 - INFO - StandardScaler mean: 78.66855544535464, std: 17.406175498267864
2024-10-08 13:43:59,695 - INFO - NoneScaler
2024-10-08 13:44:00,753 - INFO - AGCRN(
  (encoder): AVWDCRNN(
    (dcrnn_cells): ModuleList(
      (0-1): 2 x AGCRNCell(
        (gate): AVWGCN()
        (update): AVWGCN()
      )
    )
  )
  (end_conv): Conv2d(1, 12, kernel_size=(1, 64), stride=(1, 1))
)
2024-10-08 13:44:00,754 - INFO - node_embeddings	torch.Size([2048, 10])	cuda:0	True
2024-10-08 13:44:00,754 - INFO - encoder.dcrnn_cells.0.gate.weights_pool	torch.Size([10, 2, 65, 128])	cuda:0	True
2024-10-08 13:44:00,754 - INFO - encoder.dcrnn_cells.0.gate.bias_pool	torch.Size([10, 128])	cuda:0	True
2024-10-08 13:44:00,754 - INFO - encoder.dcrnn_cells.0.update.weights_pool	torch.Size([10, 2, 65, 64])	cuda:0	True
2024-10-08 13:44:00,754 - INFO - encoder.dcrnn_cells.0.update.bias_pool	torch.Size([10, 64])	cuda:0	True
2024-10-08 13:44:00,754 - INFO - encoder.dcrnn_cells.1.gate.weights_pool	torch.Size([10, 2, 128, 128])	cuda:0	True
2024-10-08 13:44:00,754 - INFO - encoder.dcrnn_cells.1.gate.bias_pool	torch.Size([10, 128])	cuda:0	True
2024-10-08 13:44:00,754 - INFO - encoder.dcrnn_cells.1.update.weights_pool	torch.Size([10, 2, 128, 64])	cuda:0	True
2024-10-08 13:44:00,754 - INFO - encoder.dcrnn_cells.1.update.bias_pool	torch.Size([10, 64])	cuda:0	True
2024-10-08 13:44:00,755 - INFO - end_conv.weight	torch.Size([12, 1, 1, 64])	cuda:0	True
2024-10-08 13:44:00,755 - INFO - end_conv.bias	torch.Size([12])	cuda:0	True
2024-10-08 13:44:00,755 - INFO - Total parameter numbers: 766220
2024-10-08 13:44:00,755 - INFO - You select `adam` optimizer.
2024-10-08 13:44:01,220 - WARNING - Received none train loss func and will use the loss func defined in the model.
2024-10-08 13:44:01,220 - INFO - Start training ...
2024-10-08 13:44:01,220 - INFO - num_batches:2309
2024-10-08 14:04:53,980 - INFO - epoch complete!
2024-10-08 14:04:53,980 - INFO - evaluating now!
2024-10-08 14:06:38,639 - INFO - Epoch [0/20] train_loss: 8.2986, val_loss: 7.9938, lr: 0.003000, 1357.42s
2024-10-08 14:06:38,668 - INFO - Saved model at 0
2024-10-08 14:06:38,669 - INFO - Val loss decrease from inf to 7.9938, saving to ./libcity/cache/46/model_cache/AGCRN_humidity_epoch0.tar
2024-10-08 14:29:52,437 - INFO - epoch complete!
2024-10-08 14:29:52,437 - INFO - evaluating now!
2024-10-08 14:31:25,551 - INFO - Epoch [1/20] train_loss: 7.9890, val_loss: 7.8969, lr: 0.003000, 1486.88s
2024-10-08 14:31:25,564 - INFO - Saved model at 1
2024-10-08 14:31:25,565 - INFO - Val loss decrease from 7.9938 to 7.8969, saving to ./libcity/cache/46/model_cache/AGCRN_humidity_epoch1.tar
2024-10-08 14:50:37,602 - INFO - epoch complete!
2024-10-08 14:50:37,602 - INFO - evaluating now!
2024-10-08 14:51:56,288 - INFO - Epoch [2/20] train_loss: 7.9149, val_loss: 7.8682, lr: 0.003000, 1230.72s
2024-10-08 14:51:56,301 - INFO - Saved model at 2
2024-10-08 14:51:56,302 - INFO - Val loss decrease from 7.8969 to 7.8682, saving to ./libcity/cache/46/model_cache/AGCRN_humidity_epoch2.tar
2024-10-08 15:06:09,405 - INFO - epoch complete!
2024-10-08 15:06:09,405 - INFO - evaluating now!
2024-10-08 15:07:14,474 - INFO - Epoch [3/20] train_loss: 7.8794, val_loss: 7.8891, lr: 0.003000, 918.17s
2024-10-08 15:19:36,351 - INFO - epoch complete!
2024-10-08 15:19:36,351 - INFO - evaluating now!
2024-10-08 15:20:41,280 - INFO - Epoch [4/20] train_loss: 7.8515, val_loss: 7.8606, lr: 0.003000, 806.81s
2024-10-08 15:20:41,290 - INFO - Saved model at 4
2024-10-08 15:20:41,291 - INFO - Val loss decrease from 7.8682 to 7.8606, saving to ./libcity/cache/46/model_cache/AGCRN_humidity_epoch4.tar
2024-10-08 15:33:41,170 - INFO - epoch complete!
2024-10-08 15:33:41,170 - INFO - evaluating now!
2024-10-08 15:34:45,398 - INFO - Epoch [5/20] train_loss: 7.8232, val_loss: 7.8987, lr: 0.003000, 844.11s
2024-10-08 15:49:25,147 - INFO - epoch complete!
2024-10-08 15:49:25,147 - INFO - evaluating now!
2024-10-08 15:50:22,642 - INFO - Epoch [6/20] train_loss: 7.7893, val_loss: 7.9099, lr: 0.003000, 937.24s
2024-10-08 16:01:54,995 - INFO - epoch complete!
2024-10-08 16:01:54,995 - INFO - evaluating now!
2024-10-08 16:02:53,281 - INFO - Epoch [7/20] train_loss: 7.7563, val_loss: 7.9170, lr: 0.003000, 750.64s
2024-10-08 16:12:20,672 - INFO - epoch complete!
2024-10-08 16:12:20,672 - INFO - evaluating now!
2024-10-08 16:13:10,491 - INFO - Epoch [8/20] train_loss: 7.7204, val_loss: 7.9418, lr: 0.003000, 617.21s
2024-10-08 16:22:55,207 - INFO - epoch complete!
2024-10-08 16:22:55,208 - INFO - evaluating now!
2024-10-08 16:23:50,818 - INFO - Epoch [9/20] train_loss: 7.6824, val_loss: 7.9626, lr: 0.003000, 640.33s
2024-10-08 16:41:43,045 - INFO - epoch complete!
2024-10-08 16:41:43,045 - INFO - evaluating now!
2024-10-08 16:42:41,656 - INFO - Epoch [10/20] train_loss: 7.6485, val_loss: 8.0000, lr: 0.003000, 1130.84s
2024-10-08 16:55:20,340 - INFO - epoch complete!
2024-10-08 16:55:20,340 - INFO - evaluating now!
2024-10-08 16:56:18,993 - INFO - Epoch [11/20] train_loss: 7.6103, val_loss: 7.9970, lr: 0.003000, 817.34s
2024-10-08 17:05:43,663 - INFO - epoch complete!
2024-10-08 17:05:43,663 - INFO - evaluating now!
2024-10-08 17:06:33,216 - INFO - Epoch [12/20] train_loss: 7.5786, val_loss: 8.0286, lr: 0.003000, 614.22s
2024-10-08 17:15:43,747 - INFO - epoch complete!
2024-10-08 17:15:43,747 - INFO - evaluating now!
2024-10-08 17:16:39,915 - INFO - Epoch [13/20] train_loss: 7.5476, val_loss: 8.0290, lr: 0.003000, 606.70s
2024-10-08 17:27:07,754 - INFO - epoch complete!
2024-10-08 17:27:07,754 - INFO - evaluating now!
2024-10-08 17:28:04,275 - INFO - Epoch [14/20] train_loss: 7.5164, val_loss: 8.0440, lr: 0.003000, 684.36s
2024-10-08 17:38:33,705 - INFO - epoch complete!
2024-10-08 17:38:33,705 - INFO - evaluating now!
2024-10-08 17:39:29,869 - INFO - Epoch [15/20] train_loss: 7.4884, val_loss: 8.0657, lr: 0.003000, 685.59s
2024-10-08 17:50:00,841 - INFO - epoch complete!
2024-10-08 17:50:00,841 - INFO - evaluating now!
2024-10-08 17:50:57,435 - INFO - Epoch [16/20] train_loss: 7.4576, val_loss: 8.1086, lr: 0.003000, 687.57s
2024-10-08 18:01:44,569 - INFO - epoch complete!
2024-10-08 18:01:44,569 - INFO - evaluating now!
2024-10-08 18:02:40,896 - INFO - Epoch [17/20] train_loss: 7.4335, val_loss: 8.0901, lr: 0.003000, 703.46s
2024-10-08 18:13:11,854 - INFO - epoch complete!
2024-10-08 18:13:11,854 - INFO - evaluating now!
2024-10-08 18:14:08,209 - INFO - Epoch [18/20] train_loss: 7.4077, val_loss: 8.1180, lr: 0.003000, 687.31s
2024-10-08 18:24:14,915 - INFO - epoch complete!
2024-10-08 18:24:14,915 - INFO - evaluating now!
2024-10-08 18:25:07,165 - INFO - Epoch [19/20] train_loss: 7.3815, val_loss: 8.1538, lr: 0.003000, 658.96s
2024-10-08 18:25:07,165 - INFO - Trained totally 20 epochs, average train time is 780.839s, average eval time is 62.454s
2024-10-08 18:25:07,174 - INFO - Loaded model at 4
2024-10-08 18:25:07,174 - INFO - Saved model at ./libcity/cache/46/model_cache/AGCRN_humidity.m
2024-10-08 18:25:07,184 - INFO - Start evaluating ...
2024-10-08 18:27:04,194 - INFO - Note that you select the single mode to evaluate!
2024-10-08 18:27:04,196 - INFO - Evaluate result is saved at ./libcity/cache/46/evaluate_cache/2024_10_08_18_27_04_AGCRN_humidity.csv
2024-10-08 18:27:04,200 - INFO - 
         MAE      MAPE       RMSE
1   7.053981  0.105838   9.846964
2   7.372236  0.111492  10.244498
3   7.532537  0.114591  10.438940
4   7.628477  0.116585  10.560135
5   7.692797  0.117784  10.641834
6   7.740992  0.118825  10.700433
7   7.778599  0.119507  10.750409
8   7.809171  0.120067  10.790918
9   7.834784  0.120587  10.823792
10  7.856593  0.121020  10.851752
11  7.875753  0.121354  10.877048
12  7.892395  0.121707  10.896777
