2024-10-07 22:48:16,514 - INFO - Log directory: ./libcity/log
2024-10-07 22:48:16,515 - INFO - Begin pipeline, task=MTS_pred, model_name=GWNET, dataset_name=METR_LA, exp_id=46
2024-10-07 22:48:16,515 - INFO - {'task': 'MTS_pred', 'model': 'GWNET', 'dataset': 'METR_LA', 'saved_model': True, 'exp_id': '46', 'seed': 0, 'max_epoch': 50, 'dataset_class': 'StatePointDataset', 'executor': 'StateExecutor', 'evaluator': 'StateEvaluator', 'dropout': 0.3, 'blocks': 4, 'layers': 2, 'apt_layer': True, 'gcn_bool': True, 'addaptadj': True, 'adjtype': 'doubletransition', 'bidir_adj_mx': False, 'randomadj': True, 'aptonly': True, 'kernel_size': 2, 'nhid': 32, 'residual_channels': 32, 'dilation_channels': 32, 'skip_channels': 256, 'end_channels': 512, 'scaler': 'standard', 'load_external': False, 'normal_external': False, 'ext_scaler': 'none', 'add_time_in_day': False, 'add_day_in_week': False, 'learner': 'adam', 'learning_rate': 0.001, 'lr_decay': False, 'clip_grad_norm': True, 'max_grad_norm': 5, 'use_early_stop': False, 'batch_size': 64, 'cache_dataset': True, 'num_workers': 0, 'pad_with_last_sample': True, 'train_rate': 0.7, 'eval_rate': 0.1, 'input_window': 12, 'output_window': 12, 'robustness_test': False, 'noise_type': 'gaussian', 'disturb_rate': 0.5, 'noise_mean': [5], 'noise_SD': [10], 'gpu': True, 'gpu_id': 0, 'train_loss': 'none', 'epoch': 0, 'weight_decay': 0, 'lr_epsilon': 1e-08, 'lr_beta1': 0.9, 'lr_beta2': 0.999, 'lr_alpha': 0.99, 'lr_momentum': 0, 'lr_scheduler': 'multisteplr', 'lr_decay_ratio': 0.1, 'steps': [5, 20, 40, 70], 'step_size': 10, 'lr_T_max': 30, 'lr_eta_min': 0, 'lr_patience': 10, 'lr_threshold': 0.0001, 'patience': 50, 'log_level': 'INFO', 'log_every': 1, 'load_best_epoch': True, 'hyper_tune': False, 'metrics': ['MAE', 'MAPE', 'RMSE'], 'evaluator_mode': 'single', 'save_mode': ['csv'], 'geo': {'including_types': ['Point'], 'Point': {}}, 'rel': {'including_types': ['geo'], 'geo': {'cost': 'num'}}, 'dyna': {'including_types': ['state'], 'state': {'entity_id': 'geo_id', 'traffic_speed': 'num'}}, 'data_col': ['traffic_speed'], 'weight_col': 'cost', 'data_files': ['METR_LA'], 'geo_file': 'METR_LA', 'rel_file': 'METR_LA', 'output_dim': 1, 'time_intervals': 300, 'init_weight_inf_or_zero': 'inf', 'set_weight_link_or_dist': 'dist', 'calculate_weight_adj': True, 'weight_adj_epsilon': 0.1, 'device': device(type='cuda', index=0)}
2024-10-07 22:48:17,109 - INFO - Loaded file METR_LA_feature.csv, shape=(34272, 207, 1)
2024-10-07 22:48:18,566 - INFO - Dataset created
2024-10-07 22:48:18,566 - INFO - x shape: (34249, 12, 207, 1), y shape: (34249, 12, 207, 1)
2024-10-07 22:48:18,571 - INFO - train	x: (23974, 12, 207, 1), y: (23974, 12, 207, 1)
2024-10-07 22:48:18,571 - INFO - eval	x: (3425, 12, 207, 1), y: (3425, 12, 207, 1)
2024-10-07 22:48:18,571 - INFO - test	x: (6850, 12, 207, 1), y: (6850, 12, 207, 1)
2024-10-07 22:48:34,705 - INFO - Saved at ./libcity/cache/dataset_cache/point_based_METR_LA_12_12_0.7_0.1_standard_64_False_False_False_True.npz
2024-10-07 22:48:34,925 - INFO - StandardScaler mean: 54.40592829587626, std: 19.493739270573098
2024-10-07 22:48:34,925 - INFO - NoneScaler
2024-10-07 22:48:36,576 - INFO - receptive_field: 13
2024-10-07 22:48:37,158 - INFO - GWNET(
  (filter_convs): ModuleList(
    (0): Conv2d(32, 32, kernel_size=(1, 2), stride=(1, 1))
    (1): Conv2d(32, 32, kernel_size=(1, 2), stride=(1, 1), dilation=(2, 2))
    (2): Conv2d(32, 32, kernel_size=(1, 2), stride=(1, 1))
    (3): Conv2d(32, 32, kernel_size=(1, 2), stride=(1, 1), dilation=(2, 2))
    (4): Conv2d(32, 32, kernel_size=(1, 2), stride=(1, 1))
    (5): Conv2d(32, 32, kernel_size=(1, 2), stride=(1, 1), dilation=(2, 2))
    (6): Conv2d(32, 32, kernel_size=(1, 2), stride=(1, 1))
    (7): Conv2d(32, 32, kernel_size=(1, 2), stride=(1, 1), dilation=(2, 2))
  )
  (gate_convs): ModuleList(
    (0): Conv2d(32, 32, kernel_size=(1, 2), stride=(1, 1))
    (1): Conv2d(32, 32, kernel_size=(1, 2), stride=(1, 1), dilation=(2, 2))
    (2): Conv2d(32, 32, kernel_size=(1, 2), stride=(1, 1))
    (3): Conv2d(32, 32, kernel_size=(1, 2), stride=(1, 1), dilation=(2, 2))
    (4): Conv2d(32, 32, kernel_size=(1, 2), stride=(1, 1))
    (5): Conv2d(32, 32, kernel_size=(1, 2), stride=(1, 1), dilation=(2, 2))
    (6): Conv2d(32, 32, kernel_size=(1, 2), stride=(1, 1))
    (7): Conv2d(32, 32, kernel_size=(1, 2), stride=(1, 1), dilation=(2, 2))
  )
  (residual_convs): ModuleList(
    (0-7): 8 x Conv2d(32, 32, kernel_size=(1, 1), stride=(1, 1))
  )
  (skip_convs): ModuleList(
    (0-7): 8 x Conv2d(32, 256, kernel_size=(1, 1), stride=(1, 1))
  )
  (bn): ModuleList(
    (0-7): 8 x BatchNorm2d(32, eps=1e-05, momentum=0.1, affine=True, track_running_stats=True)
  )
  (gconv): ModuleList(
    (0-7): 8 x GCN(
      (nconv): NConv()
      (mlp): Linear(
        (mlp): Conv2d(96, 32, kernel_size=(1, 1), stride=(1, 1))
      )
    )
  )
  (start_conv): Conv2d(1, 32, kernel_size=(1, 1), stride=(1, 1))
  (end_conv_1): Conv2d(256, 512, kernel_size=(1, 1), stride=(1, 1))
  (end_conv_2): Conv2d(512, 12, kernel_size=(1, 1), stride=(1, 1))
)
2024-10-07 22:48:37,159 - INFO - nodevec1	torch.Size([207, 10])	cuda:0	True
2024-10-07 22:48:37,160 - INFO - nodevec2	torch.Size([10, 207])	cuda:0	True
2024-10-07 22:48:37,160 - INFO - filter_convs.0.weight	torch.Size([32, 32, 1, 2])	cuda:0	True
2024-10-07 22:48:37,160 - INFO - filter_convs.0.bias	torch.Size([32])	cuda:0	True
2024-10-07 22:48:37,160 - INFO - filter_convs.1.weight	torch.Size([32, 32, 1, 2])	cuda:0	True
2024-10-07 22:48:37,161 - INFO - filter_convs.1.bias	torch.Size([32])	cuda:0	True
2024-10-07 22:48:37,161 - INFO - filter_convs.2.weight	torch.Size([32, 32, 1, 2])	cuda:0	True
2024-10-07 22:48:37,161 - INFO - filter_convs.2.bias	torch.Size([32])	cuda:0	True
2024-10-07 22:48:37,161 - INFO - filter_convs.3.weight	torch.Size([32, 32, 1, 2])	cuda:0	True
2024-10-07 22:48:37,162 - INFO - filter_convs.3.bias	torch.Size([32])	cuda:0	True
2024-10-07 22:48:37,162 - INFO - filter_convs.4.weight	torch.Size([32, 32, 1, 2])	cuda:0	True
2024-10-07 22:48:37,162 - INFO - filter_convs.4.bias	torch.Size([32])	cuda:0	True
2024-10-07 22:48:37,163 - INFO - filter_convs.5.weight	torch.Size([32, 32, 1, 2])	cuda:0	True
2024-10-07 22:48:37,163 - INFO - filter_convs.5.bias	torch.Size([32])	cuda:0	True
2024-10-07 22:48:37,163 - INFO - filter_convs.6.weight	torch.Size([32, 32, 1, 2])	cuda:0	True
2024-10-07 22:48:37,163 - INFO - filter_convs.6.bias	torch.Size([32])	cuda:0	True
2024-10-07 22:48:37,164 - INFO - filter_convs.7.weight	torch.Size([32, 32, 1, 2])	cuda:0	True
2024-10-07 22:48:37,164 - INFO - filter_convs.7.bias	torch.Size([32])	cuda:0	True
2024-10-07 22:48:37,164 - INFO - gate_convs.0.weight	torch.Size([32, 32, 1, 2])	cuda:0	True
2024-10-07 22:48:37,164 - INFO - gate_convs.0.bias	torch.Size([32])	cuda:0	True
2024-10-07 22:48:37,165 - INFO - gate_convs.1.weight	torch.Size([32, 32, 1, 2])	cuda:0	True
2024-10-07 22:48:37,165 - INFO - gate_convs.1.bias	torch.Size([32])	cuda:0	True
2024-10-07 22:48:37,165 - INFO - gate_convs.2.weight	torch.Size([32, 32, 1, 2])	cuda:0	True
2024-10-07 22:48:37,165 - INFO - gate_convs.2.bias	torch.Size([32])	cuda:0	True
2024-10-07 22:48:37,165 - INFO - gate_convs.3.weight	torch.Size([32, 32, 1, 2])	cuda:0	True
2024-10-07 22:48:37,166 - INFO - gate_convs.3.bias	torch.Size([32])	cuda:0	True
2024-10-07 22:48:37,166 - INFO - gate_convs.4.weight	torch.Size([32, 32, 1, 2])	cuda:0	True
2024-10-07 22:48:37,166 - INFO - gate_convs.4.bias	torch.Size([32])	cuda:0	True
2024-10-07 22:48:37,166 - INFO - gate_convs.5.weight	torch.Size([32, 32, 1, 2])	cuda:0	True
2024-10-07 22:48:37,167 - INFO - gate_convs.5.bias	torch.Size([32])	cuda:0	True
2024-10-07 22:48:37,167 - INFO - gate_convs.6.weight	torch.Size([32, 32, 1, 2])	cuda:0	True
2024-10-07 22:48:37,167 - INFO - gate_convs.6.bias	torch.Size([32])	cuda:0	True
2024-10-07 22:48:37,167 - INFO - gate_convs.7.weight	torch.Size([32, 32, 1, 2])	cuda:0	True
2024-10-07 22:48:37,168 - INFO - gate_convs.7.bias	torch.Size([32])	cuda:0	True
2024-10-07 22:48:37,168 - INFO - residual_convs.0.weight	torch.Size([32, 32, 1, 1])	cuda:0	True
2024-10-07 22:48:37,168 - INFO - residual_convs.0.bias	torch.Size([32])	cuda:0	True
2024-10-07 22:48:37,168 - INFO - residual_convs.1.weight	torch.Size([32, 32, 1, 1])	cuda:0	True
2024-10-07 22:48:37,169 - INFO - residual_convs.1.bias	torch.Size([32])	cuda:0	True
2024-10-07 22:48:37,169 - INFO - residual_convs.2.weight	torch.Size([32, 32, 1, 1])	cuda:0	True
2024-10-07 22:48:37,169 - INFO - residual_convs.2.bias	torch.Size([32])	cuda:0	True
2024-10-07 22:48:37,169 - INFO - residual_convs.3.weight	torch.Size([32, 32, 1, 1])	cuda:0	True
2024-10-07 22:48:37,170 - INFO - residual_convs.3.bias	torch.Size([32])	cuda:0	True
2024-10-07 22:48:37,170 - INFO - residual_convs.4.weight	torch.Size([32, 32, 1, 1])	cuda:0	True
2024-10-07 22:48:37,170 - INFO - residual_convs.4.bias	torch.Size([32])	cuda:0	True
2024-10-07 22:48:37,170 - INFO - residual_convs.5.weight	torch.Size([32, 32, 1, 1])	cuda:0	True
2024-10-07 22:48:37,171 - INFO - residual_convs.5.bias	torch.Size([32])	cuda:0	True
2024-10-07 22:48:37,171 - INFO - residual_convs.6.weight	torch.Size([32, 32, 1, 1])	cuda:0	True
2024-10-07 22:48:37,171 - INFO - residual_convs.6.bias	torch.Size([32])	cuda:0	True
2024-10-07 22:48:37,171 - INFO - residual_convs.7.weight	torch.Size([32, 32, 1, 1])	cuda:0	True
2024-10-07 22:48:37,172 - INFO - residual_convs.7.bias	torch.Size([32])	cuda:0	True
2024-10-07 22:48:37,172 - INFO - skip_convs.0.weight	torch.Size([256, 32, 1, 1])	cuda:0	True
2024-10-07 22:48:37,172 - INFO - skip_convs.0.bias	torch.Size([256])	cuda:0	True
2024-10-07 22:48:37,172 - INFO - skip_convs.1.weight	torch.Size([256, 32, 1, 1])	cuda:0	True
2024-10-07 22:48:37,172 - INFO - skip_convs.1.bias	torch.Size([256])	cuda:0	True
2024-10-07 22:48:37,173 - INFO - skip_convs.2.weight	torch.Size([256, 32, 1, 1])	cuda:0	True
2024-10-07 22:48:37,173 - INFO - skip_convs.2.bias	torch.Size([256])	cuda:0	True
2024-10-07 22:48:37,173 - INFO - skip_convs.3.weight	torch.Size([256, 32, 1, 1])	cuda:0	True
2024-10-07 22:48:37,173 - INFO - skip_convs.3.bias	torch.Size([256])	cuda:0	True
2024-10-07 22:48:37,174 - INFO - skip_convs.4.weight	torch.Size([256, 32, 1, 1])	cuda:0	True
2024-10-07 22:48:37,174 - INFO - skip_convs.4.bias	torch.Size([256])	cuda:0	True
2024-10-07 22:48:37,174 - INFO - skip_convs.5.weight	torch.Size([256, 32, 1, 1])	cuda:0	True
2024-10-07 22:48:37,174 - INFO - skip_convs.5.bias	torch.Size([256])	cuda:0	True
2024-10-07 22:48:37,174 - INFO - skip_convs.6.weight	torch.Size([256, 32, 1, 1])	cuda:0	True
2024-10-07 22:48:37,175 - INFO - skip_convs.6.bias	torch.Size([256])	cuda:0	True
2024-10-07 22:48:37,175 - INFO - skip_convs.7.weight	torch.Size([256, 32, 1, 1])	cuda:0	True
2024-10-07 22:48:37,175 - INFO - skip_convs.7.bias	torch.Size([256])	cuda:0	True
2024-10-07 22:48:37,175 - INFO - bn.0.weight	torch.Size([32])	cuda:0	True
2024-10-07 22:48:37,176 - INFO - bn.0.bias	torch.Size([32])	cuda:0	True
2024-10-07 22:48:37,176 - INFO - bn.1.weight	torch.Size([32])	cuda:0	True
2024-10-07 22:48:37,176 - INFO - bn.1.bias	torch.Size([32])	cuda:0	True
2024-10-07 22:48:37,176 - INFO - bn.2.weight	torch.Size([32])	cuda:0	True
2024-10-07 22:48:37,177 - INFO - bn.2.bias	torch.Size([32])	cuda:0	True
2024-10-07 22:48:37,177 - INFO - bn.3.weight	torch.Size([32])	cuda:0	True
2024-10-07 22:48:37,177 - INFO - bn.3.bias	torch.Size([32])	cuda:0	True
2024-10-07 22:48:37,177 - INFO - bn.4.weight	torch.Size([32])	cuda:0	True
2024-10-07 22:48:37,178 - INFO - bn.4.bias	torch.Size([32])	cuda:0	True
2024-10-07 22:48:37,178 - INFO - bn.5.weight	torch.Size([32])	cuda:0	True
2024-10-07 22:48:37,178 - INFO - bn.5.bias	torch.Size([32])	cuda:0	True
2024-10-07 22:48:37,178 - INFO - bn.6.weight	torch.Size([32])	cuda:0	True
2024-10-07 22:48:37,179 - INFO - bn.6.bias	torch.Size([32])	cuda:0	True
2024-10-07 22:48:37,179 - INFO - bn.7.weight	torch.Size([32])	cuda:0	True
2024-10-07 22:48:37,179 - INFO - bn.7.bias	torch.Size([32])	cuda:0	True
2024-10-07 22:48:37,179 - INFO - gconv.0.mlp.mlp.weight	torch.Size([32, 96, 1, 1])	cuda:0	True
2024-10-07 22:48:37,180 - INFO - gconv.0.mlp.mlp.bias	torch.Size([32])	cuda:0	True
2024-10-07 22:48:37,180 - INFO - gconv.1.mlp.mlp.weight	torch.Size([32, 96, 1, 1])	cuda:0	True
2024-10-07 22:48:37,180 - INFO - gconv.1.mlp.mlp.bias	torch.Size([32])	cuda:0	True
2024-10-07 22:48:37,180 - INFO - gconv.2.mlp.mlp.weight	torch.Size([32, 96, 1, 1])	cuda:0	True
2024-10-07 22:48:37,181 - INFO - gconv.2.mlp.mlp.bias	torch.Size([32])	cuda:0	True
2024-10-07 22:48:37,181 - INFO - gconv.3.mlp.mlp.weight	torch.Size([32, 96, 1, 1])	cuda:0	True
2024-10-07 22:48:37,181 - INFO - gconv.3.mlp.mlp.bias	torch.Size([32])	cuda:0	True
2024-10-07 22:48:37,181 - INFO - gconv.4.mlp.mlp.weight	torch.Size([32, 96, 1, 1])	cuda:0	True
2024-10-07 22:48:37,181 - INFO - gconv.4.mlp.mlp.bias	torch.Size([32])	cuda:0	True
2024-10-07 22:48:37,182 - INFO - gconv.5.mlp.mlp.weight	torch.Size([32, 96, 1, 1])	cuda:0	True
2024-10-07 22:48:37,182 - INFO - gconv.5.mlp.mlp.bias	torch.Size([32])	cuda:0	True
2024-10-07 22:48:37,182 - INFO - gconv.6.mlp.mlp.weight	torch.Size([32, 96, 1, 1])	cuda:0	True
2024-10-07 22:48:37,182 - INFO - gconv.6.mlp.mlp.bias	torch.Size([32])	cuda:0	True
2024-10-07 22:48:37,183 - INFO - gconv.7.mlp.mlp.weight	torch.Size([32, 96, 1, 1])	cuda:0	True
2024-10-07 22:48:37,183 - INFO - gconv.7.mlp.mlp.bias	torch.Size([32])	cuda:0	True
2024-10-07 22:48:37,183 - INFO - start_conv.weight	torch.Size([32, 1, 1, 1])	cuda:0	True
2024-10-07 22:48:37,183 - INFO - start_conv.bias	torch.Size([32])	cuda:0	True
2024-10-07 22:48:37,183 - INFO - end_conv_1.weight	torch.Size([512, 256, 1, 1])	cuda:0	True
2024-10-07 22:48:37,184 - INFO - end_conv_1.bias	torch.Size([512])	cuda:0	True
2024-10-07 22:48:37,184 - INFO - end_conv_2.weight	torch.Size([12, 512, 1, 1])	cuda:0	True
2024-10-07 22:48:37,184 - INFO - end_conv_2.bias	torch.Size([12])	cuda:0	True
2024-10-07 22:48:37,185 - INFO - Total parameter numbers: 276600
2024-10-07 22:48:37,185 - INFO - You select `adam` optimizer.
2024-10-07 22:48:37,706 - WARNING - Received none train loss func and will use the loss func defined in the model.
2024-10-07 22:48:37,706 - INFO - Start training ...
2024-10-07 22:48:37,706 - INFO - num_batches:375
2024-10-07 22:50:27,389 - INFO - epoch complete!
2024-10-07 22:50:27,390 - INFO - evaluating now!
2024-10-07 22:50:36,207 - INFO - Epoch [0/50] train_loss: 4.0185, val_loss: 3.5539, lr: 0.001000, 118.50s
2024-10-07 22:50:36,245 - INFO - Saved model at 0
2024-10-07 22:50:36,245 - INFO - Val loss decrease from inf to 3.5539, saving to ./libcity/cache/46/model_cache/GWNET_METR_LA_epoch0.tar
2024-10-07 22:52:27,090 - INFO - epoch complete!
2024-10-07 22:52:27,091 - INFO - evaluating now!
2024-10-07 22:52:35,600 - INFO - Epoch [1/50] train_loss: 3.6300, val_loss: 3.3202, lr: 0.001000, 119.35s
2024-10-07 22:52:35,628 - INFO - Saved model at 1
2024-10-07 22:52:35,628 - INFO - Val loss decrease from 3.5539 to 3.3202, saving to ./libcity/cache/46/model_cache/GWNET_METR_LA_epoch1.tar
2024-10-07 22:54:16,341 - INFO - epoch complete!
2024-10-07 22:54:16,341 - INFO - evaluating now!
2024-10-07 22:54:25,202 - INFO - Epoch [2/50] train_loss: 3.5017, val_loss: 3.2349, lr: 0.001000, 109.57s
2024-10-07 22:54:25,231 - INFO - Saved model at 2
2024-10-07 22:54:25,231 - INFO - Val loss decrease from 3.3202 to 3.2349, saving to ./libcity/cache/46/model_cache/GWNET_METR_LA_epoch2.tar
2024-10-07 22:56:17,201 - INFO - epoch complete!
2024-10-07 22:56:17,201 - INFO - evaluating now!
2024-10-07 22:56:25,948 - INFO - Epoch [3/50] train_loss: 3.4459, val_loss: 3.1960, lr: 0.001000, 120.72s
2024-10-07 22:56:25,983 - INFO - Saved model at 3
2024-10-07 22:56:25,983 - INFO - Val loss decrease from 3.2349 to 3.1960, saving to ./libcity/cache/46/model_cache/GWNET_METR_LA_epoch3.tar
2024-10-07 22:58:15,355 - INFO - epoch complete!
2024-10-07 22:58:15,355 - INFO - evaluating now!
2024-10-07 22:58:24,094 - INFO - Epoch [4/50] train_loss: 3.3969, val_loss: 3.2085, lr: 0.001000, 118.11s
2024-10-07 23:00:15,006 - INFO - epoch complete!
2024-10-07 23:00:15,006 - INFO - evaluating now!
2024-10-07 23:00:22,957 - INFO - Epoch [5/50] train_loss: 3.3571, val_loss: 3.1664, lr: 0.001000, 118.86s
2024-10-07 23:00:22,981 - INFO - Saved model at 5
2024-10-07 23:00:22,982 - INFO - Val loss decrease from 3.1960 to 3.1664, saving to ./libcity/cache/46/model_cache/GWNET_METR_LA_epoch5.tar
2024-10-07 23:01:56,474 - INFO - epoch complete!
2024-10-07 23:01:56,474 - INFO - evaluating now!
2024-10-07 23:02:03,754 - INFO - Epoch [6/50] train_loss: 3.3291, val_loss: 3.1453, lr: 0.001000, 100.77s
2024-10-07 23:02:03,777 - INFO - Saved model at 6
2024-10-07 23:02:03,778 - INFO - Val loss decrease from 3.1664 to 3.1453, saving to ./libcity/cache/46/model_cache/GWNET_METR_LA_epoch6.tar
2024-10-07 23:03:37,791 - INFO - epoch complete!
2024-10-07 23:03:37,791 - INFO - evaluating now!
2024-10-07 23:03:44,700 - INFO - Epoch [7/50] train_loss: 3.3030, val_loss: 3.1579, lr: 0.001000, 100.92s
2024-10-07 23:05:02,401 - INFO - epoch complete!
2024-10-07 23:05:02,401 - INFO - evaluating now!
2024-10-07 23:05:08,430 - INFO - Epoch [8/50] train_loss: 3.2759, val_loss: 3.0826, lr: 0.001000, 83.73s
2024-10-07 23:05:08,451 - INFO - Saved model at 8
2024-10-07 23:05:08,451 - INFO - Val loss decrease from 3.1453 to 3.0826, saving to ./libcity/cache/46/model_cache/GWNET_METR_LA_epoch8.tar
2024-10-07 23:06:06,704 - INFO - epoch complete!
2024-10-07 23:06:06,705 - INFO - evaluating now!
2024-10-07 23:06:12,563 - INFO - Epoch [9/50] train_loss: 3.2509, val_loss: 3.0888, lr: 0.001000, 64.11s
2024-10-07 23:07:10,758 - INFO - epoch complete!
2024-10-07 23:07:10,758 - INFO - evaluating now!
2024-10-07 23:07:16,647 - INFO - Epoch [10/50] train_loss: 3.2328, val_loss: 3.0876, lr: 0.001000, 64.08s
2024-10-07 23:08:14,843 - INFO - epoch complete!
2024-10-07 23:08:14,843 - INFO - evaluating now!
2024-10-07 23:08:20,650 - INFO - Epoch [11/50] train_loss: 3.2033, val_loss: 3.0565, lr: 0.001000, 64.00s
2024-10-07 23:08:20,671 - INFO - Saved model at 11
2024-10-07 23:08:20,671 - INFO - Val loss decrease from 3.0826 to 3.0565, saving to ./libcity/cache/46/model_cache/GWNET_METR_LA_epoch11.tar
2024-10-07 23:09:18,870 - INFO - epoch complete!
2024-10-07 23:09:18,870 - INFO - evaluating now!
2024-10-07 23:09:24,746 - INFO - Epoch [12/50] train_loss: 3.1874, val_loss: 3.0746, lr: 0.001000, 64.07s
2024-10-07 23:10:22,860 - INFO - epoch complete!
2024-10-07 23:10:22,860 - INFO - evaluating now!
2024-10-07 23:10:28,662 - INFO - Epoch [13/50] train_loss: 3.1675, val_loss: 3.0091, lr: 0.001000, 63.92s
2024-10-07 23:10:28,683 - INFO - Saved model at 13
2024-10-07 23:10:28,683 - INFO - Val loss decrease from 3.0565 to 3.0091, saving to ./libcity/cache/46/model_cache/GWNET_METR_LA_epoch13.tar
2024-10-07 23:11:26,507 - INFO - epoch complete!
2024-10-07 23:11:26,508 - INFO - evaluating now!
2024-10-07 23:11:32,310 - INFO - Epoch [14/50] train_loss: 3.1525, val_loss: 3.0141, lr: 0.001000, 63.63s
2024-10-07 23:12:30,315 - INFO - epoch complete!
2024-10-07 23:12:30,315 - INFO - evaluating now!
2024-10-07 23:12:36,127 - INFO - Epoch [15/50] train_loss: 3.1365, val_loss: 2.9824, lr: 0.001000, 63.82s
2024-10-07 23:12:36,148 - INFO - Saved model at 15
2024-10-07 23:12:36,148 - INFO - Val loss decrease from 3.0091 to 2.9824, saving to ./libcity/cache/46/model_cache/GWNET_METR_LA_epoch15.tar
2024-10-07 23:13:34,333 - INFO - epoch complete!
2024-10-07 23:13:34,333 - INFO - evaluating now!
2024-10-07 23:13:40,202 - INFO - Epoch [16/50] train_loss: 3.1211, val_loss: 2.9613, lr: 0.001000, 64.05s
2024-10-07 23:13:40,223 - INFO - Saved model at 16
2024-10-07 23:13:40,223 - INFO - Val loss decrease from 2.9824 to 2.9613, saving to ./libcity/cache/46/model_cache/GWNET_METR_LA_epoch16.tar
2024-10-07 23:14:38,074 - INFO - epoch complete!
2024-10-07 23:14:38,074 - INFO - evaluating now!
2024-10-07 23:14:43,880 - INFO - Epoch [17/50] train_loss: 3.1099, val_loss: 2.9975, lr: 0.001000, 63.66s
2024-10-07 23:15:42,013 - INFO - epoch complete!
2024-10-07 23:15:42,013 - INFO - evaluating now!
2024-10-07 23:15:47,922 - INFO - Epoch [18/50] train_loss: 3.0957, val_loss: 2.9724, lr: 0.001000, 64.04s
2024-10-07 23:16:47,475 - INFO - epoch complete!
2024-10-07 23:16:47,475 - INFO - evaluating now!
2024-10-07 23:16:53,432 - INFO - Epoch [19/50] train_loss: 3.0844, val_loss: 2.9794, lr: 0.001000, 65.51s
2024-10-07 23:17:52,931 - INFO - epoch complete!
2024-10-07 23:17:52,931 - INFO - evaluating now!
2024-10-07 23:17:58,849 - INFO - Epoch [20/50] train_loss: 3.0775, val_loss: 2.9482, lr: 0.001000, 65.42s
2024-10-07 23:17:58,870 - INFO - Saved model at 20
2024-10-07 23:17:58,870 - INFO - Val loss decrease from 2.9613 to 2.9482, saving to ./libcity/cache/46/model_cache/GWNET_METR_LA_epoch20.tar
2024-10-07 23:18:58,410 - INFO - epoch complete!
2024-10-07 23:18:58,410 - INFO - evaluating now!
2024-10-07 23:19:04,377 - INFO - Epoch [21/50] train_loss: 3.0663, val_loss: 2.9545, lr: 0.001000, 65.51s
2024-10-07 23:20:04,026 - INFO - epoch complete!
2024-10-07 23:20:04,026 - INFO - evaluating now!
2024-10-07 23:20:09,966 - INFO - Epoch [22/50] train_loss: 3.0559, val_loss: 2.9399, lr: 0.001000, 65.59s
2024-10-07 23:20:09,988 - INFO - Saved model at 22
2024-10-07 23:20:09,988 - INFO - Val loss decrease from 2.9482 to 2.9399, saving to ./libcity/cache/46/model_cache/GWNET_METR_LA_epoch22.tar
2024-10-07 23:21:09,602 - INFO - epoch complete!
2024-10-07 23:21:09,602 - INFO - evaluating now!
2024-10-07 23:21:15,572 - INFO - Epoch [23/50] train_loss: 3.0467, val_loss: 3.0097, lr: 0.001000, 65.58s
2024-10-07 23:22:15,157 - INFO - epoch complete!
2024-10-07 23:22:15,158 - INFO - evaluating now!
2024-10-07 23:22:21,086 - INFO - Epoch [24/50] train_loss: 3.0422, val_loss: 2.9278, lr: 0.001000, 65.51s
2024-10-07 23:22:21,108 - INFO - Saved model at 24
2024-10-07 23:22:21,108 - INFO - Val loss decrease from 2.9399 to 2.9278, saving to ./libcity/cache/46/model_cache/GWNET_METR_LA_epoch24.tar
2024-10-07 23:23:20,616 - INFO - epoch complete!
2024-10-07 23:23:20,616 - INFO - evaluating now!
2024-10-07 23:23:26,551 - INFO - Epoch [25/50] train_loss: 3.0269, val_loss: 2.9610, lr: 0.001000, 65.44s
2024-10-07 23:24:26,271 - INFO - epoch complete!
2024-10-07 23:24:26,271 - INFO - evaluating now!
2024-10-07 23:24:32,222 - INFO - Epoch [26/50] train_loss: 3.0259, val_loss: 2.9556, lr: 0.001000, 65.67s
2024-10-07 23:25:31,822 - INFO - epoch complete!
2024-10-07 23:25:31,822 - INFO - evaluating now!
2024-10-07 23:25:37,778 - INFO - Epoch [27/50] train_loss: 3.0202, val_loss: 2.9396, lr: 0.001000, 65.56s
2024-10-07 23:26:37,221 - INFO - epoch complete!
2024-10-07 23:26:37,221 - INFO - evaluating now!
2024-10-07 23:26:43,103 - INFO - Epoch [28/50] train_loss: 3.0147, val_loss: 2.9446, lr: 0.001000, 65.32s
2024-10-07 23:27:42,595 - INFO - epoch complete!
2024-10-07 23:27:42,595 - INFO - evaluating now!
2024-10-07 23:27:48,550 - INFO - Epoch [29/50] train_loss: 3.0070, val_loss: 2.9374, lr: 0.001000, 65.45s
2024-10-07 23:28:47,593 - INFO - epoch complete!
2024-10-07 23:28:47,593 - INFO - evaluating now!
2024-10-07 23:28:53,421 - INFO - Epoch [30/50] train_loss: 3.0029, val_loss: 2.9100, lr: 0.001000, 64.87s
2024-10-07 23:28:53,442 - INFO - Saved model at 30
2024-10-07 23:28:53,442 - INFO - Val loss decrease from 2.9278 to 2.9100, saving to ./libcity/cache/46/model_cache/GWNET_METR_LA_epoch30.tar
2024-10-07 23:29:51,259 - INFO - epoch complete!
2024-10-07 23:29:51,259 - INFO - evaluating now!
2024-10-07 23:29:57,055 - INFO - Epoch [31/50] train_loss: 2.9932, val_loss: 2.9120, lr: 0.001000, 63.61s
2024-10-07 23:30:58,571 - INFO - epoch complete!
2024-10-07 23:30:58,572 - INFO - evaluating now!
2024-10-07 23:31:04,600 - INFO - Epoch [32/50] train_loss: 2.9884, val_loss: 2.9302, lr: 0.001000, 67.54s
2024-10-07 23:32:14,541 - INFO - epoch complete!
2024-10-07 23:32:14,542 - INFO - evaluating now!
2024-10-07 23:32:20,592 - INFO - Epoch [33/50] train_loss: 2.9833, val_loss: 2.9089, lr: 0.001000, 75.99s
2024-10-07 23:32:20,614 - INFO - Saved model at 33
2024-10-07 23:32:20,614 - INFO - Val loss decrease from 2.9100 to 2.9089, saving to ./libcity/cache/46/model_cache/GWNET_METR_LA_epoch33.tar
2024-10-07 23:33:30,452 - INFO - epoch complete!
2024-10-07 23:33:30,452 - INFO - evaluating now!
2024-10-07 23:33:36,520 - INFO - Epoch [34/50] train_loss: 2.9803, val_loss: 2.9285, lr: 0.001000, 75.91s
2024-10-07 23:34:46,560 - INFO - epoch complete!
2024-10-07 23:34:46,561 - INFO - evaluating now!
2024-10-07 23:34:52,640 - INFO - Epoch [35/50] train_loss: 2.9746, val_loss: 2.9005, lr: 0.001000, 76.12s
2024-10-07 23:34:52,662 - INFO - Saved model at 35
2024-10-07 23:34:52,662 - INFO - Val loss decrease from 2.9089 to 2.9005, saving to ./libcity/cache/46/model_cache/GWNET_METR_LA_epoch35.tar
2024-10-07 23:36:02,711 - INFO - epoch complete!
2024-10-07 23:36:02,711 - INFO - evaluating now!
2024-10-07 23:36:08,778 - INFO - Epoch [36/50] train_loss: 2.9737, val_loss: 2.9354, lr: 0.001000, 76.12s
2024-10-07 23:37:18,835 - INFO - epoch complete!
2024-10-07 23:37:18,835 - INFO - evaluating now!
2024-10-07 23:37:24,876 - INFO - Epoch [37/50] train_loss: 2.9614, val_loss: 2.9071, lr: 0.001000, 76.10s
2024-10-07 23:38:34,861 - INFO - epoch complete!
2024-10-07 23:38:34,861 - INFO - evaluating now!
2024-10-07 23:38:40,900 - INFO - Epoch [38/50] train_loss: 2.9608, val_loss: 2.9036, lr: 0.001000, 76.02s
2024-10-07 23:39:50,837 - INFO - epoch complete!
2024-10-07 23:39:50,837 - INFO - evaluating now!
2024-10-07 23:39:56,872 - INFO - Epoch [39/50] train_loss: 2.9579, val_loss: 2.9055, lr: 0.001000, 75.97s
2024-10-07 23:41:06,769 - INFO - epoch complete!
2024-10-07 23:41:06,769 - INFO - evaluating now!
2024-10-07 23:41:12,787 - INFO - Epoch [40/50] train_loss: 2.9509, val_loss: 2.9048, lr: 0.001000, 75.91s
2024-10-07 23:42:22,720 - INFO - epoch complete!
2024-10-07 23:42:22,720 - INFO - evaluating now!
2024-10-07 23:42:28,737 - INFO - Epoch [41/50] train_loss: 2.9512, val_loss: 2.9104, lr: 0.001000, 75.95s
2024-10-07 23:43:34,503 - INFO - epoch complete!
2024-10-07 23:43:34,503 - INFO - evaluating now!
2024-10-07 23:43:40,396 - INFO - Epoch [42/50] train_loss: 2.9482, val_loss: 2.9190, lr: 0.001000, 71.66s
2024-10-07 23:44:38,593 - INFO - epoch complete!
2024-10-07 23:44:38,593 - INFO - evaluating now!
2024-10-07 23:44:44,424 - INFO - Epoch [43/50] train_loss: 2.9439, val_loss: 2.9226, lr: 0.001000, 64.03s
2024-10-07 23:45:43,255 - INFO - epoch complete!
2024-10-07 23:45:43,255 - INFO - evaluating now!
2024-10-07 23:45:49,145 - INFO - Epoch [44/50] train_loss: 2.9412, val_loss: 2.9591, lr: 0.001000, 64.72s
2024-10-07 23:46:46,925 - INFO - epoch complete!
2024-10-07 23:46:46,926 - INFO - evaluating now!
2024-10-07 23:46:52,717 - INFO - Epoch [45/50] train_loss: 2.9351, val_loss: 2.8978, lr: 0.001000, 63.57s
2024-10-07 23:46:52,738 - INFO - Saved model at 45
2024-10-07 23:46:52,738 - INFO - Val loss decrease from 2.9005 to 2.8978, saving to ./libcity/cache/46/model_cache/GWNET_METR_LA_epoch45.tar
2024-10-07 23:47:50,565 - INFO - epoch complete!
2024-10-07 23:47:50,565 - INFO - evaluating now!
2024-10-07 23:47:56,366 - INFO - Epoch [46/50] train_loss: 2.9303, val_loss: 2.9016, lr: 0.001000, 63.63s
2024-10-07 23:48:56,879 - INFO - epoch complete!
2024-10-07 23:48:56,879 - INFO - evaluating now!
2024-10-07 23:49:02,758 - INFO - Epoch [47/50] train_loss: 2.9307, val_loss: 2.9012, lr: 0.001000, 66.39s
2024-10-07 23:50:05,344 - INFO - epoch complete!
2024-10-07 23:50:05,344 - INFO - evaluating now!
2024-10-07 23:50:11,214 - INFO - Epoch [48/50] train_loss: 2.9250, val_loss: 2.8870, lr: 0.001000, 68.46s
2024-10-07 23:50:11,236 - INFO - Saved model at 48
2024-10-07 23:50:11,236 - INFO - Val loss decrease from 2.8978 to 2.8870, saving to ./libcity/cache/46/model_cache/GWNET_METR_LA_epoch48.tar
2024-10-07 23:51:14,218 - INFO - epoch complete!
2024-10-07 23:51:14,218 - INFO - evaluating now!
2024-10-07 23:51:20,092 - INFO - Epoch [49/50] train_loss: 2.9208, val_loss: 2.8844, lr: 0.001000, 68.86s
2024-10-07 23:51:20,114 - INFO - Saved model at 49
2024-10-07 23:51:20,114 - INFO - Val loss decrease from 2.8870 to 2.8844, saving to ./libcity/cache/46/model_cache/GWNET_METR_LA_epoch49.tar
2024-10-07 23:51:20,114 - INFO - Trained totally 50 epochs, average train time is 68.948s, average eval time is 6.290s
2024-10-07 23:51:20,145 - INFO - Loaded model at 49
2024-10-07 23:51:20,145 - INFO - Saved model at ./libcity/cache/46/model_cache/GWNET_METR_LA.m
2024-10-07 23:51:20,166 - INFO - Start evaluating ...
2024-10-07 23:51:40,578 - INFO - Note that you select the single mode to evaluate!
2024-10-07 23:51:40,580 - INFO - Evaluate result is saved at ./libcity/cache/46/evaluate_cache/2024_10_07_23_51_40_GWNET_METR_LA.csv
2024-10-07 23:51:40,584 - INFO - 
         MAE      MAPE      RMSE
1   2.314725  0.055709  4.068289
2   2.459917  0.060887  4.514152
3   2.573609  0.065154  4.849580
4   2.668795  0.068869  5.123960
5   2.750285  0.072093  5.354270
6   2.824546  0.074997  5.554482
7   2.888772  0.077572  5.728152
8   2.947172  0.079958  5.882956
9   3.000747  0.082161  6.021187
10  3.049832  0.084173  6.146135
11  3.095425  0.085998  6.260309
12  3.137817  0.087665  6.365758
