2024-10-07 20:05:02,278 - INFO - Log directory: ./libcity/log
2024-10-07 20:05:02,278 - INFO - Begin pipeline, task=MTS_pred, model_name=LSTM, dataset_name=METR_LA, exp_id=46
2024-10-07 20:05:02,278 - INFO - {'task': 'MTS_pred', 'model': 'RNN', 'dataset': 'METR_LA', 'saved_model': True, 'exp_id': '46', 'seed': 0, 'max_epoch': 50, 'dataset_class': 'StatePointDataset', 'executor': 'StateExecutor', 'evaluator': 'StateEvaluator', 'rnn_type': 'LSTM', 'hidden_size': 64, 'num_layers': 1, 'dropout': 0, 'bidirectional': False, 'teacher_forcing_ratio': 0, 'scaler': 'standard', 'load_external': False, 'normal_external': False, 'ext_scaler': 'none', 'add_time_in_day': True, 'add_day_in_week': False, 'learner': 'adam', 'learning_rate': 0.01, 'lr_decay': True, 'lr_scheduler': 'multisteplr', 'lr_decay_ratio': 0.1, 'steps': [5, 20, 40, 70], 'clip_grad_norm': True, 'max_grad_norm': 5, 'use_early_stop': True, 'patience': 50, 'batch_size': 64, 'cache_dataset': True, 'num_workers': 0, 'pad_with_last_sample': True, 'train_rate': 0.7, 'eval_rate': 0.1, 'input_window': 12, 'output_window': 12, 'robustness_test': False, 'noise_type': 'gaussian', 'disturb_rate': 0.5, 'noise_mean': [5], 'noise_SD': [10], 'gpu': True, 'gpu_id': 0, 'train_loss': 'none', 'epoch': 0, 'weight_decay': 0, 'lr_epsilon': 1e-08, 'lr_beta1': 0.9, 'lr_beta2': 0.999, 'lr_alpha': 0.99, 'lr_momentum': 0, 'step_size': 10, 'lr_T_max': 30, 'lr_eta_min': 0, 'lr_patience': 10, 'lr_threshold': 0.0001, 'log_level': 'INFO', 'log_every': 1, 'load_best_epoch': True, 'hyper_tune': False, 'metrics': ['MAE', 'MAPE', 'RMSE'], 'evaluator_mode': 'single', 'save_mode': ['csv'], 'geo': {'including_types': ['Point'], 'Point': {}}, 'rel': {'including_types': ['geo'], 'geo': {'cost': 'num'}}, 'dyna': {'including_types': ['state'], 'state': {'entity_id': 'geo_id', 'traffic_speed': 'num'}}, 'data_col': ['traffic_speed'], 'weight_col': 'cost', 'data_files': ['METR_LA'], 'geo_file': 'METR_LA', 'rel_file': 'METR_LA', 'output_dim': 1, 'time_intervals': 300, 'init_weight_inf_or_zero': 'inf', 'set_weight_link_or_dist': 'dist', 'calculate_weight_adj': True, 'weight_adj_epsilon': 0.1, 'device': device(type='cuda', index=0)}
2024-10-07 20:05:02,872 - INFO - Loaded file METR_LA_feature.csv, shape=(34272, 207, 1)
2024-10-07 20:05:03,972 - INFO - Dataset created
2024-10-07 20:05:03,972 - INFO - x shape: (34249, 12, 207, 1), y shape: (34249, 12, 207, 1)
2024-10-07 20:05:03,975 - INFO - train	x: (23974, 12, 207, 1), y: (23974, 12, 207, 1)
2024-10-07 20:05:03,976 - INFO - eval	x: (3425, 12, 207, 1), y: (3425, 12, 207, 1)
2024-10-07 20:05:03,976 - INFO - test	x: (6850, 12, 207, 1), y: (6850, 12, 207, 1)
2024-10-07 20:05:17,501 - INFO - Saved at ./libcity/cache/dataset_cache/point_based_METR_LA_12_12_0.7_0.1_standard_64_False_True_False_True.npz
2024-10-07 20:05:17,734 - INFO - StandardScaler mean: 54.40592829587626, std: 19.493739270573098
2024-10-07 20:05:17,734 - INFO - NoneScaler
2024-10-07 20:05:18,910 - INFO - You select rnn_type LSTM in RNN!
2024-10-07 20:05:19,034 - INFO - RNN(
  (rnn): LSTM(207, 64)
  (fc): Linear(in_features=64, out_features=207, bias=True)
)
2024-10-07 20:05:19,034 - INFO - rnn.weight_ih_l0	torch.Size([256, 207])	cuda:0	True
2024-10-07 20:05:19,034 - INFO - rnn.weight_hh_l0	torch.Size([256, 64])	cuda:0	True
2024-10-07 20:05:19,034 - INFO - rnn.bias_ih_l0	torch.Size([256])	cuda:0	True
2024-10-07 20:05:19,034 - INFO - rnn.bias_hh_l0	torch.Size([256])	cuda:0	True
2024-10-07 20:05:19,034 - INFO - fc.weight	torch.Size([207, 64])	cuda:0	True
2024-10-07 20:05:19,034 - INFO - fc.bias	torch.Size([207])	cuda:0	True
2024-10-07 20:05:19,034 - INFO - Total parameter numbers: 83343
2024-10-07 20:05:19,034 - INFO - You select `adam` optimizer.
2024-10-07 20:05:19,455 - INFO - You select `multisteplr` lr_scheduler.
2024-10-07 20:05:19,455 - WARNING - Received none train loss func and will use the loss func defined in the model.
2024-10-07 20:05:19,455 - INFO - Start training ...
2024-10-07 20:05:19,455 - INFO - num_batches:375
2024-10-07 20:05:27,594 - INFO - epoch complete!
2024-10-07 20:05:27,594 - INFO - evaluating now!
2024-10-07 20:05:27,848 - INFO - Epoch [0/50] train_loss: 4.3535, val_loss: 3.9090, lr: 0.010000, 8.39s
2024-10-07 20:05:27,851 - INFO - Saved model at 0
2024-10-07 20:05:27,851 - INFO - Val loss decrease from inf to 3.9090, saving to ./libcity/cache/46/model_cache/RNN_METR_LA_epoch0.tar
2024-10-07 20:05:35,721 - INFO - epoch complete!
2024-10-07 20:05:35,721 - INFO - evaluating now!
2024-10-07 20:05:35,980 - INFO - Epoch [1/50] train_loss: 3.7640, val_loss: 3.7449, lr: 0.010000, 8.13s
2024-10-07 20:05:35,983 - INFO - Saved model at 1
2024-10-07 20:05:35,983 - INFO - Val loss decrease from 3.9090 to 3.7449, saving to ./libcity/cache/46/model_cache/RNN_METR_LA_epoch1.tar
2024-10-07 20:05:43,868 - INFO - epoch complete!
2024-10-07 20:05:43,868 - INFO - evaluating now!
2024-10-07 20:05:44,140 - INFO - Epoch [2/50] train_loss: 3.6797, val_loss: 3.6705, lr: 0.010000, 8.16s
2024-10-07 20:05:44,142 - INFO - Saved model at 2
2024-10-07 20:05:44,142 - INFO - Val loss decrease from 3.7449 to 3.6705, saving to ./libcity/cache/46/model_cache/RNN_METR_LA_epoch2.tar
2024-10-07 20:05:51,950 - INFO - epoch complete!
2024-10-07 20:05:51,950 - INFO - evaluating now!
2024-10-07 20:05:52,212 - INFO - Epoch [3/50] train_loss: 3.6769, val_loss: 3.6948, lr: 0.010000, 8.07s
2024-10-07 20:06:00,040 - INFO - epoch complete!
2024-10-07 20:06:00,040 - INFO - evaluating now!
2024-10-07 20:06:00,293 - INFO - Epoch [4/50] train_loss: 3.7341, val_loss: 3.7463, lr: 0.001000, 8.08s
2024-10-07 20:06:08,091 - INFO - epoch complete!
2024-10-07 20:06:08,092 - INFO - evaluating now!
2024-10-07 20:06:08,367 - INFO - Epoch [5/50] train_loss: 3.5022, val_loss: 3.5821, lr: 0.001000, 8.07s
2024-10-07 20:06:08,369 - INFO - Saved model at 5
2024-10-07 20:06:08,369 - INFO - Val loss decrease from 3.6705 to 3.5821, saving to ./libcity/cache/46/model_cache/RNN_METR_LA_epoch5.tar
2024-10-07 20:06:16,042 - INFO - epoch complete!
2024-10-07 20:06:16,042 - INFO - evaluating now!
2024-10-07 20:06:16,312 - INFO - Epoch [6/50] train_loss: 3.4607, val_loss: 3.5689, lr: 0.001000, 7.94s
2024-10-07 20:06:16,315 - INFO - Saved model at 6
2024-10-07 20:06:16,315 - INFO - Val loss decrease from 3.5821 to 3.5689, saving to ./libcity/cache/46/model_cache/RNN_METR_LA_epoch6.tar
2024-10-07 20:06:24,118 - INFO - epoch complete!
2024-10-07 20:06:24,118 - INFO - evaluating now!
2024-10-07 20:06:24,405 - INFO - Epoch [7/50] train_loss: 3.4368, val_loss: 3.5613, lr: 0.001000, 8.09s
2024-10-07 20:06:24,407 - INFO - Saved model at 7
2024-10-07 20:06:24,407 - INFO - Val loss decrease from 3.5689 to 3.5613, saving to ./libcity/cache/46/model_cache/RNN_METR_LA_epoch7.tar
2024-10-07 20:06:32,101 - INFO - epoch complete!
2024-10-07 20:06:32,102 - INFO - evaluating now!
2024-10-07 20:06:32,372 - INFO - Epoch [8/50] train_loss: 3.4228, val_loss: 3.5498, lr: 0.001000, 7.96s
2024-10-07 20:06:32,374 - INFO - Saved model at 8
2024-10-07 20:06:32,374 - INFO - Val loss decrease from 3.5613 to 3.5498, saving to ./libcity/cache/46/model_cache/RNN_METR_LA_epoch8.tar
2024-10-07 20:06:39,989 - INFO - epoch complete!
2024-10-07 20:06:39,989 - INFO - evaluating now!
2024-10-07 20:06:40,248 - INFO - Epoch [9/50] train_loss: 3.4077, val_loss: 3.5377, lr: 0.001000, 7.87s
2024-10-07 20:06:40,251 - INFO - Saved model at 9
2024-10-07 20:06:40,251 - INFO - Val loss decrease from 3.5498 to 3.5377, saving to ./libcity/cache/46/model_cache/RNN_METR_LA_epoch9.tar
2024-10-07 20:06:47,943 - INFO - epoch complete!
2024-10-07 20:06:47,943 - INFO - evaluating now!
2024-10-07 20:06:48,230 - INFO - Epoch [10/50] train_loss: 3.3899, val_loss: 3.5495, lr: 0.001000, 7.98s
2024-10-07 20:06:55,952 - INFO - epoch complete!
2024-10-07 20:06:55,952 - INFO - evaluating now!
2024-10-07 20:06:56,228 - INFO - Epoch [11/50] train_loss: 3.3659, val_loss: 3.5218, lr: 0.001000, 8.00s
2024-10-07 20:06:56,230 - INFO - Saved model at 11
2024-10-07 20:06:56,230 - INFO - Val loss decrease from 3.5377 to 3.5218, saving to ./libcity/cache/46/model_cache/RNN_METR_LA_epoch11.tar
2024-10-07 20:07:04,099 - INFO - epoch complete!
2024-10-07 20:07:04,100 - INFO - evaluating now!
2024-10-07 20:07:04,378 - INFO - Epoch [12/50] train_loss: 3.3521, val_loss: 3.5176, lr: 0.001000, 8.15s
2024-10-07 20:07:04,380 - INFO - Saved model at 12
2024-10-07 20:07:04,380 - INFO - Val loss decrease from 3.5218 to 3.5176, saving to ./libcity/cache/46/model_cache/RNN_METR_LA_epoch12.tar
2024-10-07 20:07:12,231 - INFO - epoch complete!
2024-10-07 20:07:12,231 - INFO - evaluating now!
2024-10-07 20:07:12,507 - INFO - Epoch [13/50] train_loss: 3.3389, val_loss: 3.5020, lr: 0.001000, 8.13s
2024-10-07 20:07:12,509 - INFO - Saved model at 13
2024-10-07 20:07:12,509 - INFO - Val loss decrease from 3.5176 to 3.5020, saving to ./libcity/cache/46/model_cache/RNN_METR_LA_epoch13.tar
2024-10-07 20:07:20,469 - INFO - epoch complete!
2024-10-07 20:07:20,469 - INFO - evaluating now!
2024-10-07 20:07:20,755 - INFO - Epoch [14/50] train_loss: 3.3323, val_loss: 3.5201, lr: 0.001000, 8.25s
2024-10-07 20:07:28,604 - INFO - epoch complete!
2024-10-07 20:07:28,604 - INFO - evaluating now!
2024-10-07 20:07:28,863 - INFO - Epoch [15/50] train_loss: 3.3180, val_loss: 3.5042, lr: 0.001000, 8.11s
2024-10-07 20:07:36,617 - INFO - epoch complete!
2024-10-07 20:07:36,617 - INFO - evaluating now!
2024-10-07 20:07:36,893 - INFO - Epoch [16/50] train_loss: 3.3121, val_loss: 3.4927, lr: 0.001000, 8.03s
2024-10-07 20:07:36,896 - INFO - Saved model at 16
2024-10-07 20:07:36,896 - INFO - Val loss decrease from 3.5020 to 3.4927, saving to ./libcity/cache/46/model_cache/RNN_METR_LA_epoch16.tar
2024-10-07 20:07:44,728 - INFO - epoch complete!
2024-10-07 20:07:44,728 - INFO - evaluating now!
2024-10-07 20:07:45,012 - INFO - Epoch [17/50] train_loss: 3.2947, val_loss: 3.4867, lr: 0.001000, 8.12s
2024-10-07 20:07:45,014 - INFO - Saved model at 17
2024-10-07 20:07:45,014 - INFO - Val loss decrease from 3.4927 to 3.4867, saving to ./libcity/cache/46/model_cache/RNN_METR_LA_epoch17.tar
2024-10-07 20:07:52,915 - INFO - epoch complete!
2024-10-07 20:07:52,916 - INFO - evaluating now!
2024-10-07 20:07:53,197 - INFO - Epoch [18/50] train_loss: 3.2806, val_loss: 3.4648, lr: 0.001000, 8.18s
2024-10-07 20:07:53,200 - INFO - Saved model at 18
2024-10-07 20:07:53,200 - INFO - Val loss decrease from 3.4867 to 3.4648, saving to ./libcity/cache/46/model_cache/RNN_METR_LA_epoch18.tar
2024-10-07 20:08:00,970 - INFO - epoch complete!
2024-10-07 20:08:00,970 - INFO - evaluating now!
2024-10-07 20:08:01,252 - INFO - Epoch [19/50] train_loss: 3.2754, val_loss: 3.4661, lr: 0.000100, 8.05s
2024-10-07 20:08:09,041 - INFO - epoch complete!
2024-10-07 20:08:09,041 - INFO - evaluating now!
2024-10-07 20:08:09,327 - INFO - Epoch [20/50] train_loss: 3.2548, val_loss: 3.4574, lr: 0.000100, 8.07s
2024-10-07 20:08:09,330 - INFO - Saved model at 20
2024-10-07 20:08:09,330 - INFO - Val loss decrease from 3.4648 to 3.4574, saving to ./libcity/cache/46/model_cache/RNN_METR_LA_epoch20.tar
2024-10-07 20:08:17,130 - INFO - epoch complete!
2024-10-07 20:08:17,130 - INFO - evaluating now!
2024-10-07 20:08:17,393 - INFO - Epoch [21/50] train_loss: 3.2472, val_loss: 3.4535, lr: 0.000100, 8.06s
2024-10-07 20:08:17,395 - INFO - Saved model at 21
2024-10-07 20:08:17,395 - INFO - Val loss decrease from 3.4574 to 3.4535, saving to ./libcity/cache/46/model_cache/RNN_METR_LA_epoch21.tar
2024-10-07 20:08:24,959 - INFO - epoch complete!
2024-10-07 20:08:24,959 - INFO - evaluating now!
2024-10-07 20:08:25,229 - INFO - Epoch [22/50] train_loss: 3.2438, val_loss: 3.4568, lr: 0.000100, 7.83s
2024-10-07 20:08:32,916 - INFO - epoch complete!
2024-10-07 20:08:32,917 - INFO - evaluating now!
2024-10-07 20:08:33,164 - INFO - Epoch [23/50] train_loss: 3.2413, val_loss: 3.4533, lr: 0.000100, 7.93s
2024-10-07 20:08:33,166 - INFO - Saved model at 23
2024-10-07 20:08:33,166 - INFO - Val loss decrease from 3.4535 to 3.4533, saving to ./libcity/cache/46/model_cache/RNN_METR_LA_epoch23.tar
2024-10-07 20:08:41,078 - INFO - epoch complete!
2024-10-07 20:08:41,078 - INFO - evaluating now!
2024-10-07 20:08:41,351 - INFO - Epoch [24/50] train_loss: 3.2397, val_loss: 3.4449, lr: 0.000100, 8.18s
2024-10-07 20:08:41,353 - INFO - Saved model at 24
2024-10-07 20:08:41,353 - INFO - Val loss decrease from 3.4533 to 3.4449, saving to ./libcity/cache/46/model_cache/RNN_METR_LA_epoch24.tar
2024-10-07 20:08:49,465 - INFO - epoch complete!
2024-10-07 20:08:49,465 - INFO - evaluating now!
2024-10-07 20:08:49,736 - INFO - Epoch [25/50] train_loss: 3.2383, val_loss: 3.4518, lr: 0.000100, 8.38s
2024-10-07 20:08:57,670 - INFO - epoch complete!
2024-10-07 20:08:57,670 - INFO - evaluating now!
2024-10-07 20:08:57,929 - INFO - Epoch [26/50] train_loss: 3.2375, val_loss: 3.4496, lr: 0.000100, 8.19s
2024-10-07 20:09:05,608 - INFO - epoch complete!
2024-10-07 20:09:05,609 - INFO - evaluating now!
2024-10-07 20:09:05,871 - INFO - Epoch [27/50] train_loss: 3.2353, val_loss: 3.4491, lr: 0.000100, 7.94s
2024-10-07 20:09:13,917 - INFO - epoch complete!
2024-10-07 20:09:13,918 - INFO - evaluating now!
2024-10-07 20:09:14,162 - INFO - Epoch [28/50] train_loss: 3.2339, val_loss: 3.4449, lr: 0.000100, 8.29s
2024-10-07 20:09:14,165 - INFO - Saved model at 28
2024-10-07 20:09:14,165 - INFO - Val loss decrease from 3.4449 to 3.4449, saving to ./libcity/cache/46/model_cache/RNN_METR_LA_epoch28.tar
2024-10-07 20:09:21,908 - INFO - epoch complete!
2024-10-07 20:09:21,908 - INFO - evaluating now!
2024-10-07 20:09:22,173 - INFO - Epoch [29/50] train_loss: 3.2322, val_loss: 3.4475, lr: 0.000100, 8.01s
2024-10-07 20:09:29,974 - INFO - epoch complete!
2024-10-07 20:09:29,974 - INFO - evaluating now!
2024-10-07 20:09:30,252 - INFO - Epoch [30/50] train_loss: 3.2305, val_loss: 3.4437, lr: 0.000100, 8.08s
2024-10-07 20:09:30,255 - INFO - Saved model at 30
2024-10-07 20:09:30,255 - INFO - Val loss decrease from 3.4449 to 3.4437, saving to ./libcity/cache/46/model_cache/RNN_METR_LA_epoch30.tar
2024-10-07 20:09:38,078 - INFO - epoch complete!
2024-10-07 20:09:38,078 - INFO - evaluating now!
2024-10-07 20:09:38,336 - INFO - Epoch [31/50] train_loss: 3.2294, val_loss: 3.4451, lr: 0.000100, 8.08s
2024-10-07 20:09:45,825 - INFO - epoch complete!
2024-10-07 20:09:45,825 - INFO - evaluating now!
2024-10-07 20:09:46,097 - INFO - Epoch [32/50] train_loss: 3.2284, val_loss: 3.4440, lr: 0.000100, 7.76s
2024-10-07 20:09:53,839 - INFO - epoch complete!
2024-10-07 20:09:53,839 - INFO - evaluating now!
2024-10-07 20:09:54,088 - INFO - Epoch [33/50] train_loss: 3.2272, val_loss: 3.4453, lr: 0.000100, 7.99s
2024-10-07 20:10:01,726 - INFO - epoch complete!
2024-10-07 20:10:01,726 - INFO - evaluating now!
2024-10-07 20:10:02,010 - INFO - Epoch [34/50] train_loss: 3.2258, val_loss: 3.4449, lr: 0.000100, 7.92s
2024-10-07 20:10:09,714 - INFO - epoch complete!
2024-10-07 20:10:09,714 - INFO - evaluating now!
2024-10-07 20:10:09,977 - INFO - Epoch [35/50] train_loss: 3.2245, val_loss: 3.4437, lr: 0.000100, 7.97s
2024-10-07 20:10:17,823 - INFO - epoch complete!
2024-10-07 20:10:17,823 - INFO - evaluating now!
2024-10-07 20:10:18,107 - INFO - Epoch [36/50] train_loss: 3.2237, val_loss: 3.4456, lr: 0.000100, 8.13s
2024-10-07 20:10:25,734 - INFO - epoch complete!
2024-10-07 20:10:25,734 - INFO - evaluating now!
2024-10-07 20:10:25,993 - INFO - Epoch [37/50] train_loss: 3.2220, val_loss: 3.4438, lr: 0.000100, 7.89s
2024-10-07 20:10:33,860 - INFO - epoch complete!
2024-10-07 20:10:33,860 - INFO - evaluating now!
2024-10-07 20:10:34,127 - INFO - Epoch [38/50] train_loss: 3.2216, val_loss: 3.4425, lr: 0.000100, 8.13s
2024-10-07 20:10:34,130 - INFO - Saved model at 38
2024-10-07 20:10:34,130 - INFO - Val loss decrease from 3.4437 to 3.4425, saving to ./libcity/cache/46/model_cache/RNN_METR_LA_epoch38.tar
2024-10-07 20:10:42,016 - INFO - epoch complete!
2024-10-07 20:10:42,016 - INFO - evaluating now!
2024-10-07 20:10:42,277 - INFO - Epoch [39/50] train_loss: 3.2201, val_loss: 3.4420, lr: 0.000010, 8.15s
2024-10-07 20:10:42,280 - INFO - Saved model at 39
2024-10-07 20:10:42,280 - INFO - Val loss decrease from 3.4425 to 3.4420, saving to ./libcity/cache/46/model_cache/RNN_METR_LA_epoch39.tar
2024-10-07 20:10:50,251 - INFO - epoch complete!
2024-10-07 20:10:50,251 - INFO - evaluating now!
2024-10-07 20:10:50,533 - INFO - Epoch [40/50] train_loss: 3.2179, val_loss: 3.4416, lr: 0.000010, 8.25s
2024-10-07 20:10:50,535 - INFO - Saved model at 40
2024-10-07 20:10:50,535 - INFO - Val loss decrease from 3.4420 to 3.4416, saving to ./libcity/cache/46/model_cache/RNN_METR_LA_epoch40.tar
2024-10-07 20:10:58,471 - INFO - epoch complete!
2024-10-07 20:10:58,471 - INFO - evaluating now!
2024-10-07 20:10:58,753 - INFO - Epoch [41/50] train_loss: 3.2171, val_loss: 3.4428, lr: 0.000010, 8.22s
2024-10-07 20:11:06,761 - INFO - epoch complete!
2024-10-07 20:11:06,761 - INFO - evaluating now!
2024-10-07 20:11:07,043 - INFO - Epoch [42/50] train_loss: 3.2167, val_loss: 3.4420, lr: 0.000010, 8.29s
2024-10-07 20:11:15,016 - INFO - epoch complete!
2024-10-07 20:11:15,017 - INFO - evaluating now!
2024-10-07 20:11:15,274 - INFO - Epoch [43/50] train_loss: 3.2168, val_loss: 3.4426, lr: 0.000010, 8.23s
2024-10-07 20:11:23,160 - INFO - epoch complete!
2024-10-07 20:11:23,160 - INFO - evaluating now!
2024-10-07 20:11:23,424 - INFO - Epoch [44/50] train_loss: 3.2164, val_loss: 3.4427, lr: 0.000010, 8.15s
2024-10-07 20:11:31,458 - INFO - epoch complete!
2024-10-07 20:11:31,459 - INFO - evaluating now!
2024-10-07 20:11:31,715 - INFO - Epoch [45/50] train_loss: 3.2165, val_loss: 3.4405, lr: 0.000010, 8.29s
2024-10-07 20:11:31,718 - INFO - Saved model at 45
2024-10-07 20:11:31,718 - INFO - Val loss decrease from 3.4416 to 3.4405, saving to ./libcity/cache/46/model_cache/RNN_METR_LA_epoch45.tar
2024-10-07 20:11:39,712 - INFO - epoch complete!
2024-10-07 20:11:39,712 - INFO - evaluating now!
2024-10-07 20:11:39,973 - INFO - Epoch [46/50] train_loss: 3.2161, val_loss: 3.4413, lr: 0.000010, 8.25s
2024-10-07 20:11:47,760 - INFO - epoch complete!
2024-10-07 20:11:47,760 - INFO - evaluating now!
2024-10-07 20:11:48,035 - INFO - Epoch [47/50] train_loss: 3.2162, val_loss: 3.4406, lr: 0.000010, 8.06s
2024-10-07 20:11:55,955 - INFO - epoch complete!
2024-10-07 20:11:55,956 - INFO - evaluating now!
2024-10-07 20:11:56,216 - INFO - Epoch [48/50] train_loss: 3.2160, val_loss: 3.4430, lr: 0.000010, 8.18s
2024-10-07 20:12:04,188 - INFO - epoch complete!
2024-10-07 20:12:04,188 - INFO - evaluating now!
2024-10-07 20:12:04,448 - INFO - Epoch [49/50] train_loss: 3.2153, val_loss: 3.4420, lr: 0.000010, 8.23s
2024-10-07 20:12:04,448 - INFO - Trained totally 50 epochs, average train time is 7.829s, average eval time is 0.269s
2024-10-07 20:12:04,483 - INFO - Loaded model at 45
2024-10-07 20:12:04,483 - INFO - Saved model at ./libcity/cache/46/model_cache/LSTM_METR_LA.m
2024-10-07 20:12:04,485 - INFO - Start evaluating ...
2024-10-07 20:12:12,973 - INFO - Note that you select the single mode to evaluate!
2024-10-07 20:12:12,975 - INFO - Evaluate result is saved at ./libcity/cache/46/evaluate_cache/2024_10_07_20_12_12_RNN_METR_LA.csv
2024-10-07 20:12:12,979 - INFO - 
         MAE      MAPE      RMSE
1   3.757185  0.102833  6.957452
2   3.737869  0.103504  7.063519
3   3.745479  0.104521  7.163586
4   3.761978  0.105551  7.253231
5   3.781167  0.106536  7.333460
6   3.804048  0.107531  7.408185
7   3.825120  0.108451  7.476610
8   3.846412  0.109351  7.541929
9   3.867657  0.110222  7.604035
10  3.888163  0.111058  7.663425
11  3.908295  0.111881  7.720448
12  3.928247  0.112725  7.775775
