2024-10-08 12:01:51,750 - INFO - Log directory: ./libcity/log
2024-10-08 12:01:51,750 - INFO - Begin pipeline, task=MTS_pred, model_name=LSTM, dataset_name=humidity, exp_id=46
2024-10-08 12:01:51,750 - INFO - {'task': 'MTS_pred', 'model': 'RNN', 'dataset': 'humidity', 'saved_model': True, 'exp_id': '46', 'seed': 0, 'max_epoch': 50, 'dataset_class': 'StatePointDataset', 'executor': 'StateExecutor', 'evaluator': 'StateEvaluator', 'rnn_type': 'LSTM', 'hidden_size': 64, 'num_layers': 1, 'dropout': 0, 'bidirectional': False, 'teacher_forcing_ratio': 0, 'scaler': 'standard', 'load_external': False, 'normal_external': False, 'ext_scaler': 'none', 'add_time_in_day': True, 'add_day_in_week': False, 'learner': 'adam', 'learning_rate': 0.01, 'lr_decay': True, 'lr_scheduler': 'multisteplr', 'lr_decay_ratio': 0.1, 'steps': [5, 20, 40, 70], 'clip_grad_norm': True, 'max_grad_norm': 5, 'use_early_stop': True, 'patience': 50, 'batch_size': 64, 'cache_dataset': True, 'num_workers': 0, 'pad_with_last_sample': True, 'train_rate': 0.7, 'eval_rate': 0.1, 'input_window': 12, 'output_window': 12, 'robustness_test': False, 'noise_type': 'gaussian', 'disturb_rate': 0.5, 'noise_mean': [5], 'noise_SD': [10], 'gpu': True, 'gpu_id': 0, 'train_loss': 'none', 'epoch': 0, 'weight_decay': 0, 'lr_epsilon': 1e-08, 'lr_beta1': 0.9, 'lr_beta2': 0.999, 'lr_alpha': 0.99, 'lr_momentum': 0, 'step_size': 10, 'lr_T_max': 30, 'lr_eta_min': 0, 'lr_patience': 10, 'lr_threshold': 0.0001, 'log_level': 'INFO', 'log_every': 1, 'load_best_epoch': True, 'hyper_tune': False, 'metrics': ['MAE', 'MAPE', 'RMSE'], 'evaluator_mode': 'single', 'save_mode': ['csv'], 'geo': {'including_types': ['Point'], 'Point': {}}, 'rel': {'including_types': ['geo'], 'geo': {'cost': 'num'}}, 'dyna': {'including_types': ['state'], 'state': {'entity_id': 'geo_id', 'traffic_speed': 'num'}}, 'data_col': ['traffic_speed'], 'weight_col': 'cost', 'data_files': ['humidity'], 'geo_file': 'humidity', 'rel_file': 'humidity', 'output_dim': 1, 'time_intervals': 300, 'init_weight_inf_or_zero': 'inf', 'set_weight_link_or_dist': 'dist', 'calculate_weight_adj': True, 'weight_adj_epsilon': 0.1, 'device': device(type='cuda', index=0)}
2024-10-08 12:01:53,844 - INFO - Loaded file humidity_feature.csv, shape=(3322, 2048, 1)
2024-10-08 12:01:54,915 - INFO - Dataset created
2024-10-08 12:01:54,915 - INFO - x shape: (3299, 12, 2048, 1), y shape: (3299, 12, 2048, 1)
2024-10-08 12:01:54,919 - INFO - train	x: (2309, 12, 2048, 1), y: (2309, 12, 2048, 1)
2024-10-08 12:01:54,919 - INFO - eval	x: (330, 12, 2048, 1), y: (330, 12, 2048, 1)
2024-10-08 12:01:54,919 - INFO - test	x: (660, 12, 2048, 1), y: (660, 12, 2048, 1)
2024-10-08 12:03:41,824 - INFO - Saved at ./libcity/cache/dataset_cache/point_based_humidity_12_12_0.7_0.1_standard_64_False_True_False_True.npz
2024-10-08 12:03:42,052 - INFO - StandardScaler mean: 78.66855544535464, std: 17.406175498267864
2024-10-08 12:03:42,052 - INFO - NoneScaler
2024-10-08 12:03:43,175 - INFO - You select rnn_type LSTM in RNN!
2024-10-08 12:03:43,342 - INFO - RNN(
  (rnn): LSTM(2048, 64)
  (fc): Linear(in_features=64, out_features=2048, bias=True)
)
2024-10-08 12:03:43,342 - INFO - rnn.weight_ih_l0	torch.Size([256, 2048])	cuda:0	True
2024-10-08 12:03:43,342 - INFO - rnn.weight_hh_l0	torch.Size([256, 64])	cuda:0	True
2024-10-08 12:03:43,342 - INFO - rnn.bias_ih_l0	torch.Size([256])	cuda:0	True
2024-10-08 12:03:43,342 - INFO - rnn.bias_hh_l0	torch.Size([256])	cuda:0	True
2024-10-08 12:03:43,342 - INFO - fc.weight	torch.Size([2048, 64])	cuda:0	True
2024-10-08 12:03:43,343 - INFO - fc.bias	torch.Size([2048])	cuda:0	True
2024-10-08 12:03:43,343 - INFO - Total parameter numbers: 674304
2024-10-08 12:03:43,343 - INFO - You select `adam` optimizer.
2024-10-08 12:03:43,849 - INFO - You select `multisteplr` lr_scheduler.
2024-10-08 12:03:43,850 - WARNING - Received none train loss func and will use the loss func defined in the model.
2024-10-08 12:03:43,850 - INFO - Start training ...
2024-10-08 12:03:43,850 - INFO - num_batches:37
2024-10-08 12:03:45,605 - INFO - epoch complete!
2024-10-08 12:03:45,606 - INFO - evaluating now!
2024-10-08 12:03:45,721 - INFO - Epoch [0/50] train_loss: 10.0097, val_loss: 9.1115, lr: 0.010000, 1.87s
2024-10-08 12:03:45,733 - INFO - Saved model at 0
2024-10-08 12:03:45,733 - INFO - Val loss decrease from inf to 9.1115, saving to ./libcity/cache/46/model_cache/RNN_humidity_epoch0.tar
2024-10-08 12:03:46,949 - INFO - epoch complete!
2024-10-08 12:03:46,949 - INFO - evaluating now!
2024-10-08 12:03:47,068 - INFO - Epoch [1/50] train_loss: 8.9880, val_loss: 8.7774, lr: 0.010000, 1.34s
2024-10-08 12:03:47,082 - INFO - Saved model at 1
2024-10-08 12:03:47,082 - INFO - Val loss decrease from 9.1115 to 8.7774, saving to ./libcity/cache/46/model_cache/RNN_humidity_epoch1.tar
2024-10-08 12:03:48,276 - INFO - epoch complete!
2024-10-08 12:03:48,276 - INFO - evaluating now!
2024-10-08 12:03:48,425 - INFO - Epoch [2/50] train_loss: 8.7815, val_loss: 8.8079, lr: 0.010000, 1.34s
2024-10-08 12:03:49,633 - INFO - epoch complete!
2024-10-08 12:03:49,634 - INFO - evaluating now!
2024-10-08 12:03:49,781 - INFO - Epoch [3/50] train_loss: 8.7201, val_loss: 8.8192, lr: 0.010000, 1.36s
2024-10-08 12:03:50,968 - INFO - epoch complete!
2024-10-08 12:03:50,969 - INFO - evaluating now!
2024-10-08 12:03:51,123 - INFO - Epoch [4/50] train_loss: 8.7720, val_loss: 8.8390, lr: 0.001000, 1.34s
2024-10-08 12:03:52,394 - INFO - epoch complete!
2024-10-08 12:03:52,395 - INFO - evaluating now!
2024-10-08 12:03:52,539 - INFO - Epoch [5/50] train_loss: 8.7892, val_loss: 8.7846, lr: 0.001000, 1.42s
2024-10-08 12:03:53,820 - INFO - epoch complete!
2024-10-08 12:03:53,820 - INFO - evaluating now!
2024-10-08 12:03:53,928 - INFO - Epoch [6/50] train_loss: 8.7570, val_loss: 8.7803, lr: 0.001000, 1.39s
2024-10-08 12:03:55,143 - INFO - epoch complete!
2024-10-08 12:03:55,144 - INFO - evaluating now!
2024-10-08 12:03:55,279 - INFO - Epoch [7/50] train_loss: 8.7286, val_loss: 8.7812, lr: 0.001000, 1.35s
2024-10-08 12:03:56,590 - INFO - epoch complete!
2024-10-08 12:03:56,591 - INFO - evaluating now!
2024-10-08 12:03:56,726 - INFO - Epoch [8/50] train_loss: 8.7021, val_loss: 8.7670, lr: 0.001000, 1.45s
2024-10-08 12:03:56,744 - INFO - Saved model at 8
2024-10-08 12:03:56,745 - INFO - Val loss decrease from 8.7774 to 8.7670, saving to ./libcity/cache/46/model_cache/RNN_humidity_epoch8.tar
2024-10-08 12:03:57,951 - INFO - epoch complete!
2024-10-08 12:03:57,951 - INFO - evaluating now!
2024-10-08 12:03:58,049 - INFO - Epoch [9/50] train_loss: 8.6898, val_loss: 8.7638, lr: 0.001000, 1.30s
2024-10-08 12:03:58,058 - INFO - Saved model at 9
2024-10-08 12:03:58,058 - INFO - Val loss decrease from 8.7670 to 8.7638, saving to ./libcity/cache/46/model_cache/RNN_humidity_epoch9.tar
2024-10-08 12:03:59,266 - INFO - epoch complete!
2024-10-08 12:03:59,266 - INFO - evaluating now!
2024-10-08 12:03:59,367 - INFO - Epoch [10/50] train_loss: 8.6776, val_loss: 8.7416, lr: 0.001000, 1.31s
2024-10-08 12:03:59,377 - INFO - Saved model at 10
2024-10-08 12:03:59,378 - INFO - Val loss decrease from 8.7638 to 8.7416, saving to ./libcity/cache/46/model_cache/RNN_humidity_epoch10.tar
2024-10-08 12:04:00,592 - INFO - epoch complete!
2024-10-08 12:04:00,593 - INFO - evaluating now!
2024-10-08 12:04:00,703 - INFO - Epoch [11/50] train_loss: 8.6693, val_loss: 8.7398, lr: 0.001000, 1.32s
2024-10-08 12:04:00,712 - INFO - Saved model at 11
2024-10-08 12:04:00,712 - INFO - Val loss decrease from 8.7416 to 8.7398, saving to ./libcity/cache/46/model_cache/RNN_humidity_epoch11.tar
2024-10-08 12:04:01,929 - INFO - epoch complete!
2024-10-08 12:04:01,929 - INFO - evaluating now!
2024-10-08 12:04:02,036 - INFO - Epoch [12/50] train_loss: 8.6657, val_loss: 8.7441, lr: 0.001000, 1.32s
2024-10-08 12:04:03,227 - INFO - epoch complete!
2024-10-08 12:04:03,228 - INFO - evaluating now!
2024-10-08 12:04:03,335 - INFO - Epoch [13/50] train_loss: 8.6615, val_loss: 8.7391, lr: 0.001000, 1.30s
2024-10-08 12:04:03,343 - INFO - Saved model at 13
2024-10-08 12:04:03,343 - INFO - Val loss decrease from 8.7398 to 8.7391, saving to ./libcity/cache/46/model_cache/RNN_humidity_epoch13.tar
2024-10-08 12:04:04,547 - INFO - epoch complete!
2024-10-08 12:04:04,548 - INFO - evaluating now!
2024-10-08 12:04:04,640 - INFO - Epoch [14/50] train_loss: 8.6583, val_loss: 8.7184, lr: 0.001000, 1.30s
2024-10-08 12:04:04,650 - INFO - Saved model at 14
2024-10-08 12:04:04,650 - INFO - Val loss decrease from 8.7391 to 8.7184, saving to ./libcity/cache/46/model_cache/RNN_humidity_epoch14.tar
2024-10-08 12:04:05,848 - INFO - epoch complete!
2024-10-08 12:04:05,848 - INFO - evaluating now!
2024-10-08 12:04:05,951 - INFO - Epoch [15/50] train_loss: 8.6436, val_loss: 8.7212, lr: 0.001000, 1.30s
2024-10-08 12:04:07,120 - INFO - epoch complete!
2024-10-08 12:04:07,120 - INFO - evaluating now!
2024-10-08 12:04:07,234 - INFO - Epoch [16/50] train_loss: 8.6416, val_loss: 8.7213, lr: 0.001000, 1.28s
2024-10-08 12:04:08,436 - INFO - epoch complete!
2024-10-08 12:04:08,437 - INFO - evaluating now!
2024-10-08 12:04:08,557 - INFO - Epoch [17/50] train_loss: 8.6397, val_loss: 8.7289, lr: 0.001000, 1.32s
2024-10-08 12:04:09,712 - INFO - epoch complete!
2024-10-08 12:04:09,713 - INFO - evaluating now!
2024-10-08 12:04:09,848 - INFO - Epoch [18/50] train_loss: 8.6441, val_loss: 8.7179, lr: 0.001000, 1.29s
2024-10-08 12:04:09,857 - INFO - Saved model at 18
2024-10-08 12:04:09,857 - INFO - Val loss decrease from 8.7184 to 8.7179, saving to ./libcity/cache/46/model_cache/RNN_humidity_epoch18.tar
2024-10-08 12:04:11,018 - INFO - epoch complete!
2024-10-08 12:04:11,019 - INFO - evaluating now!
2024-10-08 12:04:11,169 - INFO - Epoch [19/50] train_loss: 8.6386, val_loss: 8.7237, lr: 0.000100, 1.31s
2024-10-08 12:04:12,406 - INFO - epoch complete!
2024-10-08 12:04:12,406 - INFO - evaluating now!
2024-10-08 12:04:12,516 - INFO - Epoch [20/50] train_loss: 8.6399, val_loss: 8.7204, lr: 0.000100, 1.35s
2024-10-08 12:04:13,740 - INFO - epoch complete!
2024-10-08 12:04:13,740 - INFO - evaluating now!
2024-10-08 12:04:13,851 - INFO - Epoch [21/50] train_loss: 8.6348, val_loss: 8.7189, lr: 0.000100, 1.33s
2024-10-08 12:04:15,031 - INFO - epoch complete!
2024-10-08 12:04:15,032 - INFO - evaluating now!
2024-10-08 12:04:15,143 - INFO - Epoch [22/50] train_loss: 8.6342, val_loss: 8.7187, lr: 0.000100, 1.29s
2024-10-08 12:04:16,290 - INFO - epoch complete!
2024-10-08 12:04:16,290 - INFO - evaluating now!
2024-10-08 12:04:16,408 - INFO - Epoch [23/50] train_loss: 8.6340, val_loss: 8.7180, lr: 0.000100, 1.26s
2024-10-08 12:04:17,590 - INFO - epoch complete!
2024-10-08 12:04:17,590 - INFO - evaluating now!
2024-10-08 12:04:17,736 - INFO - Epoch [24/50] train_loss: 8.6339, val_loss: 8.7183, lr: 0.000100, 1.33s
2024-10-08 12:04:18,946 - INFO - epoch complete!
2024-10-08 12:04:18,946 - INFO - evaluating now!
2024-10-08 12:04:19,078 - INFO - Epoch [25/50] train_loss: 8.6334, val_loss: 8.7181, lr: 0.000100, 1.34s
2024-10-08 12:04:20,213 - INFO - epoch complete!
2024-10-08 12:04:20,214 - INFO - evaluating now!
2024-10-08 12:04:20,356 - INFO - Epoch [26/50] train_loss: 8.6327, val_loss: 8.7183, lr: 0.000100, 1.28s
2024-10-08 12:04:21,520 - INFO - epoch complete!
2024-10-08 12:04:21,520 - INFO - evaluating now!
2024-10-08 12:04:21,649 - INFO - Epoch [27/50] train_loss: 8.6325, val_loss: 8.7183, lr: 0.000100, 1.29s
2024-10-08 12:04:22,845 - INFO - epoch complete!
2024-10-08 12:04:22,846 - INFO - evaluating now!
2024-10-08 12:04:22,978 - INFO - Epoch [28/50] train_loss: 8.6326, val_loss: 8.7195, lr: 0.000100, 1.33s
2024-10-08 12:04:24,148 - INFO - epoch complete!
2024-10-08 12:04:24,150 - INFO - evaluating now!
2024-10-08 12:04:24,291 - INFO - Epoch [29/50] train_loss: 8.6316, val_loss: 8.7189, lr: 0.000100, 1.31s
2024-10-08 12:04:25,531 - INFO - epoch complete!
2024-10-08 12:04:25,531 - INFO - evaluating now!
2024-10-08 12:04:25,667 - INFO - Epoch [30/50] train_loss: 8.6317, val_loss: 8.7188, lr: 0.000100, 1.38s
2024-10-08 12:04:26,890 - INFO - epoch complete!
2024-10-08 12:04:26,890 - INFO - evaluating now!
2024-10-08 12:04:27,034 - INFO - Epoch [31/50] train_loss: 8.6311, val_loss: 8.7177, lr: 0.000100, 1.37s
2024-10-08 12:04:27,044 - INFO - Saved model at 31
2024-10-08 12:04:27,044 - INFO - Val loss decrease from 8.7179 to 8.7177, saving to ./libcity/cache/46/model_cache/RNN_humidity_epoch31.tar
2024-10-08 12:04:28,198 - INFO - epoch complete!
2024-10-08 12:04:28,198 - INFO - evaluating now!
2024-10-08 12:04:28,328 - INFO - Epoch [32/50] train_loss: 8.6315, val_loss: 8.7185, lr: 0.000100, 1.28s
2024-10-08 12:04:29,498 - INFO - epoch complete!
2024-10-08 12:04:29,499 - INFO - evaluating now!
2024-10-08 12:04:29,635 - INFO - Epoch [33/50] train_loss: 8.6307, val_loss: 8.7187, lr: 0.000100, 1.31s
2024-10-08 12:04:30,738 - INFO - epoch complete!
2024-10-08 12:04:30,738 - INFO - evaluating now!
2024-10-08 12:04:30,870 - INFO - Epoch [34/50] train_loss: 8.6306, val_loss: 8.7185, lr: 0.000100, 1.23s
2024-10-08 12:04:32,084 - INFO - epoch complete!
2024-10-08 12:04:32,084 - INFO - evaluating now!
2024-10-08 12:04:32,220 - INFO - Epoch [35/50] train_loss: 8.6302, val_loss: 8.7186, lr: 0.000100, 1.35s
2024-10-08 12:04:33,437 - INFO - epoch complete!
2024-10-08 12:04:33,437 - INFO - evaluating now!
2024-10-08 12:04:33,572 - INFO - Epoch [36/50] train_loss: 8.6307, val_loss: 8.7174, lr: 0.000100, 1.35s
2024-10-08 12:04:33,581 - INFO - Saved model at 36
2024-10-08 12:04:33,581 - INFO - Val loss decrease from 8.7177 to 8.7174, saving to ./libcity/cache/46/model_cache/RNN_humidity_epoch36.tar
2024-10-08 12:04:34,740 - INFO - epoch complete!
2024-10-08 12:04:34,741 - INFO - evaluating now!
2024-10-08 12:04:34,881 - INFO - Epoch [37/50] train_loss: 8.6302, val_loss: 8.7183, lr: 0.000100, 1.30s
2024-10-08 12:04:36,043 - INFO - epoch complete!
2024-10-08 12:04:36,043 - INFO - evaluating now!
2024-10-08 12:04:36,170 - INFO - Epoch [38/50] train_loss: 8.6300, val_loss: 8.7183, lr: 0.000100, 1.29s
2024-10-08 12:04:37,386 - INFO - epoch complete!
2024-10-08 12:04:37,386 - INFO - evaluating now!
2024-10-08 12:04:37,521 - INFO - Epoch [39/50] train_loss: 8.6298, val_loss: 8.7182, lr: 0.000010, 1.35s
2024-10-08 12:04:38,720 - INFO - epoch complete!
2024-10-08 12:04:38,721 - INFO - evaluating now!
2024-10-08 12:04:38,847 - INFO - Epoch [40/50] train_loss: 8.6294, val_loss: 8.7181, lr: 0.000010, 1.33s
2024-10-08 12:04:40,081 - INFO - epoch complete!
2024-10-08 12:04:40,081 - INFO - evaluating now!
2024-10-08 12:04:40,211 - INFO - Epoch [41/50] train_loss: 8.6293, val_loss: 8.7181, lr: 0.000010, 1.36s
2024-10-08 12:04:41,383 - INFO - epoch complete!
2024-10-08 12:04:41,383 - INFO - evaluating now!
2024-10-08 12:04:41,524 - INFO - Epoch [42/50] train_loss: 8.6292, val_loss: 8.7181, lr: 0.000010, 1.31s
2024-10-08 12:04:42,775 - INFO - epoch complete!
2024-10-08 12:04:42,775 - INFO - evaluating now!
2024-10-08 12:04:42,900 - INFO - Epoch [43/50] train_loss: 8.6290, val_loss: 8.7182, lr: 0.000010, 1.38s
2024-10-08 12:04:44,121 - INFO - epoch complete!
2024-10-08 12:04:44,121 - INFO - evaluating now!
2024-10-08 12:04:44,212 - INFO - Epoch [44/50] train_loss: 8.6287, val_loss: 8.7181, lr: 0.000010, 1.31s
2024-10-08 12:04:45,445 - INFO - epoch complete!
2024-10-08 12:04:45,445 - INFO - evaluating now!
2024-10-08 12:04:45,580 - INFO - Epoch [45/50] train_loss: 8.6287, val_loss: 8.7181, lr: 0.000010, 1.37s
2024-10-08 12:04:46,783 - INFO - epoch complete!
2024-10-08 12:04:46,783 - INFO - evaluating now!
2024-10-08 12:04:46,927 - INFO - Epoch [46/50] train_loss: 8.6287, val_loss: 8.7180, lr: 0.000010, 1.35s
2024-10-08 12:04:48,146 - INFO - epoch complete!
2024-10-08 12:04:48,147 - INFO - evaluating now!
2024-10-08 12:04:48,265 - INFO - Epoch [47/50] train_loss: 8.6287, val_loss: 8.7181, lr: 0.000010, 1.34s
2024-10-08 12:04:49,434 - INFO - epoch complete!
2024-10-08 12:04:49,434 - INFO - evaluating now!
2024-10-08 12:04:49,565 - INFO - Epoch [48/50] train_loss: 8.6287, val_loss: 8.7181, lr: 0.000010, 1.30s
2024-10-08 12:04:50,752 - INFO - epoch complete!
2024-10-08 12:04:50,752 - INFO - evaluating now!
2024-10-08 12:04:50,946 - INFO - Epoch [49/50] train_loss: 8.6285, val_loss: 8.7180, lr: 0.000010, 1.38s
2024-10-08 12:04:50,946 - INFO - Trained totally 50 epochs, average train time is 1.210s, average eval time is 0.128s
2024-10-08 12:04:50,969 - INFO - Loaded model at 36
2024-10-08 12:04:50,969 - INFO - Saved model at ./libcity/cache/46/model_cache/LSTM_humidity.m
2024-10-08 12:04:50,982 - INFO - Start evaluating ...
2024-10-08 12:05:02,500 - INFO - Note that you select the single mode to evaluate!
2024-10-08 12:05:02,503 - INFO - Evaluate result is saved at ./libcity/cache/46/evaluate_cache/2024_10_08_12_05_02_RNN_humidity.csv
2024-10-08 12:05:02,509 - INFO - 
         MAE      MAPE       RMSE
1   8.740818  0.143670  12.040051
2   8.741792  0.143643  12.036339
3   8.742093  0.143625  12.031265
4   8.740519  0.143541  12.023202
5   8.736802  0.143392  12.013090
6   8.733151  0.143223  12.003961
7   8.730016  0.143039  11.995962
8   8.727220  0.142852  11.988988
9   8.723823  0.142657  11.981517
10  8.719976  0.142452  11.973807
11  8.714893  0.142231  11.964664
12  8.709805  0.142012  11.955539
