2024-10-07 19:58:01,580 - INFO - Log directory: ./libcity/log
2024-10-07 19:58:01,581 - INFO - Begin pipeline, task=MTS_pred, model_name=GRU, dataset_name=METR_LA, exp_id=46
2024-10-07 19:58:01,581 - INFO - {'task': 'MTS_pred', 'model': 'RNN', 'dataset': 'METR_LA', 'saved_model': True, 'exp_id': '46', 'seed': 0, 'max_epoch': 50, 'dataset_class': 'StatePointDataset', 'executor': 'StateExecutor', 'evaluator': 'StateEvaluator', 'rnn_type': 'GRU', 'hidden_size': 64, 'num_layers': 1, 'dropout': 0, 'bidirectional': False, 'teacher_forcing_ratio': 0, 'scaler': 'standard', 'load_external': False, 'normal_external': False, 'ext_scaler': 'none', 'add_time_in_day': True, 'add_day_in_week': False, 'learner': 'adam', 'learning_rate': 0.01, 'lr_decay': True, 'lr_scheduler': 'multisteplr', 'lr_decay_ratio': 0.1, 'steps': [5, 20, 40, 70], 'clip_grad_norm': True, 'max_grad_norm': 5, 'use_early_stop': True, 'patience': 50, 'batch_size': 64, 'cache_dataset': True, 'num_workers': 0, 'pad_with_last_sample': True, 'train_rate': 0.7, 'eval_rate': 0.1, 'input_window': 12, 'output_window': 12, 'robustness_test': False, 'noise_type': 'gaussian', 'disturb_rate': 0.5, 'noise_mean': [5], 'noise_SD': [10], 'gpu': True, 'gpu_id': 0, 'train_loss': 'none', 'epoch': 0, 'weight_decay': 0, 'lr_epsilon': 1e-08, 'lr_beta1': 0.9, 'lr_beta2': 0.999, 'lr_alpha': 0.99, 'lr_momentum': 0, 'step_size': 10, 'lr_T_max': 30, 'lr_eta_min': 0, 'lr_patience': 10, 'lr_threshold': 0.0001, 'log_level': 'INFO', 'log_every': 1, 'load_best_epoch': True, 'hyper_tune': False, 'metrics': ['MAE', 'MAPE', 'RMSE'], 'evaluator_mode': 'single', 'save_mode': ['csv'], 'geo': {'including_types': ['Point'], 'Point': {}}, 'rel': {'including_types': ['geo'], 'geo': {'cost': 'num'}}, 'dyna': {'including_types': ['state'], 'state': {'entity_id': 'geo_id', 'traffic_speed': 'num'}}, 'data_col': ['traffic_speed'], 'weight_col': 'cost', 'data_files': ['METR_LA'], 'geo_file': 'METR_LA', 'rel_file': 'METR_LA', 'output_dim': 1, 'time_intervals': 300, 'init_weight_inf_or_zero': 'inf', 'set_weight_link_or_dist': 'dist', 'calculate_weight_adj': True, 'weight_adj_epsilon': 0.1, 'device': device(type='cuda', index=0)}
2024-10-07 19:58:02,063 - INFO - Loaded file METR_LA_feature.csv, shape=(34272, 207, 1)
2024-10-07 19:58:03,069 - INFO - Dataset created
2024-10-07 19:58:03,070 - INFO - x shape: (34249, 12, 207, 1), y shape: (34249, 12, 207, 1)
2024-10-07 19:58:03,073 - INFO - train	x: (23974, 12, 207, 1), y: (23974, 12, 207, 1)
2024-10-07 19:58:03,073 - INFO - eval	x: (3425, 12, 207, 1), y: (3425, 12, 207, 1)
2024-10-07 19:58:03,073 - INFO - test	x: (6850, 12, 207, 1), y: (6850, 12, 207, 1)
2024-10-07 19:58:15,973 - INFO - Saved at ./libcity/cache/dataset_cache/point_based_METR_LA_12_12_0.7_0.1_standard_64_False_True_False_True.npz
2024-10-07 19:58:16,146 - INFO - StandardScaler mean: 54.40592829587626, std: 19.493739270573098
2024-10-07 19:58:16,146 - INFO - NoneScaler
2024-10-07 19:58:16,997 - INFO - You select rnn_type GRU in RNN!
2024-10-07 19:58:17,096 - INFO - RNN(
  (rnn): GRU(207, 64)
  (fc): Linear(in_features=64, out_features=207, bias=True)
)
2024-10-07 19:58:17,096 - INFO - rnn.weight_ih_l0	torch.Size([192, 207])	cuda:0	True
2024-10-07 19:58:17,096 - INFO - rnn.weight_hh_l0	torch.Size([192, 64])	cuda:0	True
2024-10-07 19:58:17,096 - INFO - rnn.bias_ih_l0	torch.Size([192])	cuda:0	True
2024-10-07 19:58:17,096 - INFO - rnn.bias_hh_l0	torch.Size([192])	cuda:0	True
2024-10-07 19:58:17,096 - INFO - fc.weight	torch.Size([207, 64])	cuda:0	True
2024-10-07 19:58:17,096 - INFO - fc.bias	torch.Size([207])	cuda:0	True
2024-10-07 19:58:17,096 - INFO - Total parameter numbers: 65871
2024-10-07 19:58:17,096 - INFO - You select `adam` optimizer.
2024-10-07 19:58:17,500 - INFO - You select `multisteplr` lr_scheduler.
2024-10-07 19:58:17,500 - WARNING - Received none train loss func and will use the loss func defined in the model.
2024-10-07 19:58:17,500 - INFO - Start training ...
2024-10-07 19:58:17,500 - INFO - num_batches:375
2024-10-07 19:58:24,397 - INFO - epoch complete!
2024-10-07 19:58:24,397 - INFO - evaluating now!
2024-10-07 19:58:24,592 - INFO - Epoch [0/50] train_loss: 4.1270, val_loss: 3.6691, lr: 0.010000, 7.09s
2024-10-07 19:58:24,594 - INFO - Saved model at 0
2024-10-07 19:58:24,594 - INFO - Val loss decrease from inf to 3.6691, saving to ./libcity/cache/46/model_cache/RNN_METR_LA_epoch0.tar
2024-10-07 19:58:31,124 - INFO - epoch complete!
2024-10-07 19:58:31,124 - INFO - evaluating now!
2024-10-07 19:58:31,318 - INFO - Epoch [1/50] train_loss: 3.5264, val_loss: 3.6506, lr: 0.010000, 6.72s
2024-10-07 19:58:31,320 - INFO - Saved model at 1
2024-10-07 19:58:31,320 - INFO - Val loss decrease from 3.6691 to 3.6506, saving to ./libcity/cache/46/model_cache/RNN_METR_LA_epoch1.tar
2024-10-07 19:58:38,086 - INFO - epoch complete!
2024-10-07 19:58:38,087 - INFO - evaluating now!
2024-10-07 19:58:38,284 - INFO - Epoch [2/50] train_loss: 3.4245, val_loss: 3.5652, lr: 0.010000, 6.96s
2024-10-07 19:58:38,286 - INFO - Saved model at 2
2024-10-07 19:58:38,286 - INFO - Val loss decrease from 3.6506 to 3.5652, saving to ./libcity/cache/46/model_cache/RNN_METR_LA_epoch2.tar
2024-10-07 19:58:45,209 - INFO - epoch complete!
2024-10-07 19:58:45,209 - INFO - evaluating now!
2024-10-07 19:58:45,408 - INFO - Epoch [3/50] train_loss: 3.3510, val_loss: 3.5562, lr: 0.010000, 7.12s
2024-10-07 19:58:45,410 - INFO - Saved model at 3
2024-10-07 19:58:45,410 - INFO - Val loss decrease from 3.5652 to 3.5562, saving to ./libcity/cache/46/model_cache/RNN_METR_LA_epoch3.tar
2024-10-07 19:58:52,079 - INFO - epoch complete!
2024-10-07 19:58:52,080 - INFO - evaluating now!
2024-10-07 19:58:52,277 - INFO - Epoch [4/50] train_loss: 3.3335, val_loss: 3.5904, lr: 0.001000, 6.87s
2024-10-07 19:58:59,138 - INFO - epoch complete!
2024-10-07 19:58:59,139 - INFO - evaluating now!
2024-10-07 19:58:59,321 - INFO - Epoch [5/50] train_loss: 3.1407, val_loss: 3.4605, lr: 0.001000, 7.04s
2024-10-07 19:58:59,323 - INFO - Saved model at 5
2024-10-07 19:58:59,323 - INFO - Val loss decrease from 3.5562 to 3.4605, saving to ./libcity/cache/46/model_cache/RNN_METR_LA_epoch5.tar
2024-10-07 19:59:06,259 - INFO - epoch complete!
2024-10-07 19:59:06,259 - INFO - evaluating now!
2024-10-07 19:59:06,457 - INFO - Epoch [6/50] train_loss: 3.1032, val_loss: 3.4496, lr: 0.001000, 7.13s
2024-10-07 19:59:06,459 - INFO - Saved model at 6
2024-10-07 19:59:06,459 - INFO - Val loss decrease from 3.4605 to 3.4496, saving to ./libcity/cache/46/model_cache/RNN_METR_LA_epoch6.tar
2024-10-07 19:59:13,121 - INFO - epoch complete!
2024-10-07 19:59:13,121 - INFO - evaluating now!
2024-10-07 19:59:13,307 - INFO - Epoch [7/50] train_loss: 3.0902, val_loss: 3.4505, lr: 0.001000, 6.85s
2024-10-07 19:59:20,193 - INFO - epoch complete!
2024-10-07 19:59:20,194 - INFO - evaluating now!
2024-10-07 19:59:20,393 - INFO - Epoch [8/50] train_loss: 3.0758, val_loss: 3.4548, lr: 0.001000, 7.09s
2024-10-07 19:59:27,205 - INFO - epoch complete!
2024-10-07 19:59:27,205 - INFO - evaluating now!
2024-10-07 19:59:27,404 - INFO - Epoch [9/50] train_loss: 3.0687, val_loss: 3.4393, lr: 0.001000, 7.01s
2024-10-07 19:59:27,406 - INFO - Saved model at 9
2024-10-07 19:59:27,406 - INFO - Val loss decrease from 3.4496 to 3.4393, saving to ./libcity/cache/46/model_cache/RNN_METR_LA_epoch9.tar
2024-10-07 19:59:34,211 - INFO - epoch complete!
2024-10-07 19:59:34,211 - INFO - evaluating now!
2024-10-07 19:59:34,409 - INFO - Epoch [10/50] train_loss: 3.0591, val_loss: 3.4426, lr: 0.001000, 7.00s
2024-10-07 19:59:41,220 - INFO - epoch complete!
2024-10-07 19:59:41,221 - INFO - evaluating now!
2024-10-07 19:59:41,403 - INFO - Epoch [11/50] train_loss: 3.0508, val_loss: 3.4400, lr: 0.001000, 6.99s
2024-10-07 19:59:48,357 - INFO - epoch complete!
2024-10-07 19:59:48,357 - INFO - evaluating now!
2024-10-07 19:59:48,556 - INFO - Epoch [12/50] train_loss: 3.0440, val_loss: 3.4456, lr: 0.001000, 7.15s
2024-10-07 19:59:55,312 - INFO - epoch complete!
2024-10-07 19:59:55,312 - INFO - evaluating now!
2024-10-07 19:59:55,512 - INFO - Epoch [13/50] train_loss: 3.0373, val_loss: 3.4567, lr: 0.001000, 6.96s
2024-10-07 20:00:02,436 - INFO - epoch complete!
2024-10-07 20:00:02,436 - INFO - evaluating now!
2024-10-07 20:00:02,634 - INFO - Epoch [14/50] train_loss: 3.0303, val_loss: 3.4559, lr: 0.001000, 7.12s
2024-10-07 20:00:09,542 - INFO - epoch complete!
2024-10-07 20:00:09,542 - INFO - evaluating now!
2024-10-07 20:00:09,742 - INFO - Epoch [15/50] train_loss: 3.0237, val_loss: 3.4625, lr: 0.001000, 7.11s
2024-10-07 20:00:16,632 - INFO - epoch complete!
2024-10-07 20:00:16,632 - INFO - evaluating now!
2024-10-07 20:00:16,832 - INFO - Epoch [16/50] train_loss: 3.0174, val_loss: 3.4703, lr: 0.001000, 7.09s
2024-10-07 20:00:23,815 - INFO - epoch complete!
2024-10-07 20:00:23,815 - INFO - evaluating now!
2024-10-07 20:00:24,013 - INFO - Epoch [17/50] train_loss: 3.0109, val_loss: 3.4536, lr: 0.001000, 7.18s
2024-10-07 20:00:30,907 - INFO - epoch complete!
2024-10-07 20:00:30,907 - INFO - evaluating now!
2024-10-07 20:00:31,106 - INFO - Epoch [18/50] train_loss: 3.0079, val_loss: 3.4765, lr: 0.001000, 7.09s
2024-10-07 20:00:37,901 - INFO - epoch complete!
2024-10-07 20:00:37,902 - INFO - evaluating now!
2024-10-07 20:00:38,100 - INFO - Epoch [19/50] train_loss: 3.0039, val_loss: 3.4620, lr: 0.000100, 6.99s
2024-10-07 20:00:45,013 - INFO - epoch complete!
2024-10-07 20:00:45,013 - INFO - evaluating now!
2024-10-07 20:00:45,212 - INFO - Epoch [20/50] train_loss: 2.9771, val_loss: 3.4555, lr: 0.000100, 7.11s
2024-10-07 20:00:51,665 - INFO - epoch complete!
2024-10-07 20:00:51,665 - INFO - evaluating now!
2024-10-07 20:00:51,864 - INFO - Epoch [21/50] train_loss: 2.9733, val_loss: 3.4572, lr: 0.000100, 6.65s
2024-10-07 20:00:59,303 - INFO - epoch complete!
2024-10-07 20:00:59,303 - INFO - evaluating now!
2024-10-07 20:00:59,511 - INFO - Epoch [22/50] train_loss: 2.9721, val_loss: 3.4584, lr: 0.000100, 7.65s
2024-10-07 20:01:06,515 - INFO - epoch complete!
2024-10-07 20:01:06,516 - INFO - evaluating now!
2024-10-07 20:01:06,716 - INFO - Epoch [23/50] train_loss: 2.9711, val_loss: 3.4557, lr: 0.000100, 7.20s
2024-10-07 20:01:13,511 - INFO - epoch complete!
2024-10-07 20:01:13,512 - INFO - evaluating now!
2024-10-07 20:01:13,712 - INFO - Epoch [24/50] train_loss: 2.9700, val_loss: 3.4560, lr: 0.000100, 7.00s
2024-10-07 20:01:20,572 - INFO - epoch complete!
2024-10-07 20:01:20,573 - INFO - evaluating now!
2024-10-07 20:01:20,773 - INFO - Epoch [25/50] train_loss: 2.9697, val_loss: 3.4539, lr: 0.000100, 7.06s
2024-10-07 20:01:27,644 - INFO - epoch complete!
2024-10-07 20:01:27,645 - INFO - evaluating now!
2024-10-07 20:01:27,845 - INFO - Epoch [26/50] train_loss: 2.9688, val_loss: 3.4569, lr: 0.000100, 7.07s
2024-10-07 20:01:34,654 - INFO - epoch complete!
2024-10-07 20:01:34,654 - INFO - evaluating now!
2024-10-07 20:01:34,855 - INFO - Epoch [27/50] train_loss: 2.9682, val_loss: 3.4636, lr: 0.000100, 7.01s
2024-10-07 20:01:41,718 - INFO - epoch complete!
2024-10-07 20:01:41,718 - INFO - evaluating now!
2024-10-07 20:01:41,921 - INFO - Epoch [28/50] train_loss: 2.9671, val_loss: 3.4603, lr: 0.000100, 7.07s
2024-10-07 20:01:48,814 - INFO - epoch complete!
2024-10-07 20:01:48,814 - INFO - evaluating now!
2024-10-07 20:01:49,016 - INFO - Epoch [29/50] train_loss: 2.9667, val_loss: 3.4579, lr: 0.000100, 7.10s
2024-10-07 20:01:55,829 - INFO - epoch complete!
2024-10-07 20:01:55,829 - INFO - evaluating now!
2024-10-07 20:01:56,029 - INFO - Epoch [30/50] train_loss: 2.9658, val_loss: 3.4586, lr: 0.000100, 7.01s
2024-10-07 20:02:02,845 - INFO - epoch complete!
2024-10-07 20:02:02,845 - INFO - evaluating now!
2024-10-07 20:02:03,048 - INFO - Epoch [31/50] train_loss: 2.9657, val_loss: 3.4551, lr: 0.000100, 7.02s
2024-10-07 20:02:09,875 - INFO - epoch complete!
2024-10-07 20:02:09,875 - INFO - evaluating now!
2024-10-07 20:02:10,078 - INFO - Epoch [32/50] train_loss: 2.9645, val_loss: 3.4577, lr: 0.000100, 7.03s
2024-10-07 20:02:17,041 - INFO - epoch complete!
2024-10-07 20:02:17,041 - INFO - evaluating now!
2024-10-07 20:02:17,243 - INFO - Epoch [33/50] train_loss: 2.9640, val_loss: 3.4548, lr: 0.000100, 7.17s
2024-10-07 20:02:24,050 - INFO - epoch complete!
2024-10-07 20:02:24,051 - INFO - evaluating now!
2024-10-07 20:02:24,253 - INFO - Epoch [34/50] train_loss: 2.9632, val_loss: 3.4584, lr: 0.000100, 7.01s
2024-10-07 20:02:31,078 - INFO - epoch complete!
2024-10-07 20:02:31,078 - INFO - evaluating now!
2024-10-07 20:02:31,280 - INFO - Epoch [35/50] train_loss: 2.9626, val_loss: 3.4527, lr: 0.000100, 7.03s
2024-10-07 20:02:38,529 - INFO - epoch complete!
2024-10-07 20:02:38,530 - INFO - evaluating now!
2024-10-07 20:02:38,736 - INFO - Epoch [36/50] train_loss: 2.9621, val_loss: 3.4603, lr: 0.000100, 7.46s
2024-10-07 20:02:45,839 - INFO - epoch complete!
2024-10-07 20:02:45,839 - INFO - evaluating now!
2024-10-07 20:02:46,096 - INFO - Epoch [37/50] train_loss: 2.9616, val_loss: 3.4616, lr: 0.000100, 7.36s
2024-10-07 20:02:53,365 - INFO - epoch complete!
2024-10-07 20:02:53,365 - INFO - evaluating now!
2024-10-07 20:02:53,622 - INFO - Epoch [38/50] train_loss: 2.9607, val_loss: 3.4604, lr: 0.000100, 7.53s
2024-10-07 20:03:00,928 - INFO - epoch complete!
2024-10-07 20:03:00,928 - INFO - evaluating now!
2024-10-07 20:03:01,155 - INFO - Epoch [39/50] train_loss: 2.9600, val_loss: 3.4613, lr: 0.000010, 7.53s
2024-10-07 20:03:08,533 - INFO - epoch complete!
2024-10-07 20:03:08,533 - INFO - evaluating now!
2024-10-07 20:03:08,813 - INFO - Epoch [40/50] train_loss: 2.9575, val_loss: 3.4617, lr: 0.000010, 7.66s
2024-10-07 20:03:16,153 - INFO - epoch complete!
2024-10-07 20:03:16,153 - INFO - evaluating now!
2024-10-07 20:03:16,401 - INFO - Epoch [41/50] train_loss: 2.9572, val_loss: 3.4612, lr: 0.000010, 7.59s
2024-10-07 20:03:23,627 - INFO - epoch complete!
2024-10-07 20:03:23,627 - INFO - evaluating now!
2024-10-07 20:03:23,883 - INFO - Epoch [42/50] train_loss: 2.9568, val_loss: 3.4587, lr: 0.000010, 7.48s
2024-10-07 20:03:31,209 - INFO - epoch complete!
2024-10-07 20:03:31,209 - INFO - evaluating now!
2024-10-07 20:03:31,489 - INFO - Epoch [43/50] train_loss: 2.9569, val_loss: 3.4587, lr: 0.000010, 7.61s
2024-10-07 20:03:38,727 - INFO - epoch complete!
2024-10-07 20:03:38,727 - INFO - evaluating now!
2024-10-07 20:03:39,007 - INFO - Epoch [44/50] train_loss: 2.9568, val_loss: 3.4612, lr: 0.000010, 7.52s
2024-10-07 20:03:46,253 - INFO - epoch complete!
2024-10-07 20:03:46,253 - INFO - evaluating now!
2024-10-07 20:03:46,514 - INFO - Epoch [45/50] train_loss: 2.9567, val_loss: 3.4606, lr: 0.000010, 7.51s
2024-10-07 20:03:53,718 - INFO - epoch complete!
2024-10-07 20:03:53,718 - INFO - evaluating now!
2024-10-07 20:03:53,962 - INFO - Epoch [46/50] train_loss: 2.9569, val_loss: 3.4603, lr: 0.000010, 7.45s
2024-10-07 20:04:01,341 - INFO - epoch complete!
2024-10-07 20:04:01,341 - INFO - evaluating now!
2024-10-07 20:04:01,621 - INFO - Epoch [47/50] train_loss: 2.9563, val_loss: 3.4606, lr: 0.000010, 7.66s
2024-10-07 20:04:08,910 - INFO - epoch complete!
2024-10-07 20:04:08,910 - INFO - evaluating now!
2024-10-07 20:04:09,178 - INFO - Epoch [48/50] train_loss: 2.9564, val_loss: 3.4598, lr: 0.000010, 7.56s
2024-10-07 20:04:16,463 - INFO - epoch complete!
2024-10-07 20:04:16,463 - INFO - evaluating now!
2024-10-07 20:04:16,721 - INFO - Epoch [49/50] train_loss: 2.9565, val_loss: 3.4607, lr: 0.000010, 7.54s
2024-10-07 20:04:16,722 - INFO - Trained totally 50 epochs, average train time is 6.969s, average eval time is 0.215s
2024-10-07 20:04:16,727 - INFO - Loaded model at 9
2024-10-07 20:04:16,728 - INFO - Saved model at ./libcity/cache/46/model_cache/GRU_METR_LA.m
2024-10-07 20:04:16,730 - INFO - Start evaluating ...
2024-10-07 20:04:25,325 - INFO - Note that you select the single mode to evaluate!
2024-10-07 20:04:25,329 - INFO - Evaluate result is saved at ./libcity/cache/46/evaluate_cache/2024_10_07_20_04_25_RNN_METR_LA.csv
2024-10-07 20:04:25,335 - INFO - 
         MAE      MAPE      RMSE
1   3.806094  0.102949  6.960634
2   3.808646  0.103531  7.017021
3   3.818977  0.104205  7.076573
4   3.832613  0.104932  7.136473
5   3.847173  0.105671  7.195347
6   3.864984  0.106471  7.255004
7   3.881270  0.107223  7.312229
8   3.897427  0.107958  7.368365
9   3.914065  0.108691  7.423847
10  3.930356  0.109415  7.478506
11  3.947081  0.110158  7.533114
12  3.964520  0.110959  7.589233
