2024-10-08 11:58:31,645 - INFO - Log directory: ./libcity/log
2024-10-08 11:58:31,645 - INFO - Begin pipeline, task=MTS_pred, model_name=GRU, dataset_name=humidity, exp_id=46
2024-10-08 11:58:31,645 - INFO - {'task': 'MTS_pred', 'model': 'RNN', 'dataset': 'humidity', 'saved_model': True, 'exp_id': '46', 'seed': 0, 'max_epoch': 50, 'dataset_class': 'StatePointDataset', 'executor': 'StateExecutor', 'evaluator': 'StateEvaluator', 'rnn_type': 'GRU', 'hidden_size': 64, 'num_layers': 1, 'dropout': 0, 'bidirectional': False, 'teacher_forcing_ratio': 0, 'scaler': 'standard', 'load_external': False, 'normal_external': False, 'ext_scaler': 'none', 'add_time_in_day': True, 'add_day_in_week': False, 'learner': 'adam', 'learning_rate': 0.01, 'lr_decay': True, 'lr_scheduler': 'multisteplr', 'lr_decay_ratio': 0.1, 'steps': [5, 20, 40, 70], 'clip_grad_norm': True, 'max_grad_norm': 5, 'use_early_stop': True, 'patience': 50, 'batch_size': 64, 'cache_dataset': True, 'num_workers': 0, 'pad_with_last_sample': True, 'train_rate': 0.7, 'eval_rate': 0.1, 'input_window': 12, 'output_window': 12, 'robustness_test': False, 'noise_type': 'gaussian', 'disturb_rate': 0.5, 'noise_mean': [5], 'noise_SD': [10], 'gpu': True, 'gpu_id': 0, 'train_loss': 'none', 'epoch': 0, 'weight_decay': 0, 'lr_epsilon': 1e-08, 'lr_beta1': 0.9, 'lr_beta2': 0.999, 'lr_alpha': 0.99, 'lr_momentum': 0, 'step_size': 10, 'lr_T_max': 30, 'lr_eta_min': 0, 'lr_patience': 10, 'lr_threshold': 0.0001, 'log_level': 'INFO', 'log_every': 1, 'load_best_epoch': True, 'hyper_tune': False, 'metrics': ['MAE', 'MAPE', 'RMSE'], 'evaluator_mode': 'single', 'save_mode': ['csv'], 'geo': {'including_types': ['Point'], 'Point': {}}, 'rel': {'including_types': ['geo'], 'geo': {'cost': 'num'}}, 'dyna': {'including_types': ['state'], 'state': {'entity_id': 'geo_id', 'traffic_speed': 'num'}}, 'data_col': ['traffic_speed'], 'weight_col': 'cost', 'data_files': ['humidity'], 'geo_file': 'humidity', 'rel_file': 'humidity', 'output_dim': 1, 'time_intervals': 300, 'init_weight_inf_or_zero': 'inf', 'set_weight_link_or_dist': 'dist', 'calculate_weight_adj': True, 'weight_adj_epsilon': 0.1, 'device': device(type='cuda', index=0)}
2024-10-08 11:58:33,668 - INFO - Loaded file humidity_feature.csv, shape=(3322, 2048, 1)
2024-10-08 11:58:34,708 - INFO - Dataset created
2024-10-08 11:58:34,708 - INFO - x shape: (3299, 12, 2048, 1), y shape: (3299, 12, 2048, 1)
2024-10-08 11:58:34,713 - INFO - train	x: (2309, 12, 2048, 1), y: (2309, 12, 2048, 1)
2024-10-08 11:58:34,714 - INFO - eval	x: (330, 12, 2048, 1), y: (330, 12, 2048, 1)
2024-10-08 11:58:34,714 - INFO - test	x: (660, 12, 2048, 1), y: (660, 12, 2048, 1)
2024-10-08 12:00:20,893 - INFO - Saved at ./libcity/cache/dataset_cache/point_based_humidity_12_12_0.7_0.1_standard_64_False_True_False_True.npz
2024-10-08 12:00:21,180 - INFO - StandardScaler mean: 78.66855544535464, std: 17.406175498267864
2024-10-08 12:00:21,180 - INFO - NoneScaler
2024-10-08 12:00:22,292 - INFO - You select rnn_type GRU in RNN!
2024-10-08 12:00:22,472 - INFO - RNN(
  (rnn): GRU(2048, 64)
  (fc): Linear(in_features=64, out_features=2048, bias=True)
)
2024-10-08 12:00:22,472 - INFO - rnn.weight_ih_l0	torch.Size([192, 2048])	cuda:0	True
2024-10-08 12:00:22,472 - INFO - rnn.weight_hh_l0	torch.Size([192, 64])	cuda:0	True
2024-10-08 12:00:22,472 - INFO - rnn.bias_ih_l0	torch.Size([192])	cuda:0	True
2024-10-08 12:00:22,472 - INFO - rnn.bias_hh_l0	torch.Size([192])	cuda:0	True
2024-10-08 12:00:22,472 - INFO - fc.weight	torch.Size([2048, 64])	cuda:0	True
2024-10-08 12:00:22,472 - INFO - fc.bias	torch.Size([2048])	cuda:0	True
2024-10-08 12:00:22,472 - INFO - Total parameter numbers: 539008
2024-10-08 12:00:22,472 - INFO - You select `adam` optimizer.
2024-10-08 12:00:22,974 - INFO - You select `multisteplr` lr_scheduler.
2024-10-08 12:00:22,974 - WARNING - Received none train loss func and will use the loss func defined in the model.
2024-10-08 12:00:22,974 - INFO - Start training ...
2024-10-08 12:00:22,974 - INFO - num_batches:37
2024-10-08 12:00:24,658 - INFO - epoch complete!
2024-10-08 12:00:24,659 - INFO - evaluating now!
2024-10-08 12:00:24,745 - INFO - Epoch [0/50] train_loss: 10.2274, val_loss: 9.1353, lr: 0.010000, 1.77s
2024-10-08 12:00:24,755 - INFO - Saved model at 0
2024-10-08 12:00:24,755 - INFO - Val loss decrease from inf to 9.1353, saving to ./libcity/cache/46/model_cache/RNN_humidity_epoch0.tar
2024-10-08 12:00:25,922 - INFO - epoch complete!
2024-10-08 12:00:25,923 - INFO - evaluating now!
2024-10-08 12:00:26,015 - INFO - Epoch [1/50] train_loss: 8.8161, val_loss: 8.6028, lr: 0.010000, 1.26s
2024-10-08 12:00:26,023 - INFO - Saved model at 1
2024-10-08 12:00:26,023 - INFO - Val loss decrease from 9.1353 to 8.6028, saving to ./libcity/cache/46/model_cache/RNN_humidity_epoch1.tar
2024-10-08 12:00:27,178 - INFO - epoch complete!
2024-10-08 12:00:27,179 - INFO - evaluating now!
2024-10-08 12:00:27,277 - INFO - Epoch [2/50] train_loss: 8.5214, val_loss: 8.5463, lr: 0.010000, 1.25s
2024-10-08 12:00:27,285 - INFO - Saved model at 2
2024-10-08 12:00:27,286 - INFO - Val loss decrease from 8.6028 to 8.5463, saving to ./libcity/cache/46/model_cache/RNN_humidity_epoch2.tar
2024-10-08 12:00:28,448 - INFO - epoch complete!
2024-10-08 12:00:28,449 - INFO - evaluating now!
2024-10-08 12:00:28,555 - INFO - Epoch [3/50] train_loss: 8.4752, val_loss: 8.4832, lr: 0.010000, 1.27s
2024-10-08 12:00:28,562 - INFO - Saved model at 3
2024-10-08 12:00:28,562 - INFO - Val loss decrease from 8.5463 to 8.4832, saving to ./libcity/cache/46/model_cache/RNN_humidity_epoch3.tar
2024-10-08 12:00:29,677 - INFO - epoch complete!
2024-10-08 12:00:29,678 - INFO - evaluating now!
2024-10-08 12:00:29,810 - INFO - Epoch [4/50] train_loss: 8.4318, val_loss: 8.5018, lr: 0.001000, 1.25s
2024-10-08 12:00:30,967 - INFO - epoch complete!
2024-10-08 12:00:30,968 - INFO - evaluating now!
2024-10-08 12:00:31,156 - INFO - Epoch [5/50] train_loss: 8.3891, val_loss: 8.4773, lr: 0.001000, 1.35s
2024-10-08 12:00:31,168 - INFO - Saved model at 5
2024-10-08 12:00:31,168 - INFO - Val loss decrease from 8.4832 to 8.4773, saving to ./libcity/cache/46/model_cache/RNN_humidity_epoch5.tar
2024-10-08 12:00:32,513 - INFO - epoch complete!
2024-10-08 12:00:32,513 - INFO - evaluating now!
2024-10-08 12:00:32,615 - INFO - Epoch [6/50] train_loss: 8.3762, val_loss: 8.4712, lr: 0.001000, 1.45s
2024-10-08 12:00:32,622 - INFO - Saved model at 6
2024-10-08 12:00:32,623 - INFO - Val loss decrease from 8.4773 to 8.4712, saving to ./libcity/cache/46/model_cache/RNN_humidity_epoch6.tar
2024-10-08 12:00:33,827 - INFO - epoch complete!
2024-10-08 12:00:33,827 - INFO - evaluating now!
2024-10-08 12:00:33,957 - INFO - Epoch [7/50] train_loss: 8.3726, val_loss: 8.4800, lr: 0.001000, 1.33s
2024-10-08 12:00:35,069 - INFO - epoch complete!
2024-10-08 12:00:35,069 - INFO - evaluating now!
2024-10-08 12:00:35,163 - INFO - Epoch [8/50] train_loss: 8.3698, val_loss: 8.4362, lr: 0.001000, 1.21s
2024-10-08 12:00:35,169 - INFO - Saved model at 8
2024-10-08 12:00:35,170 - INFO - Val loss decrease from 8.4712 to 8.4362, saving to ./libcity/cache/46/model_cache/RNN_humidity_epoch8.tar
2024-10-08 12:00:36,250 - INFO - epoch complete!
2024-10-08 12:00:36,250 - INFO - evaluating now!
2024-10-08 12:00:36,364 - INFO - Epoch [9/50] train_loss: 8.3669, val_loss: 8.4690, lr: 0.001000, 1.19s
2024-10-08 12:00:37,473 - INFO - epoch complete!
2024-10-08 12:00:37,474 - INFO - evaluating now!
2024-10-08 12:00:37,606 - INFO - Epoch [10/50] train_loss: 8.3638, val_loss: 8.4778, lr: 0.001000, 1.24s
2024-10-08 12:00:38,667 - INFO - epoch complete!
2024-10-08 12:00:38,668 - INFO - evaluating now!
2024-10-08 12:00:38,769 - INFO - Epoch [11/50] train_loss: 8.3606, val_loss: 8.4643, lr: 0.001000, 1.16s
2024-10-08 12:00:39,868 - INFO - epoch complete!
2024-10-08 12:00:39,868 - INFO - evaluating now!
2024-10-08 12:00:39,964 - INFO - Epoch [12/50] train_loss: 8.3563, val_loss: 8.4657, lr: 0.001000, 1.19s
2024-10-08 12:00:41,066 - INFO - epoch complete!
2024-10-08 12:00:41,067 - INFO - evaluating now!
2024-10-08 12:00:41,187 - INFO - Epoch [13/50] train_loss: 8.3555, val_loss: 8.4560, lr: 0.001000, 1.22s
2024-10-08 12:00:42,277 - INFO - epoch complete!
2024-10-08 12:00:42,277 - INFO - evaluating now!
2024-10-08 12:00:42,393 - INFO - Epoch [14/50] train_loss: 8.3513, val_loss: 8.4416, lr: 0.001000, 1.21s
2024-10-08 12:00:43,518 - INFO - epoch complete!
2024-10-08 12:00:43,519 - INFO - evaluating now!
2024-10-08 12:00:43,621 - INFO - Epoch [15/50] train_loss: 8.3464, val_loss: 8.4660, lr: 0.001000, 1.23s
2024-10-08 12:00:44,789 - INFO - epoch complete!
2024-10-08 12:00:44,790 - INFO - evaluating now!
2024-10-08 12:00:44,904 - INFO - Epoch [16/50] train_loss: 8.3440, val_loss: 8.4575, lr: 0.001000, 1.28s
2024-10-08 12:00:46,094 - INFO - epoch complete!
2024-10-08 12:00:46,094 - INFO - evaluating now!
2024-10-08 12:00:46,239 - INFO - Epoch [17/50] train_loss: 8.3407, val_loss: 8.4684, lr: 0.001000, 1.33s
2024-10-08 12:00:47,460 - INFO - epoch complete!
2024-10-08 12:00:47,460 - INFO - evaluating now!
2024-10-08 12:00:47,552 - INFO - Epoch [18/50] train_loss: 8.3412, val_loss: 8.4530, lr: 0.001000, 1.31s
2024-10-08 12:00:48,759 - INFO - epoch complete!
2024-10-08 12:00:48,760 - INFO - evaluating now!
2024-10-08 12:00:48,904 - INFO - Epoch [19/50] train_loss: 8.3383, val_loss: 8.4535, lr: 0.000100, 1.35s
2024-10-08 12:00:50,121 - INFO - epoch complete!
2024-10-08 12:00:50,121 - INFO - evaluating now!
2024-10-08 12:00:50,231 - INFO - Epoch [20/50] train_loss: 8.3341, val_loss: 8.4682, lr: 0.000100, 1.33s
2024-10-08 12:00:51,456 - INFO - epoch complete!
2024-10-08 12:00:51,456 - INFO - evaluating now!
2024-10-08 12:00:51,595 - INFO - Epoch [21/50] train_loss: 8.3320, val_loss: 8.4555, lr: 0.000100, 1.36s
2024-10-08 12:00:52,726 - INFO - epoch complete!
2024-10-08 12:00:52,726 - INFO - evaluating now!
2024-10-08 12:00:52,833 - INFO - Epoch [22/50] train_loss: 8.3306, val_loss: 8.4455, lr: 0.000100, 1.24s
2024-10-08 12:00:53,987 - INFO - epoch complete!
2024-10-08 12:00:53,988 - INFO - evaluating now!
2024-10-08 12:00:54,101 - INFO - Epoch [23/50] train_loss: 8.3304, val_loss: 8.4381, lr: 0.000100, 1.27s
2024-10-08 12:00:55,206 - INFO - epoch complete!
2024-10-08 12:00:55,206 - INFO - evaluating now!
2024-10-08 12:00:55,303 - INFO - Epoch [24/50] train_loss: 8.3297, val_loss: 8.4510, lr: 0.000100, 1.20s
2024-10-08 12:00:56,429 - INFO - epoch complete!
2024-10-08 12:00:56,429 - INFO - evaluating now!
2024-10-08 12:00:56,527 - INFO - Epoch [25/50] train_loss: 8.3292, val_loss: 8.4429, lr: 0.000100, 1.22s
2024-10-08 12:00:57,673 - INFO - epoch complete!
2024-10-08 12:00:57,673 - INFO - evaluating now!
2024-10-08 12:00:57,766 - INFO - Epoch [26/50] train_loss: 8.3298, val_loss: 8.4566, lr: 0.000100, 1.24s
2024-10-08 12:00:58,927 - INFO - epoch complete!
2024-10-08 12:00:58,927 - INFO - evaluating now!
2024-10-08 12:00:59,017 - INFO - Epoch [27/50] train_loss: 8.3291, val_loss: 8.4311, lr: 0.000100, 1.25s
2024-10-08 12:00:59,024 - INFO - Saved model at 27
2024-10-08 12:00:59,024 - INFO - Val loss decrease from 8.4362 to 8.4311, saving to ./libcity/cache/46/model_cache/RNN_humidity_epoch27.tar
2024-10-08 12:01:00,116 - INFO - epoch complete!
2024-10-08 12:01:00,116 - INFO - evaluating now!
2024-10-08 12:01:00,249 - INFO - Epoch [28/50] train_loss: 8.3285, val_loss: 8.4494, lr: 0.000100, 1.22s
2024-10-08 12:01:01,364 - INFO - epoch complete!
2024-10-08 12:01:01,364 - INFO - evaluating now!
2024-10-08 12:01:01,484 - INFO - Epoch [29/50] train_loss: 8.3281, val_loss: 8.4381, lr: 0.000100, 1.24s
2024-10-08 12:01:02,584 - INFO - epoch complete!
2024-10-08 12:01:02,585 - INFO - evaluating now!
2024-10-08 12:01:02,738 - INFO - Epoch [30/50] train_loss: 8.3278, val_loss: 8.4454, lr: 0.000100, 1.25s
2024-10-08 12:01:03,924 - INFO - epoch complete!
2024-10-08 12:01:03,924 - INFO - evaluating now!
2024-10-08 12:01:04,063 - INFO - Epoch [31/50] train_loss: 8.3275, val_loss: 8.4423, lr: 0.000100, 1.32s
2024-10-08 12:01:05,239 - INFO - epoch complete!
2024-10-08 12:01:05,239 - INFO - evaluating now!
2024-10-08 12:01:05,387 - INFO - Epoch [32/50] train_loss: 8.3271, val_loss: 8.4500, lr: 0.000100, 1.32s
2024-10-08 12:01:06,541 - INFO - epoch complete!
2024-10-08 12:01:06,542 - INFO - evaluating now!
2024-10-08 12:01:06,633 - INFO - Epoch [33/50] train_loss: 8.3271, val_loss: 8.4562, lr: 0.000100, 1.25s
2024-10-08 12:01:07,923 - INFO - epoch complete!
2024-10-08 12:01:07,923 - INFO - evaluating now!
2024-10-08 12:01:08,067 - INFO - Epoch [34/50] train_loss: 8.3268, val_loss: 8.4430, lr: 0.000100, 1.43s
2024-10-08 12:01:09,214 - INFO - epoch complete!
2024-10-08 12:01:09,214 - INFO - evaluating now!
2024-10-08 12:01:09,310 - INFO - Epoch [35/50] train_loss: 8.3272, val_loss: 8.4356, lr: 0.000100, 1.24s
2024-10-08 12:01:10,418 - INFO - epoch complete!
2024-10-08 12:01:10,419 - INFO - evaluating now!
2024-10-08 12:01:10,543 - INFO - Epoch [36/50] train_loss: 8.3266, val_loss: 8.4530, lr: 0.000100, 1.23s
2024-10-08 12:01:11,628 - INFO - epoch complete!
2024-10-08 12:01:11,629 - INFO - evaluating now!
2024-10-08 12:01:11,757 - INFO - Epoch [37/50] train_loss: 8.3258, val_loss: 8.4377, lr: 0.000100, 1.21s
2024-10-08 12:01:12,847 - INFO - epoch complete!
2024-10-08 12:01:12,847 - INFO - evaluating now!
2024-10-08 12:01:12,933 - INFO - Epoch [38/50] train_loss: 8.3255, val_loss: 8.4529, lr: 0.000100, 1.17s
2024-10-08 12:01:14,110 - INFO - epoch complete!
2024-10-08 12:01:14,111 - INFO - evaluating now!
2024-10-08 12:01:14,206 - INFO - Epoch [39/50] train_loss: 8.3253, val_loss: 8.4564, lr: 0.000010, 1.27s
2024-10-08 12:01:15,318 - INFO - epoch complete!
2024-10-08 12:01:15,318 - INFO - evaluating now!
2024-10-08 12:01:15,439 - INFO - Epoch [40/50] train_loss: 8.3247, val_loss: 8.4526, lr: 0.000010, 1.23s
2024-10-08 12:01:16,582 - INFO - epoch complete!
2024-10-08 12:01:16,583 - INFO - evaluating now!
2024-10-08 12:01:16,726 - INFO - Epoch [41/50] train_loss: 8.3246, val_loss: 8.4477, lr: 0.000010, 1.29s
2024-10-08 12:01:17,846 - INFO - epoch complete!
2024-10-08 12:01:17,846 - INFO - evaluating now!
2024-10-08 12:01:17,960 - INFO - Epoch [42/50] train_loss: 8.3245, val_loss: 8.4464, lr: 0.000010, 1.23s
2024-10-08 12:01:19,161 - INFO - epoch complete!
2024-10-08 12:01:19,161 - INFO - evaluating now!
2024-10-08 12:01:19,259 - INFO - Epoch [43/50] train_loss: 8.3245, val_loss: 8.4473, lr: 0.000010, 1.30s
2024-10-08 12:01:20,463 - INFO - epoch complete!
2024-10-08 12:01:20,463 - INFO - evaluating now!
2024-10-08 12:01:20,549 - INFO - Epoch [44/50] train_loss: 8.3245, val_loss: 8.4483, lr: 0.000010, 1.29s
2024-10-08 12:01:21,636 - INFO - epoch complete!
2024-10-08 12:01:21,636 - INFO - evaluating now!
2024-10-08 12:01:21,761 - INFO - Epoch [45/50] train_loss: 8.3244, val_loss: 8.4481, lr: 0.000010, 1.21s
2024-10-08 12:01:22,904 - INFO - epoch complete!
2024-10-08 12:01:22,905 - INFO - evaluating now!
2024-10-08 12:01:23,051 - INFO - Epoch [46/50] train_loss: 8.3244, val_loss: 8.4471, lr: 0.000010, 1.29s
2024-10-08 12:01:24,199 - INFO - epoch complete!
2024-10-08 12:01:24,199 - INFO - evaluating now!
2024-10-08 12:01:24,316 - INFO - Epoch [47/50] train_loss: 8.3244, val_loss: 8.4493, lr: 0.000010, 1.26s
2024-10-08 12:01:25,415 - INFO - epoch complete!
2024-10-08 12:01:25,416 - INFO - evaluating now!
2024-10-08 12:01:25,509 - INFO - Epoch [48/50] train_loss: 8.3243, val_loss: 8.4471, lr: 0.000010, 1.19s
2024-10-08 12:01:26,653 - INFO - epoch complete!
2024-10-08 12:01:26,653 - INFO - evaluating now!
2024-10-08 12:01:26,750 - INFO - Epoch [49/50] train_loss: 8.3243, val_loss: 8.4486, lr: 0.000010, 1.24s
2024-10-08 12:01:26,750 - INFO - Trained totally 50 epochs, average train time is 1.158s, average eval time is 0.115s
2024-10-08 12:01:26,802 - INFO - Loaded model at 27
2024-10-08 12:01:26,802 - INFO - Saved model at ./libcity/cache/46/model_cache/GRU_humidity.m
2024-10-08 12:01:26,809 - INFO - Start evaluating ...
2024-10-08 12:01:39,142 - INFO - Note that you select the single mode to evaluate!
2024-10-08 12:01:39,145 - INFO - Evaluate result is saved at ./libcity/cache/46/evaluate_cache/2024_10_08_12_01_39_RNN_humidity.csv
2024-10-08 12:01:39,149 - INFO - 
         MAE      MAPE       RMSE
1   8.487660  0.137847  11.712471
2   8.488240  0.137859  11.706366
3   8.487659  0.137842  11.698677
4   8.485554  0.137754  11.689030
5   8.481416  0.137595  11.677607
6   8.477704  0.137422  11.667669
7   8.474994  0.137241  11.659722
8   8.473079  0.137066  11.653467
9   8.471196  0.136895  11.647513
10  8.469408  0.136726  11.641947
11  8.466626  0.136548  11.635446
12  8.464190  0.136377  11.629356
