2024-08-20 14:57:52,589 - INFO - Log directory: ./libcity/log
2024-08-20 14:57:52,589 - INFO - Begin pipeline, task=MTS_pred, model_name=STSGCN, dataset_name=METR_LA, exp_id=5
2024-08-20 14:57:52,590 - INFO - {'task': 'MTS_pred', 'model': 'STSGCN', 'dataset': 'METR_LA', 'saved_model': True, 'exp_id': '5', 'seed': 0, 'gpu_id': 1, 'max_epoch': 150, 'dataset_class': 'StatePointDataset', 'executor': 'StateExecutor', 'evaluator': 'StateEvaluator', 'module_type': 'individual', 'act_type': 'GLU', 'temporal_emb': True, 'spatial_emb': True, 'use_mask': False, 'first_layer_embedding_size': 64, 'filters': [[64, 64, 64], [64, 64, 64], [64, 64, 64], [64, 64, 64]], 'rho': 1, 'bidir_adj_mx': True, 'batch_size': 32, 'distance_inverse': True, 'scaler': 'standard', 'load_external': False, 'normal_external': False, 'ext_scaler': 'none', 'add_time_in_day': True, 'add_day_in_week': False, 'learner': 'adam', 'learning_rate': 0.001, 'lr_decay': False, 'lr_scheduler': 'multisteplr', 'lr_decay_ratio': 0.1, 'steps': [5, 20, 40, 70], 'clip_grad_norm': False, 'use_early_stop': True, 'patience': 50, 'cache_dataset': True, 'num_workers': 0, 'pad_with_last_sample': True, 'train_rate': 0.7, 'eval_rate': 0.1, 'input_window': 12, 'output_window': 12, 'robustness_test': False, 'noise_type': 'gaussian', 'disturb_rate': 0.5, 'noise_mean': [5], 'noise_SD': [10], 'gpu': True, 'train_loss': 'none', 'epoch': 0, 'weight_decay': 0, 'lr_epsilon': 1e-08, 'lr_beta1': 0.9, 'lr_beta2': 0.999, 'lr_alpha': 0.99, 'lr_momentum': 0, 'step_size': 10, 'lr_T_max': 30, 'lr_eta_min': 0, 'lr_patience': 10, 'lr_threshold': 0.0001, 'max_grad_norm': 1.0, 'log_level': 'INFO', 'log_every': 1, 'load_best_epoch': True, 'hyper_tune': False, 'metrics': ['MAE', 'MAPE', 'RMSE'], 'evaluator_mode': 'single', 'save_mode': ['csv'], 'geo': {'including_types': ['Point'], 'Point': {}}, 'rel': {'including_types': ['geo'], 'geo': {'cost': 'num'}}, 'dyna': {'including_types': ['state'], 'state': {'entity_id': 'geo_id', 'traffic_speed': 'num'}}, 'data_col': ['traffic_speed'], 'weight_col': 'cost', 'data_files': ['METR_LA'], 'geo_file': 'METR_LA', 'rel_file': 'METR_LA', 'output_dim': 1, 'time_intervals': 300, 'init_weight_inf_or_zero': 'inf', 'set_weight_link_or_dist': 'dist', 'calculate_weight_adj': True, 'weight_adj_epsilon': 0.1, 'device': device(type='cuda', index=1)}
2024-08-20 14:57:52,597 - INFO - Loaded file METR_LA.geo, num_nodes=207
2024-08-20 14:57:52,608 - INFO - set_weight_link_or_dist: dist
2024-08-20 14:57:52,609 - INFO - init_weight_inf_or_zero: inf
2024-08-20 14:57:52,712 - INFO - Loaded file METR_LA.rel, shape=(207, 207)
2024-08-20 14:57:52,712 - INFO - Start Calculate the weight by _distance_inverse!
2024-08-20 14:57:52,713 - INFO - Loading file METR_LA.dyna
2024-08-20 14:57:58,716 - INFO - Loaded file METR_LA.dyna, shape=(34272, 207, 1)
2024-08-20 14:58:01,093 - INFO - Dataset created
2024-08-20 14:58:01,094 - INFO - x shape: (34249, 12, 207, 1), y shape: (34249, 12, 207, 1)
2024-08-20 14:58:01,098 - INFO - train	x: (23974, 12, 207, 1), y: (23974, 12, 207, 1)
2024-08-20 14:58:01,098 - INFO - eval	x: (3425, 12, 207, 1), y: (3425, 12, 207, 1)
2024-08-20 14:58:01,098 - INFO - test	x: (6850, 12, 207, 1), y: (6850, 12, 207, 1)
2024-08-20 14:58:21,680 - INFO - Saved at ./libcity/cache/dataset_cache/point_based_METR_LA_12_12_0.7_0.1_standard_32_False_True_False_True.npz
2024-08-20 14:58:22,086 - INFO - StandardScaler mean: 54.40592829587626, std: 19.493739270573098
2024-08-20 14:58:22,086 - INFO - NoneScaler
2024-08-20 14:58:27,562 - INFO - STSGCN(
  (first_layer_embedding): Linear(in_features=1, out_features=64, bias=True)
  (stsgcl_layers): ModuleList(
    (0): STSGCL(
      (layer): STSGCNLayerIndividual(
        (position_embedding): PositionEmbedding()
        (gcms): ModuleList(
          (0): Stsgcm(
            (layers): ModuleList(
              (0): GcnOperation(
                (layer): Linear(in_features=64, out_features=128, bias=True)
              )
              (1): GcnOperation(
                (layer): Linear(in_features=64, out_features=128, bias=True)
              )
              (2): GcnOperation(
                (layer): Linear(in_features=64, out_features=128, bias=True)
              )
            )
          )
          (1): Stsgcm(
            (layers): ModuleList(
              (0): GcnOperation(
                (layer): Linear(in_features=64, out_features=128, bias=True)
              )
              (1): GcnOperation(
                (layer): Linear(in_features=64, out_features=128, bias=True)
              )
              (2): GcnOperation(
                (layer): Linear(in_features=64, out_features=128, bias=True)
              )
            )
          )
          (2): Stsgcm(
            (layers): ModuleList(
              (0): GcnOperation(
                (layer): Linear(in_features=64, out_features=128, bias=True)
              )
              (1): GcnOperation(
                (layer): Linear(in_features=64, out_features=128, bias=True)
              )
              (2): GcnOperation(
                (layer): Linear(in_features=64, out_features=128, bias=True)
              )
            )
          )
          (3): Stsgcm(
            (layers): ModuleList(
              (0): GcnOperation(
                (layer): Linear(in_features=64, out_features=128, bias=True)
              )
              (1): GcnOperation(
                (layer): Linear(in_features=64, out_features=128, bias=True)
              )
              (2): GcnOperation(
                (layer): Linear(in_features=64, out_features=128, bias=True)
              )
            )
          )
          (4): Stsgcm(
            (layers): ModuleList(
              (0): GcnOperation(
                (layer): Linear(in_features=64, out_features=128, bias=True)
              )
              (1): GcnOperation(
                (layer): Linear(in_features=64, out_features=128, bias=True)
              )
              (2): GcnOperation(
                (layer): Linear(in_features=64, out_features=128, bias=True)
              )
            )
          )
          (5): Stsgcm(
            (layers): ModuleList(
              (0): GcnOperation(
                (layer): Linear(in_features=64, out_features=128, bias=True)
              )
              (1): GcnOperation(
                (layer): Linear(in_features=64, out_features=128, bias=True)
              )
              (2): GcnOperation(
                (layer): Linear(in_features=64, out_features=128, bias=True)
              )
            )
          )
          (6): Stsgcm(
            (layers): ModuleList(
              (0): GcnOperation(
                (layer): Linear(in_features=64, out_features=128, bias=True)
              )
              (1): GcnOperation(
                (layer): Linear(in_features=64, out_features=128, bias=True)
              )
              (2): GcnOperation(
                (layer): Linear(in_features=64, out_features=128, bias=True)
              )
            )
          )
          (7): Stsgcm(
            (layers): ModuleList(
              (0): GcnOperation(
                (layer): Linear(in_features=64, out_features=128, bias=True)
              )
              (1): GcnOperation(
                (layer): Linear(in_features=64, out_features=128, bias=True)
              )
              (2): GcnOperation(
                (layer): Linear(in_features=64, out_features=128, bias=True)
              )
            )
          )
          (8): Stsgcm(
            (layers): ModuleList(
              (0): GcnOperation(
                (layer): Linear(in_features=64, out_features=128, bias=True)
              )
              (1): GcnOperation(
                (layer): Linear(in_features=64, out_features=128, bias=True)
              )
              (2): GcnOperation(
                (layer): Linear(in_features=64, out_features=128, bias=True)
              )
            )
          )
          (9): Stsgcm(
            (layers): ModuleList(
              (0): GcnOperation(
                (layer): Linear(in_features=64, out_features=128, bias=True)
              )
              (1): GcnOperation(
                (layer): Linear(in_features=64, out_features=128, bias=True)
              )
              (2): GcnOperation(
                (layer): Linear(in_features=64, out_features=128, bias=True)
              )
            )
          )
        )
      )
    )
    (1): STSGCL(
      (layer): STSGCNLayerIndividual(
        (position_embedding): PositionEmbedding()
        (gcms): ModuleList(
          (0): Stsgcm(
            (layers): ModuleList(
              (0): GcnOperation(
                (layer): Linear(in_features=64, out_features=128, bias=True)
              )
              (1): GcnOperation(
                (layer): Linear(in_features=64, out_features=128, bias=True)
              )
              (2): GcnOperation(
                (layer): Linear(in_features=64, out_features=128, bias=True)
              )
            )
          )
          (1): Stsgcm(
            (layers): ModuleList(
              (0): GcnOperation(
                (layer): Linear(in_features=64, out_features=128, bias=True)
              )
              (1): GcnOperation(
                (layer): Linear(in_features=64, out_features=128, bias=True)
              )
              (2): GcnOperation(
                (layer): Linear(in_features=64, out_features=128, bias=True)
              )
            )
          )
          (2): Stsgcm(
            (layers): ModuleList(
              (0): GcnOperation(
                (layer): Linear(in_features=64, out_features=128, bias=True)
              )
              (1): GcnOperation(
                (layer): Linear(in_features=64, out_features=128, bias=True)
              )
              (2): GcnOperation(
                (layer): Linear(in_features=64, out_features=128, bias=True)
              )
            )
          )
          (3): Stsgcm(
            (layers): ModuleList(
              (0): GcnOperation(
                (layer): Linear(in_features=64, out_features=128, bias=True)
              )
              (1): GcnOperation(
                (layer): Linear(in_features=64, out_features=128, bias=True)
              )
              (2): GcnOperation(
                (layer): Linear(in_features=64, out_features=128, bias=True)
              )
            )
          )
          (4): Stsgcm(
            (layers): ModuleList(
              (0): GcnOperation(
                (layer): Linear(in_features=64, out_features=128, bias=True)
              )
              (1): GcnOperation(
                (layer): Linear(in_features=64, out_features=128, bias=True)
              )
              (2): GcnOperation(
                (layer): Linear(in_features=64, out_features=128, bias=True)
              )
            )
          )
          (5): Stsgcm(
            (layers): ModuleList(
              (0): GcnOperation(
                (layer): Linear(in_features=64, out_features=128, bias=True)
              )
              (1): GcnOperation(
                (layer): Linear(in_features=64, out_features=128, bias=True)
              )
              (2): GcnOperation(
                (layer): Linear(in_features=64, out_features=128, bias=True)
              )
            )
          )
          (6): Stsgcm(
            (layers): ModuleList(
              (0): GcnOperation(
                (layer): Linear(in_features=64, out_features=128, bias=True)
              )
              (1): GcnOperation(
                (layer): Linear(in_features=64, out_features=128, bias=True)
              )
              (2): GcnOperation(
                (layer): Linear(in_features=64, out_features=128, bias=True)
              )
            )
          )
          (7): Stsgcm(
            (layers): ModuleList(
              (0): GcnOperation(
                (layer): Linear(in_features=64, out_features=128, bias=True)
              )
              (1): GcnOperation(
                (layer): Linear(in_features=64, out_features=128, bias=True)
              )
              (2): GcnOperation(
                (layer): Linear(in_features=64, out_features=128, bias=True)
              )
            )
          )
        )
      )
    )
    (2): STSGCL(
      (layer): STSGCNLayerIndividual(
        (position_embedding): PositionEmbedding()
        (gcms): ModuleList(
          (0): Stsgcm(
            (layers): ModuleList(
              (0): GcnOperation(
                (layer): Linear(in_features=64, out_features=128, bias=True)
              )
              (1): GcnOperation(
                (layer): Linear(in_features=64, out_features=128, bias=True)
              )
              (2): GcnOperation(
                (layer): Linear(in_features=64, out_features=128, bias=True)
              )
            )
          )
          (1): Stsgcm(
            (layers): ModuleList(
              (0): GcnOperation(
                (layer): Linear(in_features=64, out_features=128, bias=True)
              )
              (1): GcnOperation(
                (layer): Linear(in_features=64, out_features=128, bias=True)
              )
              (2): GcnOperation(
                (layer): Linear(in_features=64, out_features=128, bias=True)
              )
            )
          )
          (2): Stsgcm(
            (layers): ModuleList(
              (0): GcnOperation(
                (layer): Linear(in_features=64, out_features=128, bias=True)
              )
              (1): GcnOperation(
                (layer): Linear(in_features=64, out_features=128, bias=True)
              )
              (2): GcnOperation(
                (layer): Linear(in_features=64, out_features=128, bias=True)
              )
            )
          )
          (3): Stsgcm(
            (layers): ModuleList(
              (0): GcnOperation(
                (layer): Linear(in_features=64, out_features=128, bias=True)
              )
              (1): GcnOperation(
                (layer): Linear(in_features=64, out_features=128, bias=True)
              )
              (2): GcnOperation(
                (layer): Linear(in_features=64, out_features=128, bias=True)
              )
            )
          )
          (4): Stsgcm(
            (layers): ModuleList(
              (0): GcnOperation(
                (layer): Linear(in_features=64, out_features=128, bias=True)
              )
              (1): GcnOperation(
                (layer): Linear(in_features=64, out_features=128, bias=True)
              )
              (2): GcnOperation(
                (layer): Linear(in_features=64, out_features=128, bias=True)
              )
            )
          )
          (5): Stsgcm(
            (layers): ModuleList(
              (0): GcnOperation(
                (layer): Linear(in_features=64, out_features=128, bias=True)
              )
              (1): GcnOperation(
                (layer): Linear(in_features=64, out_features=128, bias=True)
              )
              (2): GcnOperation(
                (layer): Linear(in_features=64, out_features=128, bias=True)
              )
            )
          )
        )
      )
    )
    (3): STSGCL(
      (layer): STSGCNLayerIndividual(
        (position_embedding): PositionEmbedding()
        (gcms): ModuleList(
          (0): Stsgcm(
            (layers): ModuleList(
              (0): GcnOperation(
                (layer): Linear(in_features=64, out_features=128, bias=True)
              )
              (1): GcnOperation(
                (layer): Linear(in_features=64, out_features=128, bias=True)
              )
              (2): GcnOperation(
                (layer): Linear(in_features=64, out_features=128, bias=True)
              )
            )
          )
          (1): Stsgcm(
            (layers): ModuleList(
              (0): GcnOperation(
                (layer): Linear(in_features=64, out_features=128, bias=True)
              )
              (1): GcnOperation(
                (layer): Linear(in_features=64, out_features=128, bias=True)
              )
              (2): GcnOperation(
                (layer): Linear(in_features=64, out_features=128, bias=True)
              )
            )
          )
          (2): Stsgcm(
            (layers): ModuleList(
              (0): GcnOperation(
                (layer): Linear(in_features=64, out_features=128, bias=True)
              )
              (1): GcnOperation(
                (layer): Linear(in_features=64, out_features=128, bias=True)
              )
              (2): GcnOperation(
                (layer): Linear(in_features=64, out_features=128, bias=True)
              )
            )
          )
          (3): Stsgcm(
            (layers): ModuleList(
              (0): GcnOperation(
                (layer): Linear(in_features=64, out_features=128, bias=True)
              )
              (1): GcnOperation(
                (layer): Linear(in_features=64, out_features=128, bias=True)
              )
              (2): GcnOperation(
                (layer): Linear(in_features=64, out_features=128, bias=True)
              )
            )
          )
        )
      )
    )
  )
  (outputs): ModuleList(
    (0): OutputLayer(
      (hidden_layer): Linear(in_features=256, out_features=128, bias=True)
      (ouput_layer): Linear(in_features=128, out_features=1, bias=True)
    )
    (1): OutputLayer(
      (hidden_layer): Linear(in_features=256, out_features=128, bias=True)
      (ouput_layer): Linear(in_features=128, out_features=1, bias=True)
    )
    (2): OutputLayer(
      (hidden_layer): Linear(in_features=256, out_features=128, bias=True)
      (ouput_layer): Linear(in_features=128, out_features=1, bias=True)
    )
    (3): OutputLayer(
      (hidden_layer): Linear(in_features=256, out_features=128, bias=True)
      (ouput_layer): Linear(in_features=128, out_features=1, bias=True)
    )
    (4): OutputLayer(
      (hidden_layer): Linear(in_features=256, out_features=128, bias=True)
      (ouput_layer): Linear(in_features=128, out_features=1, bias=True)
    )
    (5): OutputLayer(
      (hidden_layer): Linear(in_features=256, out_features=128, bias=True)
      (ouput_layer): Linear(in_features=128, out_features=1, bias=True)
    )
    (6): OutputLayer(
      (hidden_layer): Linear(in_features=256, out_features=128, bias=True)
      (ouput_layer): Linear(in_features=128, out_features=1, bias=True)
    )
    (7): OutputLayer(
      (hidden_layer): Linear(in_features=256, out_features=128, bias=True)
      (ouput_layer): Linear(in_features=128, out_features=1, bias=True)
    )
    (8): OutputLayer(
      (hidden_layer): Linear(in_features=256, out_features=128, bias=True)
      (ouput_layer): Linear(in_features=128, out_features=1, bias=True)
    )
    (9): OutputLayer(
      (hidden_layer): Linear(in_features=256, out_features=128, bias=True)
      (ouput_layer): Linear(in_features=128, out_features=1, bias=True)
    )
    (10): OutputLayer(
      (hidden_layer): Linear(in_features=256, out_features=128, bias=True)
      (ouput_layer): Linear(in_features=128, out_features=1, bias=True)
    )
    (11): OutputLayer(
      (hidden_layer): Linear(in_features=256, out_features=128, bias=True)
      (ouput_layer): Linear(in_features=128, out_features=1, bias=True)
    )
  )
  (loss): SmoothL1Loss()
)
2024-08-20 14:58:27,566 - INFO - first_layer_embedding.weight	torch.Size([64, 1])	cuda:1	True
2024-08-20 14:58:27,566 - INFO - first_layer_embedding.bias	torch.Size([64])	cuda:1	True
2024-08-20 14:58:27,566 - INFO - stsgcl_layers.0.layer.position_embedding.temporal_emb	torch.Size([1, 12, 1, 64])	cuda:1	True
2024-08-20 14:58:27,566 - INFO - stsgcl_layers.0.layer.position_embedding.spatial_emb	torch.Size([1, 1, 207, 64])	cuda:1	True
2024-08-20 14:58:27,566 - INFO - stsgcl_layers.0.layer.gcms.0.layers.0.layer.weight	torch.Size([128, 64])	cuda:1	True
2024-08-20 14:58:27,566 - INFO - stsgcl_layers.0.layer.gcms.0.layers.0.layer.bias	torch.Size([128])	cuda:1	True
2024-08-20 14:58:27,566 - INFO - stsgcl_layers.0.layer.gcms.0.layers.1.layer.weight	torch.Size([128, 64])	cuda:1	True
2024-08-20 14:58:27,567 - INFO - stsgcl_layers.0.layer.gcms.0.layers.1.layer.bias	torch.Size([128])	cuda:1	True
2024-08-20 14:58:27,567 - INFO - stsgcl_layers.0.layer.gcms.0.layers.2.layer.weight	torch.Size([128, 64])	cuda:1	True
2024-08-20 14:58:27,567 - INFO - stsgcl_layers.0.layer.gcms.0.layers.2.layer.bias	torch.Size([128])	cuda:1	True
2024-08-20 14:58:27,567 - INFO - stsgcl_layers.0.layer.gcms.1.layers.0.layer.weight	torch.Size([128, 64])	cuda:1	True
2024-08-20 14:58:27,567 - INFO - stsgcl_layers.0.layer.gcms.1.layers.0.layer.bias	torch.Size([128])	cuda:1	True
2024-08-20 14:58:27,567 - INFO - stsgcl_layers.0.layer.gcms.1.layers.1.layer.weight	torch.Size([128, 64])	cuda:1	True
2024-08-20 14:58:27,567 - INFO - stsgcl_layers.0.layer.gcms.1.layers.1.layer.bias	torch.Size([128])	cuda:1	True
2024-08-20 14:58:27,567 - INFO - stsgcl_layers.0.layer.gcms.1.layers.2.layer.weight	torch.Size([128, 64])	cuda:1	True
2024-08-20 14:58:27,567 - INFO - stsgcl_layers.0.layer.gcms.1.layers.2.layer.bias	torch.Size([128])	cuda:1	True
2024-08-20 14:58:27,567 - INFO - stsgcl_layers.0.layer.gcms.2.layers.0.layer.weight	torch.Size([128, 64])	cuda:1	True
2024-08-20 14:58:27,567 - INFO - stsgcl_layers.0.layer.gcms.2.layers.0.layer.bias	torch.Size([128])	cuda:1	True
2024-08-20 14:58:27,567 - INFO - stsgcl_layers.0.layer.gcms.2.layers.1.layer.weight	torch.Size([128, 64])	cuda:1	True
2024-08-20 14:58:27,567 - INFO - stsgcl_layers.0.layer.gcms.2.layers.1.layer.bias	torch.Size([128])	cuda:1	True
2024-08-20 14:58:27,568 - INFO - stsgcl_layers.0.layer.gcms.2.layers.2.layer.weight	torch.Size([128, 64])	cuda:1	True
2024-08-20 14:58:27,568 - INFO - stsgcl_layers.0.layer.gcms.2.layers.2.layer.bias	torch.Size([128])	cuda:1	True
2024-08-20 14:58:27,568 - INFO - stsgcl_layers.0.layer.gcms.3.layers.0.layer.weight	torch.Size([128, 64])	cuda:1	True
2024-08-20 14:58:27,568 - INFO - stsgcl_layers.0.layer.gcms.3.layers.0.layer.bias	torch.Size([128])	cuda:1	True
2024-08-20 14:58:27,568 - INFO - stsgcl_layers.0.layer.gcms.3.layers.1.layer.weight	torch.Size([128, 64])	cuda:1	True
2024-08-20 14:58:27,568 - INFO - stsgcl_layers.0.layer.gcms.3.layers.1.layer.bias	torch.Size([128])	cuda:1	True
2024-08-20 14:58:27,568 - INFO - stsgcl_layers.0.layer.gcms.3.layers.2.layer.weight	torch.Size([128, 64])	cuda:1	True
2024-08-20 14:58:27,568 - INFO - stsgcl_layers.0.layer.gcms.3.layers.2.layer.bias	torch.Size([128])	cuda:1	True
2024-08-20 14:58:27,568 - INFO - stsgcl_layers.0.layer.gcms.4.layers.0.layer.weight	torch.Size([128, 64])	cuda:1	True
2024-08-20 14:58:27,568 - INFO - stsgcl_layers.0.layer.gcms.4.layers.0.layer.bias	torch.Size([128])	cuda:1	True
2024-08-20 14:58:27,568 - INFO - stsgcl_layers.0.layer.gcms.4.layers.1.layer.weight	torch.Size([128, 64])	cuda:1	True
2024-08-20 14:58:27,568 - INFO - stsgcl_layers.0.layer.gcms.4.layers.1.layer.bias	torch.Size([128])	cuda:1	True
2024-08-20 14:58:27,568 - INFO - stsgcl_layers.0.layer.gcms.4.layers.2.layer.weight	torch.Size([128, 64])	cuda:1	True
2024-08-20 14:58:27,568 - INFO - stsgcl_layers.0.layer.gcms.4.layers.2.layer.bias	torch.Size([128])	cuda:1	True
2024-08-20 14:58:27,569 - INFO - stsgcl_layers.0.layer.gcms.5.layers.0.layer.weight	torch.Size([128, 64])	cuda:1	True
2024-08-20 14:58:27,569 - INFO - stsgcl_layers.0.layer.gcms.5.layers.0.layer.bias	torch.Size([128])	cuda:1	True
2024-08-20 14:58:27,569 - INFO - stsgcl_layers.0.layer.gcms.5.layers.1.layer.weight	torch.Size([128, 64])	cuda:1	True
2024-08-20 14:58:27,569 - INFO - stsgcl_layers.0.layer.gcms.5.layers.1.layer.bias	torch.Size([128])	cuda:1	True
2024-08-20 14:58:27,569 - INFO - stsgcl_layers.0.layer.gcms.5.layers.2.layer.weight	torch.Size([128, 64])	cuda:1	True
2024-08-20 14:58:27,569 - INFO - stsgcl_layers.0.layer.gcms.5.layers.2.layer.bias	torch.Size([128])	cuda:1	True
2024-08-20 14:58:27,569 - INFO - stsgcl_layers.0.layer.gcms.6.layers.0.layer.weight	torch.Size([128, 64])	cuda:1	True
2024-08-20 14:58:27,569 - INFO - stsgcl_layers.0.layer.gcms.6.layers.0.layer.bias	torch.Size([128])	cuda:1	True
2024-08-20 14:58:27,569 - INFO - stsgcl_layers.0.layer.gcms.6.layers.1.layer.weight	torch.Size([128, 64])	cuda:1	True
2024-08-20 14:58:27,569 - INFO - stsgcl_layers.0.layer.gcms.6.layers.1.layer.bias	torch.Size([128])	cuda:1	True
2024-08-20 14:58:27,569 - INFO - stsgcl_layers.0.layer.gcms.6.layers.2.layer.weight	torch.Size([128, 64])	cuda:1	True
2024-08-20 14:58:27,569 - INFO - stsgcl_layers.0.layer.gcms.6.layers.2.layer.bias	torch.Size([128])	cuda:1	True
2024-08-20 14:58:27,569 - INFO - stsgcl_layers.0.layer.gcms.7.layers.0.layer.weight	torch.Size([128, 64])	cuda:1	True
2024-08-20 14:58:27,570 - INFO - stsgcl_layers.0.layer.gcms.7.layers.0.layer.bias	torch.Size([128])	cuda:1	True
2024-08-20 14:58:27,570 - INFO - stsgcl_layers.0.layer.gcms.7.layers.1.layer.weight	torch.Size([128, 64])	cuda:1	True
2024-08-20 14:58:27,570 - INFO - stsgcl_layers.0.layer.gcms.7.layers.1.layer.bias	torch.Size([128])	cuda:1	True
2024-08-20 14:58:27,570 - INFO - stsgcl_layers.0.layer.gcms.7.layers.2.layer.weight	torch.Size([128, 64])	cuda:1	True
2024-08-20 14:58:27,570 - INFO - stsgcl_layers.0.layer.gcms.7.layers.2.layer.bias	torch.Size([128])	cuda:1	True
2024-08-20 14:58:27,570 - INFO - stsgcl_layers.0.layer.gcms.8.layers.0.layer.weight	torch.Size([128, 64])	cuda:1	True
2024-08-20 14:58:27,570 - INFO - stsgcl_layers.0.layer.gcms.8.layers.0.layer.bias	torch.Size([128])	cuda:1	True
2024-08-20 14:58:27,570 - INFO - stsgcl_layers.0.layer.gcms.8.layers.1.layer.weight	torch.Size([128, 64])	cuda:1	True
2024-08-20 14:58:27,570 - INFO - stsgcl_layers.0.layer.gcms.8.layers.1.layer.bias	torch.Size([128])	cuda:1	True
2024-08-20 14:58:27,570 - INFO - stsgcl_layers.0.layer.gcms.8.layers.2.layer.weight	torch.Size([128, 64])	cuda:1	True
2024-08-20 14:58:27,570 - INFO - stsgcl_layers.0.layer.gcms.8.layers.2.layer.bias	torch.Size([128])	cuda:1	True
2024-08-20 14:58:27,570 - INFO - stsgcl_layers.0.layer.gcms.9.layers.0.layer.weight	torch.Size([128, 64])	cuda:1	True
2024-08-20 14:58:27,571 - INFO - stsgcl_layers.0.layer.gcms.9.layers.0.layer.bias	torch.Size([128])	cuda:1	True
2024-08-20 14:58:27,571 - INFO - stsgcl_layers.0.layer.gcms.9.layers.1.layer.weight	torch.Size([128, 64])	cuda:1	True
2024-08-20 14:58:27,571 - INFO - stsgcl_layers.0.layer.gcms.9.layers.1.layer.bias	torch.Size([128])	cuda:1	True
2024-08-20 14:58:27,571 - INFO - stsgcl_layers.0.layer.gcms.9.layers.2.layer.weight	torch.Size([128, 64])	cuda:1	True
2024-08-20 14:58:27,571 - INFO - stsgcl_layers.0.layer.gcms.9.layers.2.layer.bias	torch.Size([128])	cuda:1	True
2024-08-20 14:58:27,571 - INFO - stsgcl_layers.1.layer.position_embedding.temporal_emb	torch.Size([1, 10, 1, 64])	cuda:1	True
2024-08-20 14:58:27,571 - INFO - stsgcl_layers.1.layer.position_embedding.spatial_emb	torch.Size([1, 1, 207, 64])	cuda:1	True
2024-08-20 14:58:27,571 - INFO - stsgcl_layers.1.layer.gcms.0.layers.0.layer.weight	torch.Size([128, 64])	cuda:1	True
2024-08-20 14:58:27,571 - INFO - stsgcl_layers.1.layer.gcms.0.layers.0.layer.bias	torch.Size([128])	cuda:1	True
2024-08-20 14:58:27,571 - INFO - stsgcl_layers.1.layer.gcms.0.layers.1.layer.weight	torch.Size([128, 64])	cuda:1	True
2024-08-20 14:58:27,571 - INFO - stsgcl_layers.1.layer.gcms.0.layers.1.layer.bias	torch.Size([128])	cuda:1	True
2024-08-20 14:58:27,571 - INFO - stsgcl_layers.1.layer.gcms.0.layers.2.layer.weight	torch.Size([128, 64])	cuda:1	True
2024-08-20 14:58:27,571 - INFO - stsgcl_layers.1.layer.gcms.0.layers.2.layer.bias	torch.Size([128])	cuda:1	True
2024-08-20 14:58:27,571 - INFO - stsgcl_layers.1.layer.gcms.1.layers.0.layer.weight	torch.Size([128, 64])	cuda:1	True
2024-08-20 14:58:27,572 - INFO - stsgcl_layers.1.layer.gcms.1.layers.0.layer.bias	torch.Size([128])	cuda:1	True
2024-08-20 14:58:27,572 - INFO - stsgcl_layers.1.layer.gcms.1.layers.1.layer.weight	torch.Size([128, 64])	cuda:1	True
2024-08-20 14:58:27,572 - INFO - stsgcl_layers.1.layer.gcms.1.layers.1.layer.bias	torch.Size([128])	cuda:1	True
2024-08-20 14:58:27,572 - INFO - stsgcl_layers.1.layer.gcms.1.layers.2.layer.weight	torch.Size([128, 64])	cuda:1	True
2024-08-20 14:58:27,572 - INFO - stsgcl_layers.1.layer.gcms.1.layers.2.layer.bias	torch.Size([128])	cuda:1	True
2024-08-20 14:58:27,572 - INFO - stsgcl_layers.1.layer.gcms.2.layers.0.layer.weight	torch.Size([128, 64])	cuda:1	True
2024-08-20 14:58:27,572 - INFO - stsgcl_layers.1.layer.gcms.2.layers.0.layer.bias	torch.Size([128])	cuda:1	True
2024-08-20 14:58:27,572 - INFO - stsgcl_layers.1.layer.gcms.2.layers.1.layer.weight	torch.Size([128, 64])	cuda:1	True
2024-08-20 14:58:27,572 - INFO - stsgcl_layers.1.layer.gcms.2.layers.1.layer.bias	torch.Size([128])	cuda:1	True
2024-08-20 14:58:27,572 - INFO - stsgcl_layers.1.layer.gcms.2.layers.2.layer.weight	torch.Size([128, 64])	cuda:1	True
2024-08-20 14:58:27,572 - INFO - stsgcl_layers.1.layer.gcms.2.layers.2.layer.bias	torch.Size([128])	cuda:1	True
2024-08-20 14:58:27,572 - INFO - stsgcl_layers.1.layer.gcms.3.layers.0.layer.weight	torch.Size([128, 64])	cuda:1	True
2024-08-20 14:58:27,572 - INFO - stsgcl_layers.1.layer.gcms.3.layers.0.layer.bias	torch.Size([128])	cuda:1	True
2024-08-20 14:58:27,573 - INFO - stsgcl_layers.1.layer.gcms.3.layers.1.layer.weight	torch.Size([128, 64])	cuda:1	True
2024-08-20 14:58:27,573 - INFO - stsgcl_layers.1.layer.gcms.3.layers.1.layer.bias	torch.Size([128])	cuda:1	True
2024-08-20 14:58:27,573 - INFO - stsgcl_layers.1.layer.gcms.3.layers.2.layer.weight	torch.Size([128, 64])	cuda:1	True
2024-08-20 14:58:27,573 - INFO - stsgcl_layers.1.layer.gcms.3.layers.2.layer.bias	torch.Size([128])	cuda:1	True
2024-08-20 14:58:27,573 - INFO - stsgcl_layers.1.layer.gcms.4.layers.0.layer.weight	torch.Size([128, 64])	cuda:1	True
2024-08-20 14:58:27,573 - INFO - stsgcl_layers.1.layer.gcms.4.layers.0.layer.bias	torch.Size([128])	cuda:1	True
2024-08-20 14:58:27,573 - INFO - stsgcl_layers.1.layer.gcms.4.layers.1.layer.weight	torch.Size([128, 64])	cuda:1	True
2024-08-20 14:58:27,573 - INFO - stsgcl_layers.1.layer.gcms.4.layers.1.layer.bias	torch.Size([128])	cuda:1	True
2024-08-20 14:58:27,573 - INFO - stsgcl_layers.1.layer.gcms.4.layers.2.layer.weight	torch.Size([128, 64])	cuda:1	True
2024-08-20 14:58:27,573 - INFO - stsgcl_layers.1.layer.gcms.4.layers.2.layer.bias	torch.Size([128])	cuda:1	True
2024-08-20 14:58:27,573 - INFO - stsgcl_layers.1.layer.gcms.5.layers.0.layer.weight	torch.Size([128, 64])	cuda:1	True
2024-08-20 14:58:27,573 - INFO - stsgcl_layers.1.layer.gcms.5.layers.0.layer.bias	torch.Size([128])	cuda:1	True
2024-08-20 14:58:27,573 - INFO - stsgcl_layers.1.layer.gcms.5.layers.1.layer.weight	torch.Size([128, 64])	cuda:1	True
2024-08-20 14:58:27,574 - INFO - stsgcl_layers.1.layer.gcms.5.layers.1.layer.bias	torch.Size([128])	cuda:1	True
2024-08-20 14:58:27,574 - INFO - stsgcl_layers.1.layer.gcms.5.layers.2.layer.weight	torch.Size([128, 64])	cuda:1	True
2024-08-20 14:58:27,574 - INFO - stsgcl_layers.1.layer.gcms.5.layers.2.layer.bias	torch.Size([128])	cuda:1	True
2024-08-20 14:58:27,574 - INFO - stsgcl_layers.1.layer.gcms.6.layers.0.layer.weight	torch.Size([128, 64])	cuda:1	True
2024-08-20 14:58:27,574 - INFO - stsgcl_layers.1.layer.gcms.6.layers.0.layer.bias	torch.Size([128])	cuda:1	True
2024-08-20 14:58:27,574 - INFO - stsgcl_layers.1.layer.gcms.6.layers.1.layer.weight	torch.Size([128, 64])	cuda:1	True
2024-08-20 14:58:27,574 - INFO - stsgcl_layers.1.layer.gcms.6.layers.1.layer.bias	torch.Size([128])	cuda:1	True
2024-08-20 14:58:27,574 - INFO - stsgcl_layers.1.layer.gcms.6.layers.2.layer.weight	torch.Size([128, 64])	cuda:1	True
2024-08-20 14:58:27,574 - INFO - stsgcl_layers.1.layer.gcms.6.layers.2.layer.bias	torch.Size([128])	cuda:1	True
2024-08-20 14:58:27,574 - INFO - stsgcl_layers.1.layer.gcms.7.layers.0.layer.weight	torch.Size([128, 64])	cuda:1	True
2024-08-20 14:58:27,574 - INFO - stsgcl_layers.1.layer.gcms.7.layers.0.layer.bias	torch.Size([128])	cuda:1	True
2024-08-20 14:58:27,574 - INFO - stsgcl_layers.1.layer.gcms.7.layers.1.layer.weight	torch.Size([128, 64])	cuda:1	True
2024-08-20 14:58:27,574 - INFO - stsgcl_layers.1.layer.gcms.7.layers.1.layer.bias	torch.Size([128])	cuda:1	True
2024-08-20 14:58:27,575 - INFO - stsgcl_layers.1.layer.gcms.7.layers.2.layer.weight	torch.Size([128, 64])	cuda:1	True
2024-08-20 14:58:27,575 - INFO - stsgcl_layers.1.layer.gcms.7.layers.2.layer.bias	torch.Size([128])	cuda:1	True
2024-08-20 14:58:27,575 - INFO - stsgcl_layers.2.layer.position_embedding.temporal_emb	torch.Size([1, 8, 1, 64])	cuda:1	True
2024-08-20 14:58:27,575 - INFO - stsgcl_layers.2.layer.position_embedding.spatial_emb	torch.Size([1, 1, 207, 64])	cuda:1	True
2024-08-20 14:58:27,575 - INFO - stsgcl_layers.2.layer.gcms.0.layers.0.layer.weight	torch.Size([128, 64])	cuda:1	True
2024-08-20 14:58:27,575 - INFO - stsgcl_layers.2.layer.gcms.0.layers.0.layer.bias	torch.Size([128])	cuda:1	True
2024-08-20 14:58:27,575 - INFO - stsgcl_layers.2.layer.gcms.0.layers.1.layer.weight	torch.Size([128, 64])	cuda:1	True
2024-08-20 14:58:27,575 - INFO - stsgcl_layers.2.layer.gcms.0.layers.1.layer.bias	torch.Size([128])	cuda:1	True
2024-08-20 14:58:27,575 - INFO - stsgcl_layers.2.layer.gcms.0.layers.2.layer.weight	torch.Size([128, 64])	cuda:1	True
2024-08-20 14:58:27,575 - INFO - stsgcl_layers.2.layer.gcms.0.layers.2.layer.bias	torch.Size([128])	cuda:1	True
2024-08-20 14:58:27,575 - INFO - stsgcl_layers.2.layer.gcms.1.layers.0.layer.weight	torch.Size([128, 64])	cuda:1	True
2024-08-20 14:58:27,575 - INFO - stsgcl_layers.2.layer.gcms.1.layers.0.layer.bias	torch.Size([128])	cuda:1	True
2024-08-20 14:58:27,575 - INFO - stsgcl_layers.2.layer.gcms.1.layers.1.layer.weight	torch.Size([128, 64])	cuda:1	True
2024-08-20 14:58:27,576 - INFO - stsgcl_layers.2.layer.gcms.1.layers.1.layer.bias	torch.Size([128])	cuda:1	True
2024-08-20 14:58:27,576 - INFO - stsgcl_layers.2.layer.gcms.1.layers.2.layer.weight	torch.Size([128, 64])	cuda:1	True
2024-08-20 14:58:27,576 - INFO - stsgcl_layers.2.layer.gcms.1.layers.2.layer.bias	torch.Size([128])	cuda:1	True
2024-08-20 14:58:27,576 - INFO - stsgcl_layers.2.layer.gcms.2.layers.0.layer.weight	torch.Size([128, 64])	cuda:1	True
2024-08-20 14:58:27,576 - INFO - stsgcl_layers.2.layer.gcms.2.layers.0.layer.bias	torch.Size([128])	cuda:1	True
2024-08-20 14:58:27,576 - INFO - stsgcl_layers.2.layer.gcms.2.layers.1.layer.weight	torch.Size([128, 64])	cuda:1	True
2024-08-20 14:58:27,576 - INFO - stsgcl_layers.2.layer.gcms.2.layers.1.layer.bias	torch.Size([128])	cuda:1	True
2024-08-20 14:58:27,576 - INFO - stsgcl_layers.2.layer.gcms.2.layers.2.layer.weight	torch.Size([128, 64])	cuda:1	True
2024-08-20 14:58:27,576 - INFO - stsgcl_layers.2.layer.gcms.2.layers.2.layer.bias	torch.Size([128])	cuda:1	True
2024-08-20 14:58:27,576 - INFO - stsgcl_layers.2.layer.gcms.3.layers.0.layer.weight	torch.Size([128, 64])	cuda:1	True
2024-08-20 14:58:27,576 - INFO - stsgcl_layers.2.layer.gcms.3.layers.0.layer.bias	torch.Size([128])	cuda:1	True
2024-08-20 14:58:27,576 - INFO - stsgcl_layers.2.layer.gcms.3.layers.1.layer.weight	torch.Size([128, 64])	cuda:1	True
2024-08-20 14:58:27,576 - INFO - stsgcl_layers.2.layer.gcms.3.layers.1.layer.bias	torch.Size([128])	cuda:1	True
2024-08-20 14:58:27,577 - INFO - stsgcl_layers.2.layer.gcms.3.layers.2.layer.weight	torch.Size([128, 64])	cuda:1	True
2024-08-20 14:58:27,577 - INFO - stsgcl_layers.2.layer.gcms.3.layers.2.layer.bias	torch.Size([128])	cuda:1	True
2024-08-20 14:58:27,577 - INFO - stsgcl_layers.2.layer.gcms.4.layers.0.layer.weight	torch.Size([128, 64])	cuda:1	True
2024-08-20 14:58:27,577 - INFO - stsgcl_layers.2.layer.gcms.4.layers.0.layer.bias	torch.Size([128])	cuda:1	True
2024-08-20 14:58:27,577 - INFO - stsgcl_layers.2.layer.gcms.4.layers.1.layer.weight	torch.Size([128, 64])	cuda:1	True
2024-08-20 14:58:27,577 - INFO - stsgcl_layers.2.layer.gcms.4.layers.1.layer.bias	torch.Size([128])	cuda:1	True
2024-08-20 14:58:27,577 - INFO - stsgcl_layers.2.layer.gcms.4.layers.2.layer.weight	torch.Size([128, 64])	cuda:1	True
2024-08-20 14:58:27,577 - INFO - stsgcl_layers.2.layer.gcms.4.layers.2.layer.bias	torch.Size([128])	cuda:1	True
2024-08-20 14:58:27,577 - INFO - stsgcl_layers.2.layer.gcms.5.layers.0.layer.weight	torch.Size([128, 64])	cuda:1	True
2024-08-20 14:58:27,577 - INFO - stsgcl_layers.2.layer.gcms.5.layers.0.layer.bias	torch.Size([128])	cuda:1	True
2024-08-20 14:58:27,577 - INFO - stsgcl_layers.2.layer.gcms.5.layers.1.layer.weight	torch.Size([128, 64])	cuda:1	True
2024-08-20 14:58:27,577 - INFO - stsgcl_layers.2.layer.gcms.5.layers.1.layer.bias	torch.Size([128])	cuda:1	True
2024-08-20 14:58:27,577 - INFO - stsgcl_layers.2.layer.gcms.5.layers.2.layer.weight	torch.Size([128, 64])	cuda:1	True
2024-08-20 14:58:27,578 - INFO - stsgcl_layers.2.layer.gcms.5.layers.2.layer.bias	torch.Size([128])	cuda:1	True
2024-08-20 14:58:27,578 - INFO - stsgcl_layers.3.layer.position_embedding.temporal_emb	torch.Size([1, 6, 1, 64])	cuda:1	True
2024-08-20 14:58:27,578 - INFO - stsgcl_layers.3.layer.position_embedding.spatial_emb	torch.Size([1, 1, 207, 64])	cuda:1	True
2024-08-20 14:58:27,578 - INFO - stsgcl_layers.3.layer.gcms.0.layers.0.layer.weight	torch.Size([128, 64])	cuda:1	True
2024-08-20 14:58:27,578 - INFO - stsgcl_layers.3.layer.gcms.0.layers.0.layer.bias	torch.Size([128])	cuda:1	True
2024-08-20 14:58:27,578 - INFO - stsgcl_layers.3.layer.gcms.0.layers.1.layer.weight	torch.Size([128, 64])	cuda:1	True
2024-08-20 14:58:27,578 - INFO - stsgcl_layers.3.layer.gcms.0.layers.1.layer.bias	torch.Size([128])	cuda:1	True
2024-08-20 14:58:27,578 - INFO - stsgcl_layers.3.layer.gcms.0.layers.2.layer.weight	torch.Size([128, 64])	cuda:1	True
2024-08-20 14:58:27,578 - INFO - stsgcl_layers.3.layer.gcms.0.layers.2.layer.bias	torch.Size([128])	cuda:1	True
2024-08-20 14:58:27,578 - INFO - stsgcl_layers.3.layer.gcms.1.layers.0.layer.weight	torch.Size([128, 64])	cuda:1	True
2024-08-20 14:58:27,578 - INFO - stsgcl_layers.3.layer.gcms.1.layers.0.layer.bias	torch.Size([128])	cuda:1	True
2024-08-20 14:58:27,578 - INFO - stsgcl_layers.3.layer.gcms.1.layers.1.layer.weight	torch.Size([128, 64])	cuda:1	True
2024-08-20 14:58:27,578 - INFO - stsgcl_layers.3.layer.gcms.1.layers.1.layer.bias	torch.Size([128])	cuda:1	True
2024-08-20 14:58:27,579 - INFO - stsgcl_layers.3.layer.gcms.1.layers.2.layer.weight	torch.Size([128, 64])	cuda:1	True
2024-08-20 14:58:27,579 - INFO - stsgcl_layers.3.layer.gcms.1.layers.2.layer.bias	torch.Size([128])	cuda:1	True
2024-08-20 14:58:27,579 - INFO - stsgcl_layers.3.layer.gcms.2.layers.0.layer.weight	torch.Size([128, 64])	cuda:1	True
2024-08-20 14:58:27,579 - INFO - stsgcl_layers.3.layer.gcms.2.layers.0.layer.bias	torch.Size([128])	cuda:1	True
2024-08-20 14:58:27,579 - INFO - stsgcl_layers.3.layer.gcms.2.layers.1.layer.weight	torch.Size([128, 64])	cuda:1	True
2024-08-20 14:58:27,579 - INFO - stsgcl_layers.3.layer.gcms.2.layers.1.layer.bias	torch.Size([128])	cuda:1	True
2024-08-20 14:58:27,579 - INFO - stsgcl_layers.3.layer.gcms.2.layers.2.layer.weight	torch.Size([128, 64])	cuda:1	True
2024-08-20 14:58:27,579 - INFO - stsgcl_layers.3.layer.gcms.2.layers.2.layer.bias	torch.Size([128])	cuda:1	True
2024-08-20 14:58:27,579 - INFO - stsgcl_layers.3.layer.gcms.3.layers.0.layer.weight	torch.Size([128, 64])	cuda:1	True
2024-08-20 14:58:27,579 - INFO - stsgcl_layers.3.layer.gcms.3.layers.0.layer.bias	torch.Size([128])	cuda:1	True
2024-08-20 14:58:27,579 - INFO - stsgcl_layers.3.layer.gcms.3.layers.1.layer.weight	torch.Size([128, 64])	cuda:1	True
2024-08-20 14:58:27,579 - INFO - stsgcl_layers.3.layer.gcms.3.layers.1.layer.bias	torch.Size([128])	cuda:1	True
2024-08-20 14:58:27,579 - INFO - stsgcl_layers.3.layer.gcms.3.layers.2.layer.weight	torch.Size([128, 64])	cuda:1	True
2024-08-20 14:58:27,579 - INFO - stsgcl_layers.3.layer.gcms.3.layers.2.layer.bias	torch.Size([128])	cuda:1	True
2024-08-20 14:58:27,580 - INFO - outputs.0.hidden_layer.weight	torch.Size([128, 256])	cuda:1	True
2024-08-20 14:58:27,580 - INFO - outputs.0.hidden_layer.bias	torch.Size([128])	cuda:1	True
2024-08-20 14:58:27,580 - INFO - outputs.0.ouput_layer.weight	torch.Size([1, 128])	cuda:1	True
2024-08-20 14:58:27,580 - INFO - outputs.0.ouput_layer.bias	torch.Size([1])	cuda:1	True
2024-08-20 14:58:27,580 - INFO - outputs.1.hidden_layer.weight	torch.Size([128, 256])	cuda:1	True
2024-08-20 14:58:27,580 - INFO - outputs.1.hidden_layer.bias	torch.Size([128])	cuda:1	True
2024-08-20 14:58:27,580 - INFO - outputs.1.ouput_layer.weight	torch.Size([1, 128])	cuda:1	True
2024-08-20 14:58:27,580 - INFO - outputs.1.ouput_layer.bias	torch.Size([1])	cuda:1	True
2024-08-20 14:58:27,580 - INFO - outputs.2.hidden_layer.weight	torch.Size([128, 256])	cuda:1	True
2024-08-20 14:58:27,580 - INFO - outputs.2.hidden_layer.bias	torch.Size([128])	cuda:1	True
2024-08-20 14:58:27,580 - INFO - outputs.2.ouput_layer.weight	torch.Size([1, 128])	cuda:1	True
2024-08-20 14:58:27,580 - INFO - outputs.2.ouput_layer.bias	torch.Size([1])	cuda:1	True
2024-08-20 14:58:27,580 - INFO - outputs.3.hidden_layer.weight	torch.Size([128, 256])	cuda:1	True
2024-08-20 14:58:27,581 - INFO - outputs.3.hidden_layer.bias	torch.Size([128])	cuda:1	True
2024-08-20 14:58:27,581 - INFO - outputs.3.ouput_layer.weight	torch.Size([1, 128])	cuda:1	True
2024-08-20 14:58:27,581 - INFO - outputs.3.ouput_layer.bias	torch.Size([1])	cuda:1	True
2024-08-20 14:58:27,581 - INFO - outputs.4.hidden_layer.weight	torch.Size([128, 256])	cuda:1	True
2024-08-20 14:58:27,581 - INFO - outputs.4.hidden_layer.bias	torch.Size([128])	cuda:1	True
2024-08-20 14:58:27,581 - INFO - outputs.4.ouput_layer.weight	torch.Size([1, 128])	cuda:1	True
2024-08-20 14:58:27,581 - INFO - outputs.4.ouput_layer.bias	torch.Size([1])	cuda:1	True
2024-08-20 14:58:27,581 - INFO - outputs.5.hidden_layer.weight	torch.Size([128, 256])	cuda:1	True
2024-08-20 14:58:27,581 - INFO - outputs.5.hidden_layer.bias	torch.Size([128])	cuda:1	True
2024-08-20 14:58:27,581 - INFO - outputs.5.ouput_layer.weight	torch.Size([1, 128])	cuda:1	True
2024-08-20 14:58:27,581 - INFO - outputs.5.ouput_layer.bias	torch.Size([1])	cuda:1	True
2024-08-20 14:58:27,581 - INFO - outputs.6.hidden_layer.weight	torch.Size([128, 256])	cuda:1	True
2024-08-20 14:58:27,581 - INFO - outputs.6.hidden_layer.bias	torch.Size([128])	cuda:1	True
2024-08-20 14:58:27,582 - INFO - outputs.6.ouput_layer.weight	torch.Size([1, 128])	cuda:1	True
2024-08-20 14:58:27,582 - INFO - outputs.6.ouput_layer.bias	torch.Size([1])	cuda:1	True
2024-08-20 14:58:27,582 - INFO - outputs.7.hidden_layer.weight	torch.Size([128, 256])	cuda:1	True
2024-08-20 14:58:27,582 - INFO - outputs.7.hidden_layer.bias	torch.Size([128])	cuda:1	True
2024-08-20 14:58:27,582 - INFO - outputs.7.ouput_layer.weight	torch.Size([1, 128])	cuda:1	True
2024-08-20 14:58:27,582 - INFO - outputs.7.ouput_layer.bias	torch.Size([1])	cuda:1	True
2024-08-20 14:58:27,582 - INFO - outputs.8.hidden_layer.weight	torch.Size([128, 256])	cuda:1	True
2024-08-20 14:58:27,582 - INFO - outputs.8.hidden_layer.bias	torch.Size([128])	cuda:1	True
2024-08-20 14:58:27,582 - INFO - outputs.8.ouput_layer.weight	torch.Size([1, 128])	cuda:1	True
2024-08-20 14:58:27,584 - INFO - outputs.8.ouput_layer.bias	torch.Size([1])	cuda:1	True
2024-08-20 14:58:27,584 - INFO - outputs.9.hidden_layer.weight	torch.Size([128, 256])	cuda:1	True
2024-08-20 14:58:27,584 - INFO - outputs.9.hidden_layer.bias	torch.Size([128])	cuda:1	True
2024-08-20 14:58:27,584 - INFO - outputs.9.ouput_layer.weight	torch.Size([1, 128])	cuda:1	True
2024-08-20 14:58:27,584 - INFO - outputs.9.ouput_layer.bias	torch.Size([1])	cuda:1	True
2024-08-20 14:58:27,584 - INFO - outputs.10.hidden_layer.weight	torch.Size([128, 256])	cuda:1	True
2024-08-20 14:58:27,584 - INFO - outputs.10.hidden_layer.bias	torch.Size([128])	cuda:1	True
2024-08-20 14:58:27,584 - INFO - outputs.10.ouput_layer.weight	torch.Size([1, 128])	cuda:1	True
2024-08-20 14:58:27,584 - INFO - outputs.10.ouput_layer.bias	torch.Size([1])	cuda:1	True
2024-08-20 14:58:27,585 - INFO - outputs.11.hidden_layer.weight	torch.Size([128, 256])	cuda:1	True
2024-08-20 14:58:27,585 - INFO - outputs.11.hidden_layer.bias	torch.Size([128])	cuda:1	True
2024-08-20 14:58:27,585 - INFO - outputs.11.ouput_layer.weight	torch.Size([1, 128])	cuda:1	True
2024-08-20 14:58:27,585 - INFO - outputs.11.ouput_layer.bias	torch.Size([1])	cuda:1	True
2024-08-20 14:58:27,586 - INFO - Total parameter numbers: 1150604
2024-08-20 14:58:27,586 - INFO - You select `adam` optimizer.
2024-08-20 14:58:27,587 - WARNING - Received none train loss func and will use the loss func defined in the model.
2024-08-20 14:58:27,587 - INFO - Start training ...
2024-08-20 14:58:27,587 - INFO - num_batches:750
2024-08-20 15:01:01,833 - INFO - epoch complete!
2024-08-20 15:01:01,834 - INFO - evaluating now!
2024-08-20 15:01:09,542 - INFO - Epoch [0/150] train_loss: 4.5958, val_loss: 4.2265, lr: 0.001000, 161.95s
2024-08-20 15:01:09,618 - INFO - Saved model at 0
2024-08-20 15:01:09,618 - INFO - Val loss decrease from inf to 4.2265, saving to ./libcity/cache/5/model_cache/STSGCN_METR_LA_epoch0.tar
2024-08-20 15:03:43,678 - INFO - epoch complete!
2024-08-20 15:03:43,678 - INFO - evaluating now!
2024-08-20 15:03:51,389 - INFO - Epoch [1/150] train_loss: 4.2244, val_loss: 4.1542, lr: 0.001000, 161.77s
2024-08-20 15:03:51,465 - INFO - Saved model at 1
2024-08-20 15:03:51,466 - INFO - Val loss decrease from 4.2265 to 4.1542, saving to ./libcity/cache/5/model_cache/STSGCN_METR_LA_epoch1.tar
2024-08-20 15:06:25,310 - INFO - epoch complete!
2024-08-20 15:06:25,311 - INFO - evaluating now!
2024-08-20 15:06:33,182 - INFO - Epoch [2/150] train_loss: 4.1446, val_loss: 4.1355, lr: 0.001000, 161.72s
2024-08-20 15:06:33,259 - INFO - Saved model at 2
2024-08-20 15:06:33,260 - INFO - Val loss decrease from 4.1542 to 4.1355, saving to ./libcity/cache/5/model_cache/STSGCN_METR_LA_epoch2.tar
2024-08-20 15:09:08,126 - INFO - epoch complete!
2024-08-20 15:09:08,127 - INFO - evaluating now!
2024-08-20 15:09:15,876 - INFO - Epoch [3/150] train_loss: 4.0915, val_loss: 4.1012, lr: 0.001000, 162.62s
2024-08-20 15:09:15,954 - INFO - Saved model at 3
2024-08-20 15:09:15,954 - INFO - Val loss decrease from 4.1355 to 4.1012, saving to ./libcity/cache/5/model_cache/STSGCN_METR_LA_epoch3.tar
2024-08-20 15:11:50,746 - INFO - epoch complete!
2024-08-20 15:11:50,747 - INFO - evaluating now!
2024-08-20 15:11:58,486 - INFO - Epoch [4/150] train_loss: 4.0412, val_loss: 4.0857, lr: 0.001000, 162.53s
2024-08-20 15:11:58,573 - INFO - Saved model at 4
2024-08-20 15:11:58,574 - INFO - Val loss decrease from 4.1012 to 4.0857, saving to ./libcity/cache/5/model_cache/STSGCN_METR_LA_epoch4.tar
2024-08-20 15:14:33,391 - INFO - epoch complete!
2024-08-20 15:14:33,391 - INFO - evaluating now!
2024-08-20 15:14:41,001 - INFO - Epoch [5/150] train_loss: 4.0340, val_loss: 4.0919, lr: 0.001000, 162.43s
2024-08-20 15:17:13,033 - INFO - epoch complete!
2024-08-20 15:17:13,033 - INFO - evaluating now!
2024-08-20 15:17:20,638 - INFO - Epoch [6/150] train_loss: 3.9995, val_loss: 4.1003, lr: 0.001000, 159.64s
2024-08-20 15:19:52,603 - INFO - epoch complete!
2024-08-20 15:19:52,604 - INFO - evaluating now!
2024-08-20 15:20:00,185 - INFO - Epoch [7/150] train_loss: 3.9907, val_loss: 4.0721, lr: 0.001000, 159.55s
2024-08-20 15:20:00,260 - INFO - Saved model at 7
2024-08-20 15:20:00,260 - INFO - Val loss decrease from 4.0857 to 4.0721, saving to ./libcity/cache/5/model_cache/STSGCN_METR_LA_epoch7.tar
2024-08-20 15:22:33,838 - INFO - epoch complete!
2024-08-20 15:22:33,838 - INFO - evaluating now!
2024-08-20 15:22:41,567 - INFO - Epoch [8/150] train_loss: 4.0155, val_loss: 4.1203, lr: 0.001000, 161.31s
2024-08-20 15:25:14,640 - INFO - epoch complete!
2024-08-20 15:25:14,641 - INFO - evaluating now!
2024-08-20 15:25:22,366 - INFO - Epoch [9/150] train_loss: 3.9555, val_loss: 4.0615, lr: 0.001000, 160.80s
2024-08-20 15:25:22,443 - INFO - Saved model at 9
2024-08-20 15:25:22,444 - INFO - Val loss decrease from 4.0721 to 4.0615, saving to ./libcity/cache/5/model_cache/STSGCN_METR_LA_epoch9.tar
2024-08-20 15:27:55,128 - INFO - epoch complete!
2024-08-20 15:27:55,129 - INFO - evaluating now!
2024-08-20 15:28:02,829 - INFO - Epoch [10/150] train_loss: 3.9477, val_loss: 4.0949, lr: 0.001000, 160.39s
2024-08-20 15:30:35,361 - INFO - epoch complete!
2024-08-20 15:30:35,362 - INFO - evaluating now!
2024-08-20 15:30:43,244 - INFO - Epoch [11/150] train_loss: 3.9360, val_loss: 4.0922, lr: 0.001000, 160.41s
2024-08-20 15:33:15,979 - INFO - epoch complete!
2024-08-20 15:33:15,979 - INFO - evaluating now!
2024-08-20 15:33:23,686 - INFO - Epoch [12/150] train_loss: 3.9366, val_loss: 4.0518, lr: 0.001000, 160.44s
2024-08-20 15:33:23,760 - INFO - Saved model at 12
2024-08-20 15:33:23,761 - INFO - Val loss decrease from 4.0615 to 4.0518, saving to ./libcity/cache/5/model_cache/STSGCN_METR_LA_epoch12.tar
2024-08-20 15:35:56,135 - INFO - epoch complete!
2024-08-20 15:35:56,136 - INFO - evaluating now!
2024-08-20 15:36:03,870 - INFO - Epoch [13/150] train_loss: 3.9147, val_loss: 4.0308, lr: 0.001000, 160.11s
2024-08-20 15:36:03,948 - INFO - Saved model at 13
2024-08-20 15:36:03,949 - INFO - Val loss decrease from 4.0518 to 4.0308, saving to ./libcity/cache/5/model_cache/STSGCN_METR_LA_epoch13.tar
2024-08-20 15:38:36,574 - INFO - epoch complete!
2024-08-20 15:38:36,575 - INFO - evaluating now!
2024-08-20 15:38:44,427 - INFO - Epoch [14/150] train_loss: 3.9065, val_loss: 3.9937, lr: 0.001000, 160.48s
2024-08-20 15:38:44,500 - INFO - Saved model at 14
2024-08-20 15:38:44,500 - INFO - Val loss decrease from 4.0308 to 3.9937, saving to ./libcity/cache/5/model_cache/STSGCN_METR_LA_epoch14.tar
2024-08-20 15:41:16,846 - INFO - epoch complete!
2024-08-20 15:41:16,847 - INFO - evaluating now!
2024-08-20 15:41:24,547 - INFO - Epoch [15/150] train_loss: 3.8765, val_loss: 3.9845, lr: 0.001000, 160.05s
2024-08-20 15:41:24,621 - INFO - Saved model at 15
2024-08-20 15:41:24,621 - INFO - Val loss decrease from 3.9937 to 3.9845, saving to ./libcity/cache/5/model_cache/STSGCN_METR_LA_epoch15.tar
2024-08-20 15:43:58,190 - INFO - epoch complete!
2024-08-20 15:43:58,190 - INFO - evaluating now!
2024-08-20 15:44:05,910 - INFO - Epoch [16/150] train_loss: 3.8554, val_loss: 3.9545, lr: 0.001000, 161.29s
2024-08-20 15:44:05,983 - INFO - Saved model at 16
2024-08-20 15:44:05,983 - INFO - Val loss decrease from 3.9845 to 3.9545, saving to ./libcity/cache/5/model_cache/STSGCN_METR_LA_epoch16.tar
2024-08-20 15:46:38,670 - INFO - epoch complete!
2024-08-20 15:46:38,670 - INFO - evaluating now!
2024-08-20 15:46:46,387 - INFO - Epoch [17/150] train_loss: 3.8311, val_loss: 3.9197, lr: 0.001000, 160.40s
2024-08-20 15:46:46,460 - INFO - Saved model at 17
2024-08-20 15:46:46,461 - INFO - Val loss decrease from 3.9545 to 3.9197, saving to ./libcity/cache/5/model_cache/STSGCN_METR_LA_epoch17.tar
2024-08-20 15:49:21,009 - INFO - epoch complete!
2024-08-20 15:49:21,009 - INFO - evaluating now!
2024-08-20 15:49:28,720 - INFO - Epoch [18/150] train_loss: 3.8077, val_loss: 3.9432, lr: 0.001000, 162.26s
2024-08-20 15:52:02,321 - INFO - epoch complete!
2024-08-20 15:52:02,322 - INFO - evaluating now!
2024-08-20 15:52:10,174 - INFO - Epoch [19/150] train_loss: 3.8137, val_loss: 3.9377, lr: 0.001000, 161.45s
2024-08-20 15:54:43,743 - INFO - epoch complete!
2024-08-20 15:54:43,743 - INFO - evaluating now!
2024-08-20 15:54:51,622 - INFO - Epoch [20/150] train_loss: 3.7973, val_loss: 3.9109, lr: 0.001000, 161.45s
2024-08-20 15:54:51,696 - INFO - Saved model at 20
2024-08-20 15:54:51,696 - INFO - Val loss decrease from 3.9197 to 3.9109, saving to ./libcity/cache/5/model_cache/STSGCN_METR_LA_epoch20.tar
2024-08-20 15:57:24,498 - INFO - epoch complete!
2024-08-20 15:57:24,499 - INFO - evaluating now!
2024-08-20 15:57:32,316 - INFO - Epoch [21/150] train_loss: 3.7677, val_loss: 3.9201, lr: 0.001000, 160.62s
2024-08-20 16:00:04,997 - INFO - epoch complete!
2024-08-20 16:00:04,997 - INFO - evaluating now!
2024-08-20 16:00:12,854 - INFO - Epoch [22/150] train_loss: 3.7567, val_loss: 3.8814, lr: 0.001000, 160.54s
2024-08-20 16:00:12,940 - INFO - Saved model at 22
2024-08-20 16:00:12,940 - INFO - Val loss decrease from 3.9109 to 3.8814, saving to ./libcity/cache/5/model_cache/STSGCN_METR_LA_epoch22.tar
2024-08-20 16:02:48,412 - INFO - epoch complete!
2024-08-20 16:02:48,413 - INFO - evaluating now!
2024-08-20 16:02:56,114 - INFO - Epoch [23/150] train_loss: 3.7871, val_loss: 3.8926, lr: 0.001000, 163.17s
2024-08-20 16:05:27,768 - INFO - epoch complete!
2024-08-20 16:05:27,768 - INFO - evaluating now!
2024-08-20 16:05:35,355 - INFO - Epoch [24/150] train_loss: 3.7464, val_loss: 3.8930, lr: 0.001000, 159.24s
2024-08-20 16:08:05,545 - INFO - epoch complete!
2024-08-20 16:08:05,546 - INFO - evaluating now!
2024-08-20 16:08:13,118 - INFO - Epoch [25/150] train_loss: 3.7307, val_loss: 3.8851, lr: 0.001000, 157.76s
2024-08-20 16:10:44,701 - INFO - epoch complete!
2024-08-20 16:10:44,702 - INFO - evaluating now!
2024-08-20 16:10:52,446 - INFO - Epoch [26/150] train_loss: 3.7319, val_loss: 3.8675, lr: 0.001000, 159.33s
2024-08-20 16:10:52,519 - INFO - Saved model at 26
2024-08-20 16:10:52,519 - INFO - Val loss decrease from 3.8814 to 3.8675, saving to ./libcity/cache/5/model_cache/STSGCN_METR_LA_epoch26.tar
2024-08-20 16:13:27,997 - INFO - epoch complete!
2024-08-20 16:13:27,997 - INFO - evaluating now!
2024-08-20 16:13:35,730 - INFO - Epoch [27/150] train_loss: 3.7284, val_loss: 3.8938, lr: 0.001000, 163.21s
2024-08-20 16:16:11,043 - INFO - epoch complete!
2024-08-20 16:16:11,043 - INFO - evaluating now!
2024-08-20 16:16:18,708 - INFO - Epoch [28/150] train_loss: 3.7105, val_loss: 3.9142, lr: 0.001000, 162.98s
2024-08-20 16:18:52,712 - INFO - epoch complete!
2024-08-20 16:18:52,712 - INFO - evaluating now!
2024-08-20 16:19:00,368 - INFO - Epoch [29/150] train_loss: 3.7106, val_loss: 3.8809, lr: 0.001000, 161.66s
2024-08-20 16:21:32,754 - INFO - epoch complete!
2024-08-20 16:21:32,754 - INFO - evaluating now!
2024-08-20 16:21:40,404 - INFO - Epoch [30/150] train_loss: 3.7118, val_loss: 3.8892, lr: 0.001000, 160.04s
2024-08-20 16:24:12,972 - INFO - epoch complete!
2024-08-20 16:24:12,973 - INFO - evaluating now!
2024-08-20 16:24:20,632 - INFO - Epoch [31/150] train_loss: 3.6990, val_loss: 3.8783, lr: 0.001000, 160.23s
2024-08-20 16:26:52,703 - INFO - epoch complete!
2024-08-20 16:26:52,703 - INFO - evaluating now!
2024-08-20 16:27:00,364 - INFO - Epoch [32/150] train_loss: 3.6876, val_loss: 3.9067, lr: 0.001000, 159.73s
2024-08-20 16:29:33,842 - INFO - epoch complete!
2024-08-20 16:29:33,843 - INFO - evaluating now!
2024-08-20 16:29:41,503 - INFO - Epoch [33/150] train_loss: 3.6865, val_loss: 3.8969, lr: 0.001000, 161.14s
2024-08-20 16:32:13,717 - INFO - epoch complete!
2024-08-20 16:32:13,718 - INFO - evaluating now!
2024-08-20 16:32:21,370 - INFO - Epoch [34/150] train_loss: 3.6776, val_loss: 3.8848, lr: 0.001000, 159.87s
2024-08-20 16:34:53,559 - INFO - epoch complete!
2024-08-20 16:34:53,559 - INFO - evaluating now!
2024-08-20 16:35:01,219 - INFO - Epoch [35/150] train_loss: 3.6754, val_loss: 3.8997, lr: 0.001000, 159.85s
2024-08-20 16:37:33,238 - INFO - epoch complete!
2024-08-20 16:37:33,238 - INFO - evaluating now!
2024-08-20 16:37:40,912 - INFO - Epoch [36/150] train_loss: 3.8970, val_loss: 4.0621, lr: 0.001000, 159.69s
2024-08-20 16:40:13,090 - INFO - epoch complete!
2024-08-20 16:40:13,090 - INFO - evaluating now!
2024-08-20 16:40:20,752 - INFO - Epoch [37/150] train_loss: 3.8544, val_loss: 4.0277, lr: 0.001000, 159.84s
2024-08-20 16:42:52,662 - INFO - epoch complete!
2024-08-20 16:42:52,663 - INFO - evaluating now!
2024-08-20 16:43:00,356 - INFO - Epoch [38/150] train_loss: 3.8251, val_loss: 4.0120, lr: 0.001000, 159.60s
2024-08-20 16:45:32,512 - INFO - epoch complete!
2024-08-20 16:45:32,512 - INFO - evaluating now!
2024-08-20 16:45:40,199 - INFO - Epoch [39/150] train_loss: 3.8027, val_loss: 3.9804, lr: 0.001000, 159.84s
2024-08-20 16:48:12,128 - INFO - epoch complete!
2024-08-20 16:48:12,128 - INFO - evaluating now!
2024-08-20 16:48:19,839 - INFO - Epoch [40/150] train_loss: 3.7698, val_loss: 3.9405, lr: 0.001000, 159.64s
2024-08-20 16:50:51,802 - INFO - epoch complete!
2024-08-20 16:50:51,802 - INFO - evaluating now!
2024-08-20 16:50:59,481 - INFO - Epoch [41/150] train_loss: 3.7400, val_loss: 3.9197, lr: 0.001000, 159.64s
2024-08-20 16:53:31,507 - INFO - epoch complete!
2024-08-20 16:53:31,508 - INFO - evaluating now!
2024-08-20 16:53:39,243 - INFO - Epoch [42/150] train_loss: 3.7121, val_loss: 3.9058, lr: 0.001000, 159.76s
2024-08-20 16:56:12,587 - INFO - epoch complete!
2024-08-20 16:56:12,587 - INFO - evaluating now!
2024-08-20 16:56:20,265 - INFO - Epoch [43/150] train_loss: 3.6875, val_loss: 3.8946, lr: 0.001000, 161.02s
2024-08-20 16:58:49,555 - INFO - epoch complete!
2024-08-20 16:58:49,556 - INFO - evaluating now!
2024-08-20 16:58:57,105 - INFO - Epoch [44/150] train_loss: 3.7397, val_loss: 3.9338, lr: 0.001000, 156.84s
2024-08-20 17:01:26,787 - INFO - epoch complete!
2024-08-20 17:01:26,788 - INFO - evaluating now!
2024-08-20 17:01:34,319 - INFO - Epoch [45/150] train_loss: 3.6922, val_loss: 3.9351, lr: 0.001000, 157.21s
2024-08-20 17:04:04,827 - INFO - epoch complete!
2024-08-20 17:04:04,828 - INFO - evaluating now!
2024-08-20 17:04:12,509 - INFO - Epoch [46/150] train_loss: 3.6696, val_loss: 3.8843, lr: 0.001000, 158.19s
2024-08-20 17:06:44,616 - INFO - epoch complete!
2024-08-20 17:06:44,616 - INFO - evaluating now!
2024-08-20 17:06:52,293 - INFO - Epoch [47/150] train_loss: 3.6629, val_loss: 3.9127, lr: 0.001000, 159.78s
2024-08-20 17:09:24,251 - INFO - epoch complete!
2024-08-20 17:09:24,251 - INFO - evaluating now!
2024-08-20 17:09:31,925 - INFO - Epoch [48/150] train_loss: 3.6689, val_loss: 3.9313, lr: 0.001000, 159.63s
2024-08-20 17:12:04,012 - INFO - epoch complete!
2024-08-20 17:12:04,013 - INFO - evaluating now!
2024-08-20 17:12:11,546 - INFO - Epoch [49/150] train_loss: 3.7220, val_loss: 3.9147, lr: 0.001000, 159.62s
2024-08-20 17:14:43,682 - INFO - epoch complete!
2024-08-20 17:14:43,683 - INFO - evaluating now!
2024-08-20 17:14:51,353 - INFO - Epoch [50/150] train_loss: 3.6683, val_loss: 3.9215, lr: 0.001000, 159.81s
2024-08-20 17:17:23,348 - INFO - epoch complete!
2024-08-20 17:17:23,348 - INFO - evaluating now!
2024-08-20 17:17:31,036 - INFO - Epoch [51/150] train_loss: 3.6565, val_loss: 3.8892, lr: 0.001000, 159.68s
2024-08-20 17:20:03,116 - INFO - epoch complete!
2024-08-20 17:20:03,117 - INFO - evaluating now!
2024-08-20 17:20:10,781 - INFO - Epoch [52/150] train_loss: 3.6445, val_loss: 3.9547, lr: 0.001000, 159.74s
2024-08-20 17:22:42,747 - INFO - epoch complete!
2024-08-20 17:22:42,748 - INFO - evaluating now!
2024-08-20 17:22:50,478 - INFO - Epoch [53/150] train_loss: 3.6345, val_loss: 3.9101, lr: 0.001000, 159.70s
2024-08-20 17:25:22,609 - INFO - epoch complete!
2024-08-20 17:25:22,610 - INFO - evaluating now!
2024-08-20 17:25:30,275 - INFO - Epoch [54/150] train_loss: 3.7034, val_loss: 3.9125, lr: 0.001000, 159.80s
2024-08-20 17:28:02,302 - INFO - epoch complete!
2024-08-20 17:28:02,303 - INFO - evaluating now!
2024-08-20 17:28:09,991 - INFO - Epoch [55/150] train_loss: 3.6637, val_loss: 3.9231, lr: 0.001000, 159.72s
2024-08-20 17:30:42,188 - INFO - epoch complete!
2024-08-20 17:30:42,188 - INFO - evaluating now!
2024-08-20 17:30:49,855 - INFO - Epoch [56/150] train_loss: 3.6507, val_loss: 3.8938, lr: 0.001000, 159.86s
2024-08-20 17:33:22,126 - INFO - epoch complete!
2024-08-20 17:33:22,126 - INFO - evaluating now!
2024-08-20 17:33:29,805 - INFO - Epoch [57/150] train_loss: 3.6947, val_loss: 3.9150, lr: 0.001000, 159.95s
2024-08-20 17:36:02,199 - INFO - epoch complete!
2024-08-20 17:36:02,199 - INFO - evaluating now!
2024-08-20 17:36:09,848 - INFO - Epoch [58/150] train_loss: 3.6947, val_loss: 3.9226, lr: 0.001000, 160.04s
2024-08-20 17:38:41,932 - INFO - epoch complete!
2024-08-20 17:38:41,932 - INFO - evaluating now!
2024-08-20 17:38:49,598 - INFO - Epoch [59/150] train_loss: 3.7228, val_loss: 3.9509, lr: 0.001000, 159.75s
2024-08-20 17:41:21,684 - INFO - epoch complete!
2024-08-20 17:41:21,684 - INFO - evaluating now!
2024-08-20 17:41:29,338 - INFO - Epoch [60/150] train_loss: 3.7165, val_loss: 3.9309, lr: 0.001000, 159.74s
2024-08-20 17:44:01,193 - INFO - epoch complete!
2024-08-20 17:44:01,194 - INFO - evaluating now!
2024-08-20 17:44:08,862 - INFO - Epoch [61/150] train_loss: 3.7058, val_loss: 3.9241, lr: 0.001000, 159.52s
2024-08-20 17:46:41,042 - INFO - epoch complete!
2024-08-20 17:46:41,042 - INFO - evaluating now!
2024-08-20 17:46:48,693 - INFO - Epoch [62/150] train_loss: 3.7055, val_loss: 4.0410, lr: 0.001000, 159.83s
2024-08-20 17:49:20,514 - INFO - epoch complete!
2024-08-20 17:49:20,515 - INFO - evaluating now!
2024-08-20 17:49:28,043 - INFO - Epoch [63/150] train_loss: 3.6977, val_loss: 3.9231, lr: 0.001000, 159.35s
2024-08-20 17:51:57,453 - INFO - epoch complete!
2024-08-20 17:51:57,453 - INFO - evaluating now!
2024-08-20 17:52:04,983 - INFO - Epoch [64/150] train_loss: 3.7323, val_loss: 3.9356, lr: 0.001000, 156.94s
2024-08-20 17:54:34,918 - INFO - epoch complete!
2024-08-20 17:54:34,918 - INFO - evaluating now!
2024-08-20 17:54:42,426 - INFO - Epoch [65/150] train_loss: 3.6666, val_loss: 3.9234, lr: 0.001000, 157.44s
2024-08-20 17:57:13,287 - INFO - epoch complete!
2024-08-20 17:57:13,287 - INFO - evaluating now!
2024-08-20 17:57:20,949 - INFO - Epoch [66/150] train_loss: 3.6666, val_loss: 3.9617, lr: 0.001000, 158.52s
2024-08-20 17:59:53,027 - INFO - epoch complete!
2024-08-20 17:59:53,028 - INFO - evaluating now!
2024-08-20 18:00:00,674 - INFO - Epoch [67/150] train_loss: 3.7685, val_loss: 3.9837, lr: 0.001000, 159.72s
2024-08-20 18:02:32,501 - INFO - epoch complete!
2024-08-20 18:02:32,502 - INFO - evaluating now!
2024-08-20 18:02:40,159 - INFO - Epoch [68/150] train_loss: 3.6742, val_loss: 3.9187, lr: 0.001000, 159.48s
2024-08-20 18:05:12,016 - INFO - epoch complete!
2024-08-20 18:05:12,016 - INFO - evaluating now!
2024-08-20 18:05:19,678 - INFO - Epoch [69/150] train_loss: 3.6380, val_loss: 3.8975, lr: 0.001000, 159.52s
2024-08-20 18:07:51,602 - INFO - epoch complete!
2024-08-20 18:07:51,602 - INFO - evaluating now!
2024-08-20 18:07:59,263 - INFO - Epoch [70/150] train_loss: 3.6220, val_loss: 3.8913, lr: 0.001000, 159.58s
2024-08-20 18:10:31,309 - INFO - epoch complete!
2024-08-20 18:10:31,309 - INFO - evaluating now!
2024-08-20 18:10:38,985 - INFO - Epoch [71/150] train_loss: 3.6543, val_loss: 3.9227, lr: 0.001000, 159.72s
2024-08-20 18:13:10,966 - INFO - epoch complete!
2024-08-20 18:13:10,967 - INFO - evaluating now!
2024-08-20 18:13:18,641 - INFO - Epoch [72/150] train_loss: 3.6636, val_loss: 3.8948, lr: 0.001000, 159.66s
2024-08-20 18:15:50,493 - INFO - epoch complete!
2024-08-20 18:15:50,493 - INFO - evaluating now!
2024-08-20 18:15:58,161 - INFO - Epoch [73/150] train_loss: 3.6063, val_loss: 3.9077, lr: 0.001000, 159.52s
2024-08-20 18:18:30,214 - INFO - epoch complete!
2024-08-20 18:18:30,215 - INFO - evaluating now!
2024-08-20 18:18:37,916 - INFO - Epoch [74/150] train_loss: 3.6000, val_loss: 3.8931, lr: 0.001000, 159.75s
2024-08-20 18:21:09,867 - INFO - epoch complete!
2024-08-20 18:21:09,868 - INFO - evaluating now!
2024-08-20 18:21:17,774 - INFO - Epoch [75/150] train_loss: 3.5930, val_loss: 3.8879, lr: 0.001000, 159.86s
2024-08-20 18:23:49,836 - INFO - epoch complete!
2024-08-20 18:23:49,837 - INFO - evaluating now!
2024-08-20 18:23:57,580 - INFO - Epoch [76/150] train_loss: 3.5832, val_loss: 3.8805, lr: 0.001000, 159.80s
2024-08-20 18:23:57,580 - WARNING - Early stopping at epoch: 76
2024-08-20 18:23:57,580 - INFO - Trained totally 77 epochs, average train time is 152.425s, average eval time is 7.686s
2024-08-20 18:23:57,727 - INFO - Loaded model at 26
2024-08-20 18:23:57,728 - INFO - Saved model at ./libcity/cache/5/model_cache/STSGCN_METR_LA.m
2024-08-20 18:23:57,798 - INFO - Start evaluating ...
2024-08-20 18:24:32,787 - INFO - Note that you select the single mode to evaluate!
2024-08-20 18:24:32,793 - INFO - Evaluate result is saved at ./libcity/cache/5/evaluate_cache/2024_08_20_18_24_32_STSGCN_METR_LA.csv
2024-08-20 18:24:32,801 - INFO - 
         MAE      MAPE      RMSE
1   2.620110  0.061124  5.724567
2   2.821017  0.066907  6.301541
3   2.999384  0.072119  6.828290
4   3.167240  0.076969  7.313061
5   3.323730  0.081506  7.749558
6   3.472658  0.085780  8.148662
7   3.612733  0.089783  8.512836
8   3.743791  0.093571  8.839108
9   3.865788  0.097133  9.133693
10  3.981297  0.100535  9.404917
11  4.092064  0.103789  9.659514
12  4.198667  0.106928  9.897532
