2024-08-22 13:45:37,239 - INFO - Log directory: ./libcity/log
2024-08-22 13:45:37,239 - INFO - Begin pipeline, task=MTS_pred, model_name=LSTM, dataset_name=cloud, exp_id=51323
2024-08-22 13:45:37,239 - INFO - {'task': 'MTS_pred', 'model': 'RNN', 'dataset': 'cloud', 'saved_model': True, 'seed': 0, 'max_epoch': 1, 'dataset_class': 'StatePointDataset', 'executor': 'StateExecutor', 'evaluator': 'StateEvaluator', 'rnn_type': 'LSTM', 'hidden_size': 64, 'num_layers': 1, 'dropout': 0, 'bidirectional': False, 'teacher_forcing_ratio': 0, 'scaler': 'standard', 'load_external': False, 'normal_external': False, 'ext_scaler': 'none', 'add_time_in_day': True, 'add_day_in_week': False, 'learner': 'adam', 'learning_rate': 0.01, 'lr_decay': True, 'lr_scheduler': 'multisteplr', 'lr_decay_ratio': 0.1, 'steps': [5, 20, 40, 70], 'clip_grad_norm': True, 'max_grad_norm': 5, 'use_early_stop': True, 'patience': 50, 'batch_size': 64, 'cache_dataset': True, 'num_workers': 0, 'pad_with_last_sample': True, 'train_rate': 0.7, 'eval_rate': 0.1, 'input_window': 12, 'output_window': 12, 'robustness_test': False, 'noise_type': 'gaussian', 'disturb_rate': 0.5, 'noise_mean': [5], 'noise_SD': [10], 'gpu': True, 'gpu_id': 0, 'train_loss': 'none', 'epoch': 0, 'weight_decay': 0, 'lr_epsilon': 1e-08, 'lr_beta1': 0.9, 'lr_beta2': 0.999, 'lr_alpha': 0.99, 'lr_momentum': 0, 'step_size': 10, 'lr_T_max': 30, 'lr_eta_min': 0, 'lr_patience': 10, 'lr_threshold': 0.0001, 'log_level': 'INFO', 'log_every': 1, 'load_best_epoch': True, 'hyper_tune': False, 'metrics': ['MAE', 'MAPE', 'RMSE'], 'evaluator_mode': 'single', 'save_mode': ['csv'], 'geo': {'including_types': ['Point'], 'Point': {}}, 'rel': {'including_types': ['geo'], 'geo': {'cost': 'num'}}, 'dyna': {'including_types': ['state'], 'state': {'entity_id': 'geo_id', 'traffic_speed': 'num'}}, 'data_col': ['traffic_speed'], 'weight_col': 'cost', 'data_files': ['cloud'], 'geo_file': 'cloud', 'rel_file': 'cloud', 'output_dim': 1, 'time_intervals': 300, 'init_weight_inf_or_zero': 'inf', 'set_weight_link_or_dist': 'dist', 'calculate_weight_adj': True, 'weight_adj_epsilon': 0.1, 'device': device(type='cuda', index=0), 'exp_id': 51323}
2024-08-22 13:45:40,219 - INFO - Loaded file cloud_feature.csv, shape=(3322, 2048, 1)
2024-08-22 13:45:42,159 - INFO - Dataset created
2024-08-22 13:45:42,159 - INFO - x shape: (3299, 12, 2048, 1), y shape: (3299, 12, 2048, 1)
2024-08-22 13:45:42,163 - INFO - train	x: (2309, 12, 2048, 1), y: (2309, 12, 2048, 1)
2024-08-22 13:45:42,163 - INFO - eval	x: (330, 12, 2048, 1), y: (330, 12, 2048, 1)
2024-08-22 13:45:42,163 - INFO - test	x: (660, 12, 2048, 1), y: (660, 12, 2048, 1)
2024-08-22 13:47:26,963 - INFO - Saved at ./libcity/cache/dataset_cache/point_based_cloud_12_12_0.7_0.1_standard_64_False_True_False_True.npz
2024-08-22 13:47:27,590 - INFO - StandardScaler mean: 0.6730361005208646, std: 0.3631566026517174
2024-08-22 13:47:27,590 - INFO - NoneScaler
2024-08-22 13:47:32,124 - INFO - You select rnn_type LSTM in RNN!
2024-08-22 13:47:32,293 - INFO - RNN(
  (rnn): LSTM(2048, 64)
  (fc): Linear(in_features=64, out_features=2048, bias=True)
)
2024-08-22 13:47:32,294 - INFO - rnn.weight_ih_l0	torch.Size([256, 2048])	cuda:0	True
2024-08-22 13:47:32,294 - INFO - rnn.weight_hh_l0	torch.Size([256, 64])	cuda:0	True
2024-08-22 13:47:32,294 - INFO - rnn.bias_ih_l0	torch.Size([256])	cuda:0	True
2024-08-22 13:47:32,294 - INFO - rnn.bias_hh_l0	torch.Size([256])	cuda:0	True
2024-08-22 13:47:32,294 - INFO - fc.weight	torch.Size([2048, 64])	cuda:0	True
2024-08-22 13:47:32,294 - INFO - fc.bias	torch.Size([2048])	cuda:0	True
2024-08-22 13:47:32,294 - INFO - Total parameter numbers: 674304
2024-08-22 13:47:32,294 - INFO - You select `adam` optimizer.
2024-08-22 13:47:32,906 - INFO - You select `multisteplr` lr_scheduler.
2024-08-22 13:47:32,906 - WARNING - Received none train loss func and will use the loss func defined in the model.
2024-08-22 13:47:32,906 - INFO - Start training ...
2024-08-22 13:47:32,906 - INFO - num_batches:37
2024-08-22 13:47:35,075 - INFO - epoch complete!
2024-08-22 13:47:35,075 - INFO - evaluating now!
2024-08-22 13:47:35,235 - INFO - Epoch [0/1] train_loss: 0.2323, val_loss: 0.2241, lr: 0.010000, 2.33s
2024-08-22 13:47:35,247 - INFO - Saved model at 0
2024-08-22 13:47:35,247 - INFO - Val loss decrease from inf to 0.2241, saving to ./libcity/cache/51323/model_cache/RNN_cloud_epoch0.tar
2024-08-22 13:47:35,247 - INFO - Trained totally 1 epochs, average train time is 2.168s, average eval time is 0.159s
2024-08-22 13:47:35,256 - INFO - Loaded model at 0
2024-08-22 13:47:35,256 - INFO - Saved model at ./libcity/cache/51323/model_cache/LSTM_cloud.m
2024-08-22 13:47:35,268 - INFO - Start evaluating ...
2024-08-22 13:47:51,247 - INFO - Note that you select the single mode to evaluate!
2024-08-22 13:47:51,252 - INFO - Evaluate result is saved at ./libcity/cache/51323/evaluate_cache/2024_08_22_13_47_51_RNN_cloud.csv
2024-08-22 13:47:51,259 - INFO - 
         MAE      MAPE      RMSE
1   0.221777  8.088181  0.322323
2   0.221628  8.235451  0.322162
3   0.221606  8.136449  0.322098
4   0.221470  8.134296  0.321872
5   0.221431  8.099767  0.321847
6   0.221446  8.073962  0.321905
7   0.221501  8.054331  0.321995
8   0.221534  8.026140  0.322038
9   0.221592  8.012404  0.322113
10  0.221592  7.986749  0.322110
11  0.221528  7.979864  0.322023
12  0.221494  7.965093  0.321974
