2024-08-22 15:08:13,070 - INFO - Log directory: ./libcity/log
2024-08-22 15:08:13,070 - INFO - Begin pipeline, task=MTS_pred, model_name=STGCN, dataset_name=METR_LA, exp_id=56968
2024-08-22 15:08:13,070 - INFO - {'task': 'MTS_pred', 'model': 'STGCN', 'dataset': 'METR_LA', 'saved_model': True, 'seed': 0, 'max_epoch': 1, 'dataset_class': 'StatePointDataset', 'executor': 'StateExecutor', 'evaluator': 'StateEvaluator', 'Ks': 3, 'Kt': 3, 'blocks': [[1, 32, 64], [64, 32, 128]], 'dropout': 0, 'graph_conv_type': 'chebconv', 'stgcn_train_mode': 'quick', 'bidir_adj_mx': True, 'scaler': 'standard', 'load_external': False, 'normal_external': False, 'ext_scaler': 'none', 'add_time_in_day': False, 'add_day_in_week': False, 'learner': 'rmsprop', 'learning_rate': 0.001, 'lr_decay': True, 'lr_scheduler': 'steplr', 'lr_decay_ratio': 0.7, 'step_size': 5, 'clip_grad_norm': False, 'use_early_stop': False, 'batch_size': 64, 'cache_dataset': True, 'num_workers': 0, 'pad_with_last_sample': True, 'train_rate': 0.7, 'eval_rate': 0.1, 'input_window': 12, 'output_window': 12, 'robustness_test': False, 'noise_type': 'gaussian', 'disturb_rate': 0.5, 'noise_mean': [5], 'noise_SD': [10], 'gpu': True, 'gpu_id': 0, 'train_loss': 'none', 'epoch': 0, 'weight_decay': 0, 'lr_epsilon': 1e-08, 'lr_beta1': 0.9, 'lr_beta2': 0.999, 'lr_alpha': 0.99, 'lr_momentum': 0, 'steps': [5, 20, 40, 70], 'lr_T_max': 30, 'lr_eta_min': 0, 'lr_patience': 10, 'lr_threshold': 0.0001, 'max_grad_norm': 1.0, 'patience': 50, 'log_level': 'INFO', 'log_every': 1, 'load_best_epoch': True, 'hyper_tune': False, 'metrics': ['MAE', 'MAPE', 'RMSE'], 'evaluator_mode': 'single', 'save_mode': ['csv'], 'geo': {'including_types': ['Point'], 'Point': {}}, 'rel': {'including_types': ['geo'], 'geo': {'cost': 'num'}}, 'dyna': {'including_types': ['state'], 'state': {'entity_id': 'geo_id', 'traffic_speed': 'num'}}, 'data_col': ['traffic_speed'], 'weight_col': 'cost', 'data_files': ['METR_LA'], 'geo_file': 'METR_LA', 'rel_file': 'METR_LA', 'output_dim': 1, 'time_intervals': 300, 'init_weight_inf_or_zero': 'inf', 'set_weight_link_or_dist': 'dist', 'calculate_weight_adj': True, 'weight_adj_epsilon': 0.1, 'device': device(type='cuda', index=0), 'exp_id': 56968}
2024-08-22 15:08:14,096 - INFO - Loaded file METR_LA_feature.csv, shape=(34272, 207, 1)
2024-08-22 15:08:16,231 - INFO - Dataset created
2024-08-22 15:08:16,232 - INFO - x shape: (34249, 12, 207, 1), y shape: (34249, 12, 207, 1)
2024-08-22 15:08:16,236 - INFO - train	x: (23974, 12, 207, 1), y: (23974, 12, 207, 1)
2024-08-22 15:08:16,236 - INFO - eval	x: (3425, 12, 207, 1), y: (3425, 12, 207, 1)
2024-08-22 15:08:16,236 - INFO - test	x: (6850, 12, 207, 1), y: (6850, 12, 207, 1)
2024-08-22 15:08:33,859 - INFO - Saved at ./libcity/cache/dataset_cache/point_based_METR_LA_12_12_0.7_0.1_standard_64_False_False_False_True.npz
2024-08-22 15:08:34,352 - INFO - StandardScaler mean: 54.40592829587626, std: 19.493739270573098
2024-08-22 15:08:34,353 - INFO - NoneScaler
2024-08-22 15:08:36,743 - INFO - You select quick mode to train STGCN model.
2024-08-22 15:08:36,874 - INFO - Chebyshev_polynomial_Lk shape: (3, 207, 207)
2024-08-22 15:08:37,041 - INFO - STGCN(
  (st_conv1): STConvBlock(
    (tconv1): TemporalConvLayer(
      (align): Align()
      (conv): Conv2d(1, 64, kernel_size=(3, 1), stride=(1, 1))
    )
    (sconv): SpatioConvLayer(
      (align): Align()
    )
    (tconv2): TemporalConvLayer(
      (align): Align()
      (conv): Conv2d(32, 64, kernel_size=(3, 1), stride=(1, 1))
    )
    (ln): LayerNorm((207, 64), eps=1e-05, elementwise_affine=True)
    (dropout): Dropout(p=0, inplace=False)
  )
  (st_conv2): STConvBlock(
    (tconv1): TemporalConvLayer(
      (align): Align(
        (conv1x1): Conv2d(64, 32, kernel_size=(1, 1), stride=(1, 1))
      )
      (conv): Conv2d(64, 64, kernel_size=(3, 1), stride=(1, 1))
    )
    (sconv): SpatioConvLayer(
      (align): Align()
    )
    (tconv2): TemporalConvLayer(
      (align): Align()
      (conv): Conv2d(32, 128, kernel_size=(3, 1), stride=(1, 1))
    )
    (ln): LayerNorm((207, 128), eps=1e-05, elementwise_affine=True)
    (dropout): Dropout(p=0, inplace=False)
  )
  (output): OutputLayer(
    (tconv1): TemporalConvLayer(
      (align): Align()
      (conv): Conv2d(128, 256, kernel_size=(4, 1), stride=(1, 1))
    )
    (ln): LayerNorm((207, 128), eps=1e-05, elementwise_affine=True)
    (tconv2): TemporalConvLayer(
      (align): Align()
      (conv): Conv2d(128, 128, kernel_size=(1, 1), stride=(1, 1))
    )
    (fc): FullyConvLayer(
      (conv): Conv2d(128, 1, kernel_size=(1, 1), stride=(1, 1))
    )
  )
)
2024-08-22 15:08:37,042 - INFO - st_conv1.tconv1.conv.weight	torch.Size([64, 1, 3, 1])	cuda:0	True
2024-08-22 15:08:37,042 - INFO - st_conv1.tconv1.conv.bias	torch.Size([64])	cuda:0	True
2024-08-22 15:08:37,042 - INFO - st_conv1.sconv.theta	torch.Size([32, 32, 3])	cuda:0	True
2024-08-22 15:08:37,042 - INFO - st_conv1.sconv.b	torch.Size([1, 32, 1, 1])	cuda:0	True
2024-08-22 15:08:37,042 - INFO - st_conv1.tconv2.conv.weight	torch.Size([64, 32, 3, 1])	cuda:0	True
2024-08-22 15:08:37,042 - INFO - st_conv1.tconv2.conv.bias	torch.Size([64])	cuda:0	True
2024-08-22 15:08:37,042 - INFO - st_conv1.ln.weight	torch.Size([207, 64])	cuda:0	True
2024-08-22 15:08:37,042 - INFO - st_conv1.ln.bias	torch.Size([207, 64])	cuda:0	True
2024-08-22 15:08:37,042 - INFO - st_conv2.tconv1.align.conv1x1.weight	torch.Size([32, 64, 1, 1])	cuda:0	True
2024-08-22 15:08:37,042 - INFO - st_conv2.tconv1.align.conv1x1.bias	torch.Size([32])	cuda:0	True
2024-08-22 15:08:37,043 - INFO - st_conv2.tconv1.conv.weight	torch.Size([64, 64, 3, 1])	cuda:0	True
2024-08-22 15:08:37,043 - INFO - st_conv2.tconv1.conv.bias	torch.Size([64])	cuda:0	True
2024-08-22 15:08:37,043 - INFO - st_conv2.sconv.theta	torch.Size([32, 32, 3])	cuda:0	True
2024-08-22 15:08:37,043 - INFO - st_conv2.sconv.b	torch.Size([1, 32, 1, 1])	cuda:0	True
2024-08-22 15:08:37,043 - INFO - st_conv2.tconv2.conv.weight	torch.Size([128, 32, 3, 1])	cuda:0	True
2024-08-22 15:08:37,043 - INFO - st_conv2.tconv2.conv.bias	torch.Size([128])	cuda:0	True
2024-08-22 15:08:37,043 - INFO - st_conv2.ln.weight	torch.Size([207, 128])	cuda:0	True
2024-08-22 15:08:37,043 - INFO - st_conv2.ln.bias	torch.Size([207, 128])	cuda:0	True
2024-08-22 15:08:37,043 - INFO - output.tconv1.conv.weight	torch.Size([256, 128, 4, 1])	cuda:0	True
2024-08-22 15:08:37,043 - INFO - output.tconv1.conv.bias	torch.Size([256])	cuda:0	True
2024-08-22 15:08:37,043 - INFO - output.ln.weight	torch.Size([207, 128])	cuda:0	True
2024-08-22 15:08:37,043 - INFO - output.ln.bias	torch.Size([207, 128])	cuda:0	True
2024-08-22 15:08:37,043 - INFO - output.tconv2.conv.weight	torch.Size([128, 128, 1, 1])	cuda:0	True
2024-08-22 15:08:37,043 - INFO - output.tconv2.conv.bias	torch.Size([128])	cuda:0	True
2024-08-22 15:08:37,043 - INFO - output.fc.conv.weight	torch.Size([1, 128, 1, 1])	cuda:0	True
2024-08-22 15:08:37,043 - INFO - output.fc.conv.bias	torch.Size([1])	cuda:0	True
2024-08-22 15:08:37,043 - INFO - Total parameter numbers: 319969
2024-08-22 15:08:37,043 - INFO - You select `rmsprop` optimizer.
2024-08-22 15:08:37,639 - INFO - You select `steplr` lr_scheduler.
2024-08-22 15:08:37,640 - WARNING - Received none train loss func and will use the loss func defined in the model.
2024-08-22 15:08:37,640 - INFO - Start training ...
2024-08-22 15:08:37,640 - INFO - num_batches:375
2024-08-22 15:09:27,393 - INFO - epoch complete!
2024-08-22 15:09:27,393 - INFO - evaluating now!
2024-08-22 15:09:39,266 - INFO - Epoch [0/1] train_loss: 56.5316, val_loss: 186.2627, lr: 0.001000, 61.63s
2024-08-22 15:09:39,275 - INFO - Saved model at 0
2024-08-22 15:09:39,275 - INFO - Val loss decrease from inf to 186.2627, saving to ./libcity/cache/56968/model_cache/STGCN_METR_LA_epoch0.tar
2024-08-22 15:09:39,275 - INFO - Trained totally 1 epochs, average train time is 49.752s, average eval time is 11.873s
2024-08-22 15:09:39,282 - INFO - Loaded model at 0
2024-08-22 15:09:39,283 - INFO - Saved model at ./libcity/cache/56968/model_cache/STGCN_METR_LA.m
2024-08-22 15:09:39,290 - INFO - Start evaluating ...
2024-08-22 15:10:13,749 - INFO - Note that you select the single mode to evaluate!
2024-08-22 15:10:13,753 - INFO - Evaluate result is saved at ./libcity/cache/56968/evaluate_cache/2024_08_22_15_10_13_STGCN_METR_LA.csv
2024-08-22 15:10:13,760 - INFO - 
         MAE      MAPE       RMSE
1   3.944976  0.082530   6.046328
2   4.366119  0.091406   6.909046
3   4.799481  0.100109   7.688588
4   5.223951  0.108455   8.429639
5   5.647643  0.116676   9.139970
6   6.070915  0.124825   9.825662
7   6.487678  0.132829  10.484818
8   6.898794  0.140718  11.125914
9   7.304092  0.148493  11.754326
10  7.701770  0.156143  12.367870
11  8.092879  0.163675  12.971413
12  8.478812  0.171123  13.569053
