2024-08-22 13:38:25,373 - INFO - Log directory: ./libcity/log
2024-08-22 13:38:25,373 - INFO - Begin pipeline, task=MTS_pred, model_name=RNN, dataset_name=humidity, exp_id=5700
2024-08-22 13:38:25,373 - INFO - {'task': 'MTS_pred', 'model': 'RNN', 'dataset': 'humidity', 'saved_model': True, 'seed': 0, 'max_epoch': 1, 'dataset_class': 'StatePointDataset', 'executor': 'StateExecutor', 'evaluator': 'StateEvaluator', 'rnn_type': 'RNN', 'hidden_size': 64, 'num_layers': 1, 'dropout': 0, 'bidirectional': False, 'teacher_forcing_ratio': 0, 'scaler': 'standard', 'load_external': False, 'normal_external': False, 'ext_scaler': 'none', 'add_time_in_day': True, 'add_day_in_week': False, 'learner': 'adam', 'learning_rate': 0.01, 'lr_decay': True, 'lr_scheduler': 'multisteplr', 'lr_decay_ratio': 0.1, 'steps': [5, 20, 40, 70], 'clip_grad_norm': True, 'max_grad_norm': 5, 'use_early_stop': True, 'patience': 50, 'batch_size': 64, 'cache_dataset': True, 'num_workers': 0, 'pad_with_last_sample': True, 'train_rate': 0.7, 'eval_rate': 0.1, 'input_window': 12, 'output_window': 12, 'robustness_test': False, 'noise_type': 'gaussian', 'disturb_rate': 0.5, 'noise_mean': [5], 'noise_SD': [10], 'gpu': True, 'gpu_id': 0, 'train_loss': 'none', 'epoch': 0, 'weight_decay': 0, 'lr_epsilon': 1e-08, 'lr_beta1': 0.9, 'lr_beta2': 0.999, 'lr_alpha': 0.99, 'lr_momentum': 0, 'step_size': 10, 'lr_T_max': 30, 'lr_eta_min': 0, 'lr_patience': 10, 'lr_threshold': 0.0001, 'log_level': 'INFO', 'log_every': 1, 'load_best_epoch': True, 'hyper_tune': False, 'metrics': ['MAE', 'MAPE', 'RMSE'], 'evaluator_mode': 'single', 'save_mode': ['csv'], 'geo': {'including_types': ['Point'], 'Point': {}}, 'rel': {'including_types': ['geo'], 'geo': {'cost': 'num'}}, 'dyna': {'including_types': ['state'], 'state': {'entity_id': 'geo_id', 'traffic_speed': 'num'}}, 'data_col': ['traffic_speed'], 'weight_col': 'cost', 'data_files': ['humidity'], 'geo_file': 'humidity', 'rel_file': 'humidity', 'output_dim': 1, 'time_intervals': 300, 'init_weight_inf_or_zero': 'inf', 'set_weight_link_or_dist': 'dist', 'calculate_weight_adj': True, 'weight_adj_epsilon': 0.1, 'device': device(type='cuda', index=0), 'exp_id': 5700}
2024-08-22 13:38:41,132 - INFO - Loaded file humidity_feature.csv, shape=(3322, 2048, 1)
2024-08-22 13:38:43,056 - INFO - Dataset created
2024-08-22 13:38:43,056 - INFO - x shape: (3299, 12, 2048, 1), y shape: (3299, 12, 2048, 1)
2024-08-22 13:38:43,061 - INFO - train	x: (2309, 12, 2048, 1), y: (2309, 12, 2048, 1)
2024-08-22 13:38:43,061 - INFO - eval	x: (330, 12, 2048, 1), y: (330, 12, 2048, 1)
2024-08-22 13:38:43,061 - INFO - test	x: (660, 12, 2048, 1), y: (660, 12, 2048, 1)
2024-08-22 13:40:53,205 - INFO - Saved at ./libcity/cache/dataset_cache/point_based_humidity_12_12_0.7_0.1_standard_64_False_True_False_True.npz
2024-08-22 13:40:53,570 - INFO - StandardScaler mean: 78.66855544535464, std: 17.406175498267864
2024-08-22 13:40:53,571 - INFO - NoneScaler
2024-08-22 13:40:55,814 - INFO - You select rnn_type RNN in RNN!
2024-08-22 13:40:56,006 - INFO - RNN(
  (rnn): RNN(2048, 64)
  (fc): Linear(in_features=64, out_features=2048, bias=True)
)
2024-08-22 13:40:56,007 - INFO - rnn.weight_ih_l0	torch.Size([64, 2048])	cuda:0	True
2024-08-22 13:40:56,007 - INFO - rnn.weight_hh_l0	torch.Size([64, 64])	cuda:0	True
2024-08-22 13:40:56,007 - INFO - rnn.bias_ih_l0	torch.Size([64])	cuda:0	True
2024-08-22 13:40:56,007 - INFO - rnn.bias_hh_l0	torch.Size([64])	cuda:0	True
2024-08-22 13:40:56,007 - INFO - fc.weight	torch.Size([2048, 64])	cuda:0	True
2024-08-22 13:40:56,007 - INFO - fc.bias	torch.Size([2048])	cuda:0	True
2024-08-22 13:40:56,007 - INFO - Total parameter numbers: 268416
2024-08-22 13:40:56,007 - INFO - You select `adam` optimizer.
2024-08-22 13:40:56,602 - INFO - You select `multisteplr` lr_scheduler.
2024-08-22 13:40:56,603 - WARNING - Received none train loss func and will use the loss func defined in the model.
2024-08-22 13:40:56,603 - INFO - Start training ...
2024-08-22 13:40:56,603 - INFO - num_batches:37
2024-08-22 13:40:58,495 - INFO - epoch complete!
2024-08-22 13:40:58,496 - INFO - evaluating now!
2024-08-22 13:40:58,643 - INFO - Epoch [0/1] train_loss: 10.8391, val_loss: 9.4670, lr: 0.010000, 2.04s
2024-08-22 13:40:58,650 - INFO - Saved model at 0
2024-08-22 13:40:58,650 - INFO - Val loss decrease from inf to 9.4670, saving to ./libcity/cache/5700/model_cache/RNN_humidity_epoch0.tar
2024-08-22 13:40:58,650 - INFO - Trained totally 1 epochs, average train time is 1.892s, average eval time is 0.147s
2024-08-22 13:40:58,655 - INFO - Loaded model at 0
2024-08-22 13:40:58,655 - INFO - Saved model at ./libcity/cache/5700/model_cache/RNN_humidity.m
2024-08-22 13:40:58,661 - INFO - Start evaluating ...
2024-08-22 13:41:13,351 - INFO - Note that you select the single mode to evaluate!
2024-08-22 13:41:13,355 - INFO - Evaluate result is saved at ./libcity/cache/5700/evaluate_cache/2024_08_22_13_41_13_RNN_humidity.csv
2024-08-22 13:41:13,361 - INFO - 
         MAE      MAPE       RMSE
1   9.519999  0.156345  13.071442
2   9.518795  0.156323  13.066720
3   9.516848  0.156285  13.060634
4   9.514149  0.156201  13.052252
5   9.510389  0.156070  13.041913
6   9.506474  0.155919  13.032431
7   9.502639  0.155744  13.023956
8   9.498777  0.155560  13.015948
9   9.494277  0.155366  13.007561
10  9.489604  0.155163  12.999118
11  9.484118  0.154947  12.989779
12  9.478642  0.154735  12.980562
