2024-08-19 00:34:48,814 - INFO - Log directory: ./libcity/log
2024-08-19 00:34:48,814 - INFO - Begin pipeline, task=MTS_pred, model_name=ASTGCN, dataset_name=METR_LA, exp_id=60325
2024-08-19 00:34:48,815 - INFO - {'task': 'MTS_pred', 'model': 'ASTGCN', 'dataset': 'METR_LA', 'saved_model': True, 'seed': 0, 'max_epoch': 1, 'dataset_class': 'StatePointDataset', 'executor': 'StateExecutor', 'evaluator': 'StateEvaluator', 'nb_block': 2, 'K': 3, 'nb_chev_filter': 64, 'nb_time_filter': 64, 'bidir_adj_mx': True, 'scaler': 'standard', 'load_external': False, 'normal_external': False, 'ext_scaler': 'none', 'add_time_in_day': False, 'add_day_in_week': False, 'train_rate': 0.6, 'eval_rate': 0.2, 'learner': 'adam', 'learning_rate': 0.0001, 'lr_decay': False, 'clip_grad_norm': False, 'use_early_stop': False, 'batch_size': 64, 'cache_dataset': True, 'num_workers': 0, 'pad_with_last_sample': True, 'input_window': 12, 'output_window': 12, 'robustness_test': False, 'noise_type': 'gaussian', 'disturb_rate': 0.5, 'noise_mean': [5], 'noise_SD': [10], 'gpu': True, 'gpu_id': 0, 'train_loss': 'none', 'epoch': 0, 'weight_decay': 0, 'lr_epsilon': 1e-08, 'lr_beta1': 0.9, 'lr_beta2': 0.999, 'lr_alpha': 0.99, 'lr_momentum': 0, 'lr_scheduler': 'multisteplr', 'lr_decay_ratio': 0.1, 'steps': [5, 20, 40, 70], 'step_size': 10, 'lr_T_max': 30, 'lr_eta_min': 0, 'lr_patience': 10, 'lr_threshold': 0.0001, 'max_grad_norm': 1.0, 'patience': 50, 'log_level': 'INFO', 'log_every': 1, 'load_best_epoch': True, 'hyper_tune': False, 'metrics': ['MAE', 'MAPE', 'RMSE'], 'evaluator_mode': 'single', 'save_mode': ['csv'], 'geo': {'including_types': ['Point'], 'Point': {}}, 'rel': {'including_types': ['geo'], 'geo': {'cost': 'num'}}, 'dyna': {'including_types': ['state'], 'state': {'entity_id': 'geo_id', 'traffic_speed': 'num'}}, 'data_col': ['traffic_speed'], 'weight_col': 'cost', 'data_files': ['METR_LA'], 'geo_file': 'METR_LA', 'rel_file': 'METR_LA', 'output_dim': 1, 'time_intervals': 300, 'init_weight_inf_or_zero': 'inf', 'set_weight_link_or_dist': 'dist', 'calculate_weight_adj': True, 'weight_adj_epsilon': 0.1, 'device': device(type='cuda', index=0), 'exp_id': 60325}
2024-08-19 00:34:48,819 - INFO - Loaded file METR_LA.geo, num_nodes=207
2024-08-19 00:34:48,826 - INFO - set_weight_link_or_dist: dist
2024-08-19 00:34:48,826 - INFO - init_weight_inf_or_zero: inf
2024-08-19 00:34:48,874 - INFO - Loaded file METR_LA.rel, shape=(207, 207)
2024-08-19 00:34:48,874 - INFO - Start Calculate the weight by Gauss kernel!
2024-08-19 00:34:48,875 - INFO - Loading file METR_LA.dyna
2024-08-19 00:34:53,456 - INFO - Loaded file METR_LA.dyna, shape=(34272, 207, 1)
2024-08-19 00:34:55,591 - INFO - Dataset created
2024-08-19 00:34:55,591 - INFO - x shape: (34249, 12, 207, 1), y shape: (34249, 12, 207, 1)
2024-08-19 00:34:55,595 - INFO - train	x: (20549, 12, 207, 1), y: (20549, 12, 207, 1)
2024-08-19 00:34:55,595 - INFO - eval	x: (6850, 12, 207, 1), y: (6850, 12, 207, 1)
2024-08-19 00:34:55,595 - INFO - test	x: (6850, 12, 207, 1), y: (6850, 12, 207, 1)
2024-08-19 00:35:13,472 - INFO - Saved at ./libcity/cache/dataset_cache/point_based_METR_LA_12_12_0.6_0.2_standard_64_False_False_False_True.npz
2024-08-19 00:35:13,833 - INFO - StandardScaler mean: 54.10160182214729, std: 19.84129811739302
2024-08-19 00:35:13,834 - INFO - NoneScaler
2024-08-19 00:35:18,307 - INFO - ASTGCN(
  (ASTGCN_submodule): ASTGCNSubmodule(
    (BlockList): ModuleList(
      (0): ASTGCNBlock(
        (TAt): TemporalAttentionLayer()
        (SAt): SpatialAttentionLayer()
        (cheb_conv_SAt): ChebConvWithSAt(
          (Theta): ParameterList(
              (0): Parameter containing: [torch.cuda.FloatTensor of size 1x64 (GPU 0)]
              (1): Parameter containing: [torch.cuda.FloatTensor of size 1x64 (GPU 0)]
              (2): Parameter containing: [torch.cuda.FloatTensor of size 1x64 (GPU 0)]
          )
        )
        (time_conv): Conv2d(64, 64, kernel_size=(1, 3), stride=(1, 1), padding=(0, 1))
        (residual_conv): Conv2d(1, 64, kernel_size=(1, 1), stride=(1, 1))
        (ln): LayerNorm((64,), eps=1e-05, elementwise_affine=True)
      )
      (1): ASTGCNBlock(
        (TAt): TemporalAttentionLayer()
        (SAt): SpatialAttentionLayer()
        (cheb_conv_SAt): ChebConvWithSAt(
          (Theta): ParameterList(
              (0): Parameter containing: [torch.cuda.FloatTensor of size 64x64 (GPU 0)]
              (1): Parameter containing: [torch.cuda.FloatTensor of size 64x64 (GPU 0)]
              (2): Parameter containing: [torch.cuda.FloatTensor of size 64x64 (GPU 0)]
          )
        )
        (time_conv): Conv2d(64, 64, kernel_size=(1, 3), stride=(1, 1), padding=(0, 1))
        (residual_conv): Conv2d(64, 64, kernel_size=(1, 1), stride=(1, 1))
        (ln): LayerNorm((64,), eps=1e-05, elementwise_affine=True)
      )
    )
    (final_conv): Conv2d(12, 12, kernel_size=(1, 64), stride=(1, 1))
  )
)
2024-08-19 00:35:18,308 - INFO - ASTGCN_submodule.BlockList.0.TAt.U1	torch.Size([207])	cuda:0	True
2024-08-19 00:35:18,308 - INFO - ASTGCN_submodule.BlockList.0.TAt.U2	torch.Size([1, 207])	cuda:0	True
2024-08-19 00:35:18,308 - INFO - ASTGCN_submodule.BlockList.0.TAt.U3	torch.Size([1])	cuda:0	True
2024-08-19 00:35:18,308 - INFO - ASTGCN_submodule.BlockList.0.TAt.be	torch.Size([1, 12, 12])	cuda:0	True
2024-08-19 00:35:18,308 - INFO - ASTGCN_submodule.BlockList.0.TAt.Ve	torch.Size([12, 12])	cuda:0	True
2024-08-19 00:35:18,308 - INFO - ASTGCN_submodule.BlockList.0.SAt.W1	torch.Size([12])	cuda:0	True
2024-08-19 00:35:18,308 - INFO - ASTGCN_submodule.BlockList.0.SAt.W2	torch.Size([1, 12])	cuda:0	True
2024-08-19 00:35:18,308 - INFO - ASTGCN_submodule.BlockList.0.SAt.W3	torch.Size([1])	cuda:0	True
2024-08-19 00:35:18,308 - INFO - ASTGCN_submodule.BlockList.0.SAt.bs	torch.Size([1, 207, 207])	cuda:0	True
2024-08-19 00:35:18,308 - INFO - ASTGCN_submodule.BlockList.0.SAt.Vs	torch.Size([207, 207])	cuda:0	True
2024-08-19 00:35:18,308 - INFO - ASTGCN_submodule.BlockList.0.cheb_conv_SAt.Theta.0	torch.Size([1, 64])	cuda:0	True
2024-08-19 00:35:18,309 - INFO - ASTGCN_submodule.BlockList.0.cheb_conv_SAt.Theta.1	torch.Size([1, 64])	cuda:0	True
2024-08-19 00:35:18,309 - INFO - ASTGCN_submodule.BlockList.0.cheb_conv_SAt.Theta.2	torch.Size([1, 64])	cuda:0	True
2024-08-19 00:35:18,309 - INFO - ASTGCN_submodule.BlockList.0.time_conv.weight	torch.Size([64, 64, 1, 3])	cuda:0	True
2024-08-19 00:35:18,309 - INFO - ASTGCN_submodule.BlockList.0.time_conv.bias	torch.Size([64])	cuda:0	True
2024-08-19 00:35:18,309 - INFO - ASTGCN_submodule.BlockList.0.residual_conv.weight	torch.Size([64, 1, 1, 1])	cuda:0	True
2024-08-19 00:35:18,309 - INFO - ASTGCN_submodule.BlockList.0.residual_conv.bias	torch.Size([64])	cuda:0	True
2024-08-19 00:35:18,309 - INFO - ASTGCN_submodule.BlockList.0.ln.weight	torch.Size([64])	cuda:0	True
2024-08-19 00:35:18,309 - INFO - ASTGCN_submodule.BlockList.0.ln.bias	torch.Size([64])	cuda:0	True
2024-08-19 00:35:18,309 - INFO - ASTGCN_submodule.BlockList.1.TAt.U1	torch.Size([207])	cuda:0	True
2024-08-19 00:35:18,309 - INFO - ASTGCN_submodule.BlockList.1.TAt.U2	torch.Size([64, 207])	cuda:0	True
2024-08-19 00:35:18,309 - INFO - ASTGCN_submodule.BlockList.1.TAt.U3	torch.Size([64])	cuda:0	True
2024-08-19 00:35:18,309 - INFO - ASTGCN_submodule.BlockList.1.TAt.be	torch.Size([1, 12, 12])	cuda:0	True
2024-08-19 00:35:18,309 - INFO - ASTGCN_submodule.BlockList.1.TAt.Ve	torch.Size([12, 12])	cuda:0	True
2024-08-19 00:35:18,309 - INFO - ASTGCN_submodule.BlockList.1.SAt.W1	torch.Size([12])	cuda:0	True
2024-08-19 00:35:18,309 - INFO - ASTGCN_submodule.BlockList.1.SAt.W2	torch.Size([64, 12])	cuda:0	True
2024-08-19 00:35:18,309 - INFO - ASTGCN_submodule.BlockList.1.SAt.W3	torch.Size([64])	cuda:0	True
2024-08-19 00:35:18,310 - INFO - ASTGCN_submodule.BlockList.1.SAt.bs	torch.Size([1, 207, 207])	cuda:0	True
2024-08-19 00:35:18,310 - INFO - ASTGCN_submodule.BlockList.1.SAt.Vs	torch.Size([207, 207])	cuda:0	True
2024-08-19 00:35:18,310 - INFO - ASTGCN_submodule.BlockList.1.cheb_conv_SAt.Theta.0	torch.Size([64, 64])	cuda:0	True
2024-08-19 00:35:18,310 - INFO - ASTGCN_submodule.BlockList.1.cheb_conv_SAt.Theta.1	torch.Size([64, 64])	cuda:0	True
2024-08-19 00:35:18,310 - INFO - ASTGCN_submodule.BlockList.1.cheb_conv_SAt.Theta.2	torch.Size([64, 64])	cuda:0	True
2024-08-19 00:35:18,310 - INFO - ASTGCN_submodule.BlockList.1.time_conv.weight	torch.Size([64, 64, 1, 3])	cuda:0	True
2024-08-19 00:35:18,310 - INFO - ASTGCN_submodule.BlockList.1.time_conv.bias	torch.Size([64])	cuda:0	True
2024-08-19 00:35:18,310 - INFO - ASTGCN_submodule.BlockList.1.residual_conv.weight	torch.Size([64, 64, 1, 1])	cuda:0	True
2024-08-19 00:35:18,310 - INFO - ASTGCN_submodule.BlockList.1.residual_conv.bias	torch.Size([64])	cuda:0	True
2024-08-19 00:35:18,310 - INFO - ASTGCN_submodule.BlockList.1.ln.weight	torch.Size([64])	cuda:0	True
2024-08-19 00:35:18,310 - INFO - ASTGCN_submodule.BlockList.1.ln.bias	torch.Size([64])	cuda:0	True
2024-08-19 00:35:18,310 - INFO - ASTGCN_submodule.final_conv.weight	torch.Size([12, 12, 1, 64])	cuda:0	True
2024-08-19 00:35:18,310 - INFO - ASTGCN_submodule.final_conv.bias	torch.Size([12])	cuda:0	True
2024-08-19 00:35:18,310 - INFO - Total parameter numbers: 237731
2024-08-19 00:35:18,311 - INFO - You select `adam` optimizer.
2024-08-19 00:35:18,311 - WARNING - Received none train loss func and will use the loss func defined in the model.
2024-08-19 00:35:18,311 - INFO - Start training ...
2024-08-19 00:35:18,311 - INFO - num_batches:322
2024-08-19 00:36:01,749 - INFO - epoch complete!
2024-08-19 00:36:01,750 - INFO - evaluating now!
2024-08-19 00:36:06,376 - INFO - Epoch [0/1] train_loss: 211.8808, val_loss: 128.4403, lr: 0.000100, 48.07s
2024-08-19 00:36:06,390 - INFO - Saved model at 0
2024-08-19 00:36:06,390 - INFO - Val loss decrease from inf to 128.4403, saving to ./libcity/cache/60325/model_cache/ASTGCN_METR_LA_epoch0.tar
2024-08-19 00:36:06,390 - INFO - Trained totally 1 epochs, average train time is 43.438s, average eval time is 4.626s
2024-08-19 00:36:06,403 - INFO - Loaded model at 0
2024-08-19 00:36:06,403 - INFO - Saved model at ./libcity/cache/60325/model_cache/ASTGCN_METR_LA.m
2024-08-19 00:36:06,415 - INFO - Start evaluating ...
2024-08-19 00:36:27,251 - INFO - Note that you select the single mode to evaluate!
2024-08-19 00:36:27,256 - INFO - Evaluate result is saved at ./libcity/cache/60325/evaluate_cache/2024_08_19_00_36_27_ASTGCN_METR_LA.csv
2024-08-19 00:36:27,263 - INFO - 
         MAE      MAPE       RMSE
1   4.126754  0.094356   7.628867
2   4.102892  0.095909   7.746871
3   4.458246  0.105682   8.404416
4   4.569730  0.108783   8.652442
5   4.773918  0.113706   8.984919
6   4.914481  0.117514   9.243314
7   5.041173  0.121434   9.453737
8   5.184488  0.125595   9.711581
9   5.336626  0.129663   9.935598
10  5.530695  0.134421  10.193371
11  5.680837  0.138349  10.395391
12  5.798318  0.141662  10.567809
