2024-08-22 13:51:49,507 - INFO - Log directory: ./libcity/log
2024-08-22 13:51:49,507 - INFO - Begin pipeline, task=MTS_pred, model_name=STGCN, dataset_name=PEMS_BAY, exp_id=61186
2024-08-22 13:51:49,507 - INFO - {'task': 'MTS_pred', 'model': 'STGCN', 'dataset': 'PEMS_BAY', 'saved_model': True, 'seed': 0, 'max_epoch': 1, 'dataset_class': 'StatePointDataset', 'executor': 'StateExecutor', 'evaluator': 'StateEvaluator', 'Ks': 3, 'Kt': 3, 'blocks': [[1, 32, 64], [64, 32, 128]], 'dropout': 0, 'graph_conv_type': 'chebconv', 'stgcn_train_mode': 'quick', 'bidir_adj_mx': True, 'scaler': 'standard', 'load_external': False, 'normal_external': False, 'ext_scaler': 'none', 'add_time_in_day': False, 'add_day_in_week': False, 'learner': 'rmsprop', 'learning_rate': 0.001, 'lr_decay': True, 'lr_scheduler': 'steplr', 'lr_decay_ratio': 0.7, 'step_size': 5, 'clip_grad_norm': False, 'use_early_stop': False, 'batch_size': 64, 'cache_dataset': True, 'num_workers': 0, 'pad_with_last_sample': True, 'train_rate': 0.7, 'eval_rate': 0.1, 'input_window': 12, 'output_window': 12, 'robustness_test': False, 'noise_type': 'gaussian', 'disturb_rate': 0.5, 'noise_mean': [5], 'noise_SD': [10], 'gpu': True, 'gpu_id': 0, 'train_loss': 'none', 'epoch': 0, 'weight_decay': 0, 'lr_epsilon': 1e-08, 'lr_beta1': 0.9, 'lr_beta2': 0.999, 'lr_alpha': 0.99, 'lr_momentum': 0, 'steps': [5, 20, 40, 70], 'lr_T_max': 30, 'lr_eta_min': 0, 'lr_patience': 10, 'lr_threshold': 0.0001, 'max_grad_norm': 1.0, 'patience': 50, 'log_level': 'INFO', 'log_every': 1, 'load_best_epoch': True, 'hyper_tune': False, 'metrics': ['MAE', 'MAPE', 'RMSE'], 'evaluator_mode': 'single', 'save_mode': ['csv'], 'geo': {'including_types': ['Point'], 'Point': {}}, 'rel': {'including_types': ['geo'], 'geo': {'cost': 'num'}}, 'dyna': {'including_types': ['state'], 'state': {'entity_id': 'geo_id', 'traffic_speed': 'num'}}, 'data_col': ['traffic_speed'], 'weight_col': 'cost', 'data_files': ['PEMS_BAY'], 'geo_file': 'PEMS_BAY', 'rel_file': 'PEMS_BAY', 'output_dim': 1, 'time_intervals': 300, 'init_weight_inf_or_zero': 'inf', 'set_weight_link_or_dist': 'dist', 'calculate_weight_adj': True, 'weight_adj_epsilon': 0.1, 'device': device(type='cuda', index=0), 'exp_id': 61186}
2024-08-22 13:51:50,907 - INFO - Loaded file PEMS_BAY_feature.csv, shape=(52116, 325, 1)
2024-08-22 13:51:58,355 - INFO - Dataset created
2024-08-22 13:51:58,355 - INFO - x shape: (52093, 12, 325, 1), y shape: (52093, 12, 325, 1)
2024-08-22 13:51:58,369 - INFO - train	x: (36465, 12, 325, 1), y: (36465, 12, 325, 1)
2024-08-22 13:51:58,370 - INFO - eval	x: (5209, 12, 325, 1), y: (5209, 12, 325, 1)
2024-08-22 13:51:58,370 - INFO - test	x: (10419, 12, 325, 1), y: (10419, 12, 325, 1)
2024-08-22 13:53:08,298 - INFO - Saved at ./libcity/cache/dataset_cache/point_based_PEMS_BAY_12_12_0.7_0.1_standard_64_False_False_False_True.npz
2024-08-22 13:53:09,450 - INFO - StandardScaler mean: 62.73567651594296, std: 9.438173664359947
2024-08-22 13:53:09,450 - INFO - NoneScaler
2024-08-22 13:53:16,513 - INFO - You select quick mode to train STGCN model.
2024-08-22 13:53:16,859 - INFO - Chebyshev_polynomial_Lk shape: (3, 325, 325)
2024-08-22 13:53:17,043 - INFO - STGCN(
  (st_conv1): STConvBlock(
    (tconv1): TemporalConvLayer(
      (align): Align()
      (conv): Conv2d(1, 64, kernel_size=(3, 1), stride=(1, 1))
    )
    (sconv): SpatioConvLayer(
      (align): Align()
    )
    (tconv2): TemporalConvLayer(
      (align): Align()
      (conv): Conv2d(32, 64, kernel_size=(3, 1), stride=(1, 1))
    )
    (ln): LayerNorm((325, 64), eps=1e-05, elementwise_affine=True)
    (dropout): Dropout(p=0, inplace=False)
  )
  (st_conv2): STConvBlock(
    (tconv1): TemporalConvLayer(
      (align): Align(
        (conv1x1): Conv2d(64, 32, kernel_size=(1, 1), stride=(1, 1))
      )
      (conv): Conv2d(64, 64, kernel_size=(3, 1), stride=(1, 1))
    )
    (sconv): SpatioConvLayer(
      (align): Align()
    )
    (tconv2): TemporalConvLayer(
      (align): Align()
      (conv): Conv2d(32, 128, kernel_size=(3, 1), stride=(1, 1))
    )
    (ln): LayerNorm((325, 128), eps=1e-05, elementwise_affine=True)
    (dropout): Dropout(p=0, inplace=False)
  )
  (output): OutputLayer(
    (tconv1): TemporalConvLayer(
      (align): Align()
      (conv): Conv2d(128, 256, kernel_size=(4, 1), stride=(1, 1))
    )
    (ln): LayerNorm((325, 128), eps=1e-05, elementwise_affine=True)
    (tconv2): TemporalConvLayer(
      (align): Align()
      (conv): Conv2d(128, 128, kernel_size=(1, 1), stride=(1, 1))
    )
    (fc): FullyConvLayer(
      (conv): Conv2d(128, 1, kernel_size=(1, 1), stride=(1, 1))
    )
  )
)
2024-08-22 13:53:17,044 - INFO - st_conv1.tconv1.conv.weight	torch.Size([64, 1, 3, 1])	cuda:0	True
2024-08-22 13:53:17,044 - INFO - st_conv1.tconv1.conv.bias	torch.Size([64])	cuda:0	True
2024-08-22 13:53:17,044 - INFO - st_conv1.sconv.theta	torch.Size([32, 32, 3])	cuda:0	True
2024-08-22 13:53:17,044 - INFO - st_conv1.sconv.b	torch.Size([1, 32, 1, 1])	cuda:0	True
2024-08-22 13:53:17,044 - INFO - st_conv1.tconv2.conv.weight	torch.Size([64, 32, 3, 1])	cuda:0	True
2024-08-22 13:53:17,044 - INFO - st_conv1.tconv2.conv.bias	torch.Size([64])	cuda:0	True
2024-08-22 13:53:17,044 - INFO - st_conv1.ln.weight	torch.Size([325, 64])	cuda:0	True
2024-08-22 13:53:17,044 - INFO - st_conv1.ln.bias	torch.Size([325, 64])	cuda:0	True
2024-08-22 13:53:17,044 - INFO - st_conv2.tconv1.align.conv1x1.weight	torch.Size([32, 64, 1, 1])	cuda:0	True
2024-08-22 13:53:17,044 - INFO - st_conv2.tconv1.align.conv1x1.bias	torch.Size([32])	cuda:0	True
2024-08-22 13:53:17,045 - INFO - st_conv2.tconv1.conv.weight	torch.Size([64, 64, 3, 1])	cuda:0	True
2024-08-22 13:53:17,045 - INFO - st_conv2.tconv1.conv.bias	torch.Size([64])	cuda:0	True
2024-08-22 13:53:17,045 - INFO - st_conv2.sconv.theta	torch.Size([32, 32, 3])	cuda:0	True
2024-08-22 13:53:17,045 - INFO - st_conv2.sconv.b	torch.Size([1, 32, 1, 1])	cuda:0	True
2024-08-22 13:53:17,045 - INFO - st_conv2.tconv2.conv.weight	torch.Size([128, 32, 3, 1])	cuda:0	True
2024-08-22 13:53:17,045 - INFO - st_conv2.tconv2.conv.bias	torch.Size([128])	cuda:0	True
2024-08-22 13:53:17,045 - INFO - st_conv2.ln.weight	torch.Size([325, 128])	cuda:0	True
2024-08-22 13:53:17,045 - INFO - st_conv2.ln.bias	torch.Size([325, 128])	cuda:0	True
2024-08-22 13:53:17,045 - INFO - output.tconv1.conv.weight	torch.Size([256, 128, 4, 1])	cuda:0	True
2024-08-22 13:53:17,045 - INFO - output.tconv1.conv.bias	torch.Size([256])	cuda:0	True
2024-08-22 13:53:17,045 - INFO - output.ln.weight	torch.Size([325, 128])	cuda:0	True
2024-08-22 13:53:17,045 - INFO - output.ln.bias	torch.Size([325, 128])	cuda:0	True
2024-08-22 13:53:17,045 - INFO - output.tconv2.conv.weight	torch.Size([128, 128, 1, 1])	cuda:0	True
2024-08-22 13:53:17,045 - INFO - output.tconv2.conv.bias	torch.Size([128])	cuda:0	True
2024-08-22 13:53:17,045 - INFO - output.fc.conv.weight	torch.Size([1, 128, 1, 1])	cuda:0	True
2024-08-22 13:53:17,045 - INFO - output.fc.conv.bias	torch.Size([1])	cuda:0	True
2024-08-22 13:53:17,045 - INFO - Total parameter numbers: 395489
2024-08-22 13:53:17,045 - INFO - You select `rmsprop` optimizer.
2024-08-22 13:53:18,008 - INFO - You select `steplr` lr_scheduler.
2024-08-22 13:53:18,008 - WARNING - Received none train loss func and will use the loss func defined in the model.
2024-08-22 13:53:18,008 - INFO - Start training ...
2024-08-22 13:53:18,008 - INFO - num_batches:570
2024-08-22 13:54:28,603 - INFO - epoch complete!
2024-08-22 13:54:28,603 - INFO - evaluating now!
2024-08-22 13:54:57,783 - INFO - Epoch [0/1] train_loss: 6.4985, val_loss: 64.3651, lr: 0.001000, 99.77s
2024-08-22 13:54:57,794 - INFO - Saved model at 0
2024-08-22 13:54:57,794 - INFO - Val loss decrease from inf to 64.3651, saving to ./libcity/cache/61186/model_cache/STGCN_PEMS_BAY_epoch0.tar
2024-08-22 13:54:57,795 - INFO - Trained totally 1 epochs, average train time is 70.594s, average eval time is 29.180s
2024-08-22 13:54:57,802 - INFO - Loaded model at 0
2024-08-22 13:54:57,802 - INFO - Saved model at ./libcity/cache/61186/model_cache/STGCN_PEMS_BAY.m
2024-08-22 13:54:57,811 - INFO - Start evaluating ...
2024-08-22 13:56:23,676 - INFO - Note that you select the single mode to evaluate!
2024-08-22 13:56:23,681 - INFO - Evaluate result is saved at ./libcity/cache/61186/evaluate_cache/2024_08_22_13_56_23_STGCN_PEMS_BAY.csv
2024-08-22 13:56:23,688 - INFO - 
         MAE      MAPE      RMSE
1   1.634669  0.031285  2.211634
2   1.902011  0.038791  2.777730
3   2.153252  0.046688  3.381807
4   2.406802  0.054985  4.033297
5   2.654484  0.063219  4.686653
6   2.884095  0.070901  5.291863
7   3.088500  0.077715  5.816103
8   3.265543  0.083563  6.251299
9   3.417520  0.088510  6.605986
10  3.548162  0.092691  6.895004
11  3.661160  0.096243  7.132892
12  3.759755  0.099291  7.331800
