2024-08-18 23:00:31,662 - INFO - Log directory: ./libcity/log
2024-08-18 23:00:31,662 - INFO - Begin pipeline, task=MTS_pred, model_name=GWNET, dataset_name=METR_LA, exp_id=62670
2024-08-18 23:00:31,662 - INFO - {'task': 'MTS_pred', 'model': 'GWNET', 'dataset': 'METR_LA', 'saved_model': True, 'seed': 0, 'dataset_class': 'StatePointDataset', 'executor': 'StateExecutor', 'evaluator': 'StateEvaluator', 'dropout': 0.3, 'blocks': 4, 'layers': 2, 'apt_layer': True, 'gcn_bool': True, 'addaptadj': True, 'adjtype': 'doubletransition', 'bidir_adj_mx': False, 'randomadj': True, 'aptonly': True, 'kernel_size': 2, 'nhid': 32, 'residual_channels': 32, 'dilation_channels': 32, 'skip_channels': 256, 'end_channels': 512, 'scaler': 'standard', 'load_external': False, 'normal_external': False, 'ext_scaler': 'none', 'add_time_in_day': False, 'add_day_in_week': False, 'max_epoch': 100, 'learner': 'adam', 'learning_rate': 0.001, 'lr_decay': False, 'clip_grad_norm': True, 'max_grad_norm': 5, 'use_early_stop': False, 'batch_size': 64, 'cache_dataset': True, 'num_workers': 0, 'pad_with_last_sample': True, 'train_rate': 0.7, 'eval_rate': 0.1, 'input_window': 12, 'output_window': 12, 'robustness_test': False, 'noise_type': 'gaussian', 'disturb_rate': 0.5, 'noise_mean': [5], 'noise_SD': [10], 'gpu': True, 'gpu_id': 0, 'train_loss': 'none', 'epoch': 0, 'weight_decay': 0, 'lr_epsilon': 1e-08, 'lr_beta1': 0.9, 'lr_beta2': 0.999, 'lr_alpha': 0.99, 'lr_momentum': 0, 'lr_scheduler': 'multisteplr', 'lr_decay_ratio': 0.1, 'steps': [5, 20, 40, 70], 'step_size': 10, 'lr_T_max': 30, 'lr_eta_min': 0, 'lr_patience': 10, 'lr_threshold': 0.0001, 'patience': 50, 'log_level': 'INFO', 'log_every': 1, 'load_best_epoch': True, 'hyper_tune': False, 'metrics': ['MAE', 'MAPE', 'MSE', 'RMSE', 'masked_MAE', 'masked_MAPE', 'masked_MSE', 'masked_RMSE', 'R2', 'EVAR'], 'evaluator_mode': 'single', 'save_mode': ['csv'], 'geo': {'including_types': ['Point'], 'Point': {}}, 'rel': {'including_types': ['geo'], 'geo': {'cost': 'num'}}, 'dyna': {'including_types': ['state'], 'state': {'entity_id': 'geo_id', 'traffic_speed': 'num'}}, 'data_col': ['traffic_speed'], 'weight_col': 'cost', 'data_files': ['METR_LA'], 'geo_file': 'METR_LA', 'rel_file': 'METR_LA', 'output_dim': 1, 'time_intervals': 300, 'init_weight_inf_or_zero': 'inf', 'set_weight_link_or_dist': 'dist', 'calculate_weight_adj': True, 'weight_adj_epsilon': 0.1, 'device': device(type='cuda', index=0), 'exp_id': 62670}
2024-08-18 23:00:31,668 - INFO - Loaded file METR_LA.geo, num_nodes=207
2024-08-18 23:00:31,678 - INFO - set_weight_link_or_dist: dist
2024-08-18 23:00:31,678 - INFO - init_weight_inf_or_zero: inf
2024-08-18 23:00:31,724 - INFO - Loaded file METR_LA.rel, shape=(207, 207)
2024-08-18 23:00:31,725 - INFO - Start Calculate the weight by Gauss kernel!
2024-08-18 23:00:31,726 - INFO - Loading file METR_LA.dyna
2024-08-18 23:00:36,471 - INFO - Loaded file METR_LA.dyna, shape=(34272, 207, 1)
2024-08-18 23:00:38,621 - INFO - Dataset created
2024-08-18 23:00:38,621 - INFO - x shape: (34249, 12, 207, 1), y shape: (34249, 12, 207, 1)
2024-08-18 23:00:38,625 - INFO - train	x: (23974, 12, 207, 1), y: (23974, 12, 207, 1)
2024-08-18 23:00:38,625 - INFO - eval	x: (3425, 12, 207, 1), y: (3425, 12, 207, 1)
2024-08-18 23:00:38,625 - INFO - test	x: (6850, 12, 207, 1), y: (6850, 12, 207, 1)
2024-08-18 23:00:56,591 - INFO - Saved at ./libcity/cache/dataset_cache/point_based_METR_LA_12_12_0.7_0.1_standard_64_False_False_False_True.npz
2024-08-18 23:00:56,988 - INFO - StandardScaler mean: 54.40592829587626, std: 19.493739270573098
2024-08-18 23:00:56,988 - INFO - NoneScaler
2024-08-18 23:01:01,411 - INFO - receptive_field: 13
2024-08-18 23:01:04,406 - INFO - GWNET(
  (filter_convs): ModuleList(
    (0): Conv2d(32, 32, kernel_size=(1, 2), stride=(1, 1))
    (1): Conv2d(32, 32, kernel_size=(1, 2), stride=(1, 1), dilation=(2, 2))
    (2): Conv2d(32, 32, kernel_size=(1, 2), stride=(1, 1))
    (3): Conv2d(32, 32, kernel_size=(1, 2), stride=(1, 1), dilation=(2, 2))
    (4): Conv2d(32, 32, kernel_size=(1, 2), stride=(1, 1))
    (5): Conv2d(32, 32, kernel_size=(1, 2), stride=(1, 1), dilation=(2, 2))
    (6): Conv2d(32, 32, kernel_size=(1, 2), stride=(1, 1))
    (7): Conv2d(32, 32, kernel_size=(1, 2), stride=(1, 1), dilation=(2, 2))
  )
  (gate_convs): ModuleList(
    (0): Conv1d(32, 32, kernel_size=(1, 2), stride=(1,))
    (1): Conv1d(32, 32, kernel_size=(1, 2), stride=(1,), dilation=(2,))
    (2): Conv1d(32, 32, kernel_size=(1, 2), stride=(1,))
    (3): Conv1d(32, 32, kernel_size=(1, 2), stride=(1,), dilation=(2,))
    (4): Conv1d(32, 32, kernel_size=(1, 2), stride=(1,))
    (5): Conv1d(32, 32, kernel_size=(1, 2), stride=(1,), dilation=(2,))
    (6): Conv1d(32, 32, kernel_size=(1, 2), stride=(1,))
    (7): Conv1d(32, 32, kernel_size=(1, 2), stride=(1,), dilation=(2,))
  )
  (residual_convs): ModuleList(
    (0): Conv1d(32, 32, kernel_size=(1, 1), stride=(1,))
    (1): Conv1d(32, 32, kernel_size=(1, 1), stride=(1,))
    (2): Conv1d(32, 32, kernel_size=(1, 1), stride=(1,))
    (3): Conv1d(32, 32, kernel_size=(1, 1), stride=(1,))
    (4): Conv1d(32, 32, kernel_size=(1, 1), stride=(1,))
    (5): Conv1d(32, 32, kernel_size=(1, 1), stride=(1,))
    (6): Conv1d(32, 32, kernel_size=(1, 1), stride=(1,))
    (7): Conv1d(32, 32, kernel_size=(1, 1), stride=(1,))
  )
  (skip_convs): ModuleList(
    (0): Conv1d(32, 256, kernel_size=(1, 1), stride=(1,))
    (1): Conv1d(32, 256, kernel_size=(1, 1), stride=(1,))
    (2): Conv1d(32, 256, kernel_size=(1, 1), stride=(1,))
    (3): Conv1d(32, 256, kernel_size=(1, 1), stride=(1,))
    (4): Conv1d(32, 256, kernel_size=(1, 1), stride=(1,))
    (5): Conv1d(32, 256, kernel_size=(1, 1), stride=(1,))
    (6): Conv1d(32, 256, kernel_size=(1, 1), stride=(1,))
    (7): Conv1d(32, 256, kernel_size=(1, 1), stride=(1,))
  )
  (bn): ModuleList(
    (0): BatchNorm2d(32, eps=1e-05, momentum=0.1, affine=True, track_running_stats=True)
    (1): BatchNorm2d(32, eps=1e-05, momentum=0.1, affine=True, track_running_stats=True)
    (2): BatchNorm2d(32, eps=1e-05, momentum=0.1, affine=True, track_running_stats=True)
    (3): BatchNorm2d(32, eps=1e-05, momentum=0.1, affine=True, track_running_stats=True)
    (4): BatchNorm2d(32, eps=1e-05, momentum=0.1, affine=True, track_running_stats=True)
    (5): BatchNorm2d(32, eps=1e-05, momentum=0.1, affine=True, track_running_stats=True)
    (6): BatchNorm2d(32, eps=1e-05, momentum=0.1, affine=True, track_running_stats=True)
    (7): BatchNorm2d(32, eps=1e-05, momentum=0.1, affine=True, track_running_stats=True)
  )
  (gconv): ModuleList(
    (0): GCN(
      (nconv): NConv()
      (mlp): Linear(
        (mlp): Conv2d(96, 32, kernel_size=(1, 1), stride=(1, 1))
      )
    )
    (1): GCN(
      (nconv): NConv()
      (mlp): Linear(
        (mlp): Conv2d(96, 32, kernel_size=(1, 1), stride=(1, 1))
      )
    )
    (2): GCN(
      (nconv): NConv()
      (mlp): Linear(
        (mlp): Conv2d(96, 32, kernel_size=(1, 1), stride=(1, 1))
      )
    )
    (3): GCN(
      (nconv): NConv()
      (mlp): Linear(
        (mlp): Conv2d(96, 32, kernel_size=(1, 1), stride=(1, 1))
      )
    )
    (4): GCN(
      (nconv): NConv()
      (mlp): Linear(
        (mlp): Conv2d(96, 32, kernel_size=(1, 1), stride=(1, 1))
      )
    )
    (5): GCN(
      (nconv): NConv()
      (mlp): Linear(
        (mlp): Conv2d(96, 32, kernel_size=(1, 1), stride=(1, 1))
      )
    )
    (6): GCN(
      (nconv): NConv()
      (mlp): Linear(
        (mlp): Conv2d(96, 32, kernel_size=(1, 1), stride=(1, 1))
      )
    )
    (7): GCN(
      (nconv): NConv()
      (mlp): Linear(
        (mlp): Conv2d(96, 32, kernel_size=(1, 1), stride=(1, 1))
      )
    )
  )
  (start_conv): Conv2d(1, 32, kernel_size=(1, 1), stride=(1, 1))
  (end_conv_1): Conv2d(256, 512, kernel_size=(1, 1), stride=(1, 1))
  (end_conv_2): Conv2d(512, 12, kernel_size=(1, 1), stride=(1, 1))
)
2024-08-18 23:01:04,410 - INFO - nodevec1	torch.Size([207, 10])	cuda:0	True
2024-08-18 23:01:04,410 - INFO - nodevec2	torch.Size([10, 207])	cuda:0	True
2024-08-18 23:01:04,411 - INFO - filter_convs.0.weight	torch.Size([32, 32, 1, 2])	cuda:0	True
2024-08-18 23:01:04,411 - INFO - filter_convs.0.bias	torch.Size([32])	cuda:0	True
2024-08-18 23:01:04,411 - INFO - filter_convs.1.weight	torch.Size([32, 32, 1, 2])	cuda:0	True
2024-08-18 23:01:04,411 - INFO - filter_convs.1.bias	torch.Size([32])	cuda:0	True
2024-08-18 23:01:04,411 - INFO - filter_convs.2.weight	torch.Size([32, 32, 1, 2])	cuda:0	True
2024-08-18 23:01:04,412 - INFO - filter_convs.2.bias	torch.Size([32])	cuda:0	True
2024-08-18 23:01:04,412 - INFO - filter_convs.3.weight	torch.Size([32, 32, 1, 2])	cuda:0	True
2024-08-18 23:01:04,412 - INFO - filter_convs.3.bias	torch.Size([32])	cuda:0	True
2024-08-18 23:01:04,412 - INFO - filter_convs.4.weight	torch.Size([32, 32, 1, 2])	cuda:0	True
2024-08-18 23:01:04,412 - INFO - filter_convs.4.bias	torch.Size([32])	cuda:0	True
2024-08-18 23:01:04,413 - INFO - filter_convs.5.weight	torch.Size([32, 32, 1, 2])	cuda:0	True
2024-08-18 23:01:04,413 - INFO - filter_convs.5.bias	torch.Size([32])	cuda:0	True
2024-08-18 23:01:04,413 - INFO - filter_convs.6.weight	torch.Size([32, 32, 1, 2])	cuda:0	True
2024-08-18 23:01:04,413 - INFO - filter_convs.6.bias	torch.Size([32])	cuda:0	True
2024-08-18 23:01:04,413 - INFO - filter_convs.7.weight	torch.Size([32, 32, 1, 2])	cuda:0	True
2024-08-18 23:01:04,414 - INFO - filter_convs.7.bias	torch.Size([32])	cuda:0	True
2024-08-18 23:01:04,414 - INFO - gate_convs.0.weight	torch.Size([32, 32, 1, 2])	cuda:0	True
2024-08-18 23:01:04,414 - INFO - gate_convs.0.bias	torch.Size([32])	cuda:0	True
2024-08-18 23:01:04,414 - INFO - gate_convs.1.weight	torch.Size([32, 32, 1, 2])	cuda:0	True
2024-08-18 23:01:04,415 - INFO - gate_convs.1.bias	torch.Size([32])	cuda:0	True
2024-08-18 23:01:04,415 - INFO - gate_convs.2.weight	torch.Size([32, 32, 1, 2])	cuda:0	True
2024-08-18 23:01:04,415 - INFO - gate_convs.2.bias	torch.Size([32])	cuda:0	True
2024-08-18 23:01:04,415 - INFO - gate_convs.3.weight	torch.Size([32, 32, 1, 2])	cuda:0	True
2024-08-18 23:01:04,415 - INFO - gate_convs.3.bias	torch.Size([32])	cuda:0	True
2024-08-18 23:01:04,416 - INFO - gate_convs.4.weight	torch.Size([32, 32, 1, 2])	cuda:0	True
2024-08-18 23:01:04,416 - INFO - gate_convs.4.bias	torch.Size([32])	cuda:0	True
2024-08-18 23:01:04,416 - INFO - gate_convs.5.weight	torch.Size([32, 32, 1, 2])	cuda:0	True
2024-08-18 23:01:04,416 - INFO - gate_convs.5.bias	torch.Size([32])	cuda:0	True
2024-08-18 23:01:04,416 - INFO - gate_convs.6.weight	torch.Size([32, 32, 1, 2])	cuda:0	True
2024-08-18 23:01:04,417 - INFO - gate_convs.6.bias	torch.Size([32])	cuda:0	True
2024-08-18 23:01:04,417 - INFO - gate_convs.7.weight	torch.Size([32, 32, 1, 2])	cuda:0	True
2024-08-18 23:01:04,417 - INFO - gate_convs.7.bias	torch.Size([32])	cuda:0	True
2024-08-18 23:01:04,417 - INFO - residual_convs.0.weight	torch.Size([32, 32, 1, 1])	cuda:0	True
2024-08-18 23:01:04,418 - INFO - residual_convs.0.bias	torch.Size([32])	cuda:0	True
2024-08-18 23:01:04,418 - INFO - residual_convs.1.weight	torch.Size([32, 32, 1, 1])	cuda:0	True
2024-08-18 23:01:04,418 - INFO - residual_convs.1.bias	torch.Size([32])	cuda:0	True
2024-08-18 23:01:04,418 - INFO - residual_convs.2.weight	torch.Size([32, 32, 1, 1])	cuda:0	True
2024-08-18 23:01:04,418 - INFO - residual_convs.2.bias	torch.Size([32])	cuda:0	True
2024-08-18 23:01:04,419 - INFO - residual_convs.3.weight	torch.Size([32, 32, 1, 1])	cuda:0	True
2024-08-18 23:01:04,419 - INFO - residual_convs.3.bias	torch.Size([32])	cuda:0	True
2024-08-18 23:01:04,419 - INFO - residual_convs.4.weight	torch.Size([32, 32, 1, 1])	cuda:0	True
2024-08-18 23:01:04,419 - INFO - residual_convs.4.bias	torch.Size([32])	cuda:0	True
2024-08-18 23:01:04,419 - INFO - residual_convs.5.weight	torch.Size([32, 32, 1, 1])	cuda:0	True
2024-08-18 23:01:04,420 - INFO - residual_convs.5.bias	torch.Size([32])	cuda:0	True
2024-08-18 23:01:04,420 - INFO - residual_convs.6.weight	torch.Size([32, 32, 1, 1])	cuda:0	True
2024-08-18 23:01:04,420 - INFO - residual_convs.6.bias	torch.Size([32])	cuda:0	True
2024-08-18 23:01:04,420 - INFO - residual_convs.7.weight	torch.Size([32, 32, 1, 1])	cuda:0	True
2024-08-18 23:01:04,420 - INFO - residual_convs.7.bias	torch.Size([32])	cuda:0	True
2024-08-18 23:01:04,421 - INFO - skip_convs.0.weight	torch.Size([256, 32, 1, 1])	cuda:0	True
2024-08-18 23:01:04,421 - INFO - skip_convs.0.bias	torch.Size([256])	cuda:0	True
2024-08-18 23:01:04,421 - INFO - skip_convs.1.weight	torch.Size([256, 32, 1, 1])	cuda:0	True
2024-08-18 23:01:04,421 - INFO - skip_convs.1.bias	torch.Size([256])	cuda:0	True
2024-08-18 23:01:04,421 - INFO - skip_convs.2.weight	torch.Size([256, 32, 1, 1])	cuda:0	True
2024-08-18 23:01:04,422 - INFO - skip_convs.2.bias	torch.Size([256])	cuda:0	True
2024-08-18 23:01:04,422 - INFO - skip_convs.3.weight	torch.Size([256, 32, 1, 1])	cuda:0	True
2024-08-18 23:01:04,422 - INFO - skip_convs.3.bias	torch.Size([256])	cuda:0	True
2024-08-18 23:01:04,423 - INFO - skip_convs.4.weight	torch.Size([256, 32, 1, 1])	cuda:0	True
2024-08-18 23:01:04,423 - INFO - skip_convs.4.bias	torch.Size([256])	cuda:0	True
2024-08-18 23:01:04,423 - INFO - skip_convs.5.weight	torch.Size([256, 32, 1, 1])	cuda:0	True
2024-08-18 23:01:04,423 - INFO - skip_convs.5.bias	torch.Size([256])	cuda:0	True
2024-08-18 23:01:04,423 - INFO - skip_convs.6.weight	torch.Size([256, 32, 1, 1])	cuda:0	True
2024-08-18 23:01:04,424 - INFO - skip_convs.6.bias	torch.Size([256])	cuda:0	True
2024-08-18 23:01:04,424 - INFO - skip_convs.7.weight	torch.Size([256, 32, 1, 1])	cuda:0	True
2024-08-18 23:01:04,424 - INFO - skip_convs.7.bias	torch.Size([256])	cuda:0	True
2024-08-18 23:01:04,424 - INFO - bn.0.weight	torch.Size([32])	cuda:0	True
2024-08-18 23:01:04,424 - INFO - bn.0.bias	torch.Size([32])	cuda:0	True
2024-08-18 23:01:04,425 - INFO - bn.1.weight	torch.Size([32])	cuda:0	True
2024-08-18 23:01:04,425 - INFO - bn.1.bias	torch.Size([32])	cuda:0	True
2024-08-18 23:01:04,425 - INFO - bn.2.weight	torch.Size([32])	cuda:0	True
2024-08-18 23:01:04,425 - INFO - bn.2.bias	torch.Size([32])	cuda:0	True
2024-08-18 23:01:04,425 - INFO - bn.3.weight	torch.Size([32])	cuda:0	True
2024-08-18 23:01:04,426 - INFO - bn.3.bias	torch.Size([32])	cuda:0	True
2024-08-18 23:01:04,426 - INFO - bn.4.weight	torch.Size([32])	cuda:0	True
2024-08-18 23:01:04,426 - INFO - bn.4.bias	torch.Size([32])	cuda:0	True
2024-08-18 23:01:04,426 - INFO - bn.5.weight	torch.Size([32])	cuda:0	True
2024-08-18 23:01:04,426 - INFO - bn.5.bias	torch.Size([32])	cuda:0	True
2024-08-18 23:01:04,427 - INFO - bn.6.weight	torch.Size([32])	cuda:0	True
2024-08-18 23:01:04,427 - INFO - bn.6.bias	torch.Size([32])	cuda:0	True
2024-08-18 23:01:04,427 - INFO - bn.7.weight	torch.Size([32])	cuda:0	True
2024-08-18 23:01:04,427 - INFO - bn.7.bias	torch.Size([32])	cuda:0	True
2024-08-18 23:01:04,428 - INFO - gconv.0.mlp.mlp.weight	torch.Size([32, 96, 1, 1])	cuda:0	True
2024-08-18 23:01:04,428 - INFO - gconv.0.mlp.mlp.bias	torch.Size([32])	cuda:0	True
2024-08-18 23:01:04,428 - INFO - gconv.1.mlp.mlp.weight	torch.Size([32, 96, 1, 1])	cuda:0	True
2024-08-18 23:01:04,428 - INFO - gconv.1.mlp.mlp.bias	torch.Size([32])	cuda:0	True
2024-08-18 23:01:04,428 - INFO - gconv.2.mlp.mlp.weight	torch.Size([32, 96, 1, 1])	cuda:0	True
2024-08-18 23:01:04,429 - INFO - gconv.2.mlp.mlp.bias	torch.Size([32])	cuda:0	True
2024-08-18 23:01:04,429 - INFO - gconv.3.mlp.mlp.weight	torch.Size([32, 96, 1, 1])	cuda:0	True
2024-08-18 23:01:04,429 - INFO - gconv.3.mlp.mlp.bias	torch.Size([32])	cuda:0	True
2024-08-18 23:01:04,429 - INFO - gconv.4.mlp.mlp.weight	torch.Size([32, 96, 1, 1])	cuda:0	True
2024-08-18 23:01:04,430 - INFO - gconv.4.mlp.mlp.bias	torch.Size([32])	cuda:0	True
2024-08-18 23:01:04,430 - INFO - gconv.5.mlp.mlp.weight	torch.Size([32, 96, 1, 1])	cuda:0	True
2024-08-18 23:01:04,430 - INFO - gconv.5.mlp.mlp.bias	torch.Size([32])	cuda:0	True
2024-08-18 23:01:04,430 - INFO - gconv.6.mlp.mlp.weight	torch.Size([32, 96, 1, 1])	cuda:0	True
2024-08-18 23:01:04,430 - INFO - gconv.6.mlp.mlp.bias	torch.Size([32])	cuda:0	True
2024-08-18 23:01:04,431 - INFO - gconv.7.mlp.mlp.weight	torch.Size([32, 96, 1, 1])	cuda:0	True
2024-08-18 23:01:04,431 - INFO - gconv.7.mlp.mlp.bias	torch.Size([32])	cuda:0	True
2024-08-18 23:01:04,431 - INFO - start_conv.weight	torch.Size([32, 1, 1, 1])	cuda:0	True
2024-08-18 23:01:04,431 - INFO - start_conv.bias	torch.Size([32])	cuda:0	True
2024-08-18 23:01:04,432 - INFO - end_conv_1.weight	torch.Size([512, 256, 1, 1])	cuda:0	True
2024-08-18 23:01:04,432 - INFO - end_conv_1.bias	torch.Size([512])	cuda:0	True
2024-08-18 23:01:04,432 - INFO - end_conv_2.weight	torch.Size([12, 512, 1, 1])	cuda:0	True
2024-08-18 23:01:04,432 - INFO - end_conv_2.bias	torch.Size([12])	cuda:0	True
2024-08-18 23:01:04,435 - INFO - Total parameter numbers: 276600
2024-08-18 23:01:04,435 - INFO - You select `adam` optimizer.
2024-08-18 23:01:04,438 - WARNING - Received none train loss func and will use the loss func defined in the model.
2024-08-18 23:01:22,285 - INFO - Start training ...
2024-08-18 23:01:22,286 - INFO - num_batches:375
2024-08-18 23:04:24,643 - INFO - epoch complete!
2024-08-18 23:04:24,643 - INFO - evaluating now!
2024-08-18 23:04:40,967 - INFO - Epoch [0/100] train_loss: 4.0166, val_loss: 3.5654, lr: 0.001000, 198.68s
2024-08-18 23:04:41,039 - INFO - Saved model at 0
2024-08-18 23:04:41,040 - INFO - Val loss decrease from inf to 3.5654, saving to ./libcity/cache/62670/model_cache/GWNET_METR_LA_epoch0.tar
2024-08-18 23:07:26,626 - INFO - epoch complete!
2024-08-18 23:07:26,627 - INFO - evaluating now!
2024-08-18 23:07:42,811 - INFO - Epoch [1/100] train_loss: 3.6295, val_loss: 3.3641, lr: 0.001000, 181.77s
2024-08-18 23:07:42,882 - INFO - Saved model at 1
2024-08-18 23:07:42,883 - INFO - Val loss decrease from 3.5654 to 3.3641, saving to ./libcity/cache/62670/model_cache/GWNET_METR_LA_epoch1.tar
2024-08-18 23:10:28,357 - INFO - epoch complete!
2024-08-18 23:10:28,358 - INFO - evaluating now!
2024-08-18 23:10:44,588 - INFO - Epoch [2/100] train_loss: 3.5089, val_loss: 3.2344, lr: 0.001000, 181.70s
2024-08-18 23:10:44,659 - INFO - Saved model at 2
2024-08-18 23:10:44,660 - INFO - Val loss decrease from 3.3641 to 3.2344, saving to ./libcity/cache/62670/model_cache/GWNET_METR_LA_epoch2.tar
2024-08-18 23:13:29,744 - INFO - epoch complete!
2024-08-18 23:13:29,744 - INFO - evaluating now!
2024-08-18 23:13:45,871 - INFO - Epoch [3/100] train_loss: 3.4416, val_loss: 3.1998, lr: 0.001000, 181.21s
2024-08-18 23:13:45,942 - INFO - Saved model at 3
2024-08-18 23:13:45,942 - INFO - Val loss decrease from 3.2344 to 3.1998, saving to ./libcity/cache/62670/model_cache/GWNET_METR_LA_epoch3.tar
2024-08-18 23:16:31,227 - INFO - epoch complete!
2024-08-18 23:16:31,228 - INFO - evaluating now!
2024-08-18 23:16:47,391 - INFO - Epoch [4/100] train_loss: 3.3971, val_loss: 3.2151, lr: 0.001000, 181.45s
