2024-08-18 23:22:54,751 - INFO - Log directory: ./libcity/log
2024-08-18 23:22:54,752 - INFO - Begin pipeline, task=MTS_pred, model_name=GWNET, dataset_name=METR_LA, exp_id=6355
2024-08-18 23:22:54,752 - INFO - {'task': 'MTS_pred', 'model': 'GWNET', 'dataset': 'METR_LA', 'saved_model': True, 'seed': 0, 'max_epoch': 3, 'dataset_class': 'StatePointDataset', 'executor': 'StateExecutor', 'evaluator': 'StateEvaluator', 'dropout': 0.3, 'blocks': 4, 'layers': 2, 'apt_layer': True, 'gcn_bool': True, 'addaptadj': True, 'adjtype': 'doubletransition', 'bidir_adj_mx': False, 'randomadj': True, 'aptonly': True, 'kernel_size': 2, 'nhid': 32, 'residual_channels': 32, 'dilation_channels': 32, 'skip_channels': 256, 'end_channels': 512, 'scaler': 'standard', 'load_external': False, 'normal_external': False, 'ext_scaler': 'none', 'add_time_in_day': False, 'add_day_in_week': False, 'learner': 'adam', 'learning_rate': 0.001, 'lr_decay': False, 'clip_grad_norm': True, 'max_grad_norm': 5, 'use_early_stop': False, 'batch_size': 64, 'cache_dataset': True, 'num_workers': 0, 'pad_with_last_sample': True, 'train_rate': 0.7, 'eval_rate': 0.1, 'input_window': 12, 'output_window': 12, 'robustness_test': False, 'noise_type': 'gaussian', 'disturb_rate': 0.5, 'noise_mean': [5], 'noise_SD': [10], 'gpu': True, 'gpu_id': 0, 'train_loss': 'none', 'epoch': 0, 'weight_decay': 0, 'lr_epsilon': 1e-08, 'lr_beta1': 0.9, 'lr_beta2': 0.999, 'lr_alpha': 0.99, 'lr_momentum': 0, 'lr_scheduler': 'multisteplr', 'lr_decay_ratio': 0.1, 'steps': [5, 20, 40, 70], 'step_size': 10, 'lr_T_max': 30, 'lr_eta_min': 0, 'lr_patience': 10, 'lr_threshold': 0.0001, 'patience': 50, 'log_level': 'INFO', 'log_every': 1, 'load_best_epoch': True, 'hyper_tune': False, 'metrics': ['MAE', 'MAPE', 'MSE', 'RMSE', 'masked_MAE', 'masked_MAPE', 'masked_MSE', 'masked_RMSE', 'R2', 'EVAR'], 'evaluator_mode': 'single', 'save_mode': ['csv'], 'geo': {'including_types': ['Point'], 'Point': {}}, 'rel': {'including_types': ['geo'], 'geo': {'cost': 'num'}}, 'dyna': {'including_types': ['state'], 'state': {'entity_id': 'geo_id', 'traffic_speed': 'num'}}, 'data_col': ['traffic_speed'], 'weight_col': 'cost', 'data_files': ['METR_LA'], 'geo_file': 'METR_LA', 'rel_file': 'METR_LA', 'output_dim': 1, 'time_intervals': 300, 'init_weight_inf_or_zero': 'inf', 'set_weight_link_or_dist': 'dist', 'calculate_weight_adj': True, 'weight_adj_epsilon': 0.1, 'device': device(type='cuda', index=0), 'exp_id': 6355}
2024-08-18 23:22:54,756 - INFO - Loaded file METR_LA.geo, num_nodes=207
2024-08-18 23:22:54,763 - INFO - set_weight_link_or_dist: dist
2024-08-18 23:22:54,763 - INFO - init_weight_inf_or_zero: inf
2024-08-18 23:22:54,795 - INFO - Loaded file METR_LA.rel, shape=(207, 207)
2024-08-18 23:22:54,795 - INFO - Start Calculate the weight by Gauss kernel!
2024-08-18 23:22:54,796 - INFO - Loading file METR_LA.dyna
2024-08-18 23:22:59,379 - INFO - Loaded file METR_LA.dyna, shape=(34272, 207, 1)
2024-08-18 23:23:01,514 - INFO - Dataset created
2024-08-18 23:23:01,515 - INFO - x shape: (34249, 12, 207, 1), y shape: (34249, 12, 207, 1)
2024-08-18 23:23:01,518 - INFO - train	x: (23974, 12, 207, 1), y: (23974, 12, 207, 1)
2024-08-18 23:23:01,518 - INFO - eval	x: (3425, 12, 207, 1), y: (3425, 12, 207, 1)
2024-08-18 23:23:01,518 - INFO - test	x: (6850, 12, 207, 1), y: (6850, 12, 207, 1)
2024-08-18 23:23:19,366 - INFO - Saved at ./libcity/cache/dataset_cache/point_based_METR_LA_12_12_0.7_0.1_standard_64_False_False_False_True.npz
2024-08-18 23:23:19,772 - INFO - StandardScaler mean: 54.40592829587626, std: 19.493739270573098
2024-08-18 23:23:19,772 - INFO - NoneScaler
2024-08-18 23:23:24,168 - INFO - receptive_field: 13
2024-08-18 23:23:27,367 - INFO - GWNET(
  (filter_convs): ModuleList(
    (0): Conv2d(32, 32, kernel_size=(1, 2), stride=(1, 1))
    (1): Conv2d(32, 32, kernel_size=(1, 2), stride=(1, 1), dilation=(2, 2))
    (2): Conv2d(32, 32, kernel_size=(1, 2), stride=(1, 1))
    (3): Conv2d(32, 32, kernel_size=(1, 2), stride=(1, 1), dilation=(2, 2))
    (4): Conv2d(32, 32, kernel_size=(1, 2), stride=(1, 1))
    (5): Conv2d(32, 32, kernel_size=(1, 2), stride=(1, 1), dilation=(2, 2))
    (6): Conv2d(32, 32, kernel_size=(1, 2), stride=(1, 1))
    (7): Conv2d(32, 32, kernel_size=(1, 2), stride=(1, 1), dilation=(2, 2))
  )
  (gate_convs): ModuleList(
    (0): Conv1d(32, 32, kernel_size=(1, 2), stride=(1,))
    (1): Conv1d(32, 32, kernel_size=(1, 2), stride=(1,), dilation=(2,))
    (2): Conv1d(32, 32, kernel_size=(1, 2), stride=(1,))
    (3): Conv1d(32, 32, kernel_size=(1, 2), stride=(1,), dilation=(2,))
    (4): Conv1d(32, 32, kernel_size=(1, 2), stride=(1,))
    (5): Conv1d(32, 32, kernel_size=(1, 2), stride=(1,), dilation=(2,))
    (6): Conv1d(32, 32, kernel_size=(1, 2), stride=(1,))
    (7): Conv1d(32, 32, kernel_size=(1, 2), stride=(1,), dilation=(2,))
  )
  (residual_convs): ModuleList(
    (0): Conv1d(32, 32, kernel_size=(1, 1), stride=(1,))
    (1): Conv1d(32, 32, kernel_size=(1, 1), stride=(1,))
    (2): Conv1d(32, 32, kernel_size=(1, 1), stride=(1,))
    (3): Conv1d(32, 32, kernel_size=(1, 1), stride=(1,))
    (4): Conv1d(32, 32, kernel_size=(1, 1), stride=(1,))
    (5): Conv1d(32, 32, kernel_size=(1, 1), stride=(1,))
    (6): Conv1d(32, 32, kernel_size=(1, 1), stride=(1,))
    (7): Conv1d(32, 32, kernel_size=(1, 1), stride=(1,))
  )
  (skip_convs): ModuleList(
    (0): Conv1d(32, 256, kernel_size=(1, 1), stride=(1,))
    (1): Conv1d(32, 256, kernel_size=(1, 1), stride=(1,))
    (2): Conv1d(32, 256, kernel_size=(1, 1), stride=(1,))
    (3): Conv1d(32, 256, kernel_size=(1, 1), stride=(1,))
    (4): Conv1d(32, 256, kernel_size=(1, 1), stride=(1,))
    (5): Conv1d(32, 256, kernel_size=(1, 1), stride=(1,))
    (6): Conv1d(32, 256, kernel_size=(1, 1), stride=(1,))
    (7): Conv1d(32, 256, kernel_size=(1, 1), stride=(1,))
  )
  (bn): ModuleList(
    (0): BatchNorm2d(32, eps=1e-05, momentum=0.1, affine=True, track_running_stats=True)
    (1): BatchNorm2d(32, eps=1e-05, momentum=0.1, affine=True, track_running_stats=True)
    (2): BatchNorm2d(32, eps=1e-05, momentum=0.1, affine=True, track_running_stats=True)
    (3): BatchNorm2d(32, eps=1e-05, momentum=0.1, affine=True, track_running_stats=True)
    (4): BatchNorm2d(32, eps=1e-05, momentum=0.1, affine=True, track_running_stats=True)
    (5): BatchNorm2d(32, eps=1e-05, momentum=0.1, affine=True, track_running_stats=True)
    (6): BatchNorm2d(32, eps=1e-05, momentum=0.1, affine=True, track_running_stats=True)
    (7): BatchNorm2d(32, eps=1e-05, momentum=0.1, affine=True, track_running_stats=True)
  )
  (gconv): ModuleList(
    (0): GCN(
      (nconv): NConv()
      (mlp): Linear(
        (mlp): Conv2d(96, 32, kernel_size=(1, 1), stride=(1, 1))
      )
    )
    (1): GCN(
      (nconv): NConv()
      (mlp): Linear(
        (mlp): Conv2d(96, 32, kernel_size=(1, 1), stride=(1, 1))
      )
    )
    (2): GCN(
      (nconv): NConv()
      (mlp): Linear(
        (mlp): Conv2d(96, 32, kernel_size=(1, 1), stride=(1, 1))
      )
    )
    (3): GCN(
      (nconv): NConv()
      (mlp): Linear(
        (mlp): Conv2d(96, 32, kernel_size=(1, 1), stride=(1, 1))
      )
    )
    (4): GCN(
      (nconv): NConv()
      (mlp): Linear(
        (mlp): Conv2d(96, 32, kernel_size=(1, 1), stride=(1, 1))
      )
    )
    (5): GCN(
      (nconv): NConv()
      (mlp): Linear(
        (mlp): Conv2d(96, 32, kernel_size=(1, 1), stride=(1, 1))
      )
    )
    (6): GCN(
      (nconv): NConv()
      (mlp): Linear(
        (mlp): Conv2d(96, 32, kernel_size=(1, 1), stride=(1, 1))
      )
    )
    (7): GCN(
      (nconv): NConv()
      (mlp): Linear(
        (mlp): Conv2d(96, 32, kernel_size=(1, 1), stride=(1, 1))
      )
    )
  )
  (start_conv): Conv2d(1, 32, kernel_size=(1, 1), stride=(1, 1))
  (end_conv_1): Conv2d(256, 512, kernel_size=(1, 1), stride=(1, 1))
  (end_conv_2): Conv2d(512, 12, kernel_size=(1, 1), stride=(1, 1))
)
2024-08-18 23:23:27,370 - INFO - nodevec1	torch.Size([207, 10])	cuda:0	True
2024-08-18 23:23:27,370 - INFO - nodevec2	torch.Size([10, 207])	cuda:0	True
2024-08-18 23:23:27,370 - INFO - filter_convs.0.weight	torch.Size([32, 32, 1, 2])	cuda:0	True
2024-08-18 23:23:27,371 - INFO - filter_convs.0.bias	torch.Size([32])	cuda:0	True
2024-08-18 23:23:27,371 - INFO - filter_convs.1.weight	torch.Size([32, 32, 1, 2])	cuda:0	True
2024-08-18 23:23:27,371 - INFO - filter_convs.1.bias	torch.Size([32])	cuda:0	True
2024-08-18 23:23:27,371 - INFO - filter_convs.2.weight	torch.Size([32, 32, 1, 2])	cuda:0	True
2024-08-18 23:23:27,371 - INFO - filter_convs.2.bias	torch.Size([32])	cuda:0	True
2024-08-18 23:23:27,372 - INFO - filter_convs.3.weight	torch.Size([32, 32, 1, 2])	cuda:0	True
2024-08-18 23:23:27,372 - INFO - filter_convs.3.bias	torch.Size([32])	cuda:0	True
2024-08-18 23:23:27,372 - INFO - filter_convs.4.weight	torch.Size([32, 32, 1, 2])	cuda:0	True
2024-08-18 23:23:27,372 - INFO - filter_convs.4.bias	torch.Size([32])	cuda:0	True
2024-08-18 23:23:27,372 - INFO - filter_convs.5.weight	torch.Size([32, 32, 1, 2])	cuda:0	True
2024-08-18 23:23:27,373 - INFO - filter_convs.5.bias	torch.Size([32])	cuda:0	True
2024-08-18 23:23:27,373 - INFO - filter_convs.6.weight	torch.Size([32, 32, 1, 2])	cuda:0	True
2024-08-18 23:23:27,373 - INFO - filter_convs.6.bias	torch.Size([32])	cuda:0	True
2024-08-18 23:23:27,373 - INFO - filter_convs.7.weight	torch.Size([32, 32, 1, 2])	cuda:0	True
2024-08-18 23:23:27,373 - INFO - filter_convs.7.bias	torch.Size([32])	cuda:0	True
2024-08-18 23:23:27,374 - INFO - gate_convs.0.weight	torch.Size([32, 32, 1, 2])	cuda:0	True
2024-08-18 23:23:27,374 - INFO - gate_convs.0.bias	torch.Size([32])	cuda:0	True
2024-08-18 23:23:27,374 - INFO - gate_convs.1.weight	torch.Size([32, 32, 1, 2])	cuda:0	True
2024-08-18 23:23:27,374 - INFO - gate_convs.1.bias	torch.Size([32])	cuda:0	True
2024-08-18 23:23:27,374 - INFO - gate_convs.2.weight	torch.Size([32, 32, 1, 2])	cuda:0	True
2024-08-18 23:23:27,375 - INFO - gate_convs.2.bias	torch.Size([32])	cuda:0	True
2024-08-18 23:23:27,375 - INFO - gate_convs.3.weight	torch.Size([32, 32, 1, 2])	cuda:0	True
2024-08-18 23:23:27,375 - INFO - gate_convs.3.bias	torch.Size([32])	cuda:0	True
2024-08-18 23:23:27,375 - INFO - gate_convs.4.weight	torch.Size([32, 32, 1, 2])	cuda:0	True
2024-08-18 23:23:27,376 - INFO - gate_convs.4.bias	torch.Size([32])	cuda:0	True
2024-08-18 23:23:27,376 - INFO - gate_convs.5.weight	torch.Size([32, 32, 1, 2])	cuda:0	True
2024-08-18 23:23:27,376 - INFO - gate_convs.5.bias	torch.Size([32])	cuda:0	True
2024-08-18 23:23:27,376 - INFO - gate_convs.6.weight	torch.Size([32, 32, 1, 2])	cuda:0	True
2024-08-18 23:23:27,376 - INFO - gate_convs.6.bias	torch.Size([32])	cuda:0	True
2024-08-18 23:23:27,377 - INFO - gate_convs.7.weight	torch.Size([32, 32, 1, 2])	cuda:0	True
2024-08-18 23:23:27,377 - INFO - gate_convs.7.bias	torch.Size([32])	cuda:0	True
2024-08-18 23:23:27,377 - INFO - residual_convs.0.weight	torch.Size([32, 32, 1, 1])	cuda:0	True
2024-08-18 23:23:27,377 - INFO - residual_convs.0.bias	torch.Size([32])	cuda:0	True
2024-08-18 23:23:27,378 - INFO - residual_convs.1.weight	torch.Size([32, 32, 1, 1])	cuda:0	True
2024-08-18 23:23:27,378 - INFO - residual_convs.1.bias	torch.Size([32])	cuda:0	True
2024-08-18 23:23:27,378 - INFO - residual_convs.2.weight	torch.Size([32, 32, 1, 1])	cuda:0	True
2024-08-18 23:23:27,378 - INFO - residual_convs.2.bias	torch.Size([32])	cuda:0	True
2024-08-18 23:23:27,378 - INFO - residual_convs.3.weight	torch.Size([32, 32, 1, 1])	cuda:0	True
2024-08-18 23:23:27,379 - INFO - residual_convs.3.bias	torch.Size([32])	cuda:0	True
2024-08-18 23:23:27,379 - INFO - residual_convs.4.weight	torch.Size([32, 32, 1, 1])	cuda:0	True
2024-08-18 23:23:27,379 - INFO - residual_convs.4.bias	torch.Size([32])	cuda:0	True
2024-08-18 23:23:27,379 - INFO - residual_convs.5.weight	torch.Size([32, 32, 1, 1])	cuda:0	True
2024-08-18 23:23:27,379 - INFO - residual_convs.5.bias	torch.Size([32])	cuda:0	True
2024-08-18 23:23:27,380 - INFO - residual_convs.6.weight	torch.Size([32, 32, 1, 1])	cuda:0	True
2024-08-18 23:23:27,380 - INFO - residual_convs.6.bias	torch.Size([32])	cuda:0	True
2024-08-18 23:23:27,380 - INFO - residual_convs.7.weight	torch.Size([32, 32, 1, 1])	cuda:0	True
2024-08-18 23:23:27,380 - INFO - residual_convs.7.bias	torch.Size([32])	cuda:0	True
2024-08-18 23:23:27,381 - INFO - skip_convs.0.weight	torch.Size([256, 32, 1, 1])	cuda:0	True
2024-08-18 23:23:27,381 - INFO - skip_convs.0.bias	torch.Size([256])	cuda:0	True
2024-08-18 23:23:27,381 - INFO - skip_convs.1.weight	torch.Size([256, 32, 1, 1])	cuda:0	True
2024-08-18 23:23:27,381 - INFO - skip_convs.1.bias	torch.Size([256])	cuda:0	True
2024-08-18 23:23:27,382 - INFO - skip_convs.2.weight	torch.Size([256, 32, 1, 1])	cuda:0	True
2024-08-18 23:23:27,382 - INFO - skip_convs.2.bias	torch.Size([256])	cuda:0	True
2024-08-18 23:23:27,382 - INFO - skip_convs.3.weight	torch.Size([256, 32, 1, 1])	cuda:0	True
2024-08-18 23:23:27,382 - INFO - skip_convs.3.bias	torch.Size([256])	cuda:0	True
2024-08-18 23:23:27,382 - INFO - skip_convs.4.weight	torch.Size([256, 32, 1, 1])	cuda:0	True
2024-08-18 23:23:27,383 - INFO - skip_convs.4.bias	torch.Size([256])	cuda:0	True
2024-08-18 23:23:27,383 - INFO - skip_convs.5.weight	torch.Size([256, 32, 1, 1])	cuda:0	True
2024-08-18 23:23:27,383 - INFO - skip_convs.5.bias	torch.Size([256])	cuda:0	True
2024-08-18 23:23:27,383 - INFO - skip_convs.6.weight	torch.Size([256, 32, 1, 1])	cuda:0	True
2024-08-18 23:23:27,383 - INFO - skip_convs.6.bias	torch.Size([256])	cuda:0	True
2024-08-18 23:23:27,384 - INFO - skip_convs.7.weight	torch.Size([256, 32, 1, 1])	cuda:0	True
2024-08-18 23:23:27,384 - INFO - skip_convs.7.bias	torch.Size([256])	cuda:0	True
2024-08-18 23:23:27,384 - INFO - bn.0.weight	torch.Size([32])	cuda:0	True
2024-08-18 23:23:27,384 - INFO - bn.0.bias	torch.Size([32])	cuda:0	True
2024-08-18 23:23:27,384 - INFO - bn.1.weight	torch.Size([32])	cuda:0	True
2024-08-18 23:23:27,385 - INFO - bn.1.bias	torch.Size([32])	cuda:0	True
2024-08-18 23:23:27,385 - INFO - bn.2.weight	torch.Size([32])	cuda:0	True
2024-08-18 23:23:27,385 - INFO - bn.2.bias	torch.Size([32])	cuda:0	True
2024-08-18 23:23:27,385 - INFO - bn.3.weight	torch.Size([32])	cuda:0	True
2024-08-18 23:23:27,385 - INFO - bn.3.bias	torch.Size([32])	cuda:0	True
2024-08-18 23:23:27,386 - INFO - bn.4.weight	torch.Size([32])	cuda:0	True
2024-08-18 23:23:27,386 - INFO - bn.4.bias	torch.Size([32])	cuda:0	True
2024-08-18 23:23:27,386 - INFO - bn.5.weight	torch.Size([32])	cuda:0	True
2024-08-18 23:23:27,387 - INFO - bn.5.bias	torch.Size([32])	cuda:0	True
2024-08-18 23:23:27,387 - INFO - bn.6.weight	torch.Size([32])	cuda:0	True
2024-08-18 23:23:27,387 - INFO - bn.6.bias	torch.Size([32])	cuda:0	True
2024-08-18 23:23:27,387 - INFO - bn.7.weight	torch.Size([32])	cuda:0	True
2024-08-18 23:23:27,387 - INFO - bn.7.bias	torch.Size([32])	cuda:0	True
2024-08-18 23:23:27,388 - INFO - gconv.0.mlp.mlp.weight	torch.Size([32, 96, 1, 1])	cuda:0	True
2024-08-18 23:23:27,388 - INFO - gconv.0.mlp.mlp.bias	torch.Size([32])	cuda:0	True
2024-08-18 23:23:27,388 - INFO - gconv.1.mlp.mlp.weight	torch.Size([32, 96, 1, 1])	cuda:0	True
2024-08-18 23:23:27,388 - INFO - gconv.1.mlp.mlp.bias	torch.Size([32])	cuda:0	True
2024-08-18 23:23:27,389 - INFO - gconv.2.mlp.mlp.weight	torch.Size([32, 96, 1, 1])	cuda:0	True
2024-08-18 23:23:27,389 - INFO - gconv.2.mlp.mlp.bias	torch.Size([32])	cuda:0	True
2024-08-18 23:23:27,389 - INFO - gconv.3.mlp.mlp.weight	torch.Size([32, 96, 1, 1])	cuda:0	True
2024-08-18 23:23:27,389 - INFO - gconv.3.mlp.mlp.bias	torch.Size([32])	cuda:0	True
2024-08-18 23:23:27,389 - INFO - gconv.4.mlp.mlp.weight	torch.Size([32, 96, 1, 1])	cuda:0	True
2024-08-18 23:23:27,390 - INFO - gconv.4.mlp.mlp.bias	torch.Size([32])	cuda:0	True
2024-08-18 23:23:27,390 - INFO - gconv.5.mlp.mlp.weight	torch.Size([32, 96, 1, 1])	cuda:0	True
2024-08-18 23:23:27,390 - INFO - gconv.5.mlp.mlp.bias	torch.Size([32])	cuda:0	True
2024-08-18 23:23:27,390 - INFO - gconv.6.mlp.mlp.weight	torch.Size([32, 96, 1, 1])	cuda:0	True
2024-08-18 23:23:27,391 - INFO - gconv.6.mlp.mlp.bias	torch.Size([32])	cuda:0	True
2024-08-18 23:23:27,391 - INFO - gconv.7.mlp.mlp.weight	torch.Size([32, 96, 1, 1])	cuda:0	True
2024-08-18 23:23:27,391 - INFO - gconv.7.mlp.mlp.bias	torch.Size([32])	cuda:0	True
2024-08-18 23:23:27,392 - INFO - start_conv.weight	torch.Size([32, 1, 1, 1])	cuda:0	True
2024-08-18 23:23:27,392 - INFO - start_conv.bias	torch.Size([32])	cuda:0	True
2024-08-18 23:23:27,392 - INFO - end_conv_1.weight	torch.Size([512, 256, 1, 1])	cuda:0	True
2024-08-18 23:23:27,392 - INFO - end_conv_1.bias	torch.Size([512])	cuda:0	True
2024-08-18 23:23:27,392 - INFO - end_conv_2.weight	torch.Size([12, 512, 1, 1])	cuda:0	True
2024-08-18 23:23:27,393 - INFO - end_conv_2.bias	torch.Size([12])	cuda:0	True
2024-08-18 23:23:27,395 - INFO - Total parameter numbers: 276600
2024-08-18 23:23:27,395 - INFO - You select `adam` optimizer.
2024-08-18 23:23:27,398 - WARNING - Received none train loss func and will use the loss func defined in the model.
2024-08-18 23:23:30,833 - INFO - Start training ...
2024-08-18 23:23:30,834 - INFO - num_batches:375
2024-08-18 23:26:48,636 - INFO - epoch complete!
2024-08-18 23:26:48,637 - INFO - evaluating now!
2024-08-18 23:27:09,486 - INFO - Epoch [0/3] train_loss: 4.0166, val_loss: 3.5654, lr: 0.001000, 218.65s
2024-08-18 23:27:09,563 - INFO - Saved model at 0
2024-08-18 23:27:09,563 - INFO - Val loss decrease from inf to 3.5654, saving to ./libcity/cache/6355/model_cache/GWNET_METR_LA_epoch0.tar
2024-08-18 23:30:26,932 - INFO - epoch complete!
2024-08-18 23:30:26,932 - INFO - evaluating now!
2024-08-18 23:30:47,722 - INFO - Epoch [1/3] train_loss: 3.6295, val_loss: 3.3641, lr: 0.001000, 218.16s
2024-08-18 23:30:47,797 - INFO - Saved model at 1
2024-08-18 23:30:47,798 - INFO - Val loss decrease from 3.5654 to 3.3641, saving to ./libcity/cache/6355/model_cache/GWNET_METR_LA_epoch1.tar
2024-08-18 23:34:05,683 - INFO - epoch complete!
2024-08-18 23:34:05,684 - INFO - evaluating now!
2024-08-18 23:34:26,410 - INFO - Epoch [2/3] train_loss: 3.5089, val_loss: 3.2344, lr: 0.001000, 218.61s
2024-08-18 23:34:26,487 - INFO - Saved model at 2
2024-08-18 23:34:26,487 - INFO - Val loss decrease from 3.3641 to 3.2344, saving to ./libcity/cache/6355/model_cache/GWNET_METR_LA_epoch2.tar
2024-08-18 23:34:26,487 - INFO - Trained totally 3 epochs, average train time is 197.684s, average eval time is 20.788s
2024-08-18 23:34:26,543 - INFO - Loaded model at 2
2024-08-18 23:41:23,714 - INFO - Saved model at ./libcity/cache/6355/model_cache/GWNET_METR_LA.m
2024-08-18 23:41:56,906 - INFO - Start evaluating ...
2024-08-18 23:42:38,888 - INFO - Note that you select the single mode to evaluate!
2024-08-18 23:42:38,904 - INFO - Evaluate result is saved at ./libcity/cache/6355/evaluate_cache/2024_08_18_23_42_38_GWNET_METR_LA.csv
2024-08-18 23:42:38,950 - INFO - 
          MAE  MAPE         MSE       RMSE  masked_MAE  masked_MAPE  masked_MSE  masked_RMSE        R2      EVAR
1    9.485729   inf  483.421814  21.986855    2.412189     0.059160   17.951666     4.236941  0.063663  0.172298
2    9.820645   inf  494.332245  22.233583    2.749005     0.070708   27.125767     5.208241  0.042557  0.156592
3   10.039225   inf  499.658691  22.353046    2.999321     0.079681   34.289932     5.855761  0.032190  0.149917
4   10.270047   inf  509.895416  22.580864    3.215343     0.087405   40.549461     6.367846  0.012496  0.131873
5   10.443886   inf  516.192505  22.719870    3.402364     0.094153   46.111469     6.790543  0.000173  0.121585
6   10.566916   inf  515.097107  22.695751    3.588212     0.100920   51.458042     7.173426  0.002022  0.125707
7   10.677549   inf  516.530518  22.727308    3.733882     0.106615   56.169647     7.494641 -0.000467  0.124107
8   10.773280   inf  516.515015  22.726967    3.879328     0.112125   60.862621     7.801450 -0.000462  0.126599
9   10.912262   inf  522.814270  22.865131    4.010170     0.117711   64.950951     8.059216 -0.012573  0.119119
10  11.073413   inf  532.260132  23.070763    4.138262     0.122601   68.939217     8.302964 -0.030746  0.103265
11  11.145477   inf  530.835205  23.039862    4.259310     0.127700   72.865227     8.536113 -0.027941  0.108704
12  11.235292   inf  532.294128  23.071501    4.376279     0.132387   76.583061     8.751175 -0.030753  0.107043
