2024-08-22 13:49:20,615 - INFO - Log directory: ./libcity/log
2024-08-22 13:49:20,616 - INFO - Begin pipeline, task=MTS_pred, model_name=STGCN, dataset_name=cloud, exp_id=66412
2024-08-22 13:49:20,616 - INFO - {'task': 'MTS_pred', 'model': 'STGCN', 'dataset': 'cloud', 'saved_model': True, 'seed': 0, 'max_epoch': 1, 'dataset_class': 'StatePointDataset', 'executor': 'StateExecutor', 'evaluator': 'StateEvaluator', 'Ks': 3, 'Kt': 3, 'blocks': [[1, 32, 64], [64, 32, 128]], 'dropout': 0, 'graph_conv_type': 'chebconv', 'stgcn_train_mode': 'quick', 'bidir_adj_mx': True, 'scaler': 'standard', 'load_external': False, 'normal_external': False, 'ext_scaler': 'none', 'add_time_in_day': False, 'add_day_in_week': False, 'learner': 'rmsprop', 'learning_rate': 0.001, 'lr_decay': True, 'lr_scheduler': 'steplr', 'lr_decay_ratio': 0.7, 'step_size': 5, 'clip_grad_norm': False, 'use_early_stop': False, 'batch_size': 64, 'cache_dataset': True, 'num_workers': 0, 'pad_with_last_sample': True, 'train_rate': 0.7, 'eval_rate': 0.1, 'input_window': 12, 'output_window': 12, 'robustness_test': False, 'noise_type': 'gaussian', 'disturb_rate': 0.5, 'noise_mean': [5], 'noise_SD': [10], 'gpu': True, 'gpu_id': 0, 'train_loss': 'none', 'epoch': 0, 'weight_decay': 0, 'lr_epsilon': 1e-08, 'lr_beta1': 0.9, 'lr_beta2': 0.999, 'lr_alpha': 0.99, 'lr_momentum': 0, 'steps': [5, 20, 40, 70], 'lr_T_max': 30, 'lr_eta_min': 0, 'lr_patience': 10, 'lr_threshold': 0.0001, 'max_grad_norm': 1.0, 'patience': 50, 'log_level': 'INFO', 'log_every': 1, 'load_best_epoch': True, 'hyper_tune': False, 'metrics': ['MAE', 'MAPE', 'RMSE'], 'evaluator_mode': 'single', 'save_mode': ['csv'], 'geo': {'including_types': ['Point'], 'Point': {}}, 'rel': {'including_types': ['geo'], 'geo': {'cost': 'num'}}, 'dyna': {'including_types': ['state'], 'state': {'entity_id': 'geo_id', 'traffic_speed': 'num'}}, 'data_col': ['traffic_speed'], 'weight_col': 'cost', 'data_files': ['cloud'], 'geo_file': 'cloud', 'rel_file': 'cloud', 'output_dim': 1, 'time_intervals': 300, 'init_weight_inf_or_zero': 'inf', 'set_weight_link_or_dist': 'dist', 'calculate_weight_adj': True, 'weight_adj_epsilon': 0.1, 'device': device(type='cuda', index=0), 'exp_id': 66412}
2024-08-22 13:49:24,321 - INFO - Loaded file cloud_feature.csv, shape=(3322, 2048, 1)
2024-08-22 13:49:27,271 - INFO - Dataset created
2024-08-22 13:49:27,271 - INFO - x shape: (3299, 12, 2048, 1), y shape: (3299, 12, 2048, 1)
2024-08-22 13:49:27,277 - INFO - train	x: (2309, 12, 2048, 1), y: (2309, 12, 2048, 1)
2024-08-22 13:49:27,277 - INFO - eval	x: (330, 12, 2048, 1), y: (330, 12, 2048, 1)
2024-08-22 13:49:27,277 - INFO - test	x: (660, 12, 2048, 1), y: (660, 12, 2048, 1)
2024-08-22 13:51:11,471 - INFO - Saved at ./libcity/cache/dataset_cache/point_based_cloud_12_12_0.7_0.1_standard_64_False_False_False_True.npz
2024-08-22 13:51:11,887 - INFO - StandardScaler mean: 0.6730361005208646, std: 0.3631566026517174
2024-08-22 13:51:11,887 - INFO - NoneScaler
2024-08-22 13:51:14,617 - INFO - You select quick mode to train STGCN model.
2024-08-22 13:51:32,724 - INFO - Chebyshev_polynomial_Lk shape: (3, 2048, 2048)
2024-08-22 13:51:32,952 - INFO - STGCN(
  (st_conv1): STConvBlock(
    (tconv1): TemporalConvLayer(
      (align): Align()
      (conv): Conv2d(1, 64, kernel_size=(3, 1), stride=(1, 1))
    )
    (sconv): SpatioConvLayer(
      (align): Align()
    )
    (tconv2): TemporalConvLayer(
      (align): Align()
      (conv): Conv2d(32, 64, kernel_size=(3, 1), stride=(1, 1))
    )
    (ln): LayerNorm((2048, 64), eps=1e-05, elementwise_affine=True)
    (dropout): Dropout(p=0, inplace=False)
  )
  (st_conv2): STConvBlock(
    (tconv1): TemporalConvLayer(
      (align): Align(
        (conv1x1): Conv2d(64, 32, kernel_size=(1, 1), stride=(1, 1))
      )
      (conv): Conv2d(64, 64, kernel_size=(3, 1), stride=(1, 1))
    )
    (sconv): SpatioConvLayer(
      (align): Align()
    )
    (tconv2): TemporalConvLayer(
      (align): Align()
      (conv): Conv2d(32, 128, kernel_size=(3, 1), stride=(1, 1))
    )
    (ln): LayerNorm((2048, 128), eps=1e-05, elementwise_affine=True)
    (dropout): Dropout(p=0, inplace=False)
  )
  (output): OutputLayer(
    (tconv1): TemporalConvLayer(
      (align): Align()
      (conv): Conv2d(128, 256, kernel_size=(4, 1), stride=(1, 1))
    )
    (ln): LayerNorm((2048, 128), eps=1e-05, elementwise_affine=True)
    (tconv2): TemporalConvLayer(
      (align): Align()
      (conv): Conv2d(128, 128, kernel_size=(1, 1), stride=(1, 1))
    )
    (fc): FullyConvLayer(
      (conv): Conv2d(128, 1, kernel_size=(1, 1), stride=(1, 1))
    )
  )
)
2024-08-22 13:51:32,952 - INFO - st_conv1.tconv1.conv.weight	torch.Size([64, 1, 3, 1])	cuda:0	True
2024-08-22 13:51:32,952 - INFO - st_conv1.tconv1.conv.bias	torch.Size([64])	cuda:0	True
2024-08-22 13:51:32,952 - INFO - st_conv1.sconv.theta	torch.Size([32, 32, 3])	cuda:0	True
2024-08-22 13:51:32,952 - INFO - st_conv1.sconv.b	torch.Size([1, 32, 1, 1])	cuda:0	True
2024-08-22 13:51:32,952 - INFO - st_conv1.tconv2.conv.weight	torch.Size([64, 32, 3, 1])	cuda:0	True
2024-08-22 13:51:32,953 - INFO - st_conv1.tconv2.conv.bias	torch.Size([64])	cuda:0	True
2024-08-22 13:51:32,953 - INFO - st_conv1.ln.weight	torch.Size([2048, 64])	cuda:0	True
2024-08-22 13:51:32,953 - INFO - st_conv1.ln.bias	torch.Size([2048, 64])	cuda:0	True
2024-08-22 13:51:32,953 - INFO - st_conv2.tconv1.align.conv1x1.weight	torch.Size([32, 64, 1, 1])	cuda:0	True
2024-08-22 13:51:32,953 - INFO - st_conv2.tconv1.align.conv1x1.bias	torch.Size([32])	cuda:0	True
2024-08-22 13:51:32,953 - INFO - st_conv2.tconv1.conv.weight	torch.Size([64, 64, 3, 1])	cuda:0	True
2024-08-22 13:51:32,953 - INFO - st_conv2.tconv1.conv.bias	torch.Size([64])	cuda:0	True
2024-08-22 13:51:32,953 - INFO - st_conv2.sconv.theta	torch.Size([32, 32, 3])	cuda:0	True
2024-08-22 13:51:32,953 - INFO - st_conv2.sconv.b	torch.Size([1, 32, 1, 1])	cuda:0	True
2024-08-22 13:51:32,953 - INFO - st_conv2.tconv2.conv.weight	torch.Size([128, 32, 3, 1])	cuda:0	True
2024-08-22 13:51:32,953 - INFO - st_conv2.tconv2.conv.bias	torch.Size([128])	cuda:0	True
2024-08-22 13:51:32,953 - INFO - st_conv2.ln.weight	torch.Size([2048, 128])	cuda:0	True
2024-08-22 13:51:32,953 - INFO - st_conv2.ln.bias	torch.Size([2048, 128])	cuda:0	True
2024-08-22 13:51:32,953 - INFO - output.tconv1.conv.weight	torch.Size([256, 128, 4, 1])	cuda:0	True
2024-08-22 13:51:32,953 - INFO - output.tconv1.conv.bias	torch.Size([256])	cuda:0	True
2024-08-22 13:51:32,953 - INFO - output.ln.weight	torch.Size([2048, 128])	cuda:0	True
2024-08-22 13:51:32,953 - INFO - output.ln.bias	torch.Size([2048, 128])	cuda:0	True
2024-08-22 13:51:32,953 - INFO - output.tconv2.conv.weight	torch.Size([128, 128, 1, 1])	cuda:0	True
2024-08-22 13:51:32,954 - INFO - output.tconv2.conv.bias	torch.Size([128])	cuda:0	True
2024-08-22 13:51:32,954 - INFO - output.fc.conv.weight	torch.Size([1, 128, 1, 1])	cuda:0	True
2024-08-22 13:51:32,954 - INFO - output.fc.conv.bias	torch.Size([1])	cuda:0	True
2024-08-22 13:51:32,954 - INFO - Total parameter numbers: 1498209
2024-08-22 13:51:32,954 - INFO - You select `rmsprop` optimizer.
2024-08-22 13:51:33,581 - INFO - You select `steplr` lr_scheduler.
2024-08-22 13:51:33,581 - WARNING - Received none train loss func and will use the loss func defined in the model.
2024-08-22 13:51:33,582 - INFO - Start training ...
2024-08-22 13:51:33,582 - INFO - num_batches:37
2024-08-22 13:52:04,654 - INFO - epoch complete!
2024-08-22 13:52:04,655 - INFO - evaluating now!
2024-08-22 13:52:24,089 - INFO - Epoch [0/1] train_loss: 0.0999, val_loss: 0.1002, lr: 0.001000, 50.51s
2024-08-22 13:52:24,113 - INFO - Saved model at 0
2024-08-22 13:52:24,113 - INFO - Val loss decrease from inf to 0.1002, saving to ./libcity/cache/66412/model_cache/STGCN_cloud_epoch0.tar
2024-08-22 13:52:24,113 - INFO - Trained totally 1 epochs, average train time is 31.072s, average eval time is 19.434s
2024-08-22 13:52:24,129 - INFO - Loaded model at 0
2024-08-22 13:52:24,129 - INFO - Saved model at ./libcity/cache/66412/model_cache/STGCN_cloud.m
2024-08-22 13:52:24,149 - INFO - Start evaluating ...
2024-08-22 13:53:17,013 - INFO - Note that you select the single mode to evaluate!
2024-08-22 13:53:17,018 - INFO - Evaluate result is saved at ./libcity/cache/66412/evaluate_cache/2024_08_22_13_53_17_STGCN_cloud.csv
2024-08-22 13:53:17,025 - INFO - 
         MAE      MAPE      RMSE
1   0.232830  5.648859  0.288234
2   0.238010  5.770846  0.293241
3   0.240366  5.726460  0.295962
4   0.241134  5.733663  0.297540
5   0.241387  5.729180  0.298655
6   0.241460  5.725286  0.299492
7   0.241522  5.728822  0.300147
8   0.241620  5.725911  0.300700
9   0.241748  5.731127  0.301210
10  0.241808  5.723019  0.301591
11  0.241810  5.727762  0.301878
12  0.241812  5.727575  0.302147
