2024-09-01 15:17:54,288 - INFO - Log directory: ./libcity/log
2024-09-01 15:17:54,288 - INFO - Begin pipeline, task=MTS_pred, model_name=GWNET, dataset_name=METR_LA, exp_id=6825
2024-09-01 15:17:54,288 - INFO - {'task': 'MTS_pred', 'model': 'GWNET', 'dataset': 'METR_LA', 'saved_model': True, 'seed': 0, 'max_epoch': 1, 'dataset_class': 'StatePointDataset', 'executor': 'StateExecutor', 'evaluator': 'StateEvaluator', 'dropout': 0.3, 'blocks': 4, 'layers': 2, 'apt_layer': True, 'gcn_bool': True, 'addaptadj': True, 'adjtype': 'doubletransition', 'bidir_adj_mx': False, 'randomadj': True, 'aptonly': True, 'kernel_size': 2, 'nhid': 32, 'residual_channels': 32, 'dilation_channels': 32, 'skip_channels': 256, 'end_channels': 512, 'scaler': 'standard', 'load_external': False, 'normal_external': False, 'ext_scaler': 'none', 'add_time_in_day': False, 'add_day_in_week': False, 'learner': 'adam', 'learning_rate': 0.001, 'lr_decay': False, 'clip_grad_norm': True, 'max_grad_norm': 5, 'use_early_stop': False, 'batch_size': 64, 'cache_dataset': True, 'num_workers': 0, 'pad_with_last_sample': True, 'train_rate': 0.7, 'eval_rate': 0.1, 'input_window': 12, 'output_window': 12, 'robustness_test': False, 'noise_type': 'gaussian', 'disturb_rate': 0.5, 'noise_mean': [5], 'noise_SD': [10], 'gpu': True, 'gpu_id': 0, 'train_loss': 'none', 'epoch': 0, 'weight_decay': 0, 'lr_epsilon': 1e-08, 'lr_beta1': 0.9, 'lr_beta2': 0.999, 'lr_alpha': 0.99, 'lr_momentum': 0, 'lr_scheduler': 'multisteplr', 'lr_decay_ratio': 0.1, 'steps': [5, 20, 40, 70], 'step_size': 10, 'lr_T_max': 30, 'lr_eta_min': 0, 'lr_patience': 10, 'lr_threshold': 0.0001, 'patience': 50, 'log_level': 'INFO', 'log_every': 1, 'load_best_epoch': True, 'hyper_tune': False, 'metrics': ['MAE', 'MAPE', 'RMSE'], 'evaluator_mode': 'single', 'save_mode': ['csv'], 'geo': {'including_types': ['Point'], 'Point': {}}, 'rel': {'including_types': ['geo'], 'geo': {'cost': 'num'}}, 'dyna': {'including_types': ['state'], 'state': {'entity_id': 'geo_id', 'traffic_speed': 'num'}}, 'data_col': ['traffic_speed'], 'weight_col': 'cost', 'data_files': ['METR_LA'], 'geo_file': 'METR_LA', 'rel_file': 'METR_LA', 'output_dim': 1, 'time_intervals': 300, 'init_weight_inf_or_zero': 'inf', 'set_weight_link_or_dist': 'dist', 'calculate_weight_adj': True, 'weight_adj_epsilon': 0.1, 'device': device(type='cuda', index=0), 'exp_id': 6825}
2024-09-01 15:17:54,804 - INFO - Loaded file METR_LA_feature.csv, shape=(34272, 207, 1)
2024-09-01 15:17:56,035 - INFO - Dataset created
2024-09-01 15:17:56,035 - INFO - x shape: (34249, 12, 207, 1), y shape: (34249, 12, 207, 1)
2024-09-01 15:17:56,039 - INFO - train	x: (23974, 12, 207, 1), y: (23974, 12, 207, 1)
2024-09-01 15:17:56,039 - INFO - eval	x: (3425, 12, 207, 1), y: (3425, 12, 207, 1)
2024-09-01 15:17:56,039 - INFO - test	x: (6850, 12, 207, 1), y: (6850, 12, 207, 1)
2024-09-01 15:18:09,892 - INFO - Saved at ./libcity/cache/dataset_cache/point_based_METR_LA_12_12_0.7_0.1_standard_64_False_False_False_True.npz
2024-09-01 15:18:10,089 - INFO - StandardScaler mean: 54.40592829587626, std: 19.493739270573098
2024-09-01 15:18:10,089 - INFO - NoneScaler
2024-09-01 15:18:11,239 - INFO - receptive_field: 13
2024-09-01 15:18:11,450 - INFO - GWNET(
  (filter_convs): ModuleList(
    (0): Conv2d(32, 32, kernel_size=(1, 2), stride=(1, 1))
    (1): Conv2d(32, 32, kernel_size=(1, 2), stride=(1, 1), dilation=(2, 2))
    (2): Conv2d(32, 32, kernel_size=(1, 2), stride=(1, 1))
    (3): Conv2d(32, 32, kernel_size=(1, 2), stride=(1, 1), dilation=(2, 2))
    (4): Conv2d(32, 32, kernel_size=(1, 2), stride=(1, 1))
    (5): Conv2d(32, 32, kernel_size=(1, 2), stride=(1, 1), dilation=(2, 2))
    (6): Conv2d(32, 32, kernel_size=(1, 2), stride=(1, 1))
    (7): Conv2d(32, 32, kernel_size=(1, 2), stride=(1, 1), dilation=(2, 2))
  )
  (gate_convs): ModuleList(
    (0): Conv2d(32, 32, kernel_size=(1, 2), stride=(1, 1))
    (1): Conv2d(32, 32, kernel_size=(1, 2), stride=(1, 1), dilation=(2, 2))
    (2): Conv2d(32, 32, kernel_size=(1, 2), stride=(1, 1))
    (3): Conv2d(32, 32, kernel_size=(1, 2), stride=(1, 1), dilation=(2, 2))
    (4): Conv2d(32, 32, kernel_size=(1, 2), stride=(1, 1))
    (5): Conv2d(32, 32, kernel_size=(1, 2), stride=(1, 1), dilation=(2, 2))
    (6): Conv2d(32, 32, kernel_size=(1, 2), stride=(1, 1))
    (7): Conv2d(32, 32, kernel_size=(1, 2), stride=(1, 1), dilation=(2, 2))
  )
  (residual_convs): ModuleList(
    (0-7): 8 x Conv2d(32, 32, kernel_size=(1, 1), stride=(1, 1))
  )
  (skip_convs): ModuleList(
    (0-7): 8 x Conv2d(32, 256, kernel_size=(1, 1), stride=(1, 1))
  )
  (bn): ModuleList(
    (0-7): 8 x BatchNorm2d(32, eps=1e-05, momentum=0.1, affine=True, track_running_stats=True)
  )
  (gconv): ModuleList(
    (0-7): 8 x GCN(
      (nconv): NConv()
      (mlp): Linear(
        (mlp): Conv2d(96, 32, kernel_size=(1, 1), stride=(1, 1))
      )
    )
  )
  (start_conv): Conv2d(1, 32, kernel_size=(1, 1), stride=(1, 1))
  (end_conv_1): Conv2d(256, 512, kernel_size=(1, 1), stride=(1, 1))
  (end_conv_2): Conv2d(512, 12, kernel_size=(1, 1), stride=(1, 1))
)
2024-09-01 15:18:11,451 - INFO - nodevec1	torch.Size([207, 10])	cuda:0	True
2024-09-01 15:18:11,451 - INFO - nodevec2	torch.Size([10, 207])	cuda:0	True
2024-09-01 15:18:11,451 - INFO - filter_convs.0.weight	torch.Size([32, 32, 1, 2])	cuda:0	True
2024-09-01 15:18:11,451 - INFO - filter_convs.0.bias	torch.Size([32])	cuda:0	True
2024-09-01 15:18:11,451 - INFO - filter_convs.1.weight	torch.Size([32, 32, 1, 2])	cuda:0	True
2024-09-01 15:18:11,451 - INFO - filter_convs.1.bias	torch.Size([32])	cuda:0	True
2024-09-01 15:18:11,451 - INFO - filter_convs.2.weight	torch.Size([32, 32, 1, 2])	cuda:0	True
2024-09-01 15:18:11,451 - INFO - filter_convs.2.bias	torch.Size([32])	cuda:0	True
2024-09-01 15:18:11,451 - INFO - filter_convs.3.weight	torch.Size([32, 32, 1, 2])	cuda:0	True
2024-09-01 15:18:11,451 - INFO - filter_convs.3.bias	torch.Size([32])	cuda:0	True
2024-09-01 15:18:11,451 - INFO - filter_convs.4.weight	torch.Size([32, 32, 1, 2])	cuda:0	True
2024-09-01 15:18:11,451 - INFO - filter_convs.4.bias	torch.Size([32])	cuda:0	True
2024-09-01 15:18:11,451 - INFO - filter_convs.5.weight	torch.Size([32, 32, 1, 2])	cuda:0	True
2024-09-01 15:18:11,451 - INFO - filter_convs.5.bias	torch.Size([32])	cuda:0	True
2024-09-01 15:18:11,451 - INFO - filter_convs.6.weight	torch.Size([32, 32, 1, 2])	cuda:0	True
2024-09-01 15:18:11,451 - INFO - filter_convs.6.bias	torch.Size([32])	cuda:0	True
2024-09-01 15:18:11,451 - INFO - filter_convs.7.weight	torch.Size([32, 32, 1, 2])	cuda:0	True
2024-09-01 15:18:11,451 - INFO - filter_convs.7.bias	torch.Size([32])	cuda:0	True
2024-09-01 15:18:11,452 - INFO - gate_convs.0.weight	torch.Size([32, 32, 1, 2])	cuda:0	True
2024-09-01 15:18:11,452 - INFO - gate_convs.0.bias	torch.Size([32])	cuda:0	True
2024-09-01 15:18:11,452 - INFO - gate_convs.1.weight	torch.Size([32, 32, 1, 2])	cuda:0	True
2024-09-01 15:18:11,452 - INFO - gate_convs.1.bias	torch.Size([32])	cuda:0	True
2024-09-01 15:18:11,452 - INFO - gate_convs.2.weight	torch.Size([32, 32, 1, 2])	cuda:0	True
2024-09-01 15:18:11,452 - INFO - gate_convs.2.bias	torch.Size([32])	cuda:0	True
2024-09-01 15:18:11,452 - INFO - gate_convs.3.weight	torch.Size([32, 32, 1, 2])	cuda:0	True
2024-09-01 15:18:11,452 - INFO - gate_convs.3.bias	torch.Size([32])	cuda:0	True
2024-09-01 15:18:11,452 - INFO - gate_convs.4.weight	torch.Size([32, 32, 1, 2])	cuda:0	True
2024-09-01 15:18:11,452 - INFO - gate_convs.4.bias	torch.Size([32])	cuda:0	True
2024-09-01 15:18:11,452 - INFO - gate_convs.5.weight	torch.Size([32, 32, 1, 2])	cuda:0	True
2024-09-01 15:18:11,452 - INFO - gate_convs.5.bias	torch.Size([32])	cuda:0	True
2024-09-01 15:18:11,452 - INFO - gate_convs.6.weight	torch.Size([32, 32, 1, 2])	cuda:0	True
2024-09-01 15:18:11,452 - INFO - gate_convs.6.bias	torch.Size([32])	cuda:0	True
2024-09-01 15:18:11,452 - INFO - gate_convs.7.weight	torch.Size([32, 32, 1, 2])	cuda:0	True
2024-09-01 15:18:11,452 - INFO - gate_convs.7.bias	torch.Size([32])	cuda:0	True
2024-09-01 15:18:11,452 - INFO - residual_convs.0.weight	torch.Size([32, 32, 1, 1])	cuda:0	True
2024-09-01 15:18:11,452 - INFO - residual_convs.0.bias	torch.Size([32])	cuda:0	True
2024-09-01 15:18:11,452 - INFO - residual_convs.1.weight	torch.Size([32, 32, 1, 1])	cuda:0	True
2024-09-01 15:18:11,452 - INFO - residual_convs.1.bias	torch.Size([32])	cuda:0	True
2024-09-01 15:18:11,452 - INFO - residual_convs.2.weight	torch.Size([32, 32, 1, 1])	cuda:0	True
2024-09-01 15:18:11,452 - INFO - residual_convs.2.bias	torch.Size([32])	cuda:0	True
2024-09-01 15:18:11,452 - INFO - residual_convs.3.weight	torch.Size([32, 32, 1, 1])	cuda:0	True
2024-09-01 15:18:11,452 - INFO - residual_convs.3.bias	torch.Size([32])	cuda:0	True
2024-09-01 15:18:11,452 - INFO - residual_convs.4.weight	torch.Size([32, 32, 1, 1])	cuda:0	True
2024-09-01 15:18:11,452 - INFO - residual_convs.4.bias	torch.Size([32])	cuda:0	True
2024-09-01 15:18:11,453 - INFO - residual_convs.5.weight	torch.Size([32, 32, 1, 1])	cuda:0	True
2024-09-01 15:18:11,453 - INFO - residual_convs.5.bias	torch.Size([32])	cuda:0	True
2024-09-01 15:18:11,453 - INFO - residual_convs.6.weight	torch.Size([32, 32, 1, 1])	cuda:0	True
2024-09-01 15:18:11,453 - INFO - residual_convs.6.bias	torch.Size([32])	cuda:0	True
2024-09-01 15:18:11,453 - INFO - residual_convs.7.weight	torch.Size([32, 32, 1, 1])	cuda:0	True
2024-09-01 15:18:11,453 - INFO - residual_convs.7.bias	torch.Size([32])	cuda:0	True
2024-09-01 15:18:11,453 - INFO - skip_convs.0.weight	torch.Size([256, 32, 1, 1])	cuda:0	True
2024-09-01 15:18:11,453 - INFO - skip_convs.0.bias	torch.Size([256])	cuda:0	True
2024-09-01 15:18:11,453 - INFO - skip_convs.1.weight	torch.Size([256, 32, 1, 1])	cuda:0	True
2024-09-01 15:18:11,453 - INFO - skip_convs.1.bias	torch.Size([256])	cuda:0	True
2024-09-01 15:18:11,453 - INFO - skip_convs.2.weight	torch.Size([256, 32, 1, 1])	cuda:0	True
2024-09-01 15:18:11,453 - INFO - skip_convs.2.bias	torch.Size([256])	cuda:0	True
2024-09-01 15:18:11,453 - INFO - skip_convs.3.weight	torch.Size([256, 32, 1, 1])	cuda:0	True
2024-09-01 15:18:11,453 - INFO - skip_convs.3.bias	torch.Size([256])	cuda:0	True
2024-09-01 15:18:11,453 - INFO - skip_convs.4.weight	torch.Size([256, 32, 1, 1])	cuda:0	True
2024-09-01 15:18:11,453 - INFO - skip_convs.4.bias	torch.Size([256])	cuda:0	True
2024-09-01 15:18:11,453 - INFO - skip_convs.5.weight	torch.Size([256, 32, 1, 1])	cuda:0	True
2024-09-01 15:18:11,453 - INFO - skip_convs.5.bias	torch.Size([256])	cuda:0	True
2024-09-01 15:18:11,453 - INFO - skip_convs.6.weight	torch.Size([256, 32, 1, 1])	cuda:0	True
2024-09-01 15:18:11,453 - INFO - skip_convs.6.bias	torch.Size([256])	cuda:0	True
2024-09-01 15:18:11,453 - INFO - skip_convs.7.weight	torch.Size([256, 32, 1, 1])	cuda:0	True
2024-09-01 15:18:11,453 - INFO - skip_convs.7.bias	torch.Size([256])	cuda:0	True
2024-09-01 15:18:11,453 - INFO - bn.0.weight	torch.Size([32])	cuda:0	True
2024-09-01 15:18:11,453 - INFO - bn.0.bias	torch.Size([32])	cuda:0	True
2024-09-01 15:18:11,453 - INFO - bn.1.weight	torch.Size([32])	cuda:0	True
2024-09-01 15:18:11,453 - INFO - bn.1.bias	torch.Size([32])	cuda:0	True
2024-09-01 15:18:11,453 - INFO - bn.2.weight	torch.Size([32])	cuda:0	True
2024-09-01 15:18:11,454 - INFO - bn.2.bias	torch.Size([32])	cuda:0	True
2024-09-01 15:18:11,454 - INFO - bn.3.weight	torch.Size([32])	cuda:0	True
2024-09-01 15:18:11,454 - INFO - bn.3.bias	torch.Size([32])	cuda:0	True
2024-09-01 15:18:11,454 - INFO - bn.4.weight	torch.Size([32])	cuda:0	True
2024-09-01 15:18:11,454 - INFO - bn.4.bias	torch.Size([32])	cuda:0	True
2024-09-01 15:18:11,454 - INFO - bn.5.weight	torch.Size([32])	cuda:0	True
2024-09-01 15:18:11,454 - INFO - bn.5.bias	torch.Size([32])	cuda:0	True
2024-09-01 15:18:11,454 - INFO - bn.6.weight	torch.Size([32])	cuda:0	True
2024-09-01 15:18:11,454 - INFO - bn.6.bias	torch.Size([32])	cuda:0	True
2024-09-01 15:18:11,454 - INFO - bn.7.weight	torch.Size([32])	cuda:0	True
2024-09-01 15:18:11,454 - INFO - bn.7.bias	torch.Size([32])	cuda:0	True
2024-09-01 15:18:11,454 - INFO - gconv.0.mlp.mlp.weight	torch.Size([32, 96, 1, 1])	cuda:0	True
2024-09-01 15:18:11,454 - INFO - gconv.0.mlp.mlp.bias	torch.Size([32])	cuda:0	True
2024-09-01 15:18:11,454 - INFO - gconv.1.mlp.mlp.weight	torch.Size([32, 96, 1, 1])	cuda:0	True
2024-09-01 15:18:11,454 - INFO - gconv.1.mlp.mlp.bias	torch.Size([32])	cuda:0	True
2024-09-01 15:18:11,454 - INFO - gconv.2.mlp.mlp.weight	torch.Size([32, 96, 1, 1])	cuda:0	True
2024-09-01 15:18:11,454 - INFO - gconv.2.mlp.mlp.bias	torch.Size([32])	cuda:0	True
2024-09-01 15:18:11,454 - INFO - gconv.3.mlp.mlp.weight	torch.Size([32, 96, 1, 1])	cuda:0	True
2024-09-01 15:18:11,454 - INFO - gconv.3.mlp.mlp.bias	torch.Size([32])	cuda:0	True
2024-09-01 15:18:11,454 - INFO - gconv.4.mlp.mlp.weight	torch.Size([32, 96, 1, 1])	cuda:0	True
2024-09-01 15:18:11,454 - INFO - gconv.4.mlp.mlp.bias	torch.Size([32])	cuda:0	True
2024-09-01 15:18:11,454 - INFO - gconv.5.mlp.mlp.weight	torch.Size([32, 96, 1, 1])	cuda:0	True
2024-09-01 15:18:11,454 - INFO - gconv.5.mlp.mlp.bias	torch.Size([32])	cuda:0	True
2024-09-01 15:18:11,454 - INFO - gconv.6.mlp.mlp.weight	torch.Size([32, 96, 1, 1])	cuda:0	True
2024-09-01 15:18:11,454 - INFO - gconv.6.mlp.mlp.bias	torch.Size([32])	cuda:0	True
2024-09-01 15:18:11,455 - INFO - gconv.7.mlp.mlp.weight	torch.Size([32, 96, 1, 1])	cuda:0	True
2024-09-01 15:18:11,455 - INFO - gconv.7.mlp.mlp.bias	torch.Size([32])	cuda:0	True
2024-09-01 15:18:11,455 - INFO - start_conv.weight	torch.Size([32, 1, 1, 1])	cuda:0	True
2024-09-01 15:18:11,455 - INFO - start_conv.bias	torch.Size([32])	cuda:0	True
2024-09-01 15:18:11,455 - INFO - end_conv_1.weight	torch.Size([512, 256, 1, 1])	cuda:0	True
2024-09-01 15:18:11,455 - INFO - end_conv_1.bias	torch.Size([512])	cuda:0	True
2024-09-01 15:18:11,455 - INFO - end_conv_2.weight	torch.Size([12, 512, 1, 1])	cuda:0	True
2024-09-01 15:18:11,455 - INFO - end_conv_2.bias	torch.Size([12])	cuda:0	True
2024-09-01 15:18:11,455 - INFO - Total parameter numbers: 276600
2024-09-01 15:18:11,455 - INFO - You select `adam` optimizer.
2024-09-01 15:18:11,884 - WARNING - Received none train loss func and will use the loss func defined in the model.
2024-09-01 15:18:11,884 - INFO - Start training ...
2024-09-01 15:18:11,884 - INFO - num_batches:375
2024-09-01 15:21:25,869 - INFO - epoch complete!
2024-09-01 15:21:25,869 - INFO - evaluating now!
2024-09-01 15:21:34,980 - INFO - Epoch [0/1] train_loss: 4.0150, val_loss: 3.5978, lr: 0.001000, 203.10s
2024-09-01 15:21:35,003 - INFO - Saved model at 0
2024-09-01 15:21:35,003 - INFO - Val loss decrease from inf to 3.5978, saving to ./libcity/cache/6825/model_cache/GWNET_METR_LA_epoch0.tar
2024-09-01 15:21:35,003 - INFO - Trained totally 1 epochs, average train time is 193.984s, average eval time is 9.111s
2024-09-01 15:21:35,422 - INFO - Loaded model at 0
2024-09-01 15:21:35,423 - INFO - Saved model at ./libcity/cache/6825/model_cache/GWNET_METR_LA.m
2024-09-01 15:21:35,448 - INFO - Start evaluating ...
2024-09-01 15:22:00,593 - INFO - Note that you select the single mode to evaluate!
2024-09-01 15:22:00,595 - INFO - Evaluate result is saved at ./libcity/cache/6825/evaluate_cache/2024_09_01_15_22_00_GWNET_METR_LA.csv
2024-09-01 15:22:00,599 - INFO - 
         MAE      MAPE      RMSE
1   2.601738  0.062417  4.509696
2   2.799970  0.068726  5.064754
3   2.958352  0.073813  5.506037
4   3.097984  0.078457  5.885371
5   3.219903  0.082648  6.220478
6   3.342296  0.086731  6.529414
7   3.454813  0.090589  6.808654
8   3.565276  0.094294  7.070478
9   3.669428  0.097848  7.315215
10  3.774775  0.101361  7.549010
11  3.872813  0.104711  7.767691
12  3.968635  0.108021  7.974942
