2024-08-20 15:09:56,604 - INFO - Log directory: ./libcity/log
2024-08-20 15:09:56,605 - INFO - Begin pipeline, task=MTS_pred, model_name=HGCN, dataset_name=METR_LA, exp_id=7
2024-08-20 15:09:56,605 - INFO - {'task': 'MTS_pred', 'model': 'HGCN', 'dataset': 'METR_LA', 'saved_model': True, 'exp_id': '7', 'seed': 0, 'gpu_id': 2, 'max_epoch': 150, 'dataset_class': 'HGCNDataset', 'executor': 'StateExecutor', 'evaluator': 'StateEvaluator', 'cluster_nodes': 10, 'nhid': 32, 'dropout': 0.3, 'channels': 32, 'skip_channels': 256, 'end_channels': 512, 'adjtype': 'doubletransition', 'scaler': 'standard', 'load_external': True, 'normal_external': False, 'ext_scaler': 'none', 'add_time_in_day': True, 'add_day_in_week': False, 'learner': 'adam', 'weight_decay': 0.0, 'learning_rate': 0.001, 'lr_decay': True, 'lr_scheduler': 'exponentiallr', 'lr_decay_ratio': 0.92, 'use_early_stop': True, 'patience': 50, 'batch_size': 64, 'cache_dataset': True, 'num_workers': 0, 'pad_with_last_sample': True, 'train_rate': 0.7, 'eval_rate': 0.1, 'input_window': 12, 'output_window': 12, 'gpu': True, 'train_loss': 'none', 'epoch': 0, 'lr_epsilon': 1e-08, 'lr_beta1': 0.9, 'lr_beta2': 0.999, 'lr_alpha': 0.99, 'lr_momentum': 0, 'steps': [5, 20, 40, 70], 'step_size': 10, 'lr_T_max': 30, 'lr_eta_min': 0, 'lr_patience': 10, 'lr_threshold': 0.0001, 'clip_grad_norm': False, 'max_grad_norm': 1.0, 'log_level': 'INFO', 'log_every': 1, 'load_best_epoch': True, 'hyper_tune': False, 'metrics': ['MAE', 'MAPE', 'RMSE'], 'evaluator_mode': 'single', 'save_mode': ['csv'], 'geo': {'including_types': ['Point'], 'Point': {}}, 'rel': {'including_types': ['geo'], 'geo': {'cost': 'num'}}, 'dyna': {'including_types': ['state'], 'state': {'entity_id': 'geo_id', 'traffic_speed': 'num'}}, 'data_col': ['traffic_speed'], 'weight_col': 'cost', 'data_files': ['METR_LA'], 'geo_file': 'METR_LA', 'rel_file': 'METR_LA', 'output_dim': 1, 'time_intervals': 300, 'init_weight_inf_or_zero': 'inf', 'set_weight_link_or_dist': 'dist', 'calculate_weight_adj': True, 'weight_adj_epsilon': 0.1, 'device': device(type='cuda', index=2)}
2024-08-20 15:09:56,752 - INFO - Loaded file METR_LA.geo, num_nodes=207
2024-08-20 15:09:56,760 - INFO - set_weight_link_or_dist: dist
2024-08-20 15:09:56,760 - INFO - init_weight_inf_or_zero: inf
2024-08-20 15:09:56,798 - INFO - Loaded file METR_LA.rel, shape=(207, 207)
2024-08-20 15:09:56,799 - INFO - Start Calculate the weight by Gauss kernel!
2024-08-20 15:09:56,800 - INFO - Start Calculate the adj_max_cluster!
2024-08-20 15:09:56,871 - INFO - Loading file METR_LA.dyna
2024-08-20 15:10:02,775 - INFO - Loaded file METR_LA.dyna, shape=(34272, 207, 1)
2024-08-20 15:10:05,373 - INFO - Dataset created
2024-08-20 15:10:05,373 - INFO - x shape: (34249, 12, 207, 1), y shape: (34249, 12, 207, 1)
2024-08-20 15:10:05,377 - INFO - train	x: (23974, 12, 207, 1), y: (23974, 12, 207, 1)
2024-08-20 15:10:05,377 - INFO - eval	x: (3425, 12, 207, 1), y: (3425, 12, 207, 1)
2024-08-20 15:10:05,377 - INFO - test	x: (6850, 12, 207, 1), y: (6850, 12, 207, 1)
2024-08-20 15:10:26,780 - INFO - Saved at ./libcity/cache/dataset_cache/point_based_METR_LA_12_12_0.7_0.1_standard_64_True_True_False_True.npz
2024-08-20 15:10:27,317 - INFO - StandardScaler mean: 54.40592829587626, std: 19.493739270573098
2024-08-20 15:10:27,317 - INFO - NoneScaler
2024-08-20 15:10:32,382 - INFO - HGCN(
  (start_conv): Conv2d(1, 32, kernel_size=(1, 1), stride=(1, 1))
  (start_conv_cluster): Conv2d(1, 32, kernel_size=(1, 1), stride=(1, 1))
  (block1): GCNPool(
    (time_conv): Conv2d(64, 64, kernel_size=(1, 3), stride=(1, 1), dilation=(2, 2))
    (multigcn): multi_gcn_time(
      (nconv): nconv()
      (mlp): linear_time(
        (mlp): Conv2d(224, 64, kernel_size=(1, 3), stride=(1, 1))
      )
    )
    (TAT): TATT_1(
      (conv1): Conv2d(32, 1, kernel_size=(1, 1), stride=(1, 1), bias=False)
      (conv2): Conv2d(207, 1, kernel_size=(1, 1), stride=(1, 1), bias=False)
      (bn): BatchNorm1d(6, eps=1e-05, momentum=0.1, affine=True, track_running_stats=True)
    )
    (bn): BatchNorm2d(32, eps=1e-05, momentum=0.1, affine=True, track_running_stats=True)
    (conv1): Conv2d(64, 32, kernel_size=(1, 1), stride=(1, 1))
  )
  (block2): GCNPool(
    (time_conv): Conv2d(64, 64, kernel_size=(1, 2), stride=(1, 1), dilation=(2, 2))
    (multigcn): multi_gcn_time(
      (nconv): nconv()
      (mlp): linear_time(
        (mlp): Conv2d(224, 64, kernel_size=(1, 2), stride=(1, 1))
      )
    )
    (TAT): TATT_1(
      (conv1): Conv2d(32, 1, kernel_size=(1, 1), stride=(1, 1), bias=False)
      (conv2): Conv2d(207, 1, kernel_size=(1, 1), stride=(1, 1), bias=False)
      (bn): BatchNorm1d(3, eps=1e-05, momentum=0.1, affine=True, track_running_stats=True)
    )
    (bn): BatchNorm2d(32, eps=1e-05, momentum=0.1, affine=True, track_running_stats=True)
    (conv1): Conv2d(64, 32, kernel_size=(1, 1), stride=(1, 1))
  )
  (block_cluster1): GCNPool(
    (time_conv): Conv2d(32, 64, kernel_size=(1, 3), stride=(1, 1), dilation=(2, 2))
    (multigcn): multi_gcn_time(
      (nconv): nconv()
      (mlp): linear_time(
        (mlp): Conv2d(224, 64, kernel_size=(1, 3), stride=(1, 1))
      )
    )
    (TAT): TATT_1(
      (conv1): Conv2d(32, 1, kernel_size=(1, 1), stride=(1, 1), bias=False)
      (conv2): Conv2d(10, 1, kernel_size=(1, 1), stride=(1, 1), bias=False)
      (bn): BatchNorm1d(6, eps=1e-05, momentum=0.1, affine=True, track_running_stats=True)
    )
    (bn): BatchNorm2d(32, eps=1e-05, momentum=0.1, affine=True, track_running_stats=True)
    (conv1): Conv2d(32, 32, kernel_size=(1, 1), stride=(1, 1))
  )
  (block_cluster2): GCNPool(
    (time_conv): Conv2d(32, 64, kernel_size=(1, 2), stride=(1, 1), dilation=(2, 2))
    (multigcn): multi_gcn_time(
      (nconv): nconv()
      (mlp): linear_time(
        (mlp): Conv2d(224, 64, kernel_size=(1, 2), stride=(1, 1))
      )
    )
    (TAT): TATT_1(
      (conv1): Conv2d(32, 1, kernel_size=(1, 1), stride=(1, 1), bias=False)
      (conv2): Conv2d(10, 1, kernel_size=(1, 1), stride=(1, 1), bias=False)
      (bn): BatchNorm1d(3, eps=1e-05, momentum=0.1, affine=True, track_running_stats=True)
    )
    (bn): BatchNorm2d(32, eps=1e-05, momentum=0.1, affine=True, track_running_stats=True)
    (conv1): Conv2d(32, 32, kernel_size=(1, 1), stride=(1, 1))
  )
  (skip_conv1): Conv2d(64, 256, kernel_size=(1, 1), stride=(1, 1))
  (skip_conv2): Conv2d(64, 256, kernel_size=(1, 1), stride=(1, 1))
  (end_conv_1): Conv2d(256, 512, kernel_size=(1, 3), stride=(1, 1))
  (end_conv_2): Conv2d(512, 12, kernel_size=(1, 1), stride=(1, 1))
  (bn): BatchNorm2d(1, eps=1e-05, momentum=0.1, affine=False, track_running_stats=True)
  (bn_cluster): BatchNorm2d(1, eps=1e-05, momentum=0.1, affine=False, track_running_stats=True)
  (gate1): gate(
    (conv1): Conv2d(64, 32, kernel_size=(1, 1), stride=(1, 1))
  )
  (gate2): gate(
    (conv1): Conv2d(64, 32, kernel_size=(1, 1), stride=(1, 1))
  )
  (gate3): gate(
    (conv1): Conv2d(64, 32, kernel_size=(1, 1), stride=(1, 1))
  )
  (transmit1): Transmit(
    (conv1): Conv2d(32, 1, kernel_size=(1, 1), stride=(1, 1), bias=False)
    (conv2): Conv2d(12, 1, kernel_size=(1, 1), stride=(1, 1), bias=False)
  )
  (transmit2): Transmit(
    (conv1): Conv2d(32, 1, kernel_size=(1, 1), stride=(1, 1), bias=False)
    (conv2): Conv2d(6, 1, kernel_size=(1, 1), stride=(1, 1), bias=False)
  )
  (transmit3): Transmit(
    (conv1): Conv2d(32, 1, kernel_size=(1, 1), stride=(1, 1), bias=False)
    (conv2): Conv2d(3, 1, kernel_size=(1, 1), stride=(1, 1), bias=False)
  )
  (linear): Linear(in_features=1, out_features=1, bias=True)
)
2024-08-20 15:10:32,384 - INFO - h	torch.Size([207, 207])	cuda:2	True
2024-08-20 15:10:32,384 - INFO - h_cluster	torch.Size([10, 10])	cuda:2	True
2024-08-20 15:10:32,384 - INFO - nodevec1	torch.Size([207, 10])	cuda:2	True
2024-08-20 15:10:32,384 - INFO - nodevec2	torch.Size([10, 207])	cuda:2	True
2024-08-20 15:10:32,384 - INFO - nodevec1_c	torch.Size([10, 10])	cuda:2	True
2024-08-20 15:10:32,384 - INFO - nodevec2_c	torch.Size([10, 10])	cuda:2	True
2024-08-20 15:10:32,384 - INFO - start_conv.weight	torch.Size([32, 1, 1, 1])	cuda:2	True
2024-08-20 15:10:32,385 - INFO - start_conv.bias	torch.Size([32])	cuda:2	True
2024-08-20 15:10:32,385 - INFO - start_conv_cluster.weight	torch.Size([32, 1, 1, 1])	cuda:2	True
2024-08-20 15:10:32,385 - INFO - start_conv_cluster.bias	torch.Size([32])	cuda:2	True
2024-08-20 15:10:32,385 - INFO - block1.time_conv.weight	torch.Size([64, 64, 1, 3])	cuda:2	True
2024-08-20 15:10:32,385 - INFO - block1.time_conv.bias	torch.Size([64])	cuda:2	True
2024-08-20 15:10:32,385 - INFO - block1.multigcn.mlp.mlp.weight	torch.Size([64, 224, 1, 3])	cuda:2	True
2024-08-20 15:10:32,385 - INFO - block1.multigcn.mlp.mlp.bias	torch.Size([64])	cuda:2	True
2024-08-20 15:10:32,385 - INFO - block1.TAT.w	torch.Size([207, 32])	cuda:2	True
2024-08-20 15:10:32,385 - INFO - block1.TAT.b	torch.Size([6, 6])	cuda:2	True
2024-08-20 15:10:32,385 - INFO - block1.TAT.v	torch.Size([6, 6])	cuda:2	True
2024-08-20 15:10:32,385 - INFO - block1.TAT.conv1.weight	torch.Size([1, 32, 1, 1])	cuda:2	True
2024-08-20 15:10:32,385 - INFO - block1.TAT.conv2.weight	torch.Size([1, 207, 1, 1])	cuda:2	True
2024-08-20 15:10:32,385 - INFO - block1.TAT.bn.weight	torch.Size([6])	cuda:2	True
2024-08-20 15:10:32,386 - INFO - block1.TAT.bn.bias	torch.Size([6])	cuda:2	True
2024-08-20 15:10:32,386 - INFO - block1.bn.weight	torch.Size([32])	cuda:2	True
2024-08-20 15:10:32,386 - INFO - block1.bn.bias	torch.Size([32])	cuda:2	True
2024-08-20 15:10:32,386 - INFO - block1.conv1.weight	torch.Size([32, 64, 1, 1])	cuda:2	True
2024-08-20 15:10:32,386 - INFO - block1.conv1.bias	torch.Size([32])	cuda:2	True
2024-08-20 15:10:32,386 - INFO - block2.time_conv.weight	torch.Size([64, 64, 1, 2])	cuda:2	True
2024-08-20 15:10:32,386 - INFO - block2.time_conv.bias	torch.Size([64])	cuda:2	True
2024-08-20 15:10:32,386 - INFO - block2.multigcn.mlp.mlp.weight	torch.Size([64, 224, 1, 2])	cuda:2	True
2024-08-20 15:10:32,386 - INFO - block2.multigcn.mlp.mlp.bias	torch.Size([64])	cuda:2	True
2024-08-20 15:10:32,386 - INFO - block2.TAT.w	torch.Size([207, 32])	cuda:2	True
2024-08-20 15:10:32,386 - INFO - block2.TAT.b	torch.Size([3, 3])	cuda:2	True
2024-08-20 15:10:32,386 - INFO - block2.TAT.v	torch.Size([3, 3])	cuda:2	True
2024-08-20 15:10:32,386 - INFO - block2.TAT.conv1.weight	torch.Size([1, 32, 1, 1])	cuda:2	True
2024-08-20 15:10:32,387 - INFO - block2.TAT.conv2.weight	torch.Size([1, 207, 1, 1])	cuda:2	True
2024-08-20 15:10:32,387 - INFO - block2.TAT.bn.weight	torch.Size([3])	cuda:2	True
2024-08-20 15:10:32,387 - INFO - block2.TAT.bn.bias	torch.Size([3])	cuda:2	True
2024-08-20 15:10:32,387 - INFO - block2.bn.weight	torch.Size([32])	cuda:2	True
2024-08-20 15:10:32,387 - INFO - block2.bn.bias	torch.Size([32])	cuda:2	True
2024-08-20 15:10:32,387 - INFO - block2.conv1.weight	torch.Size([32, 64, 1, 1])	cuda:2	True
2024-08-20 15:10:32,387 - INFO - block2.conv1.bias	torch.Size([32])	cuda:2	True
2024-08-20 15:10:32,387 - INFO - block_cluster1.time_conv.weight	torch.Size([64, 32, 1, 3])	cuda:2	True
2024-08-20 15:10:32,387 - INFO - block_cluster1.time_conv.bias	torch.Size([64])	cuda:2	True
2024-08-20 15:10:32,387 - INFO - block_cluster1.multigcn.mlp.mlp.weight	torch.Size([64, 224, 1, 3])	cuda:2	True
2024-08-20 15:10:32,387 - INFO - block_cluster1.multigcn.mlp.mlp.bias	torch.Size([64])	cuda:2	True
2024-08-20 15:10:32,387 - INFO - block_cluster1.TAT.w	torch.Size([10, 32])	cuda:2	True
2024-08-20 15:10:32,387 - INFO - block_cluster1.TAT.b	torch.Size([6, 6])	cuda:2	True
2024-08-20 15:10:32,387 - INFO - block_cluster1.TAT.v	torch.Size([6, 6])	cuda:2	True
2024-08-20 15:10:32,388 - INFO - block_cluster1.TAT.conv1.weight	torch.Size([1, 32, 1, 1])	cuda:2	True
2024-08-20 15:10:32,388 - INFO - block_cluster1.TAT.conv2.weight	torch.Size([1, 10, 1, 1])	cuda:2	True
2024-08-20 15:10:32,388 - INFO - block_cluster1.TAT.bn.weight	torch.Size([6])	cuda:2	True
2024-08-20 15:10:32,388 - INFO - block_cluster1.TAT.bn.bias	torch.Size([6])	cuda:2	True
2024-08-20 15:10:32,388 - INFO - block_cluster1.bn.weight	torch.Size([32])	cuda:2	True
2024-08-20 15:10:32,388 - INFO - block_cluster1.bn.bias	torch.Size([32])	cuda:2	True
2024-08-20 15:10:32,388 - INFO - block_cluster1.conv1.weight	torch.Size([32, 32, 1, 1])	cuda:2	True
2024-08-20 15:10:32,388 - INFO - block_cluster1.conv1.bias	torch.Size([32])	cuda:2	True
2024-08-20 15:10:32,388 - INFO - block_cluster2.time_conv.weight	torch.Size([64, 32, 1, 2])	cuda:2	True
2024-08-20 15:10:32,388 - INFO - block_cluster2.time_conv.bias	torch.Size([64])	cuda:2	True
2024-08-20 15:10:32,388 - INFO - block_cluster2.multigcn.mlp.mlp.weight	torch.Size([64, 224, 1, 2])	cuda:2	True
2024-08-20 15:10:32,388 - INFO - block_cluster2.multigcn.mlp.mlp.bias	torch.Size([64])	cuda:2	True
2024-08-20 15:10:32,388 - INFO - block_cluster2.TAT.w	torch.Size([10, 32])	cuda:2	True
2024-08-20 15:10:32,389 - INFO - block_cluster2.TAT.b	torch.Size([3, 3])	cuda:2	True
2024-08-20 15:10:32,389 - INFO - block_cluster2.TAT.v	torch.Size([3, 3])	cuda:2	True
2024-08-20 15:10:32,389 - INFO - block_cluster2.TAT.conv1.weight	torch.Size([1, 32, 1, 1])	cuda:2	True
2024-08-20 15:10:32,389 - INFO - block_cluster2.TAT.conv2.weight	torch.Size([1, 10, 1, 1])	cuda:2	True
2024-08-20 15:10:32,389 - INFO - block_cluster2.TAT.bn.weight	torch.Size([3])	cuda:2	True
2024-08-20 15:10:32,389 - INFO - block_cluster2.TAT.bn.bias	torch.Size([3])	cuda:2	True
2024-08-20 15:10:32,389 - INFO - block_cluster2.bn.weight	torch.Size([32])	cuda:2	True
2024-08-20 15:10:32,389 - INFO - block_cluster2.bn.bias	torch.Size([32])	cuda:2	True
2024-08-20 15:10:32,389 - INFO - block_cluster2.conv1.weight	torch.Size([32, 32, 1, 1])	cuda:2	True
2024-08-20 15:10:32,389 - INFO - block_cluster2.conv1.bias	torch.Size([32])	cuda:2	True
2024-08-20 15:10:32,389 - INFO - skip_conv1.weight	torch.Size([256, 64, 1, 1])	cuda:2	True
2024-08-20 15:10:32,389 - INFO - skip_conv1.bias	torch.Size([256])	cuda:2	True
2024-08-20 15:10:32,389 - INFO - skip_conv2.weight	torch.Size([256, 64, 1, 1])	cuda:2	True
2024-08-20 15:10:32,389 - INFO - skip_conv2.bias	torch.Size([256])	cuda:2	True
2024-08-20 15:10:32,390 - INFO - end_conv_1.weight	torch.Size([512, 256, 1, 3])	cuda:2	True
2024-08-20 15:10:32,390 - INFO - end_conv_1.bias	torch.Size([512])	cuda:2	True
2024-08-20 15:10:32,390 - INFO - end_conv_2.weight	torch.Size([12, 512, 1, 1])	cuda:2	True
2024-08-20 15:10:32,390 - INFO - end_conv_2.bias	torch.Size([12])	cuda:2	True
2024-08-20 15:10:32,390 - INFO - gate1.conv1.weight	torch.Size([32, 64, 1, 1])	cuda:2	True
2024-08-20 15:10:32,390 - INFO - gate1.conv1.bias	torch.Size([32])	cuda:2	True
2024-08-20 15:10:32,390 - INFO - gate2.conv1.weight	torch.Size([32, 64, 1, 1])	cuda:2	True
2024-08-20 15:10:32,390 - INFO - gate2.conv1.bias	torch.Size([32])	cuda:2	True
2024-08-20 15:10:32,390 - INFO - gate3.conv1.weight	torch.Size([32, 64, 1, 1])	cuda:2	True
2024-08-20 15:10:32,390 - INFO - gate3.conv1.bias	torch.Size([32])	cuda:2	True
2024-08-20 15:10:32,390 - INFO - transmit1.w	torch.Size([12, 32])	cuda:2	True
2024-08-20 15:10:32,390 - INFO - transmit1.b	torch.Size([207, 10])	cuda:2	True
2024-08-20 15:10:32,391 - INFO - transmit1.conv1.weight	torch.Size([1, 32, 1, 1])	cuda:2	True
2024-08-20 15:10:32,391 - INFO - transmit1.conv2.weight	torch.Size([1, 12, 1, 1])	cuda:2	True
2024-08-20 15:10:32,391 - INFO - transmit2.w	torch.Size([6, 32])	cuda:2	True
2024-08-20 15:10:32,391 - INFO - transmit2.b	torch.Size([207, 10])	cuda:2	True
2024-08-20 15:10:32,391 - INFO - transmit2.conv1.weight	torch.Size([1, 32, 1, 1])	cuda:2	True
2024-08-20 15:10:32,391 - INFO - transmit2.conv2.weight	torch.Size([1, 6, 1, 1])	cuda:2	True
2024-08-20 15:10:32,391 - INFO - transmit3.w	torch.Size([3, 32])	cuda:2	True
2024-08-20 15:10:32,391 - INFO - transmit3.b	torch.Size([207, 10])	cuda:2	True
2024-08-20 15:10:32,391 - INFO - transmit3.conv1.weight	torch.Size([1, 32, 1, 1])	cuda:2	True
2024-08-20 15:10:32,391 - INFO - transmit3.conv2.weight	torch.Size([1, 3, 1, 1])	cuda:2	True
2024-08-20 15:10:32,391 - INFO - linear.weight	torch.Size([1, 1])	cuda:2	True
2024-08-20 15:10:32,391 - INFO - linear.bias	torch.Size([1])	cuda:2	True
2024-08-20 15:10:32,392 - INFO - Total parameter numbers: 689608
2024-08-20 15:10:32,392 - INFO - You select `adam` optimizer.
2024-08-20 15:10:32,392 - INFO - You select `exponentiallr` lr_scheduler.
2024-08-20 15:10:32,393 - WARNING - Received none train loss func and will use the loss func defined in the model.
2024-08-20 15:10:32,393 - INFO - Start training ...
2024-08-20 15:10:32,393 - INFO - num_batches:375
2024-08-20 15:13:20,306 - INFO - epoch complete!
2024-08-20 15:13:20,307 - INFO - evaluating now!
2024-08-20 15:13:38,641 - INFO - Epoch [0/150] train_loss: 4.1712, val_loss: 3.4705, lr: 0.000920, 186.25s
2024-08-20 15:13:38,683 - INFO - Saved model at 0
2024-08-20 15:13:38,683 - INFO - Val loss decrease from inf to 3.4705, saving to ./libcity/cache/7/model_cache/HGCN_METR_LA_epoch0.tar
2024-08-20 15:16:22,512 - INFO - epoch complete!
2024-08-20 15:16:22,513 - INFO - evaluating now!
2024-08-20 15:16:41,163 - INFO - Epoch [1/150] train_loss: 3.7779, val_loss: 3.5022, lr: 0.000846, 182.48s
2024-08-20 15:19:27,543 - INFO - epoch complete!
2024-08-20 15:19:27,543 - INFO - evaluating now!
2024-08-20 15:19:50,236 - INFO - Epoch [2/150] train_loss: 3.6031, val_loss: 3.2807, lr: 0.000779, 189.07s
2024-08-20 15:19:50,279 - INFO - Saved model at 2
2024-08-20 15:19:50,279 - INFO - Val loss decrease from 3.4705 to 3.2807, saving to ./libcity/cache/7/model_cache/HGCN_METR_LA_epoch2.tar
2024-08-20 15:22:39,221 - INFO - epoch complete!
2024-08-20 15:22:39,221 - INFO - evaluating now!
2024-08-20 15:23:02,005 - INFO - Epoch [3/150] train_loss: 3.5169, val_loss: 3.2532, lr: 0.000716, 191.73s
2024-08-20 15:23:02,046 - INFO - Saved model at 3
2024-08-20 15:23:02,046 - INFO - Val loss decrease from 3.2807 to 3.2532, saving to ./libcity/cache/7/model_cache/HGCN_METR_LA_epoch3.tar
2024-08-20 15:25:55,776 - INFO - epoch complete!
2024-08-20 15:25:55,776 - INFO - evaluating now!
2024-08-20 15:26:13,903 - INFO - Epoch [4/150] train_loss: 3.4488, val_loss: 3.1491, lr: 0.000659, 191.86s
2024-08-20 15:26:13,940 - INFO - Saved model at 4
2024-08-20 15:26:13,940 - INFO - Val loss decrease from 3.2532 to 3.1491, saving to ./libcity/cache/7/model_cache/HGCN_METR_LA_epoch4.tar
2024-08-20 15:29:01,144 - INFO - epoch complete!
2024-08-20 15:29:01,145 - INFO - evaluating now!
2024-08-20 15:29:18,953 - INFO - Epoch [5/150] train_loss: 3.3643, val_loss: 3.1369, lr: 0.000606, 185.01s
2024-08-20 15:29:18,991 - INFO - Saved model at 5
2024-08-20 15:29:18,991 - INFO - Val loss decrease from 3.1491 to 3.1369, saving to ./libcity/cache/7/model_cache/HGCN_METR_LA_epoch5.tar
2024-08-20 15:31:57,401 - INFO - epoch complete!
2024-08-20 15:31:57,401 - INFO - evaluating now!
2024-08-20 15:32:15,012 - INFO - Epoch [6/150] train_loss: 3.3275, val_loss: 3.1347, lr: 0.000558, 176.02s
2024-08-20 15:32:15,048 - INFO - Saved model at 6
2024-08-20 15:32:15,048 - INFO - Val loss decrease from 3.1369 to 3.1347, saving to ./libcity/cache/7/model_cache/HGCN_METR_LA_epoch6.tar
2024-08-20 15:35:00,666 - INFO - epoch complete!
2024-08-20 15:35:00,667 - INFO - evaluating now!
2024-08-20 15:35:18,328 - INFO - Epoch [7/150] train_loss: 3.2990, val_loss: 3.1010, lr: 0.000513, 183.28s
2024-08-20 15:35:18,364 - INFO - Saved model at 7
2024-08-20 15:35:18,364 - INFO - Val loss decrease from 3.1347 to 3.1010, saving to ./libcity/cache/7/model_cache/HGCN_METR_LA_epoch7.tar
2024-08-20 15:38:07,001 - INFO - epoch complete!
2024-08-20 15:38:07,002 - INFO - evaluating now!
2024-08-20 15:38:29,369 - INFO - Epoch [8/150] train_loss: 3.2646, val_loss: 3.0531, lr: 0.000472, 191.00s
2024-08-20 15:38:29,409 - INFO - Saved model at 8
2024-08-20 15:38:29,410 - INFO - Val loss decrease from 3.1010 to 3.0531, saving to ./libcity/cache/7/model_cache/HGCN_METR_LA_epoch8.tar
2024-08-20 15:41:25,072 - INFO - epoch complete!
2024-08-20 15:41:25,073 - INFO - evaluating now!
2024-08-20 15:41:47,417 - INFO - Epoch [9/150] train_loss: 3.2202, val_loss: 3.0704, lr: 0.000434, 198.01s
2024-08-20 15:44:23,186 - INFO - epoch complete!
2024-08-20 15:44:23,187 - INFO - evaluating now!
2024-08-20 15:44:40,866 - INFO - Epoch [10/150] train_loss: 3.2056, val_loss: 3.1375, lr: 0.000400, 173.45s
2024-08-20 15:47:16,237 - INFO - epoch complete!
2024-08-20 15:47:16,238 - INFO - evaluating now!
2024-08-20 15:47:33,864 - INFO - Epoch [11/150] train_loss: 3.1779, val_loss: 3.1579, lr: 0.000368, 173.00s
2024-08-20 15:50:10,362 - INFO - epoch complete!
2024-08-20 15:50:10,363 - INFO - evaluating now!
2024-08-20 15:50:28,019 - INFO - Epoch [12/150] train_loss: 3.1659, val_loss: 3.0286, lr: 0.000338, 174.16s
2024-08-20 15:50:28,055 - INFO - Saved model at 12
2024-08-20 15:50:28,055 - INFO - Val loss decrease from 3.0531 to 3.0286, saving to ./libcity/cache/7/model_cache/HGCN_METR_LA_epoch12.tar
2024-08-20 15:53:02,641 - INFO - epoch complete!
2024-08-20 15:53:02,642 - INFO - evaluating now!
2024-08-20 15:53:20,348 - INFO - Epoch [13/150] train_loss: 3.1698, val_loss: 3.0041, lr: 0.000311, 172.29s
2024-08-20 15:53:20,386 - INFO - Saved model at 13
2024-08-20 15:53:20,386 - INFO - Val loss decrease from 3.0286 to 3.0041, saving to ./libcity/cache/7/model_cache/HGCN_METR_LA_epoch13.tar
2024-08-20 15:55:57,307 - INFO - epoch complete!
2024-08-20 15:55:57,308 - INFO - evaluating now!
2024-08-20 15:56:14,975 - INFO - Epoch [14/150] train_loss: 3.1419, val_loss: 3.0795, lr: 0.000286, 174.59s
2024-08-20 15:58:49,505 - INFO - epoch complete!
2024-08-20 15:58:49,506 - INFO - evaluating now!
2024-08-20 15:59:07,155 - INFO - Epoch [15/150] train_loss: 3.1378, val_loss: 3.0539, lr: 0.000263, 172.18s
2024-08-20 16:01:40,686 - INFO - epoch complete!
2024-08-20 16:01:40,687 - INFO - evaluating now!
2024-08-20 16:01:58,246 - INFO - Epoch [16/150] train_loss: 3.1067, val_loss: 3.0044, lr: 0.000242, 171.09s
2024-08-20 16:04:31,132 - INFO - epoch complete!
2024-08-20 16:04:31,133 - INFO - evaluating now!
2024-08-20 16:04:48,626 - INFO - Epoch [17/150] train_loss: 3.1023, val_loss: 3.0272, lr: 0.000223, 170.38s
2024-08-20 16:07:21,736 - INFO - epoch complete!
2024-08-20 16:07:21,736 - INFO - evaluating now!
2024-08-20 16:07:39,257 - INFO - Epoch [18/150] train_loss: 3.0926, val_loss: 2.9855, lr: 0.000205, 170.63s
2024-08-20 16:07:39,293 - INFO - Saved model at 18
2024-08-20 16:07:39,293 - INFO - Val loss decrease from 3.0041 to 2.9855, saving to ./libcity/cache/7/model_cache/HGCN_METR_LA_epoch18.tar
2024-08-20 16:10:12,208 - INFO - epoch complete!
2024-08-20 16:10:12,209 - INFO - evaluating now!
2024-08-20 16:10:29,804 - INFO - Epoch [19/150] train_loss: 3.0965, val_loss: 2.9643, lr: 0.000189, 170.51s
2024-08-20 16:10:29,840 - INFO - Saved model at 19
2024-08-20 16:10:29,841 - INFO - Val loss decrease from 2.9855 to 2.9643, saving to ./libcity/cache/7/model_cache/HGCN_METR_LA_epoch19.tar
2024-08-20 16:13:03,861 - INFO - epoch complete!
2024-08-20 16:13:03,862 - INFO - evaluating now!
2024-08-20 16:13:21,386 - INFO - Epoch [20/150] train_loss: 3.0799, val_loss: 2.9795, lr: 0.000174, 171.55s
2024-08-20 16:15:56,092 - INFO - epoch complete!
2024-08-20 16:15:56,092 - INFO - evaluating now!
2024-08-20 16:16:13,591 - INFO - Epoch [21/150] train_loss: 3.0746, val_loss: 2.9857, lr: 0.000160, 172.20s
2024-08-20 16:18:46,183 - INFO - epoch complete!
2024-08-20 16:18:46,184 - INFO - evaluating now!
2024-08-20 16:19:03,687 - INFO - Epoch [22/150] train_loss: 3.0755, val_loss: 2.9896, lr: 0.000147, 170.09s
2024-08-20 16:21:36,513 - INFO - epoch complete!
2024-08-20 16:21:36,514 - INFO - evaluating now!
2024-08-20 16:21:53,973 - INFO - Epoch [23/150] train_loss: 3.0677, val_loss: 3.0963, lr: 0.000135, 170.29s
2024-08-20 16:24:26,976 - INFO - epoch complete!
2024-08-20 16:24:26,977 - INFO - evaluating now!
2024-08-20 16:24:44,522 - INFO - Epoch [24/150] train_loss: 3.0548, val_loss: 2.9493, lr: 0.000124, 170.55s
2024-08-20 16:24:44,557 - INFO - Saved model at 24
2024-08-20 16:24:44,558 - INFO - Val loss decrease from 2.9643 to 2.9493, saving to ./libcity/cache/7/model_cache/HGCN_METR_LA_epoch24.tar
2024-08-20 16:27:17,269 - INFO - epoch complete!
2024-08-20 16:27:17,270 - INFO - evaluating now!
2024-08-20 16:27:34,812 - INFO - Epoch [25/150] train_loss: 3.0466, val_loss: 2.9803, lr: 0.000114, 170.25s
2024-08-20 16:30:07,607 - INFO - epoch complete!
2024-08-20 16:30:07,608 - INFO - evaluating now!
2024-08-20 16:30:25,095 - INFO - Epoch [26/150] train_loss: 3.0480, val_loss: 2.9905, lr: 0.000105, 170.28s
2024-08-20 16:32:58,025 - INFO - epoch complete!
2024-08-20 16:32:58,026 - INFO - evaluating now!
2024-08-20 16:33:15,532 - INFO - Epoch [27/150] train_loss: 3.0433, val_loss: 2.9500, lr: 0.000097, 170.44s
2024-08-20 16:35:48,309 - INFO - epoch complete!
2024-08-20 16:35:48,310 - INFO - evaluating now!
2024-08-20 16:36:05,759 - INFO - Epoch [28/150] train_loss: 3.0401, val_loss: 2.9491, lr: 0.000089, 170.23s
2024-08-20 16:36:05,795 - INFO - Saved model at 28
2024-08-20 16:36:05,795 - INFO - Val loss decrease from 2.9493 to 2.9491, saving to ./libcity/cache/7/model_cache/HGCN_METR_LA_epoch28.tar
2024-08-20 16:38:38,265 - INFO - epoch complete!
2024-08-20 16:38:38,266 - INFO - evaluating now!
2024-08-20 16:38:55,782 - INFO - Epoch [29/150] train_loss: 3.0340, val_loss: 2.9711, lr: 0.000082, 169.99s
2024-08-20 16:41:28,671 - INFO - epoch complete!
2024-08-20 16:41:28,672 - INFO - evaluating now!
2024-08-20 16:41:46,181 - INFO - Epoch [30/150] train_loss: 3.0274, val_loss: 2.9447, lr: 0.000075, 170.40s
2024-08-20 16:41:46,217 - INFO - Saved model at 30
2024-08-20 16:41:46,217 - INFO - Val loss decrease from 2.9491 to 2.9447, saving to ./libcity/cache/7/model_cache/HGCN_METR_LA_epoch30.tar
2024-08-20 16:44:19,085 - INFO - epoch complete!
2024-08-20 16:44:19,086 - INFO - evaluating now!
2024-08-20 16:44:36,538 - INFO - Epoch [31/150] train_loss: 3.0289, val_loss: 2.9787, lr: 0.000069, 170.32s
2024-08-20 16:47:09,136 - INFO - epoch complete!
2024-08-20 16:47:09,137 - INFO - evaluating now!
2024-08-20 16:47:26,598 - INFO - Epoch [32/150] train_loss: 3.0239, val_loss: 2.9512, lr: 0.000064, 170.06s
2024-08-20 16:49:59,370 - INFO - epoch complete!
2024-08-20 16:49:59,371 - INFO - evaluating now!
2024-08-20 16:50:16,855 - INFO - Epoch [33/150] train_loss: 3.0246, val_loss: 2.9387, lr: 0.000059, 170.26s
2024-08-20 16:50:16,890 - INFO - Saved model at 33
2024-08-20 16:50:16,891 - INFO - Val loss decrease from 2.9447 to 2.9387, saving to ./libcity/cache/7/model_cache/HGCN_METR_LA_epoch33.tar
2024-08-20 16:52:49,574 - INFO - epoch complete!
2024-08-20 16:52:49,575 - INFO - evaluating now!
2024-08-20 16:53:07,082 - INFO - Epoch [34/150] train_loss: 3.0217, val_loss: 2.9629, lr: 0.000054, 170.19s
2024-08-20 16:55:39,916 - INFO - epoch complete!
2024-08-20 16:55:39,917 - INFO - evaluating now!
2024-08-20 16:55:57,313 - INFO - Epoch [35/150] train_loss: 3.0142, val_loss: 2.9431, lr: 0.000050, 170.23s
2024-08-20 16:58:29,824 - INFO - epoch complete!
2024-08-20 16:58:29,825 - INFO - evaluating now!
2024-08-20 16:58:47,246 - INFO - Epoch [36/150] train_loss: 3.0148, val_loss: 2.9489, lr: 0.000046, 169.93s
2024-08-20 17:01:20,358 - INFO - epoch complete!
2024-08-20 17:01:20,358 - INFO - evaluating now!
2024-08-20 17:01:37,800 - INFO - Epoch [37/150] train_loss: 3.0133, val_loss: 2.9417, lr: 0.000042, 170.55s
2024-08-20 17:04:10,345 - INFO - epoch complete!
2024-08-20 17:04:10,346 - INFO - evaluating now!
2024-08-20 17:04:27,889 - INFO - Epoch [38/150] train_loss: 3.0145, val_loss: 2.9444, lr: 0.000039, 170.09s
2024-08-20 17:07:00,755 - INFO - epoch complete!
2024-08-20 17:07:00,755 - INFO - evaluating now!
2024-08-20 17:07:18,241 - INFO - Epoch [39/150] train_loss: 3.0085, val_loss: 2.9420, lr: 0.000036, 170.35s
2024-08-20 17:09:50,958 - INFO - epoch complete!
2024-08-20 17:09:50,959 - INFO - evaluating now!
2024-08-20 17:10:08,332 - INFO - Epoch [40/150] train_loss: 3.0104, val_loss: 2.9697, lr: 0.000033, 170.09s
2024-08-20 17:12:41,015 - INFO - epoch complete!
2024-08-20 17:12:41,016 - INFO - evaluating now!
2024-08-20 17:12:58,372 - INFO - Epoch [41/150] train_loss: 3.0089, val_loss: 2.9387, lr: 0.000030, 170.04s
2024-08-20 17:15:31,181 - INFO - epoch complete!
2024-08-20 17:15:31,182 - INFO - evaluating now!
2024-08-20 17:15:48,587 - INFO - Epoch [42/150] train_loss: 3.0037, val_loss: 2.9402, lr: 0.000028, 170.21s
2024-08-20 17:18:21,053 - INFO - epoch complete!
2024-08-20 17:18:21,054 - INFO - evaluating now!
2024-08-20 17:18:38,417 - INFO - Epoch [43/150] train_loss: 3.0049, val_loss: 2.9452, lr: 0.000026, 169.83s
2024-08-20 17:21:11,220 - INFO - epoch complete!
2024-08-20 17:21:11,220 - INFO - evaluating now!
2024-08-20 17:21:28,592 - INFO - Epoch [44/150] train_loss: 3.0066, val_loss: 2.9395, lr: 0.000023, 170.18s
2024-08-20 17:24:01,051 - INFO - epoch complete!
2024-08-20 17:24:01,051 - INFO - evaluating now!
2024-08-20 17:24:18,550 - INFO - Epoch [45/150] train_loss: 3.0042, val_loss: 2.9382, lr: 0.000022, 169.96s
2024-08-20 17:24:18,585 - INFO - Saved model at 45
2024-08-20 17:24:18,585 - INFO - Val loss decrease from 2.9387 to 2.9382, saving to ./libcity/cache/7/model_cache/HGCN_METR_LA_epoch45.tar
2024-08-20 17:26:51,193 - INFO - epoch complete!
2024-08-20 17:26:51,193 - INFO - evaluating now!
2024-08-20 17:27:08,686 - INFO - Epoch [46/150] train_loss: 3.0028, val_loss: 2.9417, lr: 0.000020, 170.10s
2024-08-20 17:29:40,754 - INFO - epoch complete!
2024-08-20 17:29:40,755 - INFO - evaluating now!
2024-08-20 17:29:57,968 - INFO - Epoch [47/150] train_loss: 3.0052, val_loss: 2.9390, lr: 0.000018, 169.28s
2024-08-20 17:32:28,480 - INFO - epoch complete!
2024-08-20 17:32:28,481 - INFO - evaluating now!
2024-08-20 17:32:45,636 - INFO - Epoch [48/150] train_loss: 3.0017, val_loss: 2.9416, lr: 0.000017, 167.67s
2024-08-20 17:35:16,466 - INFO - epoch complete!
2024-08-20 17:35:16,467 - INFO - evaluating now!
2024-08-20 17:35:33,669 - INFO - Epoch [49/150] train_loss: 3.0015, val_loss: 2.9392, lr: 0.000015, 168.03s
2024-08-20 17:38:04,472 - INFO - epoch complete!
2024-08-20 17:38:04,473 - INFO - evaluating now!
2024-08-20 17:38:21,652 - INFO - Epoch [50/150] train_loss: 2.9990, val_loss: 2.9611, lr: 0.000014, 167.98s
2024-08-20 17:40:52,644 - INFO - epoch complete!
2024-08-20 17:40:52,645 - INFO - evaluating now!
2024-08-20 17:41:09,868 - INFO - Epoch [51/150] train_loss: 3.0006, val_loss: 2.9483, lr: 0.000013, 168.22s
2024-08-20 17:43:40,946 - INFO - epoch complete!
2024-08-20 17:43:40,947 - INFO - evaluating now!
2024-08-20 17:43:58,224 - INFO - Epoch [52/150] train_loss: 2.9998, val_loss: 2.9395, lr: 0.000012, 168.35s
2024-08-20 17:46:29,311 - INFO - epoch complete!
2024-08-20 17:46:29,312 - INFO - evaluating now!
2024-08-20 17:46:46,496 - INFO - Epoch [53/150] train_loss: 2.9992, val_loss: 2.9425, lr: 0.000011, 168.27s
2024-08-20 17:49:17,550 - INFO - epoch complete!
2024-08-20 17:49:17,551 - INFO - evaluating now!
2024-08-20 17:49:34,783 - INFO - Epoch [54/150] train_loss: 2.9975, val_loss: 2.9355, lr: 0.000010, 168.29s
2024-08-20 17:49:34,820 - INFO - Saved model at 54
2024-08-20 17:49:34,820 - INFO - Val loss decrease from 2.9382 to 2.9355, saving to ./libcity/cache/7/model_cache/HGCN_METR_LA_epoch54.tar
2024-08-20 17:52:05,684 - INFO - epoch complete!
2024-08-20 17:52:05,685 - INFO - evaluating now!
2024-08-20 17:52:22,920 - INFO - Epoch [55/150] train_loss: 2.9973, val_loss: 2.9384, lr: 0.000009, 168.10s
2024-08-20 17:54:54,098 - INFO - epoch complete!
2024-08-20 17:54:54,098 - INFO - evaluating now!
2024-08-20 17:55:11,377 - INFO - Epoch [56/150] train_loss: 2.9968, val_loss: 2.9518, lr: 0.000009, 168.46s
2024-08-20 17:57:42,245 - INFO - epoch complete!
2024-08-20 17:57:42,246 - INFO - evaluating now!
2024-08-20 17:57:59,401 - INFO - Epoch [57/150] train_loss: 2.9983, val_loss: 2.9448, lr: 0.000008, 168.02s
2024-08-20 18:00:30,352 - INFO - epoch complete!
2024-08-20 18:00:30,353 - INFO - evaluating now!
2024-08-20 18:00:47,607 - INFO - Epoch [58/150] train_loss: 2.9975, val_loss: 2.9385, lr: 0.000007, 168.21s
2024-08-20 18:03:18,601 - INFO - epoch complete!
2024-08-20 18:03:18,602 - INFO - evaluating now!
2024-08-20 18:03:35,810 - INFO - Epoch [59/150] train_loss: 2.9949, val_loss: 2.9447, lr: 0.000007, 168.20s
2024-08-20 18:06:06,922 - INFO - epoch complete!
2024-08-20 18:06:06,923 - INFO - evaluating now!
2024-08-20 18:06:24,180 - INFO - Epoch [60/150] train_loss: 2.9942, val_loss: 2.9454, lr: 0.000006, 168.37s
2024-08-20 18:08:55,092 - INFO - epoch complete!
2024-08-20 18:08:55,093 - INFO - evaluating now!
2024-08-20 18:09:12,385 - INFO - Epoch [61/150] train_loss: 2.9948, val_loss: 2.9408, lr: 0.000006, 168.20s
2024-08-20 18:11:43,536 - INFO - epoch complete!
2024-08-20 18:11:43,537 - INFO - evaluating now!
2024-08-20 18:12:00,793 - INFO - Epoch [62/150] train_loss: 2.9930, val_loss: 2.9411, lr: 0.000005, 168.41s
2024-08-20 18:14:32,011 - INFO - epoch complete!
2024-08-20 18:14:32,012 - INFO - evaluating now!
2024-08-20 18:14:49,229 - INFO - Epoch [63/150] train_loss: 2.9952, val_loss: 2.9442, lr: 0.000005, 168.44s
2024-08-20 18:17:20,355 - INFO - epoch complete!
2024-08-20 18:17:20,356 - INFO - evaluating now!
2024-08-20 18:17:37,627 - INFO - Epoch [64/150] train_loss: 2.9930, val_loss: 2.9424, lr: 0.000004, 168.40s
2024-08-20 18:20:08,702 - INFO - epoch complete!
2024-08-20 18:20:08,703 - INFO - evaluating now!
2024-08-20 18:20:25,913 - INFO - Epoch [65/150] train_loss: 2.9938, val_loss: 2.9379, lr: 0.000004, 168.29s
2024-08-20 18:22:56,923 - INFO - epoch complete!
2024-08-20 18:22:56,923 - INFO - evaluating now!
2024-08-20 18:23:14,118 - INFO - Epoch [66/150] train_loss: 2.9938, val_loss: 2.9381, lr: 0.000004, 168.20s
2024-08-20 18:25:44,971 - INFO - epoch complete!
2024-08-20 18:25:44,972 - INFO - evaluating now!
2024-08-20 18:26:02,132 - INFO - Epoch [67/150] train_loss: 2.9928, val_loss: 2.9391, lr: 0.000003, 168.01s
2024-08-20 18:28:32,756 - INFO - epoch complete!
2024-08-20 18:28:32,757 - INFO - evaluating now!
2024-08-20 18:28:50,023 - INFO - Epoch [68/150] train_loss: 2.9933, val_loss: 2.9435, lr: 0.000003, 167.89s
2024-08-20 18:31:20,704 - INFO - epoch complete!
2024-08-20 18:31:20,705 - INFO - evaluating now!
2024-08-20 18:31:37,908 - INFO - Epoch [69/150] train_loss: 2.9947, val_loss: 2.9405, lr: 0.000003, 167.88s
2024-08-20 18:34:08,592 - INFO - epoch complete!
2024-08-20 18:34:08,592 - INFO - evaluating now!
2024-08-20 18:34:25,809 - INFO - Epoch [70/150] train_loss: 2.9927, val_loss: 2.9380, lr: 0.000003, 167.90s
2024-08-20 18:36:56,138 - INFO - epoch complete!
2024-08-20 18:36:56,138 - INFO - evaluating now!
2024-08-20 18:37:13,282 - INFO - Epoch [71/150] train_loss: 2.9938, val_loss: 2.9385, lr: 0.000002, 167.47s
2024-08-20 18:39:44,011 - INFO - epoch complete!
2024-08-20 18:39:44,011 - INFO - evaluating now!
2024-08-20 18:40:01,177 - INFO - Epoch [72/150] train_loss: 2.9936, val_loss: 2.9391, lr: 0.000002, 167.89s
2024-08-20 18:42:31,649 - INFO - epoch complete!
2024-08-20 18:42:31,650 - INFO - evaluating now!
2024-08-20 18:42:48,771 - INFO - Epoch [73/150] train_loss: 2.9918, val_loss: 2.9372, lr: 0.000002, 167.59s
2024-08-20 18:45:19,281 - INFO - epoch complete!
2024-08-20 18:45:19,282 - INFO - evaluating now!
2024-08-20 18:45:36,403 - INFO - Epoch [74/150] train_loss: 2.9930, val_loss: 2.9406, lr: 0.000002, 167.63s
2024-08-20 18:48:06,760 - INFO - epoch complete!
2024-08-20 18:48:06,761 - INFO - evaluating now!
2024-08-20 18:48:23,932 - INFO - Epoch [75/150] train_loss: 2.9918, val_loss: 2.9400, lr: 0.000002, 167.53s
2024-08-20 18:50:54,332 - INFO - epoch complete!
2024-08-20 18:50:54,333 - INFO - evaluating now!
2024-08-20 18:51:11,498 - INFO - Epoch [76/150] train_loss: 2.9933, val_loss: 2.9353, lr: 0.000002, 167.56s
2024-08-20 18:51:11,531 - INFO - Saved model at 76
2024-08-20 18:51:11,532 - INFO - Val loss decrease from 2.9355 to 2.9353, saving to ./libcity/cache/7/model_cache/HGCN_METR_LA_epoch76.tar
2024-08-20 18:53:41,929 - INFO - epoch complete!
2024-08-20 18:53:41,930 - INFO - evaluating now!
2024-08-20 18:53:59,151 - INFO - Epoch [77/150] train_loss: 2.9919, val_loss: 2.9351, lr: 0.000001, 167.62s
2024-08-20 18:53:59,185 - INFO - Saved model at 77
2024-08-20 18:53:59,185 - INFO - Val loss decrease from 2.9353 to 2.9351, saving to ./libcity/cache/7/model_cache/HGCN_METR_LA_epoch77.tar
2024-08-20 18:56:29,598 - INFO - epoch complete!
2024-08-20 18:56:29,599 - INFO - evaluating now!
2024-08-20 18:56:46,787 - INFO - Epoch [78/150] train_loss: 2.9931, val_loss: 2.9385, lr: 0.000001, 167.60s
2024-08-20 18:59:17,086 - INFO - epoch complete!
2024-08-20 18:59:17,087 - INFO - evaluating now!
2024-08-20 18:59:34,213 - INFO - Epoch [79/150] train_loss: 2.9956, val_loss: 2.9409, lr: 0.000001, 167.43s
2024-08-20 19:02:04,667 - INFO - epoch complete!
2024-08-20 19:02:04,668 - INFO - evaluating now!
2024-08-20 19:02:21,876 - INFO - Epoch [80/150] train_loss: 2.9932, val_loss: 2.9381, lr: 0.000001, 167.66s
2024-08-20 19:04:52,333 - INFO - epoch complete!
2024-08-20 19:04:52,334 - INFO - evaluating now!
2024-08-20 19:05:09,541 - INFO - Epoch [81/150] train_loss: 2.9916, val_loss: 2.9442, lr: 0.000001, 167.66s
2024-08-20 19:07:40,240 - INFO - epoch complete!
2024-08-20 19:07:40,241 - INFO - evaluating now!
2024-08-20 19:07:57,335 - INFO - Epoch [82/150] train_loss: 2.9925, val_loss: 2.9413, lr: 0.000001, 167.79s
2024-08-20 19:10:27,723 - INFO - epoch complete!
2024-08-20 19:10:27,724 - INFO - evaluating now!
2024-08-20 19:10:44,908 - INFO - Epoch [83/150] train_loss: 2.9932, val_loss: 2.9406, lr: 0.000001, 167.57s
2024-08-20 19:13:15,827 - INFO - epoch complete!
2024-08-20 19:13:15,828 - INFO - evaluating now!
2024-08-20 19:13:32,966 - INFO - Epoch [84/150] train_loss: 2.9919, val_loss: 2.9408, lr: 0.000001, 168.06s
2024-08-20 19:16:03,272 - INFO - epoch complete!
2024-08-20 19:16:03,272 - INFO - evaluating now!
2024-08-20 19:16:20,431 - INFO - Epoch [85/150] train_loss: 2.9924, val_loss: 2.9379, lr: 0.000001, 167.47s
2024-08-20 19:18:50,583 - INFO - epoch complete!
2024-08-20 19:18:50,584 - INFO - evaluating now!
2024-08-20 19:19:07,766 - INFO - Epoch [86/150] train_loss: 2.9942, val_loss: 2.9393, lr: 0.000001, 167.33s
2024-08-20 19:21:38,016 - INFO - epoch complete!
2024-08-20 19:21:38,017 - INFO - evaluating now!
2024-08-20 19:21:55,183 - INFO - Epoch [87/150] train_loss: 2.9921, val_loss: 2.9403, lr: 0.000001, 167.42s
2024-08-20 19:24:25,718 - INFO - epoch complete!
2024-08-20 19:24:25,719 - INFO - evaluating now!
2024-08-20 19:24:42,847 - INFO - Epoch [88/150] train_loss: 2.9923, val_loss: 2.9409, lr: 0.000001, 167.66s
2024-08-20 19:27:13,014 - INFO - epoch complete!
2024-08-20 19:27:13,014 - INFO - evaluating now!
2024-08-20 19:27:30,167 - INFO - Epoch [89/150] train_loss: 2.9906, val_loss: 2.9376, lr: 0.000001, 167.32s
2024-08-20 19:30:00,852 - INFO - epoch complete!
2024-08-20 19:30:00,853 - INFO - evaluating now!
2024-08-20 19:30:17,915 - INFO - Epoch [90/150] train_loss: 2.9910, val_loss: 2.9394, lr: 0.000001, 167.75s
2024-08-20 19:32:48,134 - INFO - epoch complete!
2024-08-20 19:32:48,134 - INFO - evaluating now!
2024-08-20 19:33:05,260 - INFO - Epoch [91/150] train_loss: 2.9916, val_loss: 2.9373, lr: 0.000000, 167.34s
2024-08-20 19:35:36,108 - INFO - epoch complete!
2024-08-20 19:35:36,109 - INFO - evaluating now!
2024-08-20 19:35:53,234 - INFO - Epoch [92/150] train_loss: 2.9927, val_loss: 2.9358, lr: 0.000000, 167.97s
2024-08-20 19:38:24,036 - INFO - epoch complete!
2024-08-20 19:38:24,036 - INFO - evaluating now!
2024-08-20 19:38:41,121 - INFO - Epoch [93/150] train_loss: 2.9911, val_loss: 2.9348, lr: 0.000000, 167.89s
2024-08-20 19:38:41,154 - INFO - Saved model at 93
2024-08-20 19:38:41,155 - INFO - Val loss decrease from 2.9351 to 2.9348, saving to ./libcity/cache/7/model_cache/HGCN_METR_LA_epoch93.tar
2024-08-20 19:41:11,821 - INFO - epoch complete!
2024-08-20 19:41:11,822 - INFO - evaluating now!
2024-08-20 19:41:28,901 - INFO - Epoch [94/150] train_loss: 2.9920, val_loss: 2.9398, lr: 0.000000, 167.75s
2024-08-20 19:43:59,837 - INFO - epoch complete!
2024-08-20 19:43:59,838 - INFO - evaluating now!
2024-08-20 19:44:17,020 - INFO - Epoch [95/150] train_loss: 2.9909, val_loss: 2.9391, lr: 0.000000, 168.12s
2024-08-20 19:46:47,220 - INFO - epoch complete!
2024-08-20 19:46:47,221 - INFO - evaluating now!
2024-08-20 19:47:04,283 - INFO - Epoch [96/150] train_loss: 2.9905, val_loss: 2.9405, lr: 0.000000, 167.26s
2024-08-20 19:49:34,486 - INFO - epoch complete!
2024-08-20 19:49:34,487 - INFO - evaluating now!
2024-08-20 19:49:51,612 - INFO - Epoch [97/150] train_loss: 2.9917, val_loss: 2.9376, lr: 0.000000, 167.33s
2024-08-20 19:52:21,690 - INFO - epoch complete!
2024-08-20 19:52:21,691 - INFO - evaluating now!
2024-08-20 19:52:38,839 - INFO - Epoch [98/150] train_loss: 2.9914, val_loss: 2.9418, lr: 0.000000, 167.23s
2024-08-20 19:55:09,192 - INFO - epoch complete!
2024-08-20 19:55:09,192 - INFO - evaluating now!
2024-08-20 19:55:26,369 - INFO - Epoch [99/150] train_loss: 2.9938, val_loss: 2.9348, lr: 0.000000, 167.53s
2024-08-20 19:55:26,402 - INFO - Saved model at 99
2024-08-20 19:55:26,402 - INFO - Val loss decrease from 2.9348 to 2.9348, saving to ./libcity/cache/7/model_cache/HGCN_METR_LA_epoch99.tar
2024-08-20 19:57:56,909 - INFO - epoch complete!
2024-08-20 19:57:56,910 - INFO - evaluating now!
2024-08-20 19:58:14,031 - INFO - Epoch [100/150] train_loss: 2.9927, val_loss: 2.9381, lr: 0.000000, 167.63s
2024-08-20 20:00:49,509 - INFO - epoch complete!
2024-08-20 20:00:49,510 - INFO - evaluating now!
2024-08-20 20:01:06,621 - INFO - Epoch [101/150] train_loss: 2.9914, val_loss: 2.9374, lr: 0.000000, 172.59s
2024-08-20 20:03:36,810 - INFO - epoch complete!
2024-08-20 20:03:36,810 - INFO - evaluating now!
2024-08-20 20:03:53,875 - INFO - Epoch [102/150] train_loss: 2.9913, val_loss: 2.9406, lr: 0.000000, 167.25s
2024-08-20 20:06:24,041 - INFO - epoch complete!
2024-08-20 20:06:24,042 - INFO - evaluating now!
2024-08-20 20:06:41,115 - INFO - Epoch [103/150] train_loss: 2.9902, val_loss: 2.9382, lr: 0.000000, 167.24s
2024-08-20 20:09:11,217 - INFO - epoch complete!
2024-08-20 20:09:11,217 - INFO - evaluating now!
2024-08-20 20:09:28,399 - INFO - Epoch [104/150] train_loss: 2.9914, val_loss: 2.9387, lr: 0.000000, 167.28s
2024-08-20 20:11:58,584 - INFO - epoch complete!
2024-08-20 20:11:58,585 - INFO - evaluating now!
2024-08-20 20:12:15,747 - INFO - Epoch [105/150] train_loss: 2.9913, val_loss: 2.9359, lr: 0.000000, 167.35s
2024-08-20 20:14:45,876 - INFO - epoch complete!
2024-08-20 20:14:45,877 - INFO - evaluating now!
2024-08-20 20:15:03,001 - INFO - Epoch [106/150] train_loss: 2.9931, val_loss: 2.9406, lr: 0.000000, 167.25s
2024-08-20 20:17:32,983 - INFO - epoch complete!
2024-08-20 20:17:32,983 - INFO - evaluating now!
2024-08-20 20:17:50,043 - INFO - Epoch [107/150] train_loss: 2.9913, val_loss: 2.9381, lr: 0.000000, 167.04s
2024-08-20 20:20:20,373 - INFO - epoch complete!
2024-08-20 20:20:20,374 - INFO - evaluating now!
2024-08-20 20:20:37,513 - INFO - Epoch [108/150] train_loss: 2.9929, val_loss: 2.9408, lr: 0.000000, 167.47s
2024-08-20 20:23:07,888 - INFO - epoch complete!
2024-08-20 20:23:07,888 - INFO - evaluating now!
2024-08-20 20:23:25,021 - INFO - Epoch [109/150] train_loss: 2.9914, val_loss: 2.9409, lr: 0.000000, 167.51s
2024-08-20 20:25:55,436 - INFO - epoch complete!
2024-08-20 20:25:55,436 - INFO - evaluating now!
2024-08-20 20:26:12,552 - INFO - Epoch [110/150] train_loss: 2.9915, val_loss: 2.9423, lr: 0.000000, 167.53s
2024-08-20 20:28:42,778 - INFO - epoch complete!
2024-08-20 20:28:42,778 - INFO - evaluating now!
2024-08-20 20:28:59,864 - INFO - Epoch [111/150] train_loss: 2.9916, val_loss: 2.9386, lr: 0.000000, 167.31s
2024-08-20 20:31:30,252 - INFO - epoch complete!
2024-08-20 20:31:30,253 - INFO - evaluating now!
2024-08-20 20:31:47,368 - INFO - Epoch [112/150] train_loss: 2.9942, val_loss: 2.9372, lr: 0.000000, 167.50s
2024-08-20 20:34:17,883 - INFO - epoch complete!
2024-08-20 20:34:17,883 - INFO - evaluating now!
2024-08-20 20:34:35,099 - INFO - Epoch [113/150] train_loss: 2.9913, val_loss: 2.9370, lr: 0.000000, 167.73s
2024-08-20 20:37:05,297 - INFO - epoch complete!
2024-08-20 20:37:05,297 - INFO - evaluating now!
2024-08-20 20:37:22,412 - INFO - Epoch [114/150] train_loss: 2.9936, val_loss: 2.9383, lr: 0.000000, 167.31s
2024-08-20 20:39:52,775 - INFO - epoch complete!
2024-08-20 20:39:52,776 - INFO - evaluating now!
2024-08-20 20:40:09,911 - INFO - Epoch [115/150] train_loss: 2.9915, val_loss: 2.9376, lr: 0.000000, 167.50s
2024-08-20 20:42:40,199 - INFO - epoch complete!
2024-08-20 20:42:40,199 - INFO - evaluating now!
2024-08-20 20:42:57,393 - INFO - Epoch [116/150] train_loss: 2.9921, val_loss: 2.9429, lr: 0.000000, 167.48s
2024-08-20 20:45:27,837 - INFO - epoch complete!
2024-08-20 20:45:27,837 - INFO - evaluating now!
2024-08-20 20:45:44,972 - INFO - Epoch [117/150] train_loss: 2.9923, val_loss: 2.9374, lr: 0.000000, 167.58s
2024-08-20 20:48:15,357 - INFO - epoch complete!
2024-08-20 20:48:15,358 - INFO - evaluating now!
2024-08-20 20:48:32,534 - INFO - Epoch [118/150] train_loss: 2.9921, val_loss: 2.9392, lr: 0.000000, 167.56s
2024-08-20 20:51:02,904 - INFO - epoch complete!
2024-08-20 20:51:02,905 - INFO - evaluating now!
2024-08-20 20:51:20,085 - INFO - Epoch [119/150] train_loss: 2.9907, val_loss: 2.9358, lr: 0.000000, 167.55s
2024-08-20 20:53:50,353 - INFO - epoch complete!
2024-08-20 20:53:50,353 - INFO - evaluating now!
2024-08-20 20:54:07,510 - INFO - Epoch [120/150] train_loss: 2.9939, val_loss: 2.9364, lr: 0.000000, 167.42s
2024-08-20 20:56:37,718 - INFO - epoch complete!
2024-08-20 20:56:37,719 - INFO - evaluating now!
2024-08-20 20:56:54,828 - INFO - Epoch [121/150] train_loss: 2.9939, val_loss: 2.9424, lr: 0.000000, 167.32s
2024-08-20 20:59:25,064 - INFO - epoch complete!
2024-08-20 20:59:25,065 - INFO - evaluating now!
2024-08-20 20:59:42,219 - INFO - Epoch [122/150] train_loss: 2.9896, val_loss: 2.9366, lr: 0.000000, 167.39s
2024-08-20 21:02:12,392 - INFO - epoch complete!
2024-08-20 21:02:12,393 - INFO - evaluating now!
2024-08-20 21:02:29,572 - INFO - Epoch [123/150] train_loss: 2.9900, val_loss: 2.9429, lr: 0.000000, 167.35s
2024-08-20 21:04:59,813 - INFO - epoch complete!
2024-08-20 21:04:59,814 - INFO - evaluating now!
2024-08-20 21:05:16,884 - INFO - Epoch [124/150] train_loss: 2.9937, val_loss: 2.9384, lr: 0.000000, 167.31s
2024-08-20 21:07:46,969 - INFO - epoch complete!
2024-08-20 21:07:46,969 - INFO - evaluating now!
2024-08-20 21:08:04,046 - INFO - Epoch [125/150] train_loss: 2.9937, val_loss: 2.9371, lr: 0.000000, 167.16s
2024-08-20 21:10:33,987 - INFO - epoch complete!
2024-08-20 21:10:33,987 - INFO - evaluating now!
2024-08-20 21:10:51,027 - INFO - Epoch [126/150] train_loss: 2.9913, val_loss: 2.9390, lr: 0.000000, 166.98s
2024-08-20 21:13:20,856 - INFO - epoch complete!
2024-08-20 21:13:20,857 - INFO - evaluating now!
2024-08-20 21:13:37,893 - INFO - Epoch [127/150] train_loss: 2.9929, val_loss: 2.9358, lr: 0.000000, 166.87s
2024-08-20 21:16:07,688 - INFO - epoch complete!
2024-08-20 21:16:07,688 - INFO - evaluating now!
2024-08-20 21:16:24,720 - INFO - Epoch [128/150] train_loss: 2.9935, val_loss: 2.9376, lr: 0.000000, 166.83s
2024-08-20 21:18:54,346 - INFO - epoch complete!
2024-08-20 21:18:54,347 - INFO - evaluating now!
2024-08-20 21:19:11,381 - INFO - Epoch [129/150] train_loss: 2.9931, val_loss: 2.9398, lr: 0.000000, 166.66s
2024-08-20 21:21:41,223 - INFO - epoch complete!
2024-08-20 21:21:41,223 - INFO - evaluating now!
2024-08-20 21:21:58,311 - INFO - Epoch [130/150] train_loss: 2.9932, val_loss: 2.9399, lr: 0.000000, 166.93s
2024-08-20 21:24:28,083 - INFO - epoch complete!
2024-08-20 21:24:28,084 - INFO - evaluating now!
2024-08-20 21:24:45,093 - INFO - Epoch [131/150] train_loss: 2.9920, val_loss: 2.9360, lr: 0.000000, 166.78s
2024-08-20 21:27:15,030 - INFO - epoch complete!
2024-08-20 21:27:15,031 - INFO - evaluating now!
2024-08-20 21:27:32,057 - INFO - Epoch [132/150] train_loss: 2.9943, val_loss: 2.9399, lr: 0.000000, 166.96s
2024-08-20 21:30:01,755 - INFO - epoch complete!
2024-08-20 21:30:01,755 - INFO - evaluating now!
2024-08-20 21:30:18,777 - INFO - Epoch [133/150] train_loss: 2.9916, val_loss: 2.9418, lr: 0.000000, 166.72s
2024-08-20 21:32:48,532 - INFO - epoch complete!
2024-08-20 21:32:48,532 - INFO - evaluating now!
2024-08-20 21:33:05,566 - INFO - Epoch [134/150] train_loss: 2.9918, val_loss: 2.9393, lr: 0.000000, 166.79s
2024-08-20 21:35:35,163 - INFO - epoch complete!
2024-08-20 21:35:35,163 - INFO - evaluating now!
2024-08-20 21:35:52,186 - INFO - Epoch [135/150] train_loss: 2.9935, val_loss: 2.9406, lr: 0.000000, 166.62s
2024-08-20 21:38:21,816 - INFO - epoch complete!
2024-08-20 21:38:21,817 - INFO - evaluating now!
2024-08-20 21:38:38,846 - INFO - Epoch [136/150] train_loss: 2.9938, val_loss: 2.9422, lr: 0.000000, 166.66s
2024-08-20 21:41:08,507 - INFO - epoch complete!
2024-08-20 21:41:08,508 - INFO - evaluating now!
2024-08-20 21:41:25,526 - INFO - Epoch [137/150] train_loss: 2.9917, val_loss: 2.9403, lr: 0.000000, 166.68s
2024-08-20 21:43:55,277 - INFO - epoch complete!
2024-08-20 21:43:55,277 - INFO - evaluating now!
2024-08-20 21:44:12,347 - INFO - Epoch [138/150] train_loss: 2.9912, val_loss: 2.9369, lr: 0.000000, 166.82s
2024-08-20 21:46:42,046 - INFO - epoch complete!
2024-08-20 21:46:42,046 - INFO - evaluating now!
2024-08-20 21:46:59,135 - INFO - Epoch [139/150] train_loss: 2.9915, val_loss: 2.9386, lr: 0.000000, 166.79s
2024-08-20 21:49:28,870 - INFO - epoch complete!
2024-08-20 21:49:28,870 - INFO - evaluating now!
2024-08-20 21:49:45,965 - INFO - Epoch [140/150] train_loss: 2.9924, val_loss: 2.9369, lr: 0.000000, 166.83s
2024-08-20 21:52:15,696 - INFO - epoch complete!
2024-08-20 21:52:15,696 - INFO - evaluating now!
2024-08-20 21:52:32,795 - INFO - Epoch [141/150] train_loss: 2.9921, val_loss: 2.9362, lr: 0.000000, 166.83s
2024-08-20 21:55:02,569 - INFO - epoch complete!
2024-08-20 21:55:02,570 - INFO - evaluating now!
2024-08-20 21:55:19,681 - INFO - Epoch [142/150] train_loss: 2.9921, val_loss: 2.9384, lr: 0.000000, 166.89s
2024-08-20 21:57:49,519 - INFO - epoch complete!
2024-08-20 21:57:49,519 - INFO - evaluating now!
2024-08-20 21:58:06,613 - INFO - Epoch [143/150] train_loss: 2.9934, val_loss: 2.9414, lr: 0.000000, 166.93s
2024-08-20 22:00:36,355 - INFO - epoch complete!
2024-08-20 22:00:36,356 - INFO - evaluating now!
2024-08-20 22:00:53,397 - INFO - Epoch [144/150] train_loss: 2.9909, val_loss: 2.9374, lr: 0.000000, 166.78s
2024-08-20 22:03:23,345 - INFO - epoch complete!
2024-08-20 22:03:23,346 - INFO - evaluating now!
2024-08-20 22:03:40,380 - INFO - Epoch [145/150] train_loss: 2.9920, val_loss: 2.9454, lr: 0.000000, 166.98s
2024-08-20 22:06:10,209 - INFO - epoch complete!
2024-08-20 22:06:10,209 - INFO - evaluating now!
2024-08-20 22:06:27,306 - INFO - Epoch [146/150] train_loss: 2.9908, val_loss: 2.9377, lr: 0.000000, 166.93s
2024-08-20 22:08:57,038 - INFO - epoch complete!
2024-08-20 22:08:57,039 - INFO - evaluating now!
2024-08-20 22:09:14,146 - INFO - Epoch [147/150] train_loss: 2.9924, val_loss: 2.9397, lr: 0.000000, 166.84s
2024-08-20 22:11:44,178 - INFO - epoch complete!
2024-08-20 22:11:44,179 - INFO - evaluating now!
2024-08-20 22:12:01,291 - INFO - Epoch [148/150] train_loss: 2.9917, val_loss: 2.9379, lr: 0.000000, 167.14s
2024-08-20 22:14:30,998 - INFO - epoch complete!
2024-08-20 22:14:30,999 - INFO - evaluating now!
2024-08-20 22:14:48,114 - INFO - Epoch [149/150] train_loss: 2.9926, val_loss: 2.9377, lr: 0.000000, 166.82s
2024-08-20 22:14:48,114 - WARNING - Early stopping at epoch: 149
2024-08-20 22:14:48,115 - INFO - Trained totally 150 epochs, average train time is 152.288s, average eval time is 17.410s
2024-08-20 22:14:48,146 - INFO - Loaded model at 99
2024-08-20 22:14:48,146 - INFO - Saved model at ./libcity/cache/7/model_cache/HGCN_METR_LA.m
2024-08-20 22:14:48,179 - INFO - Start evaluating ...
2024-08-20 22:15:39,656 - INFO - Note that you select the single mode to evaluate!
2024-08-20 22:15:39,662 - INFO - Evaluate result is saved at ./libcity/cache/7/evaluate_cache/2024_08_20_22_15_39_HGCN_METR_LA.csv
2024-08-20 22:15:39,669 - INFO - 
         MAE      MAPE      RMSE
1   2.309439  0.056517  4.029891
2   2.457056  0.061534  4.458028
3   2.574627  0.065729  4.791564
4   2.673980  0.069326  5.069613
5   2.761210  0.072520  5.308536
6   2.841613  0.075421  5.519165
7   2.912701  0.078003  5.705148
8   2.977811  0.080366  5.871566
9   3.037806  0.082526  6.023178
10  3.093268  0.084504  6.161945
11  3.145402  0.086332  6.289110
12  3.194566  0.088048  6.407351
