2024-08-19 00:16:08,902 - INFO - Log directory: ./libcity/log
2024-08-19 00:16:08,903 - INFO - Begin pipeline, task=MTS_pred, model_name=STGCN, dataset_name=METR_LA, exp_id=7078
2024-08-19 00:16:08,903 - INFO - {'task': 'MTS_pred', 'model': 'STGCN', 'dataset': 'METR_LA', 'saved_model': True, 'seed': 0, 'max_epoch': 1, 'dataset_class': 'StatePointDataset', 'executor': 'StateExecutor', 'evaluator': 'StateEvaluator', 'Ks': 3, 'Kt': 3, 'blocks': [[1, 32, 64], [64, 32, 128]], 'dropout': 0, 'graph_conv_type': 'chebconv', 'stgcn_train_mode': 'quick', 'bidir_adj_mx': True, 'scaler': 'standard', 'load_external': False, 'normal_external': False, 'ext_scaler': 'none', 'add_time_in_day': False, 'add_day_in_week': False, 'learner': 'rmsprop', 'learning_rate': 0.001, 'lr_decay': True, 'lr_scheduler': 'steplr', 'lr_decay_ratio': 0.7, 'step_size': 5, 'clip_grad_norm': False, 'use_early_stop': False, 'batch_size': 64, 'cache_dataset': True, 'num_workers': 0, 'pad_with_last_sample': True, 'train_rate': 0.7, 'eval_rate': 0.1, 'input_window': 12, 'output_window': 12, 'robustness_test': False, 'noise_type': 'gaussian', 'disturb_rate': 0.5, 'noise_mean': [5], 'noise_SD': [10], 'gpu': True, 'gpu_id': 0, 'train_loss': 'none', 'epoch': 0, 'weight_decay': 0, 'lr_epsilon': 1e-08, 'lr_beta1': 0.9, 'lr_beta2': 0.999, 'lr_alpha': 0.99, 'lr_momentum': 0, 'steps': [5, 20, 40, 70], 'lr_T_max': 30, 'lr_eta_min': 0, 'lr_patience': 10, 'lr_threshold': 0.0001, 'max_grad_norm': 1.0, 'patience': 50, 'log_level': 'INFO', 'log_every': 1, 'load_best_epoch': True, 'hyper_tune': False, 'metrics': ['MAE', 'MAPE', 'RMSE'], 'evaluator_mode': 'single', 'save_mode': ['csv'], 'geo': {'including_types': ['Point'], 'Point': {}}, 'rel': {'including_types': ['geo'], 'geo': {'cost': 'num'}}, 'dyna': {'including_types': ['state'], 'state': {'entity_id': 'geo_id', 'traffic_speed': 'num'}}, 'data_col': ['traffic_speed'], 'weight_col': 'cost', 'data_files': ['METR_LA'], 'geo_file': 'METR_LA', 'rel_file': 'METR_LA', 'output_dim': 1, 'time_intervals': 300, 'init_weight_inf_or_zero': 'inf', 'set_weight_link_or_dist': 'dist', 'calculate_weight_adj': True, 'weight_adj_epsilon': 0.1, 'device': device(type='cuda', index=0), 'exp_id': 7078}
2024-08-19 00:16:08,908 - INFO - Loaded file METR_LA.geo, num_nodes=207
2024-08-19 00:16:08,915 - INFO - set_weight_link_or_dist: dist
2024-08-19 00:16:08,916 - INFO - init_weight_inf_or_zero: inf
2024-08-19 00:16:08,965 - INFO - Loaded file METR_LA.rel, shape=(207, 207)
2024-08-19 00:16:08,965 - INFO - Start Calculate the weight by Gauss kernel!
2024-08-19 00:16:08,966 - INFO - Loading file METR_LA.dyna
2024-08-19 00:16:13,597 - INFO - Loaded file METR_LA.dyna, shape=(34272, 207, 1)
2024-08-19 00:16:15,757 - INFO - Dataset created
2024-08-19 00:16:15,758 - INFO - x shape: (34249, 12, 207, 1), y shape: (34249, 12, 207, 1)
2024-08-19 00:16:15,761 - INFO - train	x: (23974, 12, 207, 1), y: (23974, 12, 207, 1)
2024-08-19 00:16:15,761 - INFO - eval	x: (3425, 12, 207, 1), y: (3425, 12, 207, 1)
2024-08-19 00:16:15,761 - INFO - test	x: (6850, 12, 207, 1), y: (6850, 12, 207, 1)
2024-08-19 00:16:33,750 - INFO - Saved at ./libcity/cache/dataset_cache/point_based_METR_LA_12_12_0.7_0.1_standard_64_False_False_False_True.npz
2024-08-19 00:16:34,158 - INFO - StandardScaler mean: 54.40592829587626, std: 19.493739270573098
2024-08-19 00:16:34,158 - INFO - NoneScaler
2024-08-19 00:16:36,267 - INFO - You select quick mode to train STGCN model.
2024-08-19 00:16:36,615 - INFO - Chebyshev_polynomial_Lk shape: (3, 207, 207)
2024-08-19 00:18:08,219 - INFO - STGCN(
  (st_conv1): STConvBlock(
    (tconv1): TemporalConvLayer(
      (align): Align()
      (conv): Conv2d(1, 64, kernel_size=(3, 1), stride=(1, 1))
    )
    (sconv): SpatioConvLayer(
      (align): Align()
    )
    (tconv2): TemporalConvLayer(
      (align): Align()
      (conv): Conv2d(32, 64, kernel_size=(3, 1), stride=(1, 1))
    )
    (ln): LayerNorm((207, 64), eps=1e-05, elementwise_affine=True)
    (dropout): Dropout(p=0, inplace=False)
  )
  (st_conv2): STConvBlock(
    (tconv1): TemporalConvLayer(
      (align): Align(
        (conv1x1): Conv2d(64, 32, kernel_size=(1, 1), stride=(1, 1))
      )
      (conv): Conv2d(64, 64, kernel_size=(3, 1), stride=(1, 1))
    )
    (sconv): SpatioConvLayer(
      (align): Align()
    )
    (tconv2): TemporalConvLayer(
      (align): Align()
      (conv): Conv2d(32, 128, kernel_size=(3, 1), stride=(1, 1))
    )
    (ln): LayerNorm((207, 128), eps=1e-05, elementwise_affine=True)
    (dropout): Dropout(p=0, inplace=False)
  )
  (output): OutputLayer(
    (tconv1): TemporalConvLayer(
      (align): Align()
      (conv): Conv2d(128, 256, kernel_size=(4, 1), stride=(1, 1))
    )
    (ln): LayerNorm((207, 128), eps=1e-05, elementwise_affine=True)
    (tconv2): TemporalConvLayer(
      (align): Align()
      (conv): Conv2d(128, 128, kernel_size=(1, 1), stride=(1, 1))
    )
    (fc): FullyConvLayer(
      (conv): Conv2d(128, 1, kernel_size=(1, 1), stride=(1, 1))
    )
  )
)
2024-08-19 00:18:08,220 - INFO - st_conv1.tconv1.conv.weight	torch.Size([64, 1, 3, 1])	cuda:0	True
2024-08-19 00:18:08,220 - INFO - st_conv1.tconv1.conv.bias	torch.Size([64])	cuda:0	True
2024-08-19 00:18:08,220 - INFO - st_conv1.sconv.theta	torch.Size([32, 32, 3])	cuda:0	True
2024-08-19 00:18:08,220 - INFO - st_conv1.sconv.b	torch.Size([1, 32, 1, 1])	cuda:0	True
2024-08-19 00:18:08,221 - INFO - st_conv1.tconv2.conv.weight	torch.Size([64, 32, 3, 1])	cuda:0	True
2024-08-19 00:18:08,221 - INFO - st_conv1.tconv2.conv.bias	torch.Size([64])	cuda:0	True
2024-08-19 00:18:08,221 - INFO - st_conv1.ln.weight	torch.Size([207, 64])	cuda:0	True
2024-08-19 00:18:08,221 - INFO - st_conv1.ln.bias	torch.Size([207, 64])	cuda:0	True
2024-08-19 00:18:08,221 - INFO - st_conv2.tconv1.align.conv1x1.weight	torch.Size([32, 64, 1, 1])	cuda:0	True
2024-08-19 00:18:08,221 - INFO - st_conv2.tconv1.align.conv1x1.bias	torch.Size([32])	cuda:0	True
2024-08-19 00:18:08,221 - INFO - st_conv2.tconv1.conv.weight	torch.Size([64, 64, 3, 1])	cuda:0	True
2024-08-19 00:18:08,221 - INFO - st_conv2.tconv1.conv.bias	torch.Size([64])	cuda:0	True
2024-08-19 00:18:08,221 - INFO - st_conv2.sconv.theta	torch.Size([32, 32, 3])	cuda:0	True
2024-08-19 00:18:08,221 - INFO - st_conv2.sconv.b	torch.Size([1, 32, 1, 1])	cuda:0	True
2024-08-19 00:18:08,222 - INFO - st_conv2.tconv2.conv.weight	torch.Size([128, 32, 3, 1])	cuda:0	True
2024-08-19 00:18:08,222 - INFO - st_conv2.tconv2.conv.bias	torch.Size([128])	cuda:0	True
2024-08-19 00:18:08,222 - INFO - st_conv2.ln.weight	torch.Size([207, 128])	cuda:0	True
2024-08-19 00:18:08,222 - INFO - st_conv2.ln.bias	torch.Size([207, 128])	cuda:0	True
2024-08-19 00:18:08,222 - INFO - output.tconv1.conv.weight	torch.Size([256, 128, 4, 1])	cuda:0	True
2024-08-19 00:18:08,222 - INFO - output.tconv1.conv.bias	torch.Size([256])	cuda:0	True
2024-08-19 00:18:08,222 - INFO - output.ln.weight	torch.Size([207, 128])	cuda:0	True
2024-08-19 00:18:08,222 - INFO - output.ln.bias	torch.Size([207, 128])	cuda:0	True
2024-08-19 00:18:08,222 - INFO - output.tconv2.conv.weight	torch.Size([128, 128, 1, 1])	cuda:0	True
2024-08-19 00:18:08,222 - INFO - output.tconv2.conv.bias	torch.Size([128])	cuda:0	True
2024-08-19 00:18:08,223 - INFO - output.fc.conv.weight	torch.Size([1, 128, 1, 1])	cuda:0	True
2024-08-19 00:18:08,223 - INFO - output.fc.conv.bias	torch.Size([1])	cuda:0	True
2024-08-19 00:18:08,223 - INFO - Total parameter numbers: 319969
2024-08-19 00:18:08,223 - INFO - You select `rmsprop` optimizer.
2024-08-19 00:18:08,223 - INFO - You select `steplr` lr_scheduler.
2024-08-19 00:18:08,224 - WARNING - Received none train loss func and will use the loss func defined in the model.
2024-08-19 00:18:08,224 - INFO - Start training ...
2024-08-19 00:18:08,224 - INFO - num_batches:375
2024-08-19 00:18:26,561 - INFO - epoch complete!
2024-08-19 00:18:26,561 - INFO - evaluating now!
2024-08-19 00:18:33,571 - INFO - Epoch [0/1] train_loss: 54.0655, val_loss: 175.3853, lr: 0.001000, 25.35s
2024-08-19 00:18:33,582 - INFO - Saved model at 0
2024-08-19 00:18:33,582 - INFO - Val loss decrease from inf to 175.3853, saving to ./libcity/cache/7078/model_cache/STGCN_METR_LA_epoch0.tar
2024-08-19 00:18:33,582 - INFO - Trained totally 1 epochs, average train time is 18.337s, average eval time is 7.010s
2024-08-19 00:18:33,590 - INFO - Loaded model at 0
2024-08-19 00:18:33,590 - INFO - Saved model at ./libcity/cache/7078/model_cache/STGCN_METR_LA.m
2024-08-19 00:18:33,599 - INFO - Start evaluating ...
2024-08-19 00:19:02,945 - INFO - Note that you select the single mode to evaluate!
2024-08-19 00:19:02,950 - INFO - Evaluate result is saved at ./libcity/cache/7078/evaluate_cache/2024_08_19_00_19_02_STGCN_METR_LA.csv
2024-08-19 00:19:02,958 - INFO - 
         MAE      MAPE       RMSE
1   4.264225  0.087181   6.237267
2   4.679720  0.096410   7.077899
3   5.107070  0.105426   7.832477
4   5.492339  0.113642   8.509150
5   5.863790  0.121522   9.131836
6   6.219733  0.129071   9.712460
7   6.561048  0.136321  10.256704
8   6.890574  0.143327  10.774944
9   7.209443  0.150102  11.273172
10  7.517101  0.156648  11.750756
11  7.815625  0.163013  12.213488
12  8.107453  0.169248  12.667373
