2024-10-07 15:01:50,851 - INFO - Log directory: ./libcity/log
2024-10-07 15:01:50,851 - INFO - Begin pipeline, task=MTS_pred, model_name=STGCN, dataset_name=METR_LA, exp_id=78370
2024-10-07 15:01:50,851 - INFO - {'task': 'MTS_pred', 'model': 'STGCN', 'dataset': 'METR_LA', 'saved_model': True, 'seed': 0, 'dataset_class': 'StatePointDataset', 'executor': 'StateExecutor', 'evaluator': 'StateEvaluator', 'Ks': 3, 'Kt': 3, 'blocks': [[1, 32, 64], [64, 32, 128]], 'dropout': 0, 'graph_conv_type': 'chebconv', 'stgcn_train_mode': 'quick', 'bidir_adj_mx': True, 'scaler': 'standard', 'load_external': False, 'normal_external': False, 'ext_scaler': 'none', 'add_time_in_day': False, 'add_day_in_week': False, 'max_epoch': 100, 'learner': 'rmsprop', 'learning_rate': 0.001, 'lr_decay': True, 'lr_scheduler': 'steplr', 'lr_decay_ratio': 0.7, 'step_size': 5, 'clip_grad_norm': False, 'use_early_stop': False, 'batch_size': 64, 'cache_dataset': True, 'num_workers': 0, 'pad_with_last_sample': True, 'train_rate': 0.7, 'eval_rate': 0.1, 'input_window': 12, 'output_window': 12, 'robustness_test': False, 'noise_type': 'gaussian', 'disturb_rate': 0.5, 'noise_mean': [5], 'noise_SD': [10], 'gpu': True, 'gpu_id': 0, 'train_loss': 'none', 'epoch': 0, 'weight_decay': 0, 'lr_epsilon': 1e-08, 'lr_beta1': 0.9, 'lr_beta2': 0.999, 'lr_alpha': 0.99, 'lr_momentum': 0, 'steps': [5, 20, 40, 70], 'lr_T_max': 30, 'lr_eta_min': 0, 'lr_patience': 10, 'lr_threshold': 0.0001, 'max_grad_norm': 1.0, 'patience': 50, 'log_level': 'INFO', 'log_every': 1, 'load_best_epoch': True, 'hyper_tune': False, 'metrics': ['MAE', 'MAPE', 'RMSE'], 'evaluator_mode': 'single', 'save_mode': ['csv'], 'geo': {'including_types': ['Point'], 'Point': {}}, 'rel': {'including_types': ['geo'], 'geo': {'cost': 'num'}}, 'dyna': {'including_types': ['state'], 'state': {'entity_id': 'geo_id', 'traffic_speed': 'num'}}, 'data_col': ['traffic_speed'], 'weight_col': 'cost', 'data_files': ['METR_LA'], 'geo_file': 'METR_LA', 'rel_file': 'METR_LA', 'output_dim': 1, 'time_intervals': 300, 'init_weight_inf_or_zero': 'inf', 'set_weight_link_or_dist': 'dist', 'calculate_weight_adj': True, 'weight_adj_epsilon': 0.1, 'device': device(type='cuda', index=0), 'exp_id': 78370}
2024-10-07 15:01:51,418 - INFO - Loaded file METR_LA_feature.csv, shape=(34272, 207, 1)
2024-10-07 15:01:52,425 - INFO - Dataset created
2024-10-07 15:01:52,425 - INFO - x shape: (34249, 12, 207, 1), y shape: (34249, 12, 207, 1)
2024-10-07 15:01:52,429 - INFO - train	x: (23974, 12, 207, 1), y: (23974, 12, 207, 1)
2024-10-07 15:01:52,429 - INFO - eval	x: (3425, 12, 207, 1), y: (3425, 12, 207, 1)
2024-10-07 15:01:52,429 - INFO - test	x: (6850, 12, 207, 1), y: (6850, 12, 207, 1)
2024-10-07 15:02:06,899 - INFO - Saved at ./libcity/cache/dataset_cache/point_based_METR_LA_12_12_0.7_0.1_standard_64_False_False_False_True.npz
2024-10-07 15:02:07,086 - INFO - StandardScaler mean: 54.40592829587626, std: 19.493739270573098
2024-10-07 15:02:07,086 - INFO - NoneScaler
2024-10-07 15:02:07,958 - INFO - You select quick mode to train STGCN model.
2024-10-07 15:02:08,093 - INFO - Chebyshev_polynomial_Lk shape: (3, 207, 207)
2024-10-07 15:02:08,248 - INFO - STGCN(
  (st_conv1): STConvBlock(
    (tconv1): TemporalConvLayer(
      (align): Align()
      (conv): Conv2d(1, 64, kernel_size=(3, 1), stride=(1, 1))
    )
    (sconv): SpatioConvLayer(
      (align): Align()
    )
    (tconv2): TemporalConvLayer(
      (align): Align()
      (conv): Conv2d(32, 64, kernel_size=(3, 1), stride=(1, 1))
    )
    (ln): LayerNorm((207, 64), eps=1e-05, elementwise_affine=True)
    (dropout): Dropout(p=0, inplace=False)
  )
  (st_conv2): STConvBlock(
    (tconv1): TemporalConvLayer(
      (align): Align(
        (conv1x1): Conv2d(64, 32, kernel_size=(1, 1), stride=(1, 1))
      )
      (conv): Conv2d(64, 64, kernel_size=(3, 1), stride=(1, 1))
    )
    (sconv): SpatioConvLayer(
      (align): Align()
    )
    (tconv2): TemporalConvLayer(
      (align): Align()
      (conv): Conv2d(32, 128, kernel_size=(3, 1), stride=(1, 1))
    )
    (ln): LayerNorm((207, 128), eps=1e-05, elementwise_affine=True)
    (dropout): Dropout(p=0, inplace=False)
  )
  (output): OutputLayer(
    (tconv1): TemporalConvLayer(
      (align): Align()
      (conv): Conv2d(128, 256, kernel_size=(4, 1), stride=(1, 1))
    )
    (ln): LayerNorm((207, 128), eps=1e-05, elementwise_affine=True)
    (tconv2): TemporalConvLayer(
      (align): Align()
      (conv): Conv2d(128, 128, kernel_size=(1, 1), stride=(1, 1))
    )
    (fc): FullyConvLayer(
      (conv): Conv2d(128, 1, kernel_size=(1, 1), stride=(1, 1))
    )
  )
)
2024-10-07 15:02:08,248 - INFO - st_conv1.tconv1.conv.weight	torch.Size([64, 1, 3, 1])	cuda:0	True
2024-10-07 15:02:08,248 - INFO - st_conv1.tconv1.conv.bias	torch.Size([64])	cuda:0	True
2024-10-07 15:02:08,248 - INFO - st_conv1.sconv.theta	torch.Size([32, 32, 3])	cuda:0	True
2024-10-07 15:02:08,248 - INFO - st_conv1.sconv.b	torch.Size([1, 32, 1, 1])	cuda:0	True
2024-10-07 15:02:08,248 - INFO - st_conv1.tconv2.conv.weight	torch.Size([64, 32, 3, 1])	cuda:0	True
2024-10-07 15:02:08,248 - INFO - st_conv1.tconv2.conv.bias	torch.Size([64])	cuda:0	True
2024-10-07 15:02:08,248 - INFO - st_conv1.ln.weight	torch.Size([207, 64])	cuda:0	True
2024-10-07 15:02:08,248 - INFO - st_conv1.ln.bias	torch.Size([207, 64])	cuda:0	True
2024-10-07 15:02:08,248 - INFO - st_conv2.tconv1.align.conv1x1.weight	torch.Size([32, 64, 1, 1])	cuda:0	True
2024-10-07 15:02:08,248 - INFO - st_conv2.tconv1.align.conv1x1.bias	torch.Size([32])	cuda:0	True
2024-10-07 15:02:08,249 - INFO - st_conv2.tconv1.conv.weight	torch.Size([64, 64, 3, 1])	cuda:0	True
2024-10-07 15:02:08,249 - INFO - st_conv2.tconv1.conv.bias	torch.Size([64])	cuda:0	True
2024-10-07 15:02:08,249 - INFO - st_conv2.sconv.theta	torch.Size([32, 32, 3])	cuda:0	True
2024-10-07 15:02:08,249 - INFO - st_conv2.sconv.b	torch.Size([1, 32, 1, 1])	cuda:0	True
2024-10-07 15:02:08,249 - INFO - st_conv2.tconv2.conv.weight	torch.Size([128, 32, 3, 1])	cuda:0	True
2024-10-07 15:02:08,249 - INFO - st_conv2.tconv2.conv.bias	torch.Size([128])	cuda:0	True
2024-10-07 15:02:08,249 - INFO - st_conv2.ln.weight	torch.Size([207, 128])	cuda:0	True
2024-10-07 15:02:08,249 - INFO - st_conv2.ln.bias	torch.Size([207, 128])	cuda:0	True
2024-10-07 15:02:08,249 - INFO - output.tconv1.conv.weight	torch.Size([256, 128, 4, 1])	cuda:0	True
2024-10-07 15:02:08,249 - INFO - output.tconv1.conv.bias	torch.Size([256])	cuda:0	True
2024-10-07 15:02:08,249 - INFO - output.ln.weight	torch.Size([207, 128])	cuda:0	True
2024-10-07 15:02:08,249 - INFO - output.ln.bias	torch.Size([207, 128])	cuda:0	True
2024-10-07 15:02:08,249 - INFO - output.tconv2.conv.weight	torch.Size([128, 128, 1, 1])	cuda:0	True
2024-10-07 15:02:08,249 - INFO - output.tconv2.conv.bias	torch.Size([128])	cuda:0	True
2024-10-07 15:02:08,249 - INFO - output.fc.conv.weight	torch.Size([1, 128, 1, 1])	cuda:0	True
2024-10-07 15:02:08,249 - INFO - output.fc.conv.bias	torch.Size([1])	cuda:0	True
2024-10-07 15:02:08,249 - INFO - Total parameter numbers: 319969
2024-10-07 15:02:08,249 - INFO - You select `rmsprop` optimizer.
2024-10-07 15:02:08,874 - INFO - You select `steplr` lr_scheduler.
2024-10-07 15:02:08,874 - WARNING - Received none train loss func and will use the loss func defined in the model.
2024-10-07 15:02:08,874 - INFO - Start training ...
2024-10-07 15:02:08,874 - INFO - num_batches:375
2024-10-07 15:02:13,550 - INFO - epoch complete!
2024-10-07 15:02:13,550 - INFO - evaluating now!
2024-10-07 15:02:14,812 - INFO - Epoch [0/100] train_loss: 56.1305, val_loss: 185.9446, lr: 0.001000, 5.94s
2024-10-07 15:02:14,819 - INFO - Saved model at 0
2024-10-07 15:02:14,819 - INFO - Val loss decrease from inf to 185.9446, saving to ./libcity/cache/78370/model_cache/STGCN_METR_LA_epoch0.tar
2024-10-07 15:02:18,700 - INFO - epoch complete!
2024-10-07 15:02:18,701 - INFO - evaluating now!
2024-10-07 15:02:19,961 - INFO - Epoch [1/100] train_loss: 41.2052, val_loss: 186.6648, lr: 0.001000, 5.14s
2024-10-07 15:02:23,809 - INFO - epoch complete!
2024-10-07 15:02:23,810 - INFO - evaluating now!
2024-10-07 15:02:25,071 - INFO - Epoch [2/100] train_loss: 39.7748, val_loss: 146.5309, lr: 0.001000, 5.11s
2024-10-07 15:02:25,077 - INFO - Saved model at 2
2024-10-07 15:02:25,077 - INFO - Val loss decrease from 185.9446 to 146.5309, saving to ./libcity/cache/78370/model_cache/STGCN_METR_LA_epoch2.tar
2024-10-07 15:02:28,923 - INFO - epoch complete!
2024-10-07 15:02:28,923 - INFO - evaluating now!
2024-10-07 15:02:30,187 - INFO - Epoch [3/100] train_loss: 38.9773, val_loss: 192.7995, lr: 0.001000, 5.11s
2024-10-07 15:02:34,035 - INFO - epoch complete!
2024-10-07 15:02:34,035 - INFO - evaluating now!
2024-10-07 15:02:35,300 - INFO - Epoch [4/100] train_loss: 38.5995, val_loss: 136.2381, lr: 0.000700, 5.11s
2024-10-07 15:02:35,306 - INFO - Saved model at 4
2024-10-07 15:02:35,306 - INFO - Val loss decrease from 146.5309 to 136.2381, saving to ./libcity/cache/78370/model_cache/STGCN_METR_LA_epoch4.tar
2024-10-07 15:02:39,148 - INFO - epoch complete!
2024-10-07 15:02:39,148 - INFO - evaluating now!
2024-10-07 15:02:40,414 - INFO - Epoch [5/100] train_loss: 36.8490, val_loss: 128.2852, lr: 0.000700, 5.11s
2024-10-07 15:02:40,420 - INFO - Saved model at 5
2024-10-07 15:02:40,420 - INFO - Val loss decrease from 136.2381 to 128.2852, saving to ./libcity/cache/78370/model_cache/STGCN_METR_LA_epoch5.tar
2024-10-07 15:02:44,255 - INFO - epoch complete!
2024-10-07 15:02:44,255 - INFO - evaluating now!
2024-10-07 15:02:45,520 - INFO - Epoch [6/100] train_loss: 36.6276, val_loss: 134.3281, lr: 0.000700, 5.10s
2024-10-07 15:02:49,347 - INFO - epoch complete!
2024-10-07 15:02:49,347 - INFO - evaluating now!
2024-10-07 15:02:50,613 - INFO - Epoch [7/100] train_loss: 36.3654, val_loss: 132.0184, lr: 0.000700, 5.09s
2024-10-07 15:02:54,454 - INFO - epoch complete!
2024-10-07 15:02:54,454 - INFO - evaluating now!
2024-10-07 15:02:55,720 - INFO - Epoch [8/100] train_loss: 35.8952, val_loss: 140.9320, lr: 0.000700, 5.11s
2024-10-07 15:02:59,553 - INFO - epoch complete!
2024-10-07 15:02:59,553 - INFO - evaluating now!
2024-10-07 15:03:00,821 - INFO - Epoch [9/100] train_loss: 35.8359, val_loss: 129.3415, lr: 0.000490, 5.10s
2024-10-07 15:03:04,629 - INFO - epoch complete!
2024-10-07 15:03:04,629 - INFO - evaluating now!
2024-10-07 15:03:05,897 - INFO - Epoch [10/100] train_loss: 34.9352, val_loss: 130.4635, lr: 0.000490, 5.08s
2024-10-07 15:03:09,728 - INFO - epoch complete!
2024-10-07 15:03:09,728 - INFO - evaluating now!
2024-10-07 15:03:10,996 - INFO - Epoch [11/100] train_loss: 34.6831, val_loss: 143.4768, lr: 0.000490, 5.10s
2024-10-07 15:03:14,811 - INFO - epoch complete!
2024-10-07 15:03:14,812 - INFO - evaluating now!
2024-10-07 15:03:16,079 - INFO - Epoch [12/100] train_loss: 34.5558, val_loss: 138.9565, lr: 0.000490, 5.08s
2024-10-07 15:03:19,910 - INFO - epoch complete!
2024-10-07 15:03:19,910 - INFO - evaluating now!
2024-10-07 15:03:21,178 - INFO - Epoch [13/100] train_loss: 34.2677, val_loss: 128.8792, lr: 0.000490, 5.10s
2024-10-07 15:03:25,044 - INFO - epoch complete!
2024-10-07 15:03:25,044 - INFO - evaluating now!
2024-10-07 15:03:26,312 - INFO - Epoch [14/100] train_loss: 33.9366, val_loss: 125.3358, lr: 0.000343, 5.13s
2024-10-07 15:03:26,319 - INFO - Saved model at 14
2024-10-07 15:03:26,319 - INFO - Val loss decrease from 128.2852 to 125.3358, saving to ./libcity/cache/78370/model_cache/STGCN_METR_LA_epoch14.tar
2024-10-07 15:03:30,180 - INFO - epoch complete!
2024-10-07 15:03:30,181 - INFO - evaluating now!
2024-10-07 15:03:31,449 - INFO - Epoch [15/100] train_loss: 33.2619, val_loss: 127.4528, lr: 0.000343, 5.13s
2024-10-07 15:03:35,304 - INFO - epoch complete!
2024-10-07 15:03:35,304 - INFO - evaluating now!
2024-10-07 15:03:36,573 - INFO - Epoch [16/100] train_loss: 33.2314, val_loss: 125.9532, lr: 0.000343, 5.12s
2024-10-07 15:03:40,412 - INFO - epoch complete!
2024-10-07 15:03:40,413 - INFO - evaluating now!
2024-10-07 15:03:41,681 - INFO - Epoch [17/100] train_loss: 33.0877, val_loss: 125.1932, lr: 0.000343, 5.11s
2024-10-07 15:03:41,687 - INFO - Saved model at 17
2024-10-07 15:03:41,687 - INFO - Val loss decrease from 125.3358 to 125.1932, saving to ./libcity/cache/78370/model_cache/STGCN_METR_LA_epoch17.tar
2024-10-07 15:03:45,530 - INFO - epoch complete!
2024-10-07 15:03:45,530 - INFO - evaluating now!
2024-10-07 15:03:46,798 - INFO - Epoch [18/100] train_loss: 32.7916, val_loss: 129.5988, lr: 0.000343, 5.11s
2024-10-07 15:03:50,615 - INFO - epoch complete!
2024-10-07 15:03:50,616 - INFO - evaluating now!
2024-10-07 15:03:51,885 - INFO - Epoch [19/100] train_loss: 32.7248, val_loss: 124.9853, lr: 0.000240, 5.09s
2024-10-07 15:03:51,891 - INFO - Saved model at 19
2024-10-07 15:03:51,891 - INFO - Val loss decrease from 125.1932 to 124.9853, saving to ./libcity/cache/78370/model_cache/STGCN_METR_LA_epoch19.tar
2024-10-07 15:03:55,708 - INFO - epoch complete!
2024-10-07 15:03:55,708 - INFO - evaluating now!
2024-10-07 15:03:56,972 - INFO - Epoch [20/100] train_loss: 32.3393, val_loss: 125.3527, lr: 0.000240, 5.08s
2024-10-07 15:04:00,804 - INFO - epoch complete!
2024-10-07 15:04:00,805 - INFO - evaluating now!
2024-10-07 15:04:02,074 - INFO - Epoch [21/100] train_loss: 32.0883, val_loss: 140.6436, lr: 0.000240, 5.10s
2024-10-07 15:04:05,923 - INFO - epoch complete!
2024-10-07 15:04:05,923 - INFO - evaluating now!
2024-10-07 15:04:07,191 - INFO - Epoch [22/100] train_loss: 31.9606, val_loss: 123.6134, lr: 0.000240, 5.12s
2024-10-07 15:04:07,196 - INFO - Saved model at 22
2024-10-07 15:04:07,197 - INFO - Val loss decrease from 124.9853 to 123.6134, saving to ./libcity/cache/78370/model_cache/STGCN_METR_LA_epoch22.tar
2024-10-07 15:04:11,024 - INFO - epoch complete!
2024-10-07 15:04:11,024 - INFO - evaluating now!
2024-10-07 15:04:12,293 - INFO - Epoch [23/100] train_loss: 31.6774, val_loss: 127.1309, lr: 0.000240, 5.10s
2024-10-07 15:04:16,094 - INFO - epoch complete!
2024-10-07 15:04:16,095 - INFO - evaluating now!
2024-10-07 15:04:17,363 - INFO - Epoch [24/100] train_loss: 31.5043, val_loss: 125.6466, lr: 0.000168, 5.07s
2024-10-07 15:04:21,231 - INFO - epoch complete!
2024-10-07 15:04:21,231 - INFO - evaluating now!
2024-10-07 15:04:22,500 - INFO - Epoch [25/100] train_loss: 31.2943, val_loss: 123.5261, lr: 0.000168, 5.14s
2024-10-07 15:04:22,506 - INFO - Saved model at 25
2024-10-07 15:04:22,506 - INFO - Val loss decrease from 123.6134 to 123.5261, saving to ./libcity/cache/78370/model_cache/STGCN_METR_LA_epoch25.tar
