2024-10-07 19:14:16,435 - INFO - Log directory: ./libcity/log
2024-10-07 19:14:16,435 - INFO - Begin pipeline, task=MTS_pred, model_name=STGCN, dataset_name=METR_LA, exp_id=81346
2024-10-07 19:14:16,435 - INFO - {'task': 'MTS_pred', 'model': 'STGCN', 'dataset': 'METR_LA', 'saved_model': True, 'seed': 0, 'dataset_class': 'StatePointDataset', 'executor': 'StateExecutor', 'evaluator': 'StateEvaluator', 'Ks': 3, 'Kt': 3, 'blocks': [[1, 32, 64], [64, 32, 128]], 'dropout': 0, 'graph_conv_type': 'chebconv', 'stgcn_train_mode': 'quick', 'bidir_adj_mx': True, 'scaler': 'standard', 'load_external': False, 'normal_external': False, 'ext_scaler': 'none', 'add_time_in_day': False, 'add_day_in_week': False, 'max_epoch': 100, 'learner': 'rmsprop', 'learning_rate': 0.001, 'lr_decay': True, 'lr_scheduler': 'steplr', 'lr_decay_ratio': 0.7, 'step_size': 5, 'clip_grad_norm': False, 'use_early_stop': False, 'batch_size': 64, 'cache_dataset': True, 'num_workers': 0, 'pad_with_last_sample': True, 'train_rate': 0.7, 'eval_rate': 0.1, 'input_window': 12, 'output_window': 12, 'robustness_test': False, 'noise_type': 'gaussian', 'disturb_rate': 0.5, 'noise_mean': [5], 'noise_SD': [10], 'gpu': True, 'gpu_id': 0, 'train_loss': 'none', 'epoch': 0, 'weight_decay': 0, 'lr_epsilon': 1e-08, 'lr_beta1': 0.9, 'lr_beta2': 0.999, 'lr_alpha': 0.99, 'lr_momentum': 0, 'steps': [5, 20, 40, 70], 'lr_T_max': 30, 'lr_eta_min': 0, 'lr_patience': 10, 'lr_threshold': 0.0001, 'max_grad_norm': 1.0, 'patience': 50, 'log_level': 'INFO', 'log_every': 1, 'load_best_epoch': True, 'hyper_tune': False, 'metrics': ['MAE', 'MAPE', 'RMSE'], 'evaluator_mode': 'single', 'save_mode': ['csv'], 'geo': {'including_types': ['Point'], 'Point': {}}, 'rel': {'including_types': ['geo'], 'geo': {'cost': 'num'}}, 'dyna': {'including_types': ['state'], 'state': {'entity_id': 'geo_id', 'traffic_speed': 'num'}}, 'data_col': ['traffic_speed'], 'weight_col': 'cost', 'data_files': ['METR_LA'], 'geo_file': 'METR_LA', 'rel_file': 'METR_LA', 'output_dim': 1, 'time_intervals': 300, 'init_weight_inf_or_zero': 'inf', 'set_weight_link_or_dist': 'dist', 'calculate_weight_adj': True, 'weight_adj_epsilon': 0.1, 'device': device(type='cuda', index=0), 'exp_id': 81346}
2024-10-07 19:14:16,920 - INFO - Loaded file METR_LA_feature.csv, shape=(34272, 207, 1)
2024-10-07 19:14:17,947 - INFO - Dataset created
2024-10-07 19:14:17,948 - INFO - x shape: (34249, 12, 207, 1), y shape: (34249, 12, 207, 1)
2024-10-07 19:14:17,951 - INFO - train	x: (23974, 12, 207, 1), y: (23974, 12, 207, 1)
2024-10-07 19:14:17,951 - INFO - eval	x: (3425, 12, 207, 1), y: (3425, 12, 207, 1)
2024-10-07 19:14:17,951 - INFO - test	x: (6850, 12, 207, 1), y: (6850, 12, 207, 1)
2024-10-07 19:14:31,099 - INFO - Saved at ./libcity/cache/dataset_cache/point_based_METR_LA_12_12_0.7_0.1_standard_64_False_False_False_True.npz
2024-10-07 19:14:31,277 - INFO - StandardScaler mean: 54.40592829587626, std: 19.493739270573098
2024-10-07 19:14:31,277 - INFO - NoneScaler
2024-10-07 19:14:32,352 - INFO - You select quick mode to train STGCN model.
2024-10-07 19:14:32,483 - INFO - Chebyshev_polynomial_Lk shape: (3, 207, 207)
2024-10-07 19:14:32,696 - INFO - STGCN(
  (st_conv1): STConvBlock(
    (tconv1): TemporalConvLayer(
      (align): Align()
      (conv): Conv2d(1, 64, kernel_size=(3, 1), stride=(1, 1))
    )
    (sconv): SpatioConvLayer(
      (align): Align()
    )
    (tconv2): TemporalConvLayer(
      (align): Align()
      (conv): Conv2d(32, 64, kernel_size=(3, 1), stride=(1, 1))
    )
    (ln): LayerNorm((207, 64), eps=1e-05, elementwise_affine=True)
    (dropout): Dropout(p=0, inplace=False)
  )
  (st_conv2): STConvBlock(
    (tconv1): TemporalConvLayer(
      (align): Align(
        (conv1x1): Conv2d(64, 32, kernel_size=(1, 1), stride=(1, 1))
      )
      (conv): Conv2d(64, 64, kernel_size=(3, 1), stride=(1, 1))
    )
    (sconv): SpatioConvLayer(
      (align): Align()
    )
    (tconv2): TemporalConvLayer(
      (align): Align()
      (conv): Conv2d(32, 128, kernel_size=(3, 1), stride=(1, 1))
    )
    (ln): LayerNorm((207, 128), eps=1e-05, elementwise_affine=True)
    (dropout): Dropout(p=0, inplace=False)
  )
  (output): OutputLayer(
    (tconv1): TemporalConvLayer(
      (align): Align()
      (conv): Conv2d(128, 256, kernel_size=(4, 1), stride=(1, 1))
    )
    (ln): LayerNorm((207, 128), eps=1e-05, elementwise_affine=True)
    (tconv2): TemporalConvLayer(
      (align): Align()
      (conv): Conv2d(128, 128, kernel_size=(1, 1), stride=(1, 1))
    )
    (fc): FullyConvLayer(
      (conv): Conv2d(128, 1, kernel_size=(1, 1), stride=(1, 1))
    )
  )
)
2024-10-07 19:14:32,697 - INFO - st_conv1.tconv1.conv.weight	torch.Size([64, 1, 3, 1])	cuda:0	True
2024-10-07 19:14:32,697 - INFO - st_conv1.tconv1.conv.bias	torch.Size([64])	cuda:0	True
2024-10-07 19:14:32,697 - INFO - st_conv1.sconv.theta	torch.Size([32, 32, 3])	cuda:0	True
2024-10-07 19:14:32,697 - INFO - st_conv1.sconv.b	torch.Size([1, 32, 1, 1])	cuda:0	True
2024-10-07 19:14:32,697 - INFO - st_conv1.tconv2.conv.weight	torch.Size([64, 32, 3, 1])	cuda:0	True
2024-10-07 19:14:32,697 - INFO - st_conv1.tconv2.conv.bias	torch.Size([64])	cuda:0	True
2024-10-07 19:14:32,697 - INFO - st_conv1.ln.weight	torch.Size([207, 64])	cuda:0	True
2024-10-07 19:14:32,697 - INFO - st_conv1.ln.bias	torch.Size([207, 64])	cuda:0	True
2024-10-07 19:14:32,697 - INFO - st_conv2.tconv1.align.conv1x1.weight	torch.Size([32, 64, 1, 1])	cuda:0	True
2024-10-07 19:14:32,697 - INFO - st_conv2.tconv1.align.conv1x1.bias	torch.Size([32])	cuda:0	True
2024-10-07 19:14:32,697 - INFO - st_conv2.tconv1.conv.weight	torch.Size([64, 64, 3, 1])	cuda:0	True
2024-10-07 19:14:32,697 - INFO - st_conv2.tconv1.conv.bias	torch.Size([64])	cuda:0	True
2024-10-07 19:14:32,697 - INFO - st_conv2.sconv.theta	torch.Size([32, 32, 3])	cuda:0	True
2024-10-07 19:14:32,697 - INFO - st_conv2.sconv.b	torch.Size([1, 32, 1, 1])	cuda:0	True
2024-10-07 19:14:32,697 - INFO - st_conv2.tconv2.conv.weight	torch.Size([128, 32, 3, 1])	cuda:0	True
2024-10-07 19:14:32,697 - INFO - st_conv2.tconv2.conv.bias	torch.Size([128])	cuda:0	True
2024-10-07 19:14:32,697 - INFO - st_conv2.ln.weight	torch.Size([207, 128])	cuda:0	True
2024-10-07 19:14:32,697 - INFO - st_conv2.ln.bias	torch.Size([207, 128])	cuda:0	True
2024-10-07 19:14:32,697 - INFO - output.tconv1.conv.weight	torch.Size([256, 128, 4, 1])	cuda:0	True
2024-10-07 19:14:32,697 - INFO - output.tconv1.conv.bias	torch.Size([256])	cuda:0	True
2024-10-07 19:14:32,697 - INFO - output.ln.weight	torch.Size([207, 128])	cuda:0	True
2024-10-07 19:14:32,697 - INFO - output.ln.bias	torch.Size([207, 128])	cuda:0	True
2024-10-07 19:14:32,697 - INFO - output.tconv2.conv.weight	torch.Size([128, 128, 1, 1])	cuda:0	True
2024-10-07 19:14:32,698 - INFO - output.tconv2.conv.bias	torch.Size([128])	cuda:0	True
2024-10-07 19:14:32,698 - INFO - output.fc.conv.weight	torch.Size([1, 128, 1, 1])	cuda:0	True
2024-10-07 19:14:32,698 - INFO - output.fc.conv.bias	torch.Size([1])	cuda:0	True
2024-10-07 19:14:32,698 - INFO - Total parameter numbers: 319969
2024-10-07 19:14:32,698 - INFO - You select `rmsprop` optimizer.
2024-10-07 19:14:34,401 - INFO - You select `steplr` lr_scheduler.
2024-10-07 19:14:34,401 - WARNING - Received none train loss func and will use the loss func defined in the model.
2024-10-07 19:14:34,401 - INFO - Start training ...
2024-10-07 19:14:34,401 - INFO - num_batches:375
2024-10-07 19:14:38,650 - INFO - epoch complete!
2024-10-07 19:14:38,651 - INFO - evaluating now!
2024-10-07 19:14:39,915 - INFO - Epoch [0/100] train_loss: 56.1305, val_loss: 185.9446, lr: 0.001000, 5.51s
2024-10-07 19:14:39,921 - INFO - Saved model at 0
2024-10-07 19:14:39,921 - INFO - Val loss decrease from inf to 185.9446, saving to ./libcity/cache/81346/model_cache/STGCN_METR_LA_epoch0.tar
2024-10-07 19:14:43,748 - INFO - epoch complete!
2024-10-07 19:14:43,748 - INFO - evaluating now!
2024-10-07 19:14:45,010 - INFO - Epoch [1/100] train_loss: 41.2052, val_loss: 186.6648, lr: 0.001000, 5.09s
2024-10-07 19:14:48,847 - INFO - epoch complete!
2024-10-07 19:14:48,848 - INFO - evaluating now!
2024-10-07 19:14:50,111 - INFO - Epoch [2/100] train_loss: 39.7748, val_loss: 146.5309, lr: 0.001000, 5.10s
2024-10-07 19:14:50,117 - INFO - Saved model at 2
2024-10-07 19:14:50,117 - INFO - Val loss decrease from 185.9446 to 146.5309, saving to ./libcity/cache/81346/model_cache/STGCN_METR_LA_epoch2.tar
2024-10-07 19:14:53,906 - INFO - epoch complete!
2024-10-07 19:14:53,906 - INFO - evaluating now!
2024-10-07 19:14:55,168 - INFO - Epoch [3/100] train_loss: 38.9773, val_loss: 192.7995, lr: 0.001000, 5.05s
2024-10-07 19:14:58,971 - INFO - epoch complete!
2024-10-07 19:14:58,971 - INFO - evaluating now!
2024-10-07 19:15:00,233 - INFO - Epoch [4/100] train_loss: 38.5995, val_loss: 136.2381, lr: 0.000700, 5.06s
2024-10-07 19:15:00,239 - INFO - Saved model at 4
2024-10-07 19:15:00,239 - INFO - Val loss decrease from 146.5309 to 136.2381, saving to ./libcity/cache/81346/model_cache/STGCN_METR_LA_epoch4.tar
2024-10-07 19:15:04,059 - INFO - epoch complete!
2024-10-07 19:15:04,059 - INFO - evaluating now!
2024-10-07 19:15:05,321 - INFO - Epoch [5/100] train_loss: 36.8490, val_loss: 128.2852, lr: 0.000700, 5.08s
2024-10-07 19:15:05,327 - INFO - Saved model at 5
2024-10-07 19:15:05,328 - INFO - Val loss decrease from 136.2381 to 128.2852, saving to ./libcity/cache/81346/model_cache/STGCN_METR_LA_epoch5.tar
2024-10-07 19:15:09,149 - INFO - epoch complete!
2024-10-07 19:15:09,149 - INFO - evaluating now!
2024-10-07 19:15:10,410 - INFO - Epoch [6/100] train_loss: 36.6276, val_loss: 134.3281, lr: 0.000700, 5.08s
2024-10-07 19:15:14,239 - INFO - epoch complete!
2024-10-07 19:15:14,240 - INFO - evaluating now!
2024-10-07 19:15:15,506 - INFO - Epoch [7/100] train_loss: 36.3654, val_loss: 132.0184, lr: 0.000700, 5.10s
2024-10-07 19:15:19,340 - INFO - epoch complete!
2024-10-07 19:15:19,340 - INFO - evaluating now!
2024-10-07 19:15:20,606 - INFO - Epoch [8/100] train_loss: 35.8952, val_loss: 140.9320, lr: 0.000700, 5.10s
