2024-08-22 12:29:24,663 - INFO - Log directory: ./libcity/log
2024-08-22 12:29:24,664 - INFO - Begin pipeline, task=MTS_pred, model_name=RNN, dataset_name=METR_LA, exp_id=83164
2024-08-22 12:29:24,664 - INFO - {'task': 'MTS_pred', 'model': 'RNN', 'dataset': 'METR_LA', 'saved_model': True, 'seed': 0, 'max_epoch': 1, 'dataset_class': 'StatePointDataset', 'executor': 'StateExecutor', 'evaluator': 'StateEvaluator', 'rnn_type': 'RNN', 'hidden_size': 64, 'num_layers': 1, 'dropout': 0, 'bidirectional': False, 'teacher_forcing_ratio': 0, 'scaler': 'standard', 'load_external': False, 'normal_external': False, 'ext_scaler': 'none', 'add_time_in_day': True, 'add_day_in_week': False, 'learner': 'adam', 'learning_rate': 0.01, 'lr_decay': True, 'lr_scheduler': 'multisteplr', 'lr_decay_ratio': 0.1, 'steps': [5, 20, 40, 70], 'clip_grad_norm': True, 'max_grad_norm': 5, 'use_early_stop': True, 'patience': 50, 'batch_size': 64, 'cache_dataset': True, 'num_workers': 0, 'pad_with_last_sample': True, 'train_rate': 0.7, 'eval_rate': 0.1, 'input_window': 12, 'output_window': 12, 'robustness_test': False, 'noise_type': 'gaussian', 'disturb_rate': 0.5, 'noise_mean': [5], 'noise_SD': [10], 'gpu': True, 'gpu_id': 0, 'train_loss': 'none', 'epoch': 0, 'weight_decay': 0, 'lr_epsilon': 1e-08, 'lr_beta1': 0.9, 'lr_beta2': 0.999, 'lr_alpha': 0.99, 'lr_momentum': 0, 'step_size': 10, 'lr_T_max': 30, 'lr_eta_min': 0, 'lr_patience': 10, 'lr_threshold': 0.0001, 'log_level': 'INFO', 'log_every': 1, 'load_best_epoch': True, 'hyper_tune': False, 'metrics': ['MAE', 'MAPE', 'RMSE'], 'evaluator_mode': 'single', 'save_mode': ['csv'], 'geo': {'including_types': ['Point'], 'Point': {}}, 'rel': {'including_types': ['geo'], 'geo': {'cost': 'num'}}, 'dyna': {'including_types': ['state'], 'state': {'entity_id': 'geo_id', 'traffic_speed': 'num'}}, 'data_col': ['traffic_speed'], 'weight_col': 'cost', 'data_files': ['METR_LA'], 'geo_file': 'METR_LA', 'rel_file': 'METR_LA', 'output_dim': 1, 'time_intervals': 300, 'init_weight_inf_or_zero': 'inf', 'set_weight_link_or_dist': 'dist', 'calculate_weight_adj': True, 'weight_adj_epsilon': 0.1, 'device': device(type='cuda', index=0), 'exp_id': 83164}
2024-08-22 12:29:24,674 - INFO - Loaded file METR_LA.geo, num_nodes=207
2024-08-22 12:29:24,684 - INFO - set_weight_link_or_dist: dist
2024-08-22 12:29:24,684 - INFO - init_weight_inf_or_zero: inf
2024-08-22 12:29:24,717 - INFO - Loaded file METR_LA.rel, shape=(207, 207)
2024-08-22 12:29:24,717 - INFO - Start Calculate the weight by Gauss kernel!
2024-08-22 12:29:24,718 - INFO - Loading file METR_LA.dyna
2024-08-22 12:29:29,950 - INFO - Loaded file METR_LA.dyna, shape=(34272, 207, 1)
2024-08-22 12:29:32,192 - INFO - Dataset created
2024-08-22 12:29:32,192 - INFO - x shape: (34249, 12, 207, 1), y shape: (34249, 12, 207, 1)
2024-08-22 12:29:32,196 - INFO - train	x: (23974, 12, 207, 1), y: (23974, 12, 207, 1)
2024-08-22 12:29:32,196 - INFO - eval	x: (3425, 12, 207, 1), y: (3425, 12, 207, 1)
2024-08-22 12:29:32,196 - INFO - test	x: (6850, 12, 207, 1), y: (6850, 12, 207, 1)
2024-08-22 12:29:50,090 - INFO - Saved at ./libcity/cache/dataset_cache/point_based_METR_LA_12_12_0.7_0.1_standard_64_False_True_False_True.npz
2024-08-22 12:29:50,580 - INFO - StandardScaler mean: 54.40592829587626, std: 19.493739270573098
2024-08-22 12:29:50,580 - INFO - NoneScaler
2024-08-22 12:29:53,001 - INFO - You select rnn_type RNN in RNN!
2024-08-22 12:29:53,331 - INFO - RNN(
  (rnn): RNN(207, 64)
  (fc): Linear(in_features=64, out_features=207, bias=True)
)
2024-08-22 12:29:53,331 - INFO - rnn.weight_ih_l0	torch.Size([64, 207])	cuda:0	True
2024-08-22 12:29:53,331 - INFO - rnn.weight_hh_l0	torch.Size([64, 64])	cuda:0	True
2024-08-22 12:29:53,331 - INFO - rnn.bias_ih_l0	torch.Size([64])	cuda:0	True
2024-08-22 12:29:53,331 - INFO - rnn.bias_hh_l0	torch.Size([64])	cuda:0	True
2024-08-22 12:29:53,332 - INFO - fc.weight	torch.Size([207, 64])	cuda:0	True
2024-08-22 12:29:53,332 - INFO - fc.bias	torch.Size([207])	cuda:0	True
2024-08-22 12:29:53,332 - INFO - Total parameter numbers: 30927
2024-08-22 12:29:53,332 - INFO - You select `adam` optimizer.
2024-08-22 12:29:53,953 - INFO - You select `multisteplr` lr_scheduler.
2024-08-22 12:29:53,954 - WARNING - Received none train loss func and will use the loss func defined in the model.
2024-08-22 12:29:53,954 - INFO - Start training ...
2024-08-22 12:29:53,954 - INFO - num_batches:375
2024-08-22 12:30:06,401 - INFO - epoch complete!
2024-08-22 12:30:06,402 - INFO - evaluating now!
2024-08-22 12:30:06,749 - INFO - Epoch [0/1] train_loss: 5.5483, val_loss: 5.0846, lr: 0.010000, 12.80s
2024-08-22 12:30:06,777 - INFO - Saved model at 0
2024-08-22 12:30:06,777 - INFO - Val loss decrease from inf to 5.0846, saving to ./libcity/cache/83164/model_cache/RNN_METR_LA_epoch0.tar
2024-08-22 12:30:06,777 - INFO - Trained totally 1 epochs, average train time is 12.446s, average eval time is 0.347s
2024-08-22 12:30:06,785 - INFO - Loaded model at 0
2024-08-22 12:30:06,786 - INFO - Saved model at ./libcity/cache/83164/model_cache/RNN_METR_LA.m
2024-08-22 12:30:06,791 - INFO - Start evaluating ...
2024-08-22 12:30:18,593 - INFO - Note that you select the single mode to evaluate!
2024-08-22 12:30:18,597 - INFO - Evaluate result is saved at ./libcity/cache/83164/evaluate_cache/2024_08_22_12_30_18_RNN_METR_LA.csv
2024-08-22 12:30:18,604 - INFO - 
         MAE      MAPE      RMSE
1   5.287023  0.158421  9.146003
2   5.258458  0.159919  9.299061
3   5.260833  0.160942  9.409044
4   5.264184  0.161637  9.482383
5   5.282051  0.162396  9.548483
6   5.301243  0.163104  9.608958
7   5.323431  0.163811  9.667088
8   5.347028  0.164512  9.723729
9   5.372468  0.165235  9.780929
10  5.398946  0.165972  9.837828
11  5.426449  0.166733  9.895363
12  5.455230  0.167524  9.953684
