2024-08-18 23:58:48,250 - INFO - Log directory: ./libcity/log
2024-08-18 23:58:48,251 - INFO - Begin pipeline, task=MTS_pred, model_name=GRU, dataset_name=METR_LA, exp_id=84358
2024-08-18 23:58:48,251 - INFO - {'task': 'MTS_pred', 'model': 'RNN', 'dataset': 'METR_LA', 'saved_model': True, 'seed': 0, 'max_epoch': 1, 'dataset_class': 'StatePointDataset', 'executor': 'StateExecutor', 'evaluator': 'StateEvaluator', 'rnn_type': 'GRU', 'hidden_size': 64, 'num_layers': 1, 'dropout': 0, 'bidirectional': False, 'teacher_forcing_ratio': 0, 'scaler': 'standard', 'load_external': False, 'normal_external': False, 'ext_scaler': 'none', 'add_time_in_day': True, 'add_day_in_week': False, 'learner': 'adam', 'learning_rate': 0.01, 'lr_decay': True, 'lr_scheduler': 'multisteplr', 'lr_decay_ratio': 0.1, 'steps': [5, 20, 40, 70], 'clip_grad_norm': True, 'max_grad_norm': 5, 'use_early_stop': True, 'patience': 50, 'batch_size': 64, 'cache_dataset': True, 'num_workers': 0, 'pad_with_last_sample': True, 'train_rate': 0.7, 'eval_rate': 0.1, 'input_window': 12, 'output_window': 12, 'robustness_test': False, 'noise_type': 'gaussian', 'disturb_rate': 0.5, 'noise_mean': [5], 'noise_SD': [10], 'gpu': True, 'gpu_id': 0, 'train_loss': 'none', 'epoch': 0, 'weight_decay': 0, 'lr_epsilon': 1e-08, 'lr_beta1': 0.9, 'lr_beta2': 0.999, 'lr_alpha': 0.99, 'lr_momentum': 0, 'step_size': 10, 'lr_T_max': 30, 'lr_eta_min': 0, 'lr_patience': 10, 'lr_threshold': 0.0001, 'log_level': 'INFO', 'log_every': 1, 'load_best_epoch': True, 'hyper_tune': False, 'metrics': ['MAE', 'MAPE', 'RMSE'], 'evaluator_mode': 'single', 'save_mode': ['csv'], 'geo': {'including_types': ['Point'], 'Point': {}}, 'rel': {'including_types': ['geo'], 'geo': {'cost': 'num'}}, 'dyna': {'including_types': ['state'], 'state': {'entity_id': 'geo_id', 'traffic_speed': 'num'}}, 'data_col': ['traffic_speed'], 'weight_col': 'cost', 'data_files': ['METR_LA'], 'geo_file': 'METR_LA', 'rel_file': 'METR_LA', 'output_dim': 1, 'time_intervals': 300, 'init_weight_inf_or_zero': 'inf', 'set_weight_link_or_dist': 'dist', 'calculate_weight_adj': True, 'weight_adj_epsilon': 0.1, 'device': device(type='cuda', index=0), 'exp_id': 84358}
2024-08-18 23:58:48,256 - INFO - Loaded file METR_LA.geo, num_nodes=207
2024-08-18 23:58:48,262 - INFO - set_weight_link_or_dist: dist
2024-08-18 23:58:48,262 - INFO - init_weight_inf_or_zero: inf
2024-08-18 23:58:48,295 - INFO - Loaded file METR_LA.rel, shape=(207, 207)
2024-08-18 23:58:48,295 - INFO - Start Calculate the weight by Gauss kernel!
2024-08-18 23:58:48,296 - INFO - Loading file METR_LA.dyna
2024-08-18 23:58:52,896 - INFO - Loaded file METR_LA.dyna, shape=(34272, 207, 1)
2024-08-18 23:58:55,041 - INFO - Dataset created
2024-08-18 23:58:55,041 - INFO - x shape: (34249, 12, 207, 1), y shape: (34249, 12, 207, 1)
2024-08-18 23:58:55,045 - INFO - train	x: (23974, 12, 207, 1), y: (23974, 12, 207, 1)
2024-08-18 23:58:55,045 - INFO - eval	x: (3425, 12, 207, 1), y: (3425, 12, 207, 1)
2024-08-18 23:58:55,045 - INFO - test	x: (6850, 12, 207, 1), y: (6850, 12, 207, 1)
2024-08-18 23:59:12,628 - INFO - Saved at ./libcity/cache/dataset_cache/point_based_METR_LA_12_12_0.7_0.1_standard_64_False_True_False_True.npz
2024-08-18 23:59:13,019 - INFO - StandardScaler mean: 54.40592829587626, std: 19.493739270573098
2024-08-18 23:59:13,020 - INFO - NoneScaler
2024-08-18 23:59:15,129 - INFO - You select rnn_type GRU in RNN!
2024-08-18 23:59:24,832 - INFO - RNN(
  (rnn): GRU(207, 64)
  (fc): Linear(in_features=64, out_features=207, bias=True)
)
2024-08-18 23:59:24,832 - INFO - rnn.weight_ih_l0	torch.Size([192, 207])	cuda:0	True
2024-08-18 23:59:24,832 - INFO - rnn.weight_hh_l0	torch.Size([192, 64])	cuda:0	True
2024-08-18 23:59:24,833 - INFO - rnn.bias_ih_l0	torch.Size([192])	cuda:0	True
2024-08-18 23:59:24,833 - INFO - rnn.bias_hh_l0	torch.Size([192])	cuda:0	True
2024-08-18 23:59:24,833 - INFO - fc.weight	torch.Size([207, 64])	cuda:0	True
2024-08-18 23:59:24,833 - INFO - fc.bias	torch.Size([207])	cuda:0	True
2024-08-18 23:59:24,833 - INFO - Total parameter numbers: 65871
2024-08-18 23:59:24,834 - INFO - You select `adam` optimizer.
2024-08-18 23:59:24,834 - INFO - You select `multisteplr` lr_scheduler.
2024-08-18 23:59:24,835 - WARNING - Received none train loss func and will use the loss func defined in the model.
2024-08-19 00:00:10,768 - INFO - Start training ...
2024-08-19 00:00:10,769 - INFO - num_batches:375
2024-08-19 00:00:22,841 - INFO - epoch complete!
2024-08-19 00:00:22,842 - INFO - evaluating now!
2024-08-19 00:00:23,495 - INFO - Epoch [0/1] train_loss: 4.1279, val_loss: 3.7372, lr: 0.010000, 12.73s
2024-08-19 00:00:23,502 - INFO - Saved model at 0
2024-08-19 00:00:23,502 - INFO - Val loss decrease from inf to 3.7372, saving to ./libcity/cache/84358/model_cache/RNN_METR_LA_epoch0.tar
2024-08-19 00:00:23,502 - INFO - Trained totally 1 epochs, average train time is 12.070s, average eval time is 0.653s
2024-08-19 00:00:23,507 - INFO - Loaded model at 0
2024-08-19 00:00:29,122 - INFO - Saved model at ./libcity/cache/84358/model_cache/GRU_METR_LA.m
2024-08-19 00:00:30,280 - INFO - Start evaluating ...
2024-08-19 00:00:46,910 - INFO - Note that you select the single mode to evaluate!
2024-08-19 00:00:46,919 - INFO - Evaluate result is saved at ./libcity/cache/84358/evaluate_cache/2024_08_19_00_00_46_RNN_METR_LA.csv
2024-08-19 00:00:46,939 - INFO - 
         MAE      MAPE      RMSE
1   4.050918  0.112719  7.192173
2   4.042714  0.112963  7.230806
3   4.045562  0.113419  7.273567
4   4.052334  0.113971  7.317390
5   4.060524  0.114585  7.362617
6   4.072248  0.115293  7.410196
7   4.083492  0.115998  7.456941
8   4.095526  0.116734  7.504370
9   4.108346  0.117500  7.552367
10  4.121765  0.118304  7.601331
11  4.136595  0.119193  7.652276
12  4.153549  0.120250  7.707361
