2024-08-22 13:42:40,249 - INFO - Log directory: ./libcity/log
2024-08-22 13:42:40,250 - INFO - Begin pipeline, task=MTS_pred, model_name=RNN, dataset_name=cloud, exp_id=88137
2024-08-22 13:42:40,250 - INFO - {'task': 'MTS_pred', 'model': 'RNN', 'dataset': 'cloud', 'saved_model': True, 'seed': 0, 'max_epoch': 1, 'dataset_class': 'StatePointDataset', 'executor': 'StateExecutor', 'evaluator': 'StateEvaluator', 'rnn_type': 'RNN', 'hidden_size': 64, 'num_layers': 1, 'dropout': 0, 'bidirectional': False, 'teacher_forcing_ratio': 0, 'scaler': 'standard', 'load_external': False, 'normal_external': False, 'ext_scaler': 'none', 'add_time_in_day': True, 'add_day_in_week': False, 'learner': 'adam', 'learning_rate': 0.01, 'lr_decay': True, 'lr_scheduler': 'multisteplr', 'lr_decay_ratio': 0.1, 'steps': [5, 20, 40, 70], 'clip_grad_norm': True, 'max_grad_norm': 5, 'use_early_stop': True, 'patience': 50, 'batch_size': 64, 'cache_dataset': True, 'num_workers': 0, 'pad_with_last_sample': True, 'train_rate': 0.7, 'eval_rate': 0.1, 'input_window': 12, 'output_window': 12, 'robustness_test': False, 'noise_type': 'gaussian', 'disturb_rate': 0.5, 'noise_mean': [5], 'noise_SD': [10], 'gpu': True, 'gpu_id': 0, 'train_loss': 'none', 'epoch': 0, 'weight_decay': 0, 'lr_epsilon': 1e-08, 'lr_beta1': 0.9, 'lr_beta2': 0.999, 'lr_alpha': 0.99, 'lr_momentum': 0, 'step_size': 10, 'lr_T_max': 30, 'lr_eta_min': 0, 'lr_patience': 10, 'lr_threshold': 0.0001, 'log_level': 'INFO', 'log_every': 1, 'load_best_epoch': True, 'hyper_tune': False, 'metrics': ['MAE', 'MAPE', 'RMSE'], 'evaluator_mode': 'single', 'save_mode': ['csv'], 'geo': {'including_types': ['Point'], 'Point': {}}, 'rel': {'including_types': ['geo'], 'geo': {'cost': 'num'}}, 'dyna': {'including_types': ['state'], 'state': {'entity_id': 'geo_id', 'traffic_speed': 'num'}}, 'data_col': ['traffic_speed'], 'weight_col': 'cost', 'data_files': ['cloud'], 'geo_file': 'cloud', 'rel_file': 'cloud', 'output_dim': 1, 'time_intervals': 300, 'init_weight_inf_or_zero': 'inf', 'set_weight_link_or_dist': 'dist', 'calculate_weight_adj': True, 'weight_adj_epsilon': 0.1, 'device': device(type='cuda', index=0), 'exp_id': 88137}
2024-08-22 13:42:43,264 - INFO - Loaded file cloud_feature.csv, shape=(3322, 2048, 1)
2024-08-22 13:42:45,208 - INFO - Dataset created
2024-08-22 13:42:45,208 - INFO - x shape: (3299, 12, 2048, 1), y shape: (3299, 12, 2048, 1)
2024-08-22 13:42:45,212 - INFO - train	x: (2309, 12, 2048, 1), y: (2309, 12, 2048, 1)
2024-08-22 13:42:45,212 - INFO - eval	x: (330, 12, 2048, 1), y: (330, 12, 2048, 1)
2024-08-22 13:42:45,212 - INFO - test	x: (660, 12, 2048, 1), y: (660, 12, 2048, 1)
2024-08-22 13:44:29,216 - INFO - Saved at ./libcity/cache/dataset_cache/point_based_cloud_12_12_0.7_0.1_standard_64_False_True_False_True.npz
2024-08-22 13:44:29,599 - INFO - StandardScaler mean: 0.6730361005208646, std: 0.3631566026517174
2024-08-22 13:44:29,599 - INFO - NoneScaler
2024-08-22 13:44:31,974 - INFO - You select rnn_type RNN in RNN!
2024-08-22 13:44:32,162 - INFO - RNN(
  (rnn): RNN(2048, 64)
  (fc): Linear(in_features=64, out_features=2048, bias=True)
)
2024-08-22 13:44:32,162 - INFO - rnn.weight_ih_l0	torch.Size([64, 2048])	cuda:0	True
2024-08-22 13:44:32,162 - INFO - rnn.weight_hh_l0	torch.Size([64, 64])	cuda:0	True
2024-08-22 13:44:32,162 - INFO - rnn.bias_ih_l0	torch.Size([64])	cuda:0	True
2024-08-22 13:44:32,162 - INFO - rnn.bias_hh_l0	torch.Size([64])	cuda:0	True
2024-08-22 13:44:32,163 - INFO - fc.weight	torch.Size([2048, 64])	cuda:0	True
2024-08-22 13:44:32,163 - INFO - fc.bias	torch.Size([2048])	cuda:0	True
2024-08-22 13:44:32,163 - INFO - Total parameter numbers: 268416
2024-08-22 13:44:32,163 - INFO - You select `adam` optimizer.
2024-08-22 13:44:32,758 - INFO - You select `multisteplr` lr_scheduler.
2024-08-22 13:44:32,759 - WARNING - Received none train loss func and will use the loss func defined in the model.
2024-08-22 13:44:32,759 - INFO - Start training ...
2024-08-22 13:44:32,759 - INFO - num_batches:37
2024-08-22 13:44:34,684 - INFO - epoch complete!
2024-08-22 13:44:34,684 - INFO - evaluating now!
2024-08-22 13:44:34,838 - INFO - Epoch [0/1] train_loss: 0.2532, val_loss: 0.2292, lr: 0.010000, 2.08s
2024-08-22 13:44:34,845 - INFO - Saved model at 0
2024-08-22 13:44:34,845 - INFO - Val loss decrease from inf to 0.2292, saving to ./libcity/cache/88137/model_cache/RNN_cloud_epoch0.tar
2024-08-22 13:44:34,845 - INFO - Trained totally 1 epochs, average train time is 1.925s, average eval time is 0.154s
2024-08-22 13:44:34,849 - INFO - Loaded model at 0
2024-08-22 13:44:34,849 - INFO - Saved model at ./libcity/cache/88137/model_cache/RNN_cloud.m
2024-08-22 13:44:34,855 - INFO - Start evaluating ...
2024-08-22 13:44:49,132 - INFO - Note that you select the single mode to evaluate!
2024-08-22 13:44:49,137 - INFO - Evaluate result is saved at ./libcity/cache/88137/evaluate_cache/2024_08_22_13_44_49_RNN_cloud.csv
2024-08-22 13:44:49,143 - INFO - 
         MAE      MAPE      RMSE
1   0.226609  7.995148  0.320900
2   0.226487  8.126352  0.320763
3   0.226474  8.036374  0.320726
4   0.226349  8.038715  0.320523
5   0.226307  8.009278  0.320503
6   0.226326  7.989121  0.320561
7   0.226389  7.969972  0.320646
8   0.226425  7.944236  0.320682
9   0.226479  7.931191  0.320747
10  0.226477  7.908940  0.320738
11  0.226415  7.902320  0.320653
12  0.226384  7.888625  0.320606
