2024-08-20 17:34:52,198 - INFO - Log directory: ./libcity/log
2024-08-20 17:34:52,198 - INFO - Begin pipeline, task=MTS_pred, model_name=MTGNN, dataset_name=METR_LA, exp_id=9
2024-08-20 17:34:52,198 - INFO - {'task': 'MTS_pred', 'model': 'MTGNN', 'dataset': 'METR_LA', 'saved_model': True, 'exp_id': '9', 'seed': 0, 'gpu_id': 3, 'max_epoch': 100, 'dataset_class': 'StatePointDataset', 'executor': 'StateExecutor', 'evaluator': 'StateEvaluator', 'gcn_true': True, 'buildA_true': True, 'gcn_depth': 2, 'dropout': 0.3, 'subgraph_size': 20, 'node_dim': 40, 'dilation_exponential': 1, 'conv_channels': 32, 'residual_channels': 32, 'skip_channels': 64, 'end_channels': 128, 'layers': 3, 'propalpha': 0.05, 'tanhalpha': 3, 'layer_norm_affline': True, 'use_curriculum_learning': True, 'step_size1': 2500, 'task_level': 0, 'num_split': 1, 'step_size2': 100, 'scaler': 'standard', 'load_external': False, 'normal_external': False, 'ext_scaler': 'none', 'add_time_in_day': True, 'add_day_in_week': False, 'learner': 'adam', 'learning_rate': 0.001, 'weight_decay': 0.0001, 'lr_decay': False, 'clip_grad_norm': True, 'max_grad_norm': 5, 'use_early_stop': True, 'patience': 50, 'batch_size': 64, 'cache_dataset': True, 'num_workers': 0, 'pad_with_last_sample': True, 'train_rate': 0.7, 'eval_rate': 0.1, 'input_window': 12, 'output_window': 12, 'robustness_test': False, 'noise_type': 'gaussian', 'disturb_rate': 0.5, 'noise_mean': [5], 'noise_SD': [10], 'gpu': True, 'train_loss': 'none', 'epoch': 0, 'lr_epsilon': 1e-08, 'lr_beta1': 0.9, 'lr_beta2': 0.999, 'lr_alpha': 0.99, 'lr_momentum': 0, 'lr_scheduler': 'multisteplr', 'lr_decay_ratio': 0.1, 'steps': [5, 20, 40, 70], 'step_size': 10, 'lr_T_max': 30, 'lr_eta_min': 0, 'lr_patience': 10, 'lr_threshold': 0.0001, 'log_level': 'INFO', 'log_every': 1, 'load_best_epoch': True, 'hyper_tune': False, 'metrics': ['MAE', 'MAPE', 'RMSE'], 'evaluator_mode': 'single', 'save_mode': ['csv'], 'geo': {'including_types': ['Point'], 'Point': {}}, 'rel': {'including_types': ['geo'], 'geo': {'cost': 'num'}}, 'dyna': {'including_types': ['state'], 'state': {'entity_id': 'geo_id', 'traffic_speed': 'num'}}, 'data_col': ['traffic_speed'], 'weight_col': 'cost', 'data_files': ['METR_LA'], 'geo_file': 'METR_LA', 'rel_file': 'METR_LA', 'output_dim': 1, 'time_intervals': 300, 'init_weight_inf_or_zero': 'inf', 'set_weight_link_or_dist': 'dist', 'calculate_weight_adj': True, 'weight_adj_epsilon': 0.1, 'device': device(type='cuda', index=3)}
2024-08-20 17:34:52,203 - INFO - Loaded file METR_LA.geo, num_nodes=207
2024-08-20 17:34:52,211 - INFO - set_weight_link_or_dist: dist
2024-08-20 17:34:52,211 - INFO - init_weight_inf_or_zero: inf
2024-08-20 17:34:52,247 - INFO - Loaded file METR_LA.rel, shape=(207, 207)
2024-08-20 17:34:52,247 - INFO - Start Calculate the weight by Gauss kernel!
2024-08-20 17:34:52,247 - INFO - Loading file METR_LA.dyna
2024-08-20 17:34:57,414 - INFO - Loaded file METR_LA.dyna, shape=(34272, 207, 1)
2024-08-20 17:34:59,765 - INFO - Dataset created
2024-08-20 17:34:59,765 - INFO - x shape: (34249, 12, 207, 1), y shape: (34249, 12, 207, 1)
2024-08-20 17:34:59,769 - INFO - train	x: (23974, 12, 207, 1), y: (23974, 12, 207, 1)
2024-08-20 17:34:59,770 - INFO - eval	x: (3425, 12, 207, 1), y: (3425, 12, 207, 1)
2024-08-20 17:34:59,770 - INFO - test	x: (6850, 12, 207, 1), y: (6850, 12, 207, 1)
2024-08-20 17:35:19,932 - INFO - Saved at ./libcity/cache/dataset_cache/point_based_METR_LA_12_12_0.7_0.1_standard_64_False_True_False_True.npz
2024-08-20 17:35:20,437 - INFO - StandardScaler mean: 54.40592829587626, std: 19.493739270573098
2024-08-20 17:35:20,437 - INFO - NoneScaler
2024-08-20 17:35:25,130 - INFO - receptive_field: 19
2024-08-20 17:35:25,189 - INFO - MTGNN(
  (filter_convs): ModuleList(
    (0): DilatedInception(
      (tconv): ModuleList(
        (0): Conv2d(32, 8, kernel_size=(1, 2), stride=(1, 1))
        (1): Conv2d(32, 8, kernel_size=(1, 3), stride=(1, 1))
        (2): Conv2d(32, 8, kernel_size=(1, 6), stride=(1, 1))
        (3): Conv2d(32, 8, kernel_size=(1, 7), stride=(1, 1))
      )
    )
    (1): DilatedInception(
      (tconv): ModuleList(
        (0): Conv2d(32, 8, kernel_size=(1, 2), stride=(1, 1))
        (1): Conv2d(32, 8, kernel_size=(1, 3), stride=(1, 1))
        (2): Conv2d(32, 8, kernel_size=(1, 6), stride=(1, 1))
        (3): Conv2d(32, 8, kernel_size=(1, 7), stride=(1, 1))
      )
    )
    (2): DilatedInception(
      (tconv): ModuleList(
        (0): Conv2d(32, 8, kernel_size=(1, 2), stride=(1, 1))
        (1): Conv2d(32, 8, kernel_size=(1, 3), stride=(1, 1))
        (2): Conv2d(32, 8, kernel_size=(1, 6), stride=(1, 1))
        (3): Conv2d(32, 8, kernel_size=(1, 7), stride=(1, 1))
      )
    )
  )
  (gate_convs): ModuleList(
    (0): DilatedInception(
      (tconv): ModuleList(
        (0): Conv2d(32, 8, kernel_size=(1, 2), stride=(1, 1))
        (1): Conv2d(32, 8, kernel_size=(1, 3), stride=(1, 1))
        (2): Conv2d(32, 8, kernel_size=(1, 6), stride=(1, 1))
        (3): Conv2d(32, 8, kernel_size=(1, 7), stride=(1, 1))
      )
    )
    (1): DilatedInception(
      (tconv): ModuleList(
        (0): Conv2d(32, 8, kernel_size=(1, 2), stride=(1, 1))
        (1): Conv2d(32, 8, kernel_size=(1, 3), stride=(1, 1))
        (2): Conv2d(32, 8, kernel_size=(1, 6), stride=(1, 1))
        (3): Conv2d(32, 8, kernel_size=(1, 7), stride=(1, 1))
      )
    )
    (2): DilatedInception(
      (tconv): ModuleList(
        (0): Conv2d(32, 8, kernel_size=(1, 2), stride=(1, 1))
        (1): Conv2d(32, 8, kernel_size=(1, 3), stride=(1, 1))
        (2): Conv2d(32, 8, kernel_size=(1, 6), stride=(1, 1))
        (3): Conv2d(32, 8, kernel_size=(1, 7), stride=(1, 1))
      )
    )
  )
  (residual_convs): ModuleList(
    (0): Conv2d(32, 32, kernel_size=(1, 1), stride=(1, 1))
    (1): Conv2d(32, 32, kernel_size=(1, 1), stride=(1, 1))
    (2): Conv2d(32, 32, kernel_size=(1, 1), stride=(1, 1))
  )
  (skip_convs): ModuleList(
    (0): Conv2d(32, 64, kernel_size=(1, 13), stride=(1, 1))
    (1): Conv2d(32, 64, kernel_size=(1, 7), stride=(1, 1))
    (2): Conv2d(32, 64, kernel_size=(1, 1), stride=(1, 1))
  )
  (gconv1): ModuleList(
    (0): MixProp(
      (nconv): NConv()
      (mlp): Linear(
        (mlp): Conv2d(96, 32, kernel_size=(1, 1), stride=(1, 1))
      )
    )
    (1): MixProp(
      (nconv): NConv()
      (mlp): Linear(
        (mlp): Conv2d(96, 32, kernel_size=(1, 1), stride=(1, 1))
      )
    )
    (2): MixProp(
      (nconv): NConv()
      (mlp): Linear(
        (mlp): Conv2d(96, 32, kernel_size=(1, 1), stride=(1, 1))
      )
    )
  )
  (gconv2): ModuleList(
    (0): MixProp(
      (nconv): NConv()
      (mlp): Linear(
        (mlp): Conv2d(96, 32, kernel_size=(1, 1), stride=(1, 1))
      )
    )
    (1): MixProp(
      (nconv): NConv()
      (mlp): Linear(
        (mlp): Conv2d(96, 32, kernel_size=(1, 1), stride=(1, 1))
      )
    )
    (2): MixProp(
      (nconv): NConv()
      (mlp): Linear(
        (mlp): Conv2d(96, 32, kernel_size=(1, 1), stride=(1, 1))
      )
    )
  )
  (norm): ModuleList(
    (0): LayerNorm((32, 207, 13), eps=1e-05, elementwise_affine=True)
    (1): LayerNorm((32, 207, 7), eps=1e-05, elementwise_affine=True)
    (2): LayerNorm((32, 207, 1), eps=1e-05, elementwise_affine=True)
  )
  (start_conv): Conv2d(1, 32, kernel_size=(1, 1), stride=(1, 1))
  (gc): GraphConstructor(
    (emb1): Embedding(207, 40)
    (emb2): Embedding(207, 40)
    (lin1): Linear(in_features=40, out_features=40, bias=True)
    (lin2): Linear(in_features=40, out_features=40, bias=True)
  )
  (end_conv_1): Conv2d(64, 128, kernel_size=(1, 1), stride=(1, 1))
  (end_conv_2): Conv2d(128, 12, kernel_size=(1, 1), stride=(1, 1))
  (skip0): Conv2d(1, 64, kernel_size=(1, 19), stride=(1, 1))
  (skipE): Conv2d(32, 64, kernel_size=(1, 1), stride=(1, 1))
)
2024-08-20 17:35:25,191 - INFO - filter_convs.0.tconv.0.weight	torch.Size([8, 32, 1, 2])	cuda:3	True
2024-08-20 17:35:25,191 - INFO - filter_convs.0.tconv.0.bias	torch.Size([8])	cuda:3	True
2024-08-20 17:35:25,191 - INFO - filter_convs.0.tconv.1.weight	torch.Size([8, 32, 1, 3])	cuda:3	True
2024-08-20 17:35:25,191 - INFO - filter_convs.0.tconv.1.bias	torch.Size([8])	cuda:3	True
2024-08-20 17:35:25,191 - INFO - filter_convs.0.tconv.2.weight	torch.Size([8, 32, 1, 6])	cuda:3	True
2024-08-20 17:35:25,191 - INFO - filter_convs.0.tconv.2.bias	torch.Size([8])	cuda:3	True
2024-08-20 17:35:25,191 - INFO - filter_convs.0.tconv.3.weight	torch.Size([8, 32, 1, 7])	cuda:3	True
2024-08-20 17:35:25,192 - INFO - filter_convs.0.tconv.3.bias	torch.Size([8])	cuda:3	True
2024-08-20 17:35:25,192 - INFO - filter_convs.1.tconv.0.weight	torch.Size([8, 32, 1, 2])	cuda:3	True
2024-08-20 17:35:25,192 - INFO - filter_convs.1.tconv.0.bias	torch.Size([8])	cuda:3	True
2024-08-20 17:35:25,192 - INFO - filter_convs.1.tconv.1.weight	torch.Size([8, 32, 1, 3])	cuda:3	True
2024-08-20 17:35:25,192 - INFO - filter_convs.1.tconv.1.bias	torch.Size([8])	cuda:3	True
2024-08-20 17:35:25,192 - INFO - filter_convs.1.tconv.2.weight	torch.Size([8, 32, 1, 6])	cuda:3	True
2024-08-20 17:35:25,192 - INFO - filter_convs.1.tconv.2.bias	torch.Size([8])	cuda:3	True
2024-08-20 17:35:25,192 - INFO - filter_convs.1.tconv.3.weight	torch.Size([8, 32, 1, 7])	cuda:3	True
2024-08-20 17:35:25,192 - INFO - filter_convs.1.tconv.3.bias	torch.Size([8])	cuda:3	True
2024-08-20 17:35:25,192 - INFO - filter_convs.2.tconv.0.weight	torch.Size([8, 32, 1, 2])	cuda:3	True
2024-08-20 17:35:25,192 - INFO - filter_convs.2.tconv.0.bias	torch.Size([8])	cuda:3	True
2024-08-20 17:35:25,192 - INFO - filter_convs.2.tconv.1.weight	torch.Size([8, 32, 1, 3])	cuda:3	True
2024-08-20 17:35:25,192 - INFO - filter_convs.2.tconv.1.bias	torch.Size([8])	cuda:3	True
2024-08-20 17:35:25,192 - INFO - filter_convs.2.tconv.2.weight	torch.Size([8, 32, 1, 6])	cuda:3	True
2024-08-20 17:35:25,192 - INFO - filter_convs.2.tconv.2.bias	torch.Size([8])	cuda:3	True
2024-08-20 17:35:25,193 - INFO - filter_convs.2.tconv.3.weight	torch.Size([8, 32, 1, 7])	cuda:3	True
2024-08-20 17:35:25,193 - INFO - filter_convs.2.tconv.3.bias	torch.Size([8])	cuda:3	True
2024-08-20 17:35:25,193 - INFO - gate_convs.0.tconv.0.weight	torch.Size([8, 32, 1, 2])	cuda:3	True
2024-08-20 17:35:25,193 - INFO - gate_convs.0.tconv.0.bias	torch.Size([8])	cuda:3	True
2024-08-20 17:35:25,193 - INFO - gate_convs.0.tconv.1.weight	torch.Size([8, 32, 1, 3])	cuda:3	True
2024-08-20 17:35:25,193 - INFO - gate_convs.0.tconv.1.bias	torch.Size([8])	cuda:3	True
2024-08-20 17:35:25,193 - INFO - gate_convs.0.tconv.2.weight	torch.Size([8, 32, 1, 6])	cuda:3	True
2024-08-20 17:35:25,193 - INFO - gate_convs.0.tconv.2.bias	torch.Size([8])	cuda:3	True
2024-08-20 17:35:25,193 - INFO - gate_convs.0.tconv.3.weight	torch.Size([8, 32, 1, 7])	cuda:3	True
2024-08-20 17:35:25,193 - INFO - gate_convs.0.tconv.3.bias	torch.Size([8])	cuda:3	True
2024-08-20 17:35:25,193 - INFO - gate_convs.1.tconv.0.weight	torch.Size([8, 32, 1, 2])	cuda:3	True
2024-08-20 17:35:25,193 - INFO - gate_convs.1.tconv.0.bias	torch.Size([8])	cuda:3	True
2024-08-20 17:35:25,193 - INFO - gate_convs.1.tconv.1.weight	torch.Size([8, 32, 1, 3])	cuda:3	True
2024-08-20 17:35:25,193 - INFO - gate_convs.1.tconv.1.bias	torch.Size([8])	cuda:3	True
2024-08-20 17:35:25,193 - INFO - gate_convs.1.tconv.2.weight	torch.Size([8, 32, 1, 6])	cuda:3	True
2024-08-20 17:35:25,194 - INFO - gate_convs.1.tconv.2.bias	torch.Size([8])	cuda:3	True
2024-08-20 17:35:25,194 - INFO - gate_convs.1.tconv.3.weight	torch.Size([8, 32, 1, 7])	cuda:3	True
2024-08-20 17:35:25,194 - INFO - gate_convs.1.tconv.3.bias	torch.Size([8])	cuda:3	True
2024-08-20 17:35:25,194 - INFO - gate_convs.2.tconv.0.weight	torch.Size([8, 32, 1, 2])	cuda:3	True
2024-08-20 17:35:25,194 - INFO - gate_convs.2.tconv.0.bias	torch.Size([8])	cuda:3	True
2024-08-20 17:35:25,194 - INFO - gate_convs.2.tconv.1.weight	torch.Size([8, 32, 1, 3])	cuda:3	True
2024-08-20 17:35:25,194 - INFO - gate_convs.2.tconv.1.bias	torch.Size([8])	cuda:3	True
2024-08-20 17:35:25,194 - INFO - gate_convs.2.tconv.2.weight	torch.Size([8, 32, 1, 6])	cuda:3	True
2024-08-20 17:35:25,194 - INFO - gate_convs.2.tconv.2.bias	torch.Size([8])	cuda:3	True
2024-08-20 17:35:25,194 - INFO - gate_convs.2.tconv.3.weight	torch.Size([8, 32, 1, 7])	cuda:3	True
2024-08-20 17:35:25,194 - INFO - gate_convs.2.tconv.3.bias	torch.Size([8])	cuda:3	True
2024-08-20 17:35:25,194 - INFO - residual_convs.0.weight	torch.Size([32, 32, 1, 1])	cuda:3	True
2024-08-20 17:35:25,194 - INFO - residual_convs.0.bias	torch.Size([32])	cuda:3	True
2024-08-20 17:35:25,194 - INFO - residual_convs.1.weight	torch.Size([32, 32, 1, 1])	cuda:3	True
2024-08-20 17:35:25,195 - INFO - residual_convs.1.bias	torch.Size([32])	cuda:3	True
2024-08-20 17:35:25,195 - INFO - residual_convs.2.weight	torch.Size([32, 32, 1, 1])	cuda:3	True
2024-08-20 17:35:25,195 - INFO - residual_convs.2.bias	torch.Size([32])	cuda:3	True
2024-08-20 17:35:25,195 - INFO - skip_convs.0.weight	torch.Size([64, 32, 1, 13])	cuda:3	True
2024-08-20 17:35:25,195 - INFO - skip_convs.0.bias	torch.Size([64])	cuda:3	True
2024-08-20 17:35:25,195 - INFO - skip_convs.1.weight	torch.Size([64, 32, 1, 7])	cuda:3	True
2024-08-20 17:35:25,195 - INFO - skip_convs.1.bias	torch.Size([64])	cuda:3	True
2024-08-20 17:35:25,195 - INFO - skip_convs.2.weight	torch.Size([64, 32, 1, 1])	cuda:3	True
2024-08-20 17:35:25,195 - INFO - skip_convs.2.bias	torch.Size([64])	cuda:3	True
2024-08-20 17:35:25,195 - INFO - gconv1.0.mlp.mlp.weight	torch.Size([32, 96, 1, 1])	cuda:3	True
2024-08-20 17:35:25,195 - INFO - gconv1.0.mlp.mlp.bias	torch.Size([32])	cuda:3	True
2024-08-20 17:35:25,195 - INFO - gconv1.1.mlp.mlp.weight	torch.Size([32, 96, 1, 1])	cuda:3	True
2024-08-20 17:35:25,195 - INFO - gconv1.1.mlp.mlp.bias	torch.Size([32])	cuda:3	True
2024-08-20 17:35:25,195 - INFO - gconv1.2.mlp.mlp.weight	torch.Size([32, 96, 1, 1])	cuda:3	True
2024-08-20 17:35:25,196 - INFO - gconv1.2.mlp.mlp.bias	torch.Size([32])	cuda:3	True
2024-08-20 17:35:25,196 - INFO - gconv2.0.mlp.mlp.weight	torch.Size([32, 96, 1, 1])	cuda:3	True
2024-08-20 17:35:25,196 - INFO - gconv2.0.mlp.mlp.bias	torch.Size([32])	cuda:3	True
2024-08-20 17:35:25,196 - INFO - gconv2.1.mlp.mlp.weight	torch.Size([32, 96, 1, 1])	cuda:3	True
2024-08-20 17:35:25,196 - INFO - gconv2.1.mlp.mlp.bias	torch.Size([32])	cuda:3	True
2024-08-20 17:35:25,196 - INFO - gconv2.2.mlp.mlp.weight	torch.Size([32, 96, 1, 1])	cuda:3	True
2024-08-20 17:35:25,196 - INFO - gconv2.2.mlp.mlp.bias	torch.Size([32])	cuda:3	True
2024-08-20 17:35:25,196 - INFO - norm.0.weight	torch.Size([32, 207, 13])	cuda:3	True
2024-08-20 17:35:25,196 - INFO - norm.0.bias	torch.Size([32, 207, 13])	cuda:3	True
2024-08-20 17:35:25,196 - INFO - norm.1.weight	torch.Size([32, 207, 7])	cuda:3	True
2024-08-20 17:35:25,196 - INFO - norm.1.bias	torch.Size([32, 207, 7])	cuda:3	True
2024-08-20 17:35:25,196 - INFO - norm.2.weight	torch.Size([32, 207, 1])	cuda:3	True
2024-08-20 17:35:25,196 - INFO - norm.2.bias	torch.Size([32, 207, 1])	cuda:3	True
2024-08-20 17:35:25,196 - INFO - start_conv.weight	torch.Size([32, 1, 1, 1])	cuda:3	True
2024-08-20 17:35:25,197 - INFO - start_conv.bias	torch.Size([32])	cuda:3	True
2024-08-20 17:35:25,197 - INFO - gc.emb1.weight	torch.Size([207, 40])	cuda:3	True
2024-08-20 17:35:25,197 - INFO - gc.emb2.weight	torch.Size([207, 40])	cuda:3	True
2024-08-20 17:35:25,197 - INFO - gc.lin1.weight	torch.Size([40, 40])	cuda:3	True
2024-08-20 17:35:25,197 - INFO - gc.lin1.bias	torch.Size([40])	cuda:3	True
2024-08-20 17:35:25,197 - INFO - gc.lin2.weight	torch.Size([40, 40])	cuda:3	True
2024-08-20 17:35:25,197 - INFO - gc.lin2.bias	torch.Size([40])	cuda:3	True
2024-08-20 17:35:25,197 - INFO - end_conv_1.weight	torch.Size([128, 64, 1, 1])	cuda:3	True
2024-08-20 17:35:25,197 - INFO - end_conv_1.bias	torch.Size([128])	cuda:3	True
2024-08-20 17:35:25,197 - INFO - end_conv_2.weight	torch.Size([12, 128, 1, 1])	cuda:3	True
2024-08-20 17:35:25,197 - INFO - end_conv_2.bias	torch.Size([12])	cuda:3	True
2024-08-20 17:35:25,197 - INFO - skip0.weight	torch.Size([64, 1, 1, 19])	cuda:3	True
2024-08-20 17:35:25,197 - INFO - skip0.bias	torch.Size([64])	cuda:3	True
2024-08-20 17:35:25,197 - INFO - skipE.weight	torch.Size([64, 32, 1, 1])	cuda:3	True
2024-08-20 17:35:25,198 - INFO - skipE.bias	torch.Size([64])	cuda:3	True
2024-08-20 17:35:25,198 - INFO - Total parameter numbers: 404204
2024-08-20 17:35:25,198 - INFO - You select `adam` optimizer.
2024-08-20 17:35:25,199 - WARNING - Received none train loss func and will use the loss func defined in the model.
2024-08-20 17:35:25,199 - INFO - Start training ...
2024-08-20 17:35:25,199 - INFO - num_batches:375
