2024-10-08 15:35:49,656 - INFO - Log directory: ./libcity/log
2024-10-08 15:35:49,656 - INFO - Begin pipeline, task=MTS_pred, model_name=ASTGCN, dataset_name=cloud, exp_id=9228
2024-10-08 15:35:49,656 - INFO - {'task': 'MTS_pred', 'model': 'ASTGCN', 'dataset': 'cloud', 'saved_model': True, 'exp_id': '9228', 'seed': 0, 'batch_size': 2, 'max_epoch': 10, 'dataset_class': 'StatePointDataset', 'executor': 'StateExecutor', 'evaluator': 'StateEvaluator', 'nb_block': 2, 'K': 3, 'nb_chev_filter': 64, 'nb_time_filter': 64, 'bidir_adj_mx': True, 'scaler': 'standard', 'load_external': False, 'normal_external': False, 'ext_scaler': 'none', 'add_time_in_day': False, 'add_day_in_week': False, 'train_rate': 0.6, 'eval_rate': 0.2, 'learner': 'adam', 'learning_rate': 0.0001, 'lr_decay': False, 'clip_grad_norm': False, 'use_early_stop': False, 'cache_dataset': True, 'num_workers': 0, 'pad_with_last_sample': True, 'input_window': 12, 'output_window': 12, 'robustness_test': False, 'noise_type': 'gaussian', 'disturb_rate': 0.5, 'noise_mean': [5], 'noise_SD': [10], 'gpu': True, 'gpu_id': 0, 'train_loss': 'none', 'epoch': 0, 'weight_decay': 0, 'lr_epsilon': 1e-08, 'lr_beta1': 0.9, 'lr_beta2': 0.999, 'lr_alpha': 0.99, 'lr_momentum': 0, 'lr_scheduler': 'multisteplr', 'lr_decay_ratio': 0.1, 'steps': [5, 20, 40, 70], 'step_size': 10, 'lr_T_max': 30, 'lr_eta_min': 0, 'lr_patience': 10, 'lr_threshold': 0.0001, 'max_grad_norm': 1.0, 'patience': 50, 'log_level': 'INFO', 'log_every': 1, 'load_best_epoch': True, 'hyper_tune': False, 'metrics': ['MAE', 'MAPE', 'RMSE'], 'evaluator_mode': 'single', 'save_mode': ['csv'], 'geo': {'including_types': ['Point'], 'Point': {}}, 'rel': {'including_types': ['geo'], 'geo': {'cost': 'num'}}, 'dyna': {'including_types': ['state'], 'state': {'entity_id': 'geo_id', 'traffic_speed': 'num'}}, 'data_col': ['traffic_speed'], 'weight_col': 'cost', 'data_files': ['cloud'], 'geo_file': 'cloud', 'rel_file': 'cloud', 'output_dim': 1, 'time_intervals': 300, 'init_weight_inf_or_zero': 'inf', 'set_weight_link_or_dist': 'dist', 'calculate_weight_adj': True, 'weight_adj_epsilon': 0.1, 'device': device(type='cuda', index=0)}
2024-10-08 15:35:51,869 - INFO - Loaded file cloud_feature.csv, shape=(3322, 2048, 1)
2024-10-08 15:35:52,933 - INFO - Dataset created
2024-10-08 15:35:52,934 - INFO - x shape: (3299, 12, 2048, 1), y shape: (3299, 12, 2048, 1)
2024-10-08 15:35:52,938 - INFO - train	x: (1979, 12, 2048, 1), y: (1979, 12, 2048, 1)
2024-10-08 15:35:52,938 - INFO - eval	x: (660, 12, 2048, 1), y: (660, 12, 2048, 1)
2024-10-08 15:35:52,938 - INFO - test	x: (660, 12, 2048, 1), y: (660, 12, 2048, 1)
2024-10-08 15:37:18,976 - INFO - Saved at ./libcity/cache/dataset_cache/point_based_cloud_12_12_0.6_0.2_standard_2_False_False_False_True.npz
2024-10-08 15:37:19,145 - INFO - StandardScaler mean: 0.6730644819009214, std: 0.36334914314795747
2024-10-08 15:37:19,145 - INFO - NoneScaler
2024-10-08 15:37:35,376 - INFO - ASTGCN(
  (ASTGCN_submodule): ASTGCNSubmodule(
    (BlockList): ModuleList(
      (0): ASTGCNBlock(
        (TAt): TemporalAttentionLayer()
        (SAt): SpatialAttentionLayer()
        (cheb_conv_SAt): ChebConvWithSAt(
          (Theta): ParameterList(
              (0): Parameter containing: [torch.float32 of size 1x64 (cuda:0)]
              (1): Parameter containing: [torch.float32 of size 1x64 (cuda:0)]
              (2): Parameter containing: [torch.float32 of size 1x64 (cuda:0)]
          )
        )
        (time_conv): Conv2d(64, 64, kernel_size=(1, 3), stride=(1, 1), padding=(0, 1))
        (residual_conv): Conv2d(1, 64, kernel_size=(1, 1), stride=(1, 1))
        (ln): LayerNorm((64,), eps=1e-05, elementwise_affine=True)
      )
      (1): ASTGCNBlock(
        (TAt): TemporalAttentionLayer()
        (SAt): SpatialAttentionLayer()
        (cheb_conv_SAt): ChebConvWithSAt(
          (Theta): ParameterList(
              (0): Parameter containing: [torch.float32 of size 64x64 (cuda:0)]
              (1): Parameter containing: [torch.float32 of size 64x64 (cuda:0)]
              (2): Parameter containing: [torch.float32 of size 64x64 (cuda:0)]
          )
        )
        (time_conv): Conv2d(64, 64, kernel_size=(1, 3), stride=(1, 1), padding=(0, 1))
        (residual_conv): Conv2d(64, 64, kernel_size=(1, 1), stride=(1, 1))
        (ln): LayerNorm((64,), eps=1e-05, elementwise_affine=True)
      )
    )
    (final_conv): Conv2d(12, 12, kernel_size=(1, 64), stride=(1, 1))
  )
)
2024-10-08 15:37:35,376 - INFO - ASTGCN_submodule.BlockList.0.TAt.U1	torch.Size([2048])	cuda:0	True
2024-10-08 15:37:35,376 - INFO - ASTGCN_submodule.BlockList.0.TAt.U2	torch.Size([1, 2048])	cuda:0	True
2024-10-08 15:37:35,376 - INFO - ASTGCN_submodule.BlockList.0.TAt.U3	torch.Size([1])	cuda:0	True
2024-10-08 15:37:35,376 - INFO - ASTGCN_submodule.BlockList.0.TAt.be	torch.Size([1, 12, 12])	cuda:0	True
2024-10-08 15:37:35,376 - INFO - ASTGCN_submodule.BlockList.0.TAt.Ve	torch.Size([12, 12])	cuda:0	True
2024-10-08 15:37:35,376 - INFO - ASTGCN_submodule.BlockList.0.SAt.W1	torch.Size([12])	cuda:0	True
2024-10-08 15:37:35,376 - INFO - ASTGCN_submodule.BlockList.0.SAt.W2	torch.Size([1, 12])	cuda:0	True
2024-10-08 15:37:35,376 - INFO - ASTGCN_submodule.BlockList.0.SAt.W3	torch.Size([1])	cuda:0	True
2024-10-08 15:37:35,376 - INFO - ASTGCN_submodule.BlockList.0.SAt.bs	torch.Size([1, 2048, 2048])	cuda:0	True
2024-10-08 15:37:35,377 - INFO - ASTGCN_submodule.BlockList.0.SAt.Vs	torch.Size([2048, 2048])	cuda:0	True
2024-10-08 15:37:35,377 - INFO - ASTGCN_submodule.BlockList.0.cheb_conv_SAt.Theta.0	torch.Size([1, 64])	cuda:0	True
2024-10-08 15:37:35,377 - INFO - ASTGCN_submodule.BlockList.0.cheb_conv_SAt.Theta.1	torch.Size([1, 64])	cuda:0	True
2024-10-08 15:37:35,377 - INFO - ASTGCN_submodule.BlockList.0.cheb_conv_SAt.Theta.2	torch.Size([1, 64])	cuda:0	True
2024-10-08 15:37:35,377 - INFO - ASTGCN_submodule.BlockList.0.time_conv.weight	torch.Size([64, 64, 1, 3])	cuda:0	True
2024-10-08 15:37:35,377 - INFO - ASTGCN_submodule.BlockList.0.time_conv.bias	torch.Size([64])	cuda:0	True
2024-10-08 15:37:35,377 - INFO - ASTGCN_submodule.BlockList.0.residual_conv.weight	torch.Size([64, 1, 1, 1])	cuda:0	True
2024-10-08 15:37:35,377 - INFO - ASTGCN_submodule.BlockList.0.residual_conv.bias	torch.Size([64])	cuda:0	True
2024-10-08 15:37:35,377 - INFO - ASTGCN_submodule.BlockList.0.ln.weight	torch.Size([64])	cuda:0	True
2024-10-08 15:37:35,377 - INFO - ASTGCN_submodule.BlockList.0.ln.bias	torch.Size([64])	cuda:0	True
2024-10-08 15:37:35,377 - INFO - ASTGCN_submodule.BlockList.1.TAt.U1	torch.Size([2048])	cuda:0	True
2024-10-08 15:37:35,377 - INFO - ASTGCN_submodule.BlockList.1.TAt.U2	torch.Size([64, 2048])	cuda:0	True
2024-10-08 15:37:35,377 - INFO - ASTGCN_submodule.BlockList.1.TAt.U3	torch.Size([64])	cuda:0	True
2024-10-08 15:37:35,377 - INFO - ASTGCN_submodule.BlockList.1.TAt.be	torch.Size([1, 12, 12])	cuda:0	True
2024-10-08 15:37:35,377 - INFO - ASTGCN_submodule.BlockList.1.TAt.Ve	torch.Size([12, 12])	cuda:0	True
2024-10-08 15:37:35,377 - INFO - ASTGCN_submodule.BlockList.1.SAt.W1	torch.Size([12])	cuda:0	True
2024-10-08 15:37:35,377 - INFO - ASTGCN_submodule.BlockList.1.SAt.W2	torch.Size([64, 12])	cuda:0	True
2024-10-08 15:37:35,377 - INFO - ASTGCN_submodule.BlockList.1.SAt.W3	torch.Size([64])	cuda:0	True
2024-10-08 15:37:35,377 - INFO - ASTGCN_submodule.BlockList.1.SAt.bs	torch.Size([1, 2048, 2048])	cuda:0	True
2024-10-08 15:37:35,377 - INFO - ASTGCN_submodule.BlockList.1.SAt.Vs	torch.Size([2048, 2048])	cuda:0	True
2024-10-08 15:37:35,377 - INFO - ASTGCN_submodule.BlockList.1.cheb_conv_SAt.Theta.0	torch.Size([64, 64])	cuda:0	True
2024-10-08 15:37:35,377 - INFO - ASTGCN_submodule.BlockList.1.cheb_conv_SAt.Theta.1	torch.Size([64, 64])	cuda:0	True
2024-10-08 15:37:35,377 - INFO - ASTGCN_submodule.BlockList.1.cheb_conv_SAt.Theta.2	torch.Size([64, 64])	cuda:0	True
2024-10-08 15:37:35,377 - INFO - ASTGCN_submodule.BlockList.1.time_conv.weight	torch.Size([64, 64, 1, 3])	cuda:0	True
2024-10-08 15:37:35,377 - INFO - ASTGCN_submodule.BlockList.1.time_conv.bias	torch.Size([64])	cuda:0	True
2024-10-08 15:37:35,377 - INFO - ASTGCN_submodule.BlockList.1.residual_conv.weight	torch.Size([64, 64, 1, 1])	cuda:0	True
2024-10-08 15:37:35,378 - INFO - ASTGCN_submodule.BlockList.1.residual_conv.bias	torch.Size([64])	cuda:0	True
2024-10-08 15:37:35,378 - INFO - ASTGCN_submodule.BlockList.1.ln.weight	torch.Size([64])	cuda:0	True
2024-10-08 15:37:35,378 - INFO - ASTGCN_submodule.BlockList.1.ln.bias	torch.Size([64])	cuda:0	True
2024-10-08 15:37:35,378 - INFO - ASTGCN_submodule.final_conv.weight	torch.Size([12, 12, 1, 64])	cuda:0	True
2024-10-08 15:37:35,378 - INFO - ASTGCN_submodule.final_conv.bias	torch.Size([12])	cuda:0	True
2024-10-08 15:37:35,378 - INFO - Total parameter numbers: 16966898
2024-10-08 15:37:35,378 - INFO - You select `adam` optimizer.
2024-10-08 15:37:35,896 - WARNING - Received none train loss func and will use the loss func defined in the model.
2024-10-08 15:37:35,896 - INFO - Start training ...
2024-10-08 15:37:35,896 - INFO - num_batches:990
2024-10-08 15:40:57,516 - INFO - epoch complete!
2024-10-08 15:40:57,516 - INFO - evaluating now!
2024-10-08 15:41:27,883 - INFO - Epoch [0/10] train_loss: 0.1055, val_loss: 0.0995, lr: 0.000100, 231.99s
2024-10-08 15:41:28,378 - INFO - Saved model at 0
2024-10-08 15:41:28,378 - INFO - Val loss decrease from inf to 0.0995, saving to ./libcity/cache/9228/model_cache/ASTGCN_cloud_epoch0.tar
2024-10-08 15:44:55,611 - INFO - epoch complete!
2024-10-08 15:44:55,611 - INFO - evaluating now!
2024-10-08 15:45:28,810 - INFO - Epoch [1/10] train_loss: 0.0940, val_loss: 0.0985, lr: 0.000100, 240.43s
2024-10-08 15:45:29,291 - INFO - Saved model at 1
2024-10-08 15:45:29,292 - INFO - Val loss decrease from 0.0995 to 0.0985, saving to ./libcity/cache/9228/model_cache/ASTGCN_cloud_epoch1.tar
2024-10-08 15:48:32,121 - INFO - epoch complete!
2024-10-08 15:48:32,121 - INFO - evaluating now!
2024-10-08 15:48:48,016 - INFO - Epoch [2/10] train_loss: 0.0899, val_loss: 0.0992, lr: 0.000100, 198.72s
2024-10-08 15:50:35,057 - INFO - epoch complete!
2024-10-08 15:50:35,057 - INFO - evaluating now!
2024-10-08 15:50:50,597 - INFO - Epoch [3/10] train_loss: 0.0873, val_loss: 0.1000, lr: 0.000100, 122.58s
2024-10-08 15:52:51,968 - INFO - epoch complete!
2024-10-08 15:52:51,968 - INFO - evaluating now!
2024-10-08 15:53:07,403 - INFO - Epoch [4/10] train_loss: 0.0857, val_loss: 0.1007, lr: 0.000100, 136.81s
2024-10-08 15:55:07,800 - INFO - epoch complete!
2024-10-08 15:55:07,800 - INFO - evaluating now!
2024-10-08 15:55:23,284 - INFO - Epoch [5/10] train_loss: 0.0847, val_loss: 0.1010, lr: 0.000100, 135.88s
2024-10-08 15:57:18,027 - INFO - epoch complete!
2024-10-08 15:57:18,027 - INFO - evaluating now!
2024-10-08 15:57:32,411 - INFO - Epoch [6/10] train_loss: 0.0841, val_loss: 0.1011, lr: 0.000100, 129.13s
2024-10-08 15:59:27,084 - INFO - epoch complete!
2024-10-08 15:59:27,084 - INFO - evaluating now!
2024-10-08 15:59:42,687 - INFO - Epoch [7/10] train_loss: 0.0836, val_loss: 0.1014, lr: 0.000100, 130.28s
2024-10-08 16:01:42,765 - INFO - epoch complete!
2024-10-08 16:01:42,765 - INFO - evaluating now!
2024-10-08 16:01:57,513 - INFO - Epoch [8/10] train_loss: 0.0832, val_loss: 0.1020, lr: 0.000100, 134.83s
2024-10-08 16:03:44,881 - INFO - epoch complete!
2024-10-08 16:03:44,881 - INFO - evaluating now!
2024-10-08 16:04:00,419 - INFO - Epoch [9/10] train_loss: 0.0829, val_loss: 0.1017, lr: 0.000100, 122.91s
2024-10-08 16:04:00,419 - INFO - Trained totally 10 epochs, average train time is 139.735s, average eval time is 18.619s
2024-10-08 16:04:00,618 - INFO - Loaded model at 1
2024-10-08 16:04:00,621 - INFO - Saved model at ./libcity/cache/9228/model_cache/ASTGCN_cloud.m
2024-10-08 16:04:00,822 - INFO - Start evaluating ...
2024-10-08 16:04:29,073 - INFO - Note that you select the single mode to evaluate!
2024-10-08 16:04:29,076 - INFO - Evaluate result is saved at ./libcity/cache/9228/evaluate_cache/2024_10_08_16_04_29_ASTGCN_cloud.csv
2024-10-08 16:04:29,081 - INFO - 
         MAE      MAPE      RMSE
1   0.231717  5.670741  0.286648
2   0.237420  5.769061  0.290834
3   0.238069  5.876958  0.292173
4   0.238962  5.924731  0.293197
5   0.239917  5.938611  0.294146
6   0.240440  5.956761  0.294690
7   0.240890  5.968226  0.295149
8   0.241293  5.973734  0.295575
9   0.241404  5.986462  0.295857
10  0.241537  5.997963  0.296069
11  0.242069  5.990097  0.296385
12  0.242421  5.989557  0.296557
