2024-10-08 12:26:56,503 - INFO - Log directory: ./libcity/log
2024-10-08 12:26:56,503 - INFO - Begin pipeline, task=MTS_pred, model_name=ASTGCN, dataset_name=cloud, exp_id=9228
2024-10-08 12:26:56,503 - INFO - {'task': 'MTS_pred', 'model': 'ASTGCN', 'dataset': 'cloud', 'saved_model': True, 'exp_id': '9228', 'seed': 0, 'batch_size': 1, 'max_epoch': 100, 'dataset_class': 'StatePointDataset', 'executor': 'StateExecutor', 'evaluator': 'StateEvaluator', 'nb_block': 2, 'K': 3, 'nb_chev_filter': 64, 'nb_time_filter': 64, 'bidir_adj_mx': True, 'scaler': 'standard', 'load_external': False, 'normal_external': False, 'ext_scaler': 'none', 'add_time_in_day': False, 'add_day_in_week': False, 'train_rate': 0.6, 'eval_rate': 0.2, 'learner': 'adam', 'learning_rate': 0.0001, 'lr_decay': False, 'clip_grad_norm': False, 'use_early_stop': False, 'cache_dataset': True, 'num_workers': 0, 'pad_with_last_sample': True, 'input_window': 12, 'output_window': 12, 'robustness_test': False, 'noise_type': 'gaussian', 'disturb_rate': 0.5, 'noise_mean': [5], 'noise_SD': [10], 'gpu': True, 'gpu_id': 0, 'train_loss': 'none', 'epoch': 0, 'weight_decay': 0, 'lr_epsilon': 1e-08, 'lr_beta1': 0.9, 'lr_beta2': 0.999, 'lr_alpha': 0.99, 'lr_momentum': 0, 'lr_scheduler': 'multisteplr', 'lr_decay_ratio': 0.1, 'steps': [5, 20, 40, 70], 'step_size': 10, 'lr_T_max': 30, 'lr_eta_min': 0, 'lr_patience': 10, 'lr_threshold': 0.0001, 'max_grad_norm': 1.0, 'patience': 50, 'log_level': 'INFO', 'log_every': 1, 'load_best_epoch': True, 'hyper_tune': False, 'metrics': ['MAE', 'MAPE', 'RMSE'], 'evaluator_mode': 'single', 'save_mode': ['csv'], 'geo': {'including_types': ['Point'], 'Point': {}}, 'rel': {'including_types': ['geo'], 'geo': {'cost': 'num'}}, 'dyna': {'including_types': ['state'], 'state': {'entity_id': 'geo_id', 'traffic_speed': 'num'}}, 'data_col': ['traffic_speed'], 'weight_col': 'cost', 'data_files': ['cloud'], 'geo_file': 'cloud', 'rel_file': 'cloud', 'output_dim': 1, 'time_intervals': 300, 'init_weight_inf_or_zero': 'inf', 'set_weight_link_or_dist': 'dist', 'calculate_weight_adj': True, 'weight_adj_epsilon': 0.1, 'device': device(type='cuda', index=0)}
2024-10-08 12:26:58,574 - INFO - Loaded file cloud_feature.csv, shape=(3322, 2048, 1)
2024-10-08 12:26:59,620 - INFO - Dataset created
2024-10-08 12:26:59,622 - INFO - x shape: (3299, 12, 2048, 1), y shape: (3299, 12, 2048, 1)
2024-10-08 12:26:59,629 - INFO - train	x: (1979, 12, 2048, 1), y: (1979, 12, 2048, 1)
2024-10-08 12:26:59,629 - INFO - eval	x: (660, 12, 2048, 1), y: (660, 12, 2048, 1)
2024-10-08 12:26:59,629 - INFO - test	x: (660, 12, 2048, 1), y: (660, 12, 2048, 1)
2024-10-08 12:28:27,835 - INFO - Saved at ./libcity/cache/dataset_cache/point_based_cloud_12_12_0.6_0.2_standard_1_False_False_False_True.npz
2024-10-08 12:28:28,053 - INFO - StandardScaler mean: 0.6730644819009214, std: 0.36334914314795747
2024-10-08 12:28:28,053 - INFO - NoneScaler
2024-10-08 12:28:46,425 - INFO - ASTGCN(
  (ASTGCN_submodule): ASTGCNSubmodule(
    (BlockList): ModuleList(
      (0): ASTGCNBlock(
        (TAt): TemporalAttentionLayer()
        (SAt): SpatialAttentionLayer()
        (cheb_conv_SAt): ChebConvWithSAt(
          (Theta): ParameterList(
              (0): Parameter containing: [torch.float32 of size 1x64 (cuda:0)]
              (1): Parameter containing: [torch.float32 of size 1x64 (cuda:0)]
              (2): Parameter containing: [torch.float32 of size 1x64 (cuda:0)]
          )
        )
        (time_conv): Conv2d(64, 64, kernel_size=(1, 3), stride=(1, 1), padding=(0, 1))
        (residual_conv): Conv2d(1, 64, kernel_size=(1, 1), stride=(1, 1))
        (ln): LayerNorm((64,), eps=1e-05, elementwise_affine=True)
      )
      (1): ASTGCNBlock(
        (TAt): TemporalAttentionLayer()
        (SAt): SpatialAttentionLayer()
        (cheb_conv_SAt): ChebConvWithSAt(
          (Theta): ParameterList(
              (0): Parameter containing: [torch.float32 of size 64x64 (cuda:0)]
              (1): Parameter containing: [torch.float32 of size 64x64 (cuda:0)]
              (2): Parameter containing: [torch.float32 of size 64x64 (cuda:0)]
          )
        )
        (time_conv): Conv2d(64, 64, kernel_size=(1, 3), stride=(1, 1), padding=(0, 1))
        (residual_conv): Conv2d(64, 64, kernel_size=(1, 1), stride=(1, 1))
        (ln): LayerNorm((64,), eps=1e-05, elementwise_affine=True)
      )
    )
    (final_conv): Conv2d(12, 12, kernel_size=(1, 64), stride=(1, 1))
  )
)
2024-10-08 12:28:46,425 - INFO - ASTGCN_submodule.BlockList.0.TAt.U1	torch.Size([2048])	cuda:0	True
2024-10-08 12:28:46,426 - INFO - ASTGCN_submodule.BlockList.0.TAt.U2	torch.Size([1, 2048])	cuda:0	True
2024-10-08 12:28:46,426 - INFO - ASTGCN_submodule.BlockList.0.TAt.U3	torch.Size([1])	cuda:0	True
2024-10-08 12:28:46,426 - INFO - ASTGCN_submodule.BlockList.0.TAt.be	torch.Size([1, 12, 12])	cuda:0	True
2024-10-08 12:28:46,426 - INFO - ASTGCN_submodule.BlockList.0.TAt.Ve	torch.Size([12, 12])	cuda:0	True
2024-10-08 12:28:46,426 - INFO - ASTGCN_submodule.BlockList.0.SAt.W1	torch.Size([12])	cuda:0	True
2024-10-08 12:28:46,427 - INFO - ASTGCN_submodule.BlockList.0.SAt.W2	torch.Size([1, 12])	cuda:0	True
2024-10-08 12:28:46,427 - INFO - ASTGCN_submodule.BlockList.0.SAt.W3	torch.Size([1])	cuda:0	True
2024-10-08 12:28:46,427 - INFO - ASTGCN_submodule.BlockList.0.SAt.bs	torch.Size([1, 2048, 2048])	cuda:0	True
2024-10-08 12:28:46,427 - INFO - ASTGCN_submodule.BlockList.0.SAt.Vs	torch.Size([2048, 2048])	cuda:0	True
2024-10-08 12:28:46,427 - INFO - ASTGCN_submodule.BlockList.0.cheb_conv_SAt.Theta.0	torch.Size([1, 64])	cuda:0	True
2024-10-08 12:28:46,427 - INFO - ASTGCN_submodule.BlockList.0.cheb_conv_SAt.Theta.1	torch.Size([1, 64])	cuda:0	True
2024-10-08 12:28:46,428 - INFO - ASTGCN_submodule.BlockList.0.cheb_conv_SAt.Theta.2	torch.Size([1, 64])	cuda:0	True
2024-10-08 12:28:46,428 - INFO - ASTGCN_submodule.BlockList.0.time_conv.weight	torch.Size([64, 64, 1, 3])	cuda:0	True
2024-10-08 12:28:46,428 - INFO - ASTGCN_submodule.BlockList.0.time_conv.bias	torch.Size([64])	cuda:0	True
2024-10-08 12:28:46,428 - INFO - ASTGCN_submodule.BlockList.0.residual_conv.weight	torch.Size([64, 1, 1, 1])	cuda:0	True
2024-10-08 12:28:46,428 - INFO - ASTGCN_submodule.BlockList.0.residual_conv.bias	torch.Size([64])	cuda:0	True
2024-10-08 12:28:46,429 - INFO - ASTGCN_submodule.BlockList.0.ln.weight	torch.Size([64])	cuda:0	True
2024-10-08 12:28:46,429 - INFO - ASTGCN_submodule.BlockList.0.ln.bias	torch.Size([64])	cuda:0	True
2024-10-08 12:28:46,429 - INFO - ASTGCN_submodule.BlockList.1.TAt.U1	torch.Size([2048])	cuda:0	True
2024-10-08 12:28:46,429 - INFO - ASTGCN_submodule.BlockList.1.TAt.U2	torch.Size([64, 2048])	cuda:0	True
2024-10-08 12:28:46,429 - INFO - ASTGCN_submodule.BlockList.1.TAt.U3	torch.Size([64])	cuda:0	True
2024-10-08 12:28:46,430 - INFO - ASTGCN_submodule.BlockList.1.TAt.be	torch.Size([1, 12, 12])	cuda:0	True
2024-10-08 12:28:46,430 - INFO - ASTGCN_submodule.BlockList.1.TAt.Ve	torch.Size([12, 12])	cuda:0	True
2024-10-08 12:28:46,430 - INFO - ASTGCN_submodule.BlockList.1.SAt.W1	torch.Size([12])	cuda:0	True
2024-10-08 12:28:46,430 - INFO - ASTGCN_submodule.BlockList.1.SAt.W2	torch.Size([64, 12])	cuda:0	True
2024-10-08 12:28:46,430 - INFO - ASTGCN_submodule.BlockList.1.SAt.W3	torch.Size([64])	cuda:0	True
2024-10-08 12:28:46,430 - INFO - ASTGCN_submodule.BlockList.1.SAt.bs	torch.Size([1, 2048, 2048])	cuda:0	True
2024-10-08 12:28:46,431 - INFO - ASTGCN_submodule.BlockList.1.SAt.Vs	torch.Size([2048, 2048])	cuda:0	True
2024-10-08 12:28:46,431 - INFO - ASTGCN_submodule.BlockList.1.cheb_conv_SAt.Theta.0	torch.Size([64, 64])	cuda:0	True
2024-10-08 12:28:46,431 - INFO - ASTGCN_submodule.BlockList.1.cheb_conv_SAt.Theta.1	torch.Size([64, 64])	cuda:0	True
2024-10-08 12:28:46,431 - INFO - ASTGCN_submodule.BlockList.1.cheb_conv_SAt.Theta.2	torch.Size([64, 64])	cuda:0	True
2024-10-08 12:28:46,431 - INFO - ASTGCN_submodule.BlockList.1.time_conv.weight	torch.Size([64, 64, 1, 3])	cuda:0	True
2024-10-08 12:28:46,432 - INFO - ASTGCN_submodule.BlockList.1.time_conv.bias	torch.Size([64])	cuda:0	True
2024-10-08 12:28:46,432 - INFO - ASTGCN_submodule.BlockList.1.residual_conv.weight	torch.Size([64, 64, 1, 1])	cuda:0	True
2024-10-08 12:28:46,432 - INFO - ASTGCN_submodule.BlockList.1.residual_conv.bias	torch.Size([64])	cuda:0	True
2024-10-08 12:28:46,432 - INFO - ASTGCN_submodule.BlockList.1.ln.weight	torch.Size([64])	cuda:0	True
2024-10-08 12:28:46,432 - INFO - ASTGCN_submodule.BlockList.1.ln.bias	torch.Size([64])	cuda:0	True
2024-10-08 12:28:46,433 - INFO - ASTGCN_submodule.final_conv.weight	torch.Size([12, 12, 1, 64])	cuda:0	True
2024-10-08 12:28:46,433 - INFO - ASTGCN_submodule.final_conv.bias	torch.Size([12])	cuda:0	True
2024-10-08 12:28:46,433 - INFO - Total parameter numbers: 16966898
2024-10-08 12:28:46,433 - INFO - You select `adam` optimizer.
2024-10-08 12:28:46,949 - WARNING - Received none train loss func and will use the loss func defined in the model.
2024-10-08 12:28:46,952 - INFO - Start training ...
2024-10-08 12:28:46,952 - INFO - num_batches:1979
2024-10-08 12:35:38,763 - INFO - epoch complete!
2024-10-08 12:35:38,764 - INFO - evaluating now!
2024-10-08 12:37:20,253 - INFO - Epoch [0/100] train_loss: 0.1034, val_loss: 0.1009, lr: 0.000100, 513.30s
2024-10-08 12:37:20,440 - INFO - Saved model at 0
2024-10-08 12:37:20,440 - INFO - Val loss decrease from inf to 0.1009, saving to ./libcity/cache/9228/model_cache/ASTGCN_cloud_epoch0.tar
2024-10-08 12:44:39,269 - INFO - epoch complete!
2024-10-08 12:44:39,270 - INFO - evaluating now!
2024-10-08 12:46:20,268 - INFO - Epoch [1/100] train_loss: 0.0983, val_loss: 0.0993, lr: 0.000100, 539.83s
2024-10-08 12:46:20,444 - INFO - Saved model at 1
2024-10-08 12:46:20,445 - INFO - Val loss decrease from 0.1009 to 0.0993, saving to ./libcity/cache/9228/model_cache/ASTGCN_cloud_epoch1.tar
2024-10-08 12:53:36,245 - INFO - epoch complete!
2024-10-08 12:53:36,245 - INFO - evaluating now!
2024-10-08 12:55:17,447 - INFO - Epoch [2/100] train_loss: 0.0962, val_loss: 0.0987, lr: 0.000100, 537.00s
2024-10-08 12:55:17,700 - INFO - Saved model at 2
2024-10-08 12:55:17,700 - INFO - Val loss decrease from 0.0993 to 0.0987, saving to ./libcity/cache/9228/model_cache/ASTGCN_cloud_epoch2.tar
2024-10-08 13:02:32,531 - INFO - epoch complete!
2024-10-08 13:02:32,531 - INFO - evaluating now!
2024-10-08 13:04:09,180 - INFO - Epoch [3/100] train_loss: 0.0941, val_loss: 0.0985, lr: 0.000100, 531.48s
2024-10-08 13:04:09,400 - INFO - Saved model at 3
2024-10-08 13:04:09,401 - INFO - Val loss decrease from 0.0987 to 0.0985, saving to ./libcity/cache/9228/model_cache/ASTGCN_cloud_epoch3.tar
2024-10-08 13:11:18,216 - INFO - epoch complete!
2024-10-08 13:11:18,217 - INFO - evaluating now!
2024-10-08 13:12:50,442 - INFO - Epoch [4/100] train_loss: 0.0921, val_loss: 0.0989, lr: 0.000100, 521.04s
2024-10-08 13:19:41,999 - INFO - epoch complete!
2024-10-08 13:19:41,999 - INFO - evaluating now!
2024-10-08 13:21:17,720 - INFO - Epoch [5/100] train_loss: 0.0904, val_loss: 0.0992, lr: 0.000100, 507.28s
2024-10-08 13:28:10,621 - INFO - epoch complete!
2024-10-08 13:28:10,621 - INFO - evaluating now!
2024-10-08 13:29:52,033 - INFO - Epoch [6/100] train_loss: 0.0888, val_loss: 0.0998, lr: 0.000100, 514.31s
2024-10-08 13:37:13,178 - INFO - epoch complete!
2024-10-08 13:37:13,179 - INFO - evaluating now!
2024-10-08 13:38:53,943 - INFO - Epoch [7/100] train_loss: 0.0876, val_loss: 0.1003, lr: 0.000100, 541.91s
2024-10-08 13:43:53,112 - INFO - epoch complete!
2024-10-08 13:43:53,112 - INFO - evaluating now!
2024-10-08 13:45:32,796 - INFO - Epoch [8/100] train_loss: 0.0865, val_loss: 0.1006, lr: 0.000100, 398.85s
2024-10-08 13:52:49,061 - INFO - epoch complete!
2024-10-08 13:52:49,062 - INFO - evaluating now!
2024-10-08 13:54:28,463 - INFO - Epoch [9/100] train_loss: 0.0858, val_loss: 0.1011, lr: 0.000100, 535.67s
2024-10-08 14:01:36,311 - INFO - epoch complete!
2024-10-08 14:01:36,311 - INFO - evaluating now!
2024-10-08 14:03:12,022 - INFO - Epoch [10/100] train_loss: 0.0852, val_loss: 0.1015, lr: 0.000100, 523.56s
2024-10-08 14:11:01,046 - INFO - epoch complete!
2024-10-08 14:11:01,046 - INFO - evaluating now!
2024-10-08 14:13:14,896 - INFO - Epoch [11/100] train_loss: 0.0848, val_loss: 0.1015, lr: 0.000100, 602.87s
2024-10-08 14:21:38,745 - INFO - epoch complete!
2024-10-08 14:21:38,748 - INFO - evaluating now!
2024-10-08 14:23:09,864 - INFO - Epoch [12/100] train_loss: 0.0844, val_loss: 0.1019, lr: 0.000100, 594.97s
2024-10-08 14:29:57,102 - INFO - epoch complete!
2024-10-08 14:29:57,102 - INFO - evaluating now!
2024-10-08 14:31:26,076 - INFO - Epoch [13/100] train_loss: 0.0841, val_loss: 0.1018, lr: 0.000100, 496.21s
2024-10-08 14:38:33,946 - INFO - epoch complete!
2024-10-08 14:38:33,947 - INFO - evaluating now!
2024-10-08 14:40:12,516 - INFO - Epoch [14/100] train_loss: 0.0839, val_loss: 0.1019, lr: 0.000100, 526.44s
2024-10-08 14:46:30,683 - INFO - epoch complete!
2024-10-08 14:46:30,684 - INFO - evaluating now!
2024-10-08 14:47:27,499 - INFO - Epoch [15/100] train_loss: 0.0836, val_loss: 0.1023, lr: 0.000100, 434.98s
2024-10-08 14:51:51,598 - INFO - epoch complete!
2024-10-08 14:51:51,598 - INFO - evaluating now!
2024-10-08 14:52:50,193 - INFO - Epoch [16/100] train_loss: 0.0834, val_loss: 0.1024, lr: 0.000100, 322.69s
2024-10-08 14:57:09,118 - INFO - epoch complete!
2024-10-08 14:57:09,119 - INFO - evaluating now!
2024-10-08 14:58:07,269 - INFO - Epoch [17/100] train_loss: 0.0832, val_loss: 0.1025, lr: 0.000100, 317.08s
2024-10-08 15:01:56,937 - INFO - epoch complete!
2024-10-08 15:01:56,938 - INFO - evaluating now!
2024-10-08 15:02:25,647 - INFO - Epoch [18/100] train_loss: 0.0830, val_loss: 0.1026, lr: 0.000100, 258.38s
2024-10-08 15:05:14,289 - INFO - epoch complete!
2024-10-08 15:05:14,289 - INFO - evaluating now!
2024-10-08 15:05:45,612 - INFO - Epoch [19/100] train_loss: 0.0829, val_loss: 0.1028, lr: 0.000100, 199.97s
2024-10-08 15:08:26,614 - INFO - epoch complete!
2024-10-08 15:08:26,615 - INFO - evaluating now!
2024-10-08 15:08:57,282 - INFO - Epoch [20/100] train_loss: 0.0827, val_loss: 0.1028, lr: 0.000100, 191.67s
2024-10-08 15:11:40,319 - INFO - epoch complete!
2024-10-08 15:11:40,319 - INFO - evaluating now!
2024-10-08 15:12:12,887 - INFO - Epoch [21/100] train_loss: 0.0826, val_loss: 0.1029, lr: 0.000100, 195.61s
2024-10-08 15:15:04,442 - INFO - epoch complete!
2024-10-08 15:15:04,442 - INFO - evaluating now!
2024-10-08 15:15:34,250 - INFO - Epoch [22/100] train_loss: 0.0824, val_loss: 0.1029, lr: 0.000100, 201.36s
2024-10-08 15:18:24,969 - INFO - epoch complete!
2024-10-08 15:18:24,969 - INFO - evaluating now!
2024-10-08 15:18:55,029 - INFO - Epoch [23/100] train_loss: 0.0823, val_loss: 0.1031, lr: 0.000100, 200.78s
2024-10-08 15:21:30,562 - INFO - epoch complete!
2024-10-08 15:21:30,563 - INFO - evaluating now!
2024-10-08 15:22:01,983 - INFO - Epoch [24/100] train_loss: 0.0822, val_loss: 0.1032, lr: 0.000100, 186.95s
2024-10-08 15:26:13,651 - INFO - epoch complete!
2024-10-08 15:26:13,652 - INFO - evaluating now!
2024-10-08 15:27:14,746 - INFO - Epoch [25/100] train_loss: 0.0821, val_loss: 0.1033, lr: 0.000100, 312.76s
