2024-10-08 12:21:04,819 - INFO - Log directory: ./libcity/log
2024-10-08 12:21:04,820 - INFO - Begin pipeline, task=MTS_pred, model_name=GWNET, dataset_name=cloud, exp_id=9229
2024-10-08 12:21:04,820 - INFO - {'task': 'MTS_pred', 'model': 'GWNET', 'dataset': 'cloud', 'saved_model': True, 'exp_id': '9229', 'seed': 0, 'batch_size': 1, 'max_epoch': 100, 'dataset_class': 'StatePointDataset', 'executor': 'StateExecutor', 'evaluator': 'StateEvaluator', 'dropout': 0.3, 'blocks': 4, 'layers': 2, 'apt_layer': True, 'gcn_bool': True, 'addaptadj': True, 'adjtype': 'doubletransition', 'bidir_adj_mx': False, 'randomadj': True, 'aptonly': True, 'kernel_size': 2, 'nhid': 32, 'residual_channels': 32, 'dilation_channels': 32, 'skip_channels': 256, 'end_channels': 512, 'scaler': 'standard', 'load_external': False, 'normal_external': False, 'ext_scaler': 'none', 'add_time_in_day': False, 'add_day_in_week': False, 'learner': 'adam', 'learning_rate': 0.001, 'lr_decay': False, 'clip_grad_norm': True, 'max_grad_norm': 5, 'use_early_stop': False, 'cache_dataset': True, 'num_workers': 0, 'pad_with_last_sample': True, 'train_rate': 0.7, 'eval_rate': 0.1, 'input_window': 12, 'output_window': 12, 'robustness_test': False, 'noise_type': 'gaussian', 'disturb_rate': 0.5, 'noise_mean': [5], 'noise_SD': [10], 'gpu': True, 'gpu_id': 0, 'train_loss': 'none', 'epoch': 0, 'weight_decay': 0, 'lr_epsilon': 1e-08, 'lr_beta1': 0.9, 'lr_beta2': 0.999, 'lr_alpha': 0.99, 'lr_momentum': 0, 'lr_scheduler': 'multisteplr', 'lr_decay_ratio': 0.1, 'steps': [5, 20, 40, 70], 'step_size': 10, 'lr_T_max': 30, 'lr_eta_min': 0, 'lr_patience': 10, 'lr_threshold': 0.0001, 'patience': 50, 'log_level': 'INFO', 'log_every': 1, 'load_best_epoch': True, 'hyper_tune': False, 'metrics': ['MAE', 'MAPE', 'RMSE'], 'evaluator_mode': 'single', 'save_mode': ['csv'], 'geo': {'including_types': ['Point'], 'Point': {}}, 'rel': {'including_types': ['geo'], 'geo': {'cost': 'num'}}, 'dyna': {'including_types': ['state'], 'state': {'entity_id': 'geo_id', 'traffic_speed': 'num'}}, 'data_col': ['traffic_speed'], 'weight_col': 'cost', 'data_files': ['cloud'], 'geo_file': 'cloud', 'rel_file': 'cloud', 'output_dim': 1, 'time_intervals': 300, 'init_weight_inf_or_zero': 'inf', 'set_weight_link_or_dist': 'dist', 'calculate_weight_adj': True, 'weight_adj_epsilon': 0.1, 'device': device(type='cuda', index=0)}
2024-10-08 12:21:07,175 - INFO - Loaded file cloud_feature.csv, shape=(3322, 2048, 1)
2024-10-08 12:21:08,448 - INFO - Dataset created
2024-10-08 12:21:08,449 - INFO - x shape: (3299, 12, 2048, 1), y shape: (3299, 12, 2048, 1)
2024-10-08 12:21:08,457 - INFO - train	x: (2309, 12, 2048, 1), y: (2309, 12, 2048, 1)
2024-10-08 12:21:08,457 - INFO - eval	x: (330, 12, 2048, 1), y: (330, 12, 2048, 1)
2024-10-08 12:21:08,458 - INFO - test	x: (660, 12, 2048, 1), y: (660, 12, 2048, 1)
2024-10-08 12:22:33,215 - INFO - Saved at ./libcity/cache/dataset_cache/point_based_cloud_12_12_0.7_0.1_standard_1_False_False_False_True.npz
2024-10-08 12:22:33,392 - INFO - StandardScaler mean: 0.6730361005208646, std: 0.3631566026517174
2024-10-08 12:22:33,392 - INFO - NoneScaler
2024-10-08 12:22:34,584 - INFO - receptive_field: 13
2024-10-08 12:22:35,066 - INFO - GWNET(
  (filter_convs): ModuleList(
    (0): Conv2d(32, 32, kernel_size=(1, 2), stride=(1, 1))
    (1): Conv2d(32, 32, kernel_size=(1, 2), stride=(1, 1), dilation=(2, 2))
    (2): Conv2d(32, 32, kernel_size=(1, 2), stride=(1, 1))
    (3): Conv2d(32, 32, kernel_size=(1, 2), stride=(1, 1), dilation=(2, 2))
    (4): Conv2d(32, 32, kernel_size=(1, 2), stride=(1, 1))
    (5): Conv2d(32, 32, kernel_size=(1, 2), stride=(1, 1), dilation=(2, 2))
    (6): Conv2d(32, 32, kernel_size=(1, 2), stride=(1, 1))
    (7): Conv2d(32, 32, kernel_size=(1, 2), stride=(1, 1), dilation=(2, 2))
  )
  (gate_convs): ModuleList(
    (0): Conv2d(32, 32, kernel_size=(1, 2), stride=(1, 1))
    (1): Conv2d(32, 32, kernel_size=(1, 2), stride=(1, 1), dilation=(2, 2))
    (2): Conv2d(32, 32, kernel_size=(1, 2), stride=(1, 1))
    (3): Conv2d(32, 32, kernel_size=(1, 2), stride=(1, 1), dilation=(2, 2))
    (4): Conv2d(32, 32, kernel_size=(1, 2), stride=(1, 1))
    (5): Conv2d(32, 32, kernel_size=(1, 2), stride=(1, 1), dilation=(2, 2))
    (6): Conv2d(32, 32, kernel_size=(1, 2), stride=(1, 1))
    (7): Conv2d(32, 32, kernel_size=(1, 2), stride=(1, 1), dilation=(2, 2))
  )
  (residual_convs): ModuleList(
    (0-7): 8 x Conv2d(32, 32, kernel_size=(1, 1), stride=(1, 1))
  )
  (skip_convs): ModuleList(
    (0-7): 8 x Conv2d(32, 256, kernel_size=(1, 1), stride=(1, 1))
  )
  (bn): ModuleList(
    (0-7): 8 x BatchNorm2d(32, eps=1e-05, momentum=0.1, affine=True, track_running_stats=True)
  )
  (gconv): ModuleList(
    (0-7): 8 x GCN(
      (nconv): NConv()
      (mlp): Linear(
        (mlp): Conv2d(96, 32, kernel_size=(1, 1), stride=(1, 1))
      )
    )
  )
  (start_conv): Conv2d(1, 32, kernel_size=(1, 1), stride=(1, 1))
  (end_conv_1): Conv2d(256, 512, kernel_size=(1, 1), stride=(1, 1))
  (end_conv_2): Conv2d(512, 12, kernel_size=(1, 1), stride=(1, 1))
)
2024-10-08 12:22:35,067 - INFO - nodevec1	torch.Size([2048, 10])	cuda:0	True
2024-10-08 12:22:35,067 - INFO - nodevec2	torch.Size([10, 2048])	cuda:0	True
2024-10-08 12:22:35,067 - INFO - filter_convs.0.weight	torch.Size([32, 32, 1, 2])	cuda:0	True
2024-10-08 12:22:35,068 - INFO - filter_convs.0.bias	torch.Size([32])	cuda:0	True
2024-10-08 12:22:35,068 - INFO - filter_convs.1.weight	torch.Size([32, 32, 1, 2])	cuda:0	True
2024-10-08 12:22:35,068 - INFO - filter_convs.1.bias	torch.Size([32])	cuda:0	True
2024-10-08 12:22:35,068 - INFO - filter_convs.2.weight	torch.Size([32, 32, 1, 2])	cuda:0	True
2024-10-08 12:22:35,068 - INFO - filter_convs.2.bias	torch.Size([32])	cuda:0	True
2024-10-08 12:22:35,068 - INFO - filter_convs.3.weight	torch.Size([32, 32, 1, 2])	cuda:0	True
2024-10-08 12:22:35,068 - INFO - filter_convs.3.bias	torch.Size([32])	cuda:0	True
2024-10-08 12:22:35,068 - INFO - filter_convs.4.weight	torch.Size([32, 32, 1, 2])	cuda:0	True
2024-10-08 12:22:35,068 - INFO - filter_convs.4.bias	torch.Size([32])	cuda:0	True
2024-10-08 12:22:35,068 - INFO - filter_convs.5.weight	torch.Size([32, 32, 1, 2])	cuda:0	True
2024-10-08 12:22:35,068 - INFO - filter_convs.5.bias	torch.Size([32])	cuda:0	True
2024-10-08 12:22:35,068 - INFO - filter_convs.6.weight	torch.Size([32, 32, 1, 2])	cuda:0	True
2024-10-08 12:22:35,068 - INFO - filter_convs.6.bias	torch.Size([32])	cuda:0	True
2024-10-08 12:22:35,068 - INFO - filter_convs.7.weight	torch.Size([32, 32, 1, 2])	cuda:0	True
2024-10-08 12:22:35,068 - INFO - filter_convs.7.bias	torch.Size([32])	cuda:0	True
2024-10-08 12:22:35,068 - INFO - gate_convs.0.weight	torch.Size([32, 32, 1, 2])	cuda:0	True
2024-10-08 12:22:35,068 - INFO - gate_convs.0.bias	torch.Size([32])	cuda:0	True
2024-10-08 12:22:35,068 - INFO - gate_convs.1.weight	torch.Size([32, 32, 1, 2])	cuda:0	True
2024-10-08 12:22:35,068 - INFO - gate_convs.1.bias	torch.Size([32])	cuda:0	True
2024-10-08 12:22:35,068 - INFO - gate_convs.2.weight	torch.Size([32, 32, 1, 2])	cuda:0	True
2024-10-08 12:22:35,068 - INFO - gate_convs.2.bias	torch.Size([32])	cuda:0	True
2024-10-08 12:22:35,068 - INFO - gate_convs.3.weight	torch.Size([32, 32, 1, 2])	cuda:0	True
2024-10-08 12:22:35,068 - INFO - gate_convs.3.bias	torch.Size([32])	cuda:0	True
2024-10-08 12:22:35,069 - INFO - gate_convs.4.weight	torch.Size([32, 32, 1, 2])	cuda:0	True
2024-10-08 12:22:35,069 - INFO - gate_convs.4.bias	torch.Size([32])	cuda:0	True
2024-10-08 12:22:35,069 - INFO - gate_convs.5.weight	torch.Size([32, 32, 1, 2])	cuda:0	True
2024-10-08 12:22:35,069 - INFO - gate_convs.5.bias	torch.Size([32])	cuda:0	True
2024-10-08 12:22:35,069 - INFO - gate_convs.6.weight	torch.Size([32, 32, 1, 2])	cuda:0	True
2024-10-08 12:22:35,069 - INFO - gate_convs.6.bias	torch.Size([32])	cuda:0	True
2024-10-08 12:22:35,069 - INFO - gate_convs.7.weight	torch.Size([32, 32, 1, 2])	cuda:0	True
2024-10-08 12:22:35,069 - INFO - gate_convs.7.bias	torch.Size([32])	cuda:0	True
2024-10-08 12:22:35,069 - INFO - residual_convs.0.weight	torch.Size([32, 32, 1, 1])	cuda:0	True
2024-10-08 12:22:35,069 - INFO - residual_convs.0.bias	torch.Size([32])	cuda:0	True
2024-10-08 12:22:35,069 - INFO - residual_convs.1.weight	torch.Size([32, 32, 1, 1])	cuda:0	True
2024-10-08 12:22:35,069 - INFO - residual_convs.1.bias	torch.Size([32])	cuda:0	True
2024-10-08 12:22:35,069 - INFO - residual_convs.2.weight	torch.Size([32, 32, 1, 1])	cuda:0	True
2024-10-08 12:22:35,069 - INFO - residual_convs.2.bias	torch.Size([32])	cuda:0	True
2024-10-08 12:22:35,069 - INFO - residual_convs.3.weight	torch.Size([32, 32, 1, 1])	cuda:0	True
2024-10-08 12:22:35,069 - INFO - residual_convs.3.bias	torch.Size([32])	cuda:0	True
2024-10-08 12:22:35,069 - INFO - residual_convs.4.weight	torch.Size([32, 32, 1, 1])	cuda:0	True
2024-10-08 12:22:35,069 - INFO - residual_convs.4.bias	torch.Size([32])	cuda:0	True
2024-10-08 12:22:35,069 - INFO - residual_convs.5.weight	torch.Size([32, 32, 1, 1])	cuda:0	True
2024-10-08 12:22:35,069 - INFO - residual_convs.5.bias	torch.Size([32])	cuda:0	True
2024-10-08 12:22:35,069 - INFO - residual_convs.6.weight	torch.Size([32, 32, 1, 1])	cuda:0	True
2024-10-08 12:22:35,070 - INFO - residual_convs.6.bias	torch.Size([32])	cuda:0	True
2024-10-08 12:22:35,070 - INFO - residual_convs.7.weight	torch.Size([32, 32, 1, 1])	cuda:0	True
2024-10-08 12:22:35,070 - INFO - residual_convs.7.bias	torch.Size([32])	cuda:0	True
2024-10-08 12:22:35,070 - INFO - skip_convs.0.weight	torch.Size([256, 32, 1, 1])	cuda:0	True
2024-10-08 12:22:35,070 - INFO - skip_convs.0.bias	torch.Size([256])	cuda:0	True
2024-10-08 12:22:35,070 - INFO - skip_convs.1.weight	torch.Size([256, 32, 1, 1])	cuda:0	True
2024-10-08 12:22:35,070 - INFO - skip_convs.1.bias	torch.Size([256])	cuda:0	True
2024-10-08 12:22:35,070 - INFO - skip_convs.2.weight	torch.Size([256, 32, 1, 1])	cuda:0	True
2024-10-08 12:22:35,070 - INFO - skip_convs.2.bias	torch.Size([256])	cuda:0	True
2024-10-08 12:22:35,070 - INFO - skip_convs.3.weight	torch.Size([256, 32, 1, 1])	cuda:0	True
2024-10-08 12:22:35,070 - INFO - skip_convs.3.bias	torch.Size([256])	cuda:0	True
2024-10-08 12:22:35,070 - INFO - skip_convs.4.weight	torch.Size([256, 32, 1, 1])	cuda:0	True
2024-10-08 12:22:35,070 - INFO - skip_convs.4.bias	torch.Size([256])	cuda:0	True
2024-10-08 12:22:35,070 - INFO - skip_convs.5.weight	torch.Size([256, 32, 1, 1])	cuda:0	True
2024-10-08 12:22:35,070 - INFO - skip_convs.5.bias	torch.Size([256])	cuda:0	True
2024-10-08 12:22:35,070 - INFO - skip_convs.6.weight	torch.Size([256, 32, 1, 1])	cuda:0	True
2024-10-08 12:22:35,070 - INFO - skip_convs.6.bias	torch.Size([256])	cuda:0	True
2024-10-08 12:22:35,070 - INFO - skip_convs.7.weight	torch.Size([256, 32, 1, 1])	cuda:0	True
2024-10-08 12:22:35,070 - INFO - skip_convs.7.bias	torch.Size([256])	cuda:0	True
2024-10-08 12:22:35,070 - INFO - bn.0.weight	torch.Size([32])	cuda:0	True
2024-10-08 12:22:35,070 - INFO - bn.0.bias	torch.Size([32])	cuda:0	True
2024-10-08 12:22:35,070 - INFO - bn.1.weight	torch.Size([32])	cuda:0	True
2024-10-08 12:22:35,070 - INFO - bn.1.bias	torch.Size([32])	cuda:0	True
2024-10-08 12:22:35,071 - INFO - bn.2.weight	torch.Size([32])	cuda:0	True
2024-10-08 12:22:35,071 - INFO - bn.2.bias	torch.Size([32])	cuda:0	True
2024-10-08 12:22:35,071 - INFO - bn.3.weight	torch.Size([32])	cuda:0	True
2024-10-08 12:22:35,071 - INFO - bn.3.bias	torch.Size([32])	cuda:0	True
2024-10-08 12:22:35,071 - INFO - bn.4.weight	torch.Size([32])	cuda:0	True
2024-10-08 12:22:35,071 - INFO - bn.4.bias	torch.Size([32])	cuda:0	True
2024-10-08 12:22:35,071 - INFO - bn.5.weight	torch.Size([32])	cuda:0	True
2024-10-08 12:22:35,071 - INFO - bn.5.bias	torch.Size([32])	cuda:0	True
2024-10-08 12:22:35,071 - INFO - bn.6.weight	torch.Size([32])	cuda:0	True
2024-10-08 12:22:35,071 - INFO - bn.6.bias	torch.Size([32])	cuda:0	True
2024-10-08 12:22:35,071 - INFO - bn.7.weight	torch.Size([32])	cuda:0	True
2024-10-08 12:22:35,071 - INFO - bn.7.bias	torch.Size([32])	cuda:0	True
2024-10-08 12:22:35,071 - INFO - gconv.0.mlp.mlp.weight	torch.Size([32, 96, 1, 1])	cuda:0	True
2024-10-08 12:22:35,071 - INFO - gconv.0.mlp.mlp.bias	torch.Size([32])	cuda:0	True
2024-10-08 12:22:35,071 - INFO - gconv.1.mlp.mlp.weight	torch.Size([32, 96, 1, 1])	cuda:0	True
2024-10-08 12:22:35,071 - INFO - gconv.1.mlp.mlp.bias	torch.Size([32])	cuda:0	True
2024-10-08 12:22:35,071 - INFO - gconv.2.mlp.mlp.weight	torch.Size([32, 96, 1, 1])	cuda:0	True
2024-10-08 12:22:35,071 - INFO - gconv.2.mlp.mlp.bias	torch.Size([32])	cuda:0	True
2024-10-08 12:22:35,071 - INFO - gconv.3.mlp.mlp.weight	torch.Size([32, 96, 1, 1])	cuda:0	True
2024-10-08 12:22:35,071 - INFO - gconv.3.mlp.mlp.bias	torch.Size([32])	cuda:0	True
2024-10-08 12:22:35,071 - INFO - gconv.4.mlp.mlp.weight	torch.Size([32, 96, 1, 1])	cuda:0	True
2024-10-08 12:22:35,071 - INFO - gconv.4.mlp.mlp.bias	torch.Size([32])	cuda:0	True
2024-10-08 12:22:35,071 - INFO - gconv.5.mlp.mlp.weight	torch.Size([32, 96, 1, 1])	cuda:0	True
2024-10-08 12:22:35,072 - INFO - gconv.5.mlp.mlp.bias	torch.Size([32])	cuda:0	True
2024-10-08 12:22:35,072 - INFO - gconv.6.mlp.mlp.weight	torch.Size([32, 96, 1, 1])	cuda:0	True
2024-10-08 12:22:35,072 - INFO - gconv.6.mlp.mlp.bias	torch.Size([32])	cuda:0	True
2024-10-08 12:22:35,072 - INFO - gconv.7.mlp.mlp.weight	torch.Size([32, 96, 1, 1])	cuda:0	True
2024-10-08 12:22:35,072 - INFO - gconv.7.mlp.mlp.bias	torch.Size([32])	cuda:0	True
2024-10-08 12:22:35,072 - INFO - start_conv.weight	torch.Size([32, 1, 1, 1])	cuda:0	True
2024-10-08 12:22:35,072 - INFO - start_conv.bias	torch.Size([32])	cuda:0	True
2024-10-08 12:22:35,072 - INFO - end_conv_1.weight	torch.Size([512, 256, 1, 1])	cuda:0	True
2024-10-08 12:22:35,072 - INFO - end_conv_1.bias	torch.Size([512])	cuda:0	True
2024-10-08 12:22:35,072 - INFO - end_conv_2.weight	torch.Size([12, 512, 1, 1])	cuda:0	True
2024-10-08 12:22:35,072 - INFO - end_conv_2.bias	torch.Size([12])	cuda:0	True
2024-10-08 12:22:35,072 - INFO - Total parameter numbers: 313420
2024-10-08 12:22:35,072 - INFO - You select `adam` optimizer.
2024-10-08 12:22:35,569 - WARNING - Received none train loss func and will use the loss func defined in the model.
2024-10-08 12:22:35,570 - INFO - Start training ...
2024-10-08 12:22:35,570 - INFO - num_batches:2309
2024-10-08 12:23:55,401 - INFO - epoch complete!
2024-10-08 12:23:55,401 - INFO - evaluating now!
2024-10-08 12:23:58,866 - INFO - Epoch [0/100] train_loss: 0.2179, val_loss: 0.2174, lr: 0.001000, 83.30s
2024-10-08 12:23:58,891 - INFO - Saved model at 0
2024-10-08 12:23:58,891 - INFO - Val loss decrease from inf to 0.2174, saving to ./libcity/cache/9229/model_cache/GWNET_cloud_epoch0.tar
2024-10-08 12:25:17,709 - INFO - epoch complete!
2024-10-08 12:25:17,709 - INFO - evaluating now!
2024-10-08 12:25:21,308 - INFO - Epoch [1/100] train_loss: 0.2137, val_loss: 0.2171, lr: 0.001000, 82.42s
2024-10-08 12:25:21,331 - INFO - Saved model at 1
2024-10-08 12:25:21,331 - INFO - Val loss decrease from 0.2174 to 0.2171, saving to ./libcity/cache/9229/model_cache/GWNET_cloud_epoch1.tar
2024-10-08 12:26:42,236 - INFO - epoch complete!
2024-10-08 12:26:42,236 - INFO - evaluating now!
2024-10-08 12:26:45,948 - INFO - Epoch [2/100] train_loss: 0.2124, val_loss: 0.2180, lr: 0.001000, 84.62s
2024-10-08 12:28:08,668 - INFO - epoch complete!
2024-10-08 12:28:08,668 - INFO - evaluating now!
2024-10-08 12:28:12,045 - INFO - Epoch [3/100] train_loss: 0.2115, val_loss: 0.2254, lr: 0.001000, 86.10s
2024-10-08 12:29:39,441 - INFO - epoch complete!
2024-10-08 12:29:39,442 - INFO - evaluating now!
2024-10-08 12:29:43,694 - INFO - Epoch [4/100] train_loss: 0.2108, val_loss: 0.2167, lr: 0.001000, 91.65s
2024-10-08 12:29:43,717 - INFO - Saved model at 4
2024-10-08 12:29:43,717 - INFO - Val loss decrease from 0.2171 to 0.2167, saving to ./libcity/cache/9229/model_cache/GWNET_cloud_epoch4.tar
2024-10-08 12:31:23,152 - INFO - epoch complete!
2024-10-08 12:31:23,156 - INFO - evaluating now!
2024-10-08 12:31:27,474 - INFO - Epoch [5/100] train_loss: 0.2103, val_loss: 0.2152, lr: 0.001000, 103.76s
2024-10-08 12:31:27,509 - INFO - Saved model at 5
2024-10-08 12:31:27,510 - INFO - Val loss decrease from 0.2167 to 0.2152, saving to ./libcity/cache/9229/model_cache/GWNET_cloud_epoch5.tar
2024-10-08 12:33:03,661 - INFO - epoch complete!
2024-10-08 12:33:03,662 - INFO - evaluating now!
2024-10-08 12:33:07,936 - INFO - Epoch [6/100] train_loss: 0.2099, val_loss: 0.2156, lr: 0.001000, 100.43s
2024-10-08 12:34:41,095 - INFO - epoch complete!
2024-10-08 12:34:41,096 - INFO - evaluating now!
2024-10-08 12:34:45,377 - INFO - Epoch [7/100] train_loss: 0.2095, val_loss: 0.2160, lr: 0.001000, 97.44s
2024-10-08 12:36:15,885 - INFO - epoch complete!
2024-10-08 12:36:15,886 - INFO - evaluating now!
2024-10-08 12:36:19,845 - INFO - Epoch [8/100] train_loss: 0.2091, val_loss: 0.2168, lr: 0.001000, 94.47s
2024-10-08 12:37:48,453 - INFO - epoch complete!
2024-10-08 12:37:48,453 - INFO - evaluating now!
2024-10-08 12:37:52,720 - INFO - Epoch [9/100] train_loss: 0.2087, val_loss: 0.2154, lr: 0.001000, 92.87s
2024-10-08 12:39:25,794 - INFO - epoch complete!
2024-10-08 12:39:25,794 - INFO - evaluating now!
2024-10-08 12:39:30,060 - INFO - Epoch [10/100] train_loss: 0.2084, val_loss: 0.2196, lr: 0.001000, 97.34s
2024-10-08 12:41:03,150 - INFO - epoch complete!
2024-10-08 12:41:03,150 - INFO - evaluating now!
2024-10-08 12:41:07,477 - INFO - Epoch [11/100] train_loss: 0.2081, val_loss: 0.2164, lr: 0.001000, 97.42s
2024-10-08 12:42:40,569 - INFO - epoch complete!
2024-10-08 12:42:40,569 - INFO - evaluating now!
2024-10-08 12:42:44,873 - INFO - Epoch [12/100] train_loss: 0.2078, val_loss: 0.2153, lr: 0.001000, 97.40s
2024-10-08 12:44:17,689 - INFO - epoch complete!
2024-10-08 12:44:17,689 - INFO - evaluating now!
2024-10-08 12:44:21,964 - INFO - Epoch [13/100] train_loss: 0.2075, val_loss: 0.2159, lr: 0.001000, 97.09s
2024-10-08 12:45:49,335 - INFO - epoch complete!
2024-10-08 12:45:49,335 - INFO - evaluating now!
2024-10-08 12:45:53,281 - INFO - Epoch [14/100] train_loss: 0.2073, val_loss: 0.2173, lr: 0.001000, 91.32s
2024-10-08 12:47:24,027 - INFO - epoch complete!
2024-10-08 12:47:24,027 - INFO - evaluating now!
2024-10-08 12:47:28,294 - INFO - Epoch [15/100] train_loss: 0.2070, val_loss: 0.2159, lr: 0.001000, 95.01s
2024-10-08 12:49:00,539 - INFO - epoch complete!
2024-10-08 12:49:00,539 - INFO - evaluating now!
2024-10-08 12:49:04,632 - INFO - Epoch [16/100] train_loss: 0.2068, val_loss: 0.2161, lr: 0.001000, 96.34s
2024-10-08 12:50:35,187 - INFO - epoch complete!
2024-10-08 12:50:35,188 - INFO - evaluating now!
2024-10-08 12:50:39,354 - INFO - Epoch [17/100] train_loss: 0.2065, val_loss: 0.2166, lr: 0.001000, 94.72s
2024-10-08 12:52:09,974 - INFO - epoch complete!
2024-10-08 12:52:09,975 - INFO - evaluating now!
2024-10-08 12:52:14,108 - INFO - Epoch [18/100] train_loss: 0.2063, val_loss: 0.2161, lr: 0.001000, 94.75s
2024-10-08 12:53:52,153 - INFO - epoch complete!
2024-10-08 12:53:52,154 - INFO - evaluating now!
2024-10-08 12:53:56,618 - INFO - Epoch [19/100] train_loss: 0.2061, val_loss: 0.2163, lr: 0.001000, 102.51s
2024-10-08 12:55:38,105 - INFO - epoch complete!
2024-10-08 12:55:38,105 - INFO - evaluating now!
2024-10-08 12:55:42,430 - INFO - Epoch [20/100] train_loss: 0.2059, val_loss: 0.2168, lr: 0.001000, 105.81s
2024-10-08 12:57:25,831 - INFO - epoch complete!
2024-10-08 12:57:25,832 - INFO - evaluating now!
2024-10-08 12:57:30,463 - INFO - Epoch [21/100] train_loss: 0.2058, val_loss: 0.2163, lr: 0.001000, 108.03s
2024-10-08 12:59:19,857 - INFO - epoch complete!
2024-10-08 12:59:19,858 - INFO - evaluating now!
2024-10-08 12:59:24,262 - INFO - Epoch [22/100] train_loss: 0.2056, val_loss: 0.2184, lr: 0.001000, 113.80s
2024-10-08 13:01:09,259 - INFO - epoch complete!
2024-10-08 13:01:09,259 - INFO - evaluating now!
2024-10-08 13:01:13,726 - INFO - Epoch [23/100] train_loss: 0.2054, val_loss: 0.2161, lr: 0.001000, 109.46s
2024-10-08 13:02:55,900 - INFO - epoch complete!
2024-10-08 13:02:55,900 - INFO - evaluating now!
2024-10-08 13:03:00,216 - INFO - Epoch [24/100] train_loss: 0.2052, val_loss: 0.2174, lr: 0.001000, 106.49s
2024-10-08 13:04:41,447 - INFO - epoch complete!
2024-10-08 13:04:41,447 - INFO - evaluating now!
2024-10-08 13:04:46,198 - INFO - Epoch [25/100] train_loss: 0.2051, val_loss: 0.2168, lr: 0.001000, 105.98s
2024-10-08 13:06:28,210 - INFO - epoch complete!
2024-10-08 13:06:28,210 - INFO - evaluating now!
2024-10-08 13:06:32,365 - INFO - Epoch [26/100] train_loss: 0.2050, val_loss: 0.2166, lr: 0.001000, 106.17s
2024-10-08 13:08:05,306 - INFO - epoch complete!
2024-10-08 13:08:05,306 - INFO - evaluating now!
2024-10-08 13:08:09,537 - INFO - Epoch [27/100] train_loss: 0.2048, val_loss: 0.2169, lr: 0.001000, 97.17s
2024-10-08 13:09:42,665 - INFO - epoch complete!
2024-10-08 13:09:42,665 - INFO - evaluating now!
2024-10-08 13:09:46,887 - INFO - Epoch [28/100] train_loss: 0.2047, val_loss: 0.2171, lr: 0.001000, 97.35s
2024-10-08 13:11:19,907 - INFO - epoch complete!
2024-10-08 13:11:19,907 - INFO - evaluating now!
2024-10-08 13:11:23,792 - INFO - Epoch [29/100] train_loss: 0.2045, val_loss: 0.2172, lr: 0.001000, 96.90s
2024-10-08 13:12:49,262 - INFO - epoch complete!
2024-10-08 13:12:49,262 - INFO - evaluating now!
2024-10-08 13:12:53,122 - INFO - Epoch [30/100] train_loss: 0.2044, val_loss: 0.2185, lr: 0.001000, 89.33s
2024-10-08 13:14:26,412 - INFO - epoch complete!
2024-10-08 13:14:26,413 - INFO - evaluating now!
2024-10-08 13:14:30,526 - INFO - Epoch [31/100] train_loss: 0.2043, val_loss: 0.2170, lr: 0.001000, 97.40s
2024-10-08 13:16:03,927 - INFO - epoch complete!
2024-10-08 13:16:03,927 - INFO - evaluating now!
2024-10-08 13:16:08,077 - INFO - Epoch [32/100] train_loss: 0.2042, val_loss: 0.2175, lr: 0.001000, 97.55s
2024-10-08 13:17:46,030 - INFO - epoch complete!
2024-10-08 13:17:46,030 - INFO - evaluating now!
2024-10-08 13:17:50,242 - INFO - Epoch [33/100] train_loss: 0.2041, val_loss: 0.2173, lr: 0.001000, 102.16s
2024-10-08 13:19:23,411 - INFO - epoch complete!
2024-10-08 13:19:23,411 - INFO - evaluating now!
2024-10-08 13:19:27,655 - INFO - Epoch [34/100] train_loss: 0.2040, val_loss: 0.2174, lr: 0.001000, 97.41s
2024-10-08 13:20:55,366 - INFO - epoch complete!
2024-10-08 13:20:55,367 - INFO - evaluating now!
2024-10-08 13:20:59,194 - INFO - Epoch [35/100] train_loss: 0.2039, val_loss: 0.2177, lr: 0.001000, 91.54s
2024-10-08 13:22:28,044 - INFO - epoch complete!
2024-10-08 13:22:28,045 - INFO - evaluating now!
2024-10-08 13:22:32,193 - INFO - Epoch [36/100] train_loss: 0.2038, val_loss: 0.2169, lr: 0.001000, 93.00s
2024-10-08 13:24:02,140 - INFO - epoch complete!
2024-10-08 13:24:02,141 - INFO - evaluating now!
2024-10-08 13:24:06,208 - INFO - Epoch [37/100] train_loss: 0.2037, val_loss: 0.2175, lr: 0.001000, 94.01s
2024-10-08 13:25:36,797 - INFO - epoch complete!
2024-10-08 13:25:36,797 - INFO - evaluating now!
2024-10-08 13:25:40,983 - INFO - Epoch [38/100] train_loss: 0.2037, val_loss: 0.2188, lr: 0.001000, 94.77s
2024-10-08 13:27:11,394 - INFO - epoch complete!
2024-10-08 13:27:11,395 - INFO - evaluating now!
2024-10-08 13:27:15,502 - INFO - Epoch [39/100] train_loss: 0.2036, val_loss: 0.2178, lr: 0.001000, 94.52s
2024-10-08 13:28:44,784 - INFO - epoch complete!
2024-10-08 13:28:44,784 - INFO - evaluating now!
2024-10-08 13:28:48,758 - INFO - Epoch [40/100] train_loss: 0.2035, val_loss: 0.2186, lr: 0.001000, 93.26s
2024-10-08 13:30:17,180 - INFO - epoch complete!
2024-10-08 13:30:17,180 - INFO - evaluating now!
2024-10-08 13:30:21,393 - INFO - Epoch [41/100] train_loss: 0.2034, val_loss: 0.2174, lr: 0.001000, 92.63s
2024-10-08 13:31:54,432 - INFO - epoch complete!
2024-10-08 13:31:54,432 - INFO - evaluating now!
2024-10-08 13:31:58,724 - INFO - Epoch [42/100] train_loss: 0.2033, val_loss: 0.2173, lr: 0.001000, 97.33s
2024-10-08 13:33:31,794 - INFO - epoch complete!
2024-10-08 13:33:31,795 - INFO - evaluating now!
2024-10-08 13:33:36,018 - INFO - Epoch [43/100] train_loss: 0.2032, val_loss: 0.2177, lr: 0.001000, 97.29s
2024-10-08 13:35:08,788 - INFO - epoch complete!
2024-10-08 13:35:08,788 - INFO - evaluating now!
2024-10-08 13:35:13,039 - INFO - Epoch [44/100] train_loss: 0.2032, val_loss: 0.2171, lr: 0.001000, 97.02s
2024-10-08 13:36:51,533 - INFO - epoch complete!
2024-10-08 13:36:51,534 - INFO - evaluating now!
2024-10-08 13:36:55,697 - INFO - Epoch [45/100] train_loss: 0.2031, val_loss: 0.2178, lr: 0.001000, 102.66s
2024-10-08 13:38:23,585 - INFO - epoch complete!
2024-10-08 13:38:23,585 - INFO - evaluating now!
2024-10-08 13:38:27,258 - INFO - Epoch [46/100] train_loss: 0.2030, val_loss: 0.2177, lr: 0.001000, 91.56s
2024-10-08 13:39:58,329 - INFO - epoch complete!
2024-10-08 13:39:58,329 - INFO - evaluating now!
2024-10-08 13:40:02,549 - INFO - Epoch [47/100] train_loss: 0.2030, val_loss: 0.2176, lr: 0.001000, 95.29s
2024-10-08 13:41:12,872 - INFO - epoch complete!
2024-10-08 13:41:12,872 - INFO - evaluating now!
2024-10-08 13:41:15,832 - INFO - Epoch [48/100] train_loss: 0.2029, val_loss: 0.2177, lr: 0.001000, 73.28s
2024-10-08 13:42:21,952 - INFO - epoch complete!
2024-10-08 13:42:21,952 - INFO - evaluating now!
2024-10-08 13:42:24,929 - INFO - Epoch [49/100] train_loss: 0.2029, val_loss: 0.2183, lr: 0.001000, 69.10s
2024-10-08 13:43:30,533 - INFO - epoch complete!
2024-10-08 13:43:30,534 - INFO - evaluating now!
2024-10-08 13:43:33,884 - INFO - Epoch [50/100] train_loss: 0.2028, val_loss: 0.2169, lr: 0.001000, 68.95s
2024-10-08 13:44:55,319 - INFO - epoch complete!
2024-10-08 13:44:55,319 - INFO - evaluating now!
2024-10-08 13:44:59,277 - INFO - Epoch [51/100] train_loss: 0.2028, val_loss: 0.2181, lr: 0.001000, 85.39s
2024-10-08 13:46:31,648 - INFO - epoch complete!
2024-10-08 13:46:31,649 - INFO - evaluating now!
2024-10-08 13:46:35,963 - INFO - Epoch [52/100] train_loss: 0.2027, val_loss: 0.2174, lr: 0.001000, 96.69s
2024-10-08 13:48:11,461 - INFO - epoch complete!
2024-10-08 13:48:11,462 - INFO - evaluating now!
2024-10-08 13:48:15,877 - INFO - Epoch [53/100] train_loss: 0.2026, val_loss: 0.2175, lr: 0.001000, 99.91s
2024-10-08 13:49:51,910 - INFO - epoch complete!
2024-10-08 13:49:51,910 - INFO - evaluating now!
2024-10-08 13:49:56,330 - INFO - Epoch [54/100] train_loss: 0.2026, val_loss: 0.2180, lr: 0.001000, 100.45s
2024-10-08 13:51:29,061 - INFO - epoch complete!
2024-10-08 13:51:29,061 - INFO - evaluating now!
2024-10-08 13:51:33,118 - INFO - Epoch [55/100] train_loss: 0.2026, val_loss: 0.2177, lr: 0.001000, 96.79s
2024-10-08 13:53:03,260 - INFO - epoch complete!
2024-10-08 13:53:03,261 - INFO - evaluating now!
2024-10-08 13:53:07,163 - INFO - Epoch [56/100] train_loss: 0.2025, val_loss: 0.2171, lr: 0.001000, 94.04s
2024-10-08 13:54:33,398 - INFO - epoch complete!
2024-10-08 13:54:33,399 - INFO - evaluating now!
2024-10-08 13:54:37,576 - INFO - Epoch [57/100] train_loss: 0.2024, val_loss: 0.2181, lr: 0.001000, 90.41s
2024-10-08 13:56:10,261 - INFO - epoch complete!
2024-10-08 13:56:10,261 - INFO - evaluating now!
2024-10-08 13:56:14,534 - INFO - Epoch [58/100] train_loss: 0.2024, val_loss: 0.2176, lr: 0.001000, 96.96s
2024-10-08 13:57:47,524 - INFO - epoch complete!
2024-10-08 13:57:47,524 - INFO - evaluating now!
2024-10-08 13:57:51,819 - INFO - Epoch [59/100] train_loss: 0.2023, val_loss: 0.2175, lr: 0.001000, 97.29s
2024-10-08 13:59:25,925 - INFO - epoch complete!
2024-10-08 13:59:25,925 - INFO - evaluating now!
2024-10-08 13:59:29,993 - INFO - Epoch [60/100] train_loss: 0.2024, val_loss: 0.2183, lr: 0.001000, 98.17s
2024-10-08 14:01:04,035 - INFO - epoch complete!
2024-10-08 14:01:04,035 - INFO - evaluating now!
2024-10-08 14:01:08,179 - INFO - Epoch [61/100] train_loss: 0.2023, val_loss: 0.2190, lr: 0.001000, 98.19s
2024-10-08 14:02:43,503 - INFO - epoch complete!
2024-10-08 14:02:43,504 - INFO - evaluating now!
2024-10-08 14:02:47,639 - INFO - Epoch [62/100] train_loss: 0.2022, val_loss: 0.2192, lr: 0.001000, 99.46s
2024-10-08 14:04:21,785 - INFO - epoch complete!
2024-10-08 14:04:21,785 - INFO - evaluating now!
2024-10-08 14:04:26,165 - INFO - Epoch [63/100] train_loss: 0.2022, val_loss: 0.2179, lr: 0.001000, 98.53s
2024-10-08 14:05:57,175 - INFO - epoch complete!
2024-10-08 14:05:57,175 - INFO - evaluating now!
2024-10-08 14:06:01,134 - INFO - Epoch [64/100] train_loss: 0.2021, val_loss: 0.2180, lr: 0.001000, 94.97s
2024-10-08 14:07:33,881 - INFO - epoch complete!
2024-10-08 14:07:33,881 - INFO - evaluating now!
2024-10-08 14:07:38,270 - INFO - Epoch [65/100] train_loss: 0.2021, val_loss: 0.2182, lr: 0.001000, 97.14s
2024-10-08 14:09:40,364 - INFO - epoch complete!
2024-10-08 14:09:40,365 - INFO - evaluating now!
2024-10-08 14:09:46,045 - INFO - Epoch [66/100] train_loss: 0.2021, val_loss: 0.2207, lr: 0.001000, 127.77s
2024-10-08 14:11:48,252 - INFO - epoch complete!
2024-10-08 14:11:48,253 - INFO - evaluating now!
2024-10-08 14:11:53,560 - INFO - Epoch [67/100] train_loss: 0.2020, val_loss: 0.2184, lr: 0.001000, 127.51s
2024-10-08 14:13:56,325 - INFO - epoch complete!
2024-10-08 14:13:56,325 - INFO - evaluating now!
2024-10-08 14:14:01,721 - INFO - Epoch [68/100] train_loss: 0.2020, val_loss: 0.2178, lr: 0.001000, 128.16s
2024-10-08 14:16:09,575 - INFO - epoch complete!
2024-10-08 14:16:09,578 - INFO - evaluating now!
2024-10-08 14:16:15,272 - INFO - Epoch [69/100] train_loss: 0.2020, val_loss: 0.2179, lr: 0.001000, 133.55s
2024-10-08 14:18:24,721 - INFO - epoch complete!
2024-10-08 14:18:24,724 - INFO - evaluating now!
2024-10-08 14:18:29,978 - INFO - Epoch [70/100] train_loss: 0.2019, val_loss: 0.2182, lr: 0.001000, 134.71s
2024-10-08 14:20:08,251 - INFO - epoch complete!
2024-10-08 14:20:08,254 - INFO - evaluating now!
2024-10-08 14:20:12,561 - INFO - Epoch [71/100] train_loss: 0.2019, val_loss: 0.2192, lr: 0.001000, 102.58s
2024-10-08 14:21:49,199 - INFO - epoch complete!
2024-10-08 14:21:49,200 - INFO - evaluating now!
2024-10-08 14:21:53,109 - INFO - Epoch [72/100] train_loss: 0.2019, val_loss: 0.2177, lr: 0.001000, 100.55s
2024-10-08 14:23:26,945 - INFO - epoch complete!
2024-10-08 14:23:26,946 - INFO - evaluating now!
2024-10-08 14:23:31,308 - INFO - Epoch [73/100] train_loss: 0.2018, val_loss: 0.2179, lr: 0.001000, 98.20s
2024-10-08 14:25:07,907 - INFO - epoch complete!
2024-10-08 14:25:07,907 - INFO - evaluating now!
2024-10-08 14:25:12,078 - INFO - Epoch [74/100] train_loss: 0.2018, val_loss: 0.2177, lr: 0.001000, 100.77s
2024-10-08 14:26:46,029 - INFO - epoch complete!
2024-10-08 14:26:46,029 - INFO - evaluating now!
2024-10-08 14:26:50,002 - INFO - Epoch [75/100] train_loss: 0.2018, val_loss: 0.2179, lr: 0.001000, 97.92s
2024-10-08 14:28:21,571 - INFO - epoch complete!
2024-10-08 14:28:21,574 - INFO - evaluating now!
2024-10-08 14:28:25,776 - INFO - Epoch [76/100] train_loss: 0.2017, val_loss: 0.2176, lr: 0.001000, 95.77s
2024-10-08 14:30:08,025 - INFO - epoch complete!
2024-10-08 14:30:08,026 - INFO - evaluating now!
2024-10-08 14:30:11,728 - INFO - Epoch [77/100] train_loss: 0.2017, val_loss: 0.2182, lr: 0.001000, 105.95s
2024-10-08 14:31:32,691 - INFO - epoch complete!
2024-10-08 14:31:32,692 - INFO - evaluating now!
2024-10-08 14:31:36,852 - INFO - Epoch [78/100] train_loss: 0.2017, val_loss: 0.2177, lr: 0.001000, 85.12s
2024-10-08 14:33:10,344 - INFO - epoch complete!
2024-10-08 14:33:10,344 - INFO - evaluating now!
2024-10-08 14:33:14,647 - INFO - Epoch [79/100] train_loss: 0.2017, val_loss: 0.2185, lr: 0.001000, 97.79s
2024-10-08 14:34:48,686 - INFO - epoch complete!
2024-10-08 14:34:48,686 - INFO - evaluating now!
2024-10-08 14:34:52,780 - INFO - Epoch [80/100] train_loss: 0.2016, val_loss: 0.2187, lr: 0.001000, 98.13s
2024-10-08 14:36:25,391 - INFO - epoch complete!
2024-10-08 14:36:25,392 - INFO - evaluating now!
2024-10-08 14:36:29,763 - INFO - Epoch [81/100] train_loss: 0.2017, val_loss: 0.2188, lr: 0.001000, 96.98s
2024-10-08 14:38:08,785 - INFO - epoch complete!
2024-10-08 14:38:08,786 - INFO - evaluating now!
2024-10-08 14:38:13,320 - INFO - Epoch [82/100] train_loss: 0.2016, val_loss: 0.2188, lr: 0.001000, 103.56s
2024-10-08 14:39:46,216 - INFO - epoch complete!
2024-10-08 14:39:46,216 - INFO - evaluating now!
2024-10-08 14:39:50,190 - INFO - Epoch [83/100] train_loss: 0.2016, val_loss: 0.2186, lr: 0.001000, 96.87s
2024-10-08 14:41:23,245 - INFO - epoch complete!
2024-10-08 14:41:23,246 - INFO - evaluating now!
2024-10-08 14:41:27,540 - INFO - Epoch [84/100] train_loss: 0.2015, val_loss: 0.2187, lr: 0.001000, 97.35s
2024-10-08 14:43:03,276 - INFO - epoch complete!
2024-10-08 14:43:03,277 - INFO - evaluating now!
2024-10-08 14:43:07,459 - INFO - Epoch [85/100] train_loss: 0.2015, val_loss: 0.2183, lr: 0.001000, 99.92s
2024-10-08 14:44:44,485 - INFO - epoch complete!
2024-10-08 14:44:44,486 - INFO - evaluating now!
2024-10-08 14:44:48,733 - INFO - Epoch [86/100] train_loss: 0.2015, val_loss: 0.2186, lr: 0.001000, 101.27s
2024-10-08 14:46:04,256 - INFO - epoch complete!
2024-10-08 14:46:04,257 - INFO - evaluating now!
2024-10-08 14:46:07,734 - INFO - Epoch [87/100] train_loss: 0.2014, val_loss: 0.2186, lr: 0.001000, 79.00s
2024-10-08 14:47:16,976 - INFO - epoch complete!
2024-10-08 14:47:16,976 - INFO - evaluating now!
2024-10-08 14:47:19,883 - INFO - Epoch [88/100] train_loss: 0.2014, val_loss: 0.2187, lr: 0.001000, 72.15s
2024-10-08 14:48:31,708 - INFO - epoch complete!
2024-10-08 14:48:31,709 - INFO - evaluating now!
2024-10-08 14:48:34,879 - INFO - Epoch [89/100] train_loss: 0.2014, val_loss: 0.2186, lr: 0.001000, 75.00s
2024-10-08 14:49:46,016 - INFO - epoch complete!
2024-10-08 14:49:46,016 - INFO - evaluating now!
2024-10-08 14:49:49,306 - INFO - Epoch [90/100] train_loss: 0.2014, val_loss: 0.2187, lr: 0.001000, 74.43s
2024-10-08 14:51:00,466 - INFO - epoch complete!
2024-10-08 14:51:00,467 - INFO - evaluating now!
2024-10-08 14:51:03,620 - INFO - Epoch [91/100] train_loss: 0.2013, val_loss: 0.2190, lr: 0.001000, 74.31s
2024-10-08 14:52:08,692 - INFO - epoch complete!
2024-10-08 14:52:08,692 - INFO - evaluating now!
2024-10-08 14:52:11,743 - INFO - Epoch [92/100] train_loss: 0.2013, val_loss: 0.2189, lr: 0.001000, 68.12s
2024-10-08 14:53:20,024 - INFO - epoch complete!
2024-10-08 14:53:20,024 - INFO - evaluating now!
2024-10-08 14:53:23,110 - INFO - Epoch [93/100] train_loss: 0.2013, val_loss: 0.2182, lr: 0.001000, 71.37s
2024-10-08 14:54:31,455 - INFO - epoch complete!
2024-10-08 14:54:31,455 - INFO - evaluating now!
2024-10-08 14:54:34,665 - INFO - Epoch [94/100] train_loss: 0.2013, val_loss: 0.2182, lr: 0.001000, 71.55s
2024-10-08 14:55:43,442 - INFO - epoch complete!
2024-10-08 14:55:43,442 - INFO - evaluating now!
2024-10-08 14:55:46,552 - INFO - Epoch [95/100] train_loss: 0.2012, val_loss: 0.2178, lr: 0.001000, 71.89s
2024-10-08 14:56:55,379 - INFO - epoch complete!
2024-10-08 14:56:55,379 - INFO - evaluating now!
2024-10-08 14:56:58,747 - INFO - Epoch [96/100] train_loss: 0.2012, val_loss: 0.2182, lr: 0.001000, 72.19s
2024-10-08 14:58:05,416 - INFO - epoch complete!
2024-10-08 14:58:05,416 - INFO - evaluating now!
2024-10-08 14:58:08,444 - INFO - Epoch [97/100] train_loss: 0.2012, val_loss: 0.2183, lr: 0.001000, 69.70s
2024-10-08 14:59:20,090 - INFO - epoch complete!
2024-10-08 14:59:20,090 - INFO - evaluating now!
2024-10-08 14:59:23,504 - INFO - Epoch [98/100] train_loss: 0.2012, val_loss: 0.2188, lr: 0.001000, 75.06s
2024-10-08 15:00:33,874 - INFO - epoch complete!
2024-10-08 15:00:33,874 - INFO - evaluating now!
2024-10-08 15:00:37,066 - INFO - Epoch [99/100] train_loss: 0.2012, val_loss: 0.2192, lr: 0.001000, 73.56s
2024-10-08 15:00:37,067 - INFO - Trained totally 100 epochs, average train time is 90.745s, average eval time is 4.068s
2024-10-08 15:00:37,719 - INFO - Loaded model at 5
2024-10-08 15:00:37,721 - INFO - Saved model at ./libcity/cache/9229/model_cache/GWNET_cloud.m
2024-10-08 15:00:37,754 - INFO - Start evaluating ...
2024-10-08 15:00:59,511 - INFO - Note that you select the single mode to evaluate!
2024-10-08 15:00:59,602 - INFO - Evaluate result is saved at ./libcity/cache/9229/evaluate_cache/2024_10_08_15_00_59_GWNET_cloud.csv
2024-10-08 15:00:59,658 - INFO - 
         MAE      MAPE      RMSE
1   0.204098  6.967413  0.307995
2   0.207801  7.213408  0.312793
3   0.209545  7.356049  0.314873
4   0.210567  7.445953  0.316019
5   0.211216  7.482266  0.316852
6   0.211741  7.528683  0.317364
7   0.212146  7.565000  0.317904
8   0.212476  7.595195  0.318350
9   0.212765  7.622388  0.318736
10  0.213002  7.639254  0.319064
11  0.213214  7.656656  0.319355
12  0.213403  7.672564  0.319608
