2024-10-08 15:33:23,605 - INFO - Log directory: ./libcity/log
2024-10-08 15:33:23,605 - INFO - Begin pipeline, task=MTS_pred, model_name=GWNET, dataset_name=METR_LA, exp_id=9235
2024-10-08 15:33:23,605 - INFO - {'task': 'MTS_pred', 'model': 'GWNET', 'dataset': 'METR_LA', 'saved_model': True, 'exp_id': '9235', 'seed': 0, 'max_epoch': 10, 'dataset_class': 'StatePointDataset', 'executor': 'StateExecutor', 'evaluator': 'StateEvaluator', 'dropout': 0.3, 'blocks': 4, 'layers': 2, 'apt_layer': True, 'gcn_bool': True, 'addaptadj': True, 'adjtype': 'doubletransition', 'bidir_adj_mx': False, 'randomadj': True, 'aptonly': True, 'kernel_size': 2, 'nhid': 32, 'residual_channels': 32, 'dilation_channels': 32, 'skip_channels': 256, 'end_channels': 512, 'scaler': 'standard', 'load_external': False, 'normal_external': False, 'ext_scaler': 'none', 'add_time_in_day': False, 'add_day_in_week': False, 'learner': 'adam', 'learning_rate': 0.001, 'lr_decay': False, 'clip_grad_norm': True, 'max_grad_norm': 5, 'use_early_stop': False, 'batch_size': 64, 'cache_dataset': True, 'num_workers': 0, 'pad_with_last_sample': True, 'train_rate': 0.7, 'eval_rate': 0.1, 'input_window': 12, 'output_window': 12, 'robustness_test': False, 'noise_type': 'gaussian', 'disturb_rate': 0.5, 'noise_mean': [5], 'noise_SD': [10], 'gpu': True, 'gpu_id': 0, 'train_loss': 'none', 'epoch': 0, 'weight_decay': 0, 'lr_epsilon': 1e-08, 'lr_beta1': 0.9, 'lr_beta2': 0.999, 'lr_alpha': 0.99, 'lr_momentum': 0, 'lr_scheduler': 'multisteplr', 'lr_decay_ratio': 0.1, 'steps': [5, 20, 40, 70], 'step_size': 10, 'lr_T_max': 30, 'lr_eta_min': 0, 'lr_patience': 10, 'lr_threshold': 0.0001, 'patience': 50, 'log_level': 'INFO', 'log_every': 1, 'load_best_epoch': True, 'hyper_tune': False, 'metrics': ['MAE', 'MAPE', 'RMSE'], 'evaluator_mode': 'single', 'save_mode': ['csv'], 'geo': {'including_types': ['Point'], 'Point': {}}, 'rel': {'including_types': ['geo'], 'geo': {'cost': 'num'}}, 'dyna': {'including_types': ['state'], 'state': {'entity_id': 'geo_id', 'traffic_speed': 'num'}}, 'data_col': ['traffic_speed'], 'weight_col': 'cost', 'data_files': ['METR_LA'], 'geo_file': 'METR_LA', 'rel_file': 'METR_LA', 'output_dim': 1, 'time_intervals': 300, 'init_weight_inf_or_zero': 'inf', 'set_weight_link_or_dist': 'dist', 'calculate_weight_adj': True, 'weight_adj_epsilon': 0.1, 'device': device(type='cuda', index=0)}
2024-10-08 15:33:24,204 - INFO - Loaded file METR_LA_feature.csv, shape=(34272, 207, 1)
2024-10-08 15:33:25,600 - INFO - Dataset created
2024-10-08 15:33:25,600 - INFO - x shape: (34249, 12, 207, 1), y shape: (34249, 12, 207, 1)
2024-10-08 15:33:25,604 - INFO - train	x: (23974, 12, 207, 1), y: (23974, 12, 207, 1)
2024-10-08 15:33:25,604 - INFO - eval	x: (3425, 12, 207, 1), y: (3425, 12, 207, 1)
2024-10-08 15:33:25,604 - INFO - test	x: (6850, 12, 207, 1), y: (6850, 12, 207, 1)
2024-10-08 15:33:41,258 - INFO - Saved at ./libcity/cache/dataset_cache/point_based_METR_LA_12_12_0.7_0.1_standard_64_False_False_False_True.npz
2024-10-08 15:33:41,575 - INFO - StandardScaler mean: 54.40592829587626, std: 19.493739270573098
2024-10-08 15:33:41,575 - INFO - NoneScaler
2024-10-08 15:33:43,072 - INFO - receptive_field: 13
2024-10-08 15:33:43,153 - INFO - GWNET(
  (filter_convs): ModuleList(
    (0): Conv2d(32, 32, kernel_size=(1, 2), stride=(1, 1))
    (1): Conv2d(32, 32, kernel_size=(1, 2), stride=(1, 1), dilation=(2, 2))
    (2): Conv2d(32, 32, kernel_size=(1, 2), stride=(1, 1))
    (3): Conv2d(32, 32, kernel_size=(1, 2), stride=(1, 1), dilation=(2, 2))
    (4): Conv2d(32, 32, kernel_size=(1, 2), stride=(1, 1))
    (5): Conv2d(32, 32, kernel_size=(1, 2), stride=(1, 1), dilation=(2, 2))
    (6): Conv2d(32, 32, kernel_size=(1, 2), stride=(1, 1))
    (7): Conv2d(32, 32, kernel_size=(1, 2), stride=(1, 1), dilation=(2, 2))
  )
  (gate_convs): ModuleList(
    (0): Conv2d(32, 32, kernel_size=(1, 2), stride=(1, 1))
    (1): Conv2d(32, 32, kernel_size=(1, 2), stride=(1, 1), dilation=(2, 2))
    (2): Conv2d(32, 32, kernel_size=(1, 2), stride=(1, 1))
    (3): Conv2d(32, 32, kernel_size=(1, 2), stride=(1, 1), dilation=(2, 2))
    (4): Conv2d(32, 32, kernel_size=(1, 2), stride=(1, 1))
    (5): Conv2d(32, 32, kernel_size=(1, 2), stride=(1, 1), dilation=(2, 2))
    (6): Conv2d(32, 32, kernel_size=(1, 2), stride=(1, 1))
    (7): Conv2d(32, 32, kernel_size=(1, 2), stride=(1, 1), dilation=(2, 2))
  )
  (residual_convs): ModuleList(
    (0-7): 8 x Conv2d(32, 32, kernel_size=(1, 1), stride=(1, 1))
  )
  (skip_convs): ModuleList(
    (0-7): 8 x Conv2d(32, 256, kernel_size=(1, 1), stride=(1, 1))
  )
  (bn): ModuleList(
    (0-7): 8 x BatchNorm2d(32, eps=1e-05, momentum=0.1, affine=True, track_running_stats=True)
  )
  (gconv): ModuleList(
    (0-7): 8 x GCN(
      (nconv): NConv()
      (mlp): Linear(
        (mlp): Conv2d(96, 32, kernel_size=(1, 1), stride=(1, 1))
      )
    )
  )
  (start_conv): Conv2d(1, 32, kernel_size=(1, 1), stride=(1, 1))
  (end_conv_1): Conv2d(256, 512, kernel_size=(1, 1), stride=(1, 1))
  (end_conv_2): Conv2d(512, 12, kernel_size=(1, 1), stride=(1, 1))
)
2024-10-08 15:33:43,154 - INFO - nodevec1	torch.Size([207, 10])	cuda:0	True
2024-10-08 15:33:43,154 - INFO - nodevec2	torch.Size([10, 207])	cuda:0	True
2024-10-08 15:33:43,154 - INFO - filter_convs.0.weight	torch.Size([32, 32, 1, 2])	cuda:0	True
2024-10-08 15:33:43,154 - INFO - filter_convs.0.bias	torch.Size([32])	cuda:0	True
2024-10-08 15:33:43,154 - INFO - filter_convs.1.weight	torch.Size([32, 32, 1, 2])	cuda:0	True
2024-10-08 15:33:43,154 - INFO - filter_convs.1.bias	torch.Size([32])	cuda:0	True
2024-10-08 15:33:43,154 - INFO - filter_convs.2.weight	torch.Size([32, 32, 1, 2])	cuda:0	True
2024-10-08 15:33:43,154 - INFO - filter_convs.2.bias	torch.Size([32])	cuda:0	True
2024-10-08 15:33:43,154 - INFO - filter_convs.3.weight	torch.Size([32, 32, 1, 2])	cuda:0	True
2024-10-08 15:33:43,154 - INFO - filter_convs.3.bias	torch.Size([32])	cuda:0	True
2024-10-08 15:33:43,155 - INFO - filter_convs.4.weight	torch.Size([32, 32, 1, 2])	cuda:0	True
2024-10-08 15:33:43,155 - INFO - filter_convs.4.bias	torch.Size([32])	cuda:0	True
2024-10-08 15:33:43,155 - INFO - filter_convs.5.weight	torch.Size([32, 32, 1, 2])	cuda:0	True
2024-10-08 15:33:43,155 - INFO - filter_convs.5.bias	torch.Size([32])	cuda:0	True
2024-10-08 15:33:43,155 - INFO - filter_convs.6.weight	torch.Size([32, 32, 1, 2])	cuda:0	True
2024-10-08 15:33:43,155 - INFO - filter_convs.6.bias	torch.Size([32])	cuda:0	True
2024-10-08 15:33:43,155 - INFO - filter_convs.7.weight	torch.Size([32, 32, 1, 2])	cuda:0	True
2024-10-08 15:33:43,155 - INFO - filter_convs.7.bias	torch.Size([32])	cuda:0	True
2024-10-08 15:33:43,155 - INFO - gate_convs.0.weight	torch.Size([32, 32, 1, 2])	cuda:0	True
2024-10-08 15:33:43,155 - INFO - gate_convs.0.bias	torch.Size([32])	cuda:0	True
2024-10-08 15:33:43,155 - INFO - gate_convs.1.weight	torch.Size([32, 32, 1, 2])	cuda:0	True
2024-10-08 15:33:43,155 - INFO - gate_convs.1.bias	torch.Size([32])	cuda:0	True
2024-10-08 15:33:43,155 - INFO - gate_convs.2.weight	torch.Size([32, 32, 1, 2])	cuda:0	True
2024-10-08 15:33:43,155 - INFO - gate_convs.2.bias	torch.Size([32])	cuda:0	True
2024-10-08 15:33:43,155 - INFO - gate_convs.3.weight	torch.Size([32, 32, 1, 2])	cuda:0	True
2024-10-08 15:33:43,155 - INFO - gate_convs.3.bias	torch.Size([32])	cuda:0	True
2024-10-08 15:33:43,155 - INFO - gate_convs.4.weight	torch.Size([32, 32, 1, 2])	cuda:0	True
2024-10-08 15:33:43,155 - INFO - gate_convs.4.bias	torch.Size([32])	cuda:0	True
2024-10-08 15:33:43,155 - INFO - gate_convs.5.weight	torch.Size([32, 32, 1, 2])	cuda:0	True
2024-10-08 15:33:43,155 - INFO - gate_convs.5.bias	torch.Size([32])	cuda:0	True
2024-10-08 15:33:43,155 - INFO - gate_convs.6.weight	torch.Size([32, 32, 1, 2])	cuda:0	True
2024-10-08 15:33:43,155 - INFO - gate_convs.6.bias	torch.Size([32])	cuda:0	True
2024-10-08 15:33:43,155 - INFO - gate_convs.7.weight	torch.Size([32, 32, 1, 2])	cuda:0	True
2024-10-08 15:33:43,155 - INFO - gate_convs.7.bias	torch.Size([32])	cuda:0	True
2024-10-08 15:33:43,155 - INFO - residual_convs.0.weight	torch.Size([32, 32, 1, 1])	cuda:0	True
2024-10-08 15:33:43,155 - INFO - residual_convs.0.bias	torch.Size([32])	cuda:0	True
2024-10-08 15:33:43,155 - INFO - residual_convs.1.weight	torch.Size([32, 32, 1, 1])	cuda:0	True
2024-10-08 15:33:43,156 - INFO - residual_convs.1.bias	torch.Size([32])	cuda:0	True
2024-10-08 15:33:43,156 - INFO - residual_convs.2.weight	torch.Size([32, 32, 1, 1])	cuda:0	True
2024-10-08 15:33:43,156 - INFO - residual_convs.2.bias	torch.Size([32])	cuda:0	True
2024-10-08 15:33:43,156 - INFO - residual_convs.3.weight	torch.Size([32, 32, 1, 1])	cuda:0	True
2024-10-08 15:33:43,156 - INFO - residual_convs.3.bias	torch.Size([32])	cuda:0	True
2024-10-08 15:33:43,156 - INFO - residual_convs.4.weight	torch.Size([32, 32, 1, 1])	cuda:0	True
2024-10-08 15:33:43,156 - INFO - residual_convs.4.bias	torch.Size([32])	cuda:0	True
2024-10-08 15:33:43,156 - INFO - residual_convs.5.weight	torch.Size([32, 32, 1, 1])	cuda:0	True
2024-10-08 15:33:43,156 - INFO - residual_convs.5.bias	torch.Size([32])	cuda:0	True
2024-10-08 15:33:43,156 - INFO - residual_convs.6.weight	torch.Size([32, 32, 1, 1])	cuda:0	True
2024-10-08 15:33:43,156 - INFO - residual_convs.6.bias	torch.Size([32])	cuda:0	True
2024-10-08 15:33:43,156 - INFO - residual_convs.7.weight	torch.Size([32, 32, 1, 1])	cuda:0	True
2024-10-08 15:33:43,156 - INFO - residual_convs.7.bias	torch.Size([32])	cuda:0	True
2024-10-08 15:33:43,156 - INFO - skip_convs.0.weight	torch.Size([256, 32, 1, 1])	cuda:0	True
2024-10-08 15:33:43,156 - INFO - skip_convs.0.bias	torch.Size([256])	cuda:0	True
2024-10-08 15:33:43,156 - INFO - skip_convs.1.weight	torch.Size([256, 32, 1, 1])	cuda:0	True
2024-10-08 15:33:43,156 - INFO - skip_convs.1.bias	torch.Size([256])	cuda:0	True
2024-10-08 15:33:43,156 - INFO - skip_convs.2.weight	torch.Size([256, 32, 1, 1])	cuda:0	True
2024-10-08 15:33:43,156 - INFO - skip_convs.2.bias	torch.Size([256])	cuda:0	True
2024-10-08 15:33:43,156 - INFO - skip_convs.3.weight	torch.Size([256, 32, 1, 1])	cuda:0	True
2024-10-08 15:33:43,156 - INFO - skip_convs.3.bias	torch.Size([256])	cuda:0	True
2024-10-08 15:33:43,156 - INFO - skip_convs.4.weight	torch.Size([256, 32, 1, 1])	cuda:0	True
2024-10-08 15:33:43,156 - INFO - skip_convs.4.bias	torch.Size([256])	cuda:0	True
2024-10-08 15:33:43,156 - INFO - skip_convs.5.weight	torch.Size([256, 32, 1, 1])	cuda:0	True
2024-10-08 15:33:43,156 - INFO - skip_convs.5.bias	torch.Size([256])	cuda:0	True
2024-10-08 15:33:43,156 - INFO - skip_convs.6.weight	torch.Size([256, 32, 1, 1])	cuda:0	True
2024-10-08 15:33:43,157 - INFO - skip_convs.6.bias	torch.Size([256])	cuda:0	True
2024-10-08 15:33:43,157 - INFO - skip_convs.7.weight	torch.Size([256, 32, 1, 1])	cuda:0	True
2024-10-08 15:33:43,157 - INFO - skip_convs.7.bias	torch.Size([256])	cuda:0	True
2024-10-08 15:33:43,157 - INFO - bn.0.weight	torch.Size([32])	cuda:0	True
2024-10-08 15:33:43,157 - INFO - bn.0.bias	torch.Size([32])	cuda:0	True
2024-10-08 15:33:43,157 - INFO - bn.1.weight	torch.Size([32])	cuda:0	True
2024-10-08 15:33:43,157 - INFO - bn.1.bias	torch.Size([32])	cuda:0	True
2024-10-08 15:33:43,157 - INFO - bn.2.weight	torch.Size([32])	cuda:0	True
2024-10-08 15:33:43,157 - INFO - bn.2.bias	torch.Size([32])	cuda:0	True
2024-10-08 15:33:43,157 - INFO - bn.3.weight	torch.Size([32])	cuda:0	True
2024-10-08 15:33:43,157 - INFO - bn.3.bias	torch.Size([32])	cuda:0	True
2024-10-08 15:33:43,157 - INFO - bn.4.weight	torch.Size([32])	cuda:0	True
2024-10-08 15:33:43,157 - INFO - bn.4.bias	torch.Size([32])	cuda:0	True
2024-10-08 15:33:43,157 - INFO - bn.5.weight	torch.Size([32])	cuda:0	True
2024-10-08 15:33:43,157 - INFO - bn.5.bias	torch.Size([32])	cuda:0	True
2024-10-08 15:33:43,157 - INFO - bn.6.weight	torch.Size([32])	cuda:0	True
2024-10-08 15:33:43,157 - INFO - bn.6.bias	torch.Size([32])	cuda:0	True
2024-10-08 15:33:43,157 - INFO - bn.7.weight	torch.Size([32])	cuda:0	True
2024-10-08 15:33:43,157 - INFO - bn.7.bias	torch.Size([32])	cuda:0	True
2024-10-08 15:33:43,157 - INFO - gconv.0.mlp.mlp.weight	torch.Size([32, 96, 1, 1])	cuda:0	True
2024-10-08 15:33:43,157 - INFO - gconv.0.mlp.mlp.bias	torch.Size([32])	cuda:0	True
2024-10-08 15:33:43,157 - INFO - gconv.1.mlp.mlp.weight	torch.Size([32, 96, 1, 1])	cuda:0	True
2024-10-08 15:33:43,157 - INFO - gconv.1.mlp.mlp.bias	torch.Size([32])	cuda:0	True
2024-10-08 15:33:43,157 - INFO - gconv.2.mlp.mlp.weight	torch.Size([32, 96, 1, 1])	cuda:0	True
2024-10-08 15:33:43,157 - INFO - gconv.2.mlp.mlp.bias	torch.Size([32])	cuda:0	True
2024-10-08 15:33:43,157 - INFO - gconv.3.mlp.mlp.weight	torch.Size([32, 96, 1, 1])	cuda:0	True
2024-10-08 15:33:43,158 - INFO - gconv.3.mlp.mlp.bias	torch.Size([32])	cuda:0	True
2024-10-08 15:33:43,158 - INFO - gconv.4.mlp.mlp.weight	torch.Size([32, 96, 1, 1])	cuda:0	True
2024-10-08 15:33:43,158 - INFO - gconv.4.mlp.mlp.bias	torch.Size([32])	cuda:0	True
2024-10-08 15:33:43,158 - INFO - gconv.5.mlp.mlp.weight	torch.Size([32, 96, 1, 1])	cuda:0	True
2024-10-08 15:33:43,158 - INFO - gconv.5.mlp.mlp.bias	torch.Size([32])	cuda:0	True
2024-10-08 15:33:43,158 - INFO - gconv.6.mlp.mlp.weight	torch.Size([32, 96, 1, 1])	cuda:0	True
2024-10-08 15:33:43,158 - INFO - gconv.6.mlp.mlp.bias	torch.Size([32])	cuda:0	True
2024-10-08 15:33:43,158 - INFO - gconv.7.mlp.mlp.weight	torch.Size([32, 96, 1, 1])	cuda:0	True
2024-10-08 15:33:43,158 - INFO - gconv.7.mlp.mlp.bias	torch.Size([32])	cuda:0	True
2024-10-08 15:33:43,158 - INFO - start_conv.weight	torch.Size([32, 1, 1, 1])	cuda:0	True
2024-10-08 15:33:43,158 - INFO - start_conv.bias	torch.Size([32])	cuda:0	True
2024-10-08 15:33:43,158 - INFO - end_conv_1.weight	torch.Size([512, 256, 1, 1])	cuda:0	True
2024-10-08 15:33:43,158 - INFO - end_conv_1.bias	torch.Size([512])	cuda:0	True
2024-10-08 15:33:43,158 - INFO - end_conv_2.weight	torch.Size([12, 512, 1, 1])	cuda:0	True
2024-10-08 15:33:43,158 - INFO - end_conv_2.bias	torch.Size([12])	cuda:0	True
2024-10-08 15:33:43,158 - INFO - Total parameter numbers: 276600
2024-10-08 15:33:43,158 - INFO - You select `adam` optimizer.
2024-10-08 15:33:43,694 - WARNING - Received none train loss func and will use the loss func defined in the model.
2024-10-08 15:33:43,694 - INFO - Start training ...
2024-10-08 15:33:43,694 - INFO - num_batches:375
2024-10-08 15:34:55,115 - INFO - epoch complete!
2024-10-08 15:34:55,115 - INFO - evaluating now!
2024-10-08 15:35:01,773 - INFO - Epoch [0/10] train_loss: 4.0185, val_loss: 3.5539, lr: 0.001000, 78.08s
2024-10-08 15:35:01,803 - INFO - Saved model at 0
2024-10-08 15:35:01,804 - INFO - Val loss decrease from inf to 3.5539, saving to ./libcity/cache/9235/model_cache/GWNET_METR_LA_epoch0.tar
2024-10-08 15:36:18,082 - INFO - epoch complete!
2024-10-08 15:36:18,083 - INFO - evaluating now!
2024-10-08 15:36:24,818 - INFO - Epoch [1/10] train_loss: 3.6300, val_loss: 3.3202, lr: 0.001000, 83.01s
2024-10-08 15:36:24,845 - INFO - Saved model at 1
2024-10-08 15:36:24,845 - INFO - Val loss decrease from 3.5539 to 3.3202, saving to ./libcity/cache/9235/model_cache/GWNET_METR_LA_epoch1.tar
2024-10-08 15:37:39,582 - INFO - epoch complete!
2024-10-08 15:37:39,583 - INFO - evaluating now!
2024-10-08 15:37:46,076 - INFO - Epoch [2/10] train_loss: 3.5017, val_loss: 3.2349, lr: 0.001000, 81.23s
2024-10-08 15:37:46,103 - INFO - Saved model at 2
2024-10-08 15:37:46,103 - INFO - Val loss decrease from 3.3202 to 3.2349, saving to ./libcity/cache/9235/model_cache/GWNET_METR_LA_epoch2.tar
2024-10-08 15:39:03,952 - INFO - epoch complete!
2024-10-08 15:39:03,952 - INFO - evaluating now!
2024-10-08 15:39:10,495 - INFO - Epoch [3/10] train_loss: 3.4459, val_loss: 3.1960, lr: 0.001000, 84.39s
2024-10-08 15:39:10,524 - INFO - Saved model at 3
2024-10-08 15:39:10,524 - INFO - Val loss decrease from 3.2349 to 3.1960, saving to ./libcity/cache/9235/model_cache/GWNET_METR_LA_epoch3.tar
2024-10-08 15:40:29,197 - INFO - epoch complete!
2024-10-08 15:40:29,197 - INFO - evaluating now!
2024-10-08 15:40:35,779 - INFO - Epoch [4/10] train_loss: 3.3969, val_loss: 3.2085, lr: 0.001000, 85.25s
2024-10-08 15:41:52,657 - INFO - epoch complete!
2024-10-08 15:41:52,658 - INFO - evaluating now!
2024-10-08 15:41:59,214 - INFO - Epoch [5/10] train_loss: 3.3571, val_loss: 3.1664, lr: 0.001000, 83.44s
2024-10-08 15:41:59,236 - INFO - Saved model at 5
2024-10-08 15:41:59,237 - INFO - Val loss decrease from 3.1960 to 3.1664, saving to ./libcity/cache/9235/model_cache/GWNET_METR_LA_epoch5.tar
2024-10-08 15:43:18,889 - INFO - epoch complete!
2024-10-08 15:43:18,889 - INFO - evaluating now!
2024-10-08 15:43:25,477 - INFO - Epoch [6/10] train_loss: 3.3291, val_loss: 3.1453, lr: 0.001000, 86.24s
2024-10-08 15:43:25,499 - INFO - Saved model at 6
2024-10-08 15:43:25,499 - INFO - Val loss decrease from 3.1664 to 3.1453, saving to ./libcity/cache/9235/model_cache/GWNET_METR_LA_epoch6.tar
2024-10-08 15:44:45,754 - INFO - epoch complete!
2024-10-08 15:44:45,755 - INFO - evaluating now!
2024-10-08 15:44:52,356 - INFO - Epoch [7/10] train_loss: 3.3030, val_loss: 3.1579, lr: 0.001000, 86.86s
2024-10-08 15:46:10,860 - INFO - epoch complete!
2024-10-08 15:46:10,860 - INFO - evaluating now!
2024-10-08 15:46:17,641 - INFO - Epoch [8/10] train_loss: 3.2759, val_loss: 3.0826, lr: 0.001000, 85.28s
2024-10-08 15:46:17,666 - INFO - Saved model at 8
2024-10-08 15:46:17,667 - INFO - Val loss decrease from 3.1453 to 3.0826, saving to ./libcity/cache/9235/model_cache/GWNET_METR_LA_epoch8.tar
2024-10-08 15:47:38,005 - INFO - epoch complete!
2024-10-08 15:47:38,005 - INFO - evaluating now!
2024-10-08 15:47:44,765 - INFO - Epoch [9/10] train_loss: 3.2509, val_loss: 3.0888, lr: 0.001000, 87.10s
2024-10-08 15:47:44,765 - INFO - Trained totally 10 epochs, average train time is 77.458s, average eval time is 6.630s
2024-10-08 15:47:45,558 - INFO - Loaded model at 8
2024-10-08 15:47:45,559 - INFO - Saved model at ./libcity/cache/9235/model_cache/GWNET_METR_LA.m
2024-10-08 15:47:45,585 - INFO - Start evaluating ...
2024-10-08 15:48:08,680 - INFO - Note that you select the single mode to evaluate!
2024-10-08 15:48:08,682 - INFO - Evaluate result is saved at ./libcity/cache/9235/evaluate_cache/2024_10_08_15_48_08_GWNET_METR_LA.csv
2024-10-08 15:48:08,686 - INFO - 
         MAE      MAPE      RMSE
1   2.374907  0.057666  4.154760
2   2.535218  0.063162  4.643196
3   2.664625  0.067643  5.013874
4   2.774953  0.071731  5.314073
5   2.871412  0.075425  5.570721
6   2.962526  0.078835  5.802588
7   3.043986  0.081984  6.007457
8   3.119970  0.084872  6.195865
9   3.191041  0.087566  6.366712
10  3.256603  0.090130  6.523402
11  3.318388  0.092598  6.669357
12  3.377779  0.094948  6.806251
