2024-10-08 15:22:24,114 - INFO - Log directory: ./libcity/log
2024-10-08 15:22:24,115 - INFO - Begin pipeline, task=MTS_pred, model_name=GWNET, dataset_name=METR_LA, exp_id=9235
2024-10-08 15:22:24,115 - INFO - {'task': 'MTS_pred', 'model': 'GWNET', 'dataset': 'METR_LA', 'saved_model': True, 'exp_id': '9235', 'seed': 0, 'max_epoch': 100, 'dataset_class': 'StatePointDataset', 'executor': 'StateExecutor', 'evaluator': 'StateEvaluator', 'dropout': 0.3, 'blocks': 4, 'layers': 2, 'apt_layer': True, 'gcn_bool': True, 'addaptadj': True, 'adjtype': 'doubletransition', 'bidir_adj_mx': False, 'randomadj': True, 'aptonly': True, 'kernel_size': 2, 'nhid': 32, 'residual_channels': 32, 'dilation_channels': 32, 'skip_channels': 256, 'end_channels': 512, 'scaler': 'standard', 'load_external': False, 'normal_external': False, 'ext_scaler': 'none', 'add_time_in_day': False, 'add_day_in_week': False, 'learner': 'adam', 'learning_rate': 0.001, 'lr_decay': False, 'clip_grad_norm': True, 'max_grad_norm': 5, 'use_early_stop': False, 'batch_size': 64, 'cache_dataset': True, 'num_workers': 0, 'pad_with_last_sample': True, 'train_rate': 0.7, 'eval_rate': 0.1, 'input_window': 12, 'output_window': 12, 'robustness_test': False, 'noise_type': 'gaussian', 'disturb_rate': 0.5, 'noise_mean': [5], 'noise_SD': [10], 'gpu': True, 'gpu_id': 0, 'train_loss': 'none', 'epoch': 0, 'weight_decay': 0, 'lr_epsilon': 1e-08, 'lr_beta1': 0.9, 'lr_beta2': 0.999, 'lr_alpha': 0.99, 'lr_momentum': 0, 'lr_scheduler': 'multisteplr', 'lr_decay_ratio': 0.1, 'steps': [5, 20, 40, 70], 'step_size': 10, 'lr_T_max': 30, 'lr_eta_min': 0, 'lr_patience': 10, 'lr_threshold': 0.0001, 'patience': 50, 'log_level': 'INFO', 'log_every': 1, 'load_best_epoch': True, 'hyper_tune': False, 'metrics': ['MAE', 'MAPE', 'RMSE'], 'evaluator_mode': 'single', 'save_mode': ['csv'], 'geo': {'including_types': ['Point'], 'Point': {}}, 'rel': {'including_types': ['geo'], 'geo': {'cost': 'num'}}, 'dyna': {'including_types': ['state'], 'state': {'entity_id': 'geo_id', 'traffic_speed': 'num'}}, 'data_col': ['traffic_speed'], 'weight_col': 'cost', 'data_files': ['METR_LA'], 'geo_file': 'METR_LA', 'rel_file': 'METR_LA', 'output_dim': 1, 'time_intervals': 300, 'init_weight_inf_or_zero': 'inf', 'set_weight_link_or_dist': 'dist', 'calculate_weight_adj': True, 'weight_adj_epsilon': 0.1, 'device': device(type='cuda', index=0)}
2024-10-08 15:22:24,799 - INFO - Loaded file METR_LA_feature.csv, shape=(34272, 207, 1)
2024-10-08 15:22:26,123 - INFO - Dataset created
2024-10-08 15:22:26,123 - INFO - x shape: (34249, 12, 207, 1), y shape: (34249, 12, 207, 1)
2024-10-08 15:22:26,129 - INFO - train	x: (23974, 12, 207, 1), y: (23974, 12, 207, 1)
2024-10-08 15:22:26,129 - INFO - eval	x: (3425, 12, 207, 1), y: (3425, 12, 207, 1)
2024-10-08 15:22:26,129 - INFO - test	x: (6850, 12, 207, 1), y: (6850, 12, 207, 1)
2024-10-08 15:22:40,993 - INFO - Saved at ./libcity/cache/dataset_cache/point_based_METR_LA_12_12_0.7_0.1_standard_64_False_False_False_True.npz
2024-10-08 15:22:41,284 - INFO - StandardScaler mean: 54.40592829587626, std: 19.493739270573098
2024-10-08 15:22:41,284 - INFO - NoneScaler
2024-10-08 15:22:42,643 - INFO - receptive_field: 13
2024-10-08 15:22:42,966 - INFO - GWNET(
  (filter_convs): ModuleList(
    (0): Conv2d(32, 32, kernel_size=(1, 2), stride=(1, 1))
    (1): Conv2d(32, 32, kernel_size=(1, 2), stride=(1, 1), dilation=(2, 2))
    (2): Conv2d(32, 32, kernel_size=(1, 2), stride=(1, 1))
    (3): Conv2d(32, 32, kernel_size=(1, 2), stride=(1, 1), dilation=(2, 2))
    (4): Conv2d(32, 32, kernel_size=(1, 2), stride=(1, 1))
    (5): Conv2d(32, 32, kernel_size=(1, 2), stride=(1, 1), dilation=(2, 2))
    (6): Conv2d(32, 32, kernel_size=(1, 2), stride=(1, 1))
    (7): Conv2d(32, 32, kernel_size=(1, 2), stride=(1, 1), dilation=(2, 2))
  )
  (gate_convs): ModuleList(
    (0): Conv2d(32, 32, kernel_size=(1, 2), stride=(1, 1))
    (1): Conv2d(32, 32, kernel_size=(1, 2), stride=(1, 1), dilation=(2, 2))
    (2): Conv2d(32, 32, kernel_size=(1, 2), stride=(1, 1))
    (3): Conv2d(32, 32, kernel_size=(1, 2), stride=(1, 1), dilation=(2, 2))
    (4): Conv2d(32, 32, kernel_size=(1, 2), stride=(1, 1))
    (5): Conv2d(32, 32, kernel_size=(1, 2), stride=(1, 1), dilation=(2, 2))
    (6): Conv2d(32, 32, kernel_size=(1, 2), stride=(1, 1))
    (7): Conv2d(32, 32, kernel_size=(1, 2), stride=(1, 1), dilation=(2, 2))
  )
  (residual_convs): ModuleList(
    (0-7): 8 x Conv2d(32, 32, kernel_size=(1, 1), stride=(1, 1))
  )
  (skip_convs): ModuleList(
    (0-7): 8 x Conv2d(32, 256, kernel_size=(1, 1), stride=(1, 1))
  )
  (bn): ModuleList(
    (0-7): 8 x BatchNorm2d(32, eps=1e-05, momentum=0.1, affine=True, track_running_stats=True)
  )
  (gconv): ModuleList(
    (0-7): 8 x GCN(
      (nconv): NConv()
      (mlp): Linear(
        (mlp): Conv2d(96, 32, kernel_size=(1, 1), stride=(1, 1))
      )
    )
  )
  (start_conv): Conv2d(1, 32, kernel_size=(1, 1), stride=(1, 1))
  (end_conv_1): Conv2d(256, 512, kernel_size=(1, 1), stride=(1, 1))
  (end_conv_2): Conv2d(512, 12, kernel_size=(1, 1), stride=(1, 1))
)
2024-10-08 15:22:42,968 - INFO - nodevec1	torch.Size([207, 10])	cuda:0	True
2024-10-08 15:22:42,968 - INFO - nodevec2	torch.Size([10, 207])	cuda:0	True
2024-10-08 15:22:42,968 - INFO - filter_convs.0.weight	torch.Size([32, 32, 1, 2])	cuda:0	True
2024-10-08 15:22:42,968 - INFO - filter_convs.0.bias	torch.Size([32])	cuda:0	True
2024-10-08 15:22:42,968 - INFO - filter_convs.1.weight	torch.Size([32, 32, 1, 2])	cuda:0	True
2024-10-08 15:22:42,968 - INFO - filter_convs.1.bias	torch.Size([32])	cuda:0	True
2024-10-08 15:22:42,968 - INFO - filter_convs.2.weight	torch.Size([32, 32, 1, 2])	cuda:0	True
2024-10-08 15:22:42,968 - INFO - filter_convs.2.bias	torch.Size([32])	cuda:0	True
2024-10-08 15:22:42,968 - INFO - filter_convs.3.weight	torch.Size([32, 32, 1, 2])	cuda:0	True
2024-10-08 15:22:42,968 - INFO - filter_convs.3.bias	torch.Size([32])	cuda:0	True
2024-10-08 15:22:42,968 - INFO - filter_convs.4.weight	torch.Size([32, 32, 1, 2])	cuda:0	True
2024-10-08 15:22:42,968 - INFO - filter_convs.4.bias	torch.Size([32])	cuda:0	True
2024-10-08 15:22:42,968 - INFO - filter_convs.5.weight	torch.Size([32, 32, 1, 2])	cuda:0	True
2024-10-08 15:22:42,968 - INFO - filter_convs.5.bias	torch.Size([32])	cuda:0	True
2024-10-08 15:22:42,968 - INFO - filter_convs.6.weight	torch.Size([32, 32, 1, 2])	cuda:0	True
2024-10-08 15:22:42,968 - INFO - filter_convs.6.bias	torch.Size([32])	cuda:0	True
2024-10-08 15:22:42,968 - INFO - filter_convs.7.weight	torch.Size([32, 32, 1, 2])	cuda:0	True
2024-10-08 15:22:42,969 - INFO - filter_convs.7.bias	torch.Size([32])	cuda:0	True
2024-10-08 15:22:42,969 - INFO - gate_convs.0.weight	torch.Size([32, 32, 1, 2])	cuda:0	True
2024-10-08 15:22:42,969 - INFO - gate_convs.0.bias	torch.Size([32])	cuda:0	True
2024-10-08 15:22:42,969 - INFO - gate_convs.1.weight	torch.Size([32, 32, 1, 2])	cuda:0	True
2024-10-08 15:22:42,969 - INFO - gate_convs.1.bias	torch.Size([32])	cuda:0	True
2024-10-08 15:22:42,969 - INFO - gate_convs.2.weight	torch.Size([32, 32, 1, 2])	cuda:0	True
2024-10-08 15:22:42,969 - INFO - gate_convs.2.bias	torch.Size([32])	cuda:0	True
2024-10-08 15:22:42,969 - INFO - gate_convs.3.weight	torch.Size([32, 32, 1, 2])	cuda:0	True
2024-10-08 15:22:42,969 - INFO - gate_convs.3.bias	torch.Size([32])	cuda:0	True
2024-10-08 15:22:42,969 - INFO - gate_convs.4.weight	torch.Size([32, 32, 1, 2])	cuda:0	True
2024-10-08 15:22:42,969 - INFO - gate_convs.4.bias	torch.Size([32])	cuda:0	True
2024-10-08 15:22:42,969 - INFO - gate_convs.5.weight	torch.Size([32, 32, 1, 2])	cuda:0	True
2024-10-08 15:22:42,969 - INFO - gate_convs.5.bias	torch.Size([32])	cuda:0	True
2024-10-08 15:22:42,969 - INFO - gate_convs.6.weight	torch.Size([32, 32, 1, 2])	cuda:0	True
2024-10-08 15:22:42,969 - INFO - gate_convs.6.bias	torch.Size([32])	cuda:0	True
2024-10-08 15:22:42,969 - INFO - gate_convs.7.weight	torch.Size([32, 32, 1, 2])	cuda:0	True
2024-10-08 15:22:42,969 - INFO - gate_convs.7.bias	torch.Size([32])	cuda:0	True
2024-10-08 15:22:42,969 - INFO - residual_convs.0.weight	torch.Size([32, 32, 1, 1])	cuda:0	True
2024-10-08 15:22:42,969 - INFO - residual_convs.0.bias	torch.Size([32])	cuda:0	True
2024-10-08 15:22:42,969 - INFO - residual_convs.1.weight	torch.Size([32, 32, 1, 1])	cuda:0	True
2024-10-08 15:22:42,969 - INFO - residual_convs.1.bias	torch.Size([32])	cuda:0	True
2024-10-08 15:22:42,969 - INFO - residual_convs.2.weight	torch.Size([32, 32, 1, 1])	cuda:0	True
2024-10-08 15:22:42,969 - INFO - residual_convs.2.bias	torch.Size([32])	cuda:0	True
2024-10-08 15:22:42,970 - INFO - residual_convs.3.weight	torch.Size([32, 32, 1, 1])	cuda:0	True
2024-10-08 15:22:42,970 - INFO - residual_convs.3.bias	torch.Size([32])	cuda:0	True
2024-10-08 15:22:42,970 - INFO - residual_convs.4.weight	torch.Size([32, 32, 1, 1])	cuda:0	True
2024-10-08 15:22:42,970 - INFO - residual_convs.4.bias	torch.Size([32])	cuda:0	True
2024-10-08 15:22:42,970 - INFO - residual_convs.5.weight	torch.Size([32, 32, 1, 1])	cuda:0	True
2024-10-08 15:22:42,970 - INFO - residual_convs.5.bias	torch.Size([32])	cuda:0	True
2024-10-08 15:22:42,970 - INFO - residual_convs.6.weight	torch.Size([32, 32, 1, 1])	cuda:0	True
2024-10-08 15:22:42,970 - INFO - residual_convs.6.bias	torch.Size([32])	cuda:0	True
2024-10-08 15:22:42,970 - INFO - residual_convs.7.weight	torch.Size([32, 32, 1, 1])	cuda:0	True
2024-10-08 15:22:42,970 - INFO - residual_convs.7.bias	torch.Size([32])	cuda:0	True
2024-10-08 15:22:42,970 - INFO - skip_convs.0.weight	torch.Size([256, 32, 1, 1])	cuda:0	True
2024-10-08 15:22:42,970 - INFO - skip_convs.0.bias	torch.Size([256])	cuda:0	True
2024-10-08 15:22:42,970 - INFO - skip_convs.1.weight	torch.Size([256, 32, 1, 1])	cuda:0	True
2024-10-08 15:22:42,970 - INFO - skip_convs.1.bias	torch.Size([256])	cuda:0	True
2024-10-08 15:22:42,970 - INFO - skip_convs.2.weight	torch.Size([256, 32, 1, 1])	cuda:0	True
2024-10-08 15:22:42,970 - INFO - skip_convs.2.bias	torch.Size([256])	cuda:0	True
2024-10-08 15:22:42,970 - INFO - skip_convs.3.weight	torch.Size([256, 32, 1, 1])	cuda:0	True
2024-10-08 15:22:42,970 - INFO - skip_convs.3.bias	torch.Size([256])	cuda:0	True
2024-10-08 15:22:42,970 - INFO - skip_convs.4.weight	torch.Size([256, 32, 1, 1])	cuda:0	True
2024-10-08 15:22:42,970 - INFO - skip_convs.4.bias	torch.Size([256])	cuda:0	True
2024-10-08 15:22:42,970 - INFO - skip_convs.5.weight	torch.Size([256, 32, 1, 1])	cuda:0	True
2024-10-08 15:22:42,970 - INFO - skip_convs.5.bias	torch.Size([256])	cuda:0	True
2024-10-08 15:22:42,970 - INFO - skip_convs.6.weight	torch.Size([256, 32, 1, 1])	cuda:0	True
2024-10-08 15:22:42,971 - INFO - skip_convs.6.bias	torch.Size([256])	cuda:0	True
2024-10-08 15:22:42,971 - INFO - skip_convs.7.weight	torch.Size([256, 32, 1, 1])	cuda:0	True
2024-10-08 15:22:42,971 - INFO - skip_convs.7.bias	torch.Size([256])	cuda:0	True
2024-10-08 15:22:42,971 - INFO - bn.0.weight	torch.Size([32])	cuda:0	True
2024-10-08 15:22:42,971 - INFO - bn.0.bias	torch.Size([32])	cuda:0	True
2024-10-08 15:22:42,971 - INFO - bn.1.weight	torch.Size([32])	cuda:0	True
2024-10-08 15:22:42,971 - INFO - bn.1.bias	torch.Size([32])	cuda:0	True
2024-10-08 15:22:42,971 - INFO - bn.2.weight	torch.Size([32])	cuda:0	True
2024-10-08 15:22:42,971 - INFO - bn.2.bias	torch.Size([32])	cuda:0	True
2024-10-08 15:22:42,971 - INFO - bn.3.weight	torch.Size([32])	cuda:0	True
2024-10-08 15:22:42,971 - INFO - bn.3.bias	torch.Size([32])	cuda:0	True
2024-10-08 15:22:42,971 - INFO - bn.4.weight	torch.Size([32])	cuda:0	True
2024-10-08 15:22:42,971 - INFO - bn.4.bias	torch.Size([32])	cuda:0	True
2024-10-08 15:22:42,971 - INFO - bn.5.weight	torch.Size([32])	cuda:0	True
2024-10-08 15:22:42,971 - INFO - bn.5.bias	torch.Size([32])	cuda:0	True
2024-10-08 15:22:42,971 - INFO - bn.6.weight	torch.Size([32])	cuda:0	True
2024-10-08 15:22:42,971 - INFO - bn.6.bias	torch.Size([32])	cuda:0	True
2024-10-08 15:22:42,971 - INFO - bn.7.weight	torch.Size([32])	cuda:0	True
2024-10-08 15:22:42,971 - INFO - bn.7.bias	torch.Size([32])	cuda:0	True
2024-10-08 15:22:42,971 - INFO - gconv.0.mlp.mlp.weight	torch.Size([32, 96, 1, 1])	cuda:0	True
2024-10-08 15:22:42,971 - INFO - gconv.0.mlp.mlp.bias	torch.Size([32])	cuda:0	True
2024-10-08 15:22:42,971 - INFO - gconv.1.mlp.mlp.weight	torch.Size([32, 96, 1, 1])	cuda:0	True
2024-10-08 15:22:42,972 - INFO - gconv.1.mlp.mlp.bias	torch.Size([32])	cuda:0	True
2024-10-08 15:22:42,972 - INFO - gconv.2.mlp.mlp.weight	torch.Size([32, 96, 1, 1])	cuda:0	True
2024-10-08 15:22:42,972 - INFO - gconv.2.mlp.mlp.bias	torch.Size([32])	cuda:0	True
2024-10-08 15:22:42,972 - INFO - gconv.3.mlp.mlp.weight	torch.Size([32, 96, 1, 1])	cuda:0	True
2024-10-08 15:22:42,972 - INFO - gconv.3.mlp.mlp.bias	torch.Size([32])	cuda:0	True
2024-10-08 15:22:42,972 - INFO - gconv.4.mlp.mlp.weight	torch.Size([32, 96, 1, 1])	cuda:0	True
2024-10-08 15:22:42,972 - INFO - gconv.4.mlp.mlp.bias	torch.Size([32])	cuda:0	True
2024-10-08 15:22:42,972 - INFO - gconv.5.mlp.mlp.weight	torch.Size([32, 96, 1, 1])	cuda:0	True
2024-10-08 15:22:42,972 - INFO - gconv.5.mlp.mlp.bias	torch.Size([32])	cuda:0	True
2024-10-08 15:22:42,972 - INFO - gconv.6.mlp.mlp.weight	torch.Size([32, 96, 1, 1])	cuda:0	True
2024-10-08 15:22:42,972 - INFO - gconv.6.mlp.mlp.bias	torch.Size([32])	cuda:0	True
2024-10-08 15:22:42,972 - INFO - gconv.7.mlp.mlp.weight	torch.Size([32, 96, 1, 1])	cuda:0	True
2024-10-08 15:22:42,972 - INFO - gconv.7.mlp.mlp.bias	torch.Size([32])	cuda:0	True
2024-10-08 15:22:42,972 - INFO - start_conv.weight	torch.Size([32, 1, 1, 1])	cuda:0	True
2024-10-08 15:22:42,972 - INFO - start_conv.bias	torch.Size([32])	cuda:0	True
2024-10-08 15:22:42,972 - INFO - end_conv_1.weight	torch.Size([512, 256, 1, 1])	cuda:0	True
2024-10-08 15:22:42,972 - INFO - end_conv_1.bias	torch.Size([512])	cuda:0	True
2024-10-08 15:22:42,972 - INFO - end_conv_2.weight	torch.Size([12, 512, 1, 1])	cuda:0	True
2024-10-08 15:22:42,972 - INFO - end_conv_2.bias	torch.Size([12])	cuda:0	True
2024-10-08 15:22:42,973 - INFO - Total parameter numbers: 276600
2024-10-08 15:22:42,973 - INFO - You select `adam` optimizer.
2024-10-08 15:22:43,507 - WARNING - Received none train loss func and will use the loss func defined in the model.
2024-10-08 15:22:43,507 - INFO - Start training ...
2024-10-08 15:22:43,507 - INFO - num_batches:375
2024-10-08 15:24:06,942 - INFO - epoch complete!
2024-10-08 15:24:06,943 - INFO - evaluating now!
2024-10-08 15:24:13,673 - INFO - Epoch [0/100] train_loss: 4.0185, val_loss: 3.5539, lr: 0.001000, 90.17s
2024-10-08 15:24:13,702 - INFO - Saved model at 0
2024-10-08 15:24:13,702 - INFO - Val loss decrease from inf to 3.5539, saving to ./libcity/cache/9235/model_cache/GWNET_METR_LA_epoch0.tar
2024-10-08 15:25:34,897 - INFO - epoch complete!
2024-10-08 15:25:34,897 - INFO - evaluating now!
2024-10-08 15:25:41,763 - INFO - Epoch [1/100] train_loss: 3.6300, val_loss: 3.3202, lr: 0.001000, 88.06s
2024-10-08 15:25:41,786 - INFO - Saved model at 1
2024-10-08 15:25:41,786 - INFO - Val loss decrease from 3.5539 to 3.3202, saving to ./libcity/cache/9235/model_cache/GWNET_METR_LA_epoch1.tar
2024-10-08 15:27:03,063 - INFO - epoch complete!
2024-10-08 15:27:03,064 - INFO - evaluating now!
2024-10-08 15:27:09,714 - INFO - Epoch [2/100] train_loss: 3.5017, val_loss: 3.2349, lr: 0.001000, 87.93s
2024-10-08 15:27:09,739 - INFO - Saved model at 2
2024-10-08 15:27:09,739 - INFO - Val loss decrease from 3.3202 to 3.2349, saving to ./libcity/cache/9235/model_cache/GWNET_METR_LA_epoch2.tar
2024-10-08 15:28:33,425 - INFO - epoch complete!
2024-10-08 15:28:33,425 - INFO - evaluating now!
2024-10-08 15:28:40,306 - INFO - Epoch [3/100] train_loss: 3.4459, val_loss: 3.1960, lr: 0.001000, 90.57s
2024-10-08 15:28:40,330 - INFO - Saved model at 3
2024-10-08 15:28:40,330 - INFO - Val loss decrease from 3.2349 to 3.1960, saving to ./libcity/cache/9235/model_cache/GWNET_METR_LA_epoch3.tar
