2024-08-19 00:25:45,655 - INFO - Log directory: ./libcity/log
2024-08-19 00:25:45,655 - INFO - Begin pipeline, task=MTS_pred, model_name=AGCRN, dataset_name=METR_LA, exp_id=94078
2024-08-19 00:25:45,655 - INFO - {'task': 'MTS_pred', 'model': 'AGCRN', 'dataset': 'METR_LA', 'saved_model': True, 'seed': 0, 'max_epoch': 1, 'dataset_class': 'StatePointDataset', 'executor': 'StateExecutor', 'evaluator': 'StateEvaluator', 'embed_dim': 10, 'rnn_units': 64, 'num_layers': 2, 'cheb_order': 2, 'bidir_adj_mx': True, 'scaler': 'standard', 'load_external': False, 'normal_external': False, 'ext_scaler': 'none', 'add_time_in_day': False, 'add_day_in_week': False, 'learner': 'adam', 'learning_rate': 0.003, 'lr_decay': False, 'clip_grad_norm': False, 'use_early_stop': True, 'patience': 50, 'batch_size': 64, 'cache_dataset': True, 'num_workers': 0, 'pad_with_last_sample': True, 'train_rate': 0.7, 'eval_rate': 0.1, 'input_window': 12, 'output_window': 12, 'robustness_test': False, 'noise_type': 'gaussian', 'disturb_rate': 0.5, 'noise_mean': [5], 'noise_SD': [10], 'gpu': True, 'gpu_id': 0, 'train_loss': 'none', 'epoch': 0, 'weight_decay': 0, 'lr_epsilon': 1e-08, 'lr_beta1': 0.9, 'lr_beta2': 0.999, 'lr_alpha': 0.99, 'lr_momentum': 0, 'lr_scheduler': 'multisteplr', 'lr_decay_ratio': 0.1, 'steps': [5, 20, 40, 70], 'step_size': 10, 'lr_T_max': 30, 'lr_eta_min': 0, 'lr_patience': 10, 'lr_threshold': 0.0001, 'max_grad_norm': 1.0, 'log_level': 'INFO', 'log_every': 1, 'load_best_epoch': True, 'hyper_tune': False, 'metrics': ['MAE', 'MAPE', 'RMSE'], 'evaluator_mode': 'single', 'save_mode': ['csv'], 'geo': {'including_types': ['Point'], 'Point': {}}, 'rel': {'including_types': ['geo'], 'geo': {'cost': 'num'}}, 'dyna': {'including_types': ['state'], 'state': {'entity_id': 'geo_id', 'traffic_speed': 'num'}}, 'data_col': ['traffic_speed'], 'weight_col': 'cost', 'data_files': ['METR_LA'], 'geo_file': 'METR_LA', 'rel_file': 'METR_LA', 'output_dim': 1, 'time_intervals': 300, 'init_weight_inf_or_zero': 'inf', 'set_weight_link_or_dist': 'dist', 'calculate_weight_adj': True, 'weight_adj_epsilon': 0.1, 'device': device(type='cuda', index=0), 'exp_id': 94078}
2024-08-19 00:25:45,660 - INFO - Loaded file METR_LA.geo, num_nodes=207
2024-08-19 00:25:45,667 - INFO - set_weight_link_or_dist: dist
2024-08-19 00:25:45,667 - INFO - init_weight_inf_or_zero: inf
2024-08-19 00:25:45,714 - INFO - Loaded file METR_LA.rel, shape=(207, 207)
2024-08-19 00:25:45,715 - INFO - Start Calculate the weight by Gauss kernel!
2024-08-19 00:25:45,715 - INFO - Loading file METR_LA.dyna
2024-08-19 00:25:50,329 - INFO - Loaded file METR_LA.dyna, shape=(34272, 207, 1)
2024-08-19 00:25:52,504 - INFO - Dataset created
2024-08-19 00:25:52,504 - INFO - x shape: (34249, 12, 207, 1), y shape: (34249, 12, 207, 1)
2024-08-19 00:25:52,508 - INFO - train	x: (23974, 12, 207, 1), y: (23974, 12, 207, 1)
2024-08-19 00:25:52,508 - INFO - eval	x: (3425, 12, 207, 1), y: (3425, 12, 207, 1)
2024-08-19 00:25:52,508 - INFO - test	x: (6850, 12, 207, 1), y: (6850, 12, 207, 1)
2024-08-19 00:26:10,541 - INFO - Saved at ./libcity/cache/dataset_cache/point_based_METR_LA_12_12_0.7_0.1_standard_64_False_False_False_True.npz
2024-08-19 00:26:10,947 - INFO - StandardScaler mean: 54.40592829587626, std: 19.493739270573098
2024-08-19 00:26:10,947 - INFO - NoneScaler
2024-08-19 00:26:15,427 - INFO - AGCRN(
  (encoder): AVWDCRNN(
    (dcrnn_cells): ModuleList(
      (0): AGCRNCell(
        (gate): AVWGCN()
        (update): AVWGCN()
      )
      (1): AGCRNCell(
        (gate): AVWGCN()
        (update): AVWGCN()
      )
    )
  )
  (end_conv): Conv2d(1, 12, kernel_size=(1, 64), stride=(1, 1))
)
2024-08-19 00:26:15,428 - INFO - node_embeddings	torch.Size([207, 10])	cuda:0	True
2024-08-19 00:26:15,428 - INFO - encoder.dcrnn_cells.0.gate.weights_pool	torch.Size([10, 2, 65, 128])	cuda:0	True
2024-08-19 00:26:15,428 - INFO - encoder.dcrnn_cells.0.gate.bias_pool	torch.Size([10, 128])	cuda:0	True
2024-08-19 00:26:15,428 - INFO - encoder.dcrnn_cells.0.update.weights_pool	torch.Size([10, 2, 65, 64])	cuda:0	True
2024-08-19 00:26:15,428 - INFO - encoder.dcrnn_cells.0.update.bias_pool	torch.Size([10, 64])	cuda:0	True
2024-08-19 00:26:15,428 - INFO - encoder.dcrnn_cells.1.gate.weights_pool	torch.Size([10, 2, 128, 128])	cuda:0	True
2024-08-19 00:26:15,428 - INFO - encoder.dcrnn_cells.1.gate.bias_pool	torch.Size([10, 128])	cuda:0	True
2024-08-19 00:26:15,428 - INFO - encoder.dcrnn_cells.1.update.weights_pool	torch.Size([10, 2, 128, 64])	cuda:0	True
2024-08-19 00:26:15,428 - INFO - encoder.dcrnn_cells.1.update.bias_pool	torch.Size([10, 64])	cuda:0	True
2024-08-19 00:26:15,428 - INFO - end_conv.weight	torch.Size([12, 1, 1, 64])	cuda:0	True
2024-08-19 00:26:15,429 - INFO - end_conv.bias	torch.Size([12])	cuda:0	True
2024-08-19 00:26:15,429 - INFO - Total parameter numbers: 747810
2024-08-19 00:26:15,429 - INFO - You select `adam` optimizer.
2024-08-19 00:26:15,429 - WARNING - Received none train loss func and will use the loss func defined in the model.
2024-08-19 00:26:15,429 - INFO - Start training ...
2024-08-19 00:26:15,429 - INFO - num_batches:375
2024-08-19 00:27:04,594 - INFO - epoch complete!
2024-08-19 00:27:04,594 - INFO - evaluating now!
2024-08-19 00:27:07,401 - INFO - Epoch [0/1] train_loss: 4.3522, val_loss: 3.4681, lr: 0.003000, 51.97s
2024-08-19 00:27:07,418 - INFO - Saved model at 0
2024-08-19 00:27:07,418 - INFO - Val loss decrease from inf to 3.4681, saving to ./libcity/cache/94078/model_cache/AGCRN_METR_LA_epoch0.tar
2024-08-19 00:27:07,418 - INFO - Trained totally 1 epochs, average train time is 49.164s, average eval time is 2.806s
2024-08-19 00:27:07,426 - INFO - Loaded model at 0
2024-08-19 00:27:07,427 - INFO - Saved model at ./libcity/cache/94078/model_cache/AGCRN_METR_LA.m
2024-08-19 00:27:07,442 - INFO - Start evaluating ...
2024-08-19 00:27:29,198 - INFO - Note that you select the single mode to evaluate!
2024-08-19 00:27:29,203 - INFO - Evaluate result is saved at ./libcity/cache/94078/evaluate_cache/2024_08_19_00_27_29_AGCRN_METR_LA.csv
2024-08-19 00:27:29,211 - INFO - 
         MAE      MAPE      RMSE
1   2.575886  0.066664  4.584248
2   2.739161  0.072025  5.041533
3   2.873723  0.076487  5.422664
4   2.994697  0.080522  5.749393
5   3.107630  0.084381  6.033005
6   3.218183  0.088126  6.296867
7   3.320465  0.091595  6.542980
8   3.417919  0.094992  6.766919
9   3.511591  0.098371  6.972765
10  3.603003  0.101673  7.168266
11  3.692765  0.105011  7.350076
12  3.778099  0.108231  7.524779
