2024-08-22 13:55:13,589 - INFO - Log directory: ./libcity/log
2024-08-22 13:55:13,590 - INFO - Begin pipeline, task=MTS_pred, model_name=STSGCN, dataset_name=cloud, exp_id=94947
2024-08-22 13:55:13,590 - INFO - {'task': 'MTS_pred', 'model': 'STSGCN', 'dataset': 'cloud', 'saved_model': True, 'seed': 0, 'max_epoch': 1, 'dataset_class': 'StatePointDataset', 'executor': 'StateExecutor', 'evaluator': 'StateEvaluator', 'module_type': 'individual', 'act_type': 'GLU', 'temporal_emb': True, 'spatial_emb': True, 'use_mask': False, 'first_layer_embedding_size': 64, 'filters': [[64, 64, 64], [64, 64, 64], [64, 64, 64], [64, 64, 64]], 'rho': 1, 'bidir_adj_mx': True, 'batch_size': 32, 'distance_inverse': True, 'scaler': 'standard', 'load_external': False, 'normal_external': False, 'ext_scaler': 'none', 'add_time_in_day': True, 'add_day_in_week': False, 'learner': 'adam', 'learning_rate': 0.001, 'lr_decay': False, 'lr_scheduler': 'multisteplr', 'lr_decay_ratio': 0.1, 'steps': [5, 20, 40, 70], 'clip_grad_norm': False, 'use_early_stop': True, 'patience': 50, 'cache_dataset': True, 'num_workers': 0, 'pad_with_last_sample': True, 'train_rate': 0.7, 'eval_rate': 0.1, 'input_window': 12, 'output_window': 12, 'robustness_test': False, 'noise_type': 'gaussian', 'disturb_rate': 0.5, 'noise_mean': [5], 'noise_SD': [10], 'gpu': True, 'gpu_id': 0, 'train_loss': 'none', 'epoch': 0, 'weight_decay': 0, 'lr_epsilon': 1e-08, 'lr_beta1': 0.9, 'lr_beta2': 0.999, 'lr_alpha': 0.99, 'lr_momentum': 0, 'step_size': 10, 'lr_T_max': 30, 'lr_eta_min': 0, 'lr_patience': 10, 'lr_threshold': 0.0001, 'max_grad_norm': 1.0, 'log_level': 'INFO', 'log_every': 1, 'load_best_epoch': True, 'hyper_tune': False, 'metrics': ['MAE', 'MAPE', 'RMSE'], 'evaluator_mode': 'single', 'save_mode': ['csv'], 'geo': {'including_types': ['Point'], 'Point': {}}, 'rel': {'including_types': ['geo'], 'geo': {'cost': 'num'}}, 'dyna': {'including_types': ['state'], 'state': {'entity_id': 'geo_id', 'traffic_speed': 'num'}}, 'data_col': ['traffic_speed'], 'weight_col': 'cost', 'data_files': ['cloud'], 'geo_file': 'cloud', 'rel_file': 'cloud', 'output_dim': 1, 'time_intervals': 300, 'init_weight_inf_or_zero': 'inf', 'set_weight_link_or_dist': 'dist', 'calculate_weight_adj': True, 'weight_adj_epsilon': 0.1, 'device': device(type='cuda', index=0), 'exp_id': 94947}
2024-08-22 13:55:16,592 - INFO - Loaded file cloud_feature.csv, shape=(3322, 2048, 1)
2024-08-22 13:55:18,546 - INFO - Dataset created
2024-08-22 13:55:18,547 - INFO - x shape: (3299, 12, 2048, 1), y shape: (3299, 12, 2048, 1)
2024-08-22 13:55:18,551 - INFO - train	x: (2309, 12, 2048, 1), y: (2309, 12, 2048, 1)
2024-08-22 13:55:18,551 - INFO - eval	x: (330, 12, 2048, 1), y: (330, 12, 2048, 1)
2024-08-22 13:55:18,551 - INFO - test	x: (660, 12, 2048, 1), y: (660, 12, 2048, 1)
2024-08-22 13:57:00,004 - INFO - Saved at ./libcity/cache/dataset_cache/point_based_cloud_12_12_0.7_0.1_standard_32_False_True_False_True.npz
2024-08-22 13:57:00,375 - INFO - StandardScaler mean: 0.6730361005208646, std: 0.3631566026517174
2024-08-22 13:57:00,375 - INFO - NoneScaler
2024-08-22 13:57:03,228 - INFO - STSGCN(
  (first_layer_embedding): Linear(in_features=1, out_features=64, bias=True)
  (stsgcl_layers): ModuleList(
    (0): STSGCL(
      (layer): STSGCNLayerIndividual(
        (position_embedding): PositionEmbedding()
        (gcms): ModuleList(
          (0-9): 10 x Stsgcm(
            (layers): ModuleList(
              (0-2): 3 x GcnOperation(
                (layer): Linear(in_features=64, out_features=128, bias=True)
              )
            )
          )
        )
      )
    )
    (1): STSGCL(
      (layer): STSGCNLayerIndividual(
        (position_embedding): PositionEmbedding()
        (gcms): ModuleList(
          (0-7): 8 x Stsgcm(
            (layers): ModuleList(
              (0-2): 3 x GcnOperation(
                (layer): Linear(in_features=64, out_features=128, bias=True)
              )
            )
          )
        )
      )
    )
    (2): STSGCL(
      (layer): STSGCNLayerIndividual(
        (position_embedding): PositionEmbedding()
        (gcms): ModuleList(
          (0-5): 6 x Stsgcm(
            (layers): ModuleList(
              (0-2): 3 x GcnOperation(
                (layer): Linear(in_features=64, out_features=128, bias=True)
              )
            )
          )
        )
      )
    )
    (3): STSGCL(
      (layer): STSGCNLayerIndividual(
        (position_embedding): PositionEmbedding()
        (gcms): ModuleList(
          (0-3): 4 x Stsgcm(
            (layers): ModuleList(
              (0-2): 3 x GcnOperation(
                (layer): Linear(in_features=64, out_features=128, bias=True)
              )
            )
          )
        )
      )
    )
  )
  (outputs): ModuleList(
    (0-11): 12 x OutputLayer(
      (hidden_layer): Linear(in_features=256, out_features=128, bias=True)
      (ouput_layer): Linear(in_features=128, out_features=1, bias=True)
    )
  )
  (loss): SmoothL1Loss()
)
2024-08-22 13:57:03,230 - INFO - first_layer_embedding.weight	torch.Size([64, 1])	cuda:0	True
2024-08-22 13:57:03,230 - INFO - first_layer_embedding.bias	torch.Size([64])	cuda:0	True
2024-08-22 13:57:03,230 - INFO - stsgcl_layers.0.layer.position_embedding.temporal_emb	torch.Size([1, 12, 1, 64])	cuda:0	True
2024-08-22 13:57:03,230 - INFO - stsgcl_layers.0.layer.position_embedding.spatial_emb	torch.Size([1, 1, 2048, 64])	cuda:0	True
2024-08-22 13:57:03,230 - INFO - stsgcl_layers.0.layer.gcms.0.layers.0.layer.weight	torch.Size([128, 64])	cuda:0	True
2024-08-22 13:57:03,230 - INFO - stsgcl_layers.0.layer.gcms.0.layers.0.layer.bias	torch.Size([128])	cuda:0	True
2024-08-22 13:57:03,230 - INFO - stsgcl_layers.0.layer.gcms.0.layers.1.layer.weight	torch.Size([128, 64])	cuda:0	True
2024-08-22 13:57:03,230 - INFO - stsgcl_layers.0.layer.gcms.0.layers.1.layer.bias	torch.Size([128])	cuda:0	True
2024-08-22 13:57:03,230 - INFO - stsgcl_layers.0.layer.gcms.0.layers.2.layer.weight	torch.Size([128, 64])	cuda:0	True
2024-08-22 13:57:03,230 - INFO - stsgcl_layers.0.layer.gcms.0.layers.2.layer.bias	torch.Size([128])	cuda:0	True
2024-08-22 13:57:03,230 - INFO - stsgcl_layers.0.layer.gcms.1.layers.0.layer.weight	torch.Size([128, 64])	cuda:0	True
2024-08-22 13:57:03,230 - INFO - stsgcl_layers.0.layer.gcms.1.layers.0.layer.bias	torch.Size([128])	cuda:0	True
2024-08-22 13:57:03,230 - INFO - stsgcl_layers.0.layer.gcms.1.layers.1.layer.weight	torch.Size([128, 64])	cuda:0	True
2024-08-22 13:57:03,230 - INFO - stsgcl_layers.0.layer.gcms.1.layers.1.layer.bias	torch.Size([128])	cuda:0	True
2024-08-22 13:57:03,230 - INFO - stsgcl_layers.0.layer.gcms.1.layers.2.layer.weight	torch.Size([128, 64])	cuda:0	True
2024-08-22 13:57:03,230 - INFO - stsgcl_layers.0.layer.gcms.1.layers.2.layer.bias	torch.Size([128])	cuda:0	True
2024-08-22 13:57:03,230 - INFO - stsgcl_layers.0.layer.gcms.2.layers.0.layer.weight	torch.Size([128, 64])	cuda:0	True
2024-08-22 13:57:03,230 - INFO - stsgcl_layers.0.layer.gcms.2.layers.0.layer.bias	torch.Size([128])	cuda:0	True
2024-08-22 13:57:03,230 - INFO - stsgcl_layers.0.layer.gcms.2.layers.1.layer.weight	torch.Size([128, 64])	cuda:0	True
2024-08-22 13:57:03,230 - INFO - stsgcl_layers.0.layer.gcms.2.layers.1.layer.bias	torch.Size([128])	cuda:0	True
2024-08-22 13:57:03,231 - INFO - stsgcl_layers.0.layer.gcms.2.layers.2.layer.weight	torch.Size([128, 64])	cuda:0	True
2024-08-22 13:57:03,231 - INFO - stsgcl_layers.0.layer.gcms.2.layers.2.layer.bias	torch.Size([128])	cuda:0	True
2024-08-22 13:57:03,231 - INFO - stsgcl_layers.0.layer.gcms.3.layers.0.layer.weight	torch.Size([128, 64])	cuda:0	True
2024-08-22 13:57:03,231 - INFO - stsgcl_layers.0.layer.gcms.3.layers.0.layer.bias	torch.Size([128])	cuda:0	True
2024-08-22 13:57:03,231 - INFO - stsgcl_layers.0.layer.gcms.3.layers.1.layer.weight	torch.Size([128, 64])	cuda:0	True
2024-08-22 13:57:03,231 - INFO - stsgcl_layers.0.layer.gcms.3.layers.1.layer.bias	torch.Size([128])	cuda:0	True
2024-08-22 13:57:03,231 - INFO - stsgcl_layers.0.layer.gcms.3.layers.2.layer.weight	torch.Size([128, 64])	cuda:0	True
2024-08-22 13:57:03,231 - INFO - stsgcl_layers.0.layer.gcms.3.layers.2.layer.bias	torch.Size([128])	cuda:0	True
2024-08-22 13:57:03,231 - INFO - stsgcl_layers.0.layer.gcms.4.layers.0.layer.weight	torch.Size([128, 64])	cuda:0	True
2024-08-22 13:57:03,231 - INFO - stsgcl_layers.0.layer.gcms.4.layers.0.layer.bias	torch.Size([128])	cuda:0	True
2024-08-22 13:57:03,231 - INFO - stsgcl_layers.0.layer.gcms.4.layers.1.layer.weight	torch.Size([128, 64])	cuda:0	True
2024-08-22 13:57:03,231 - INFO - stsgcl_layers.0.layer.gcms.4.layers.1.layer.bias	torch.Size([128])	cuda:0	True
2024-08-22 13:57:03,231 - INFO - stsgcl_layers.0.layer.gcms.4.layers.2.layer.weight	torch.Size([128, 64])	cuda:0	True
2024-08-22 13:57:03,231 - INFO - stsgcl_layers.0.layer.gcms.4.layers.2.layer.bias	torch.Size([128])	cuda:0	True
2024-08-22 13:57:03,231 - INFO - stsgcl_layers.0.layer.gcms.5.layers.0.layer.weight	torch.Size([128, 64])	cuda:0	True
2024-08-22 13:57:03,231 - INFO - stsgcl_layers.0.layer.gcms.5.layers.0.layer.bias	torch.Size([128])	cuda:0	True
2024-08-22 13:57:03,231 - INFO - stsgcl_layers.0.layer.gcms.5.layers.1.layer.weight	torch.Size([128, 64])	cuda:0	True
2024-08-22 13:57:03,231 - INFO - stsgcl_layers.0.layer.gcms.5.layers.1.layer.bias	torch.Size([128])	cuda:0	True
2024-08-22 13:57:03,231 - INFO - stsgcl_layers.0.layer.gcms.5.layers.2.layer.weight	torch.Size([128, 64])	cuda:0	True
2024-08-22 13:57:03,231 - INFO - stsgcl_layers.0.layer.gcms.5.layers.2.layer.bias	torch.Size([128])	cuda:0	True
2024-08-22 13:57:03,231 - INFO - stsgcl_layers.0.layer.gcms.6.layers.0.layer.weight	torch.Size([128, 64])	cuda:0	True
2024-08-22 13:57:03,232 - INFO - stsgcl_layers.0.layer.gcms.6.layers.0.layer.bias	torch.Size([128])	cuda:0	True
2024-08-22 13:57:03,232 - INFO - stsgcl_layers.0.layer.gcms.6.layers.1.layer.weight	torch.Size([128, 64])	cuda:0	True
2024-08-22 13:57:03,232 - INFO - stsgcl_layers.0.layer.gcms.6.layers.1.layer.bias	torch.Size([128])	cuda:0	True
2024-08-22 13:57:03,232 - INFO - stsgcl_layers.0.layer.gcms.6.layers.2.layer.weight	torch.Size([128, 64])	cuda:0	True
2024-08-22 13:57:03,232 - INFO - stsgcl_layers.0.layer.gcms.6.layers.2.layer.bias	torch.Size([128])	cuda:0	True
2024-08-22 13:57:03,232 - INFO - stsgcl_layers.0.layer.gcms.7.layers.0.layer.weight	torch.Size([128, 64])	cuda:0	True
2024-08-22 13:57:03,232 - INFO - stsgcl_layers.0.layer.gcms.7.layers.0.layer.bias	torch.Size([128])	cuda:0	True
2024-08-22 13:57:03,232 - INFO - stsgcl_layers.0.layer.gcms.7.layers.1.layer.weight	torch.Size([128, 64])	cuda:0	True
2024-08-22 13:57:03,232 - INFO - stsgcl_layers.0.layer.gcms.7.layers.1.layer.bias	torch.Size([128])	cuda:0	True
2024-08-22 13:57:03,232 - INFO - stsgcl_layers.0.layer.gcms.7.layers.2.layer.weight	torch.Size([128, 64])	cuda:0	True
2024-08-22 13:57:03,232 - INFO - stsgcl_layers.0.layer.gcms.7.layers.2.layer.bias	torch.Size([128])	cuda:0	True
2024-08-22 13:57:03,232 - INFO - stsgcl_layers.0.layer.gcms.8.layers.0.layer.weight	torch.Size([128, 64])	cuda:0	True
2024-08-22 13:57:03,232 - INFO - stsgcl_layers.0.layer.gcms.8.layers.0.layer.bias	torch.Size([128])	cuda:0	True
2024-08-22 13:57:03,232 - INFO - stsgcl_layers.0.layer.gcms.8.layers.1.layer.weight	torch.Size([128, 64])	cuda:0	True
2024-08-22 13:57:03,232 - INFO - stsgcl_layers.0.layer.gcms.8.layers.1.layer.bias	torch.Size([128])	cuda:0	True
2024-08-22 13:57:03,232 - INFO - stsgcl_layers.0.layer.gcms.8.layers.2.layer.weight	torch.Size([128, 64])	cuda:0	True
2024-08-22 13:57:03,232 - INFO - stsgcl_layers.0.layer.gcms.8.layers.2.layer.bias	torch.Size([128])	cuda:0	True
2024-08-22 13:57:03,232 - INFO - stsgcl_layers.0.layer.gcms.9.layers.0.layer.weight	torch.Size([128, 64])	cuda:0	True
2024-08-22 13:57:03,232 - INFO - stsgcl_layers.0.layer.gcms.9.layers.0.layer.bias	torch.Size([128])	cuda:0	True
2024-08-22 13:57:03,232 - INFO - stsgcl_layers.0.layer.gcms.9.layers.1.layer.weight	torch.Size([128, 64])	cuda:0	True
2024-08-22 13:57:03,232 - INFO - stsgcl_layers.0.layer.gcms.9.layers.1.layer.bias	torch.Size([128])	cuda:0	True
2024-08-22 13:57:03,232 - INFO - stsgcl_layers.0.layer.gcms.9.layers.2.layer.weight	torch.Size([128, 64])	cuda:0	True
2024-08-22 13:57:03,233 - INFO - stsgcl_layers.0.layer.gcms.9.layers.2.layer.bias	torch.Size([128])	cuda:0	True
2024-08-22 13:57:03,233 - INFO - stsgcl_layers.1.layer.position_embedding.temporal_emb	torch.Size([1, 10, 1, 64])	cuda:0	True
2024-08-22 13:57:03,233 - INFO - stsgcl_layers.1.layer.position_embedding.spatial_emb	torch.Size([1, 1, 2048, 64])	cuda:0	True
2024-08-22 13:57:03,233 - INFO - stsgcl_layers.1.layer.gcms.0.layers.0.layer.weight	torch.Size([128, 64])	cuda:0	True
2024-08-22 13:57:03,233 - INFO - stsgcl_layers.1.layer.gcms.0.layers.0.layer.bias	torch.Size([128])	cuda:0	True
2024-08-22 13:57:03,233 - INFO - stsgcl_layers.1.layer.gcms.0.layers.1.layer.weight	torch.Size([128, 64])	cuda:0	True
2024-08-22 13:57:03,233 - INFO - stsgcl_layers.1.layer.gcms.0.layers.1.layer.bias	torch.Size([128])	cuda:0	True
2024-08-22 13:57:03,233 - INFO - stsgcl_layers.1.layer.gcms.0.layers.2.layer.weight	torch.Size([128, 64])	cuda:0	True
2024-08-22 13:57:03,233 - INFO - stsgcl_layers.1.layer.gcms.0.layers.2.layer.bias	torch.Size([128])	cuda:0	True
2024-08-22 13:57:03,233 - INFO - stsgcl_layers.1.layer.gcms.1.layers.0.layer.weight	torch.Size([128, 64])	cuda:0	True
2024-08-22 13:57:03,233 - INFO - stsgcl_layers.1.layer.gcms.1.layers.0.layer.bias	torch.Size([128])	cuda:0	True
2024-08-22 13:57:03,233 - INFO - stsgcl_layers.1.layer.gcms.1.layers.1.layer.weight	torch.Size([128, 64])	cuda:0	True
2024-08-22 13:57:03,233 - INFO - stsgcl_layers.1.layer.gcms.1.layers.1.layer.bias	torch.Size([128])	cuda:0	True
2024-08-22 13:57:03,233 - INFO - stsgcl_layers.1.layer.gcms.1.layers.2.layer.weight	torch.Size([128, 64])	cuda:0	True
2024-08-22 13:57:03,233 - INFO - stsgcl_layers.1.layer.gcms.1.layers.2.layer.bias	torch.Size([128])	cuda:0	True
2024-08-22 13:57:03,233 - INFO - stsgcl_layers.1.layer.gcms.2.layers.0.layer.weight	torch.Size([128, 64])	cuda:0	True
2024-08-22 13:57:03,233 - INFO - stsgcl_layers.1.layer.gcms.2.layers.0.layer.bias	torch.Size([128])	cuda:0	True
2024-08-22 13:57:03,233 - INFO - stsgcl_layers.1.layer.gcms.2.layers.1.layer.weight	torch.Size([128, 64])	cuda:0	True
2024-08-22 13:57:03,233 - INFO - stsgcl_layers.1.layer.gcms.2.layers.1.layer.bias	torch.Size([128])	cuda:0	True
2024-08-22 13:57:03,233 - INFO - stsgcl_layers.1.layer.gcms.2.layers.2.layer.weight	torch.Size([128, 64])	cuda:0	True
2024-08-22 13:57:03,233 - INFO - stsgcl_layers.1.layer.gcms.2.layers.2.layer.bias	torch.Size([128])	cuda:0	True
2024-08-22 13:57:03,234 - INFO - stsgcl_layers.1.layer.gcms.3.layers.0.layer.weight	torch.Size([128, 64])	cuda:0	True
2024-08-22 13:57:03,234 - INFO - stsgcl_layers.1.layer.gcms.3.layers.0.layer.bias	torch.Size([128])	cuda:0	True
2024-08-22 13:57:03,234 - INFO - stsgcl_layers.1.layer.gcms.3.layers.1.layer.weight	torch.Size([128, 64])	cuda:0	True
2024-08-22 13:57:03,234 - INFO - stsgcl_layers.1.layer.gcms.3.layers.1.layer.bias	torch.Size([128])	cuda:0	True
2024-08-22 13:57:03,234 - INFO - stsgcl_layers.1.layer.gcms.3.layers.2.layer.weight	torch.Size([128, 64])	cuda:0	True
2024-08-22 13:57:03,234 - INFO - stsgcl_layers.1.layer.gcms.3.layers.2.layer.bias	torch.Size([128])	cuda:0	True
2024-08-22 13:57:03,234 - INFO - stsgcl_layers.1.layer.gcms.4.layers.0.layer.weight	torch.Size([128, 64])	cuda:0	True
2024-08-22 13:57:03,234 - INFO - stsgcl_layers.1.layer.gcms.4.layers.0.layer.bias	torch.Size([128])	cuda:0	True
2024-08-22 13:57:03,234 - INFO - stsgcl_layers.1.layer.gcms.4.layers.1.layer.weight	torch.Size([128, 64])	cuda:0	True
2024-08-22 13:57:03,234 - INFO - stsgcl_layers.1.layer.gcms.4.layers.1.layer.bias	torch.Size([128])	cuda:0	True
2024-08-22 13:57:03,234 - INFO - stsgcl_layers.1.layer.gcms.4.layers.2.layer.weight	torch.Size([128, 64])	cuda:0	True
2024-08-22 13:57:03,234 - INFO - stsgcl_layers.1.layer.gcms.4.layers.2.layer.bias	torch.Size([128])	cuda:0	True
2024-08-22 13:57:03,234 - INFO - stsgcl_layers.1.layer.gcms.5.layers.0.layer.weight	torch.Size([128, 64])	cuda:0	True
2024-08-22 13:57:03,234 - INFO - stsgcl_layers.1.layer.gcms.5.layers.0.layer.bias	torch.Size([128])	cuda:0	True
2024-08-22 13:57:03,234 - INFO - stsgcl_layers.1.layer.gcms.5.layers.1.layer.weight	torch.Size([128, 64])	cuda:0	True
2024-08-22 13:57:03,234 - INFO - stsgcl_layers.1.layer.gcms.5.layers.1.layer.bias	torch.Size([128])	cuda:0	True
2024-08-22 13:57:03,234 - INFO - stsgcl_layers.1.layer.gcms.5.layers.2.layer.weight	torch.Size([128, 64])	cuda:0	True
2024-08-22 13:57:03,234 - INFO - stsgcl_layers.1.layer.gcms.5.layers.2.layer.bias	torch.Size([128])	cuda:0	True
2024-08-22 13:57:03,234 - INFO - stsgcl_layers.1.layer.gcms.6.layers.0.layer.weight	torch.Size([128, 64])	cuda:0	True
2024-08-22 13:57:03,234 - INFO - stsgcl_layers.1.layer.gcms.6.layers.0.layer.bias	torch.Size([128])	cuda:0	True
2024-08-22 13:57:03,234 - INFO - stsgcl_layers.1.layer.gcms.6.layers.1.layer.weight	torch.Size([128, 64])	cuda:0	True
2024-08-22 13:57:03,235 - INFO - stsgcl_layers.1.layer.gcms.6.layers.1.layer.bias	torch.Size([128])	cuda:0	True
2024-08-22 13:57:03,235 - INFO - stsgcl_layers.1.layer.gcms.6.layers.2.layer.weight	torch.Size([128, 64])	cuda:0	True
2024-08-22 13:57:03,235 - INFO - stsgcl_layers.1.layer.gcms.6.layers.2.layer.bias	torch.Size([128])	cuda:0	True
2024-08-22 13:57:03,235 - INFO - stsgcl_layers.1.layer.gcms.7.layers.0.layer.weight	torch.Size([128, 64])	cuda:0	True
2024-08-22 13:57:03,235 - INFO - stsgcl_layers.1.layer.gcms.7.layers.0.layer.bias	torch.Size([128])	cuda:0	True
2024-08-22 13:57:03,235 - INFO - stsgcl_layers.1.layer.gcms.7.layers.1.layer.weight	torch.Size([128, 64])	cuda:0	True
2024-08-22 13:57:03,235 - INFO - stsgcl_layers.1.layer.gcms.7.layers.1.layer.bias	torch.Size([128])	cuda:0	True
2024-08-22 13:57:03,235 - INFO - stsgcl_layers.1.layer.gcms.7.layers.2.layer.weight	torch.Size([128, 64])	cuda:0	True
2024-08-22 13:57:03,235 - INFO - stsgcl_layers.1.layer.gcms.7.layers.2.layer.bias	torch.Size([128])	cuda:0	True
2024-08-22 13:57:03,235 - INFO - stsgcl_layers.2.layer.position_embedding.temporal_emb	torch.Size([1, 8, 1, 64])	cuda:0	True
2024-08-22 13:57:03,235 - INFO - stsgcl_layers.2.layer.position_embedding.spatial_emb	torch.Size([1, 1, 2048, 64])	cuda:0	True
2024-08-22 13:57:03,235 - INFO - stsgcl_layers.2.layer.gcms.0.layers.0.layer.weight	torch.Size([128, 64])	cuda:0	True
2024-08-22 13:57:03,235 - INFO - stsgcl_layers.2.layer.gcms.0.layers.0.layer.bias	torch.Size([128])	cuda:0	True
2024-08-22 13:57:03,235 - INFO - stsgcl_layers.2.layer.gcms.0.layers.1.layer.weight	torch.Size([128, 64])	cuda:0	True
2024-08-22 13:57:03,235 - INFO - stsgcl_layers.2.layer.gcms.0.layers.1.layer.bias	torch.Size([128])	cuda:0	True
2024-08-22 13:57:03,235 - INFO - stsgcl_layers.2.layer.gcms.0.layers.2.layer.weight	torch.Size([128, 64])	cuda:0	True
2024-08-22 13:57:03,235 - INFO - stsgcl_layers.2.layer.gcms.0.layers.2.layer.bias	torch.Size([128])	cuda:0	True
2024-08-22 13:57:03,235 - INFO - stsgcl_layers.2.layer.gcms.1.layers.0.layer.weight	torch.Size([128, 64])	cuda:0	True
2024-08-22 13:57:03,235 - INFO - stsgcl_layers.2.layer.gcms.1.layers.0.layer.bias	torch.Size([128])	cuda:0	True
2024-08-22 13:57:03,235 - INFO - stsgcl_layers.2.layer.gcms.1.layers.1.layer.weight	torch.Size([128, 64])	cuda:0	True
2024-08-22 13:57:03,235 - INFO - stsgcl_layers.2.layer.gcms.1.layers.1.layer.bias	torch.Size([128])	cuda:0	True
2024-08-22 13:57:03,235 - INFO - stsgcl_layers.2.layer.gcms.1.layers.2.layer.weight	torch.Size([128, 64])	cuda:0	True
2024-08-22 13:57:03,236 - INFO - stsgcl_layers.2.layer.gcms.1.layers.2.layer.bias	torch.Size([128])	cuda:0	True
2024-08-22 13:57:03,236 - INFO - stsgcl_layers.2.layer.gcms.2.layers.0.layer.weight	torch.Size([128, 64])	cuda:0	True
2024-08-22 13:57:03,236 - INFO - stsgcl_layers.2.layer.gcms.2.layers.0.layer.bias	torch.Size([128])	cuda:0	True
2024-08-22 13:57:03,236 - INFO - stsgcl_layers.2.layer.gcms.2.layers.1.layer.weight	torch.Size([128, 64])	cuda:0	True
2024-08-22 13:57:03,236 - INFO - stsgcl_layers.2.layer.gcms.2.layers.1.layer.bias	torch.Size([128])	cuda:0	True
2024-08-22 13:57:03,236 - INFO - stsgcl_layers.2.layer.gcms.2.layers.2.layer.weight	torch.Size([128, 64])	cuda:0	True
2024-08-22 13:57:03,236 - INFO - stsgcl_layers.2.layer.gcms.2.layers.2.layer.bias	torch.Size([128])	cuda:0	True
2024-08-22 13:57:03,236 - INFO - stsgcl_layers.2.layer.gcms.3.layers.0.layer.weight	torch.Size([128, 64])	cuda:0	True
2024-08-22 13:57:03,236 - INFO - stsgcl_layers.2.layer.gcms.3.layers.0.layer.bias	torch.Size([128])	cuda:0	True
2024-08-22 13:57:03,236 - INFO - stsgcl_layers.2.layer.gcms.3.layers.1.layer.weight	torch.Size([128, 64])	cuda:0	True
2024-08-22 13:57:03,236 - INFO - stsgcl_layers.2.layer.gcms.3.layers.1.layer.bias	torch.Size([128])	cuda:0	True
2024-08-22 13:57:03,236 - INFO - stsgcl_layers.2.layer.gcms.3.layers.2.layer.weight	torch.Size([128, 64])	cuda:0	True
2024-08-22 13:57:03,236 - INFO - stsgcl_layers.2.layer.gcms.3.layers.2.layer.bias	torch.Size([128])	cuda:0	True
2024-08-22 13:57:03,236 - INFO - stsgcl_layers.2.layer.gcms.4.layers.0.layer.weight	torch.Size([128, 64])	cuda:0	True
2024-08-22 13:57:03,236 - INFO - stsgcl_layers.2.layer.gcms.4.layers.0.layer.bias	torch.Size([128])	cuda:0	True
2024-08-22 13:57:03,236 - INFO - stsgcl_layers.2.layer.gcms.4.layers.1.layer.weight	torch.Size([128, 64])	cuda:0	True
2024-08-22 13:57:03,236 - INFO - stsgcl_layers.2.layer.gcms.4.layers.1.layer.bias	torch.Size([128])	cuda:0	True
2024-08-22 13:57:03,236 - INFO - stsgcl_layers.2.layer.gcms.4.layers.2.layer.weight	torch.Size([128, 64])	cuda:0	True
2024-08-22 13:57:03,236 - INFO - stsgcl_layers.2.layer.gcms.4.layers.2.layer.bias	torch.Size([128])	cuda:0	True
2024-08-22 13:57:03,236 - INFO - stsgcl_layers.2.layer.gcms.5.layers.0.layer.weight	torch.Size([128, 64])	cuda:0	True
2024-08-22 13:57:03,236 - INFO - stsgcl_layers.2.layer.gcms.5.layers.0.layer.bias	torch.Size([128])	cuda:0	True
2024-08-22 13:57:03,237 - INFO - stsgcl_layers.2.layer.gcms.5.layers.1.layer.weight	torch.Size([128, 64])	cuda:0	True
2024-08-22 13:57:03,237 - INFO - stsgcl_layers.2.layer.gcms.5.layers.1.layer.bias	torch.Size([128])	cuda:0	True
2024-08-22 13:57:03,237 - INFO - stsgcl_layers.2.layer.gcms.5.layers.2.layer.weight	torch.Size([128, 64])	cuda:0	True
2024-08-22 13:57:03,237 - INFO - stsgcl_layers.2.layer.gcms.5.layers.2.layer.bias	torch.Size([128])	cuda:0	True
2024-08-22 13:57:03,237 - INFO - stsgcl_layers.3.layer.position_embedding.temporal_emb	torch.Size([1, 6, 1, 64])	cuda:0	True
2024-08-22 13:57:03,237 - INFO - stsgcl_layers.3.layer.position_embedding.spatial_emb	torch.Size([1, 1, 2048, 64])	cuda:0	True
2024-08-22 13:57:03,237 - INFO - stsgcl_layers.3.layer.gcms.0.layers.0.layer.weight	torch.Size([128, 64])	cuda:0	True
2024-08-22 13:57:03,237 - INFO - stsgcl_layers.3.layer.gcms.0.layers.0.layer.bias	torch.Size([128])	cuda:0	True
2024-08-22 13:57:03,237 - INFO - stsgcl_layers.3.layer.gcms.0.layers.1.layer.weight	torch.Size([128, 64])	cuda:0	True
2024-08-22 13:57:03,237 - INFO - stsgcl_layers.3.layer.gcms.0.layers.1.layer.bias	torch.Size([128])	cuda:0	True
2024-08-22 13:57:03,237 - INFO - stsgcl_layers.3.layer.gcms.0.layers.2.layer.weight	torch.Size([128, 64])	cuda:0	True
2024-08-22 13:57:03,237 - INFO - stsgcl_layers.3.layer.gcms.0.layers.2.layer.bias	torch.Size([128])	cuda:0	True
2024-08-22 13:57:03,237 - INFO - stsgcl_layers.3.layer.gcms.1.layers.0.layer.weight	torch.Size([128, 64])	cuda:0	True
2024-08-22 13:57:03,237 - INFO - stsgcl_layers.3.layer.gcms.1.layers.0.layer.bias	torch.Size([128])	cuda:0	True
2024-08-22 13:57:03,237 - INFO - stsgcl_layers.3.layer.gcms.1.layers.1.layer.weight	torch.Size([128, 64])	cuda:0	True
2024-08-22 13:57:03,237 - INFO - stsgcl_layers.3.layer.gcms.1.layers.1.layer.bias	torch.Size([128])	cuda:0	True
2024-08-22 13:57:03,237 - INFO - stsgcl_layers.3.layer.gcms.1.layers.2.layer.weight	torch.Size([128, 64])	cuda:0	True
2024-08-22 13:57:03,237 - INFO - stsgcl_layers.3.layer.gcms.1.layers.2.layer.bias	torch.Size([128])	cuda:0	True
2024-08-22 13:57:03,237 - INFO - stsgcl_layers.3.layer.gcms.2.layers.0.layer.weight	torch.Size([128, 64])	cuda:0	True
2024-08-22 13:57:03,237 - INFO - stsgcl_layers.3.layer.gcms.2.layers.0.layer.bias	torch.Size([128])	cuda:0	True
2024-08-22 13:57:03,237 - INFO - stsgcl_layers.3.layer.gcms.2.layers.1.layer.weight	torch.Size([128, 64])	cuda:0	True
2024-08-22 13:57:03,237 - INFO - stsgcl_layers.3.layer.gcms.2.layers.1.layer.bias	torch.Size([128])	cuda:0	True
2024-08-22 13:57:03,238 - INFO - stsgcl_layers.3.layer.gcms.2.layers.2.layer.weight	torch.Size([128, 64])	cuda:0	True
2024-08-22 13:57:03,238 - INFO - stsgcl_layers.3.layer.gcms.2.layers.2.layer.bias	torch.Size([128])	cuda:0	True
2024-08-22 13:57:03,238 - INFO - stsgcl_layers.3.layer.gcms.3.layers.0.layer.weight	torch.Size([128, 64])	cuda:0	True
2024-08-22 13:57:03,238 - INFO - stsgcl_layers.3.layer.gcms.3.layers.0.layer.bias	torch.Size([128])	cuda:0	True
2024-08-22 13:57:03,238 - INFO - stsgcl_layers.3.layer.gcms.3.layers.1.layer.weight	torch.Size([128, 64])	cuda:0	True
2024-08-22 13:57:03,238 - INFO - stsgcl_layers.3.layer.gcms.3.layers.1.layer.bias	torch.Size([128])	cuda:0	True
2024-08-22 13:57:03,238 - INFO - stsgcl_layers.3.layer.gcms.3.layers.2.layer.weight	torch.Size([128, 64])	cuda:0	True
2024-08-22 13:57:03,238 - INFO - stsgcl_layers.3.layer.gcms.3.layers.2.layer.bias	torch.Size([128])	cuda:0	True
2024-08-22 13:57:03,238 - INFO - outputs.0.hidden_layer.weight	torch.Size([128, 256])	cuda:0	True
2024-08-22 13:57:03,238 - INFO - outputs.0.hidden_layer.bias	torch.Size([128])	cuda:0	True
2024-08-22 13:57:03,238 - INFO - outputs.0.ouput_layer.weight	torch.Size([1, 128])	cuda:0	True
2024-08-22 13:57:03,238 - INFO - outputs.0.ouput_layer.bias	torch.Size([1])	cuda:0	True
2024-08-22 13:57:03,238 - INFO - outputs.1.hidden_layer.weight	torch.Size([128, 256])	cuda:0	True
2024-08-22 13:57:03,238 - INFO - outputs.1.hidden_layer.bias	torch.Size([128])	cuda:0	True
2024-08-22 13:57:03,238 - INFO - outputs.1.ouput_layer.weight	torch.Size([1, 128])	cuda:0	True
2024-08-22 13:57:03,238 - INFO - outputs.1.ouput_layer.bias	torch.Size([1])	cuda:0	True
2024-08-22 13:57:03,238 - INFO - outputs.2.hidden_layer.weight	torch.Size([128, 256])	cuda:0	True
2024-08-22 13:57:03,238 - INFO - outputs.2.hidden_layer.bias	torch.Size([128])	cuda:0	True
2024-08-22 13:57:03,238 - INFO - outputs.2.ouput_layer.weight	torch.Size([1, 128])	cuda:0	True
2024-08-22 13:57:03,238 - INFO - outputs.2.ouput_layer.bias	torch.Size([1])	cuda:0	True
2024-08-22 13:57:03,238 - INFO - outputs.3.hidden_layer.weight	torch.Size([128, 256])	cuda:0	True
2024-08-22 13:57:03,239 - INFO - outputs.3.hidden_layer.bias	torch.Size([128])	cuda:0	True
2024-08-22 13:57:03,239 - INFO - outputs.3.ouput_layer.weight	torch.Size([1, 128])	cuda:0	True
2024-08-22 13:57:03,239 - INFO - outputs.3.ouput_layer.bias	torch.Size([1])	cuda:0	True
2024-08-22 13:57:03,239 - INFO - outputs.4.hidden_layer.weight	torch.Size([128, 256])	cuda:0	True
2024-08-22 13:57:03,239 - INFO - outputs.4.hidden_layer.bias	torch.Size([128])	cuda:0	True
2024-08-22 13:57:03,239 - INFO - outputs.4.ouput_layer.weight	torch.Size([1, 128])	cuda:0	True
2024-08-22 13:57:03,239 - INFO - outputs.4.ouput_layer.bias	torch.Size([1])	cuda:0	True
2024-08-22 13:57:03,239 - INFO - outputs.5.hidden_layer.weight	torch.Size([128, 256])	cuda:0	True
2024-08-22 13:57:03,239 - INFO - outputs.5.hidden_layer.bias	torch.Size([128])	cuda:0	True
2024-08-22 13:57:03,239 - INFO - outputs.5.ouput_layer.weight	torch.Size([1, 128])	cuda:0	True
2024-08-22 13:57:03,239 - INFO - outputs.5.ouput_layer.bias	torch.Size([1])	cuda:0	True
2024-08-22 13:57:03,239 - INFO - outputs.6.hidden_layer.weight	torch.Size([128, 256])	cuda:0	True
2024-08-22 13:57:03,239 - INFO - outputs.6.hidden_layer.bias	torch.Size([128])	cuda:0	True
2024-08-22 13:57:03,239 - INFO - outputs.6.ouput_layer.weight	torch.Size([1, 128])	cuda:0	True
2024-08-22 13:57:03,239 - INFO - outputs.6.ouput_layer.bias	torch.Size([1])	cuda:0	True
2024-08-22 13:57:03,239 - INFO - outputs.7.hidden_layer.weight	torch.Size([128, 256])	cuda:0	True
2024-08-22 13:57:03,239 - INFO - outputs.7.hidden_layer.bias	torch.Size([128])	cuda:0	True
2024-08-22 13:57:03,239 - INFO - outputs.7.ouput_layer.weight	torch.Size([1, 128])	cuda:0	True
2024-08-22 13:57:03,239 - INFO - outputs.7.ouput_layer.bias	torch.Size([1])	cuda:0	True
2024-08-22 13:57:03,239 - INFO - outputs.8.hidden_layer.weight	torch.Size([128, 256])	cuda:0	True
2024-08-22 13:57:03,239 - INFO - outputs.8.hidden_layer.bias	torch.Size([128])	cuda:0	True
2024-08-22 13:57:03,239 - INFO - outputs.8.ouput_layer.weight	torch.Size([1, 128])	cuda:0	True
2024-08-22 13:57:03,240 - INFO - outputs.8.ouput_layer.bias	torch.Size([1])	cuda:0	True
2024-08-22 13:57:03,240 - INFO - outputs.9.hidden_layer.weight	torch.Size([128, 256])	cuda:0	True
2024-08-22 13:57:03,240 - INFO - outputs.9.hidden_layer.bias	torch.Size([128])	cuda:0	True
2024-08-22 13:57:03,240 - INFO - outputs.9.ouput_layer.weight	torch.Size([1, 128])	cuda:0	True
2024-08-22 13:57:03,240 - INFO - outputs.9.ouput_layer.bias	torch.Size([1])	cuda:0	True
2024-08-22 13:57:03,240 - INFO - outputs.10.hidden_layer.weight	torch.Size([128, 256])	cuda:0	True
2024-08-22 13:57:03,240 - INFO - outputs.10.hidden_layer.bias	torch.Size([128])	cuda:0	True
2024-08-22 13:57:03,240 - INFO - outputs.10.ouput_layer.weight	torch.Size([1, 128])	cuda:0	True
2024-08-22 13:57:03,240 - INFO - outputs.10.ouput_layer.bias	torch.Size([1])	cuda:0	True
2024-08-22 13:57:03,240 - INFO - outputs.11.hidden_layer.weight	torch.Size([128, 256])	cuda:0	True
2024-08-22 13:57:03,240 - INFO - outputs.11.hidden_layer.bias	torch.Size([128])	cuda:0	True
2024-08-22 13:57:03,240 - INFO - outputs.11.ouput_layer.weight	torch.Size([1, 128])	cuda:0	True
2024-08-22 13:57:03,240 - INFO - outputs.11.ouput_layer.bias	torch.Size([1])	cuda:0	True
2024-08-22 13:57:03,241 - INFO - Total parameter numbers: 1621900
2024-08-22 13:57:03,241 - INFO - You select `adam` optimizer.
2024-08-22 13:57:03,822 - WARNING - Received none train loss func and will use the loss func defined in the model.
2024-08-22 13:57:03,822 - INFO - Start training ...
2024-08-22 13:57:03,822 - INFO - num_batches:73
