2024-10-08 12:06:48,359 - INFO - Log directory: ./libcity/log
2024-10-08 12:06:48,360 - INFO - Begin pipeline, task=MTS_pred, model_name=AGCRN, dataset_name=humidity, exp_id=AGCRN(humidity)
2024-10-08 12:06:48,360 - INFO - {'task': 'MTS_pred', 'model': 'AGCRN', 'dataset': 'humidity', 'saved_model': True, 'exp_id': 'AGCRN(humidity)', 'seed': 0, 'batch_size': 32, 'max_epoch': 60, 'dataset_class': 'StatePointDataset', 'executor': 'StateExecutor', 'evaluator': 'StateEvaluator', 'embed_dim': 10, 'rnn_units': 64, 'num_layers': 2, 'cheb_order': 2, 'bidir_adj_mx': True, 'scaler': 'standard', 'load_external': False, 'normal_external': False, 'ext_scaler': 'none', 'add_time_in_day': False, 'add_day_in_week': False, 'learner': 'adam', 'learning_rate': 0.003, 'lr_decay': False, 'clip_grad_norm': False, 'use_early_stop': True, 'patience': 50, 'cache_dataset': True, 'num_workers': 0, 'pad_with_last_sample': True, 'train_rate': 0.7, 'eval_rate': 0.1, 'input_window': 12, 'output_window': 12, 'robustness_test': False, 'noise_type': 'gaussian', 'disturb_rate': 0.5, 'noise_mean': [5], 'noise_SD': [10], 'gpu': True, 'gpu_id': 0, 'train_loss': 'none', 'epoch': 0, 'weight_decay': 0, 'lr_epsilon': 1e-08, 'lr_beta1': 0.9, 'lr_beta2': 0.999, 'lr_alpha': 0.99, 'lr_momentum': 0, 'lr_scheduler': 'multisteplr', 'lr_decay_ratio': 0.1, 'steps': [5, 20, 40, 70], 'step_size': 10, 'lr_T_max': 30, 'lr_eta_min': 0, 'lr_patience': 10, 'lr_threshold': 0.0001, 'max_grad_norm': 1.0, 'log_level': 'INFO', 'log_every': 1, 'load_best_epoch': True, 'hyper_tune': False, 'metrics': ['MAE', 'MAPE', 'RMSE'], 'evaluator_mode': 'single', 'save_mode': ['csv'], 'geo': {'including_types': ['Point'], 'Point': {}}, 'rel': {'including_types': ['geo'], 'geo': {'cost': 'num'}}, 'dyna': {'including_types': ['state'], 'state': {'entity_id': 'geo_id', 'traffic_speed': 'num'}}, 'data_col': ['traffic_speed'], 'weight_col': 'cost', 'data_files': ['humidity'], 'geo_file': 'humidity', 'rel_file': 'humidity', 'output_dim': 1, 'time_intervals': 300, 'init_weight_inf_or_zero': 'inf', 'set_weight_link_or_dist': 'dist', 'calculate_weight_adj': True, 'weight_adj_epsilon': 0.1, 'device': device(type='cuda', index=0)}
2024-10-08 12:06:50,331 - INFO - Loaded file humidity_feature.csv, shape=(3322, 2048, 1)
2024-10-08 12:06:51,282 - INFO - Dataset created
2024-10-08 12:06:51,283 - INFO - x shape: (3299, 12, 2048, 1), y shape: (3299, 12, 2048, 1)
2024-10-08 12:06:51,286 - INFO - train	x: (2309, 12, 2048, 1), y: (2309, 12, 2048, 1)
2024-10-08 12:06:51,287 - INFO - eval	x: (330, 12, 2048, 1), y: (330, 12, 2048, 1)
2024-10-08 12:06:51,287 - INFO - test	x: (660, 12, 2048, 1), y: (660, 12, 2048, 1)
2024-10-08 12:08:42,686 - INFO - Saved at ./libcity/cache/dataset_cache/point_based_humidity_12_12_0.7_0.1_standard_32_False_False_False_True.npz
2024-10-08 12:08:42,867 - INFO - StandardScaler mean: 78.66855544535464, std: 17.406175498267864
2024-10-08 12:08:42,867 - INFO - NoneScaler
2024-10-08 12:08:44,702 - INFO - AGCRN(
  (encoder): AVWDCRNN(
    (dcrnn_cells): ModuleList(
      (0-1): 2 x AGCRNCell(
        (gate): AVWGCN()
        (update): AVWGCN()
      )
    )
  )
  (end_conv): Conv2d(1, 12, kernel_size=(1, 64), stride=(1, 1))
)
2024-10-08 12:08:44,703 - INFO - node_embeddings	torch.Size([2048, 10])	cuda:0	True
2024-10-08 12:08:44,703 - INFO - encoder.dcrnn_cells.0.gate.weights_pool	torch.Size([10, 2, 65, 128])	cuda:0	True
2024-10-08 12:08:44,703 - INFO - encoder.dcrnn_cells.0.gate.bias_pool	torch.Size([10, 128])	cuda:0	True
2024-10-08 12:08:44,704 - INFO - encoder.dcrnn_cells.0.update.weights_pool	torch.Size([10, 2, 65, 64])	cuda:0	True
2024-10-08 12:08:44,704 - INFO - encoder.dcrnn_cells.0.update.bias_pool	torch.Size([10, 64])	cuda:0	True
2024-10-08 12:08:44,704 - INFO - encoder.dcrnn_cells.1.gate.weights_pool	torch.Size([10, 2, 128, 128])	cuda:0	True
2024-10-08 12:08:44,704 - INFO - encoder.dcrnn_cells.1.gate.bias_pool	torch.Size([10, 128])	cuda:0	True
2024-10-08 12:08:44,705 - INFO - encoder.dcrnn_cells.1.update.weights_pool	torch.Size([10, 2, 128, 64])	cuda:0	True
2024-10-08 12:08:44,705 - INFO - encoder.dcrnn_cells.1.update.bias_pool	torch.Size([10, 64])	cuda:0	True
2024-10-08 12:08:44,705 - INFO - end_conv.weight	torch.Size([12, 1, 1, 64])	cuda:0	True
2024-10-08 12:08:44,706 - INFO - end_conv.bias	torch.Size([12])	cuda:0	True
2024-10-08 12:08:44,706 - INFO - Total parameter numbers: 766220
2024-10-08 12:08:44,706 - INFO - You select `adam` optimizer.
2024-10-08 12:08:45,178 - WARNING - Received none train loss func and will use the loss func defined in the model.
2024-10-08 12:08:45,178 - INFO - Start training ...
2024-10-08 12:08:45,178 - INFO - num_batches:73
2024-10-08 12:09:44,099 - INFO - epoch complete!
2024-10-08 12:09:44,100 - INFO - evaluating now!
2024-10-08 12:09:47,759 - INFO - Epoch [0/60] train_loss: 10.3007, val_loss: 8.4376, lr: 0.003000, 62.58s
2024-10-08 12:09:47,781 - INFO - Saved model at 0
2024-10-08 12:09:47,781 - INFO - Val loss decrease from inf to 8.4376, saving to ./libcity/cache/AGCRN(humidity)/model_cache/AGCRN_humidity_epoch0.tar
2024-10-08 12:10:45,058 - INFO - epoch complete!
2024-10-08 12:10:45,059 - INFO - evaluating now!
2024-10-08 12:10:48,734 - INFO - Epoch [1/60] train_loss: 8.3881, val_loss: 8.2244, lr: 0.003000, 60.95s
2024-10-08 12:10:48,747 - INFO - Saved model at 1
2024-10-08 12:10:48,747 - INFO - Val loss decrease from 8.4376 to 8.2244, saving to ./libcity/cache/AGCRN(humidity)/model_cache/AGCRN_humidity_epoch1.tar
2024-10-08 12:11:45,996 - INFO - epoch complete!
2024-10-08 12:11:45,996 - INFO - evaluating now!
2024-10-08 12:11:49,672 - INFO - Epoch [2/60] train_loss: 8.2833, val_loss: 8.1681, lr: 0.003000, 60.93s
2024-10-08 12:11:49,694 - INFO - Saved model at 2
2024-10-08 12:11:49,694 - INFO - Val loss decrease from 8.2244 to 8.1681, saving to ./libcity/cache/AGCRN(humidity)/model_cache/AGCRN_humidity_epoch2.tar
2024-10-08 12:12:47,136 - INFO - epoch complete!
2024-10-08 12:12:47,136 - INFO - evaluating now!
2024-10-08 12:12:50,793 - INFO - Epoch [3/60] train_loss: 8.2421, val_loss: 8.1356, lr: 0.003000, 61.10s
2024-10-08 12:12:50,817 - INFO - Saved model at 3
2024-10-08 12:12:50,817 - INFO - Val loss decrease from 8.1681 to 8.1356, saving to ./libcity/cache/AGCRN(humidity)/model_cache/AGCRN_humidity_epoch3.tar
2024-10-08 12:13:48,313 - INFO - epoch complete!
2024-10-08 12:13:48,314 - INFO - evaluating now!
2024-10-08 12:13:51,903 - INFO - Epoch [4/60] train_loss: 8.2102, val_loss: 8.1099, lr: 0.003000, 61.09s
2024-10-08 12:13:51,926 - INFO - Saved model at 4
2024-10-08 12:13:51,926 - INFO - Val loss decrease from 8.1356 to 8.1099, saving to ./libcity/cache/AGCRN(humidity)/model_cache/AGCRN_humidity_epoch4.tar
2024-10-08 12:14:49,232 - INFO - epoch complete!
2024-10-08 12:14:49,232 - INFO - evaluating now!
2024-10-08 12:14:52,883 - INFO - Epoch [5/60] train_loss: 8.1789, val_loss: 8.0950, lr: 0.003000, 60.96s
2024-10-08 12:14:52,905 - INFO - Saved model at 5
2024-10-08 12:14:52,905 - INFO - Val loss decrease from 8.1099 to 8.0950, saving to ./libcity/cache/AGCRN(humidity)/model_cache/AGCRN_humidity_epoch5.tar
2024-10-08 12:15:50,387 - INFO - epoch complete!
2024-10-08 12:15:50,387 - INFO - evaluating now!
2024-10-08 12:15:54,054 - INFO - Epoch [6/60] train_loss: 8.1479, val_loss: 8.0692, lr: 0.003000, 61.15s
2024-10-08 12:15:54,078 - INFO - Saved model at 6
2024-10-08 12:15:54,078 - INFO - Val loss decrease from 8.0950 to 8.0692, saving to ./libcity/cache/AGCRN(humidity)/model_cache/AGCRN_humidity_epoch6.tar
2024-10-08 12:16:51,484 - INFO - epoch complete!
2024-10-08 12:16:51,485 - INFO - evaluating now!
2024-10-08 12:16:55,187 - INFO - Epoch [7/60] train_loss: 8.1157, val_loss: 8.0228, lr: 0.003000, 61.11s
2024-10-08 12:16:55,208 - INFO - Saved model at 7
2024-10-08 12:16:55,208 - INFO - Val loss decrease from 8.0692 to 8.0228, saving to ./libcity/cache/AGCRN(humidity)/model_cache/AGCRN_humidity_epoch7.tar
2024-10-08 12:17:56,369 - INFO - epoch complete!
2024-10-08 12:17:56,369 - INFO - evaluating now!
2024-10-08 12:18:01,294 - INFO - Epoch [8/60] train_loss: 8.0708, val_loss: 7.9976, lr: 0.003000, 66.09s
2024-10-08 12:18:01,315 - INFO - Saved model at 8
2024-10-08 12:18:01,316 - INFO - Val loss decrease from 8.0228 to 7.9976, saving to ./libcity/cache/AGCRN(humidity)/model_cache/AGCRN_humidity_epoch8.tar
2024-10-08 12:19:13,503 - INFO - epoch complete!
2024-10-08 12:19:13,504 - INFO - evaluating now!
2024-10-08 12:19:18,377 - INFO - Epoch [9/60] train_loss: 8.0505, val_loss: 7.9779, lr: 0.003000, 77.06s
2024-10-08 12:19:18,394 - INFO - Saved model at 9
2024-10-08 12:19:18,395 - INFO - Val loss decrease from 7.9976 to 7.9779, saving to ./libcity/cache/AGCRN(humidity)/model_cache/AGCRN_humidity_epoch9.tar
2024-10-08 12:20:29,531 - INFO - epoch complete!
2024-10-08 12:20:29,531 - INFO - evaluating now!
2024-10-08 12:20:34,281 - INFO - Epoch [10/60] train_loss: 8.0308, val_loss: 7.9665, lr: 0.003000, 75.89s
2024-10-08 12:20:34,306 - INFO - Saved model at 10
2024-10-08 12:20:34,306 - INFO - Val loss decrease from 7.9779 to 7.9665, saving to ./libcity/cache/AGCRN(humidity)/model_cache/AGCRN_humidity_epoch10.tar
2024-10-08 12:21:37,723 - INFO - epoch complete!
2024-10-08 12:21:37,723 - INFO - evaluating now!
2024-10-08 12:21:41,227 - INFO - Epoch [11/60] train_loss: 8.0073, val_loss: 7.9528, lr: 0.003000, 66.92s
2024-10-08 12:21:41,249 - INFO - Saved model at 11
2024-10-08 12:21:41,250 - INFO - Val loss decrease from 7.9665 to 7.9528, saving to ./libcity/cache/AGCRN(humidity)/model_cache/AGCRN_humidity_epoch11.tar
2024-10-08 12:22:35,665 - INFO - epoch complete!
2024-10-08 12:22:35,666 - INFO - evaluating now!
2024-10-08 12:22:40,271 - INFO - Epoch [12/60] train_loss: 7.9892, val_loss: 7.9205, lr: 0.003000, 59.02s
2024-10-08 12:22:40,294 - INFO - Saved model at 12
2024-10-08 12:22:40,294 - INFO - Val loss decrease from 7.9528 to 7.9205, saving to ./libcity/cache/AGCRN(humidity)/model_cache/AGCRN_humidity_epoch12.tar
2024-10-08 12:24:00,577 - INFO - epoch complete!
2024-10-08 12:24:00,577 - INFO - evaluating now!
2024-10-08 12:24:05,631 - INFO - Epoch [13/60] train_loss: 7.9601, val_loss: 7.9108, lr: 0.003000, 85.34s
2024-10-08 12:24:05,655 - INFO - Saved model at 13
2024-10-08 12:24:05,656 - INFO - Val loss decrease from 7.9205 to 7.9108, saving to ./libcity/cache/AGCRN(humidity)/model_cache/AGCRN_humidity_epoch13.tar
2024-10-08 12:25:27,979 - INFO - epoch complete!
2024-10-08 12:25:27,979 - INFO - evaluating now!
2024-10-08 12:25:33,213 - INFO - Epoch [14/60] train_loss: 7.9434, val_loss: 7.9058, lr: 0.003000, 87.56s
2024-10-08 12:25:33,230 - INFO - Saved model at 14
2024-10-08 12:25:33,231 - INFO - Val loss decrease from 7.9108 to 7.9058, saving to ./libcity/cache/AGCRN(humidity)/model_cache/AGCRN_humidity_epoch14.tar
2024-10-08 12:26:56,294 - INFO - epoch complete!
2024-10-08 12:26:56,294 - INFO - evaluating now!
2024-10-08 12:27:01,538 - INFO - Epoch [15/60] train_loss: 7.9240, val_loss: 7.9024, lr: 0.003000, 88.31s
2024-10-08 12:27:01,562 - INFO - Saved model at 15
2024-10-08 12:27:01,562 - INFO - Val loss decrease from 7.9058 to 7.9024, saving to ./libcity/cache/AGCRN(humidity)/model_cache/AGCRN_humidity_epoch15.tar
2024-10-08 12:28:23,529 - INFO - epoch complete!
2024-10-08 12:28:23,530 - INFO - evaluating now!
2024-10-08 12:28:28,273 - INFO - Epoch [16/60] train_loss: 7.9095, val_loss: 7.8834, lr: 0.003000, 86.71s
2024-10-08 12:28:28,285 - INFO - Saved model at 16
2024-10-08 12:28:28,285 - INFO - Val loss decrease from 7.9024 to 7.8834, saving to ./libcity/cache/AGCRN(humidity)/model_cache/AGCRN_humidity_epoch16.tar
2024-10-08 12:29:59,557 - INFO - epoch complete!
2024-10-08 12:29:59,558 - INFO - evaluating now!
2024-10-08 12:30:05,995 - INFO - Epoch [17/60] train_loss: 7.8984, val_loss: 7.8951, lr: 0.003000, 97.71s
2024-10-08 12:31:37,459 - INFO - epoch complete!
2024-10-08 12:31:37,464 - INFO - evaluating now!
2024-10-08 12:31:43,386 - INFO - Epoch [18/60] train_loss: 7.8912, val_loss: 7.8871, lr: 0.003000, 97.39s
2024-10-08 12:33:16,448 - INFO - epoch complete!
2024-10-08 12:33:16,448 - INFO - evaluating now!
2024-10-08 12:33:22,367 - INFO - Epoch [19/60] train_loss: 7.8827, val_loss: 7.8759, lr: 0.003000, 98.98s
2024-10-08 12:33:22,391 - INFO - Saved model at 19
2024-10-08 12:33:22,391 - INFO - Val loss decrease from 7.8834 to 7.8759, saving to ./libcity/cache/AGCRN(humidity)/model_cache/AGCRN_humidity_epoch19.tar
2024-10-08 12:34:57,089 - INFO - epoch complete!
2024-10-08 12:34:57,090 - INFO - evaluating now!
2024-10-08 12:35:03,023 - INFO - Epoch [20/60] train_loss: 7.8783, val_loss: 7.8721, lr: 0.003000, 100.63s
2024-10-08 12:35:03,050 - INFO - Saved model at 20
2024-10-08 12:35:03,051 - INFO - Val loss decrease from 7.8759 to 7.8721, saving to ./libcity/cache/AGCRN(humidity)/model_cache/AGCRN_humidity_epoch20.tar
2024-10-08 12:36:33,851 - INFO - epoch complete!
2024-10-08 12:36:33,851 - INFO - evaluating now!
2024-10-08 12:36:39,397 - INFO - Epoch [21/60] train_loss: 7.8719, val_loss: 7.8733, lr: 0.003000, 96.35s
2024-10-08 12:38:11,068 - INFO - epoch complete!
2024-10-08 12:38:11,069 - INFO - evaluating now!
2024-10-08 12:38:16,989 - INFO - Epoch [22/60] train_loss: 7.8644, val_loss: 7.8788, lr: 0.003000, 97.59s
2024-10-08 12:39:51,548 - INFO - epoch complete!
2024-10-08 12:39:51,549 - INFO - evaluating now!
2024-10-08 12:39:57,480 - INFO - Epoch [23/60] train_loss: 7.8621, val_loss: 7.8786, lr: 0.003000, 100.49s
2024-10-08 12:41:32,123 - INFO - epoch complete!
2024-10-08 12:41:32,124 - INFO - evaluating now!
2024-10-08 12:41:38,156 - INFO - Epoch [24/60] train_loss: 7.8559, val_loss: 7.8880, lr: 0.003000, 100.68s
2024-10-08 12:43:13,431 - INFO - epoch complete!
2024-10-08 12:43:13,432 - INFO - evaluating now!
2024-10-08 12:43:19,341 - INFO - Epoch [25/60] train_loss: 7.8514, val_loss: 7.8754, lr: 0.003000, 101.18s
2024-10-08 12:44:52,971 - INFO - epoch complete!
2024-10-08 12:44:52,971 - INFO - evaluating now!
2024-10-08 12:44:58,490 - INFO - Epoch [26/60] train_loss: 7.8466, val_loss: 7.8788, lr: 0.003000, 99.15s
2024-10-08 12:46:27,914 - INFO - epoch complete!
2024-10-08 12:46:27,915 - INFO - evaluating now!
2024-10-08 12:46:33,891 - INFO - Epoch [27/60] train_loss: 7.8455, val_loss: 7.8717, lr: 0.003000, 95.40s
2024-10-08 12:46:33,915 - INFO - Saved model at 27
2024-10-08 12:46:33,915 - INFO - Val loss decrease from 7.8721 to 7.8717, saving to ./libcity/cache/AGCRN(humidity)/model_cache/AGCRN_humidity_epoch27.tar
2024-10-08 12:48:08,691 - INFO - epoch complete!
2024-10-08 12:48:08,691 - INFO - evaluating now!
2024-10-08 12:48:14,605 - INFO - Epoch [28/60] train_loss: 7.8373, val_loss: 7.8869, lr: 0.003000, 100.69s
2024-10-08 12:49:46,968 - INFO - epoch complete!
2024-10-08 12:49:46,969 - INFO - evaluating now!
2024-10-08 12:49:52,717 - INFO - Epoch [29/60] train_loss: 7.8353, val_loss: 7.8813, lr: 0.003000, 98.11s
2024-10-08 12:51:24,789 - INFO - epoch complete!
2024-10-08 12:51:24,789 - INFO - evaluating now!
2024-10-08 12:51:30,549 - INFO - Epoch [30/60] train_loss: 7.8307, val_loss: 7.8770, lr: 0.003000, 97.83s
2024-10-08 12:53:06,007 - INFO - epoch complete!
2024-10-08 12:53:06,008 - INFO - evaluating now!
2024-10-08 12:53:12,623 - INFO - Epoch [31/60] train_loss: 7.8268, val_loss: 7.8940, lr: 0.003000, 102.07s
2024-10-08 12:54:50,105 - INFO - epoch complete!
2024-10-08 12:54:50,105 - INFO - evaluating now!
2024-10-08 12:54:55,967 - INFO - Epoch [32/60] train_loss: 7.8227, val_loss: 7.8791, lr: 0.003000, 103.34s
2024-10-08 12:56:34,900 - INFO - epoch complete!
2024-10-08 12:56:34,901 - INFO - evaluating now!
2024-10-08 12:56:41,637 - INFO - Epoch [33/60] train_loss: 7.8192, val_loss: 7.8873, lr: 0.003000, 105.67s
2024-10-08 12:58:22,447 - INFO - epoch complete!
2024-10-08 12:58:22,448 - INFO - evaluating now!
2024-10-08 12:58:28,795 - INFO - Epoch [34/60] train_loss: 7.8133, val_loss: 7.8854, lr: 0.003000, 107.16s
2024-10-08 13:00:08,712 - INFO - epoch complete!
2024-10-08 13:00:08,715 - INFO - evaluating now!
2024-10-08 13:00:15,539 - INFO - Epoch [35/60] train_loss: 7.8103, val_loss: 7.8948, lr: 0.003000, 106.74s
2024-10-08 13:01:56,892 - INFO - epoch complete!
2024-10-08 13:01:56,895 - INFO - evaluating now!
2024-10-08 13:02:03,604 - INFO - Epoch [36/60] train_loss: 7.8068, val_loss: 7.8893, lr: 0.003000, 108.06s
2024-10-08 13:03:39,138 - INFO - epoch complete!
2024-10-08 13:03:39,139 - INFO - evaluating now!
2024-10-08 13:03:45,447 - INFO - Epoch [37/60] train_loss: 7.8021, val_loss: 7.9046, lr: 0.003000, 101.84s
2024-10-08 13:05:25,528 - INFO - epoch complete!
2024-10-08 13:05:25,532 - INFO - evaluating now!
2024-10-08 13:05:32,263 - INFO - Epoch [38/60] train_loss: 7.7988, val_loss: 7.8925, lr: 0.003000, 106.82s
2024-10-08 13:07:07,863 - INFO - epoch complete!
2024-10-08 13:07:07,864 - INFO - evaluating now!
2024-10-08 13:07:13,787 - INFO - Epoch [39/60] train_loss: 7.7933, val_loss: 7.8889, lr: 0.003000, 101.52s
2024-10-08 13:08:48,977 - INFO - epoch complete!
2024-10-08 13:08:48,978 - INFO - evaluating now!
2024-10-08 13:08:54,881 - INFO - Epoch [40/60] train_loss: 7.7907, val_loss: 7.8985, lr: 0.003000, 101.09s
2024-10-08 13:10:29,185 - INFO - epoch complete!
2024-10-08 13:10:29,186 - INFO - evaluating now!
2024-10-08 13:10:35,168 - INFO - Epoch [41/60] train_loss: 7.7860, val_loss: 7.8869, lr: 0.003000, 100.29s
2024-10-08 13:12:06,086 - INFO - epoch complete!
2024-10-08 13:12:06,087 - INFO - evaluating now!
2024-10-08 13:12:11,854 - INFO - Epoch [42/60] train_loss: 7.7777, val_loss: 7.8880, lr: 0.003000, 96.69s
2024-10-08 13:13:42,275 - INFO - epoch complete!
2024-10-08 13:13:42,276 - INFO - evaluating now!
2024-10-08 13:13:48,238 - INFO - Epoch [43/60] train_loss: 7.7729, val_loss: 7.8943, lr: 0.003000, 96.38s
2024-10-08 13:15:22,653 - INFO - epoch complete!
2024-10-08 13:15:22,653 - INFO - evaluating now!
2024-10-08 13:15:28,787 - INFO - Epoch [44/60] train_loss: 7.7699, val_loss: 7.9040, lr: 0.003000, 100.55s
2024-10-08 13:17:02,035 - INFO - epoch complete!
2024-10-08 13:17:02,036 - INFO - evaluating now!
2024-10-08 13:17:08,233 - INFO - Epoch [45/60] train_loss: 7.7635, val_loss: 7.9032, lr: 0.003000, 99.45s
2024-10-08 13:18:42,463 - INFO - epoch complete!
2024-10-08 13:18:42,465 - INFO - evaluating now!
2024-10-08 13:18:48,371 - INFO - Epoch [46/60] train_loss: 7.7581, val_loss: 7.9143, lr: 0.003000, 100.14s
2024-10-08 13:20:19,506 - INFO - epoch complete!
2024-10-08 13:20:19,507 - INFO - evaluating now!
2024-10-08 13:20:24,841 - INFO - Epoch [47/60] train_loss: 7.7556, val_loss: 7.9086, lr: 0.003000, 96.47s
2024-10-08 13:21:53,492 - INFO - epoch complete!
2024-10-08 13:21:53,493 - INFO - evaluating now!
2024-10-08 13:21:59,286 - INFO - Epoch [48/60] train_loss: 7.7466, val_loss: 7.9245, lr: 0.003000, 94.44s
2024-10-08 13:23:30,757 - INFO - epoch complete!
2024-10-08 13:23:30,758 - INFO - evaluating now!
2024-10-08 13:23:36,535 - INFO - Epoch [49/60] train_loss: 7.7441, val_loss: 7.9144, lr: 0.003000, 97.25s
2024-10-08 13:25:08,226 - INFO - epoch complete!
2024-10-08 13:25:08,227 - INFO - evaluating now!
2024-10-08 13:25:14,260 - INFO - Epoch [50/60] train_loss: 7.7322, val_loss: 7.9231, lr: 0.003000, 97.72s
2024-10-08 13:26:46,037 - INFO - epoch complete!
2024-10-08 13:26:46,037 - INFO - evaluating now!
2024-10-08 13:26:51,824 - INFO - Epoch [51/60] train_loss: 7.7255, val_loss: 7.9207, lr: 0.003000, 97.56s
2024-10-08 13:28:24,155 - INFO - epoch complete!
2024-10-08 13:28:24,156 - INFO - evaluating now!
2024-10-08 13:28:29,698 - INFO - Epoch [52/60] train_loss: 7.7220, val_loss: 7.9154, lr: 0.003000, 97.87s
2024-10-08 13:29:58,391 - INFO - epoch complete!
2024-10-08 13:29:58,391 - INFO - evaluating now!
2024-10-08 13:30:04,320 - INFO - Epoch [53/60] train_loss: 7.7127, val_loss: 7.9333, lr: 0.003000, 94.62s
2024-10-08 13:31:38,979 - INFO - epoch complete!
2024-10-08 13:31:38,980 - INFO - evaluating now!
2024-10-08 13:31:44,878 - INFO - Epoch [54/60] train_loss: 7.7050, val_loss: 7.9482, lr: 0.003000, 100.56s
2024-10-08 13:33:19,560 - INFO - epoch complete!
2024-10-08 13:33:19,560 - INFO - evaluating now!
2024-10-08 13:33:25,474 - INFO - Epoch [55/60] train_loss: 7.6952, val_loss: 7.9486, lr: 0.003000, 100.59s
2024-10-08 13:35:00,437 - INFO - epoch complete!
2024-10-08 13:35:00,437 - INFO - evaluating now!
2024-10-08 13:35:06,426 - INFO - Epoch [56/60] train_loss: 7.6875, val_loss: 7.9571, lr: 0.003000, 100.95s
2024-10-08 13:36:47,344 - INFO - epoch complete!
2024-10-08 13:36:47,344 - INFO - evaluating now!
2024-10-08 13:36:53,347 - INFO - Epoch [57/60] train_loss: 7.6808, val_loss: 7.9599, lr: 0.003000, 106.92s
2024-10-08 13:38:22,865 - INFO - epoch complete!
2024-10-08 13:38:22,866 - INFO - evaluating now!
2024-10-08 13:38:28,279 - INFO - Epoch [58/60] train_loss: 7.6724, val_loss: 7.9649, lr: 0.003000, 94.93s
2024-10-08 13:40:01,477 - INFO - epoch complete!
2024-10-08 13:40:01,477 - INFO - evaluating now!
2024-10-08 13:40:07,333 - INFO - Epoch [59/60] train_loss: 7.6640, val_loss: 7.9758, lr: 0.003000, 99.05s
2024-10-08 13:40:07,334 - INFO - Trained totally 60 epochs, average train time is 85.863s, average eval time is 5.497s
2024-10-08 13:40:07,415 - INFO - Loaded model at 27
2024-10-08 13:40:07,416 - INFO - Saved model at ./libcity/cache/AGCRN(humidity)/model_cache/AGCRN_humidity.m
2024-10-08 13:40:07,428 - INFO - Start evaluating ...
2024-10-08 13:40:30,628 - INFO - Note that you select the single mode to evaluate!
2024-10-08 13:40:30,631 - INFO - Evaluate result is saved at ./libcity/cache/AGCRN(humidity)/evaluate_cache/2024_10_08_13_40_30_AGCRN_humidity.csv
2024-10-08 13:40:30,635 - INFO - 
         MAE      MAPE       RMSE
1   7.114828  0.107364   9.978105
2   7.434139  0.113105  10.356025
3   7.592868  0.116070  10.546942
4   7.687829  0.117854  10.660908
5   7.751687  0.119013  10.737388
6   7.798287  0.119874  10.794830
7   7.834759  0.120510  10.840457
8   7.864120  0.121038  10.877090
9   7.888193  0.121475  10.907751
10  7.908335  0.121816  10.933654
11  7.925079  0.122150  10.953760
12  7.939190  0.122442  10.970408
