2024-10-27 14:59:27,483 - INFO - Log directory: ./libcity/log
2024-10-27 14:59:27,483 - INFO - Begin pipeline, task=MTS_pred, model_name=AGCRN, dataset_name=PEMS_BAY, exp_id=AGCRN(PEMS_BAY)
2024-10-27 14:59:27,483 - INFO - {'task': 'MTS_pred', 'model': 'AGCRN', 'dataset': 'PEMS_BAY', 'saved_model': True, 'exp_id': 'AGCRN(PEMS_BAY)', 'seed': 0, 'dataset_class': 'StatePointDataset', 'executor': 'StateExecutor', 'evaluator': 'StateEvaluator', 'embed_dim': 10, 'rnn_units': 64, 'num_layers': 2, 'cheb_order': 2, 'bidir_adj_mx': True, 'scaler': 'standard', 'load_external': False, 'normal_external': False, 'ext_scaler': 'none', 'add_time_in_day': False, 'add_day_in_week': False, 'max_epoch': 100, 'learner': 'adam', 'learning_rate': 0.003, 'lr_decay': False, 'clip_grad_norm': False, 'use_early_stop': True, 'patience': 50, 'batch_size': 64, 'cache_dataset': True, 'num_workers': 0, 'pad_with_last_sample': True, 'train_rate': 0.7, 'eval_rate': 0.1, 'input_window': 12, 'output_window': 12, 'robustness_test': False, 'noise_type': 'gaussian', 'disturb_rate': 0.5, 'noise_mean': [5], 'noise_SD': [10], 'gpu': True, 'gpu_id': 0, 'train_loss': 'none', 'epoch': 0, 'weight_decay': 0, 'lr_epsilon': 1e-08, 'lr_beta1': 0.9, 'lr_beta2': 0.999, 'lr_alpha': 0.99, 'lr_momentum': 0, 'lr_scheduler': 'multisteplr', 'lr_decay_ratio': 0.1, 'steps': [5, 20, 40, 70], 'step_size': 10, 'lr_T_max': 30, 'lr_eta_min': 0, 'lr_patience': 10, 'lr_threshold': 0.0001, 'max_grad_norm': 1.0, 'log_level': 'INFO', 'log_every': 1, 'load_best_epoch': True, 'hyper_tune': False, 'metrics': ['MAE', 'MAPE', 'RMSE'], 'evaluator_mode': 'single', 'save_mode': ['csv'], 'geo': {'including_types': ['Point'], 'Point': {}}, 'rel': {'including_types': ['geo'], 'geo': {'cost': 'num'}}, 'dyna': {'including_types': ['state'], 'state': {'entity_id': 'geo_id', 'traffic_speed': 'num'}}, 'data_col': ['traffic_speed'], 'weight_col': 'cost', 'data_files': ['PEMS_BAY'], 'geo_file': 'PEMS_BAY', 'rel_file': 'PEMS_BAY', 'output_dim': 1, 'time_intervals': 300, 'init_weight_inf_or_zero': 'inf', 'set_weight_link_or_dist': 'dist', 'calculate_weight_adj': True, 'weight_adj_epsilon': 0.1, 'device': device(type='cuda', index=0)}
2024-10-27 14:59:28,207 - INFO - Loaded file PEMS_BAY_feature.csv, shape=(52116, 325, 1)
2024-10-27 14:59:30,331 - INFO - Dataset created
2024-10-27 14:59:30,331 - INFO - x shape: (52093, 12, 325, 1), y shape: (52093, 12, 325, 1)
2024-10-27 14:59:30,339 - INFO - train	x: (36465, 12, 325, 1), y: (36465, 12, 325, 1)
2024-10-27 14:59:30,339 - INFO - eval	x: (5209, 12, 325, 1), y: (5209, 12, 325, 1)
2024-10-27 14:59:30,339 - INFO - test	x: (10419, 12, 325, 1), y: (10419, 12, 325, 1)
2024-10-27 15:00:19,702 - INFO - Saved at ./libcity/cache/dataset_cache/point_based_PEMS_BAY_12_12_0.7_0.1_standard_64_False_False_False_True.npz
2024-10-27 15:00:20,095 - INFO - StandardScaler mean: 62.73567651594296, std: 9.438173664359947
2024-10-27 15:00:20,095 - INFO - NoneScaler
2024-10-27 15:00:21,994 - INFO - AGCRN(
  (encoder): AVWDCRNN(
    (dcrnn_cells): ModuleList(
      (0-1): 2 x AGCRNCell(
        (gate): AVWGCN()
        (update): AVWGCN()
      )
    )
  )
  (end_conv): Conv2d(1, 12, kernel_size=(1, 64), stride=(1, 1))
)
2024-10-27 15:00:21,995 - INFO - node_embeddings	torch.Size([325, 10])	cuda:0	True
2024-10-27 15:00:21,995 - INFO - encoder.dcrnn_cells.0.gate.weights_pool	torch.Size([10, 2, 65, 128])	cuda:0	True
2024-10-27 15:00:21,995 - INFO - encoder.dcrnn_cells.0.gate.bias_pool	torch.Size([10, 128])	cuda:0	True
2024-10-27 15:00:21,995 - INFO - encoder.dcrnn_cells.0.update.weights_pool	torch.Size([10, 2, 65, 64])	cuda:0	True
2024-10-27 15:00:21,995 - INFO - encoder.dcrnn_cells.0.update.bias_pool	torch.Size([10, 64])	cuda:0	True
2024-10-27 15:00:21,995 - INFO - encoder.dcrnn_cells.1.gate.weights_pool	torch.Size([10, 2, 128, 128])	cuda:0	True
2024-10-27 15:00:21,995 - INFO - encoder.dcrnn_cells.1.gate.bias_pool	torch.Size([10, 128])	cuda:0	True
2024-10-27 15:00:21,995 - INFO - encoder.dcrnn_cells.1.update.weights_pool	torch.Size([10, 2, 128, 64])	cuda:0	True
2024-10-27 15:00:21,995 - INFO - encoder.dcrnn_cells.1.update.bias_pool	torch.Size([10, 64])	cuda:0	True
2024-10-27 15:00:21,995 - INFO - end_conv.weight	torch.Size([12, 1, 1, 64])	cuda:0	True
2024-10-27 15:00:21,995 - INFO - end_conv.bias	torch.Size([12])	cuda:0	True
2024-10-27 15:00:21,995 - INFO - Total parameter numbers: 748990
2024-10-27 15:00:21,995 - INFO - You select `adam` optimizer.
2024-10-27 15:00:22,399 - WARNING - Received none train loss func and will use the loss func defined in the model.
2024-10-27 15:00:22,399 - INFO - Start training ...
2024-10-27 15:00:22,399 - INFO - num_batches:570
2024-10-27 15:00:58,578 - INFO - epoch complete!
2024-10-27 15:00:58,578 - INFO - evaluating now!
2024-10-27 15:01:00,805 - INFO - Epoch [0/100] train_loss: 2.1526, val_loss: 1.9919, lr: 0.003000, 38.41s
2024-10-27 15:01:00,815 - INFO - Saved model at 0
2024-10-27 15:01:00,815 - INFO - Val loss decrease from inf to 1.9919, saving to ./libcity/cache/AGCRN(PEMS_BAY)/model_cache/AGCRN_PEMS_BAY_epoch0.tar
2024-10-27 15:01:35,864 - INFO - epoch complete!
2024-10-27 15:01:35,864 - INFO - evaluating now!
2024-10-27 15:01:38,090 - INFO - Epoch [1/100] train_loss: 1.7223, val_loss: 1.8198, lr: 0.003000, 37.27s
2024-10-27 15:01:38,099 - INFO - Saved model at 1
2024-10-27 15:01:38,099 - INFO - Val loss decrease from 1.9919 to 1.8198, saving to ./libcity/cache/AGCRN(PEMS_BAY)/model_cache/AGCRN_PEMS_BAY_epoch1.tar
2024-10-27 15:02:13,219 - INFO - epoch complete!
2024-10-27 15:02:13,219 - INFO - evaluating now!
2024-10-27 15:02:15,462 - INFO - Epoch [2/100] train_loss: 1.6285, val_loss: 1.7580, lr: 0.003000, 37.36s
2024-10-27 15:02:15,471 - INFO - Saved model at 2
2024-10-27 15:02:15,472 - INFO - Val loss decrease from 1.8198 to 1.7580, saving to ./libcity/cache/AGCRN(PEMS_BAY)/model_cache/AGCRN_PEMS_BAY_epoch2.tar
2024-10-27 15:02:51,040 - INFO - epoch complete!
2024-10-27 15:02:51,040 - INFO - evaluating now!
2024-10-27 15:02:53,266 - INFO - Epoch [3/100] train_loss: 1.5806, val_loss: 1.7161, lr: 0.003000, 37.79s
2024-10-27 15:02:53,275 - INFO - Saved model at 3
2024-10-27 15:02:53,275 - INFO - Val loss decrease from 1.7580 to 1.7161, saving to ./libcity/cache/AGCRN(PEMS_BAY)/model_cache/AGCRN_PEMS_BAY_epoch3.tar
2024-10-27 15:03:28,648 - INFO - epoch complete!
2024-10-27 15:03:28,648 - INFO - evaluating now!
2024-10-27 15:03:30,882 - INFO - Epoch [4/100] train_loss: 1.5459, val_loss: 1.7045, lr: 0.003000, 37.61s
2024-10-27 15:03:30,892 - INFO - Saved model at 4
2024-10-27 15:03:30,892 - INFO - Val loss decrease from 1.7161 to 1.7045, saving to ./libcity/cache/AGCRN(PEMS_BAY)/model_cache/AGCRN_PEMS_BAY_epoch4.tar
2024-10-27 15:04:06,484 - INFO - epoch complete!
2024-10-27 15:04:06,484 - INFO - evaluating now!
2024-10-27 15:04:08,717 - INFO - Epoch [5/100] train_loss: 1.5212, val_loss: 1.6845, lr: 0.003000, 37.82s
2024-10-27 15:04:08,726 - INFO - Saved model at 5
2024-10-27 15:04:08,726 - INFO - Val loss decrease from 1.7045 to 1.6845, saving to ./libcity/cache/AGCRN(PEMS_BAY)/model_cache/AGCRN_PEMS_BAY_epoch5.tar
2024-10-27 15:04:45,178 - INFO - epoch complete!
2024-10-27 15:04:45,178 - INFO - evaluating now!
2024-10-27 15:04:47,429 - INFO - Epoch [6/100] train_loss: 1.4983, val_loss: 1.6708, lr: 0.003000, 38.70s
2024-10-27 15:04:47,438 - INFO - Saved model at 6
2024-10-27 15:04:47,438 - INFO - Val loss decrease from 1.6845 to 1.6708, saving to ./libcity/cache/AGCRN(PEMS_BAY)/model_cache/AGCRN_PEMS_BAY_epoch6.tar
2024-10-27 15:05:23,389 - INFO - epoch complete!
2024-10-27 15:05:23,390 - INFO - evaluating now!
2024-10-27 15:05:25,636 - INFO - Epoch [7/100] train_loss: 1.4765, val_loss: 1.6462, lr: 0.003000, 38.20s
2024-10-27 15:05:25,645 - INFO - Saved model at 7
2024-10-27 15:05:25,645 - INFO - Val loss decrease from 1.6708 to 1.6462, saving to ./libcity/cache/AGCRN(PEMS_BAY)/model_cache/AGCRN_PEMS_BAY_epoch7.tar
2024-10-27 15:06:01,197 - INFO - epoch complete!
2024-10-27 15:06:01,198 - INFO - evaluating now!
2024-10-27 15:06:03,438 - INFO - Epoch [8/100] train_loss: 1.4583, val_loss: 1.6469, lr: 0.003000, 37.79s
2024-10-27 15:06:39,235 - INFO - epoch complete!
2024-10-27 15:06:39,236 - INFO - evaluating now!
2024-10-27 15:06:41,484 - INFO - Epoch [9/100] train_loss: 1.4395, val_loss: 1.6366, lr: 0.003000, 38.05s
2024-10-27 15:06:41,494 - INFO - Saved model at 9
2024-10-27 15:06:41,494 - INFO - Val loss decrease from 1.6462 to 1.6366, saving to ./libcity/cache/AGCRN(PEMS_BAY)/model_cache/AGCRN_PEMS_BAY_epoch9.tar
2024-10-27 15:07:17,959 - INFO - epoch complete!
2024-10-27 15:07:17,959 - INFO - evaluating now!
2024-10-27 15:07:20,198 - INFO - Epoch [10/100] train_loss: 1.4262, val_loss: 1.6336, lr: 0.003000, 38.70s
2024-10-27 15:07:20,207 - INFO - Saved model at 10
2024-10-27 15:07:20,207 - INFO - Val loss decrease from 1.6366 to 1.6336, saving to ./libcity/cache/AGCRN(PEMS_BAY)/model_cache/AGCRN_PEMS_BAY_epoch10.tar
2024-10-27 15:07:56,029 - INFO - epoch complete!
2024-10-27 15:07:56,029 - INFO - evaluating now!
2024-10-27 15:07:58,280 - INFO - Epoch [11/100] train_loss: 1.4112, val_loss: 1.6387, lr: 0.003000, 38.07s
2024-10-27 15:08:33,978 - INFO - epoch complete!
2024-10-27 15:08:33,978 - INFO - evaluating now!
2024-10-27 15:08:36,230 - INFO - Epoch [12/100] train_loss: 1.3985, val_loss: 1.6302, lr: 0.003000, 37.95s
2024-10-27 15:08:36,239 - INFO - Saved model at 12
2024-10-27 15:08:36,239 - INFO - Val loss decrease from 1.6336 to 1.6302, saving to ./libcity/cache/AGCRN(PEMS_BAY)/model_cache/AGCRN_PEMS_BAY_epoch12.tar
2024-10-27 15:09:11,847 - INFO - epoch complete!
2024-10-27 15:09:11,847 - INFO - evaluating now!
2024-10-27 15:09:14,101 - INFO - Epoch [13/100] train_loss: 1.3881, val_loss: 1.6285, lr: 0.003000, 37.86s
2024-10-27 15:09:14,110 - INFO - Saved model at 13
2024-10-27 15:09:14,110 - INFO - Val loss decrease from 1.6302 to 1.6285, saving to ./libcity/cache/AGCRN(PEMS_BAY)/model_cache/AGCRN_PEMS_BAY_epoch13.tar
2024-10-27 15:09:49,740 - INFO - epoch complete!
2024-10-27 15:09:49,740 - INFO - evaluating now!
2024-10-27 15:09:51,976 - INFO - Epoch [14/100] train_loss: 1.3732, val_loss: 1.6377, lr: 0.003000, 37.87s
2024-10-27 15:10:28,157 - INFO - epoch complete!
2024-10-27 15:10:28,157 - INFO - evaluating now!
2024-10-27 15:10:30,396 - INFO - Epoch [15/100] train_loss: 1.3647, val_loss: 1.6222, lr: 0.003000, 38.42s
2024-10-27 15:10:30,405 - INFO - Saved model at 15
2024-10-27 15:10:30,405 - INFO - Val loss decrease from 1.6285 to 1.6222, saving to ./libcity/cache/AGCRN(PEMS_BAY)/model_cache/AGCRN_PEMS_BAY_epoch15.tar
2024-10-27 15:11:06,807 - INFO - epoch complete!
2024-10-27 15:11:06,807 - INFO - evaluating now!
2024-10-27 15:11:09,050 - INFO - Epoch [16/100] train_loss: 1.3545, val_loss: 1.6210, lr: 0.003000, 38.64s
2024-10-27 15:11:09,060 - INFO - Saved model at 16
2024-10-27 15:11:09,060 - INFO - Val loss decrease from 1.6222 to 1.6210, saving to ./libcity/cache/AGCRN(PEMS_BAY)/model_cache/AGCRN_PEMS_BAY_epoch16.tar
2024-10-27 15:11:45,228 - INFO - epoch complete!
2024-10-27 15:11:45,228 - INFO - evaluating now!
2024-10-27 15:11:47,473 - INFO - Epoch [17/100] train_loss: 1.3452, val_loss: 1.6199, lr: 0.003000, 38.41s
2024-10-27 15:11:47,482 - INFO - Saved model at 17
2024-10-27 15:11:47,482 - INFO - Val loss decrease from 1.6210 to 1.6199, saving to ./libcity/cache/AGCRN(PEMS_BAY)/model_cache/AGCRN_PEMS_BAY_epoch17.tar
2024-10-27 15:12:23,205 - INFO - epoch complete!
2024-10-27 15:12:23,206 - INFO - evaluating now!
2024-10-27 15:12:25,442 - INFO - Epoch [18/100] train_loss: 1.3371, val_loss: 1.6181, lr: 0.003000, 37.96s
2024-10-27 15:12:25,451 - INFO - Saved model at 18
2024-10-27 15:12:25,451 - INFO - Val loss decrease from 1.6199 to 1.6181, saving to ./libcity/cache/AGCRN(PEMS_BAY)/model_cache/AGCRN_PEMS_BAY_epoch18.tar
2024-10-27 15:13:01,613 - INFO - epoch complete!
2024-10-27 15:13:01,613 - INFO - evaluating now!
2024-10-27 15:13:03,867 - INFO - Epoch [19/100] train_loss: 1.3295, val_loss: 1.6211, lr: 0.003000, 38.42s
2024-10-27 15:13:39,502 - INFO - epoch complete!
2024-10-27 15:13:39,502 - INFO - evaluating now!
2024-10-27 15:13:41,740 - INFO - Epoch [20/100] train_loss: 1.3219, val_loss: 1.6239, lr: 0.003000, 37.87s
2024-10-27 15:14:17,234 - INFO - epoch complete!
2024-10-27 15:14:17,234 - INFO - evaluating now!
2024-10-27 15:14:19,472 - INFO - Epoch [21/100] train_loss: 1.3139, val_loss: 1.6221, lr: 0.003000, 37.73s
2024-10-27 15:14:55,090 - INFO - epoch complete!
2024-10-27 15:14:55,090 - INFO - evaluating now!
2024-10-27 15:14:57,328 - INFO - Epoch [22/100] train_loss: 1.3078, val_loss: 1.6327, lr: 0.003000, 37.86s
2024-10-27 15:15:32,865 - INFO - epoch complete!
2024-10-27 15:15:32,865 - INFO - evaluating now!
2024-10-27 15:15:35,109 - INFO - Epoch [23/100] train_loss: 1.2999, val_loss: 1.6239, lr: 0.003000, 37.78s
2024-10-27 15:16:11,241 - INFO - epoch complete!
2024-10-27 15:16:11,241 - INFO - evaluating now!
2024-10-27 15:16:13,497 - INFO - Epoch [24/100] train_loss: 1.2958, val_loss: 1.6287, lr: 0.003000, 38.39s
2024-10-27 15:16:49,357 - INFO - epoch complete!
2024-10-27 15:16:49,357 - INFO - evaluating now!
2024-10-27 15:16:51,616 - INFO - Epoch [25/100] train_loss: 1.2890, val_loss: 1.6264, lr: 0.003000, 38.12s
2024-10-27 15:17:27,312 - INFO - epoch complete!
2024-10-27 15:17:27,312 - INFO - evaluating now!
2024-10-27 15:17:29,558 - INFO - Epoch [26/100] train_loss: 1.2828, val_loss: 1.6288, lr: 0.003000, 37.94s
2024-10-27 15:18:05,211 - INFO - epoch complete!
2024-10-27 15:18:05,211 - INFO - evaluating now!
2024-10-27 15:18:07,455 - INFO - Epoch [27/100] train_loss: 1.2773, val_loss: 1.6285, lr: 0.003000, 37.90s
2024-10-27 15:18:43,526 - INFO - epoch complete!
2024-10-27 15:18:43,527 - INFO - evaluating now!
2024-10-27 15:18:45,782 - INFO - Epoch [28/100] train_loss: 1.2724, val_loss: 1.6284, lr: 0.003000, 38.33s
2024-10-27 15:19:22,331 - INFO - epoch complete!
2024-10-27 15:19:22,331 - INFO - evaluating now!
2024-10-27 15:19:24,584 - INFO - Epoch [29/100] train_loss: 1.2677, val_loss: 1.6360, lr: 0.003000, 38.80s
2024-10-27 15:20:00,632 - INFO - epoch complete!
2024-10-27 15:20:00,632 - INFO - evaluating now!
2024-10-27 15:20:02,887 - INFO - Epoch [30/100] train_loss: 1.2620, val_loss: 1.6463, lr: 0.003000, 38.30s
2024-10-27 15:20:38,641 - INFO - epoch complete!
2024-10-27 15:20:38,642 - INFO - evaluating now!
2024-10-27 15:20:40,900 - INFO - Epoch [31/100] train_loss: 1.2584, val_loss: 1.6381, lr: 0.003000, 38.01s
2024-10-27 15:21:16,593 - INFO - epoch complete!
2024-10-27 15:21:16,593 - INFO - evaluating now!
2024-10-27 15:21:18,849 - INFO - Epoch [32/100] train_loss: 1.2532, val_loss: 1.6354, lr: 0.003000, 37.95s
2024-10-27 15:21:54,536 - INFO - epoch complete!
2024-10-27 15:21:54,536 - INFO - evaluating now!
2024-10-27 15:21:56,791 - INFO - Epoch [33/100] train_loss: 1.2487, val_loss: 1.6406, lr: 0.003000, 37.94s
2024-10-27 15:22:32,947 - INFO - epoch complete!
2024-10-27 15:22:32,948 - INFO - evaluating now!
2024-10-27 15:22:35,201 - INFO - Epoch [34/100] train_loss: 1.2442, val_loss: 1.6301, lr: 0.003000, 38.41s
2024-10-27 15:23:10,874 - INFO - epoch complete!
2024-10-27 15:23:10,874 - INFO - evaluating now!
2024-10-27 15:23:13,131 - INFO - Epoch [35/100] train_loss: 1.2415, val_loss: 1.6408, lr: 0.003000, 37.93s
2024-10-27 15:23:48,706 - INFO - epoch complete!
2024-10-27 15:23:48,706 - INFO - evaluating now!
2024-10-27 15:23:50,951 - INFO - Epoch [36/100] train_loss: 1.2374, val_loss: 1.6445, lr: 0.003000, 37.82s
2024-10-27 15:24:27,433 - INFO - epoch complete!
2024-10-27 15:24:27,433 - INFO - evaluating now!
2024-10-27 15:24:29,686 - INFO - Epoch [37/100] train_loss: 1.2341, val_loss: 1.6436, lr: 0.003000, 38.73s
2024-10-27 15:25:05,495 - INFO - epoch complete!
2024-10-27 15:25:05,495 - INFO - evaluating now!
2024-10-27 15:25:07,750 - INFO - Epoch [38/100] train_loss: 1.2312, val_loss: 1.6484, lr: 0.003000, 38.06s
2024-10-27 15:25:43,557 - INFO - epoch complete!
2024-10-27 15:25:43,557 - INFO - evaluating now!
2024-10-27 15:25:45,795 - INFO - Epoch [39/100] train_loss: 1.2255, val_loss: 1.6423, lr: 0.003000, 38.05s
2024-10-27 15:26:21,320 - INFO - epoch complete!
2024-10-27 15:26:21,320 - INFO - evaluating now!
2024-10-27 15:26:23,553 - INFO - Epoch [40/100] train_loss: 1.2236, val_loss: 1.6487, lr: 0.003000, 37.76s
2024-10-27 15:26:59,042 - INFO - epoch complete!
2024-10-27 15:26:59,042 - INFO - evaluating now!
2024-10-27 15:27:01,277 - INFO - Epoch [41/100] train_loss: 1.2195, val_loss: 1.6478, lr: 0.003000, 37.72s
2024-10-27 15:27:36,856 - INFO - epoch complete!
2024-10-27 15:27:36,856 - INFO - evaluating now!
2024-10-27 15:27:39,092 - INFO - Epoch [42/100] train_loss: 1.2169, val_loss: 1.6456, lr: 0.003000, 37.81s
2024-10-27 15:28:14,833 - INFO - epoch complete!
2024-10-27 15:28:14,833 - INFO - evaluating now!
2024-10-27 15:28:17,077 - INFO - Epoch [43/100] train_loss: 1.2151, val_loss: 1.6588, lr: 0.003000, 37.98s
2024-10-27 15:28:52,581 - INFO - epoch complete!
2024-10-27 15:28:52,582 - INFO - evaluating now!
2024-10-27 15:28:54,811 - INFO - Epoch [44/100] train_loss: 1.2124, val_loss: 1.6504, lr: 0.003000, 37.73s
2024-10-27 15:29:30,311 - INFO - epoch complete!
2024-10-27 15:29:30,312 - INFO - evaluating now!
2024-10-27 15:29:32,556 - INFO - Epoch [45/100] train_loss: 1.2093, val_loss: 1.6547, lr: 0.003000, 37.75s
2024-10-27 15:30:08,040 - INFO - epoch complete!
2024-10-27 15:30:08,040 - INFO - evaluating now!
2024-10-27 15:30:10,268 - INFO - Epoch [46/100] train_loss: 1.2049, val_loss: 1.6497, lr: 0.003000, 37.71s
2024-10-27 15:30:45,795 - INFO - epoch complete!
2024-10-27 15:30:45,795 - INFO - evaluating now!
2024-10-27 15:30:48,030 - INFO - Epoch [47/100] train_loss: 1.2027, val_loss: 1.6542, lr: 0.003000, 37.76s
2024-10-27 15:31:24,105 - INFO - epoch complete!
2024-10-27 15:31:24,105 - INFO - evaluating now!
2024-10-27 15:31:26,336 - INFO - Epoch [48/100] train_loss: 1.2013, val_loss: 1.6537, lr: 0.003000, 38.31s
2024-10-27 15:32:02,040 - INFO - epoch complete!
2024-10-27 15:32:02,040 - INFO - evaluating now!
2024-10-27 15:32:04,282 - INFO - Epoch [49/100] train_loss: 1.1984, val_loss: 1.6491, lr: 0.003000, 37.95s
2024-10-27 15:32:40,428 - INFO - epoch complete!
2024-10-27 15:32:40,428 - INFO - evaluating now!
2024-10-27 15:32:42,663 - INFO - Epoch [50/100] train_loss: 1.1953, val_loss: 1.6507, lr: 0.003000, 38.38s
2024-10-27 15:33:18,636 - INFO - epoch complete!
2024-10-27 15:33:18,636 - INFO - evaluating now!
2024-10-27 15:33:20,867 - INFO - Epoch [51/100] train_loss: 1.1924, val_loss: 1.6600, lr: 0.003000, 38.20s
2024-10-27 15:33:56,854 - INFO - epoch complete!
2024-10-27 15:33:56,854 - INFO - evaluating now!
2024-10-27 15:33:59,082 - INFO - Epoch [52/100] train_loss: 1.1908, val_loss: 1.6528, lr: 0.003000, 38.21s
2024-10-27 15:34:34,837 - INFO - epoch complete!
2024-10-27 15:34:34,838 - INFO - evaluating now!
2024-10-27 15:34:37,066 - INFO - Epoch [53/100] train_loss: 1.1883, val_loss: 1.6622, lr: 0.003000, 37.98s
2024-10-27 15:35:12,640 - INFO - epoch complete!
2024-10-27 15:35:12,640 - INFO - evaluating now!
2024-10-27 15:35:14,880 - INFO - Epoch [54/100] train_loss: 1.1874, val_loss: 1.6564, lr: 0.003000, 37.81s
2024-10-27 15:35:50,697 - INFO - epoch complete!
2024-10-27 15:35:50,697 - INFO - evaluating now!
2024-10-27 15:35:52,940 - INFO - Epoch [55/100] train_loss: 1.1845, val_loss: 1.6566, lr: 0.003000, 38.06s
2024-10-27 15:36:28,362 - INFO - epoch complete!
2024-10-27 15:36:28,362 - INFO - evaluating now!
2024-10-27 15:36:30,606 - INFO - Epoch [56/100] train_loss: 1.1822, val_loss: 1.6662, lr: 0.003000, 37.67s
2024-10-27 15:37:06,038 - INFO - epoch complete!
2024-10-27 15:37:06,038 - INFO - evaluating now!
2024-10-27 15:37:08,280 - INFO - Epoch [57/100] train_loss: 1.1796, val_loss: 1.6582, lr: 0.003000, 37.67s
2024-10-27 15:37:43,711 - INFO - epoch complete!
2024-10-27 15:37:43,711 - INFO - evaluating now!
2024-10-27 15:37:45,950 - INFO - Epoch [58/100] train_loss: 1.1811, val_loss: 1.6632, lr: 0.003000, 37.67s
2024-10-27 15:38:21,545 - INFO - epoch complete!
2024-10-27 15:38:21,545 - INFO - evaluating now!
2024-10-27 15:38:23,791 - INFO - Epoch [59/100] train_loss: 1.1760, val_loss: 1.6603, lr: 0.003000, 37.84s
2024-10-27 15:38:59,216 - INFO - epoch complete!
2024-10-27 15:38:59,217 - INFO - evaluating now!
2024-10-27 15:39:01,450 - INFO - Epoch [60/100] train_loss: 1.1743, val_loss: 1.6638, lr: 0.003000, 37.66s
2024-10-27 15:39:36,854 - INFO - epoch complete!
2024-10-27 15:39:36,854 - INFO - evaluating now!
2024-10-27 15:39:39,099 - INFO - Epoch [61/100] train_loss: 1.1727, val_loss: 1.6614, lr: 0.003000, 37.65s
2024-10-27 15:40:14,554 - INFO - epoch complete!
2024-10-27 15:40:14,554 - INFO - evaluating now!
2024-10-27 15:40:16,797 - INFO - Epoch [62/100] train_loss: 1.1714, val_loss: 1.6697, lr: 0.003000, 37.70s
2024-10-27 15:40:52,199 - INFO - epoch complete!
2024-10-27 15:40:52,199 - INFO - evaluating now!
2024-10-27 15:40:54,432 - INFO - Epoch [63/100] train_loss: 1.1694, val_loss: 1.6639, lr: 0.003000, 37.63s
2024-10-27 15:41:29,977 - INFO - epoch complete!
2024-10-27 15:41:29,977 - INFO - evaluating now!
2024-10-27 15:41:32,207 - INFO - Epoch [64/100] train_loss: 1.1677, val_loss: 1.6670, lr: 0.003000, 37.78s
2024-10-27 15:42:07,614 - INFO - epoch complete!
2024-10-27 15:42:07,614 - INFO - evaluating now!
2024-10-27 15:42:09,851 - INFO - Epoch [65/100] train_loss: 1.1655, val_loss: 1.6775, lr: 0.003000, 37.64s
2024-10-27 15:42:45,277 - INFO - epoch complete!
2024-10-27 15:42:45,277 - INFO - evaluating now!
2024-10-27 15:42:47,511 - INFO - Epoch [66/100] train_loss: 1.1647, val_loss: 1.6724, lr: 0.003000, 37.66s
2024-10-27 15:43:22,889 - INFO - epoch complete!
2024-10-27 15:43:22,889 - INFO - evaluating now!
2024-10-27 15:43:25,132 - INFO - Epoch [67/100] train_loss: 1.1629, val_loss: 1.6776, lr: 0.003000, 37.62s
2024-10-27 15:44:00,637 - INFO - epoch complete!
2024-10-27 15:44:00,637 - INFO - evaluating now!
2024-10-27 15:44:02,864 - INFO - Epoch [68/100] train_loss: 1.1615, val_loss: 1.6714, lr: 0.003000, 37.73s
2024-10-27 15:44:02,864 - WARNING - Early stopping at epoch: 68
2024-10-27 15:44:02,864 - INFO - Trained totally 69 epochs, average train time is 35.733s, average eval time is 2.242s
2024-10-27 15:44:02,869 - INFO - Loaded model at 18
2024-10-27 15:44:02,869 - INFO - Saved model at ./libcity/cache/AGCRN(PEMS_BAY)/model_cache/AGCRN_PEMS_BAY.m
2024-10-27 15:44:02,878 - INFO - Start evaluating ...
2024-10-27 15:44:25,129 - INFO - Note that you select the single mode to evaluate!
2024-10-27 15:44:25,131 - INFO - Evaluate result is saved at ./libcity/cache/AGCRN(PEMS_BAY)/evaluate_cache/2024_10_27_15_44_25_AGCRN_PEMS_BAY.csv
2024-10-27 15:44:25,135 - INFO - 
         MAE      MAPE      RMSE
1   0.949491  0.019367  1.739667
2   1.070853  0.022178  2.082165
3   1.170795  0.024630  2.380608
4   1.254405  0.026772  2.635089
5   1.325219  0.028630  2.852242
6   1.385993  0.030250  3.037380
7   1.438767  0.031677  3.194989
8   1.485306  0.032959  3.329566
9   1.526252  0.034092  3.445299
10  1.563030  0.035109  3.547503
11  1.596804  0.036039  3.640288
12  1.628630  0.036904  3.726270
