2024-10-08 13:42:26,797 - INFO - Log directory: ./libcity/log
2024-10-08 13:42:26,797 - INFO - Begin pipeline, task=MTS_pred, model_name=AGCRN, dataset_name=PEMS_BAY, exp_id=AGCRN(PEMS_BAY)
2024-10-08 13:42:26,797 - INFO - {'task': 'MTS_pred', 'model': 'AGCRN', 'dataset': 'PEMS_BAY', 'saved_model': True, 'exp_id': 'AGCRN(PEMS_BAY)', 'seed': 0, 'batch_size': 32, 'max_epoch': 60, 'dataset_class': 'StatePointDataset', 'executor': 'StateExecutor', 'evaluator': 'StateEvaluator', 'embed_dim': 10, 'rnn_units': 64, 'num_layers': 2, 'cheb_order': 2, 'bidir_adj_mx': True, 'scaler': 'standard', 'load_external': False, 'normal_external': False, 'ext_scaler': 'none', 'add_time_in_day': False, 'add_day_in_week': False, 'learner': 'adam', 'learning_rate': 0.003, 'lr_decay': False, 'clip_grad_norm': False, 'use_early_stop': True, 'patience': 50, 'cache_dataset': True, 'num_workers': 0, 'pad_with_last_sample': True, 'train_rate': 0.7, 'eval_rate': 0.1, 'input_window': 12, 'output_window': 12, 'robustness_test': False, 'noise_type': 'gaussian', 'disturb_rate': 0.5, 'noise_mean': [5], 'noise_SD': [10], 'gpu': True, 'gpu_id': 0, 'train_loss': 'none', 'epoch': 0, 'weight_decay': 0, 'lr_epsilon': 1e-08, 'lr_beta1': 0.9, 'lr_beta2': 0.999, 'lr_alpha': 0.99, 'lr_momentum': 0, 'lr_scheduler': 'multisteplr', 'lr_decay_ratio': 0.1, 'steps': [5, 20, 40, 70], 'step_size': 10, 'lr_T_max': 30, 'lr_eta_min': 0, 'lr_patience': 10, 'lr_threshold': 0.0001, 'max_grad_norm': 1.0, 'log_level': 'INFO', 'log_every': 1, 'load_best_epoch': True, 'hyper_tune': False, 'metrics': ['MAE', 'MAPE', 'RMSE'], 'evaluator_mode': 'single', 'save_mode': ['csv'], 'geo': {'including_types': ['Point'], 'Point': {}}, 'rel': {'including_types': ['geo'], 'geo': {'cost': 'num'}}, 'dyna': {'including_types': ['state'], 'state': {'entity_id': 'geo_id', 'traffic_speed': 'num'}}, 'data_col': ['traffic_speed'], 'weight_col': 'cost', 'data_files': ['PEMS_BAY'], 'geo_file': 'PEMS_BAY', 'rel_file': 'PEMS_BAY', 'output_dim': 1, 'time_intervals': 300, 'init_weight_inf_or_zero': 'inf', 'set_weight_link_or_dist': 'dist', 'calculate_weight_adj': True, 'weight_adj_epsilon': 0.1, 'device': device(type='cuda', index=0)}
2024-10-08 13:42:27,695 - INFO - Loaded file PEMS_BAY_feature.csv, shape=(52116, 325, 1)
2024-10-08 13:42:32,208 - INFO - Dataset created
2024-10-08 13:42:32,209 - INFO - x shape: (52093, 12, 325, 1), y shape: (52093, 12, 325, 1)
2024-10-08 13:42:32,230 - INFO - train	x: (36465, 12, 325, 1), y: (36465, 12, 325, 1)
2024-10-08 13:42:32,230 - INFO - eval	x: (5209, 12, 325, 1), y: (5209, 12, 325, 1)
2024-10-08 13:42:32,230 - INFO - test	x: (10419, 12, 325, 1), y: (10419, 12, 325, 1)
2024-10-08 13:43:30,972 - INFO - Saved at ./libcity/cache/dataset_cache/point_based_PEMS_BAY_12_12_0.7_0.1_standard_32_False_False_False_True.npz
2024-10-08 13:43:31,411 - INFO - StandardScaler mean: 62.73567651594296, std: 9.438173664359947
2024-10-08 13:43:31,411 - INFO - NoneScaler
2024-10-08 13:43:35,610 - INFO - AGCRN(
  (encoder): AVWDCRNN(
    (dcrnn_cells): ModuleList(
      (0-1): 2 x AGCRNCell(
        (gate): AVWGCN()
        (update): AVWGCN()
      )
    )
  )
  (end_conv): Conv2d(1, 12, kernel_size=(1, 64), stride=(1, 1))
)
2024-10-08 13:43:35,611 - INFO - node_embeddings	torch.Size([325, 10])	cuda:0	True
2024-10-08 13:43:35,611 - INFO - encoder.dcrnn_cells.0.gate.weights_pool	torch.Size([10, 2, 65, 128])	cuda:0	True
2024-10-08 13:43:35,611 - INFO - encoder.dcrnn_cells.0.gate.bias_pool	torch.Size([10, 128])	cuda:0	True
2024-10-08 13:43:35,611 - INFO - encoder.dcrnn_cells.0.update.weights_pool	torch.Size([10, 2, 65, 64])	cuda:0	True
2024-10-08 13:43:35,612 - INFO - encoder.dcrnn_cells.0.update.bias_pool	torch.Size([10, 64])	cuda:0	True
2024-10-08 13:43:35,612 - INFO - encoder.dcrnn_cells.1.gate.weights_pool	torch.Size([10, 2, 128, 128])	cuda:0	True
2024-10-08 13:43:35,612 - INFO - encoder.dcrnn_cells.1.gate.bias_pool	torch.Size([10, 128])	cuda:0	True
2024-10-08 13:43:35,612 - INFO - encoder.dcrnn_cells.1.update.weights_pool	torch.Size([10, 2, 128, 64])	cuda:0	True
2024-10-08 13:43:35,612 - INFO - encoder.dcrnn_cells.1.update.bias_pool	torch.Size([10, 64])	cuda:0	True
2024-10-08 13:43:35,613 - INFO - end_conv.weight	torch.Size([12, 1, 1, 64])	cuda:0	True
2024-10-08 13:43:35,613 - INFO - end_conv.bias	torch.Size([12])	cuda:0	True
2024-10-08 13:43:35,613 - INFO - Total parameter numbers: 748990
2024-10-08 13:43:35,613 - INFO - You select `adam` optimizer.
2024-10-08 13:43:36,094 - WARNING - Received none train loss func and will use the loss func defined in the model.
2024-10-08 13:43:36,094 - INFO - Start training ...
2024-10-08 13:43:36,094 - INFO - num_batches:1140
2024-10-08 13:51:02,567 - INFO - epoch complete!
2024-10-08 13:51:02,567 - INFO - evaluating now!
2024-10-08 13:51:53,074 - INFO - Epoch [0/60] train_loss: 1.9877, val_loss: 1.8888, lr: 0.003000, 496.98s
2024-10-08 13:51:53,103 - INFO - Saved model at 0
2024-10-08 13:51:53,103 - INFO - Val loss decrease from inf to 1.8888, saving to ./libcity/cache/AGCRN(PEMS_BAY)/model_cache/AGCRN_PEMS_BAY_epoch0.tar
2024-10-08 13:59:16,527 - INFO - epoch complete!
2024-10-08 13:59:16,528 - INFO - evaluating now!
2024-10-08 14:00:08,756 - INFO - Epoch [1/60] train_loss: 1.6569, val_loss: 1.7687, lr: 0.003000, 495.65s
2024-10-08 14:00:08,781 - INFO - Saved model at 1
2024-10-08 14:00:08,782 - INFO - Val loss decrease from 1.8888 to 1.7687, saving to ./libcity/cache/AGCRN(PEMS_BAY)/model_cache/AGCRN_PEMS_BAY_epoch1.tar
2024-10-08 14:07:29,100 - INFO - epoch complete!
2024-10-08 14:07:29,101 - INFO - evaluating now!
2024-10-08 14:08:27,135 - INFO - Epoch [2/60] train_loss: 1.5816, val_loss: 1.7026, lr: 0.003000, 498.35s
2024-10-08 14:08:27,165 - INFO - Saved model at 2
2024-10-08 14:08:27,165 - INFO - Val loss decrease from 1.7687 to 1.7026, saving to ./libcity/cache/AGCRN(PEMS_BAY)/model_cache/AGCRN_PEMS_BAY_epoch2.tar
2024-10-08 14:18:19,417 - INFO - epoch complete!
2024-10-08 14:18:19,417 - INFO - evaluating now!
2024-10-08 14:19:17,353 - INFO - Epoch [3/60] train_loss: 1.5384, val_loss: 1.6787, lr: 0.003000, 650.19s
2024-10-08 14:19:17,388 - INFO - Saved model at 3
2024-10-08 14:19:17,389 - INFO - Val loss decrease from 1.7026 to 1.6787, saving to ./libcity/cache/AGCRN(PEMS_BAY)/model_cache/AGCRN_PEMS_BAY_epoch3.tar
2024-10-08 14:26:43,664 - INFO - epoch complete!
2024-10-08 14:26:43,665 - INFO - evaluating now!
2024-10-08 14:27:34,021 - INFO - Epoch [4/60] train_loss: 1.5037, val_loss: 1.6650, lr: 0.003000, 496.63s
2024-10-08 14:27:34,042 - INFO - Saved model at 4
2024-10-08 14:27:34,042 - INFO - Val loss decrease from 1.6787 to 1.6650, saving to ./libcity/cache/AGCRN(PEMS_BAY)/model_cache/AGCRN_PEMS_BAY_epoch4.tar
2024-10-08 14:34:41,551 - INFO - epoch complete!
2024-10-08 14:34:41,552 - INFO - evaluating now!
2024-10-08 14:35:33,703 - INFO - Epoch [5/60] train_loss: 1.4764, val_loss: 1.6467, lr: 0.003000, 479.66s
2024-10-08 14:35:33,734 - INFO - Saved model at 5
2024-10-08 14:35:33,734 - INFO - Val loss decrease from 1.6650 to 1.6467, saving to ./libcity/cache/AGCRN(PEMS_BAY)/model_cache/AGCRN_PEMS_BAY_epoch5.tar
2024-10-08 14:43:03,516 - INFO - epoch complete!
2024-10-08 14:43:03,517 - INFO - evaluating now!
2024-10-08 14:43:51,103 - INFO - Epoch [6/60] train_loss: 1.4521, val_loss: 1.6422, lr: 0.003000, 497.37s
2024-10-08 14:43:51,128 - INFO - Saved model at 6
2024-10-08 14:43:51,128 - INFO - Val loss decrease from 1.6467 to 1.6422, saving to ./libcity/cache/AGCRN(PEMS_BAY)/model_cache/AGCRN_PEMS_BAY_epoch6.tar
2024-10-08 14:49:05,252 - INFO - epoch complete!
2024-10-08 14:49:05,252 - INFO - evaluating now!
2024-10-08 14:49:35,832 - INFO - Epoch [7/60] train_loss: 1.4307, val_loss: 1.6259, lr: 0.003000, 344.70s
2024-10-08 14:49:35,861 - INFO - Saved model at 7
2024-10-08 14:49:35,861 - INFO - Val loss decrease from 1.6422 to 1.6259, saving to ./libcity/cache/AGCRN(PEMS_BAY)/model_cache/AGCRN_PEMS_BAY_epoch7.tar
2024-10-08 14:54:08,664 - INFO - epoch complete!
2024-10-08 14:54:08,665 - INFO - evaluating now!
2024-10-08 14:54:37,873 - INFO - Epoch [8/60] train_loss: 1.4144, val_loss: 1.6277, lr: 0.003000, 302.01s
2024-10-08 14:59:21,568 - INFO - epoch complete!
2024-10-08 14:59:21,570 - INFO - evaluating now!
2024-10-08 14:59:54,214 - INFO - Epoch [9/60] train_loss: 1.3973, val_loss: 1.6183, lr: 0.003000, 316.34s
2024-10-08 14:59:54,239 - INFO - Saved model at 9
2024-10-08 14:59:54,240 - INFO - Val loss decrease from 1.6259 to 1.6183, saving to ./libcity/cache/AGCRN(PEMS_BAY)/model_cache/AGCRN_PEMS_BAY_epoch9.tar
2024-10-08 15:03:22,653 - INFO - epoch complete!
2024-10-08 15:03:22,653 - INFO - evaluating now!
2024-10-08 15:03:41,989 - INFO - Epoch [10/60] train_loss: 1.3840, val_loss: 1.6198, lr: 0.003000, 227.75s
2024-10-08 15:06:45,159 - INFO - epoch complete!
2024-10-08 15:06:45,160 - INFO - evaluating now!
2024-10-08 15:06:59,283 - INFO - Epoch [11/60] train_loss: 1.3694, val_loss: 1.6154, lr: 0.003000, 197.29s
2024-10-08 15:06:59,295 - INFO - Saved model at 11
2024-10-08 15:06:59,295 - INFO - Val loss decrease from 1.6183 to 1.6154, saving to ./libcity/cache/AGCRN(PEMS_BAY)/model_cache/AGCRN_PEMS_BAY_epoch11.tar
2024-10-08 15:10:03,013 - INFO - epoch complete!
2024-10-08 15:10:03,014 - INFO - evaluating now!
2024-10-08 15:10:19,183 - INFO - Epoch [12/60] train_loss: 1.3585, val_loss: 1.6122, lr: 0.003000, 199.89s
2024-10-08 15:10:19,207 - INFO - Saved model at 12
2024-10-08 15:10:19,207 - INFO - Val loss decrease from 1.6154 to 1.6122, saving to ./libcity/cache/AGCRN(PEMS_BAY)/model_cache/AGCRN_PEMS_BAY_epoch12.tar
2024-10-08 15:13:21,399 - INFO - epoch complete!
2024-10-08 15:13:21,399 - INFO - evaluating now!
2024-10-08 15:13:40,120 - INFO - Epoch [13/60] train_loss: 1.3467, val_loss: 1.6131, lr: 0.003000, 200.91s
2024-10-08 15:16:49,049 - INFO - epoch complete!
2024-10-08 15:16:49,049 - INFO - evaluating now!
2024-10-08 15:17:09,624 - INFO - Epoch [14/60] train_loss: 1.3372, val_loss: 1.6194, lr: 0.003000, 209.50s
2024-10-08 15:20:12,497 - INFO - epoch complete!
2024-10-08 15:20:12,498 - INFO - evaluating now!
2024-10-08 15:20:28,889 - INFO - Epoch [15/60] train_loss: 1.3271, val_loss: 1.6135, lr: 0.003000, 199.26s
2024-10-08 15:24:08,775 - INFO - epoch complete!
2024-10-08 15:24:08,775 - INFO - evaluating now!
2024-10-08 15:24:40,505 - INFO - Epoch [16/60] train_loss: 1.3179, val_loss: 1.6152, lr: 0.003000, 251.62s
2024-10-08 15:29:24,298 - INFO - epoch complete!
2024-10-08 15:29:24,298 - INFO - evaluating now!
2024-10-08 15:29:33,245 - INFO - Epoch [17/60] train_loss: 1.3083, val_loss: 1.6163, lr: 0.003000, 292.74s
2024-10-08 15:31:36,069 - INFO - epoch complete!
2024-10-08 15:31:36,070 - INFO - evaluating now!
2024-10-08 15:31:46,639 - INFO - Epoch [18/60] train_loss: 1.3016, val_loss: 1.6168, lr: 0.003000, 133.39s
2024-10-08 15:33:52,408 - INFO - epoch complete!
2024-10-08 15:33:52,409 - INFO - evaluating now!
2024-10-08 15:34:11,130 - INFO - Epoch [19/60] train_loss: 1.2936, val_loss: 1.6160, lr: 0.003000, 144.49s
2024-10-08 17:15:05,485 - INFO - epoch complete!
2024-10-08 17:15:05,485 - INFO - evaluating now!
2024-10-08 17:15:14,506 - INFO - Epoch [20/60] train_loss: 1.2873, val_loss: 1.6201, lr: 0.003000, 6063.38s
2024-10-08 17:17:08,702 - INFO - epoch complete!
2024-10-08 17:17:08,702 - INFO - evaluating now!
2024-10-08 17:17:17,622 - INFO - Epoch [21/60] train_loss: 1.2797, val_loss: 1.6266, lr: 0.003000, 123.12s
2024-10-08 17:19:25,100 - INFO - epoch complete!
2024-10-08 17:19:25,100 - INFO - evaluating now!
2024-10-08 17:19:33,722 - INFO - Epoch [22/60] train_loss: 1.2733, val_loss: 1.6269, lr: 0.003000, 136.10s
2024-10-08 17:21:44,073 - INFO - epoch complete!
2024-10-08 17:21:44,074 - INFO - evaluating now!
2024-10-08 17:21:53,257 - INFO - Epoch [23/60] train_loss: 1.2673, val_loss: 1.6250, lr: 0.003000, 139.54s
2024-10-08 17:24:02,534 - INFO - epoch complete!
2024-10-08 17:24:02,534 - INFO - evaluating now!
2024-10-08 17:24:13,579 - INFO - Epoch [24/60] train_loss: 1.2620, val_loss: 1.6296, lr: 0.003000, 140.32s
2024-10-08 17:26:21,284 - INFO - epoch complete!
2024-10-08 17:26:21,284 - INFO - evaluating now!
2024-10-08 17:26:30,363 - INFO - Epoch [25/60] train_loss: 1.2566, val_loss: 1.6300, lr: 0.003000, 136.78s
2024-10-08 17:28:30,294 - INFO - epoch complete!
2024-10-08 17:28:30,294 - INFO - evaluating now!
2024-10-08 17:28:41,318 - INFO - Epoch [26/60] train_loss: 1.2511, val_loss: 1.6354, lr: 0.003000, 130.96s
2024-10-08 17:30:52,462 - INFO - epoch complete!
2024-10-08 17:30:52,463 - INFO - evaluating now!
2024-10-08 17:31:02,575 - INFO - Epoch [27/60] train_loss: 1.2460, val_loss: 1.6339, lr: 0.003000, 141.26s
2024-10-08 17:33:02,996 - INFO - epoch complete!
2024-10-08 17:33:02,996 - INFO - evaluating now!
2024-10-08 17:33:12,341 - INFO - Epoch [28/60] train_loss: 1.2418, val_loss: 1.6303, lr: 0.003000, 129.77s
2024-10-08 17:35:21,168 - INFO - epoch complete!
2024-10-08 17:35:21,168 - INFO - evaluating now!
2024-10-08 17:35:30,238 - INFO - Epoch [29/60] train_loss: 1.2365, val_loss: 1.6365, lr: 0.003000, 137.90s
2024-10-08 17:37:42,586 - INFO - epoch complete!
2024-10-08 17:37:42,586 - INFO - evaluating now!
2024-10-08 17:37:51,245 - INFO - Epoch [30/60] train_loss: 1.2337, val_loss: 1.6342, lr: 0.003000, 141.01s
2024-10-08 17:39:41,170 - INFO - epoch complete!
2024-10-08 17:39:41,170 - INFO - evaluating now!
2024-10-08 17:39:50,196 - INFO - Epoch [31/60] train_loss: 1.2281, val_loss: 1.6353, lr: 0.003000, 118.95s
2024-10-08 17:41:53,661 - INFO - epoch complete!
2024-10-08 17:41:53,661 - INFO - evaluating now!
2024-10-08 17:42:04,379 - INFO - Epoch [32/60] train_loss: 1.2248, val_loss: 1.6368, lr: 0.003000, 134.18s
2024-10-08 17:44:12,163 - INFO - epoch complete!
2024-10-08 17:44:12,164 - INFO - evaluating now!
2024-10-08 17:44:23,186 - INFO - Epoch [33/60] train_loss: 1.2213, val_loss: 1.6404, lr: 0.003000, 138.81s
2024-10-08 17:46:31,434 - INFO - epoch complete!
2024-10-08 17:46:31,434 - INFO - evaluating now!
2024-10-08 17:46:40,120 - INFO - Epoch [34/60] train_loss: 1.2163, val_loss: 1.6390, lr: 0.003000, 136.93s
2024-10-08 17:48:52,099 - INFO - epoch complete!
2024-10-08 17:48:52,099 - INFO - evaluating now!
2024-10-08 17:49:03,170 - INFO - Epoch [35/60] train_loss: 1.2129, val_loss: 1.6371, lr: 0.003000, 143.05s
2024-10-08 17:50:57,227 - INFO - epoch complete!
2024-10-08 17:50:57,228 - INFO - evaluating now!
2024-10-08 17:51:07,439 - INFO - Epoch [36/60] train_loss: 1.2105, val_loss: 1.6495, lr: 0.003000, 124.27s
2024-10-08 17:53:13,952 - INFO - epoch complete!
2024-10-08 17:53:13,952 - INFO - evaluating now!
2024-10-08 17:53:22,528 - INFO - Epoch [37/60] train_loss: 1.2077, val_loss: 1.6432, lr: 0.003000, 135.09s
2024-10-08 17:55:27,711 - INFO - epoch complete!
2024-10-08 17:55:27,711 - INFO - evaluating now!
2024-10-08 17:55:38,659 - INFO - Epoch [38/60] train_loss: 1.2041, val_loss: 1.6421, lr: 0.003000, 136.13s
2024-10-08 17:57:34,198 - INFO - epoch complete!
2024-10-08 17:57:34,198 - INFO - evaluating now!
2024-10-08 17:57:42,835 - INFO - Epoch [39/60] train_loss: 1.2002, val_loss: 1.6484, lr: 0.003000, 124.17s
2024-10-08 17:59:56,575 - INFO - epoch complete!
2024-10-08 17:59:56,576 - INFO - evaluating now!
2024-10-08 18:00:06,731 - INFO - Epoch [40/60] train_loss: 1.1986, val_loss: 1.6462, lr: 0.003000, 143.90s
2024-10-08 18:02:08,528 - INFO - epoch complete!
2024-10-08 18:02:08,528 - INFO - evaluating now!
2024-10-08 18:02:17,372 - INFO - Epoch [41/60] train_loss: 1.1946, val_loss: 1.6477, lr: 0.003000, 130.64s
2024-10-08 18:04:14,905 - INFO - epoch complete!
2024-10-08 18:04:14,905 - INFO - evaluating now!
2024-10-08 18:04:25,991 - INFO - Epoch [42/60] train_loss: 1.1928, val_loss: 1.6497, lr: 0.003000, 128.62s
2024-10-08 18:06:30,421 - INFO - epoch complete!
2024-10-08 18:06:30,421 - INFO - evaluating now!
2024-10-08 18:06:41,112 - INFO - Epoch [43/60] train_loss: 1.1898, val_loss: 1.6468, lr: 0.003000, 135.12s
2024-10-08 18:08:47,542 - INFO - epoch complete!
2024-10-08 18:08:47,542 - INFO - evaluating now!
2024-10-08 18:08:56,058 - INFO - Epoch [44/60] train_loss: 1.1874, val_loss: 1.6455, lr: 0.003000, 134.94s
2024-10-08 18:10:59,541 - INFO - epoch complete!
2024-10-08 18:10:59,541 - INFO - evaluating now!
2024-10-08 18:11:08,790 - INFO - Epoch [45/60] train_loss: 1.1846, val_loss: 1.6522, lr: 0.003000, 132.73s
2024-10-08 18:13:14,416 - INFO - epoch complete!
2024-10-08 18:13:14,416 - INFO - evaluating now!
2024-10-08 18:13:21,115 - INFO - Epoch [46/60] train_loss: 1.1822, val_loss: 1.6487, lr: 0.003000, 132.32s
2024-10-08 18:15:20,481 - INFO - epoch complete!
2024-10-08 18:15:20,481 - INFO - evaluating now!
2024-10-08 18:15:31,542 - INFO - Epoch [47/60] train_loss: 1.1810, val_loss: 1.6527, lr: 0.003000, 130.43s
2024-10-08 18:17:32,163 - INFO - epoch complete!
2024-10-08 18:17:32,164 - INFO - evaluating now!
2024-10-08 18:17:39,284 - INFO - Epoch [48/60] train_loss: 1.1783, val_loss: 1.6600, lr: 0.003000, 127.74s
2024-10-08 18:19:18,168 - INFO - epoch complete!
2024-10-08 18:19:18,168 - INFO - evaluating now!
2024-10-08 18:19:25,221 - INFO - Epoch [49/60] train_loss: 1.1756, val_loss: 1.6562, lr: 0.003000, 105.94s
2024-10-08 18:21:04,289 - INFO - epoch complete!
2024-10-08 18:21:04,289 - INFO - evaluating now!
2024-10-08 18:21:11,371 - INFO - Epoch [50/60] train_loss: 1.1745, val_loss: 1.6586, lr: 0.003000, 106.15s
2024-10-08 18:22:50,299 - INFO - epoch complete!
2024-10-08 18:22:50,300 - INFO - evaluating now!
2024-10-08 18:22:57,446 - INFO - Epoch [51/60] train_loss: 1.1717, val_loss: 1.6543, lr: 0.003000, 106.07s
2024-10-08 18:24:32,642 - INFO - epoch complete!
2024-10-08 18:24:32,642 - INFO - evaluating now!
2024-10-08 18:24:38,085 - INFO - Epoch [52/60] train_loss: 1.1702, val_loss: 1.6480, lr: 0.003000, 100.64s
2024-10-08 18:25:59,563 - INFO - epoch complete!
2024-10-08 18:25:59,563 - INFO - evaluating now!
2024-10-08 18:26:05,018 - INFO - Epoch [53/60] train_loss: 1.1674, val_loss: 1.6606, lr: 0.003000, 86.93s
2024-10-08 18:27:21,295 - INFO - epoch complete!
2024-10-08 18:27:21,295 - INFO - evaluating now!
2024-10-08 18:27:25,099 - INFO - Epoch [54/60] train_loss: 1.1657, val_loss: 1.6611, lr: 0.003000, 80.08s
2024-10-08 18:28:33,558 - INFO - epoch complete!
2024-10-08 18:28:33,558 - INFO - evaluating now!
2024-10-08 18:28:37,388 - INFO - Epoch [55/60] train_loss: 1.1640, val_loss: 1.6557, lr: 0.003000, 72.29s
2024-10-08 18:29:54,849 - INFO - epoch complete!
2024-10-08 18:29:54,849 - INFO - evaluating now!
2024-10-08 18:30:02,583 - INFO - Epoch [56/60] train_loss: 1.1621, val_loss: 1.6654, lr: 0.003000, 85.19s
2024-10-08 18:33:16,155 - INFO - epoch complete!
2024-10-08 18:33:16,155 - INFO - evaluating now!
2024-10-08 18:33:40,415 - INFO - Epoch [57/60] train_loss: 1.1608, val_loss: 1.6620, lr: 0.003000, 217.83s
2024-10-08 18:37:29,384 - INFO - epoch complete!
2024-10-08 18:37:29,384 - INFO - evaluating now!
2024-10-08 18:37:52,057 - INFO - Epoch [58/60] train_loss: 1.1586, val_loss: 1.6589, lr: 0.003000, 251.64s
2024-10-08 18:41:40,708 - INFO - epoch complete!
2024-10-08 18:41:40,708 - INFO - evaluating now!
2024-10-08 18:42:05,226 - INFO - Epoch [59/60] train_loss: 1.1571, val_loss: 1.6650, lr: 0.003000, 253.17s
2024-10-08 18:42:05,226 - INFO - Trained totally 60 epochs, average train time is 281.281s, average eval time is 17.198s
2024-10-08 18:42:05,304 - INFO - Loaded model at 12
2024-10-08 18:42:05,304 - INFO - Saved model at ./libcity/cache/AGCRN(PEMS_BAY)/model_cache/AGCRN_PEMS_BAY.m
2024-10-08 18:42:05,314 - INFO - Start evaluating ...
2024-10-08 18:43:11,969 - INFO - Note that you select the single mode to evaluate!
2024-10-08 18:43:11,971 - INFO - Evaluate result is saved at ./libcity/cache/AGCRN(PEMS_BAY)/evaluate_cache/2024_10_08_18_43_11_AGCRN_PEMS_BAY.csv
2024-10-08 18:43:11,975 - INFO - 
         MAE      MAPE      RMSE
1   0.944198  0.019191  1.717013
2   1.064273  0.021963  2.059337
3   1.163295  0.024390  2.357419
4   1.246080  0.026516  2.611670
5   1.316286  0.028371  2.827340
6   1.376376  0.029987  3.008964
7   1.428799  0.031424  3.163468
8   1.475190  0.032730  3.295930
9   1.516206  0.033897  3.410672
10  1.553171  0.034941  3.512695
11  1.587260  0.035901  3.604896
12  1.619602  0.036800  3.691080
