2024-10-07 20:00:55,163 - INFO - Log directory: ./libcity/log
2024-10-07 20:00:55,163 - INFO - Begin pipeline, task=MTS_pred, model_name=AGCRN, dataset_name=humidity, exp_id=agcrn2ty
2024-10-07 20:00:55,163 - INFO - {'task': 'MTS_pred', 'model': 'AGCRN', 'dataset': 'humidity', 'saved_model': True, 'exp_id': 'agcrn2ty', 'seed': 0, 'max_epoch': 50, 'dataset_class': 'StatePointDataset', 'executor': 'StateExecutor', 'evaluator': 'StateEvaluator', 'embed_dim': 10, 'rnn_units': 64, 'num_layers': 2, 'cheb_order': 2, 'bidir_adj_mx': True, 'scaler': 'standard', 'load_external': False, 'normal_external': False, 'ext_scaler': 'none', 'add_time_in_day': False, 'add_day_in_week': False, 'learner': 'adam', 'learning_rate': 0.003, 'lr_decay': False, 'clip_grad_norm': False, 'use_early_stop': True, 'patience': 50, 'batch_size': 64, 'cache_dataset': True, 'num_workers': 0, 'pad_with_last_sample': True, 'train_rate': 0.7, 'eval_rate': 0.1, 'input_window': 12, 'output_window': 12, 'robustness_test': False, 'noise_type': 'gaussian', 'disturb_rate': 0.5, 'noise_mean': [5], 'noise_SD': [10], 'gpu': True, 'gpu_id': 0, 'train_loss': 'none', 'epoch': 0, 'weight_decay': 0, 'lr_epsilon': 1e-08, 'lr_beta1': 0.9, 'lr_beta2': 0.999, 'lr_alpha': 0.99, 'lr_momentum': 0, 'lr_scheduler': 'multisteplr', 'lr_decay_ratio': 0.1, 'steps': [5, 20, 40, 70], 'step_size': 10, 'lr_T_max': 30, 'lr_eta_min': 0, 'lr_patience': 10, 'lr_threshold': 0.0001, 'max_grad_norm': 1.0, 'log_level': 'INFO', 'log_every': 1, 'load_best_epoch': True, 'hyper_tune': False, 'metrics': ['MAE', 'MAPE', 'RMSE'], 'evaluator_mode': 'single', 'save_mode': ['csv'], 'geo': {'including_types': ['Point'], 'Point': {}}, 'rel': {'including_types': ['geo'], 'geo': {'cost': 'num'}}, 'dyna': {'including_types': ['state'], 'state': {'entity_id': 'geo_id', 'traffic_speed': 'num'}}, 'data_col': ['traffic_speed'], 'weight_col': 'cost', 'data_files': ['humidity'], 'geo_file': 'humidity', 'rel_file': 'humidity', 'output_dim': 1, 'time_intervals': 300, 'init_weight_inf_or_zero': 'inf', 'set_weight_link_or_dist': 'dist', 'calculate_weight_adj': True, 'weight_adj_epsilon': 0.1, 'device': device(type='cuda', index=0)}
2024-10-07 20:00:57,283 - INFO - Loaded file humidity_feature.csv, shape=(3322, 2048, 1)
2024-10-07 20:00:58,856 - INFO - Dataset created
2024-10-07 20:00:58,856 - INFO - x shape: (3299, 12, 2048, 1), y shape: (3299, 12, 2048, 1)
2024-10-07 20:00:58,877 - INFO - train	x: (2309, 12, 2048, 1), y: (2309, 12, 2048, 1)
2024-10-07 20:00:58,877 - INFO - eval	x: (330, 12, 2048, 1), y: (330, 12, 2048, 1)
2024-10-07 20:00:58,877 - INFO - test	x: (660, 12, 2048, 1), y: (660, 12, 2048, 1)
2024-10-07 20:02:42,852 - INFO - Saved at ./libcity/cache/dataset_cache/point_based_humidity_12_12_0.7_0.1_standard_64_False_False_False_True.npz
2024-10-07 20:02:43,022 - INFO - StandardScaler mean: 78.66855544535464, std: 17.406175498267864
2024-10-07 20:02:43,022 - INFO - NoneScaler
2024-10-07 20:02:44,313 - INFO - AGCRN(
  (encoder): AVWDCRNN(
    (dcrnn_cells): ModuleList(
      (0-1): 2 x AGCRNCell(
        (gate): AVWGCN()
        (update): AVWGCN()
      )
    )
  )
  (end_conv): Conv2d(1, 12, kernel_size=(1, 64), stride=(1, 1))
)
2024-10-07 20:02:44,313 - INFO - node_embeddings	torch.Size([2048, 10])	cuda:0	True
2024-10-07 20:02:44,313 - INFO - encoder.dcrnn_cells.0.gate.weights_pool	torch.Size([10, 2, 65, 128])	cuda:0	True
2024-10-07 20:02:44,313 - INFO - encoder.dcrnn_cells.0.gate.bias_pool	torch.Size([10, 128])	cuda:0	True
2024-10-07 20:02:44,313 - INFO - encoder.dcrnn_cells.0.update.weights_pool	torch.Size([10, 2, 65, 64])	cuda:0	True
2024-10-07 20:02:44,313 - INFO - encoder.dcrnn_cells.0.update.bias_pool	torch.Size([10, 64])	cuda:0	True
2024-10-07 20:02:44,313 - INFO - encoder.dcrnn_cells.1.gate.weights_pool	torch.Size([10, 2, 128, 128])	cuda:0	True
2024-10-07 20:02:44,313 - INFO - encoder.dcrnn_cells.1.gate.bias_pool	torch.Size([10, 128])	cuda:0	True
2024-10-07 20:02:44,313 - INFO - encoder.dcrnn_cells.1.update.weights_pool	torch.Size([10, 2, 128, 64])	cuda:0	True
2024-10-07 20:02:44,313 - INFO - encoder.dcrnn_cells.1.update.bias_pool	torch.Size([10, 64])	cuda:0	True
2024-10-07 20:02:44,313 - INFO - end_conv.weight	torch.Size([12, 1, 1, 64])	cuda:0	True
2024-10-07 20:02:44,313 - INFO - end_conv.bias	torch.Size([12])	cuda:0	True
2024-10-07 20:02:44,313 - INFO - Total parameter numbers: 766220
2024-10-07 20:02:44,313 - INFO - You select `adam` optimizer.
2024-10-07 20:02:44,784 - WARNING - Received none train loss func and will use the loss func defined in the model.
2024-10-07 20:02:44,784 - INFO - Start training ...
2024-10-07 20:02:44,784 - INFO - num_batches:37
2024-10-07 20:03:15,299 - INFO - epoch complete!
2024-10-07 20:03:15,299 - INFO - evaluating now!
2024-10-07 20:03:17,647 - INFO - Epoch [0/50] train_loss: 11.7048, val_loss: 9.2409, lr: 0.003000, 32.86s
2024-10-07 20:03:17,657 - INFO - Saved model at 0
2024-10-07 20:03:17,657 - INFO - Val loss decrease from inf to 9.2409, saving to ./libcity/cache/agcrn2ty/model_cache/AGCRN_humidity_epoch0.tar
2024-10-07 20:03:47,859 - INFO - epoch complete!
2024-10-07 20:03:47,859 - INFO - evaluating now!
2024-10-07 20:03:50,211 - INFO - Epoch [1/50] train_loss: 8.8350, val_loss: 8.4323, lr: 0.003000, 32.55s
2024-10-07 20:03:50,220 - INFO - Saved model at 1
2024-10-07 20:03:50,220 - INFO - Val loss decrease from 9.2409 to 8.4323, saving to ./libcity/cache/agcrn2ty/model_cache/AGCRN_humidity_epoch1.tar
2024-10-07 20:04:19,977 - INFO - epoch complete!
2024-10-07 20:04:19,977 - INFO - evaluating now!
2024-10-07 20:04:22,158 - INFO - Epoch [2/50] train_loss: 8.4201, val_loss: 8.2912, lr: 0.003000, 31.94s
2024-10-07 20:04:22,169 - INFO - Saved model at 2
2024-10-07 20:04:22,169 - INFO - Val loss decrease from 8.4323 to 8.2912, saving to ./libcity/cache/agcrn2ty/model_cache/AGCRN_humidity_epoch2.tar
2024-10-07 20:04:48,026 - INFO - epoch complete!
2024-10-07 20:04:48,026 - INFO - evaluating now!
2024-10-07 20:04:50,121 - INFO - Epoch [3/50] train_loss: 8.3235, val_loss: 8.2363, lr: 0.003000, 27.95s
2024-10-07 20:04:50,130 - INFO - Saved model at 3
2024-10-07 20:04:50,131 - INFO - Val loss decrease from 8.2912 to 8.2363, saving to ./libcity/cache/agcrn2ty/model_cache/AGCRN_humidity_epoch3.tar
2024-10-07 20:05:15,851 - INFO - epoch complete!
2024-10-07 20:05:15,851 - INFO - evaluating now!
2024-10-07 20:05:18,011 - INFO - Epoch [4/50] train_loss: 8.2863, val_loss: 8.2040, lr: 0.003000, 27.88s
2024-10-07 20:05:18,022 - INFO - Saved model at 4
2024-10-07 20:05:18,022 - INFO - Val loss decrease from 8.2363 to 8.2040, saving to ./libcity/cache/agcrn2ty/model_cache/AGCRN_humidity_epoch4.tar
2024-10-07 20:05:47,993 - INFO - epoch complete!
2024-10-07 20:05:47,994 - INFO - evaluating now!
2024-10-07 20:05:50,342 - INFO - Epoch [5/50] train_loss: 8.2642, val_loss: 8.1806, lr: 0.003000, 32.32s
2024-10-07 20:05:50,352 - INFO - Saved model at 5
2024-10-07 20:05:50,352 - INFO - Val loss decrease from 8.2040 to 8.1806, saving to ./libcity/cache/agcrn2ty/model_cache/AGCRN_humidity_epoch5.tar
2024-10-07 20:06:20,507 - INFO - epoch complete!
2024-10-07 20:06:20,508 - INFO - evaluating now!
2024-10-07 20:06:22,860 - INFO - Epoch [6/50] train_loss: 8.2463, val_loss: 8.1599, lr: 0.003000, 32.51s
2024-10-07 20:06:22,869 - INFO - Saved model at 6
2024-10-07 20:06:22,869 - INFO - Val loss decrease from 8.1806 to 8.1599, saving to ./libcity/cache/agcrn2ty/model_cache/AGCRN_humidity_epoch6.tar
2024-10-07 20:06:53,042 - INFO - epoch complete!
2024-10-07 20:06:53,042 - INFO - evaluating now!
2024-10-07 20:06:55,390 - INFO - Epoch [7/50] train_loss: 8.2240, val_loss: 8.1528, lr: 0.003000, 32.52s
2024-10-07 20:06:55,399 - INFO - Saved model at 7
2024-10-07 20:06:55,399 - INFO - Val loss decrease from 8.1599 to 8.1528, saving to ./libcity/cache/agcrn2ty/model_cache/AGCRN_humidity_epoch7.tar
2024-10-07 20:07:25,544 - INFO - epoch complete!
2024-10-07 20:07:25,544 - INFO - evaluating now!
2024-10-07 20:07:27,900 - INFO - Epoch [8/50] train_loss: 8.2036, val_loss: 8.1403, lr: 0.003000, 32.50s
2024-10-07 20:07:27,910 - INFO - Saved model at 8
2024-10-07 20:07:27,910 - INFO - Val loss decrease from 8.1528 to 8.1403, saving to ./libcity/cache/agcrn2ty/model_cache/AGCRN_humidity_epoch8.tar
2024-10-07 20:07:58,099 - INFO - epoch complete!
2024-10-07 20:07:58,100 - INFO - evaluating now!
2024-10-07 20:08:00,449 - INFO - Epoch [9/50] train_loss: 8.1862, val_loss: 8.1470, lr: 0.003000, 32.54s
2024-10-07 20:08:30,675 - INFO - epoch complete!
2024-10-07 20:08:30,675 - INFO - evaluating now!
2024-10-07 20:08:33,027 - INFO - Epoch [10/50] train_loss: 8.1735, val_loss: 8.1297, lr: 0.003000, 32.58s
2024-10-07 20:08:33,037 - INFO - Saved model at 10
2024-10-07 20:08:33,037 - INFO - Val loss decrease from 8.1403 to 8.1297, saving to ./libcity/cache/agcrn2ty/model_cache/AGCRN_humidity_epoch10.tar
2024-10-07 20:09:03,211 - INFO - epoch complete!
2024-10-07 20:09:03,211 - INFO - evaluating now!
2024-10-07 20:09:05,564 - INFO - Epoch [11/50] train_loss: 8.1598, val_loss: 8.1186, lr: 0.003000, 32.53s
2024-10-07 20:09:05,573 - INFO - Saved model at 11
2024-10-07 20:09:05,573 - INFO - Val loss decrease from 8.1297 to 8.1186, saving to ./libcity/cache/agcrn2ty/model_cache/AGCRN_humidity_epoch11.tar
2024-10-07 20:09:35,771 - INFO - epoch complete!
2024-10-07 20:09:35,771 - INFO - evaluating now!
2024-10-07 20:09:38,140 - INFO - Epoch [12/50] train_loss: 8.1370, val_loss: 8.1123, lr: 0.003000, 32.57s
2024-10-07 20:09:38,149 - INFO - Saved model at 12
2024-10-07 20:09:38,149 - INFO - Val loss decrease from 8.1186 to 8.1123, saving to ./libcity/cache/agcrn2ty/model_cache/AGCRN_humidity_epoch12.tar
2024-10-07 20:10:08,410 - INFO - epoch complete!
2024-10-07 20:10:08,410 - INFO - evaluating now!
2024-10-07 20:10:10,762 - INFO - Epoch [13/50] train_loss: 8.1172, val_loss: 8.0944, lr: 0.003000, 32.61s
2024-10-07 20:10:10,771 - INFO - Saved model at 13
2024-10-07 20:10:10,772 - INFO - Val loss decrease from 8.1123 to 8.0944, saving to ./libcity/cache/agcrn2ty/model_cache/AGCRN_humidity_epoch13.tar
2024-10-07 20:10:40,980 - INFO - epoch complete!
2024-10-07 20:10:40,981 - INFO - evaluating now!
2024-10-07 20:10:43,335 - INFO - Epoch [14/50] train_loss: 8.1071, val_loss: 8.0718, lr: 0.003000, 32.56s
2024-10-07 20:10:43,345 - INFO - Saved model at 14
2024-10-07 20:10:43,345 - INFO - Val loss decrease from 8.0944 to 8.0718, saving to ./libcity/cache/agcrn2ty/model_cache/AGCRN_humidity_epoch14.tar
2024-10-07 20:11:13,486 - INFO - epoch complete!
2024-10-07 20:11:13,486 - INFO - evaluating now!
2024-10-07 20:11:15,851 - INFO - Epoch [15/50] train_loss: 8.0770, val_loss: 8.0479, lr: 0.003000, 32.51s
2024-10-07 20:11:15,860 - INFO - Saved model at 15
2024-10-07 20:11:15,860 - INFO - Val loss decrease from 8.0718 to 8.0479, saving to ./libcity/cache/agcrn2ty/model_cache/AGCRN_humidity_epoch15.tar
2024-10-07 20:11:46,097 - INFO - epoch complete!
2024-10-07 20:11:46,098 - INFO - evaluating now!
2024-10-07 20:11:48,454 - INFO - Epoch [16/50] train_loss: 8.0566, val_loss: 8.0481, lr: 0.003000, 32.59s
2024-10-07 20:12:16,868 - INFO - epoch complete!
2024-10-07 20:12:16,868 - INFO - evaluating now!
2024-10-07 20:12:18,968 - INFO - Epoch [17/50] train_loss: 8.0497, val_loss: 8.0322, lr: 0.003000, 30.51s
2024-10-07 20:12:18,978 - INFO - Saved model at 17
2024-10-07 20:12:18,978 - INFO - Val loss decrease from 8.0479 to 8.0322, saving to ./libcity/cache/agcrn2ty/model_cache/AGCRN_humidity_epoch17.tar
2024-10-07 20:12:44,689 - INFO - epoch complete!
2024-10-07 20:12:44,690 - INFO - evaluating now!
2024-10-07 20:12:46,791 - INFO - Epoch [18/50] train_loss: 8.0367, val_loss: 8.0326, lr: 0.003000, 27.81s
2024-10-07 20:13:12,496 - INFO - epoch complete!
2024-10-07 20:13:12,496 - INFO - evaluating now!
2024-10-07 20:13:14,592 - INFO - Epoch [19/50] train_loss: 8.0328, val_loss: 8.0258, lr: 0.003000, 27.80s
2024-10-07 20:13:14,602 - INFO - Saved model at 19
2024-10-07 20:13:14,602 - INFO - Val loss decrease from 8.0322 to 8.0258, saving to ./libcity/cache/agcrn2ty/model_cache/AGCRN_humidity_epoch19.tar
2024-10-07 20:13:40,436 - INFO - epoch complete!
2024-10-07 20:13:40,436 - INFO - evaluating now!
2024-10-07 20:13:42,536 - INFO - Epoch [20/50] train_loss: 8.0199, val_loss: 8.0024, lr: 0.003000, 27.93s
2024-10-07 20:13:42,545 - INFO - Saved model at 20
2024-10-07 20:13:42,545 - INFO - Val loss decrease from 8.0258 to 8.0024, saving to ./libcity/cache/agcrn2ty/model_cache/AGCRN_humidity_epoch20.tar
2024-10-07 20:14:08,260 - INFO - epoch complete!
2024-10-07 20:14:08,261 - INFO - evaluating now!
2024-10-07 20:14:10,360 - INFO - Epoch [21/50] train_loss: 8.0066, val_loss: 7.9995, lr: 0.003000, 27.81s
2024-10-07 20:14:10,370 - INFO - Saved model at 21
2024-10-07 20:14:10,370 - INFO - Val loss decrease from 8.0024 to 7.9995, saving to ./libcity/cache/agcrn2ty/model_cache/AGCRN_humidity_epoch21.tar
2024-10-07 20:14:36,073 - INFO - epoch complete!
2024-10-07 20:14:36,073 - INFO - evaluating now!
2024-10-07 20:14:38,168 - INFO - Epoch [22/50] train_loss: 7.9940, val_loss: 7.9917, lr: 0.003000, 27.80s
2024-10-07 20:14:38,177 - INFO - Saved model at 22
2024-10-07 20:14:38,178 - INFO - Val loss decrease from 7.9995 to 7.9917, saving to ./libcity/cache/agcrn2ty/model_cache/AGCRN_humidity_epoch22.tar
2024-10-07 20:15:03,888 - INFO - epoch complete!
2024-10-07 20:15:03,888 - INFO - evaluating now!
2024-10-07 20:15:05,985 - INFO - Epoch [23/50] train_loss: 7.9818, val_loss: 7.9796, lr: 0.003000, 27.81s
2024-10-07 20:15:05,994 - INFO - Saved model at 23
2024-10-07 20:15:05,994 - INFO - Val loss decrease from 7.9917 to 7.9796, saving to ./libcity/cache/agcrn2ty/model_cache/AGCRN_humidity_epoch23.tar
2024-10-07 20:15:31,699 - INFO - epoch complete!
2024-10-07 20:15:31,700 - INFO - evaluating now!
2024-10-07 20:15:33,799 - INFO - Epoch [24/50] train_loss: 7.9666, val_loss: 7.9625, lr: 0.003000, 27.80s
2024-10-07 20:15:33,809 - INFO - Saved model at 24
2024-10-07 20:15:33,809 - INFO - Val loss decrease from 7.9796 to 7.9625, saving to ./libcity/cache/agcrn2ty/model_cache/AGCRN_humidity_epoch24.tar
2024-10-07 20:15:59,520 - INFO - epoch complete!
2024-10-07 20:15:59,521 - INFO - evaluating now!
2024-10-07 20:16:01,619 - INFO - Epoch [25/50] train_loss: 7.9450, val_loss: 7.9518, lr: 0.003000, 27.81s
2024-10-07 20:16:01,629 - INFO - Saved model at 25
2024-10-07 20:16:01,629 - INFO - Val loss decrease from 7.9625 to 7.9518, saving to ./libcity/cache/agcrn2ty/model_cache/AGCRN_humidity_epoch25.tar
2024-10-07 20:16:27,334 - INFO - epoch complete!
2024-10-07 20:16:27,334 - INFO - evaluating now!
2024-10-07 20:16:29,434 - INFO - Epoch [26/50] train_loss: 7.9290, val_loss: 7.9440, lr: 0.003000, 27.80s
2024-10-07 20:16:29,444 - INFO - Saved model at 26
2024-10-07 20:16:29,444 - INFO - Val loss decrease from 7.9518 to 7.9440, saving to ./libcity/cache/agcrn2ty/model_cache/AGCRN_humidity_epoch26.tar
2024-10-07 20:16:55,167 - INFO - epoch complete!
2024-10-07 20:16:55,168 - INFO - evaluating now!
2024-10-07 20:16:57,280 - INFO - Epoch [27/50] train_loss: 7.9213, val_loss: 7.9422, lr: 0.003000, 27.84s
2024-10-07 20:16:57,290 - INFO - Saved model at 27
2024-10-07 20:16:57,290 - INFO - Val loss decrease from 7.9440 to 7.9422, saving to ./libcity/cache/agcrn2ty/model_cache/AGCRN_humidity_epoch27.tar
2024-10-07 20:17:23,113 - INFO - epoch complete!
2024-10-07 20:17:23,114 - INFO - evaluating now!
2024-10-07 20:17:25,207 - INFO - Epoch [28/50] train_loss: 7.9076, val_loss: 7.9341, lr: 0.003000, 27.92s
2024-10-07 20:17:25,217 - INFO - Saved model at 28
2024-10-07 20:17:25,217 - INFO - Val loss decrease from 7.9422 to 7.9341, saving to ./libcity/cache/agcrn2ty/model_cache/AGCRN_humidity_epoch28.tar
2024-10-07 20:17:50,925 - INFO - epoch complete!
2024-10-07 20:17:50,926 - INFO - evaluating now!
2024-10-07 20:17:53,028 - INFO - Epoch [29/50] train_loss: 7.9024, val_loss: 7.9371, lr: 0.003000, 27.81s
2024-10-07 20:18:18,743 - INFO - epoch complete!
2024-10-07 20:18:18,743 - INFO - evaluating now!
2024-10-07 20:18:20,844 - INFO - Epoch [30/50] train_loss: 7.8941, val_loss: 7.9343, lr: 0.003000, 27.82s
2024-10-07 20:18:46,589 - INFO - epoch complete!
2024-10-07 20:18:46,589 - INFO - evaluating now!
2024-10-07 20:18:48,692 - INFO - Epoch [31/50] train_loss: 7.8883, val_loss: 7.9127, lr: 0.003000, 27.85s
2024-10-07 20:18:48,701 - INFO - Saved model at 31
2024-10-07 20:18:48,701 - INFO - Val loss decrease from 7.9341 to 7.9127, saving to ./libcity/cache/agcrn2ty/model_cache/AGCRN_humidity_epoch31.tar
2024-10-07 20:19:14,421 - INFO - epoch complete!
2024-10-07 20:19:14,421 - INFO - evaluating now!
2024-10-07 20:19:16,519 - INFO - Epoch [32/50] train_loss: 7.8833, val_loss: 7.9136, lr: 0.003000, 27.82s
2024-10-07 20:19:42,405 - INFO - epoch complete!
2024-10-07 20:19:42,405 - INFO - evaluating now!
2024-10-07 20:19:44,497 - INFO - Epoch [33/50] train_loss: 7.8770, val_loss: 7.9354, lr: 0.003000, 27.98s
2024-10-07 20:20:10,269 - INFO - epoch complete!
2024-10-07 20:20:10,269 - INFO - evaluating now!
2024-10-07 20:20:12,366 - INFO - Epoch [34/50] train_loss: 7.8751, val_loss: 7.9286, lr: 0.003000, 27.87s
2024-10-07 20:20:38,216 - INFO - epoch complete!
2024-10-07 20:20:38,217 - INFO - evaluating now!
2024-10-07 20:20:40,317 - INFO - Epoch [35/50] train_loss: 7.8709, val_loss: 7.9423, lr: 0.003000, 27.95s
2024-10-07 20:21:06,110 - INFO - epoch complete!
2024-10-07 20:21:06,111 - INFO - evaluating now!
2024-10-07 20:21:08,213 - INFO - Epoch [36/50] train_loss: 7.8668, val_loss: 7.9426, lr: 0.003000, 27.90s
2024-10-07 20:21:34,069 - INFO - epoch complete!
2024-10-07 20:21:34,070 - INFO - evaluating now!
2024-10-07 20:21:36,170 - INFO - Epoch [37/50] train_loss: 7.8671, val_loss: 7.9234, lr: 0.003000, 27.96s
2024-10-07 20:22:02,611 - INFO - epoch complete!
2024-10-07 20:22:02,611 - INFO - evaluating now!
2024-10-07 20:22:05,058 - INFO - Epoch [38/50] train_loss: 7.8609, val_loss: 7.9342, lr: 0.003000, 28.89s
2024-10-07 20:22:35,976 - INFO - epoch complete!
2024-10-07 20:22:35,977 - INFO - evaluating now!
2024-10-07 20:22:38,423 - INFO - Epoch [39/50] train_loss: 7.8565, val_loss: 7.9300, lr: 0.003000, 33.36s
2024-10-07 20:23:09,236 - INFO - epoch complete!
2024-10-07 20:23:09,236 - INFO - evaluating now!
2024-10-07 20:23:11,685 - INFO - Epoch [40/50] train_loss: 7.8563, val_loss: 7.9274, lr: 0.003000, 33.26s
2024-10-07 20:23:41,827 - INFO - epoch complete!
2024-10-07 20:23:41,827 - INFO - evaluating now!
2024-10-07 20:23:44,273 - INFO - Epoch [41/50] train_loss: 7.8522, val_loss: 7.9314, lr: 0.003000, 32.59s
2024-10-07 20:24:15,065 - INFO - epoch complete!
2024-10-07 20:24:15,066 - INFO - evaluating now!
2024-10-07 20:24:17,513 - INFO - Epoch [42/50] train_loss: 7.8498, val_loss: 7.9401, lr: 0.003000, 33.24s
2024-10-07 20:24:48,283 - INFO - epoch complete!
2024-10-07 20:24:48,283 - INFO - evaluating now!
2024-10-07 20:24:50,707 - INFO - Epoch [43/50] train_loss: 7.8461, val_loss: 7.9216, lr: 0.003000, 33.19s
2024-10-07 20:25:20,923 - INFO - epoch complete!
2024-10-07 20:25:20,923 - INFO - evaluating now!
2024-10-07 20:25:23,369 - INFO - Epoch [44/50] train_loss: 7.8409, val_loss: 7.9395, lr: 0.003000, 32.66s
2024-10-07 20:25:54,142 - INFO - epoch complete!
2024-10-07 20:25:54,143 - INFO - evaluating now!
2024-10-07 20:25:56,590 - INFO - Epoch [45/50] train_loss: 7.8394, val_loss: 7.9685, lr: 0.003000, 33.22s
2024-10-07 20:26:27,148 - INFO - epoch complete!
2024-10-07 20:26:27,148 - INFO - evaluating now!
2024-10-07 20:26:29,490 - INFO - Epoch [46/50] train_loss: 7.8391, val_loss: 7.9418, lr: 0.003000, 32.90s
2024-10-07 20:27:00,031 - INFO - epoch complete!
2024-10-07 20:27:00,032 - INFO - evaluating now!
2024-10-07 20:27:02,475 - INFO - Epoch [47/50] train_loss: 7.8329, val_loss: 7.9435, lr: 0.003000, 32.98s
2024-10-07 20:27:33,231 - INFO - epoch complete!
2024-10-07 20:27:33,232 - INFO - evaluating now!
2024-10-07 20:27:35,678 - INFO - Epoch [48/50] train_loss: 7.8276, val_loss: 7.9377, lr: 0.003000, 33.20s
2024-10-07 20:28:05,906 - INFO - epoch complete!
2024-10-07 20:28:05,906 - INFO - evaluating now!
2024-10-07 20:28:08,291 - INFO - Epoch [49/50] train_loss: 7.8223, val_loss: 7.9326, lr: 0.003000, 32.61s
2024-10-07 20:28:08,291 - INFO - Trained totally 50 epochs, average train time is 28.211s, average eval time is 2.253s
2024-10-07 20:28:08,299 - INFO - Loaded model at 31
2024-10-07 20:28:08,299 - INFO - Saved model at ./libcity/cache/agcrn2ty/model_cache/AGCRN_humidity.m
2024-10-07 20:28:08,308 - INFO - Start evaluating ...
2024-10-07 20:28:24,434 - INFO - Note that you select the single mode to evaluate!
2024-10-07 20:28:24,436 - INFO - Evaluate result is saved at ./libcity/cache/agcrn2ty/evaluate_cache/2024_10_07_20_28_24_AGCRN_humidity.csv
2024-10-07 20:28:24,440 - INFO - 
         MAE      MAPE       RMSE
1   7.368403  0.115888  10.439242
2   7.662704  0.121229  10.759946
3   7.809709  0.123904  10.922352
4   7.895325  0.125442  11.013705
5   7.951595  0.126414  11.072473
6   7.991756  0.127058  11.113645
7   8.022999  0.127463  11.146548
8   8.048409  0.127756  11.173429
9   8.068827  0.127983  11.194882
10  8.085223  0.128146  11.211714
11  8.097474  0.128246  11.223220
12  8.108017  0.128299  11.232883
