2024-10-08 11:46:03,364 - INFO - Log directory: ./libcity/log
2024-10-08 11:46:03,364 - INFO - Begin pipeline, task=MTS_pred, model_name=ASTGCN, dataset_name=METR_LA, exp_id=astgcn1ty
2024-10-08 11:46:03,364 - INFO - {'task': 'MTS_pred', 'model': 'ASTGCN', 'dataset': 'METR_LA', 'saved_model': True, 'exp_id': 'astgcn1ty', 'seed': 0, 'max_epoch': 50, 'dataset_class': 'StatePointDataset', 'executor': 'StateExecutor', 'evaluator': 'StateEvaluator', 'nb_block': 2, 'K': 3, 'nb_chev_filter': 64, 'nb_time_filter': 64, 'bidir_adj_mx': True, 'scaler': 'standard', 'load_external': False, 'normal_external': False, 'ext_scaler': 'none', 'add_time_in_day': False, 'add_day_in_week': False, 'train_rate': 0.6, 'eval_rate': 0.2, 'learner': 'adam', 'learning_rate': 0.0001, 'lr_decay': False, 'clip_grad_norm': False, 'use_early_stop': False, 'batch_size': 64, 'cache_dataset': True, 'num_workers': 0, 'pad_with_last_sample': True, 'input_window': 12, 'output_window': 12, 'robustness_test': False, 'noise_type': 'gaussian', 'disturb_rate': 0.5, 'noise_mean': [5], 'noise_SD': [10], 'gpu': True, 'gpu_id': 0, 'train_loss': 'none', 'epoch': 0, 'weight_decay': 0, 'lr_epsilon': 1e-08, 'lr_beta1': 0.9, 'lr_beta2': 0.999, 'lr_alpha': 0.99, 'lr_momentum': 0, 'lr_scheduler': 'multisteplr', 'lr_decay_ratio': 0.1, 'steps': [5, 20, 40, 70], 'step_size': 10, 'lr_T_max': 30, 'lr_eta_min': 0, 'lr_patience': 10, 'lr_threshold': 0.0001, 'max_grad_norm': 1.0, 'patience': 50, 'log_level': 'INFO', 'log_every': 1, 'load_best_epoch': True, 'hyper_tune': False, 'metrics': ['MAE', 'MAPE', 'RMSE'], 'evaluator_mode': 'single', 'save_mode': ['csv'], 'geo': {'including_types': ['Point'], 'Point': {}}, 'rel': {'including_types': ['geo'], 'geo': {'cost': 'num'}}, 'dyna': {'including_types': ['state'], 'state': {'entity_id': 'geo_id', 'traffic_speed': 'num'}}, 'data_col': ['traffic_speed'], 'weight_col': 'cost', 'data_files': ['METR_LA'], 'geo_file': 'METR_LA', 'rel_file': 'METR_LA', 'output_dim': 1, 'time_intervals': 300, 'init_weight_inf_or_zero': 'inf', 'set_weight_link_or_dist': 'dist', 'calculate_weight_adj': True, 'weight_adj_epsilon': 0.1, 'device': device(type='cuda', index=0)}
2024-10-08 11:46:03,861 - INFO - Loaded file METR_LA_feature.csv, shape=(34272, 207, 1)
2024-10-08 11:46:04,879 - INFO - Dataset created
2024-10-08 11:46:04,879 - INFO - x shape: (34249, 12, 207, 1), y shape: (34249, 12, 207, 1)
2024-10-08 11:46:04,883 - INFO - train	x: (20549, 12, 207, 1), y: (20549, 12, 207, 1)
2024-10-08 11:46:04,883 - INFO - eval	x: (6850, 12, 207, 1), y: (6850, 12, 207, 1)
2024-10-08 11:46:04,883 - INFO - test	x: (6850, 12, 207, 1), y: (6850, 12, 207, 1)
2024-10-08 11:46:17,983 - INFO - Saved at ./libcity/cache/dataset_cache/point_based_METR_LA_12_12_0.6_0.2_standard_64_False_False_False_True.npz
2024-10-08 11:46:18,136 - INFO - StandardScaler mean: 54.10160182214729, std: 19.84129811739302
2024-10-08 11:46:18,137 - INFO - NoneScaler
2024-10-08 11:46:19,221 - INFO - ASTGCN(
  (ASTGCN_submodule): ASTGCNSubmodule(
    (BlockList): ModuleList(
      (0): ASTGCNBlock(
        (TAt): TemporalAttentionLayer()
        (SAt): SpatialAttentionLayer()
        (cheb_conv_SAt): ChebConvWithSAt(
          (Theta): ParameterList(
              (0): Parameter containing: [torch.float32 of size 1x64 (cuda:0)]
              (1): Parameter containing: [torch.float32 of size 1x64 (cuda:0)]
              (2): Parameter containing: [torch.float32 of size 1x64 (cuda:0)]
          )
        )
        (time_conv): Conv2d(64, 64, kernel_size=(1, 3), stride=(1, 1), padding=(0, 1))
        (residual_conv): Conv2d(1, 64, kernel_size=(1, 1), stride=(1, 1))
        (ln): LayerNorm((64,), eps=1e-05, elementwise_affine=True)
      )
      (1): ASTGCNBlock(
        (TAt): TemporalAttentionLayer()
        (SAt): SpatialAttentionLayer()
        (cheb_conv_SAt): ChebConvWithSAt(
          (Theta): ParameterList(
              (0): Parameter containing: [torch.float32 of size 64x64 (cuda:0)]
              (1): Parameter containing: [torch.float32 of size 64x64 (cuda:0)]
              (2): Parameter containing: [torch.float32 of size 64x64 (cuda:0)]
          )
        )
        (time_conv): Conv2d(64, 64, kernel_size=(1, 3), stride=(1, 1), padding=(0, 1))
        (residual_conv): Conv2d(64, 64, kernel_size=(1, 1), stride=(1, 1))
        (ln): LayerNorm((64,), eps=1e-05, elementwise_affine=True)
      )
    )
    (final_conv): Conv2d(12, 12, kernel_size=(1, 64), stride=(1, 1))
  )
)
2024-10-08 11:46:19,222 - INFO - ASTGCN_submodule.BlockList.0.TAt.U1	torch.Size([207])	cuda:0	True
2024-10-08 11:46:19,222 - INFO - ASTGCN_submodule.BlockList.0.TAt.U2	torch.Size([1, 207])	cuda:0	True
2024-10-08 11:46:19,222 - INFO - ASTGCN_submodule.BlockList.0.TAt.U3	torch.Size([1])	cuda:0	True
2024-10-08 11:46:19,222 - INFO - ASTGCN_submodule.BlockList.0.TAt.be	torch.Size([1, 12, 12])	cuda:0	True
2024-10-08 11:46:19,222 - INFO - ASTGCN_submodule.BlockList.0.TAt.Ve	torch.Size([12, 12])	cuda:0	True
2024-10-08 11:46:19,222 - INFO - ASTGCN_submodule.BlockList.0.SAt.W1	torch.Size([12])	cuda:0	True
2024-10-08 11:46:19,222 - INFO - ASTGCN_submodule.BlockList.0.SAt.W2	torch.Size([1, 12])	cuda:0	True
2024-10-08 11:46:19,222 - INFO - ASTGCN_submodule.BlockList.0.SAt.W3	torch.Size([1])	cuda:0	True
2024-10-08 11:46:19,222 - INFO - ASTGCN_submodule.BlockList.0.SAt.bs	torch.Size([1, 207, 207])	cuda:0	True
2024-10-08 11:46:19,222 - INFO - ASTGCN_submodule.BlockList.0.SAt.Vs	torch.Size([207, 207])	cuda:0	True
2024-10-08 11:46:19,222 - INFO - ASTGCN_submodule.BlockList.0.cheb_conv_SAt.Theta.0	torch.Size([1, 64])	cuda:0	True
2024-10-08 11:46:19,222 - INFO - ASTGCN_submodule.BlockList.0.cheb_conv_SAt.Theta.1	torch.Size([1, 64])	cuda:0	True
2024-10-08 11:46:19,222 - INFO - ASTGCN_submodule.BlockList.0.cheb_conv_SAt.Theta.2	torch.Size([1, 64])	cuda:0	True
2024-10-08 11:46:19,222 - INFO - ASTGCN_submodule.BlockList.0.time_conv.weight	torch.Size([64, 64, 1, 3])	cuda:0	True
2024-10-08 11:46:19,223 - INFO - ASTGCN_submodule.BlockList.0.time_conv.bias	torch.Size([64])	cuda:0	True
2024-10-08 11:46:19,223 - INFO - ASTGCN_submodule.BlockList.0.residual_conv.weight	torch.Size([64, 1, 1, 1])	cuda:0	True
2024-10-08 11:46:19,223 - INFO - ASTGCN_submodule.BlockList.0.residual_conv.bias	torch.Size([64])	cuda:0	True
2024-10-08 11:46:19,223 - INFO - ASTGCN_submodule.BlockList.0.ln.weight	torch.Size([64])	cuda:0	True
2024-10-08 11:46:19,223 - INFO - ASTGCN_submodule.BlockList.0.ln.bias	torch.Size([64])	cuda:0	True
2024-10-08 11:46:19,223 - INFO - ASTGCN_submodule.BlockList.1.TAt.U1	torch.Size([207])	cuda:0	True
2024-10-08 11:46:19,223 - INFO - ASTGCN_submodule.BlockList.1.TAt.U2	torch.Size([64, 207])	cuda:0	True
2024-10-08 11:46:19,223 - INFO - ASTGCN_submodule.BlockList.1.TAt.U3	torch.Size([64])	cuda:0	True
2024-10-08 11:46:19,223 - INFO - ASTGCN_submodule.BlockList.1.TAt.be	torch.Size([1, 12, 12])	cuda:0	True
2024-10-08 11:46:19,223 - INFO - ASTGCN_submodule.BlockList.1.TAt.Ve	torch.Size([12, 12])	cuda:0	True
2024-10-08 11:46:19,223 - INFO - ASTGCN_submodule.BlockList.1.SAt.W1	torch.Size([12])	cuda:0	True
2024-10-08 11:46:19,223 - INFO - ASTGCN_submodule.BlockList.1.SAt.W2	torch.Size([64, 12])	cuda:0	True
2024-10-08 11:46:19,223 - INFO - ASTGCN_submodule.BlockList.1.SAt.W3	torch.Size([64])	cuda:0	True
2024-10-08 11:46:19,223 - INFO - ASTGCN_submodule.BlockList.1.SAt.bs	torch.Size([1, 207, 207])	cuda:0	True
2024-10-08 11:46:19,223 - INFO - ASTGCN_submodule.BlockList.1.SAt.Vs	torch.Size([207, 207])	cuda:0	True
2024-10-08 11:46:19,223 - INFO - ASTGCN_submodule.BlockList.1.cheb_conv_SAt.Theta.0	torch.Size([64, 64])	cuda:0	True
2024-10-08 11:46:19,223 - INFO - ASTGCN_submodule.BlockList.1.cheb_conv_SAt.Theta.1	torch.Size([64, 64])	cuda:0	True
2024-10-08 11:46:19,223 - INFO - ASTGCN_submodule.BlockList.1.cheb_conv_SAt.Theta.2	torch.Size([64, 64])	cuda:0	True
2024-10-08 11:46:19,223 - INFO - ASTGCN_submodule.BlockList.1.time_conv.weight	torch.Size([64, 64, 1, 3])	cuda:0	True
2024-10-08 11:46:19,223 - INFO - ASTGCN_submodule.BlockList.1.time_conv.bias	torch.Size([64])	cuda:0	True
2024-10-08 11:46:19,223 - INFO - ASTGCN_submodule.BlockList.1.residual_conv.weight	torch.Size([64, 64, 1, 1])	cuda:0	True
2024-10-08 11:46:19,223 - INFO - ASTGCN_submodule.BlockList.1.residual_conv.bias	torch.Size([64])	cuda:0	True
2024-10-08 11:46:19,223 - INFO - ASTGCN_submodule.BlockList.1.ln.weight	torch.Size([64])	cuda:0	True
2024-10-08 11:46:19,223 - INFO - ASTGCN_submodule.BlockList.1.ln.bias	torch.Size([64])	cuda:0	True
2024-10-08 11:46:19,223 - INFO - ASTGCN_submodule.final_conv.weight	torch.Size([12, 12, 1, 64])	cuda:0	True
2024-10-08 11:46:19,223 - INFO - ASTGCN_submodule.final_conv.bias	torch.Size([12])	cuda:0	True
2024-10-08 11:46:19,224 - INFO - Total parameter numbers: 237731
2024-10-08 11:46:19,224 - INFO - You select `adam` optimizer.
2024-10-08 11:46:19,632 - WARNING - Received none train loss func and will use the loss func defined in the model.
2024-10-08 11:46:19,632 - INFO - Start training ...
2024-10-08 11:46:19,632 - INFO - num_batches:322
2024-10-08 11:46:33,624 - INFO - epoch complete!
2024-10-08 11:46:33,624 - INFO - evaluating now!
2024-10-08 11:46:35,673 - INFO - Epoch [0/50] train_loss: 211.8765, val_loss: 128.1630, lr: 0.000100, 16.04s
2024-10-08 11:46:35,686 - INFO - Saved model at 0
2024-10-08 11:46:35,686 - INFO - Val loss decrease from inf to 128.1630, saving to ./libcity/cache/astgcn1ty/model_cache/ASTGCN_METR_LA_epoch0.tar
2024-10-08 11:46:49,762 - INFO - epoch complete!
2024-10-08 11:46:49,763 - INFO - evaluating now!
2024-10-08 11:46:51,828 - INFO - Epoch [1/50] train_loss: 129.1633, val_loss: 118.2223, lr: 0.000100, 16.14s
2024-10-08 11:46:51,842 - INFO - Saved model at 1
2024-10-08 11:46:51,842 - INFO - Val loss decrease from 128.1630 to 118.2223, saving to ./libcity/cache/astgcn1ty/model_cache/ASTGCN_METR_LA_epoch1.tar
2024-10-08 11:47:05,494 - INFO - epoch complete!
2024-10-08 11:47:05,494 - INFO - evaluating now!
2024-10-08 11:47:07,547 - INFO - Epoch [2/50] train_loss: 122.3040, val_loss: 114.4352, lr: 0.000100, 15.71s
2024-10-08 11:47:07,558 - INFO - Saved model at 2
2024-10-08 11:47:07,558 - INFO - Val loss decrease from 118.2223 to 114.4352, saving to ./libcity/cache/astgcn1ty/model_cache/ASTGCN_METR_LA_epoch2.tar
2024-10-08 11:47:22,163 - INFO - epoch complete!
2024-10-08 11:47:22,163 - INFO - evaluating now!
2024-10-08 11:47:24,234 - INFO - Epoch [3/50] train_loss: 118.7317, val_loss: 111.4418, lr: 0.000100, 16.68s
2024-10-08 11:47:24,248 - INFO - Saved model at 3
2024-10-08 11:47:24,249 - INFO - Val loss decrease from 114.4352 to 111.4418, saving to ./libcity/cache/astgcn1ty/model_cache/ASTGCN_METR_LA_epoch3.tar
2024-10-08 11:47:38,013 - INFO - epoch complete!
2024-10-08 11:47:38,013 - INFO - evaluating now!
2024-10-08 11:47:40,086 - INFO - Epoch [4/50] train_loss: 116.4569, val_loss: 110.0118, lr: 0.000100, 15.84s
2024-10-08 11:47:40,100 - INFO - Saved model at 4
2024-10-08 11:47:40,100 - INFO - Val loss decrease from 111.4418 to 110.0118, saving to ./libcity/cache/astgcn1ty/model_cache/ASTGCN_METR_LA_epoch4.tar
2024-10-08 11:47:53,700 - INFO - epoch complete!
2024-10-08 11:47:53,700 - INFO - evaluating now!
2024-10-08 11:47:55,772 - INFO - Epoch [5/50] train_loss: 114.7296, val_loss: 109.4208, lr: 0.000100, 15.67s
2024-10-08 11:47:55,785 - INFO - Saved model at 5
2024-10-08 11:47:55,785 - INFO - Val loss decrease from 110.0118 to 109.4208, saving to ./libcity/cache/astgcn1ty/model_cache/ASTGCN_METR_LA_epoch5.tar
2024-10-08 11:48:09,849 - INFO - epoch complete!
2024-10-08 11:48:09,849 - INFO - evaluating now!
2024-10-08 11:48:11,910 - INFO - Epoch [6/50] train_loss: 113.3063, val_loss: 107.8901, lr: 0.000100, 16.12s
2024-10-08 11:48:11,923 - INFO - Saved model at 6
2024-10-08 11:48:11,923 - INFO - Val loss decrease from 109.4208 to 107.8901, saving to ./libcity/cache/astgcn1ty/model_cache/ASTGCN_METR_LA_epoch6.tar
2024-10-08 11:48:26,242 - INFO - epoch complete!
2024-10-08 11:48:26,242 - INFO - evaluating now!
2024-10-08 11:48:28,311 - INFO - Epoch [7/50] train_loss: 112.2271, val_loss: 107.9045, lr: 0.000100, 16.39s
2024-10-08 11:48:43,860 - INFO - epoch complete!
2024-10-08 11:48:43,860 - INFO - evaluating now!
2024-10-08 11:48:45,926 - INFO - Epoch [8/50] train_loss: 111.0602, val_loss: 106.4444, lr: 0.000100, 17.61s
2024-10-08 11:48:45,939 - INFO - Saved model at 8
2024-10-08 11:48:45,939 - INFO - Val loss decrease from 107.8901 to 106.4444, saving to ./libcity/cache/astgcn1ty/model_cache/ASTGCN_METR_LA_epoch8.tar
2024-10-08 11:49:00,888 - INFO - epoch complete!
2024-10-08 11:49:00,888 - INFO - evaluating now!
2024-10-08 11:49:02,967 - INFO - Epoch [9/50] train_loss: 110.1522, val_loss: 106.1243, lr: 0.000100, 17.03s
2024-10-08 11:49:02,980 - INFO - Saved model at 9
2024-10-08 11:49:02,980 - INFO - Val loss decrease from 106.4444 to 106.1243, saving to ./libcity/cache/astgcn1ty/model_cache/ASTGCN_METR_LA_epoch9.tar
2024-10-08 11:49:18,179 - INFO - epoch complete!
2024-10-08 11:49:18,180 - INFO - evaluating now!
2024-10-08 11:49:20,248 - INFO - Epoch [10/50] train_loss: 109.0513, val_loss: 107.8747, lr: 0.000100, 17.27s
2024-10-08 11:49:34,319 - INFO - epoch complete!
2024-10-08 11:49:34,319 - INFO - evaluating now!
2024-10-08 11:49:36,402 - INFO - Epoch [11/50] train_loss: 108.3047, val_loss: 105.6794, lr: 0.000100, 16.15s
2024-10-08 11:49:36,415 - INFO - Saved model at 11
2024-10-08 11:49:36,415 - INFO - Val loss decrease from 106.1243 to 105.6794, saving to ./libcity/cache/astgcn1ty/model_cache/ASTGCN_METR_LA_epoch11.tar
2024-10-08 11:49:50,643 - INFO - epoch complete!
2024-10-08 11:49:50,643 - INFO - evaluating now!
2024-10-08 11:49:52,724 - INFO - Epoch [12/50] train_loss: 107.3126, val_loss: 105.3043, lr: 0.000100, 16.31s
2024-10-08 11:49:52,738 - INFO - Saved model at 12
2024-10-08 11:49:52,738 - INFO - Val loss decrease from 105.6794 to 105.3043, saving to ./libcity/cache/astgcn1ty/model_cache/ASTGCN_METR_LA_epoch12.tar
2024-10-08 11:50:07,896 - INFO - epoch complete!
2024-10-08 11:50:07,896 - INFO - evaluating now!
2024-10-08 11:50:09,983 - INFO - Epoch [13/50] train_loss: 106.5605, val_loss: 107.7390, lr: 0.000100, 17.25s
2024-10-08 11:50:25,638 - INFO - epoch complete!
2024-10-08 11:50:25,638 - INFO - evaluating now!
2024-10-08 11:50:27,715 - INFO - Epoch [14/50] train_loss: 105.8366, val_loss: 104.8870, lr: 0.000100, 17.73s
2024-10-08 11:50:27,728 - INFO - Saved model at 14
2024-10-08 11:50:27,729 - INFO - Val loss decrease from 105.3043 to 104.8870, saving to ./libcity/cache/astgcn1ty/model_cache/ASTGCN_METR_LA_epoch14.tar
2024-10-08 11:50:42,358 - INFO - epoch complete!
2024-10-08 11:50:42,358 - INFO - evaluating now!
2024-10-08 11:50:44,433 - INFO - Epoch [15/50] train_loss: 105.0951, val_loss: 104.5741, lr: 0.000100, 16.70s
2024-10-08 11:50:44,447 - INFO - Saved model at 15
2024-10-08 11:50:44,447 - INFO - Val loss decrease from 104.8870 to 104.5741, saving to ./libcity/cache/astgcn1ty/model_cache/ASTGCN_METR_LA_epoch15.tar
2024-10-08 11:50:59,480 - INFO - epoch complete!
2024-10-08 11:50:59,480 - INFO - evaluating now!
2024-10-08 11:51:01,570 - INFO - Epoch [16/50] train_loss: 104.4799, val_loss: 104.0651, lr: 0.000100, 17.12s
2024-10-08 11:51:01,583 - INFO - Saved model at 16
2024-10-08 11:51:01,583 - INFO - Val loss decrease from 104.5741 to 104.0651, saving to ./libcity/cache/astgcn1ty/model_cache/ASTGCN_METR_LA_epoch16.tar
2024-10-08 11:51:17,277 - INFO - epoch complete!
2024-10-08 11:51:17,277 - INFO - evaluating now!
2024-10-08 11:51:19,366 - INFO - Epoch [17/50] train_loss: 103.6473, val_loss: 103.8066, lr: 0.000100, 17.78s
2024-10-08 11:51:19,380 - INFO - Saved model at 17
2024-10-08 11:51:19,380 - INFO - Val loss decrease from 104.0651 to 103.8066, saving to ./libcity/cache/astgcn1ty/model_cache/ASTGCN_METR_LA_epoch17.tar
2024-10-08 11:51:34,680 - INFO - epoch complete!
2024-10-08 11:51:34,680 - INFO - evaluating now!
2024-10-08 11:51:36,768 - INFO - Epoch [18/50] train_loss: 102.8636, val_loss: 103.9846, lr: 0.000100, 17.39s
2024-10-08 11:51:51,381 - INFO - epoch complete!
2024-10-08 11:51:51,382 - INFO - evaluating now!
2024-10-08 11:51:53,468 - INFO - Epoch [19/50] train_loss: 102.3797, val_loss: 104.1875, lr: 0.000100, 16.70s
2024-10-08 11:52:08,960 - INFO - epoch complete!
2024-10-08 11:52:08,960 - INFO - evaluating now!
2024-10-08 11:52:11,084 - INFO - Epoch [20/50] train_loss: 101.7504, val_loss: 104.1058, lr: 0.000100, 17.62s
2024-10-08 11:52:25,970 - INFO - epoch complete!
2024-10-08 11:52:25,970 - INFO - evaluating now!
2024-10-08 11:52:28,063 - INFO - Epoch [21/50] train_loss: 101.2684, val_loss: 104.6107, lr: 0.000100, 16.98s
2024-10-08 11:52:43,153 - INFO - epoch complete!
2024-10-08 11:52:43,154 - INFO - evaluating now!
2024-10-08 11:52:45,250 - INFO - Epoch [22/50] train_loss: 100.7389, val_loss: 103.8406, lr: 0.000100, 17.19s
2024-10-08 11:53:00,357 - INFO - epoch complete!
2024-10-08 11:53:00,357 - INFO - evaluating now!
2024-10-08 11:53:02,450 - INFO - Epoch [23/50] train_loss: 100.3782, val_loss: 103.9903, lr: 0.000100, 17.20s
2024-10-08 11:53:17,466 - INFO - epoch complete!
2024-10-08 11:53:17,466 - INFO - evaluating now!
2024-10-08 11:53:19,566 - INFO - Epoch [24/50] train_loss: 100.0027, val_loss: 104.6208, lr: 0.000100, 17.12s
2024-10-08 11:53:34,688 - INFO - epoch complete!
2024-10-08 11:53:34,688 - INFO - evaluating now!
2024-10-08 11:53:36,785 - INFO - Epoch [25/50] train_loss: 99.3903, val_loss: 106.9812, lr: 0.000100, 17.22s
2024-10-08 11:53:51,779 - INFO - epoch complete!
2024-10-08 11:53:51,779 - INFO - evaluating now!
2024-10-08 11:53:53,880 - INFO - Epoch [26/50] train_loss: 99.0160, val_loss: 105.3868, lr: 0.000100, 17.09s
2024-10-08 11:54:15,083 - INFO - epoch complete!
2024-10-08 11:54:15,083 - INFO - evaluating now!
2024-10-08 11:54:18,332 - INFO - Epoch [27/50] train_loss: 98.7232, val_loss: 104.3151, lr: 0.000100, 24.45s
2024-10-08 11:54:40,401 - INFO - epoch complete!
2024-10-08 11:54:40,401 - INFO - evaluating now!
2024-10-08 11:54:43,621 - INFO - Epoch [28/50] train_loss: 98.2642, val_loss: 104.6618, lr: 0.000100, 25.29s
2024-10-08 11:55:05,679 - INFO - epoch complete!
2024-10-08 11:55:05,679 - INFO - evaluating now!
2024-10-08 11:55:08,920 - INFO - Epoch [29/50] train_loss: 97.9658, val_loss: 105.4403, lr: 0.000100, 25.30s
2024-10-08 11:55:30,742 - INFO - epoch complete!
2024-10-08 11:55:30,743 - INFO - evaluating now!
2024-10-08 11:55:33,979 - INFO - Epoch [30/50] train_loss: 97.4790, val_loss: 105.4615, lr: 0.000100, 25.06s
2024-10-08 11:56:06,117 - INFO - epoch complete!
2024-10-08 11:56:06,117 - INFO - evaluating now!
2024-10-08 11:56:12,375 - INFO - Epoch [31/50] train_loss: 97.0904, val_loss: 105.9379, lr: 0.000100, 38.40s
2024-10-08 11:56:52,959 - INFO - epoch complete!
2024-10-08 11:56:52,959 - INFO - evaluating now!
2024-10-08 11:56:58,825 - INFO - Epoch [32/50] train_loss: 96.6851, val_loss: 106.3270, lr: 0.000100, 46.45s
2024-10-08 11:57:39,005 - INFO - epoch complete!
2024-10-08 11:57:39,005 - INFO - evaluating now!
2024-10-08 11:57:45,199 - INFO - Epoch [33/50] train_loss: 96.1214, val_loss: 106.9204, lr: 0.000100, 46.37s
2024-10-08 11:58:24,753 - INFO - epoch complete!
2024-10-08 11:58:24,753 - INFO - evaluating now!
2024-10-08 11:58:30,964 - INFO - Epoch [34/50] train_loss: 96.0171, val_loss: 106.8215, lr: 0.000100, 45.76s
2024-10-08 11:59:11,211 - INFO - epoch complete!
2024-10-08 11:59:11,211 - INFO - evaluating now!
2024-10-08 11:59:17,656 - INFO - Epoch [35/50] train_loss: 95.5299, val_loss: 107.7664, lr: 0.000100, 46.69s
2024-10-08 11:59:57,135 - INFO - epoch complete!
2024-10-08 11:59:57,136 - INFO - evaluating now!
2024-10-08 12:00:03,171 - INFO - Epoch [36/50] train_loss: 94.9478, val_loss: 107.2855, lr: 0.000100, 45.51s
2024-10-08 12:00:44,545 - INFO - epoch complete!
2024-10-08 12:00:44,545 - INFO - evaluating now!
2024-10-08 12:00:51,560 - INFO - Epoch [37/50] train_loss: 94.9375, val_loss: 108.3186, lr: 0.000100, 48.39s
2024-10-08 12:01:33,625 - INFO - epoch complete!
2024-10-08 12:01:33,625 - INFO - evaluating now!
2024-10-08 12:01:39,212 - INFO - Epoch [38/50] train_loss: 94.4034, val_loss: 108.9344, lr: 0.000100, 47.65s
2024-10-08 12:02:18,506 - INFO - epoch complete!
2024-10-08 12:02:18,506 - INFO - evaluating now!
2024-10-08 12:02:23,978 - INFO - Epoch [39/50] train_loss: 93.9809, val_loss: 108.8195, lr: 0.000100, 44.77s
2024-10-08 12:03:04,439 - INFO - epoch complete!
2024-10-08 12:03:04,439 - INFO - evaluating now!
2024-10-08 12:03:10,841 - INFO - Epoch [40/50] train_loss: 93.7594, val_loss: 108.9491, lr: 0.000100, 46.86s
2024-10-08 12:03:50,455 - INFO - epoch complete!
2024-10-08 12:03:50,455 - INFO - evaluating now!
2024-10-08 12:03:57,702 - INFO - Epoch [41/50] train_loss: 93.2735, val_loss: 110.3824, lr: 0.000100, 46.86s
2024-10-08 12:04:40,142 - INFO - epoch complete!
2024-10-08 12:04:40,143 - INFO - evaluating now!
2024-10-08 12:04:46,496 - INFO - Epoch [42/50] train_loss: 93.0050, val_loss: 109.7856, lr: 0.000100, 48.79s
2024-10-08 12:05:25,038 - INFO - epoch complete!
2024-10-08 12:05:25,038 - INFO - evaluating now!
2024-10-08 12:05:31,004 - INFO - Epoch [43/50] train_loss: 92.5457, val_loss: 110.3645, lr: 0.000100, 44.51s
2024-10-08 12:06:10,898 - INFO - epoch complete!
2024-10-08 12:06:10,898 - INFO - evaluating now!
2024-10-08 12:06:16,751 - INFO - Epoch [44/50] train_loss: 92.1899, val_loss: 111.3969, lr: 0.000100, 45.75s
2024-10-08 12:06:48,581 - INFO - epoch complete!
2024-10-08 12:06:48,582 - INFO - evaluating now!
2024-10-08 12:06:51,519 - INFO - Epoch [45/50] train_loss: 91.9946, val_loss: 110.5911, lr: 0.000100, 34.77s
2024-10-08 12:07:14,188 - INFO - epoch complete!
2024-10-08 12:07:14,188 - INFO - evaluating now!
2024-10-08 12:07:17,127 - INFO - Epoch [46/50] train_loss: 91.5494, val_loss: 112.1884, lr: 0.000100, 25.61s
2024-10-08 12:07:38,393 - INFO - epoch complete!
2024-10-08 12:07:38,393 - INFO - evaluating now!
2024-10-08 12:07:41,360 - INFO - Epoch [47/50] train_loss: 91.2465, val_loss: 114.2318, lr: 0.000100, 24.23s
2024-10-08 12:08:03,742 - INFO - epoch complete!
2024-10-08 12:08:03,742 - INFO - evaluating now!
2024-10-08 12:08:07,512 - INFO - Epoch [48/50] train_loss: 90.8169, val_loss: 113.3843, lr: 0.000100, 26.15s
2024-10-08 12:08:34,491 - INFO - epoch complete!
2024-10-08 12:08:34,492 - INFO - evaluating now!
2024-10-08 12:08:38,077 - INFO - Epoch [49/50] train_loss: 90.6263, val_loss: 113.3868, lr: 0.000100, 30.56s
2024-10-08 12:08:38,077 - INFO - Trained totally 50 epochs, average train time is 23.319s, average eval time is 3.445s
2024-10-08 12:08:38,131 - INFO - Loaded model at 17
2024-10-08 12:08:38,131 - INFO - Saved model at ./libcity/cache/astgcn1ty/model_cache/ASTGCN_METR_LA.m
2024-10-08 12:08:38,147 - INFO - Start evaluating ...
2024-10-08 12:08:49,716 - INFO - Note that you select the single mode to evaluate!
2024-10-08 12:08:49,718 - INFO - Evaluate result is saved at ./libcity/cache/astgcn1ty/evaluate_cache/2024_10_08_12_08_49_ASTGCN_METR_LA.csv
2024-10-08 12:08:49,723 - INFO - 
         MAE      MAPE      RMSE
1   2.909075  0.069392  5.597420
2   3.211725  0.077669  6.273737
3   3.440742  0.084100  6.771851
4   3.652234  0.089739  7.187612
5   3.847861  0.094853  7.553106
6   4.049536  0.099779  7.882182
7   4.234833  0.104381  8.174247
8   4.402671  0.108649  8.424520
9   4.544611  0.112546  8.638768
10  4.692679  0.116360  8.838872
11  4.841288  0.119977  9.029269
12  4.959849  0.123236  9.198916
