2024-10-07 21:43:03,333 - INFO - Log directory: ./libcity/log
2024-10-07 21:43:03,333 - INFO - Begin pipeline, task=MTS_pred, model_name=ASTGCN, dataset_name=METR_LA, exp_id=astgcn1ty
2024-10-07 21:43:03,333 - INFO - {'task': 'MTS_pred', 'model': 'ASTGCN', 'dataset': 'METR_LA', 'saved_model': True, 'exp_id': 'astgcn1ty', 'seed': 0, 'max_epoch': 50, 'dataset_class': 'StatePointDataset', 'executor': 'StateExecutor', 'evaluator': 'StateEvaluator', 'nb_block': 2, 'K': 3, 'nb_chev_filter': 64, 'nb_time_filter': 64, 'bidir_adj_mx': True, 'scaler': 'standard', 'load_external': False, 'normal_external': False, 'ext_scaler': 'none', 'add_time_in_day': False, 'add_day_in_week': False, 'train_rate': 0.6, 'eval_rate': 0.2, 'learner': 'adam', 'learning_rate': 0.0001, 'lr_decay': False, 'clip_grad_norm': False, 'use_early_stop': False, 'batch_size': 64, 'cache_dataset': True, 'num_workers': 0, 'pad_with_last_sample': True, 'input_window': 12, 'output_window': 12, 'robustness_test': False, 'noise_type': 'gaussian', 'disturb_rate': 0.5, 'noise_mean': [5], 'noise_SD': [10], 'gpu': True, 'gpu_id': 0, 'train_loss': 'none', 'epoch': 0, 'weight_decay': 0, 'lr_epsilon': 1e-08, 'lr_beta1': 0.9, 'lr_beta2': 0.999, 'lr_alpha': 0.99, 'lr_momentum': 0, 'lr_scheduler': 'multisteplr', 'lr_decay_ratio': 0.1, 'steps': [5, 20, 40, 70], 'step_size': 10, 'lr_T_max': 30, 'lr_eta_min': 0, 'lr_patience': 10, 'lr_threshold': 0.0001, 'max_grad_norm': 1.0, 'patience': 50, 'log_level': 'INFO', 'log_every': 1, 'load_best_epoch': True, 'hyper_tune': False, 'metrics': ['MAE', 'MAPE', 'RMSE'], 'evaluator_mode': 'single', 'save_mode': ['csv'], 'geo': {'including_types': ['Point'], 'Point': {}}, 'rel': {'including_types': ['geo'], 'geo': {'cost': 'num'}}, 'dyna': {'including_types': ['state'], 'state': {'entity_id': 'geo_id', 'traffic_speed': 'num'}}, 'data_col': ['traffic_speed'], 'weight_col': 'cost', 'data_files': ['METR_LA'], 'geo_file': 'METR_LA', 'rel_file': 'METR_LA', 'output_dim': 1, 'time_intervals': 300, 'init_weight_inf_or_zero': 'inf', 'set_weight_link_or_dist': 'dist', 'calculate_weight_adj': True, 'weight_adj_epsilon': 0.1, 'device': device(type='cuda', index=0)}
2024-10-07 21:43:04,068 - INFO - Loaded file METR_LA_feature.csv, shape=(34272, 207, 1)
2024-10-07 21:43:05,597 - INFO - Dataset created
2024-10-07 21:43:05,600 - INFO - x shape: (34249, 12, 207, 1), y shape: (34249, 12, 207, 1)
2024-10-07 21:43:05,604 - INFO - train	x: (20549, 12, 207, 1), y: (20549, 12, 207, 1)
2024-10-07 21:43:05,604 - INFO - eval	x: (6850, 12, 207, 1), y: (6850, 12, 207, 1)
2024-10-07 21:43:05,604 - INFO - test	x: (6850, 12, 207, 1), y: (6850, 12, 207, 1)
2024-10-07 21:43:20,873 - INFO - Saved at ./libcity/cache/dataset_cache/point_based_METR_LA_12_12_0.6_0.2_standard_64_False_False_False_True.npz
2024-10-07 21:43:21,074 - INFO - StandardScaler mean: 54.10160182214729, std: 19.84129811739302
2024-10-07 21:43:21,074 - INFO - NoneScaler
2024-10-07 21:43:23,233 - INFO - ASTGCN(
  (ASTGCN_submodule): ASTGCNSubmodule(
    (BlockList): ModuleList(
      (0): ASTGCNBlock(
        (TAt): TemporalAttentionLayer()
        (SAt): SpatialAttentionLayer()
        (cheb_conv_SAt): ChebConvWithSAt(
          (Theta): ParameterList(
              (0): Parameter containing: [torch.float32 of size 1x64 (cuda:0)]
              (1): Parameter containing: [torch.float32 of size 1x64 (cuda:0)]
              (2): Parameter containing: [torch.float32 of size 1x64 (cuda:0)]
          )
        )
        (time_conv): Conv2d(64, 64, kernel_size=(1, 3), stride=(1, 1), padding=(0, 1))
        (residual_conv): Conv2d(1, 64, kernel_size=(1, 1), stride=(1, 1))
        (ln): LayerNorm((64,), eps=1e-05, elementwise_affine=True)
      )
      (1): ASTGCNBlock(
        (TAt): TemporalAttentionLayer()
        (SAt): SpatialAttentionLayer()
        (cheb_conv_SAt): ChebConvWithSAt(
          (Theta): ParameterList(
              (0): Parameter containing: [torch.float32 of size 64x64 (cuda:0)]
              (1): Parameter containing: [torch.float32 of size 64x64 (cuda:0)]
              (2): Parameter containing: [torch.float32 of size 64x64 (cuda:0)]
          )
        )
        (time_conv): Conv2d(64, 64, kernel_size=(1, 3), stride=(1, 1), padding=(0, 1))
        (residual_conv): Conv2d(64, 64, kernel_size=(1, 1), stride=(1, 1))
        (ln): LayerNorm((64,), eps=1e-05, elementwise_affine=True)
      )
    )
    (final_conv): Conv2d(12, 12, kernel_size=(1, 64), stride=(1, 1))
  )
)
2024-10-07 21:43:23,234 - INFO - ASTGCN_submodule.BlockList.0.TAt.U1	torch.Size([207])	cuda:0	True
2024-10-07 21:43:23,234 - INFO - ASTGCN_submodule.BlockList.0.TAt.U2	torch.Size([1, 207])	cuda:0	True
2024-10-07 21:43:23,234 - INFO - ASTGCN_submodule.BlockList.0.TAt.U3	torch.Size([1])	cuda:0	True
2024-10-07 21:43:23,234 - INFO - ASTGCN_submodule.BlockList.0.TAt.be	torch.Size([1, 12, 12])	cuda:0	True
2024-10-07 21:43:23,234 - INFO - ASTGCN_submodule.BlockList.0.TAt.Ve	torch.Size([12, 12])	cuda:0	True
2024-10-07 21:43:23,234 - INFO - ASTGCN_submodule.BlockList.0.SAt.W1	torch.Size([12])	cuda:0	True
2024-10-07 21:43:23,234 - INFO - ASTGCN_submodule.BlockList.0.SAt.W2	torch.Size([1, 12])	cuda:0	True
2024-10-07 21:43:23,234 - INFO - ASTGCN_submodule.BlockList.0.SAt.W3	torch.Size([1])	cuda:0	True
2024-10-07 21:43:23,234 - INFO - ASTGCN_submodule.BlockList.0.SAt.bs	torch.Size([1, 207, 207])	cuda:0	True
2024-10-07 21:43:23,234 - INFO - ASTGCN_submodule.BlockList.0.SAt.Vs	torch.Size([207, 207])	cuda:0	True
2024-10-07 21:43:23,234 - INFO - ASTGCN_submodule.BlockList.0.cheb_conv_SAt.Theta.0	torch.Size([1, 64])	cuda:0	True
2024-10-07 21:43:23,234 - INFO - ASTGCN_submodule.BlockList.0.cheb_conv_SAt.Theta.1	torch.Size([1, 64])	cuda:0	True
2024-10-07 21:43:23,234 - INFO - ASTGCN_submodule.BlockList.0.cheb_conv_SAt.Theta.2	torch.Size([1, 64])	cuda:0	True
2024-10-07 21:43:23,234 - INFO - ASTGCN_submodule.BlockList.0.time_conv.weight	torch.Size([64, 64, 1, 3])	cuda:0	True
2024-10-07 21:43:23,234 - INFO - ASTGCN_submodule.BlockList.0.time_conv.bias	torch.Size([64])	cuda:0	True
2024-10-07 21:43:23,234 - INFO - ASTGCN_submodule.BlockList.0.residual_conv.weight	torch.Size([64, 1, 1, 1])	cuda:0	True
2024-10-07 21:43:23,235 - INFO - ASTGCN_submodule.BlockList.0.residual_conv.bias	torch.Size([64])	cuda:0	True
2024-10-07 21:43:23,235 - INFO - ASTGCN_submodule.BlockList.0.ln.weight	torch.Size([64])	cuda:0	True
2024-10-07 21:43:23,235 - INFO - ASTGCN_submodule.BlockList.0.ln.bias	torch.Size([64])	cuda:0	True
2024-10-07 21:43:23,235 - INFO - ASTGCN_submodule.BlockList.1.TAt.U1	torch.Size([207])	cuda:0	True
2024-10-07 21:43:23,235 - INFO - ASTGCN_submodule.BlockList.1.TAt.U2	torch.Size([64, 207])	cuda:0	True
2024-10-07 21:43:23,235 - INFO - ASTGCN_submodule.BlockList.1.TAt.U3	torch.Size([64])	cuda:0	True
2024-10-07 21:43:23,235 - INFO - ASTGCN_submodule.BlockList.1.TAt.be	torch.Size([1, 12, 12])	cuda:0	True
2024-10-07 21:43:23,235 - INFO - ASTGCN_submodule.BlockList.1.TAt.Ve	torch.Size([12, 12])	cuda:0	True
2024-10-07 21:43:23,235 - INFO - ASTGCN_submodule.BlockList.1.SAt.W1	torch.Size([12])	cuda:0	True
2024-10-07 21:43:23,235 - INFO - ASTGCN_submodule.BlockList.1.SAt.W2	torch.Size([64, 12])	cuda:0	True
2024-10-07 21:43:23,235 - INFO - ASTGCN_submodule.BlockList.1.SAt.W3	torch.Size([64])	cuda:0	True
2024-10-07 21:43:23,235 - INFO - ASTGCN_submodule.BlockList.1.SAt.bs	torch.Size([1, 207, 207])	cuda:0	True
2024-10-07 21:43:23,235 - INFO - ASTGCN_submodule.BlockList.1.SAt.Vs	torch.Size([207, 207])	cuda:0	True
2024-10-07 21:43:23,235 - INFO - ASTGCN_submodule.BlockList.1.cheb_conv_SAt.Theta.0	torch.Size([64, 64])	cuda:0	True
2024-10-07 21:43:23,235 - INFO - ASTGCN_submodule.BlockList.1.cheb_conv_SAt.Theta.1	torch.Size([64, 64])	cuda:0	True
2024-10-07 21:43:23,235 - INFO - ASTGCN_submodule.BlockList.1.cheb_conv_SAt.Theta.2	torch.Size([64, 64])	cuda:0	True
2024-10-07 21:43:23,235 - INFO - ASTGCN_submodule.BlockList.1.time_conv.weight	torch.Size([64, 64, 1, 3])	cuda:0	True
2024-10-07 21:43:23,235 - INFO - ASTGCN_submodule.BlockList.1.time_conv.bias	torch.Size([64])	cuda:0	True
2024-10-07 21:43:23,235 - INFO - ASTGCN_submodule.BlockList.1.residual_conv.weight	torch.Size([64, 64, 1, 1])	cuda:0	True
2024-10-07 21:43:23,235 - INFO - ASTGCN_submodule.BlockList.1.residual_conv.bias	torch.Size([64])	cuda:0	True
2024-10-07 21:43:23,235 - INFO - ASTGCN_submodule.BlockList.1.ln.weight	torch.Size([64])	cuda:0	True
2024-10-07 21:43:23,235 - INFO - ASTGCN_submodule.BlockList.1.ln.bias	torch.Size([64])	cuda:0	True
2024-10-07 21:43:23,235 - INFO - ASTGCN_submodule.final_conv.weight	torch.Size([12, 12, 1, 64])	cuda:0	True
2024-10-07 21:43:23,236 - INFO - ASTGCN_submodule.final_conv.bias	torch.Size([12])	cuda:0	True
2024-10-07 21:43:23,236 - INFO - Total parameter numbers: 237731
2024-10-07 21:43:23,236 - INFO - You select `adam` optimizer.
2024-10-07 21:43:24,048 - WARNING - Received none train loss func and will use the loss func defined in the model.
2024-10-07 21:43:24,048 - INFO - Start training ...
2024-10-07 21:43:24,048 - INFO - num_batches:322
2024-10-07 21:44:56,414 - INFO - epoch complete!
2024-10-07 21:44:56,414 - INFO - evaluating now!
2024-10-07 21:45:17,345 - INFO - Epoch [0/50] train_loss: 211.8765, val_loss: 128.1630, lr: 0.000100, 113.30s
2024-10-07 21:45:17,357 - INFO - Saved model at 0
2024-10-07 21:45:17,357 - INFO - Val loss decrease from inf to 128.1630, saving to ./libcity/cache/astgcn1ty/model_cache/ASTGCN_METR_LA_epoch0.tar
2024-10-07 21:47:00,254 - INFO - epoch complete!
2024-10-07 21:47:00,254 - INFO - evaluating now!
2024-10-07 21:47:23,898 - INFO - Epoch [1/50] train_loss: 129.1633, val_loss: 118.2223, lr: 0.000100, 126.54s
2024-10-07 21:47:23,910 - INFO - Saved model at 1
2024-10-07 21:47:23,910 - INFO - Val loss decrease from 128.1630 to 118.2223, saving to ./libcity/cache/astgcn1ty/model_cache/ASTGCN_METR_LA_epoch1.tar
2024-10-07 21:49:06,793 - INFO - epoch complete!
2024-10-07 21:49:06,793 - INFO - evaluating now!
2024-10-07 21:49:26,966 - INFO - Epoch [2/50] train_loss: 122.3040, val_loss: 114.4352, lr: 0.000100, 123.06s
2024-10-07 21:49:26,979 - INFO - Saved model at 2
2024-10-07 21:49:26,979 - INFO - Val loss decrease from 118.2223 to 114.4352, saving to ./libcity/cache/astgcn1ty/model_cache/ASTGCN_METR_LA_epoch2.tar
2024-10-07 21:51:02,521 - INFO - epoch complete!
2024-10-07 21:51:02,521 - INFO - evaluating now!
2024-10-07 21:51:24,920 - INFO - Epoch [3/50] train_loss: 118.7317, val_loss: 111.4418, lr: 0.000100, 117.94s
2024-10-07 21:51:24,931 - INFO - Saved model at 3
2024-10-07 21:51:24,931 - INFO - Val loss decrease from 114.4352 to 111.4418, saving to ./libcity/cache/astgcn1ty/model_cache/ASTGCN_METR_LA_epoch3.tar
2024-10-07 21:53:10,378 - INFO - epoch complete!
2024-10-07 21:53:10,378 - INFO - evaluating now!
2024-10-07 21:53:33,545 - INFO - Epoch [4/50] train_loss: 116.4569, val_loss: 110.0118, lr: 0.000100, 128.61s
2024-10-07 21:53:33,557 - INFO - Saved model at 4
2024-10-07 21:53:33,558 - INFO - Val loss decrease from 111.4418 to 110.0118, saving to ./libcity/cache/astgcn1ty/model_cache/ASTGCN_METR_LA_epoch4.tar
2024-10-07 21:55:08,963 - INFO - epoch complete!
2024-10-07 21:55:08,963 - INFO - evaluating now!
2024-10-07 21:55:31,473 - INFO - Epoch [5/50] train_loss: 114.7296, val_loss: 109.4208, lr: 0.000100, 117.91s
2024-10-07 21:55:31,484 - INFO - Saved model at 5
2024-10-07 21:55:31,484 - INFO - Val loss decrease from 110.0118 to 109.4208, saving to ./libcity/cache/astgcn1ty/model_cache/ASTGCN_METR_LA_epoch5.tar
2024-10-07 21:57:14,006 - INFO - epoch complete!
2024-10-07 21:57:14,009 - INFO - evaluating now!
2024-10-07 21:57:37,078 - INFO - Epoch [6/50] train_loss: 113.3063, val_loss: 107.8901, lr: 0.000100, 125.59s
2024-10-07 21:57:37,090 - INFO - Saved model at 6
2024-10-07 21:57:37,090 - INFO - Val loss decrease from 109.4208 to 107.8901, saving to ./libcity/cache/astgcn1ty/model_cache/ASTGCN_METR_LA_epoch6.tar
2024-10-07 21:59:24,394 - INFO - epoch complete!
2024-10-07 21:59:24,394 - INFO - evaluating now!
2024-10-07 21:59:44,701 - INFO - Epoch [7/50] train_loss: 112.2271, val_loss: 107.9045, lr: 0.000100, 127.61s
2024-10-07 22:01:28,495 - INFO - epoch complete!
2024-10-07 22:01:28,495 - INFO - evaluating now!
2024-10-07 22:01:51,523 - INFO - Epoch [8/50] train_loss: 111.0602, val_loss: 106.4444, lr: 0.000100, 126.82s
2024-10-07 22:01:51,537 - INFO - Saved model at 8
2024-10-07 22:01:51,537 - INFO - Val loss decrease from 107.8901 to 106.4444, saving to ./libcity/cache/astgcn1ty/model_cache/ASTGCN_METR_LA_epoch8.tar
2024-10-07 22:03:37,647 - INFO - epoch complete!
2024-10-07 22:03:37,647 - INFO - evaluating now!
2024-10-07 22:03:59,399 - INFO - Epoch [9/50] train_loss: 110.1522, val_loss: 106.1243, lr: 0.000100, 127.86s
2024-10-07 22:03:59,410 - INFO - Saved model at 9
2024-10-07 22:03:59,411 - INFO - Val loss decrease from 106.4444 to 106.1243, saving to ./libcity/cache/astgcn1ty/model_cache/ASTGCN_METR_LA_epoch9.tar
2024-10-07 22:05:41,282 - INFO - epoch complete!
2024-10-07 22:05:41,282 - INFO - evaluating now!
2024-10-07 22:06:05,653 - INFO - Epoch [10/50] train_loss: 109.0513, val_loss: 107.8747, lr: 0.000100, 126.24s
2024-10-07 22:07:54,560 - INFO - epoch complete!
2024-10-07 22:07:54,560 - INFO - evaluating now!
2024-10-07 22:08:16,769 - INFO - Epoch [11/50] train_loss: 108.3047, val_loss: 105.6794, lr: 0.000100, 131.12s
2024-10-07 22:08:16,781 - INFO - Saved model at 11
2024-10-07 22:08:16,782 - INFO - Val loss decrease from 106.1243 to 105.6794, saving to ./libcity/cache/astgcn1ty/model_cache/ASTGCN_METR_LA_epoch11.tar
2024-10-07 22:10:04,879 - INFO - epoch complete!
2024-10-07 22:10:04,880 - INFO - evaluating now!
2024-10-07 22:10:25,253 - INFO - Epoch [12/50] train_loss: 107.3126, val_loss: 105.3043, lr: 0.000100, 128.47s
2024-10-07 22:10:25,264 - INFO - Saved model at 12
2024-10-07 22:10:25,265 - INFO - Val loss decrease from 105.6794 to 105.3043, saving to ./libcity/cache/astgcn1ty/model_cache/ASTGCN_METR_LA_epoch12.tar
2024-10-07 22:11:51,471 - INFO - epoch complete!
2024-10-07 22:11:51,472 - INFO - evaluating now!
2024-10-07 22:12:05,889 - INFO - Epoch [13/50] train_loss: 106.5605, val_loss: 107.7390, lr: 0.000100, 100.62s
2024-10-07 22:13:20,529 - INFO - epoch complete!
2024-10-07 22:13:20,529 - INFO - evaluating now!
2024-10-07 22:13:35,409 - INFO - Epoch [14/50] train_loss: 105.8366, val_loss: 104.8870, lr: 0.000100, 89.52s
2024-10-07 22:13:35,421 - INFO - Saved model at 14
2024-10-07 22:13:35,421 - INFO - Val loss decrease from 105.3043 to 104.8870, saving to ./libcity/cache/astgcn1ty/model_cache/ASTGCN_METR_LA_epoch14.tar
2024-10-07 22:14:51,762 - INFO - epoch complete!
2024-10-07 22:14:51,763 - INFO - evaluating now!
2024-10-07 22:15:15,780 - INFO - Epoch [15/50] train_loss: 105.0951, val_loss: 104.5741, lr: 0.000100, 100.36s
2024-10-07 22:15:15,791 - INFO - Saved model at 15
2024-10-07 22:15:15,791 - INFO - Val loss decrease from 104.8870 to 104.5741, saving to ./libcity/cache/astgcn1ty/model_cache/ASTGCN_METR_LA_epoch15.tar
2024-10-07 22:17:03,297 - INFO - epoch complete!
2024-10-07 22:17:03,297 - INFO - evaluating now!
2024-10-07 22:17:26,605 - INFO - Epoch [16/50] train_loss: 104.4799, val_loss: 104.0651, lr: 0.000100, 130.81s
2024-10-07 22:17:26,620 - INFO - Saved model at 16
2024-10-07 22:17:26,620 - INFO - Val loss decrease from 104.5741 to 104.0651, saving to ./libcity/cache/astgcn1ty/model_cache/ASTGCN_METR_LA_epoch16.tar
2024-10-07 22:19:14,464 - INFO - epoch complete!
2024-10-07 22:19:14,467 - INFO - evaluating now!
2024-10-07 22:19:36,362 - INFO - Epoch [17/50] train_loss: 103.6473, val_loss: 103.8066, lr: 0.000100, 129.74s
2024-10-07 22:19:36,382 - INFO - Saved model at 17
2024-10-07 22:19:36,383 - INFO - Val loss decrease from 104.0651 to 103.8066, saving to ./libcity/cache/astgcn1ty/model_cache/ASTGCN_METR_LA_epoch17.tar
2024-10-07 22:21:22,046 - INFO - epoch complete!
2024-10-07 22:21:22,046 - INFO - evaluating now!
2024-10-07 22:21:44,839 - INFO - Epoch [18/50] train_loss: 102.8636, val_loss: 103.9846, lr: 0.000100, 128.46s
2024-10-07 22:23:21,119 - INFO - epoch complete!
2024-10-07 22:23:21,119 - INFO - evaluating now!
2024-10-07 22:23:38,072 - INFO - Epoch [19/50] train_loss: 102.3797, val_loss: 104.1875, lr: 0.000100, 113.23s
2024-10-07 22:24:58,334 - INFO - epoch complete!
2024-10-07 22:24:58,334 - INFO - evaluating now!
2024-10-07 22:25:16,195 - INFO - Epoch [20/50] train_loss: 101.7504, val_loss: 104.1058, lr: 0.000100, 98.12s
2024-10-07 22:26:44,306 - INFO - epoch complete!
2024-10-07 22:26:44,306 - INFO - evaluating now!
2024-10-07 22:27:02,037 - INFO - Epoch [21/50] train_loss: 101.2684, val_loss: 104.6107, lr: 0.000100, 105.84s
2024-10-07 22:28:28,419 - INFO - epoch complete!
2024-10-07 22:28:28,421 - INFO - evaluating now!
2024-10-07 22:28:44,302 - INFO - Epoch [22/50] train_loss: 100.7389, val_loss: 103.8406, lr: 0.000100, 102.26s
2024-10-07 22:30:08,736 - INFO - epoch complete!
2024-10-07 22:30:08,737 - INFO - evaluating now!
2024-10-07 22:30:27,073 - INFO - Epoch [23/50] train_loss: 100.3782, val_loss: 103.9903, lr: 0.000100, 102.77s
2024-10-07 22:31:52,861 - INFO - epoch complete!
2024-10-07 22:31:52,861 - INFO - evaluating now!
2024-10-07 22:32:11,650 - INFO - Epoch [24/50] train_loss: 100.0027, val_loss: 104.6208, lr: 0.000100, 104.58s
2024-10-07 22:33:36,343 - INFO - epoch complete!
2024-10-07 22:33:36,344 - INFO - evaluating now!
2024-10-07 22:33:57,032 - INFO - Epoch [25/50] train_loss: 99.3903, val_loss: 106.9812, lr: 0.000100, 105.38s
2024-10-07 22:35:47,114 - INFO - epoch complete!
2024-10-07 22:35:47,114 - INFO - evaluating now!
2024-10-07 22:36:10,922 - INFO - Epoch [26/50] train_loss: 99.0160, val_loss: 105.3868, lr: 0.000100, 133.89s
2024-10-07 22:37:52,185 - INFO - epoch complete!
2024-10-07 22:37:52,185 - INFO - evaluating now!
2024-10-07 22:38:15,690 - INFO - Epoch [27/50] train_loss: 98.7232, val_loss: 104.3151, lr: 0.000100, 124.77s
2024-10-07 22:40:05,443 - INFO - epoch complete!
2024-10-07 22:40:05,443 - INFO - evaluating now!
2024-10-07 22:40:29,483 - INFO - Epoch [28/50] train_loss: 98.2642, val_loss: 104.6618, lr: 0.000100, 133.79s
2024-10-07 22:42:17,762 - INFO - epoch complete!
2024-10-07 22:42:17,762 - INFO - evaluating now!
2024-10-07 22:42:39,193 - INFO - Epoch [29/50] train_loss: 97.9658, val_loss: 105.4403, lr: 0.000100, 129.71s
2024-10-07 22:44:07,682 - INFO - epoch complete!
2024-10-07 22:44:07,682 - INFO - evaluating now!
2024-10-07 22:44:24,984 - INFO - Epoch [30/50] train_loss: 97.4790, val_loss: 105.4615, lr: 0.000100, 105.79s
2024-10-07 22:45:42,350 - INFO - epoch complete!
2024-10-07 22:45:42,350 - INFO - evaluating now!
2024-10-07 22:45:58,735 - INFO - Epoch [31/50] train_loss: 97.0904, val_loss: 105.9379, lr: 0.000100, 93.75s
2024-10-07 22:47:11,102 - INFO - epoch complete!
2024-10-07 22:47:11,102 - INFO - evaluating now!
2024-10-07 22:47:24,758 - INFO - Epoch [32/50] train_loss: 96.6851, val_loss: 106.3270, lr: 0.000100, 86.02s
2024-10-07 22:48:29,668 - INFO - epoch complete!
2024-10-07 22:48:29,668 - INFO - evaluating now!
2024-10-07 22:48:41,902 - INFO - Epoch [33/50] train_loss: 96.1214, val_loss: 106.9204, lr: 0.000100, 77.14s
2024-10-07 22:50:05,851 - INFO - epoch complete!
2024-10-07 22:50:05,852 - INFO - evaluating now!
2024-10-07 22:50:24,593 - INFO - Epoch [34/50] train_loss: 96.0171, val_loss: 106.8215, lr: 0.000100, 102.69s
2024-10-07 22:51:53,097 - INFO - epoch complete!
2024-10-07 22:51:53,099 - INFO - evaluating now!
2024-10-07 22:52:08,686 - INFO - Epoch [35/50] train_loss: 95.5299, val_loss: 107.7664, lr: 0.000100, 104.09s
2024-10-07 22:53:26,410 - INFO - epoch complete!
2024-10-07 22:53:26,410 - INFO - evaluating now!
2024-10-07 22:53:39,265 - INFO - Epoch [36/50] train_loss: 94.9478, val_loss: 107.2855, lr: 0.000100, 90.58s
2024-10-07 22:54:58,851 - INFO - epoch complete!
2024-10-07 22:54:58,851 - INFO - evaluating now!
2024-10-07 22:55:18,099 - INFO - Epoch [37/50] train_loss: 94.9375, val_loss: 108.3186, lr: 0.000100, 98.83s
2024-10-07 22:56:46,091 - INFO - epoch complete!
2024-10-07 22:56:46,091 - INFO - evaluating now!
2024-10-07 22:57:05,167 - INFO - Epoch [38/50] train_loss: 94.4034, val_loss: 108.9344, lr: 0.000100, 107.07s
2024-10-07 22:58:29,889 - INFO - epoch complete!
2024-10-07 22:58:29,889 - INFO - evaluating now!
2024-10-07 22:58:49,080 - INFO - Epoch [39/50] train_loss: 93.9809, val_loss: 108.8195, lr: 0.000100, 103.91s
2024-10-07 23:00:15,934 - INFO - epoch complete!
2024-10-07 23:00:15,934 - INFO - evaluating now!
