2024-10-08 20:17:49,841 - INFO - Log directory: ./libcity/log
2024-10-08 20:17:49,841 - INFO - Begin pipeline, task=MTS_pred, model_name=ASTGCN, dataset_name=PEMS_BAY, exp_id=ASTGCN(PEMS_BAY)
2024-10-08 20:17:49,841 - INFO - {'task': 'MTS_pred', 'model': 'ASTGCN', 'dataset': 'PEMS_BAY', 'saved_model': True, 'exp_id': 'ASTGCN(PEMS_BAY)', 'seed': 0, 'batch_size': 16, 'max_epoch': 60, 'dataset_class': 'StatePointDataset', 'executor': 'StateExecutor', 'evaluator': 'StateEvaluator', 'nb_block': 2, 'K': 3, 'nb_chev_filter': 64, 'nb_time_filter': 64, 'bidir_adj_mx': True, 'scaler': 'standard', 'load_external': False, 'normal_external': False, 'ext_scaler': 'none', 'add_time_in_day': False, 'add_day_in_week': False, 'train_rate': 0.6, 'eval_rate': 0.2, 'learner': 'adam', 'learning_rate': 0.0001, 'lr_decay': False, 'clip_grad_norm': False, 'use_early_stop': False, 'cache_dataset': True, 'num_workers': 0, 'pad_with_last_sample': True, 'input_window': 12, 'output_window': 12, 'robustness_test': False, 'noise_type': 'gaussian', 'disturb_rate': 0.5, 'noise_mean': [5], 'noise_SD': [10], 'gpu': True, 'gpu_id': 0, 'train_loss': 'none', 'epoch': 0, 'weight_decay': 0, 'lr_epsilon': 1e-08, 'lr_beta1': 0.9, 'lr_beta2': 0.999, 'lr_alpha': 0.99, 'lr_momentum': 0, 'lr_scheduler': 'multisteplr', 'lr_decay_ratio': 0.1, 'steps': [5, 20, 40, 70], 'step_size': 10, 'lr_T_max': 30, 'lr_eta_min': 0, 'lr_patience': 10, 'lr_threshold': 0.0001, 'max_grad_norm': 1.0, 'patience': 50, 'log_level': 'INFO', 'log_every': 1, 'load_best_epoch': True, 'hyper_tune': False, 'metrics': ['MAE', 'MAPE', 'RMSE'], 'evaluator_mode': 'single', 'save_mode': ['csv'], 'geo': {'including_types': ['Point'], 'Point': {}}, 'rel': {'including_types': ['geo'], 'geo': {'cost': 'num'}}, 'dyna': {'including_types': ['state'], 'state': {'entity_id': 'geo_id', 'traffic_speed': 'num'}}, 'data_col': ['traffic_speed'], 'weight_col': 'cost', 'data_files': ['PEMS_BAY'], 'geo_file': 'PEMS_BAY', 'rel_file': 'PEMS_BAY', 'output_dim': 1, 'time_intervals': 300, 'init_weight_inf_or_zero': 'inf', 'set_weight_link_or_dist': 'dist', 'calculate_weight_adj': True, 'weight_adj_epsilon': 0.1, 'device': device(type='cuda', index=0)}
2024-10-08 20:17:50,518 - INFO - Loaded file PEMS_BAY_feature.csv, shape=(52116, 325, 1)
2024-10-08 20:17:52,735 - INFO - Dataset created
2024-10-08 20:17:52,736 - INFO - x shape: (52093, 12, 325, 1), y shape: (52093, 12, 325, 1)
2024-10-08 20:17:52,745 - INFO - train	x: (31256, 12, 325, 1), y: (31256, 12, 325, 1)
2024-10-08 20:17:52,745 - INFO - eval	x: (10418, 12, 325, 1), y: (10418, 12, 325, 1)
2024-10-08 20:17:52,745 - INFO - test	x: (10419, 12, 325, 1), y: (10419, 12, 325, 1)
2024-10-08 20:18:44,839 - INFO - Saved at ./libcity/cache/dataset_cache/point_based_PEMS_BAY_12_12_0.6_0.2_standard_16_False_False_False_True.npz
2024-10-08 20:18:45,186 - INFO - StandardScaler mean: 62.74923074872212, std: 9.36532998874915
2024-10-08 20:18:45,186 - INFO - NoneScaler
2024-10-08 20:18:47,704 - INFO - ASTGCN(
  (ASTGCN_submodule): ASTGCNSubmodule(
    (BlockList): ModuleList(
      (0): ASTGCNBlock(
        (TAt): TemporalAttentionLayer()
        (SAt): SpatialAttentionLayer()
        (cheb_conv_SAt): ChebConvWithSAt(
          (Theta): ParameterList(
              (0): Parameter containing: [torch.float32 of size 1x64 (cuda:0)]
              (1): Parameter containing: [torch.float32 of size 1x64 (cuda:0)]
              (2): Parameter containing: [torch.float32 of size 1x64 (cuda:0)]
          )
        )
        (time_conv): Conv2d(64, 64, kernel_size=(1, 3), stride=(1, 1), padding=(0, 1))
        (residual_conv): Conv2d(1, 64, kernel_size=(1, 1), stride=(1, 1))
        (ln): LayerNorm((64,), eps=1e-05, elementwise_affine=True)
      )
      (1): ASTGCNBlock(
        (TAt): TemporalAttentionLayer()
        (SAt): SpatialAttentionLayer()
        (cheb_conv_SAt): ChebConvWithSAt(
          (Theta): ParameterList(
              (0): Parameter containing: [torch.float32 of size 64x64 (cuda:0)]
              (1): Parameter containing: [torch.float32 of size 64x64 (cuda:0)]
              (2): Parameter containing: [torch.float32 of size 64x64 (cuda:0)]
          )
        )
        (time_conv): Conv2d(64, 64, kernel_size=(1, 3), stride=(1, 1), padding=(0, 1))
        (residual_conv): Conv2d(64, 64, kernel_size=(1, 1), stride=(1, 1))
        (ln): LayerNorm((64,), eps=1e-05, elementwise_affine=True)
      )
    )
    (final_conv): Conv2d(12, 12, kernel_size=(1, 64), stride=(1, 1))
  )
)
2024-10-08 20:18:47,705 - INFO - ASTGCN_submodule.BlockList.0.TAt.U1	torch.Size([325])	cuda:0	True
2024-10-08 20:18:47,705 - INFO - ASTGCN_submodule.BlockList.0.TAt.U2	torch.Size([1, 325])	cuda:0	True
2024-10-08 20:18:47,705 - INFO - ASTGCN_submodule.BlockList.0.TAt.U3	torch.Size([1])	cuda:0	True
2024-10-08 20:18:47,705 - INFO - ASTGCN_submodule.BlockList.0.TAt.be	torch.Size([1, 12, 12])	cuda:0	True
2024-10-08 20:18:47,705 - INFO - ASTGCN_submodule.BlockList.0.TAt.Ve	torch.Size([12, 12])	cuda:0	True
2024-10-08 20:18:47,705 - INFO - ASTGCN_submodule.BlockList.0.SAt.W1	torch.Size([12])	cuda:0	True
2024-10-08 20:18:47,705 - INFO - ASTGCN_submodule.BlockList.0.SAt.W2	torch.Size([1, 12])	cuda:0	True
2024-10-08 20:18:47,705 - INFO - ASTGCN_submodule.BlockList.0.SAt.W3	torch.Size([1])	cuda:0	True
2024-10-08 20:18:47,705 - INFO - ASTGCN_submodule.BlockList.0.SAt.bs	torch.Size([1, 325, 325])	cuda:0	True
2024-10-08 20:18:47,705 - INFO - ASTGCN_submodule.BlockList.0.SAt.Vs	torch.Size([325, 325])	cuda:0	True
2024-10-08 20:18:47,705 - INFO - ASTGCN_submodule.BlockList.0.cheb_conv_SAt.Theta.0	torch.Size([1, 64])	cuda:0	True
2024-10-08 20:18:47,705 - INFO - ASTGCN_submodule.BlockList.0.cheb_conv_SAt.Theta.1	torch.Size([1, 64])	cuda:0	True
2024-10-08 20:18:47,705 - INFO - ASTGCN_submodule.BlockList.0.cheb_conv_SAt.Theta.2	torch.Size([1, 64])	cuda:0	True
2024-10-08 20:18:47,705 - INFO - ASTGCN_submodule.BlockList.0.time_conv.weight	torch.Size([64, 64, 1, 3])	cuda:0	True
2024-10-08 20:18:47,705 - INFO - ASTGCN_submodule.BlockList.0.time_conv.bias	torch.Size([64])	cuda:0	True
2024-10-08 20:18:47,705 - INFO - ASTGCN_submodule.BlockList.0.residual_conv.weight	torch.Size([64, 1, 1, 1])	cuda:0	True
2024-10-08 20:18:47,705 - INFO - ASTGCN_submodule.BlockList.0.residual_conv.bias	torch.Size([64])	cuda:0	True
2024-10-08 20:18:47,705 - INFO - ASTGCN_submodule.BlockList.0.ln.weight	torch.Size([64])	cuda:0	True
2024-10-08 20:18:47,705 - INFO - ASTGCN_submodule.BlockList.0.ln.bias	torch.Size([64])	cuda:0	True
2024-10-08 20:18:47,705 - INFO - ASTGCN_submodule.BlockList.1.TAt.U1	torch.Size([325])	cuda:0	True
2024-10-08 20:18:47,706 - INFO - ASTGCN_submodule.BlockList.1.TAt.U2	torch.Size([64, 325])	cuda:0	True
2024-10-08 20:18:47,706 - INFO - ASTGCN_submodule.BlockList.1.TAt.U3	torch.Size([64])	cuda:0	True
2024-10-08 20:18:47,706 - INFO - ASTGCN_submodule.BlockList.1.TAt.be	torch.Size([1, 12, 12])	cuda:0	True
2024-10-08 20:18:47,706 - INFO - ASTGCN_submodule.BlockList.1.TAt.Ve	torch.Size([12, 12])	cuda:0	True
2024-10-08 20:18:47,706 - INFO - ASTGCN_submodule.BlockList.1.SAt.W1	torch.Size([12])	cuda:0	True
2024-10-08 20:18:47,706 - INFO - ASTGCN_submodule.BlockList.1.SAt.W2	torch.Size([64, 12])	cuda:0	True
2024-10-08 20:18:47,706 - INFO - ASTGCN_submodule.BlockList.1.SAt.W3	torch.Size([64])	cuda:0	True
2024-10-08 20:18:47,706 - INFO - ASTGCN_submodule.BlockList.1.SAt.bs	torch.Size([1, 325, 325])	cuda:0	True
2024-10-08 20:18:47,706 - INFO - ASTGCN_submodule.BlockList.1.SAt.Vs	torch.Size([325, 325])	cuda:0	True
2024-10-08 20:18:47,706 - INFO - ASTGCN_submodule.BlockList.1.cheb_conv_SAt.Theta.0	torch.Size([64, 64])	cuda:0	True
2024-10-08 20:18:47,706 - INFO - ASTGCN_submodule.BlockList.1.cheb_conv_SAt.Theta.1	torch.Size([64, 64])	cuda:0	True
2024-10-08 20:18:47,706 - INFO - ASTGCN_submodule.BlockList.1.cheb_conv_SAt.Theta.2	torch.Size([64, 64])	cuda:0	True
2024-10-08 20:18:47,706 - INFO - ASTGCN_submodule.BlockList.1.time_conv.weight	torch.Size([64, 64, 1, 3])	cuda:0	True
2024-10-08 20:18:47,706 - INFO - ASTGCN_submodule.BlockList.1.time_conv.bias	torch.Size([64])	cuda:0	True
2024-10-08 20:18:47,706 - INFO - ASTGCN_submodule.BlockList.1.residual_conv.weight	torch.Size([64, 64, 1, 1])	cuda:0	True
2024-10-08 20:18:47,706 - INFO - ASTGCN_submodule.BlockList.1.residual_conv.bias	torch.Size([64])	cuda:0	True
2024-10-08 20:18:47,706 - INFO - ASTGCN_submodule.BlockList.1.ln.weight	torch.Size([64])	cuda:0	True
2024-10-08 20:18:47,706 - INFO - ASTGCN_submodule.BlockList.1.ln.bias	torch.Size([64])	cuda:0	True
2024-10-08 20:18:47,706 - INFO - ASTGCN_submodule.final_conv.weight	torch.Size([12, 12, 1, 64])	cuda:0	True
2024-10-08 20:18:47,706 - INFO - ASTGCN_submodule.final_conv.bias	torch.Size([12])	cuda:0	True
2024-10-08 20:18:47,706 - INFO - Total parameter numbers: 496741
2024-10-08 20:18:47,706 - INFO - You select `adam` optimizer.
2024-10-08 20:18:48,136 - WARNING - Received none train loss func and will use the loss func defined in the model.
2024-10-08 20:18:48,137 - INFO - Start training ...
2024-10-08 20:18:48,137 - INFO - num_batches:1954
2024-10-08 20:21:54,490 - INFO - epoch complete!
2024-10-08 20:21:54,490 - INFO - evaluating now!
2024-10-08 20:22:50,386 - INFO - Epoch [0/60] train_loss: 28.1081, val_loss: 24.2111, lr: 0.000100, 242.25s
2024-10-08 20:22:50,409 - INFO - Saved model at 0
2024-10-08 20:22:50,409 - INFO - Val loss decrease from inf to 24.2111, saving to ./libcity/cache/ASTGCN(PEMS_BAY)/model_cache/ASTGCN_PEMS_BAY_epoch0.tar
2024-10-08 20:26:50,422 - INFO - epoch complete!
2024-10-08 20:26:50,422 - INFO - evaluating now!
2024-10-08 20:27:45,367 - INFO - Epoch [1/60] train_loss: 18.3316, val_loss: 20.4626, lr: 0.000100, 294.96s
2024-10-08 20:27:45,391 - INFO - Saved model at 1
2024-10-08 20:27:45,391 - INFO - Val loss decrease from 24.2111 to 20.4626, saving to ./libcity/cache/ASTGCN(PEMS_BAY)/model_cache/ASTGCN_PEMS_BAY_epoch1.tar
2024-10-08 20:33:57,692 - INFO - epoch complete!
2024-10-08 20:33:57,692 - INFO - evaluating now!
2024-10-08 20:35:32,218 - INFO - Epoch [2/60] train_loss: 15.9802, val_loss: 18.8937, lr: 0.000100, 466.83s
2024-10-08 20:35:32,245 - INFO - Saved model at 2
2024-10-08 20:35:32,245 - INFO - Val loss decrease from 20.4626 to 18.8937, saving to ./libcity/cache/ASTGCN(PEMS_BAY)/model_cache/ASTGCN_PEMS_BAY_epoch2.tar
2024-10-08 20:42:14,886 - INFO - epoch complete!
2024-10-08 20:42:14,886 - INFO - evaluating now!
2024-10-08 20:43:56,155 - INFO - Epoch [3/60] train_loss: 14.5832, val_loss: 17.8277, lr: 0.000100, 503.91s
2024-10-08 20:43:56,208 - INFO - Saved model at 3
2024-10-08 20:43:56,209 - INFO - Val loss decrease from 18.8937 to 17.8277, saving to ./libcity/cache/ASTGCN(PEMS_BAY)/model_cache/ASTGCN_PEMS_BAY_epoch3.tar
2024-10-08 20:50:32,726 - INFO - epoch complete!
2024-10-08 20:50:32,726 - INFO - evaluating now!
2024-10-08 20:52:04,547 - INFO - Epoch [4/60] train_loss: 13.6620, val_loss: 17.1750, lr: 0.000100, 488.34s
2024-10-08 20:52:04,596 - INFO - Saved model at 4
2024-10-08 20:52:04,596 - INFO - Val loss decrease from 17.8277 to 17.1750, saving to ./libcity/cache/ASTGCN(PEMS_BAY)/model_cache/ASTGCN_PEMS_BAY_epoch4.tar
2024-10-08 20:56:55,745 - INFO - epoch complete!
2024-10-08 20:56:55,745 - INFO - evaluating now!
2024-10-08 20:57:52,624 - INFO - Epoch [5/60] train_loss: 12.9939, val_loss: 17.0538, lr: 0.000100, 348.03s
2024-10-08 20:57:52,641 - INFO - Saved model at 5
2024-10-08 20:57:52,642 - INFO - Val loss decrease from 17.1750 to 17.0538, saving to ./libcity/cache/ASTGCN(PEMS_BAY)/model_cache/ASTGCN_PEMS_BAY_epoch5.tar
2024-10-08 21:01:43,527 - INFO - epoch complete!
2024-10-08 21:01:43,527 - INFO - evaluating now!
2024-10-08 21:02:40,490 - INFO - Epoch [6/60] train_loss: 12.4884, val_loss: 17.0223, lr: 0.000100, 287.85s
2024-10-08 21:02:40,512 - INFO - Saved model at 6
2024-10-08 21:02:40,512 - INFO - Val loss decrease from 17.0538 to 17.0223, saving to ./libcity/cache/ASTGCN(PEMS_BAY)/model_cache/ASTGCN_PEMS_BAY_epoch6.tar
2024-10-08 21:06:30,186 - INFO - epoch complete!
2024-10-08 21:06:30,186 - INFO - evaluating now!
2024-10-08 21:07:24,055 - INFO - Epoch [7/60] train_loss: 12.0876, val_loss: 16.9362, lr: 0.000100, 283.54s
2024-10-08 21:07:24,077 - INFO - Saved model at 7
2024-10-08 21:07:24,077 - INFO - Val loss decrease from 17.0223 to 16.9362, saving to ./libcity/cache/ASTGCN(PEMS_BAY)/model_cache/ASTGCN_PEMS_BAY_epoch7.tar
2024-10-08 21:11:12,663 - INFO - epoch complete!
2024-10-08 21:11:12,664 - INFO - evaluating now!
2024-10-08 21:12:07,628 - INFO - Epoch [8/60] train_loss: 11.7336, val_loss: 16.8384, lr: 0.000100, 283.55s
2024-10-08 21:12:07,649 - INFO - Saved model at 8
2024-10-08 21:12:07,649 - INFO - Val loss decrease from 16.9362 to 16.8384, saving to ./libcity/cache/ASTGCN(PEMS_BAY)/model_cache/ASTGCN_PEMS_BAY_epoch8.tar
2024-10-08 21:15:54,871 - INFO - epoch complete!
2024-10-08 21:15:54,871 - INFO - evaluating now!
2024-10-08 21:16:47,832 - INFO - Epoch [9/60] train_loss: 11.4407, val_loss: 17.0073, lr: 0.000100, 280.18s
2024-10-08 21:22:50,183 - INFO - epoch complete!
2024-10-08 21:22:50,183 - INFO - evaluating now!
2024-10-08 21:24:23,160 - INFO - Epoch [10/60] train_loss: 11.1739, val_loss: 17.0872, lr: 0.000100, 455.33s
2024-10-08 21:30:30,026 - INFO - epoch complete!
2024-10-08 21:30:30,026 - INFO - evaluating now!
2024-10-08 21:32:03,151 - INFO - Epoch [11/60] train_loss: 10.9273, val_loss: 17.0842, lr: 0.000100, 459.99s
2024-10-08 21:38:10,269 - INFO - epoch complete!
2024-10-08 21:38:10,269 - INFO - evaluating now!
2024-10-08 21:39:43,408 - INFO - Epoch [12/60] train_loss: 10.7057, val_loss: 17.3076, lr: 0.000100, 460.26s
2024-10-08 21:45:13,613 - INFO - epoch complete!
2024-10-08 21:45:13,614 - INFO - evaluating now!
2024-10-08 21:46:26,507 - INFO - Epoch [13/60] train_loss: 10.5048, val_loss: 17.2037, lr: 0.000100, 403.10s
2024-10-08 21:51:20,203 - INFO - epoch complete!
2024-10-08 21:51:20,203 - INFO - evaluating now!
2024-10-08 21:52:33,185 - INFO - Epoch [14/60] train_loss: 10.3288, val_loss: 17.1477, lr: 0.000100, 366.68s
2024-10-08 21:57:26,821 - INFO - epoch complete!
2024-10-08 21:57:26,821 - INFO - evaluating now!
2024-10-08 21:58:39,715 - INFO - Epoch [15/60] train_loss: 10.1496, val_loss: 17.5275, lr: 0.000100, 366.53s
2024-10-08 22:03:33,420 - INFO - epoch complete!
2024-10-08 22:03:33,420 - INFO - evaluating now!
2024-10-08 22:04:46,336 - INFO - Epoch [16/60] train_loss: 9.9981, val_loss: 17.5415, lr: 0.000100, 366.62s
2024-10-08 22:07:40,903 - INFO - epoch complete!
2024-10-08 22:07:40,903 - INFO - evaluating now!
2024-10-08 22:08:18,822 - INFO - Epoch [17/60] train_loss: 9.8535, val_loss: 17.5878, lr: 0.000100, 212.49s
2024-10-08 22:11:01,061 - INFO - epoch complete!
2024-10-08 22:11:01,061 - INFO - evaluating now!
2024-10-08 22:11:38,897 - INFO - Epoch [18/60] train_loss: 9.7092, val_loss: 17.8092, lr: 0.000100, 200.08s
2024-10-08 22:14:21,756 - INFO - epoch complete!
2024-10-08 22:14:21,756 - INFO - evaluating now!
2024-10-08 22:14:38,903 - INFO - Epoch [19/60] train_loss: 9.5827, val_loss: 17.6313, lr: 0.000100, 180.01s
2024-10-08 22:15:54,949 - INFO - epoch complete!
2024-10-08 22:15:54,949 - INFO - evaluating now!
2024-10-08 22:16:02,864 - INFO - Epoch [20/60] train_loss: 9.4468, val_loss: 18.0701, lr: 0.000100, 83.96s
2024-10-08 22:17:18,347 - INFO - epoch complete!
2024-10-08 22:17:18,348 - INFO - evaluating now!
2024-10-08 22:17:26,253 - INFO - Epoch [21/60] train_loss: 9.3303, val_loss: 18.0256, lr: 0.000100, 83.39s
2024-10-08 22:18:40,909 - INFO - epoch complete!
2024-10-08 22:18:40,909 - INFO - evaluating now!
2024-10-08 22:18:48,829 - INFO - Epoch [22/60] train_loss: 9.2198, val_loss: 18.3545, lr: 0.000100, 82.58s
2024-10-08 22:20:05,218 - INFO - epoch complete!
2024-10-08 22:20:05,218 - INFO - evaluating now!
2024-10-08 22:20:13,118 - INFO - Epoch [23/60] train_loss: 9.1139, val_loss: 18.4743, lr: 0.000100, 84.29s
2024-10-08 22:21:32,517 - INFO - epoch complete!
2024-10-08 22:21:32,518 - INFO - evaluating now!
2024-10-08 22:21:40,444 - INFO - Epoch [24/60] train_loss: 9.0152, val_loss: 18.5753, lr: 0.000100, 87.33s
2024-10-08 22:22:57,010 - INFO - epoch complete!
2024-10-08 22:22:57,010 - INFO - evaluating now!
2024-10-08 22:23:04,963 - INFO - Epoch [25/60] train_loss: 8.9194, val_loss: 18.6857, lr: 0.000100, 84.52s
2024-10-08 22:24:20,452 - INFO - epoch complete!
2024-10-08 22:24:20,452 - INFO - evaluating now!
2024-10-08 22:24:28,379 - INFO - Epoch [26/60] train_loss: 8.8255, val_loss: 18.6692, lr: 0.000100, 83.42s
2024-10-08 22:25:44,362 - INFO - epoch complete!
2024-10-08 22:25:44,362 - INFO - evaluating now!
2024-10-08 22:25:52,248 - INFO - Epoch [27/60] train_loss: 8.7338, val_loss: 18.6954, lr: 0.000100, 83.87s
2024-10-08 22:27:06,426 - INFO - epoch complete!
2024-10-08 22:27:06,427 - INFO - evaluating now!
2024-10-08 22:27:14,295 - INFO - Epoch [28/60] train_loss: 8.6530, val_loss: 19.0856, lr: 0.000100, 82.05s
2024-10-08 22:28:29,560 - INFO - epoch complete!
2024-10-08 22:28:29,561 - INFO - evaluating now!
2024-10-08 22:28:37,578 - INFO - Epoch [29/60] train_loss: 8.5707, val_loss: 19.2194, lr: 0.000100, 83.28s
2024-10-08 22:29:58,778 - INFO - epoch complete!
2024-10-08 22:29:58,778 - INFO - evaluating now!
2024-10-08 22:30:11,597 - INFO - Epoch [30/60] train_loss: 8.4956, val_loss: 19.4041, lr: 0.000100, 94.02s
2024-10-08 22:31:39,993 - INFO - epoch complete!
2024-10-08 22:31:39,993 - INFO - evaluating now!
2024-10-08 22:31:52,656 - INFO - Epoch [31/60] train_loss: 8.4225, val_loss: 19.3504, lr: 0.000100, 101.06s
2024-10-08 22:33:20,776 - INFO - epoch complete!
2024-10-08 22:33:20,776 - INFO - evaluating now!
2024-10-08 22:33:33,412 - INFO - Epoch [32/60] train_loss: 8.3486, val_loss: 19.6972, lr: 0.000100, 100.76s
2024-10-08 22:35:03,430 - INFO - epoch complete!
2024-10-08 22:35:03,430 - INFO - evaluating now!
2024-10-08 22:35:15,427 - INFO - Epoch [33/60] train_loss: 8.2761, val_loss: 19.9759, lr: 0.000100, 102.01s
2024-10-08 22:36:45,442 - INFO - epoch complete!
2024-10-08 22:36:45,442 - INFO - evaluating now!
2024-10-08 22:36:56,709 - INFO - Epoch [34/60] train_loss: 8.2132, val_loss: 19.9454, lr: 0.000100, 101.28s
2024-10-08 22:38:26,271 - INFO - epoch complete!
2024-10-08 22:38:26,271 - INFO - evaluating now!
2024-10-08 22:38:38,881 - INFO - Epoch [35/60] train_loss: 8.1478, val_loss: 19.8660, lr: 0.000100, 102.17s
2024-10-08 22:40:07,322 - INFO - epoch complete!
2024-10-08 22:40:07,322 - INFO - evaluating now!
2024-10-08 22:40:19,929 - INFO - Epoch [36/60] train_loss: 8.0857, val_loss: 20.1083, lr: 0.000100, 101.05s
2024-10-08 22:41:50,013 - INFO - epoch complete!
2024-10-08 22:41:50,013 - INFO - evaluating now!
2024-10-08 22:42:02,704 - INFO - Epoch [37/60] train_loss: 8.0258, val_loss: 20.5109, lr: 0.000100, 102.77s
2024-10-08 22:43:31,820 - INFO - epoch complete!
2024-10-08 22:43:31,821 - INFO - evaluating now!
2024-10-08 22:43:44,430 - INFO - Epoch [38/60] train_loss: 7.9700, val_loss: 19.9920, lr: 0.000100, 101.73s
2024-10-08 22:45:12,611 - INFO - epoch complete!
2024-10-08 22:45:12,611 - INFO - evaluating now!
2024-10-08 22:45:25,223 - INFO - Epoch [39/60] train_loss: 7.9095, val_loss: 20.2652, lr: 0.000100, 100.79s
2024-10-08 22:46:53,496 - INFO - epoch complete!
2024-10-08 22:46:53,496 - INFO - evaluating now!
2024-10-08 22:47:06,134 - INFO - Epoch [40/60] train_loss: 7.8572, val_loss: 20.6096, lr: 0.000100, 100.91s
2024-10-08 22:48:35,303 - INFO - epoch complete!
2024-10-08 22:48:35,303 - INFO - evaluating now!
2024-10-08 22:48:47,930 - INFO - Epoch [41/60] train_loss: 7.8121, val_loss: 20.6645, lr: 0.000100, 101.80s
2024-10-08 22:50:16,636 - INFO - epoch complete!
2024-10-08 22:50:16,637 - INFO - evaluating now!
2024-10-08 22:50:29,285 - INFO - Epoch [42/60] train_loss: 7.7567, val_loss: 20.9132, lr: 0.000100, 101.35s
2024-10-08 22:51:59,030 - INFO - epoch complete!
2024-10-08 22:51:59,030 - INFO - evaluating now!
2024-10-08 22:52:10,234 - INFO - Epoch [43/60] train_loss: 7.7059, val_loss: 21.0129, lr: 0.000100, 100.95s
2024-10-08 22:53:39,979 - INFO - epoch complete!
2024-10-08 22:53:39,979 - INFO - evaluating now!
2024-10-08 22:53:52,042 - INFO - Epoch [44/60] train_loss: 7.6659, val_loss: 21.0053, lr: 0.000100, 101.81s
2024-10-08 22:55:21,136 - INFO - epoch complete!
2024-10-08 22:55:21,136 - INFO - evaluating now!
2024-10-08 22:55:33,787 - INFO - Epoch [45/60] train_loss: 7.6217, val_loss: 21.2814, lr: 0.000100, 101.74s
2024-10-08 22:57:02,280 - INFO - epoch complete!
2024-10-08 22:57:02,280 - INFO - evaluating now!
2024-10-08 22:57:14,918 - INFO - Epoch [46/60] train_loss: 7.5722, val_loss: 21.3208, lr: 0.000100, 101.13s
2024-10-08 22:58:43,289 - INFO - epoch complete!
2024-10-08 22:58:43,289 - INFO - evaluating now!
2024-10-08 22:58:55,897 - INFO - Epoch [47/60] train_loss: 7.5307, val_loss: 21.1858, lr: 0.000100, 100.98s
2024-10-08 23:00:24,489 - INFO - epoch complete!
2024-10-08 23:00:24,490 - INFO - evaluating now!
2024-10-08 23:00:37,121 - INFO - Epoch [48/60] train_loss: 7.4826, val_loss: 21.6960, lr: 0.000100, 101.22s
2024-10-08 23:02:05,896 - INFO - epoch complete!
2024-10-08 23:02:05,896 - INFO - evaluating now!
2024-10-08 23:02:18,539 - INFO - Epoch [49/60] train_loss: 7.4495, val_loss: 21.8453, lr: 0.000100, 101.42s
2024-10-08 23:03:48,916 - INFO - epoch complete!
2024-10-08 23:03:48,916 - INFO - evaluating now!
2024-10-08 23:04:01,563 - INFO - Epoch [50/60] train_loss: 7.4057, val_loss: 21.8749, lr: 0.000100, 103.02s
2024-10-08 23:05:30,123 - INFO - epoch complete!
2024-10-08 23:05:30,123 - INFO - evaluating now!
2024-10-08 23:05:42,726 - INFO - Epoch [51/60] train_loss: 7.3680, val_loss: 21.5441, lr: 0.000100, 101.16s
2024-10-08 23:07:11,894 - INFO - epoch complete!
2024-10-08 23:07:11,894 - INFO - evaluating now!
2024-10-08 23:07:24,279 - INFO - Epoch [52/60] train_loss: 7.3345, val_loss: 22.2049, lr: 0.000100, 101.55s
2024-10-08 23:08:54,251 - INFO - epoch complete!
2024-10-08 23:08:54,251 - INFO - evaluating now!
2024-10-08 23:09:05,134 - INFO - Epoch [53/60] train_loss: 7.2964, val_loss: 22.0543, lr: 0.000100, 100.85s
2024-10-08 23:10:35,261 - INFO - epoch complete!
2024-10-08 23:10:35,262 - INFO - evaluating now!
2024-10-08 23:10:47,883 - INFO - Epoch [54/60] train_loss: 7.2612, val_loss: 22.2400, lr: 0.000100, 102.75s
2024-10-08 23:12:16,803 - INFO - epoch complete!
2024-10-08 23:12:16,803 - INFO - evaluating now!
2024-10-08 23:12:29,455 - INFO - Epoch [55/60] train_loss: 7.2315, val_loss: 22.4100, lr: 0.000100, 101.57s
2024-10-08 23:13:58,615 - INFO - epoch complete!
2024-10-08 23:13:58,615 - INFO - evaluating now!
2024-10-08 23:14:11,271 - INFO - Epoch [56/60] train_loss: 7.1978, val_loss: 22.3393, lr: 0.000100, 101.82s
2024-10-08 23:15:39,634 - INFO - epoch complete!
2024-10-08 23:15:39,634 - INFO - evaluating now!
2024-10-08 23:15:52,299 - INFO - Epoch [57/60] train_loss: 7.1631, val_loss: 22.6619, lr: 0.000100, 101.03s
2024-10-08 23:17:20,862 - INFO - epoch complete!
2024-10-08 23:17:20,862 - INFO - evaluating now!
2024-10-08 23:17:33,496 - INFO - Epoch [58/60] train_loss: 7.1363, val_loss: 23.0173, lr: 0.000100, 101.20s
2024-10-08 23:19:01,675 - INFO - epoch complete!
2024-10-08 23:19:01,675 - INFO - evaluating now!
2024-10-08 23:19:14,298 - INFO - Epoch [59/60] train_loss: 7.0982, val_loss: 22.3587, lr: 0.000100, 100.80s
2024-10-08 23:19:14,299 - INFO - Trained totally 60 epochs, average train time is 150.592s, average eval time is 29.839s
2024-10-08 23:19:14,341 - INFO - Loaded model at 8
2024-10-08 23:19:14,341 - INFO - Saved model at ./libcity/cache/ASTGCN(PEMS_BAY)/model_cache/ASTGCN_PEMS_BAY.m
2024-10-08 23:19:14,354 - INFO - Start evaluating ...
2024-10-08 23:19:45,121 - INFO - Note that you select the single mode to evaluate!
2024-10-08 23:19:45,123 - INFO - Evaluate result is saved at ./libcity/cache/ASTGCN(PEMS_BAY)/evaluate_cache/2024_10_08_23_19_45_ASTGCN_PEMS_BAY.csv
2024-10-08 23:19:45,127 - INFO - 
         MAE      MAPE      RMSE
1   0.996855  0.020031  1.808031
2   1.148315  0.023602  2.194142
3   1.279827  0.026800  2.525816
4   1.393605  0.029645  2.809609
5   1.494032  0.032189  3.050620
6   1.584499  0.034501  3.260040
7   1.668011  0.036622  3.444216
8   1.743694  0.038569  3.607964
9   1.815614  0.040406  3.755654
10  1.882307  0.042097  3.888625
11  1.947837  0.043721  4.011923
12  2.010565  0.045270  4.126780
