2024-10-08 20:13:02,311 - INFO - Log directory: ./libcity/log
2024-10-08 20:13:02,311 - INFO - Begin pipeline, task=MTS_pred, model_name=ASTGCN, dataset_name=humidity, exp_id=ASTGCN(humidity)
2024-10-08 20:13:02,311 - INFO - {'task': 'MTS_pred', 'model': 'ASTGCN', 'dataset': 'humidity', 'saved_model': True, 'exp_id': 'ASTGCN(humidity)', 'seed': 0, 'batch_size': 16, 'max_epoch': 60, 'dataset_class': 'StatePointDataset', 'executor': 'StateExecutor', 'evaluator': 'StateEvaluator', 'nb_block': 2, 'K': 3, 'nb_chev_filter': 64, 'nb_time_filter': 64, 'bidir_adj_mx': True, 'scaler': 'standard', 'load_external': False, 'normal_external': False, 'ext_scaler': 'none', 'add_time_in_day': False, 'add_day_in_week': False, 'train_rate': 0.6, 'eval_rate': 0.2, 'learner': 'adam', 'learning_rate': 0.0001, 'lr_decay': False, 'clip_grad_norm': False, 'use_early_stop': False, 'cache_dataset': True, 'num_workers': 0, 'pad_with_last_sample': True, 'input_window': 12, 'output_window': 12, 'robustness_test': False, 'noise_type': 'gaussian', 'disturb_rate': 0.5, 'noise_mean': [5], 'noise_SD': [10], 'gpu': True, 'gpu_id': 0, 'train_loss': 'none', 'epoch': 0, 'weight_decay': 0, 'lr_epsilon': 1e-08, 'lr_beta1': 0.9, 'lr_beta2': 0.999, 'lr_alpha': 0.99, 'lr_momentum': 0, 'lr_scheduler': 'multisteplr', 'lr_decay_ratio': 0.1, 'steps': [5, 20, 40, 70], 'step_size': 10, 'lr_T_max': 30, 'lr_eta_min': 0, 'lr_patience': 10, 'lr_threshold': 0.0001, 'max_grad_norm': 1.0, 'patience': 50, 'log_level': 'INFO', 'log_every': 1, 'load_best_epoch': True, 'hyper_tune': False, 'metrics': ['MAE', 'MAPE', 'RMSE'], 'evaluator_mode': 'single', 'save_mode': ['csv'], 'geo': {'including_types': ['Point'], 'Point': {}}, 'rel': {'including_types': ['geo'], 'geo': {'cost': 'num'}}, 'dyna': {'including_types': ['state'], 'state': {'entity_id': 'geo_id', 'traffic_speed': 'num'}}, 'data_col': ['traffic_speed'], 'weight_col': 'cost', 'data_files': ['humidity'], 'geo_file': 'humidity', 'rel_file': 'humidity', 'output_dim': 1, 'time_intervals': 300, 'init_weight_inf_or_zero': 'inf', 'set_weight_link_or_dist': 'dist', 'calculate_weight_adj': True, 'weight_adj_epsilon': 0.1, 'device': device(type='cuda', index=0)}
2024-10-08 20:13:04,100 - INFO - Loaded file humidity_feature.csv, shape=(3322, 2048, 1)
2024-10-08 20:13:04,935 - INFO - Dataset created
2024-10-08 20:13:04,935 - INFO - x shape: (3299, 12, 2048, 1), y shape: (3299, 12, 2048, 1)
2024-10-08 20:13:04,939 - INFO - train	x: (1979, 12, 2048, 1), y: (1979, 12, 2048, 1)
2024-10-08 20:13:04,939 - INFO - eval	x: (660, 12, 2048, 1), y: (660, 12, 2048, 1)
2024-10-08 20:13:04,939 - INFO - test	x: (660, 12, 2048, 1), y: (660, 12, 2048, 1)
2024-10-08 20:14:48,382 - INFO - Saved at ./libcity/cache/dataset_cache/point_based_humidity_12_12_0.6_0.2_standard_16_False_False_False_True.npz
2024-10-08 20:14:48,524 - INFO - StandardScaler mean: 78.6337421514546, std: 17.43645613708651
2024-10-08 20:14:48,524 - INFO - NoneScaler
2024-10-08 20:15:03,049 - INFO - ASTGCN(
  (ASTGCN_submodule): ASTGCNSubmodule(
    (BlockList): ModuleList(
      (0): ASTGCNBlock(
        (TAt): TemporalAttentionLayer()
        (SAt): SpatialAttentionLayer()
        (cheb_conv_SAt): ChebConvWithSAt(
          (Theta): ParameterList(
              (0): Parameter containing: [torch.float32 of size 1x64 (cuda:0)]
              (1): Parameter containing: [torch.float32 of size 1x64 (cuda:0)]
              (2): Parameter containing: [torch.float32 of size 1x64 (cuda:0)]
          )
        )
        (time_conv): Conv2d(64, 64, kernel_size=(1, 3), stride=(1, 1), padding=(0, 1))
        (residual_conv): Conv2d(1, 64, kernel_size=(1, 1), stride=(1, 1))
        (ln): LayerNorm((64,), eps=1e-05, elementwise_affine=True)
      )
      (1): ASTGCNBlock(
        (TAt): TemporalAttentionLayer()
        (SAt): SpatialAttentionLayer()
        (cheb_conv_SAt): ChebConvWithSAt(
          (Theta): ParameterList(
              (0): Parameter containing: [torch.float32 of size 64x64 (cuda:0)]
              (1): Parameter containing: [torch.float32 of size 64x64 (cuda:0)]
              (2): Parameter containing: [torch.float32 of size 64x64 (cuda:0)]
          )
        )
        (time_conv): Conv2d(64, 64, kernel_size=(1, 3), stride=(1, 1), padding=(0, 1))
        (residual_conv): Conv2d(64, 64, kernel_size=(1, 1), stride=(1, 1))
        (ln): LayerNorm((64,), eps=1e-05, elementwise_affine=True)
      )
    )
    (final_conv): Conv2d(12, 12, kernel_size=(1, 64), stride=(1, 1))
  )
)
2024-10-08 20:15:03,049 - INFO - ASTGCN_submodule.BlockList.0.TAt.U1	torch.Size([2048])	cuda:0	True
2024-10-08 20:15:03,049 - INFO - ASTGCN_submodule.BlockList.0.TAt.U2	torch.Size([1, 2048])	cuda:0	True
2024-10-08 20:15:03,049 - INFO - ASTGCN_submodule.BlockList.0.TAt.U3	torch.Size([1])	cuda:0	True
2024-10-08 20:15:03,049 - INFO - ASTGCN_submodule.BlockList.0.TAt.be	torch.Size([1, 12, 12])	cuda:0	True
2024-10-08 20:15:03,049 - INFO - ASTGCN_submodule.BlockList.0.TAt.Ve	torch.Size([12, 12])	cuda:0	True
2024-10-08 20:15:03,049 - INFO - ASTGCN_submodule.BlockList.0.SAt.W1	torch.Size([12])	cuda:0	True
2024-10-08 20:15:03,049 - INFO - ASTGCN_submodule.BlockList.0.SAt.W2	torch.Size([1, 12])	cuda:0	True
2024-10-08 20:15:03,049 - INFO - ASTGCN_submodule.BlockList.0.SAt.W3	torch.Size([1])	cuda:0	True
2024-10-08 20:15:03,049 - INFO - ASTGCN_submodule.BlockList.0.SAt.bs	torch.Size([1, 2048, 2048])	cuda:0	True
2024-10-08 20:15:03,049 - INFO - ASTGCN_submodule.BlockList.0.SAt.Vs	torch.Size([2048, 2048])	cuda:0	True
2024-10-08 20:15:03,049 - INFO - ASTGCN_submodule.BlockList.0.cheb_conv_SAt.Theta.0	torch.Size([1, 64])	cuda:0	True
2024-10-08 20:15:03,050 - INFO - ASTGCN_submodule.BlockList.0.cheb_conv_SAt.Theta.1	torch.Size([1, 64])	cuda:0	True
2024-10-08 20:15:03,050 - INFO - ASTGCN_submodule.BlockList.0.cheb_conv_SAt.Theta.2	torch.Size([1, 64])	cuda:0	True
2024-10-08 20:15:03,050 - INFO - ASTGCN_submodule.BlockList.0.time_conv.weight	torch.Size([64, 64, 1, 3])	cuda:0	True
2024-10-08 20:15:03,050 - INFO - ASTGCN_submodule.BlockList.0.time_conv.bias	torch.Size([64])	cuda:0	True
2024-10-08 20:15:03,050 - INFO - ASTGCN_submodule.BlockList.0.residual_conv.weight	torch.Size([64, 1, 1, 1])	cuda:0	True
2024-10-08 20:15:03,050 - INFO - ASTGCN_submodule.BlockList.0.residual_conv.bias	torch.Size([64])	cuda:0	True
2024-10-08 20:15:03,050 - INFO - ASTGCN_submodule.BlockList.0.ln.weight	torch.Size([64])	cuda:0	True
2024-10-08 20:15:03,050 - INFO - ASTGCN_submodule.BlockList.0.ln.bias	torch.Size([64])	cuda:0	True
2024-10-08 20:15:03,050 - INFO - ASTGCN_submodule.BlockList.1.TAt.U1	torch.Size([2048])	cuda:0	True
2024-10-08 20:15:03,050 - INFO - ASTGCN_submodule.BlockList.1.TAt.U2	torch.Size([64, 2048])	cuda:0	True
2024-10-08 20:15:03,050 - INFO - ASTGCN_submodule.BlockList.1.TAt.U3	torch.Size([64])	cuda:0	True
2024-10-08 20:15:03,050 - INFO - ASTGCN_submodule.BlockList.1.TAt.be	torch.Size([1, 12, 12])	cuda:0	True
2024-10-08 20:15:03,050 - INFO - ASTGCN_submodule.BlockList.1.TAt.Ve	torch.Size([12, 12])	cuda:0	True
2024-10-08 20:15:03,050 - INFO - ASTGCN_submodule.BlockList.1.SAt.W1	torch.Size([12])	cuda:0	True
2024-10-08 20:15:03,050 - INFO - ASTGCN_submodule.BlockList.1.SAt.W2	torch.Size([64, 12])	cuda:0	True
2024-10-08 20:15:03,050 - INFO - ASTGCN_submodule.BlockList.1.SAt.W3	torch.Size([64])	cuda:0	True
2024-10-08 20:15:03,050 - INFO - ASTGCN_submodule.BlockList.1.SAt.bs	torch.Size([1, 2048, 2048])	cuda:0	True
2024-10-08 20:15:03,050 - INFO - ASTGCN_submodule.BlockList.1.SAt.Vs	torch.Size([2048, 2048])	cuda:0	True
2024-10-08 20:15:03,050 - INFO - ASTGCN_submodule.BlockList.1.cheb_conv_SAt.Theta.0	torch.Size([64, 64])	cuda:0	True
2024-10-08 20:15:03,050 - INFO - ASTGCN_submodule.BlockList.1.cheb_conv_SAt.Theta.1	torch.Size([64, 64])	cuda:0	True
2024-10-08 20:15:03,050 - INFO - ASTGCN_submodule.BlockList.1.cheb_conv_SAt.Theta.2	torch.Size([64, 64])	cuda:0	True
2024-10-08 20:15:03,050 - INFO - ASTGCN_submodule.BlockList.1.time_conv.weight	torch.Size([64, 64, 1, 3])	cuda:0	True
2024-10-08 20:15:03,050 - INFO - ASTGCN_submodule.BlockList.1.time_conv.bias	torch.Size([64])	cuda:0	True
2024-10-08 20:15:03,050 - INFO - ASTGCN_submodule.BlockList.1.residual_conv.weight	torch.Size([64, 64, 1, 1])	cuda:0	True
2024-10-08 20:15:03,050 - INFO - ASTGCN_submodule.BlockList.1.residual_conv.bias	torch.Size([64])	cuda:0	True
2024-10-08 20:15:03,050 - INFO - ASTGCN_submodule.BlockList.1.ln.weight	torch.Size([64])	cuda:0	True
2024-10-08 20:15:03,050 - INFO - ASTGCN_submodule.BlockList.1.ln.bias	torch.Size([64])	cuda:0	True
2024-10-08 20:15:03,051 - INFO - ASTGCN_submodule.final_conv.weight	torch.Size([12, 12, 1, 64])	cuda:0	True
2024-10-08 20:15:03,051 - INFO - ASTGCN_submodule.final_conv.bias	torch.Size([12])	cuda:0	True
2024-10-08 20:15:03,051 - INFO - Total parameter numbers: 16966898
2024-10-08 20:15:03,051 - INFO - You select `adam` optimizer.
2024-10-08 20:15:03,472 - WARNING - Received none train loss func and will use the loss func defined in the model.
2024-10-08 20:15:03,472 - INFO - Start training ...
2024-10-08 20:15:03,472 - INFO - num_batches:124
2024-10-08 20:15:52,339 - INFO - epoch complete!
2024-10-08 20:15:52,339 - INFO - evaluating now!
2024-10-08 20:15:58,297 - INFO - Epoch [0/60] train_loss: 267.5111, val_loss: 166.1778, lr: 0.000100, 54.82s
2024-10-08 20:15:58,458 - INFO - Saved model at 0
2024-10-08 20:15:58,458 - INFO - Val loss decrease from inf to 166.1778, saving to ./libcity/cache/ASTGCN(humidity)/model_cache/ASTGCN_humidity_epoch0.tar
2024-10-08 20:16:47,274 - INFO - epoch complete!
2024-10-08 20:16:47,274 - INFO - evaluating now!
2024-10-08 20:16:53,230 - INFO - Epoch [1/60] train_loss: 149.7849, val_loss: 140.2883, lr: 0.000100, 54.77s
2024-10-08 20:16:53,392 - INFO - Saved model at 1
2024-10-08 20:16:53,392 - INFO - Val loss decrease from 166.1778 to 140.2883, saving to ./libcity/cache/ASTGCN(humidity)/model_cache/ASTGCN_humidity_epoch1.tar
2024-10-08 20:17:41,844 - INFO - epoch complete!
2024-10-08 20:17:41,844 - INFO - evaluating now!
2024-10-08 20:17:47,795 - INFO - Epoch [2/60] train_loss: 138.0032, val_loss: 135.3499, lr: 0.000100, 54.40s
2024-10-08 20:17:47,954 - INFO - Saved model at 2
2024-10-08 20:17:47,954 - INFO - Val loss decrease from 140.2883 to 135.3499, saving to ./libcity/cache/ASTGCN(humidity)/model_cache/ASTGCN_humidity_epoch2.tar
2024-10-08 20:18:36,439 - INFO - epoch complete!
2024-10-08 20:18:36,439 - INFO - evaluating now!
2024-10-08 20:18:42,400 - INFO - Epoch [3/60] train_loss: 134.2593, val_loss: 132.9382, lr: 0.000100, 54.45s
2024-10-08 20:18:42,560 - INFO - Saved model at 3
2024-10-08 20:18:42,560 - INFO - Val loss decrease from 135.3499 to 132.9382, saving to ./libcity/cache/ASTGCN(humidity)/model_cache/ASTGCN_humidity_epoch3.tar
2024-10-08 20:19:45,795 - INFO - epoch complete!
2024-10-08 20:19:45,796 - INFO - evaluating now!
2024-10-08 20:19:53,583 - INFO - Epoch [4/60] train_loss: 132.1063, val_loss: 131.3119, lr: 0.000100, 71.02s
2024-10-08 20:19:53,745 - INFO - Saved model at 4
2024-10-08 20:19:53,745 - INFO - Val loss decrease from 132.9382 to 131.3119, saving to ./libcity/cache/ASTGCN(humidity)/model_cache/ASTGCN_humidity_epoch4.tar
2024-10-08 20:21:13,176 - INFO - epoch complete!
2024-10-08 20:21:13,177 - INFO - evaluating now!
2024-10-08 20:21:24,889 - INFO - Epoch [5/60] train_loss: 130.4949, val_loss: 130.0095, lr: 0.000100, 91.14s
2024-10-08 20:21:25,062 - INFO - Saved model at 5
2024-10-08 20:21:25,062 - INFO - Val loss decrease from 131.3119 to 130.0095, saving to ./libcity/cache/ASTGCN(humidity)/model_cache/ASTGCN_humidity_epoch5.tar
2024-10-08 20:22:53,602 - INFO - epoch complete!
2024-10-08 20:22:53,602 - INFO - evaluating now!
2024-10-08 20:23:04,945 - INFO - Epoch [6/60] train_loss: 129.2334, val_loss: 129.2834, lr: 0.000100, 99.88s
2024-10-08 20:23:05,123 - INFO - Saved model at 6
2024-10-08 20:23:05,124 - INFO - Val loss decrease from 130.0095 to 129.2834, saving to ./libcity/cache/ASTGCN(humidity)/model_cache/ASTGCN_humidity_epoch6.tar
2024-10-08 20:24:42,151 - INFO - epoch complete!
2024-10-08 20:24:42,154 - INFO - evaluating now!
2024-10-08 20:24:54,294 - INFO - Epoch [7/60] train_loss: 128.1795, val_loss: 128.4922, lr: 0.000100, 109.17s
2024-10-08 20:24:54,495 - INFO - Saved model at 7
2024-10-08 20:24:54,495 - INFO - Val loss decrease from 129.2834 to 128.4922, saving to ./libcity/cache/ASTGCN(humidity)/model_cache/ASTGCN_humidity_epoch7.tar
2024-10-08 20:26:38,929 - INFO - epoch complete!
2024-10-08 20:26:38,930 - INFO - evaluating now!
2024-10-08 20:26:51,351 - INFO - Epoch [8/60] train_loss: 127.1481, val_loss: 127.5723, lr: 0.000100, 116.86s
2024-10-08 20:26:51,622 - INFO - Saved model at 8
2024-10-08 20:26:51,623 - INFO - Val loss decrease from 128.4922 to 127.5723, saving to ./libcity/cache/ASTGCN(humidity)/model_cache/ASTGCN_humidity_epoch8.tar
2024-10-08 20:28:37,766 - INFO - epoch complete!
2024-10-08 20:28:37,766 - INFO - evaluating now!
2024-10-08 20:28:55,153 - INFO - Epoch [9/60] train_loss: 126.1426, val_loss: 127.0897, lr: 0.000100, 123.53s
2024-10-08 20:28:55,331 - INFO - Saved model at 9
2024-10-08 20:28:55,331 - INFO - Val loss decrease from 127.5723 to 127.0897, saving to ./libcity/cache/ASTGCN(humidity)/model_cache/ASTGCN_humidity_epoch9.tar
2024-10-08 20:31:18,464 - INFO - epoch complete!
2024-10-08 20:31:18,465 - INFO - evaluating now!
2024-10-08 20:31:35,930 - INFO - Epoch [10/60] train_loss: 125.2290, val_loss: 126.6343, lr: 0.000100, 160.60s
2024-10-08 20:31:36,107 - INFO - Saved model at 10
2024-10-08 20:31:36,107 - INFO - Val loss decrease from 127.0897 to 126.6343, saving to ./libcity/cache/ASTGCN(humidity)/model_cache/ASTGCN_humidity_epoch10.tar
2024-10-08 20:34:08,937 - INFO - epoch complete!
2024-10-08 20:34:08,938 - INFO - evaluating now!
2024-10-08 20:34:24,730 - INFO - Epoch [11/60] train_loss: 124.4310, val_loss: 126.2830, lr: 0.000100, 168.62s
2024-10-08 20:34:24,908 - INFO - Saved model at 11
2024-10-08 20:34:24,908 - INFO - Val loss decrease from 126.6343 to 126.2830, saving to ./libcity/cache/ASTGCN(humidity)/model_cache/ASTGCN_humidity_epoch11.tar
2024-10-08 20:36:55,822 - INFO - epoch complete!
2024-10-08 20:36:55,822 - INFO - evaluating now!
2024-10-08 20:37:14,264 - INFO - Epoch [12/60] train_loss: 123.5699, val_loss: 125.9134, lr: 0.000100, 169.36s
2024-10-08 20:37:14,457 - INFO - Saved model at 12
2024-10-08 20:37:14,457 - INFO - Val loss decrease from 126.2830 to 125.9134, saving to ./libcity/cache/ASTGCN(humidity)/model_cache/ASTGCN_humidity_epoch12.tar
2024-10-08 20:39:52,867 - INFO - epoch complete!
2024-10-08 20:39:52,868 - INFO - evaluating now!
2024-10-08 20:40:12,055 - INFO - Epoch [13/60] train_loss: 122.7422, val_loss: 125.8700, lr: 0.000100, 177.60s
2024-10-08 20:40:12,233 - INFO - Saved model at 13
2024-10-08 20:40:12,234 - INFO - Val loss decrease from 125.9134 to 125.8700, saving to ./libcity/cache/ASTGCN(humidity)/model_cache/ASTGCN_humidity_epoch13.tar
2024-10-08 20:42:47,979 - INFO - epoch complete!
2024-10-08 20:42:47,979 - INFO - evaluating now!
2024-10-08 20:43:06,133 - INFO - Epoch [14/60] train_loss: 121.8807, val_loss: 125.1392, lr: 0.000100, 173.90s
2024-10-08 20:43:06,317 - INFO - Saved model at 14
2024-10-08 20:43:06,317 - INFO - Val loss decrease from 125.8700 to 125.1392, saving to ./libcity/cache/ASTGCN(humidity)/model_cache/ASTGCN_humidity_epoch14.tar
2024-10-08 20:45:42,181 - INFO - epoch complete!
2024-10-08 20:45:42,181 - INFO - evaluating now!
2024-10-08 20:46:00,207 - INFO - Epoch [15/60] train_loss: 120.9556, val_loss: 124.8972, lr: 0.000100, 173.89s
2024-10-08 20:46:00,387 - INFO - Saved model at 15
2024-10-08 20:46:00,388 - INFO - Val loss decrease from 125.1392 to 124.8972, saving to ./libcity/cache/ASTGCN(humidity)/model_cache/ASTGCN_humidity_epoch15.tar
2024-10-08 20:48:39,504 - INFO - epoch complete!
2024-10-08 20:48:39,505 - INFO - evaluating now!
2024-10-08 20:48:58,552 - INFO - Epoch [16/60] train_loss: 119.7247, val_loss: 123.7087, lr: 0.000100, 178.16s
2024-10-08 20:48:58,738 - INFO - Saved model at 16
2024-10-08 20:48:58,738 - INFO - Val loss decrease from 124.8972 to 123.7087, saving to ./libcity/cache/ASTGCN(humidity)/model_cache/ASTGCN_humidity_epoch16.tar
2024-10-08 20:51:21,994 - INFO - epoch complete!
2024-10-08 20:51:21,994 - INFO - evaluating now!
2024-10-08 20:51:38,440 - INFO - Epoch [17/60] train_loss: 118.1739, val_loss: 123.2499, lr: 0.000100, 159.70s
2024-10-08 20:51:38,623 - INFO - Saved model at 17
2024-10-08 20:51:38,623 - INFO - Val loss decrease from 123.7087 to 123.2499, saving to ./libcity/cache/ASTGCN(humidity)/model_cache/ASTGCN_humidity_epoch17.tar
2024-10-08 20:54:00,534 - INFO - epoch complete!
2024-10-08 20:54:00,534 - INFO - evaluating now!
2024-10-08 20:54:17,946 - INFO - Epoch [18/60] train_loss: 116.5044, val_loss: 122.9604, lr: 0.000100, 159.32s
2024-10-08 20:54:18,125 - INFO - Saved model at 18
2024-10-08 20:54:18,125 - INFO - Val loss decrease from 123.2499 to 122.9604, saving to ./libcity/cache/ASTGCN(humidity)/model_cache/ASTGCN_humidity_epoch18.tar
2024-10-08 20:56:03,879 - INFO - epoch complete!
2024-10-08 20:56:03,879 - INFO - evaluating now!
2024-10-08 20:56:14,292 - INFO - Epoch [19/60] train_loss: 114.8032, val_loss: 122.9883, lr: 0.000100, 116.17s
2024-10-08 20:57:44,088 - INFO - epoch complete!
2024-10-08 20:57:44,089 - INFO - evaluating now!
2024-10-08 20:57:54,316 - INFO - Epoch [20/60] train_loss: 113.2337, val_loss: 123.2905, lr: 0.000100, 100.02s
2024-10-08 20:59:27,768 - INFO - epoch complete!
2024-10-08 20:59:27,768 - INFO - evaluating now!
2024-10-08 20:59:39,231 - INFO - Epoch [21/60] train_loss: 111.6907, val_loss: 123.9419, lr: 0.000100, 104.92s
2024-10-08 21:01:12,460 - INFO - epoch complete!
2024-10-08 21:01:12,461 - INFO - evaluating now!
2024-10-08 21:01:24,018 - INFO - Epoch [22/60] train_loss: 110.2171, val_loss: 124.2497, lr: 0.000100, 104.79s
2024-10-08 21:02:52,496 - INFO - epoch complete!
2024-10-08 21:02:52,497 - INFO - evaluating now!
2024-10-08 21:03:03,210 - INFO - Epoch [23/60] train_loss: 108.8746, val_loss: 124.3886, lr: 0.000100, 99.19s
2024-10-08 21:04:37,966 - INFO - epoch complete!
2024-10-08 21:04:37,966 - INFO - evaluating now!
2024-10-08 21:04:48,434 - INFO - Epoch [24/60] train_loss: 107.5930, val_loss: 125.8604, lr: 0.000100, 105.22s
2024-10-08 21:06:22,774 - INFO - epoch complete!
2024-10-08 21:06:22,774 - INFO - evaluating now!
2024-10-08 21:06:33,882 - INFO - Epoch [25/60] train_loss: 106.4724, val_loss: 125.6519, lr: 0.000100, 105.45s
2024-10-08 21:08:02,705 - INFO - epoch complete!
2024-10-08 21:08:02,705 - INFO - evaluating now!
2024-10-08 21:08:14,364 - INFO - Epoch [26/60] train_loss: 105.4060, val_loss: 126.9212, lr: 0.000100, 100.48s
2024-10-08 21:09:47,802 - INFO - epoch complete!
2024-10-08 21:09:47,803 - INFO - evaluating now!
2024-10-08 21:09:59,248 - INFO - Epoch [27/60] train_loss: 104.4940, val_loss: 127.0538, lr: 0.000100, 104.88s
2024-10-08 21:11:32,541 - INFO - epoch complete!
2024-10-08 21:11:32,541 - INFO - evaluating now!
2024-10-08 21:11:41,854 - INFO - Epoch [28/60] train_loss: 103.6880, val_loss: 127.7562, lr: 0.000100, 102.61s
2024-10-08 21:13:14,193 - INFO - epoch complete!
2024-10-08 21:13:14,193 - INFO - evaluating now!
2024-10-08 21:13:25,380 - INFO - Epoch [29/60] train_loss: 102.9196, val_loss: 127.9250, lr: 0.000100, 103.53s
2024-10-08 21:15:00,228 - INFO - epoch complete!
2024-10-08 21:15:00,228 - INFO - evaluating now!
2024-10-08 21:15:11,976 - INFO - Epoch [30/60] train_loss: 102.3098, val_loss: 128.3822, lr: 0.000100, 106.60s
2024-10-08 21:16:41,658 - INFO - epoch complete!
2024-10-08 21:16:41,659 - INFO - evaluating now!
2024-10-08 21:16:52,582 - INFO - Epoch [31/60] train_loss: 101.7799, val_loss: 128.6530, lr: 0.000100, 100.61s
2024-10-08 21:19:15,473 - INFO - epoch complete!
2024-10-08 21:19:15,473 - INFO - evaluating now!
2024-10-08 21:19:32,767 - INFO - Epoch [32/60] train_loss: 101.2220, val_loss: 128.9861, lr: 0.000100, 160.19s
2024-10-08 21:21:57,905 - INFO - epoch complete!
2024-10-08 21:21:57,905 - INFO - evaluating now!
2024-10-08 21:22:14,297 - INFO - Epoch [33/60] train_loss: 100.7755, val_loss: 129.5446, lr: 0.000100, 161.53s
2024-10-08 21:24:33,733 - INFO - epoch complete!
2024-10-08 21:24:33,733 - INFO - evaluating now!
2024-10-08 21:24:51,243 - INFO - Epoch [34/60] train_loss: 100.3393, val_loss: 129.4334, lr: 0.000100, 156.95s
2024-10-08 21:27:15,197 - INFO - epoch complete!
2024-10-08 21:27:15,197 - INFO - evaluating now!
2024-10-08 21:27:32,701 - INFO - Epoch [35/60] train_loss: 99.9233, val_loss: 129.6994, lr: 0.000100, 161.46s
2024-10-08 21:29:57,597 - INFO - epoch complete!
2024-10-08 21:29:57,597 - INFO - evaluating now!
2024-10-08 21:30:14,339 - INFO - Epoch [36/60] train_loss: 99.5858, val_loss: 130.3019, lr: 0.000100, 161.64s
2024-10-08 21:32:33,866 - INFO - epoch complete!
2024-10-08 21:32:33,867 - INFO - evaluating now!
2024-10-08 21:32:50,867 - INFO - Epoch [37/60] train_loss: 99.2755, val_loss: 130.4623, lr: 0.000100, 156.53s
2024-10-08 21:35:15,434 - INFO - epoch complete!
2024-10-08 21:35:15,434 - INFO - evaluating now!
2024-10-08 21:35:32,930 - INFO - Epoch [38/60] train_loss: 98.9984, val_loss: 131.0908, lr: 0.000100, 162.06s
2024-10-08 21:37:56,923 - INFO - epoch complete!
2024-10-08 21:37:56,924 - INFO - evaluating now!
2024-10-08 21:38:14,191 - INFO - Epoch [39/60] train_loss: 98.6969, val_loss: 131.1464, lr: 0.000100, 161.26s
2024-10-08 21:40:33,962 - INFO - epoch complete!
2024-10-08 21:40:33,962 - INFO - evaluating now!
2024-10-08 21:40:50,382 - INFO - Epoch [40/60] train_loss: 98.4584, val_loss: 131.1717, lr: 0.000100, 156.19s
2024-10-08 21:43:09,354 - INFO - epoch complete!
2024-10-08 21:43:09,354 - INFO - evaluating now!
2024-10-08 21:43:23,015 - INFO - Epoch [41/60] train_loss: 98.2266, val_loss: 131.3779, lr: 0.000100, 152.63s
2024-10-08 21:45:18,683 - INFO - epoch complete!
2024-10-08 21:45:18,684 - INFO - evaluating now!
2024-10-08 21:45:31,329 - INFO - Epoch [42/60] train_loss: 97.9936, val_loss: 131.7072, lr: 0.000100, 128.31s
2024-10-08 21:47:23,005 - INFO - epoch complete!
2024-10-08 21:47:23,006 - INFO - evaluating now!
2024-10-08 21:47:36,658 - INFO - Epoch [43/60] train_loss: 97.8191, val_loss: 132.2218, lr: 0.000100, 125.33s
2024-10-08 21:49:32,697 - INFO - epoch complete!
2024-10-08 21:49:32,697 - INFO - evaluating now!
2024-10-08 21:49:46,397 - INFO - Epoch [44/60] train_loss: 97.5926, val_loss: 131.9461, lr: 0.000100, 129.74s
2024-10-08 21:51:40,862 - INFO - epoch complete!
2024-10-08 21:51:40,862 - INFO - evaluating now!
2024-10-08 21:51:53,513 - INFO - Epoch [45/60] train_loss: 97.3968, val_loss: 131.9871, lr: 0.000100, 127.12s
2024-10-08 21:53:46,423 - INFO - epoch complete!
2024-10-08 21:53:46,424 - INFO - evaluating now!
2024-10-08 21:54:00,104 - INFO - Epoch [46/60] train_loss: 97.2199, val_loss: 132.4420, lr: 0.000100, 126.59s
2024-10-08 21:55:56,246 - INFO - epoch complete!
2024-10-08 21:55:56,246 - INFO - evaluating now!
2024-10-08 21:56:09,926 - INFO - Epoch [47/60] train_loss: 97.0417, val_loss: 132.5797, lr: 0.000100, 129.82s
2024-10-08 21:58:03,161 - INFO - epoch complete!
2024-10-08 21:58:03,161 - INFO - evaluating now!
2024-10-08 21:58:15,814 - INFO - Epoch [48/60] train_loss: 96.8871, val_loss: 132.6421, lr: 0.000100, 125.89s
2024-10-08 22:00:09,998 - INFO - epoch complete!
2024-10-08 22:00:09,998 - INFO - evaluating now!
2024-10-08 22:00:23,655 - INFO - Epoch [49/60] train_loss: 96.7574, val_loss: 132.5236, lr: 0.000100, 127.84s
2024-10-08 22:02:19,760 - INFO - epoch complete!
2024-10-08 22:02:19,760 - INFO - evaluating now!
2024-10-08 22:02:33,428 - INFO - Epoch [50/60] train_loss: 96.5829, val_loss: 132.5803, lr: 0.000100, 129.77s
2024-10-08 22:04:25,406 - INFO - epoch complete!
2024-10-08 22:04:25,407 - INFO - evaluating now!
2024-10-08 22:04:38,001 - INFO - Epoch [51/60] train_loss: 96.4912, val_loss: 133.1155, lr: 0.000100, 124.57s
2024-10-08 22:05:58,442 - INFO - epoch complete!
2024-10-08 22:05:58,443 - INFO - evaluating now!
2024-10-08 22:06:06,234 - INFO - Epoch [52/60] train_loss: 96.3433, val_loss: 133.0021, lr: 0.000100, 88.23s
2024-10-08 22:07:11,649 - INFO - epoch complete!
2024-10-08 22:07:11,650 - INFO - evaluating now!
2024-10-08 22:07:19,424 - INFO - Epoch [53/60] train_loss: 96.1836, val_loss: 133.7461, lr: 0.000100, 73.19s
2024-10-08 22:08:19,458 - INFO - epoch complete!
2024-10-08 22:08:19,458 - INFO - evaluating now!
2024-10-08 22:08:27,207 - INFO - Epoch [54/60] train_loss: 96.0715, val_loss: 133.2244, lr: 0.000100, 67.78s
2024-10-08 22:09:32,659 - INFO - epoch complete!
2024-10-08 22:09:32,659 - INFO - evaluating now!
2024-10-08 22:09:40,429 - INFO - Epoch [55/60] train_loss: 95.9393, val_loss: 133.3041, lr: 0.000100, 73.22s
2024-10-08 22:10:45,879 - INFO - epoch complete!
2024-10-08 22:10:45,879 - INFO - evaluating now!
2024-10-08 22:10:53,679 - INFO - Epoch [56/60] train_loss: 95.8340, val_loss: 133.7294, lr: 0.000100, 73.25s
2024-10-08 22:11:53,708 - INFO - epoch complete!
2024-10-08 22:11:53,708 - INFO - evaluating now!
2024-10-08 22:12:01,470 - INFO - Epoch [57/60] train_loss: 95.7115, val_loss: 133.4883, lr: 0.000100, 67.79s
2024-10-08 22:13:06,880 - INFO - epoch complete!
2024-10-08 22:13:06,880 - INFO - evaluating now!
2024-10-08 22:13:14,670 - INFO - Epoch [58/60] train_loss: 95.6267, val_loss: 133.7152, lr: 0.000100, 73.20s
2024-10-08 22:14:20,119 - INFO - epoch complete!
2024-10-08 22:14:20,119 - INFO - evaluating now!
2024-10-08 22:14:27,148 - INFO - Epoch [59/60] train_loss: 95.5440, val_loss: 133.9806, lr: 0.000100, 72.48s
2024-10-08 22:14:27,148 - INFO - Trained totally 60 epochs, average train time is 106.667s, average eval time is 12.669s
2024-10-08 22:14:27,263 - INFO - Loaded model at 18
2024-10-08 22:14:27,263 - INFO - Saved model at ./libcity/cache/ASTGCN(humidity)/model_cache/ASTGCN_humidity.m
2024-10-08 22:14:27,434 - INFO - Start evaluating ...
2024-10-08 22:14:45,476 - INFO - Note that you select the single mode to evaluate!
2024-10-08 22:14:45,478 - INFO - Evaluate result is saved at ./libcity/cache/ASTGCN(humidity)/evaluate_cache/2024_10_08_22_14_45_ASTGCN_humidity.csv
2024-10-08 22:14:45,482 - INFO - 
         MAE      MAPE       RMSE
1   7.362810  0.114623  10.031991
2   7.700846  0.120453  10.421962
3   7.872477  0.123459  10.621300
4   7.978696  0.125288  10.740995
5   8.052397  0.126516  10.824256
6   8.104639  0.127345  10.882975
7   8.147740  0.128054  10.930388
8   8.182811  0.128644  10.969799
9   8.212241  0.129092  11.001921
10  8.238117  0.129516  11.029412
11  8.258504  0.129870  11.052265
12  8.274526  0.130181  11.071263
