2025-05-28 14:15:18,294 - INFO - Log directory: ./libcity/log
2025-05-28 14:15:18,295 - INFO - Begin pipeline, task=MTS_pred, model_name=RNN, dataset_name=cloud, exp_id=cloud_RNN1
2025-05-28 14:15:18,295 - INFO - {'task': 'MTS_pred', 'model': 'RNN', 'dataset': 'cloud', 'saved_model': True, 'exp_id': 'cloud_RNN1', 'seed': 0, 'max_epoch': 20, 'dataset_class': 'StatePointDataset', 'executor': 'StateExecutor', 'evaluator': 'StateEvaluator', 'rnn_type': 'RNN', 'hidden_size': 64, 'num_layers': 1, 'dropout': 0, 'bidirectional': False, 'teacher_forcing_ratio': 0, 'scaler': 'standard', 'load_external': False, 'normal_external': False, 'ext_scaler': 'none', 'add_time_in_day': True, 'add_day_in_week': False, 'learner': 'adam', 'learning_rate': 0.01, 'lr_decay': True, 'lr_scheduler': 'multisteplr', 'lr_decay_ratio': 0.1, 'steps': [5, 20, 40, 70], 'clip_grad_norm': True, 'max_grad_norm': 5, 'use_early_stop': True, 'patience': 50, 'batch_size': 64, 'cache_dataset': True, 'num_workers': 0, 'pad_with_last_sample': True, 'train_rate': 0.7, 'eval_rate': 0.1, 'input_window': 12, 'output_window': 12, 'robustness_test': False, 'noise_type': 'gaussian', 'disturb_rate': 0.5, 'noise_mean': [5], 'noise_SD': [10], 'gpu': True, 'gpu_id': 0, 'train_loss': 'none', 'epoch': 0, 'weight_decay': 0, 'lr_epsilon': 1e-08, 'lr_beta1': 0.9, 'lr_beta2': 0.999, 'lr_alpha': 0.99, 'lr_momentum': 0, 'step_size': 10, 'lr_T_max': 30, 'lr_eta_min': 0, 'lr_patience': 10, 'lr_threshold': 0.0001, 'log_level': 'INFO', 'log_every': 1, 'load_best_epoch': True, 'hyper_tune': False, 'metrics': ['MAE', 'MAPE', 'RMSE'], 'evaluator_mode': 'single', 'save_mode': ['csv'], 'geo': {'including_types': ['Point'], 'Point': {}}, 'rel': {'including_types': ['geo'], 'geo': {'cost': 'num'}}, 'dyna': {'including_types': ['state'], 'state': {'entity_id': 'geo_id', 'traffic_speed': 'num'}}, 'data_col': ['traffic_speed'], 'weight_col': 'cost', 'data_files': ['cloud'], 'geo_file': 'cloud', 'rel_file': 'cloud', 'output_dim': 1, 'time_intervals': 300, 'init_weight_inf_or_zero': 'inf', 'set_weight_link_or_dist': 'dist', 'calculate_weight_adj': True, 'weight_adj_epsilon': 0.1, 'device': device(type='cuda', index=0)}
2025-05-28 14:15:19,820 - INFO - Loaded file cloud_feature.csv, shape=(3322, 2048, 1)
2025-05-28 14:15:20,943 - INFO - Dataset created
2025-05-28 14:15:20,943 - INFO - x shape: (3299, 12, 2048, 1), y shape: (3299, 12, 2048, 1)
2025-05-28 14:15:20,977 - INFO - train	x: (2309, 12, 2048, 1), y: (2309, 12, 2048, 1)
2025-05-28 14:15:20,977 - INFO - eval	x: (330, 12, 2048, 1), y: (330, 12, 2048, 1)
2025-05-28 14:15:20,977 - INFO - test	x: (660, 12, 2048, 1), y: (660, 12, 2048, 1)
2025-05-28 14:16:33,499 - INFO - Saved at ./libcity/cache/dataset_cache/point_based_cloud_12_12_0.7_0.1_standard_64_False_True_False_True.npz
2025-05-28 14:16:33,804 - INFO - StandardScaler mean: 0.6730361005208646, std: 0.3631566026517174
2025-05-28 14:16:33,804 - INFO - NoneScaler
2025-05-28 14:16:35,451 - INFO - You select rnn_type RNN in RNN!
2025-05-28 14:16:35,897 - INFO - RNN(
  (rnn): RNN(2048, 64)
  (fc): Linear(in_features=64, out_features=2048, bias=True)
)
2025-05-28 14:16:35,898 - INFO - rnn.weight_ih_l0	torch.Size([64, 2048])	cuda:0	True
2025-05-28 14:16:35,898 - INFO - rnn.weight_hh_l0	torch.Size([64, 64])	cuda:0	True
2025-05-28 14:16:35,898 - INFO - rnn.bias_ih_l0	torch.Size([64])	cuda:0	True
2025-05-28 14:16:35,898 - INFO - rnn.bias_hh_l0	torch.Size([64])	cuda:0	True
2025-05-28 14:16:35,898 - INFO - fc.weight	torch.Size([2048, 64])	cuda:0	True
2025-05-28 14:16:35,898 - INFO - fc.bias	torch.Size([2048])	cuda:0	True
2025-05-28 14:16:35,899 - INFO - Total parameter numbers: 268416
2025-05-28 14:16:35,899 - INFO - You select `adam` optimizer.
2025-05-28 14:16:37,906 - INFO - You select `multisteplr` lr_scheduler.
2025-05-28 14:16:37,906 - WARNING - Received none train loss func and will use the loss func defined in the model.
2025-05-28 14:16:37,907 - INFO - Start training ...
2025-05-28 14:16:37,907 - INFO - num_batches:37
2025-05-28 14:16:39,935 - INFO - epoch complete!
2025-05-28 14:16:39,936 - INFO - evaluating now!
2025-05-28 14:16:40,071 - INFO - Epoch [0/20] train_loss: 0.2476, val_loss: 0.2284, lr: 0.010000, 2.16s
2025-05-28 14:16:40,086 - INFO - Saved model at 0
2025-05-28 14:16:40,086 - INFO - Val loss decrease from inf to 0.2284, saving to ./libcity/cache/cloud_RNN1/model_cache/RNN_cloud_epoch0.tar
2025-05-28 14:16:41,379 - INFO - epoch complete!
2025-05-28 14:16:41,380 - INFO - evaluating now!
2025-05-28 14:16:41,494 - INFO - Epoch [1/20] train_loss: 0.2250, val_loss: 0.2265, lr: 0.010000, 1.41s
2025-05-28 14:16:41,500 - INFO - Saved model at 1
2025-05-28 14:16:41,501 - INFO - Val loss decrease from 0.2284 to 0.2265, saving to ./libcity/cache/cloud_RNN1/model_cache/RNN_cloud_epoch1.tar
2025-05-28 14:16:42,833 - INFO - epoch complete!
2025-05-28 14:16:42,833 - INFO - evaluating now!
2025-05-28 14:16:42,990 - INFO - Epoch [2/20] train_loss: 0.2245, val_loss: 0.2265, lr: 0.010000, 1.49s
2025-05-28 14:16:42,996 - INFO - Saved model at 2
2025-05-28 14:16:42,996 - INFO - Val loss decrease from 0.2265 to 0.2265, saving to ./libcity/cache/cloud_RNN1/model_cache/RNN_cloud_epoch2.tar
2025-05-28 14:16:44,253 - INFO - epoch complete!
2025-05-28 14:16:44,253 - INFO - evaluating now!
2025-05-28 14:16:44,380 - INFO - Epoch [3/20] train_loss: 0.2247, val_loss: 0.2269, lr: 0.010000, 1.38s
2025-05-28 14:16:45,653 - INFO - epoch complete!
2025-05-28 14:16:45,653 - INFO - evaluating now!
2025-05-28 14:16:45,794 - INFO - Epoch [4/20] train_loss: 0.2247, val_loss: 0.2268, lr: 0.001000, 1.41s
2025-05-28 14:16:47,057 - INFO - epoch complete!
2025-05-28 14:16:47,058 - INFO - evaluating now!
2025-05-28 14:16:47,190 - INFO - Epoch [5/20] train_loss: 0.2219, val_loss: 0.2232, lr: 0.001000, 1.39s
2025-05-28 14:16:47,196 - INFO - Saved model at 5
2025-05-28 14:16:47,197 - INFO - Val loss decrease from 0.2265 to 0.2232, saving to ./libcity/cache/cloud_RNN1/model_cache/RNN_cloud_epoch5.tar
2025-05-28 14:16:48,423 - INFO - epoch complete!
2025-05-28 14:16:48,423 - INFO - evaluating now!
2025-05-28 14:16:48,553 - INFO - Epoch [6/20] train_loss: 0.2211, val_loss: 0.2232, lr: 0.001000, 1.36s
2025-05-28 14:16:48,560 - INFO - Saved model at 6
2025-05-28 14:16:48,560 - INFO - Val loss decrease from 0.2232 to 0.2232, saving to ./libcity/cache/cloud_RNN1/model_cache/RNN_cloud_epoch6.tar
2025-05-28 14:16:49,933 - INFO - epoch complete!
2025-05-28 14:16:49,934 - INFO - evaluating now!
2025-05-28 14:16:50,081 - INFO - Epoch [7/20] train_loss: 0.2211, val_loss: 0.2232, lr: 0.001000, 1.52s
2025-05-28 14:16:50,087 - INFO - Saved model at 7
2025-05-28 14:16:50,087 - INFO - Val loss decrease from 0.2232 to 0.2232, saving to ./libcity/cache/cloud_RNN1/model_cache/RNN_cloud_epoch7.tar
2025-05-28 14:16:51,358 - INFO - epoch complete!
2025-05-28 14:16:51,358 - INFO - evaluating now!
2025-05-28 14:16:51,483 - INFO - Epoch [8/20] train_loss: 0.2211, val_loss: 0.2232, lr: 0.001000, 1.40s
2025-05-28 14:16:51,489 - INFO - Saved model at 8
2025-05-28 14:16:51,489 - INFO - Val loss decrease from 0.2232 to 0.2232, saving to ./libcity/cache/cloud_RNN1/model_cache/RNN_cloud_epoch8.tar
2025-05-28 14:16:52,832 - INFO - epoch complete!
2025-05-28 14:16:52,832 - INFO - evaluating now!
2025-05-28 14:16:52,971 - INFO - Epoch [9/20] train_loss: 0.2211, val_loss: 0.2232, lr: 0.001000, 1.48s
2025-05-28 14:16:54,203 - INFO - epoch complete!
2025-05-28 14:16:54,204 - INFO - evaluating now!
2025-05-28 14:16:54,324 - INFO - Epoch [10/20] train_loss: 0.2211, val_loss: 0.2232, lr: 0.001000, 1.35s
2025-05-28 14:16:55,608 - INFO - epoch complete!
2025-05-28 14:16:55,609 - INFO - evaluating now!
2025-05-28 14:16:55,754 - INFO - Epoch [11/20] train_loss: 0.2211, val_loss: 0.2233, lr: 0.001000, 1.43s
2025-05-28 14:16:57,095 - INFO - epoch complete!
2025-05-28 14:16:57,095 - INFO - evaluating now!
2025-05-28 14:16:57,232 - INFO - Epoch [12/20] train_loss: 0.2211, val_loss: 0.2231, lr: 0.001000, 1.48s
2025-05-28 14:16:57,239 - INFO - Saved model at 12
2025-05-28 14:16:57,239 - INFO - Val loss decrease from 0.2232 to 0.2231, saving to ./libcity/cache/cloud_RNN1/model_cache/RNN_cloud_epoch12.tar
2025-05-28 14:16:58,613 - INFO - epoch complete!
2025-05-28 14:16:58,613 - INFO - evaluating now!
2025-05-28 14:16:58,759 - INFO - Epoch [13/20] train_loss: 0.2211, val_loss: 0.2233, lr: 0.001000, 1.52s
2025-05-28 14:16:59,995 - INFO - epoch complete!
2025-05-28 14:16:59,995 - INFO - evaluating now!
2025-05-28 14:17:00,159 - INFO - Epoch [14/20] train_loss: 0.2211, val_loss: 0.2233, lr: 0.001000, 1.40s
2025-05-28 14:17:01,492 - INFO - epoch complete!
2025-05-28 14:17:01,492 - INFO - evaluating now!
2025-05-28 14:17:01,617 - INFO - Epoch [15/20] train_loss: 0.2212, val_loss: 0.2234, lr: 0.001000, 1.46s
2025-05-28 14:17:02,823 - INFO - epoch complete!
2025-05-28 14:17:02,824 - INFO - evaluating now!
2025-05-28 14:17:02,960 - INFO - Epoch [16/20] train_loss: 0.2212, val_loss: 0.2233, lr: 0.001000, 1.34s
2025-05-28 14:17:04,219 - INFO - epoch complete!
2025-05-28 14:17:04,219 - INFO - evaluating now!
2025-05-28 14:17:04,351 - INFO - Epoch [17/20] train_loss: 0.2211, val_loss: 0.2233, lr: 0.001000, 1.39s
2025-05-28 14:17:05,659 - INFO - epoch complete!
2025-05-28 14:17:05,660 - INFO - evaluating now!
2025-05-28 14:17:05,799 - INFO - Epoch [18/20] train_loss: 0.2211, val_loss: 0.2233, lr: 0.001000, 1.45s
2025-05-28 14:17:07,101 - INFO - epoch complete!
2025-05-28 14:17:07,101 - INFO - evaluating now!
2025-05-28 14:17:07,246 - INFO - Epoch [19/20] train_loss: 0.2212, val_loss: 0.2232, lr: 0.000100, 1.45s
2025-05-28 14:17:07,246 - INFO - Trained totally 20 epochs, average train time is 1.327s, average eval time is 0.136s
2025-05-28 14:17:07,273 - INFO - Loaded model at 12
2025-05-28 14:17:07,274 - INFO - Saved model at ./libcity/cache/cloud_RNN1/model_cache/RNN_cloud.m
2025-05-28 14:17:07,279 - INFO - Start evaluating ...
2025-05-28 14:17:12,209 - INFO - Note that you select the single mode to evaluate!
2025-05-28 14:17:12,216 - INFO - Evaluate result is saved at ./libcity/cache/cloud_RNN1/evaluate_cache\2025_05_28_14_17_12_RNN_cloud.csv
2025-05-28 14:17:12,222 - INFO - 
         MAE      MAPE      RMSE
1   0.220814  8.081309  0.322878
2   0.220677  8.224268  0.322726
3   0.220668  8.123173  0.322672
4   0.220530  8.118055  0.322451
5   0.220491  8.085112  0.322432
6   0.220508  8.058860  0.322490
7   0.220565  8.037972  0.322578
8   0.220598  8.008836  0.322620
9   0.220654  7.994892  0.322694
10  0.220653  7.969160  0.322686
11  0.220588  7.961898  0.322597
12  0.220554  7.947447  0.322547
