2025-05-20 11:42:06,934 - INFO - Log directory: ./libcity/log
2025-05-20 11:42:06,935 - INFO - Begin pipeline, task=MTS_pred, model_name=GWNET, dataset_name=cloud, exp_id=cloud_AGCRN_3
2025-05-20 11:42:06,935 - INFO - {'task': 'MTS_pred', 'model': 'GWNET', 'dataset': 'cloud', 'saved_model': True, 'exp_id': 'cloud_AGCRN_3', 'seed': 0, 'batch_size': 4, 'max_epoch': 10, 'dataset_class': 'StatePointDataset', 'executor': 'StateExecutor', 'evaluator': 'StateEvaluator', 'dropout': 0.3, 'blocks': 4, 'layers': 2, 'apt_layer': True, 'gcn_bool': True, 'addaptadj': True, 'adjtype': 'doubletransition', 'bidir_adj_mx': False, 'randomadj': True, 'aptonly': True, 'kernel_size': 2, 'nhid': 32, 'residual_channels': 32, 'dilation_channels': 32, 'skip_channels': 256, 'end_channels': 512, 'scaler': 'standard', 'load_external': False, 'normal_external': False, 'ext_scaler': 'none', 'add_time_in_day': False, 'add_day_in_week': False, 'learner': 'adam', 'learning_rate': 0.001, 'lr_decay': False, 'clip_grad_norm': True, 'max_grad_norm': 5, 'use_early_stop': False, 'cache_dataset': True, 'num_workers': 0, 'pad_with_last_sample': True, 'train_rate': 0.7, 'eval_rate': 0.1, 'input_window': 12, 'output_window': 12, 'robustness_test': False, 'noise_type': 'gaussian', 'disturb_rate': 0.5, 'noise_mean': [5], 'noise_SD': [10], 'gpu': True, 'gpu_id': 0, 'train_loss': 'none', 'epoch': 0, 'weight_decay': 0, 'lr_epsilon': 1e-08, 'lr_beta1': 0.9, 'lr_beta2': 0.999, 'lr_alpha': 0.99, 'lr_momentum': 0, 'lr_scheduler': 'multisteplr', 'lr_decay_ratio': 0.1, 'steps': [5, 20, 40, 70], 'step_size': 10, 'lr_T_max': 30, 'lr_eta_min': 0, 'lr_patience': 10, 'lr_threshold': 0.0001, 'patience': 50, 'log_level': 'INFO', 'log_every': 1, 'load_best_epoch': True, 'hyper_tune': False, 'metrics': ['MAE', 'MAPE', 'RMSE'], 'evaluator_mode': 'single', 'save_mode': ['csv'], 'geo': {'including_types': ['Point'], 'Point': {}}, 'rel': {'including_types': ['geo'], 'geo': {'cost': 'num'}}, 'dyna': {'including_types': ['state'], 'state': {'entity_id': 'geo_id', 'traffic_speed': 'num'}}, 'data_col': ['traffic_speed'], 'weight_col': 'cost', 'data_files': ['cloud'], 'geo_file': 'cloud', 'rel_file': 'cloud', 'output_dim': 1, 'time_intervals': 300, 'init_weight_inf_or_zero': 'inf', 'set_weight_link_or_dist': 'dist', 'calculate_weight_adj': True, 'weight_adj_epsilon': 0.1, 'device': device(type='cuda', index=0)}
2025-05-20 11:42:08,601 - INFO - Loaded file cloud_feature.csv, shape=(3322, 2048, 1)
2025-05-20 11:42:11,037 - INFO - Dataset created
2025-05-20 11:42:11,038 - INFO - x shape: (3299, 12, 2048, 1), y shape: (3299, 12, 2048, 1)
2025-05-20 11:42:11,114 - INFO - train	x: (2309, 12, 2048, 1), y: (2309, 12, 2048, 1)
2025-05-20 11:42:11,114 - INFO - eval	x: (330, 12, 2048, 1), y: (330, 12, 2048, 1)
2025-05-20 11:42:11,114 - INFO - test	x: (660, 12, 2048, 1), y: (660, 12, 2048, 1)
2025-05-20 11:43:21,663 - INFO - Saved at ./libcity/cache/dataset_cache/point_based_cloud_12_12_0.7_0.1_standard_4_False_False_False_True.npz
2025-05-20 11:43:21,918 - INFO - StandardScaler mean: 0.6730361005208646, std: 0.3631566026517174
2025-05-20 11:43:21,919 - INFO - NoneScaler
2025-05-20 11:43:23,547 - INFO - receptive_field: 13
2025-05-20 11:43:23,653 - INFO - GWNET(
  (filter_convs): ModuleList(
    (0): Conv2d(32, 32, kernel_size=(1, 2), stride=(1, 1))
    (1): Conv2d(32, 32, kernel_size=(1, 2), stride=(1, 1), dilation=(2, 2))
    (2): Conv2d(32, 32, kernel_size=(1, 2), stride=(1, 1))
    (3): Conv2d(32, 32, kernel_size=(1, 2), stride=(1, 1), dilation=(2, 2))
    (4): Conv2d(32, 32, kernel_size=(1, 2), stride=(1, 1))
    (5): Conv2d(32, 32, kernel_size=(1, 2), stride=(1, 1), dilation=(2, 2))
    (6): Conv2d(32, 32, kernel_size=(1, 2), stride=(1, 1))
    (7): Conv2d(32, 32, kernel_size=(1, 2), stride=(1, 1), dilation=(2, 2))
  )
  (gate_convs): ModuleList(
    (0): Conv2d(32, 32, kernel_size=(1, 2), stride=(1, 1))
    (1): Conv2d(32, 32, kernel_size=(1, 2), stride=(1, 1), dilation=(2, 2))
    (2): Conv2d(32, 32, kernel_size=(1, 2), stride=(1, 1))
    (3): Conv2d(32, 32, kernel_size=(1, 2), stride=(1, 1), dilation=(2, 2))
    (4): Conv2d(32, 32, kernel_size=(1, 2), stride=(1, 1))
    (5): Conv2d(32, 32, kernel_size=(1, 2), stride=(1, 1), dilation=(2, 2))
    (6): Conv2d(32, 32, kernel_size=(1, 2), stride=(1, 1))
    (7): Conv2d(32, 32, kernel_size=(1, 2), stride=(1, 1), dilation=(2, 2))
  )
  (residual_convs): ModuleList(
    (0-7): 8 x Conv2d(32, 32, kernel_size=(1, 1), stride=(1, 1))
  )
  (skip_convs): ModuleList(
    (0-7): 8 x Conv2d(32, 256, kernel_size=(1, 1), stride=(1, 1))
  )
  (bn): ModuleList(
    (0-7): 8 x BatchNorm2d(32, eps=1e-05, momentum=0.1, affine=True, track_running_stats=True)
  )
  (gconv): ModuleList(
    (0-7): 8 x GCN(
      (nconv): NConv()
      (mlp): Linear(
        (mlp): Conv2d(96, 32, kernel_size=(1, 1), stride=(1, 1))
      )
    )
  )
  (start_conv): Conv2d(1, 32, kernel_size=(1, 1), stride=(1, 1))
  (end_conv_1): Conv2d(256, 512, kernel_size=(1, 1), stride=(1, 1))
  (end_conv_2): Conv2d(512, 12, kernel_size=(1, 1), stride=(1, 1))
)
2025-05-20 11:43:23,654 - INFO - nodevec1	torch.Size([2048, 10])	cuda:0	True
2025-05-20 11:43:23,654 - INFO - nodevec2	torch.Size([10, 2048])	cuda:0	True
2025-05-20 11:43:23,654 - INFO - filter_convs.0.weight	torch.Size([32, 32, 1, 2])	cuda:0	True
2025-05-20 11:43:23,654 - INFO - filter_convs.0.bias	torch.Size([32])	cuda:0	True
2025-05-20 11:43:23,654 - INFO - filter_convs.1.weight	torch.Size([32, 32, 1, 2])	cuda:0	True
2025-05-20 11:43:23,655 - INFO - filter_convs.1.bias	torch.Size([32])	cuda:0	True
2025-05-20 11:43:23,655 - INFO - filter_convs.2.weight	torch.Size([32, 32, 1, 2])	cuda:0	True
2025-05-20 11:43:23,655 - INFO - filter_convs.2.bias	torch.Size([32])	cuda:0	True
2025-05-20 11:43:23,655 - INFO - filter_convs.3.weight	torch.Size([32, 32, 1, 2])	cuda:0	True
2025-05-20 11:43:23,655 - INFO - filter_convs.3.bias	torch.Size([32])	cuda:0	True
2025-05-20 11:43:23,655 - INFO - filter_convs.4.weight	torch.Size([32, 32, 1, 2])	cuda:0	True
2025-05-20 11:43:23,655 - INFO - filter_convs.4.bias	torch.Size([32])	cuda:0	True
2025-05-20 11:43:23,655 - INFO - filter_convs.5.weight	torch.Size([32, 32, 1, 2])	cuda:0	True
2025-05-20 11:43:23,655 - INFO - filter_convs.5.bias	torch.Size([32])	cuda:0	True
2025-05-20 11:43:23,655 - INFO - filter_convs.6.weight	torch.Size([32, 32, 1, 2])	cuda:0	True
2025-05-20 11:43:23,655 - INFO - filter_convs.6.bias	torch.Size([32])	cuda:0	True
2025-05-20 11:43:23,655 - INFO - filter_convs.7.weight	torch.Size([32, 32, 1, 2])	cuda:0	True
2025-05-20 11:43:23,655 - INFO - filter_convs.7.bias	torch.Size([32])	cuda:0	True
2025-05-20 11:43:23,655 - INFO - gate_convs.0.weight	torch.Size([32, 32, 1, 2])	cuda:0	True
2025-05-20 11:43:23,656 - INFO - gate_convs.0.bias	torch.Size([32])	cuda:0	True
2025-05-20 11:43:23,656 - INFO - gate_convs.1.weight	torch.Size([32, 32, 1, 2])	cuda:0	True
2025-05-20 11:43:23,656 - INFO - gate_convs.1.bias	torch.Size([32])	cuda:0	True
2025-05-20 11:43:23,656 - INFO - gate_convs.2.weight	torch.Size([32, 32, 1, 2])	cuda:0	True
2025-05-20 11:43:23,656 - INFO - gate_convs.2.bias	torch.Size([32])	cuda:0	True
2025-05-20 11:43:23,656 - INFO - gate_convs.3.weight	torch.Size([32, 32, 1, 2])	cuda:0	True
2025-05-20 11:43:23,656 - INFO - gate_convs.3.bias	torch.Size([32])	cuda:0	True
2025-05-20 11:43:23,657 - INFO - gate_convs.4.weight	torch.Size([32, 32, 1, 2])	cuda:0	True
2025-05-20 11:43:23,657 - INFO - gate_convs.4.bias	torch.Size([32])	cuda:0	True
2025-05-20 11:43:23,657 - INFO - gate_convs.5.weight	torch.Size([32, 32, 1, 2])	cuda:0	True
2025-05-20 11:43:23,657 - INFO - gate_convs.5.bias	torch.Size([32])	cuda:0	True
2025-05-20 11:43:23,657 - INFO - gate_convs.6.weight	torch.Size([32, 32, 1, 2])	cuda:0	True
2025-05-20 11:43:23,657 - INFO - gate_convs.6.bias	torch.Size([32])	cuda:0	True
2025-05-20 11:43:23,657 - INFO - gate_convs.7.weight	torch.Size([32, 32, 1, 2])	cuda:0	True
2025-05-20 11:43:23,658 - INFO - gate_convs.7.bias	torch.Size([32])	cuda:0	True
2025-05-20 11:43:23,658 - INFO - residual_convs.0.weight	torch.Size([32, 32, 1, 1])	cuda:0	True
2025-05-20 11:43:23,658 - INFO - residual_convs.0.bias	torch.Size([32])	cuda:0	True
2025-05-20 11:43:23,658 - INFO - residual_convs.1.weight	torch.Size([32, 32, 1, 1])	cuda:0	True
2025-05-20 11:43:23,658 - INFO - residual_convs.1.bias	torch.Size([32])	cuda:0	True
2025-05-20 11:43:23,658 - INFO - residual_convs.2.weight	torch.Size([32, 32, 1, 1])	cuda:0	True
2025-05-20 11:43:23,658 - INFO - residual_convs.2.bias	torch.Size([32])	cuda:0	True
2025-05-20 11:43:23,658 - INFO - residual_convs.3.weight	torch.Size([32, 32, 1, 1])	cuda:0	True
2025-05-20 11:43:23,658 - INFO - residual_convs.3.bias	torch.Size([32])	cuda:0	True
2025-05-20 11:43:23,658 - INFO - residual_convs.4.weight	torch.Size([32, 32, 1, 1])	cuda:0	True
2025-05-20 11:43:23,658 - INFO - residual_convs.4.bias	torch.Size([32])	cuda:0	True
2025-05-20 11:43:23,658 - INFO - residual_convs.5.weight	torch.Size([32, 32, 1, 1])	cuda:0	True
2025-05-20 11:43:23,658 - INFO - residual_convs.5.bias	torch.Size([32])	cuda:0	True
2025-05-20 11:43:23,659 - INFO - residual_convs.6.weight	torch.Size([32, 32, 1, 1])	cuda:0	True
2025-05-20 11:43:23,659 - INFO - residual_convs.6.bias	torch.Size([32])	cuda:0	True
2025-05-20 11:43:23,659 - INFO - residual_convs.7.weight	torch.Size([32, 32, 1, 1])	cuda:0	True
2025-05-20 11:43:23,659 - INFO - residual_convs.7.bias	torch.Size([32])	cuda:0	True
2025-05-20 11:43:23,659 - INFO - skip_convs.0.weight	torch.Size([256, 32, 1, 1])	cuda:0	True
2025-05-20 11:43:23,659 - INFO - skip_convs.0.bias	torch.Size([256])	cuda:0	True
2025-05-20 11:43:23,659 - INFO - skip_convs.1.weight	torch.Size([256, 32, 1, 1])	cuda:0	True
2025-05-20 11:43:23,659 - INFO - skip_convs.1.bias	torch.Size([256])	cuda:0	True
2025-05-20 11:43:23,659 - INFO - skip_convs.2.weight	torch.Size([256, 32, 1, 1])	cuda:0	True
2025-05-20 11:43:23,659 - INFO - skip_convs.2.bias	torch.Size([256])	cuda:0	True
2025-05-20 11:43:23,659 - INFO - skip_convs.3.weight	torch.Size([256, 32, 1, 1])	cuda:0	True
2025-05-20 11:43:23,659 - INFO - skip_convs.3.bias	torch.Size([256])	cuda:0	True
2025-05-20 11:43:23,659 - INFO - skip_convs.4.weight	torch.Size([256, 32, 1, 1])	cuda:0	True
2025-05-20 11:43:23,660 - INFO - skip_convs.4.bias	torch.Size([256])	cuda:0	True
2025-05-20 11:43:23,660 - INFO - skip_convs.5.weight	torch.Size([256, 32, 1, 1])	cuda:0	True
2025-05-20 11:43:23,660 - INFO - skip_convs.5.bias	torch.Size([256])	cuda:0	True
2025-05-20 11:43:23,660 - INFO - skip_convs.6.weight	torch.Size([256, 32, 1, 1])	cuda:0	True
2025-05-20 11:43:23,660 - INFO - skip_convs.6.bias	torch.Size([256])	cuda:0	True
2025-05-20 11:43:23,660 - INFO - skip_convs.7.weight	torch.Size([256, 32, 1, 1])	cuda:0	True
2025-05-20 11:43:23,660 - INFO - skip_convs.7.bias	torch.Size([256])	cuda:0	True
2025-05-20 11:43:23,660 - INFO - bn.0.weight	torch.Size([32])	cuda:0	True
2025-05-20 11:43:23,660 - INFO - bn.0.bias	torch.Size([32])	cuda:0	True
2025-05-20 11:43:23,660 - INFO - bn.1.weight	torch.Size([32])	cuda:0	True
2025-05-20 11:43:23,660 - INFO - bn.1.bias	torch.Size([32])	cuda:0	True
2025-05-20 11:43:23,660 - INFO - bn.2.weight	torch.Size([32])	cuda:0	True
2025-05-20 11:43:23,660 - INFO - bn.2.bias	torch.Size([32])	cuda:0	True
2025-05-20 11:43:23,660 - INFO - bn.3.weight	torch.Size([32])	cuda:0	True
2025-05-20 11:43:23,660 - INFO - bn.3.bias	torch.Size([32])	cuda:0	True
2025-05-20 11:43:23,661 - INFO - bn.4.weight	torch.Size([32])	cuda:0	True
2025-05-20 11:43:23,661 - INFO - bn.4.bias	torch.Size([32])	cuda:0	True
2025-05-20 11:43:23,661 - INFO - bn.5.weight	torch.Size([32])	cuda:0	True
2025-05-20 11:43:23,661 - INFO - bn.5.bias	torch.Size([32])	cuda:0	True
2025-05-20 11:43:23,661 - INFO - bn.6.weight	torch.Size([32])	cuda:0	True
2025-05-20 11:43:23,661 - INFO - bn.6.bias	torch.Size([32])	cuda:0	True
2025-05-20 11:43:23,661 - INFO - bn.7.weight	torch.Size([32])	cuda:0	True
2025-05-20 11:43:23,661 - INFO - bn.7.bias	torch.Size([32])	cuda:0	True
2025-05-20 11:43:23,661 - INFO - gconv.0.mlp.mlp.weight	torch.Size([32, 96, 1, 1])	cuda:0	True
2025-05-20 11:43:23,661 - INFO - gconv.0.mlp.mlp.bias	torch.Size([32])	cuda:0	True
2025-05-20 11:43:23,661 - INFO - gconv.1.mlp.mlp.weight	torch.Size([32, 96, 1, 1])	cuda:0	True
2025-05-20 11:43:23,661 - INFO - gconv.1.mlp.mlp.bias	torch.Size([32])	cuda:0	True
2025-05-20 11:43:23,661 - INFO - gconv.2.mlp.mlp.weight	torch.Size([32, 96, 1, 1])	cuda:0	True
2025-05-20 11:43:23,661 - INFO - gconv.2.mlp.mlp.bias	torch.Size([32])	cuda:0	True
2025-05-20 11:43:23,661 - INFO - gconv.3.mlp.mlp.weight	torch.Size([32, 96, 1, 1])	cuda:0	True
2025-05-20 11:43:23,662 - INFO - gconv.3.mlp.mlp.bias	torch.Size([32])	cuda:0	True
2025-05-20 11:43:23,662 - INFO - gconv.4.mlp.mlp.weight	torch.Size([32, 96, 1, 1])	cuda:0	True
2025-05-20 11:43:23,662 - INFO - gconv.4.mlp.mlp.bias	torch.Size([32])	cuda:0	True
2025-05-20 11:43:23,662 - INFO - gconv.5.mlp.mlp.weight	torch.Size([32, 96, 1, 1])	cuda:0	True
2025-05-20 11:43:23,662 - INFO - gconv.5.mlp.mlp.bias	torch.Size([32])	cuda:0	True
2025-05-20 11:43:23,662 - INFO - gconv.6.mlp.mlp.weight	torch.Size([32, 96, 1, 1])	cuda:0	True
2025-05-20 11:43:23,662 - INFO - gconv.6.mlp.mlp.bias	torch.Size([32])	cuda:0	True
2025-05-20 11:43:23,662 - INFO - gconv.7.mlp.mlp.weight	torch.Size([32, 96, 1, 1])	cuda:0	True
2025-05-20 11:43:23,662 - INFO - gconv.7.mlp.mlp.bias	torch.Size([32])	cuda:0	True
2025-05-20 11:43:23,662 - INFO - start_conv.weight	torch.Size([32, 1, 1, 1])	cuda:0	True
2025-05-20 11:43:23,662 - INFO - start_conv.bias	torch.Size([32])	cuda:0	True
2025-05-20 11:43:23,662 - INFO - end_conv_1.weight	torch.Size([512, 256, 1, 1])	cuda:0	True
2025-05-20 11:43:23,662 - INFO - end_conv_1.bias	torch.Size([512])	cuda:0	True
2025-05-20 11:43:23,662 - INFO - end_conv_2.weight	torch.Size([12, 512, 1, 1])	cuda:0	True
2025-05-20 11:43:23,662 - INFO - end_conv_2.bias	torch.Size([12])	cuda:0	True
2025-05-20 11:43:23,663 - INFO - Total parameter numbers: 313420
2025-05-20 11:43:23,663 - INFO - You select `adam` optimizer.
2025-05-20 11:43:24,810 - WARNING - Received none train loss func and will use the loss func defined in the model.
2025-05-20 11:43:24,810 - INFO - Start training ...
2025-05-20 11:43:24,810 - INFO - num_batches:578
2025-05-20 11:44:13,422 - INFO - epoch complete!
2025-05-20 11:44:13,422 - INFO - evaluating now!
2025-05-20 11:44:15,582 - INFO - Epoch [0/10] train_loss: 0.2220, val_loss: 0.2166, lr: 0.001000, 50.77s
2025-05-20 11:44:15,614 - INFO - Saved model at 0
2025-05-20 11:44:15,614 - INFO - Val loss decrease from inf to 0.2166, saving to ./libcity/cache/cloud_AGCRN_3/model_cache/GWNET_cloud_epoch0.tar
2025-05-20 11:45:04,037 - INFO - epoch complete!
2025-05-20 11:45:04,037 - INFO - evaluating now!
2025-05-20 11:45:06,234 - INFO - Epoch [1/10] train_loss: 0.2149, val_loss: 0.2154, lr: 0.001000, 50.62s
2025-05-20 11:45:06,270 - INFO - Saved model at 1
2025-05-20 11:45:06,270 - INFO - Val loss decrease from 0.2166 to 0.2154, saving to ./libcity/cache/cloud_AGCRN_3/model_cache/GWNET_cloud_epoch1.tar
2025-05-20 11:45:55,249 - INFO - epoch complete!
2025-05-20 11:45:55,249 - INFO - evaluating now!
2025-05-20 11:45:57,420 - INFO - Epoch [2/10] train_loss: 0.2139, val_loss: 0.2151, lr: 0.001000, 51.15s
2025-05-20 11:45:57,447 - INFO - Saved model at 2
2025-05-20 11:45:57,447 - INFO - Val loss decrease from 0.2154 to 0.2151, saving to ./libcity/cache/cloud_AGCRN_3/model_cache/GWNET_cloud_epoch2.tar
2025-05-20 11:46:46,682 - INFO - epoch complete!
2025-05-20 11:46:46,682 - INFO - evaluating now!
2025-05-20 11:46:48,900 - INFO - Epoch [3/10] train_loss: 0.2132, val_loss: 0.2149, lr: 0.001000, 51.45s
2025-05-20 11:46:48,924 - INFO - Saved model at 3
2025-05-20 11:46:48,924 - INFO - Val loss decrease from 0.2151 to 0.2149, saving to ./libcity/cache/cloud_AGCRN_3/model_cache/GWNET_cloud_epoch3.tar
2025-05-20 11:47:38,341 - INFO - epoch complete!
2025-05-20 11:47:38,341 - INFO - evaluating now!
2025-05-20 11:47:40,509 - INFO - Epoch [4/10] train_loss: 0.2126, val_loss: 0.2144, lr: 0.001000, 51.59s
2025-05-20 11:47:40,536 - INFO - Saved model at 4
2025-05-20 11:47:40,536 - INFO - Val loss decrease from 0.2149 to 0.2144, saving to ./libcity/cache/cloud_AGCRN_3/model_cache/GWNET_cloud_epoch4.tar
2025-05-20 11:48:33,341 - INFO - epoch complete!
2025-05-20 11:48:33,342 - INFO - evaluating now!
2025-05-20 11:48:36,794 - INFO - Epoch [5/10] train_loss: 0.2121, val_loss: 0.2142, lr: 0.001000, 56.26s
2025-05-20 11:48:36,841 - INFO - Saved model at 5
2025-05-20 11:48:36,842 - INFO - Val loss decrease from 0.2144 to 0.2142, saving to ./libcity/cache/cloud_AGCRN_3/model_cache/GWNET_cloud_epoch5.tar
2025-05-20 11:49:36,678 - INFO - epoch complete!
2025-05-20 11:49:36,679 - INFO - evaluating now!
2025-05-20 11:49:39,841 - INFO - Epoch [6/10] train_loss: 0.2116, val_loss: 0.2136, lr: 0.001000, 63.00s
2025-05-20 11:49:39,885 - INFO - Saved model at 6
2025-05-20 11:49:39,885 - INFO - Val loss decrease from 0.2142 to 0.2136, saving to ./libcity/cache/cloud_AGCRN_3/model_cache/GWNET_cloud_epoch6.tar
2025-05-20 11:50:39,819 - INFO - epoch complete!
2025-05-20 11:50:39,819 - INFO - evaluating now!
2025-05-20 11:50:42,734 - INFO - Epoch [7/10] train_loss: 0.2113, val_loss: 0.2134, lr: 0.001000, 62.85s
2025-05-20 11:50:42,776 - INFO - Saved model at 7
2025-05-20 11:50:42,776 - INFO - Val loss decrease from 0.2136 to 0.2134, saving to ./libcity/cache/cloud_AGCRN_3/model_cache/GWNET_cloud_epoch7.tar
2025-05-20 11:51:40,960 - INFO - epoch complete!
2025-05-20 11:51:40,961 - INFO - evaluating now!
2025-05-20 11:51:44,238 - INFO - Epoch [8/10] train_loss: 0.2110, val_loss: 0.2134, lr: 0.001000, 61.46s
2025-05-20 11:51:44,295 - INFO - Saved model at 8
2025-05-20 11:51:44,295 - INFO - Val loss decrease from 0.2134 to 0.2134, saving to ./libcity/cache/cloud_AGCRN_3/model_cache/GWNET_cloud_epoch8.tar
2025-05-20 11:52:43,567 - INFO - epoch complete!
2025-05-20 11:52:43,568 - INFO - evaluating now!
2025-05-20 11:52:47,003 - INFO - Epoch [9/10] train_loss: 0.2107, val_loss: 0.2134, lr: 0.001000, 62.71s
2025-05-20 11:52:47,003 - INFO - Trained totally 10 epochs, average train time is 53.469s, average eval time is 2.715s
2025-05-20 11:52:47,111 - INFO - Loaded model at 8
2025-05-20 11:52:47,111 - INFO - Saved model at ./libcity/cache/cloud_AGCRN_3/model_cache/GWNET_cloud.m
2025-05-20 11:52:47,163 - INFO - Start evaluating ...
2025-05-20 11:53:05,568 - INFO - Note that you select the single mode to evaluate!
2025-05-20 11:53:05,578 - INFO - Evaluate result is saved at ./libcity/cache/cloud_AGCRN_3/evaluate_cache\2025_05_20_11_53_05_GWNET_cloud.csv
2025-05-20 11:53:05,591 - INFO - 
         MAE      MAPE      RMSE
1   0.202828  6.634446  0.305445
2   0.206226  6.884500  0.309414
3   0.207906  6.995780  0.311694
4   0.208818  7.092205  0.312835
5   0.209457  7.137926  0.313791
6   0.209902  7.178309  0.314340
7   0.210252  7.206691  0.314769
8   0.210550  7.229872  0.315236
9   0.210773  7.249742  0.315499
10  0.210985  7.272014  0.315790
11  0.211161  7.279856  0.316092
12  0.211322  7.287552  0.316343
