2025-05-20 10:23:46,090 - INFO - Log directory: ./libcity/log
2025-05-20 10:23:46,090 - INFO - Begin pipeline, task=MTS_pred, model_name=AGCRN, dataset_name=cloud, exp_id=cloud_AGCRN_3
2025-05-20 10:23:46,091 - INFO - {'task': 'MTS_pred', 'model': 'AGCRN', 'dataset': 'cloud', 'saved_model': True, 'exp_id': 'cloud_AGCRN_3', 'seed': 0, 'batch_size': 4, 'max_epoch': 10, 'dataset_class': 'StatePointDataset', 'executor': 'StateExecutor', 'evaluator': 'StateEvaluator', 'embed_dim': 10, 'rnn_units': 64, 'num_layers': 2, 'cheb_order': 2, 'bidir_adj_mx': True, 'scaler': 'standard', 'load_external': False, 'normal_external': False, 'ext_scaler': 'none', 'add_time_in_day': False, 'add_day_in_week': False, 'learner': 'adam', 'learning_rate': 0.003, 'lr_decay': False, 'clip_grad_norm': False, 'use_early_stop': True, 'patience': 50, 'cache_dataset': True, 'num_workers': 0, 'pad_with_last_sample': True, 'train_rate': 0.7, 'eval_rate': 0.1, 'input_window': 12, 'output_window': 12, 'robustness_test': False, 'noise_type': 'gaussian', 'disturb_rate': 0.5, 'noise_mean': [5], 'noise_SD': [10], 'gpu': True, 'gpu_id': 0, 'train_loss': 'none', 'epoch': 0, 'weight_decay': 0, 'lr_epsilon': 1e-08, 'lr_beta1': 0.9, 'lr_beta2': 0.999, 'lr_alpha': 0.99, 'lr_momentum': 0, 'lr_scheduler': 'multisteplr', 'lr_decay_ratio': 0.1, 'steps': [5, 20, 40, 70], 'step_size': 10, 'lr_T_max': 30, 'lr_eta_min': 0, 'lr_patience': 10, 'lr_threshold': 0.0001, 'max_grad_norm': 1.0, 'log_level': 'INFO', 'log_every': 1, 'load_best_epoch': True, 'hyper_tune': False, 'metrics': ['MAE', 'MAPE', 'RMSE'], 'evaluator_mode': 'single', 'save_mode': ['csv'], 'geo': {'including_types': ['Point'], 'Point': {}}, 'rel': {'including_types': ['geo'], 'geo': {'cost': 'num'}}, 'dyna': {'including_types': ['state'], 'state': {'entity_id': 'geo_id', 'traffic_speed': 'num'}}, 'data_col': ['traffic_speed'], 'weight_col': 'cost', 'data_files': ['cloud'], 'geo_file': 'cloud', 'rel_file': 'cloud', 'output_dim': 1, 'time_intervals': 300, 'init_weight_inf_or_zero': 'inf', 'set_weight_link_or_dist': 'dist', 'calculate_weight_adj': True, 'weight_adj_epsilon': 0.1, 'device': device(type='cuda', index=0)}
2025-05-20 10:23:47,824 - INFO - Loaded file cloud_feature.csv, shape=(3322, 2048, 1)
2025-05-20 10:23:48,951 - INFO - Dataset created
2025-05-20 10:23:48,952 - INFO - x shape: (3299, 12, 2048, 1), y shape: (3299, 12, 2048, 1)
2025-05-20 10:23:48,997 - INFO - train	x: (2309, 12, 2048, 1), y: (2309, 12, 2048, 1)
2025-05-20 10:23:48,998 - INFO - eval	x: (330, 12, 2048, 1), y: (330, 12, 2048, 1)
2025-05-20 10:23:48,998 - INFO - test	x: (660, 12, 2048, 1), y: (660, 12, 2048, 1)
2025-05-20 10:24:56,350 - INFO - Saved at ./libcity/cache/dataset_cache/point_based_cloud_12_12_0.7_0.1_standard_4_False_False_False_True.npz
2025-05-20 10:24:56,584 - INFO - StandardScaler mean: 0.6730361005208646, std: 0.3631566026517174
2025-05-20 10:24:56,585 - INFO - NoneScaler
2025-05-20 10:24:58,013 - INFO - AGCRN(
  (encoder): AVWDCRNN(
    (dcrnn_cells): ModuleList(
      (0-1): 2 x AGCRNCell(
        (gate): AVWGCN()
        (update): AVWGCN()
      )
    )
  )
  (end_conv): Conv2d(1, 12, kernel_size=(1, 64), stride=(1, 1))
)
2025-05-20 10:24:58,013 - INFO - node_embeddings	torch.Size([2048, 10])	cuda:0	True
2025-05-20 10:24:58,013 - INFO - encoder.dcrnn_cells.0.gate.weights_pool	torch.Size([10, 2, 65, 128])	cuda:0	True
2025-05-20 10:24:58,013 - INFO - encoder.dcrnn_cells.0.gate.bias_pool	torch.Size([10, 128])	cuda:0	True
2025-05-20 10:24:58,013 - INFO - encoder.dcrnn_cells.0.update.weights_pool	torch.Size([10, 2, 65, 64])	cuda:0	True
2025-05-20 10:24:58,014 - INFO - encoder.dcrnn_cells.0.update.bias_pool	torch.Size([10, 64])	cuda:0	True
2025-05-20 10:24:58,014 - INFO - encoder.dcrnn_cells.1.gate.weights_pool	torch.Size([10, 2, 128, 128])	cuda:0	True
2025-05-20 10:24:58,014 - INFO - encoder.dcrnn_cells.1.gate.bias_pool	torch.Size([10, 128])	cuda:0	True
2025-05-20 10:24:58,014 - INFO - encoder.dcrnn_cells.1.update.weights_pool	torch.Size([10, 2, 128, 64])	cuda:0	True
2025-05-20 10:24:58,014 - INFO - encoder.dcrnn_cells.1.update.bias_pool	torch.Size([10, 64])	cuda:0	True
2025-05-20 10:24:58,014 - INFO - end_conv.weight	torch.Size([12, 1, 1, 64])	cuda:0	True
2025-05-20 10:24:58,014 - INFO - end_conv.bias	torch.Size([12])	cuda:0	True
2025-05-20 10:24:58,014 - INFO - Total parameter numbers: 766220
2025-05-20 10:24:58,014 - INFO - You select `adam` optimizer.
2025-05-20 10:24:59,013 - WARNING - Received none train loss func and will use the loss func defined in the model.
2025-05-20 10:24:59,013 - INFO - Start training ...
2025-05-20 10:24:59,013 - INFO - num_batches:578
2025-05-20 10:29:09,731 - INFO - epoch complete!
2025-05-20 10:29:09,732 - INFO - evaluating now!
2025-05-20 10:29:29,413 - INFO - Epoch [0/10] train_loss: 0.2176, val_loss: 0.2154, lr: 0.003000, 270.40s
2025-05-20 10:29:29,435 - INFO - Saved model at 0
2025-05-20 10:29:29,435 - INFO - Val loss decrease from inf to 0.2154, saving to ./libcity/cache/cloud_AGCRN_3/model_cache/AGCRN_cloud_epoch0.tar
2025-05-20 10:35:02,741 - INFO - epoch complete!
2025-05-20 10:35:02,741 - INFO - evaluating now!
2025-05-20 10:35:24,579 - INFO - Epoch [1/10] train_loss: 0.2123, val_loss: 0.2129, lr: 0.003000, 355.14s
2025-05-20 10:35:24,599 - INFO - Saved model at 1
2025-05-20 10:35:24,599 - INFO - Val loss decrease from 0.2154 to 0.2129, saving to ./libcity/cache/cloud_AGCRN_3/model_cache/AGCRN_cloud_epoch1.tar
2025-05-20 10:46:00,018 - INFO - epoch complete!
2025-05-20 10:46:00,019 - INFO - evaluating now!
2025-05-20 10:46:25,111 - INFO - Epoch [2/10] train_loss: 0.2107, val_loss: 0.2128, lr: 0.003000, 660.51s
2025-05-20 10:46:25,133 - INFO - Saved model at 2
2025-05-20 10:46:25,133 - INFO - Val loss decrease from 0.2129 to 0.2128, saving to ./libcity/cache/cloud_AGCRN_3/model_cache/AGCRN_cloud_epoch2.tar
2025-05-20 10:51:10,353 - INFO - epoch complete!
2025-05-20 10:51:10,354 - INFO - evaluating now!
2025-05-20 10:51:38,006 - INFO - Epoch [3/10] train_loss: 0.2101, val_loss: 0.2124, lr: 0.003000, 312.87s
2025-05-20 10:51:38,016 - INFO - Saved model at 3
2025-05-20 10:51:38,016 - INFO - Val loss decrease from 0.2128 to 0.2124, saving to ./libcity/cache/cloud_AGCRN_3/model_cache/AGCRN_cloud_epoch3.tar
2025-05-20 10:56:03,520 - INFO - epoch complete!
2025-05-20 10:56:03,520 - INFO - evaluating now!
2025-05-20 10:56:32,361 - INFO - Epoch [4/10] train_loss: 0.2095, val_loss: 0.2118, lr: 0.003000, 294.34s
2025-05-20 10:56:32,388 - INFO - Saved model at 4
2025-05-20 10:56:32,388 - INFO - Val loss decrease from 0.2124 to 0.2118, saving to ./libcity/cache/cloud_AGCRN_3/model_cache/AGCRN_cloud_epoch4.tar
2025-05-20 11:01:44,781 - INFO - epoch complete!
2025-05-20 11:01:44,781 - INFO - evaluating now!
2025-05-20 11:02:08,597 - INFO - Epoch [5/10] train_loss: 0.2090, val_loss: 0.2120, lr: 0.003000, 336.21s
2025-05-20 11:06:58,110 - INFO - epoch complete!
2025-05-20 11:06:58,111 - INFO - evaluating now!
2025-05-20 11:07:21,573 - INFO - Epoch [6/10] train_loss: 0.2086, val_loss: 0.2120, lr: 0.003000, 312.98s
2025-05-20 11:12:57,493 - INFO - epoch complete!
2025-05-20 11:12:57,494 - INFO - evaluating now!
2025-05-20 11:13:23,353 - INFO - Epoch [7/10] train_loss: 0.2082, val_loss: 0.2119, lr: 0.003000, 361.78s
2025-05-20 11:18:48,185 - INFO - epoch complete!
2025-05-20 11:18:48,185 - INFO - evaluating now!
2025-05-20 11:19:16,119 - INFO - Epoch [8/10] train_loss: 0.2078, val_loss: 0.2121, lr: 0.003000, 352.77s
2025-05-20 11:25:11,865 - INFO - epoch complete!
2025-05-20 11:25:11,866 - INFO - evaluating now!
2025-05-20 11:25:43,206 - INFO - Epoch [9/10] train_loss: 0.2073, val_loss: 0.2123, lr: 0.003000, 387.09s
2025-05-20 11:25:43,206 - INFO - Trained totally 10 epochs, average train time is 338.856s, average eval time is 25.551s
2025-05-20 11:25:43,266 - INFO - Loaded model at 4
2025-05-20 11:25:43,266 - INFO - Saved model at ./libcity/cache/cloud_AGCRN_3/model_cache/AGCRN_cloud.m
2025-05-20 11:25:43,291 - INFO - Start evaluating ...
2025-05-20 11:26:48,042 - INFO - Note that you select the single mode to evaluate!
2025-05-20 11:26:48,062 - INFO - Evaluate result is saved at ./libcity/cache/cloud_AGCRN_3/evaluate_cache\2025_05_20_11_26_48_AGCRN_cloud.csv
2025-05-20 11:26:48,088 - INFO - 
         MAE      MAPE      RMSE
1   0.201672  6.635260  0.302859
2   0.204969  6.881845  0.306452
3   0.206543  6.996140  0.308242
4   0.207441  7.046853  0.309457
5   0.208058  7.056462  0.310284
6   0.208536  7.062528  0.310820
7   0.208891  7.097527  0.311328
8   0.209169  7.120358  0.311750
9   0.209418  7.148122  0.311969
10  0.209615  7.162095  0.312175
11  0.209784  7.166903  0.312370
12  0.209933  7.173946  0.312508
