2025-05-20 10:10:17,024 - INFO - Log directory: ./libcity/log
2025-05-20 10:10:17,025 - INFO - Begin pipeline, task=MTS_pred, model_name=STGCN, dataset_name=cloud, exp_id=cloud_1
2025-05-20 10:10:17,025 - INFO - {'task': 'MTS_pred', 'model': 'STGCN', 'dataset': 'cloud', 'saved_model': False, 'exp_id': 'cloud_1', 'seed': 0, 'dataset_class': 'StatePointDataset', 'executor': 'StateExecutor', 'evaluator': 'StateEvaluator', 'Ks': 3, 'Kt': 3, 'blocks': [[1, 32, 64], [64, 32, 128]], 'dropout': 0, 'graph_conv_type': 'chebconv', 'stgcn_train_mode': 'quick', 'bidir_adj_mx': True, 'scaler': 'standard', 'load_external': False, 'normal_external': False, 'ext_scaler': 'none', 'add_time_in_day': False, 'add_day_in_week': False, 'max_epoch': 100, 'learner': 'rmsprop', 'learning_rate': 0.001, 'lr_decay': True, 'lr_scheduler': 'steplr', 'lr_decay_ratio': 0.7, 'step_size': 5, 'clip_grad_norm': False, 'use_early_stop': False, 'batch_size': 64, 'cache_dataset': True, 'num_workers': 0, 'pad_with_last_sample': True, 'train_rate': 0.7, 'eval_rate': 0.1, 'input_window': 12, 'output_window': 12, 'robustness_test': False, 'noise_type': 'gaussian', 'disturb_rate': 0.5, 'noise_mean': [5], 'noise_SD': [10], 'gpu': True, 'gpu_id': 0, 'train_loss': 'none', 'epoch': 0, 'weight_decay': 0, 'lr_epsilon': 1e-08, 'lr_beta1': 0.9, 'lr_beta2': 0.999, 'lr_alpha': 0.99, 'lr_momentum': 0, 'steps': [5, 20, 40, 70], 'lr_T_max': 30, 'lr_eta_min': 0, 'lr_patience': 10, 'lr_threshold': 0.0001, 'max_grad_norm': 1.0, 'patience': 50, 'log_level': 'INFO', 'log_every': 1, 'load_best_epoch': True, 'hyper_tune': False, 'metrics': ['MAE', 'MAPE', 'RMSE'], 'evaluator_mode': 'single', 'save_mode': ['csv'], 'geo': {'including_types': ['Point'], 'Point': {}}, 'rel': {'including_types': ['geo'], 'geo': {'cost': 'num'}}, 'dyna': {'including_types': ['state'], 'state': {'entity_id': 'geo_id', 'traffic_speed': 'num'}}, 'data_col': ['traffic_speed'], 'weight_col': 'cost', 'data_files': ['cloud'], 'geo_file': 'cloud', 'rel_file': 'cloud', 'output_dim': 1, 'time_intervals': 300, 'init_weight_inf_or_zero': 'inf', 'set_weight_link_or_dist': 'dist', 'calculate_weight_adj': True, 'weight_adj_epsilon': 0.1, 'device': device(type='cuda', index=0)}
2025-05-20 10:10:18,537 - INFO - Loaded file cloud_feature.csv, shape=(3322, 2048, 1)
2025-05-20 10:10:19,665 - INFO - Dataset created
2025-05-20 10:10:19,666 - INFO - x shape: (3299, 12, 2048, 1), y shape: (3299, 12, 2048, 1)
2025-05-20 10:10:19,709 - INFO - train	x: (2309, 12, 2048, 1), y: (2309, 12, 2048, 1)
2025-05-20 10:10:19,709 - INFO - eval	x: (330, 12, 2048, 1), y: (330, 12, 2048, 1)
2025-05-20 10:10:19,709 - INFO - test	x: (660, 12, 2048, 1), y: (660, 12, 2048, 1)
2025-05-20 10:11:26,873 - INFO - Saved at ./libcity/cache/dataset_cache/point_based_cloud_12_12_0.7_0.1_standard_64_False_False_False_True.npz
2025-05-20 10:11:27,127 - INFO - StandardScaler mean: 0.6730361005208646, std: 0.3631566026517174
2025-05-20 10:11:27,127 - INFO - NoneScaler
2025-05-20 10:11:28,447 - INFO - You select quick mode to train STGCN model.
2025-05-20 10:11:34,763 - INFO - Chebyshev_polynomial_Lk shape: (3, 2048, 2048)
2025-05-20 10:11:34,975 - INFO - STGCN(
  (st_conv1): STConvBlock(
    (tconv1): TemporalConvLayer(
      (align): Align()
      (conv): Conv2d(1, 64, kernel_size=(3, 1), stride=(1, 1))
    )
    (sconv): SpatioConvLayer(
      (align): Align()
    )
    (tconv2): TemporalConvLayer(
      (align): Align()
      (conv): Conv2d(32, 64, kernel_size=(3, 1), stride=(1, 1))
    )
    (ln): LayerNorm((2048, 64), eps=1e-05, elementwise_affine=True)
    (dropout): Dropout(p=0, inplace=False)
  )
  (st_conv2): STConvBlock(
    (tconv1): TemporalConvLayer(
      (align): Align(
        (conv1x1): Conv2d(64, 32, kernel_size=(1, 1), stride=(1, 1))
      )
      (conv): Conv2d(64, 64, kernel_size=(3, 1), stride=(1, 1))
    )
    (sconv): SpatioConvLayer(
      (align): Align()
    )
    (tconv2): TemporalConvLayer(
      (align): Align()
      (conv): Conv2d(32, 128, kernel_size=(3, 1), stride=(1, 1))
    )
    (ln): LayerNorm((2048, 128), eps=1e-05, elementwise_affine=True)
    (dropout): Dropout(p=0, inplace=False)
  )
  (output): OutputLayer(
    (tconv1): TemporalConvLayer(
      (align): Align()
      (conv): Conv2d(128, 256, kernel_size=(4, 1), stride=(1, 1))
    )
    (ln): LayerNorm((2048, 128), eps=1e-05, elementwise_affine=True)
    (tconv2): TemporalConvLayer(
      (align): Align()
      (conv): Conv2d(128, 128, kernel_size=(1, 1), stride=(1, 1))
    )
    (fc): FullyConvLayer(
      (conv): Conv2d(128, 1, kernel_size=(1, 1), stride=(1, 1))
    )
  )
)
2025-05-20 10:11:34,975 - INFO - st_conv1.tconv1.conv.weight	torch.Size([64, 1, 3, 1])	cuda:0	True
2025-05-20 10:11:34,976 - INFO - st_conv1.tconv1.conv.bias	torch.Size([64])	cuda:0	True
2025-05-20 10:11:34,976 - INFO - st_conv1.sconv.theta	torch.Size([32, 32, 3])	cuda:0	True
2025-05-20 10:11:34,976 - INFO - st_conv1.sconv.b	torch.Size([1, 32, 1, 1])	cuda:0	True
2025-05-20 10:11:34,976 - INFO - st_conv1.tconv2.conv.weight	torch.Size([64, 32, 3, 1])	cuda:0	True
2025-05-20 10:11:34,976 - INFO - st_conv1.tconv2.conv.bias	torch.Size([64])	cuda:0	True
2025-05-20 10:11:34,976 - INFO - st_conv1.ln.weight	torch.Size([2048, 64])	cuda:0	True
2025-05-20 10:11:34,976 - INFO - st_conv1.ln.bias	torch.Size([2048, 64])	cuda:0	True
2025-05-20 10:11:34,976 - INFO - st_conv2.tconv1.align.conv1x1.weight	torch.Size([32, 64, 1, 1])	cuda:0	True
2025-05-20 10:11:34,976 - INFO - st_conv2.tconv1.align.conv1x1.bias	torch.Size([32])	cuda:0	True
2025-05-20 10:11:34,976 - INFO - st_conv2.tconv1.conv.weight	torch.Size([64, 64, 3, 1])	cuda:0	True
2025-05-20 10:11:34,976 - INFO - st_conv2.tconv1.conv.bias	torch.Size([64])	cuda:0	True
2025-05-20 10:11:34,976 - INFO - st_conv2.sconv.theta	torch.Size([32, 32, 3])	cuda:0	True
2025-05-20 10:11:34,976 - INFO - st_conv2.sconv.b	torch.Size([1, 32, 1, 1])	cuda:0	True
2025-05-20 10:11:34,977 - INFO - st_conv2.tconv2.conv.weight	torch.Size([128, 32, 3, 1])	cuda:0	True
2025-05-20 10:11:34,977 - INFO - st_conv2.tconv2.conv.bias	torch.Size([128])	cuda:0	True
2025-05-20 10:11:34,977 - INFO - st_conv2.ln.weight	torch.Size([2048, 128])	cuda:0	True
2025-05-20 10:11:34,977 - INFO - st_conv2.ln.bias	torch.Size([2048, 128])	cuda:0	True
2025-05-20 10:11:34,977 - INFO - output.tconv1.conv.weight	torch.Size([256, 128, 4, 1])	cuda:0	True
2025-05-20 10:11:34,977 - INFO - output.tconv1.conv.bias	torch.Size([256])	cuda:0	True
2025-05-20 10:11:34,977 - INFO - output.ln.weight	torch.Size([2048, 128])	cuda:0	True
2025-05-20 10:11:34,977 - INFO - output.ln.bias	torch.Size([2048, 128])	cuda:0	True
2025-05-20 10:11:34,977 - INFO - output.tconv2.conv.weight	torch.Size([128, 128, 1, 1])	cuda:0	True
2025-05-20 10:11:34,977 - INFO - output.tconv2.conv.bias	torch.Size([128])	cuda:0	True
2025-05-20 10:11:34,977 - INFO - output.fc.conv.weight	torch.Size([1, 128, 1, 1])	cuda:0	True
2025-05-20 10:11:34,977 - INFO - output.fc.conv.bias	torch.Size([1])	cuda:0	True
2025-05-20 10:11:34,977 - INFO - Total parameter numbers: 1498209
2025-05-20 10:11:34,977 - INFO - You select `rmsprop` optimizer.
2025-05-20 10:11:36,138 - INFO - You select `steplr` lr_scheduler.
2025-05-20 10:11:36,138 - WARNING - Received none train loss func and will use the loss func defined in the model.
2025-05-20 10:11:36,138 - INFO - Loaded model at ./libcity/cache/cloud_1/model_cache/STGCN_cloud.m
2025-05-20 10:11:36,187 - INFO - Start evaluating ...
2025-05-20 10:11:56,459 - INFO - Note that you select the single mode to evaluate!
2025-05-20 10:11:56,463 - INFO - Evaluate result is saved at ./libcity/cache/cloud_1/evaluate_cache\2025_05_20_10_11_56_STGCN_cloud.csv
2025-05-20 10:11:56,467 - INFO - 
         MAE      MAPE      RMSE
1   0.229290  5.752000  0.283958
2   0.236766  5.902278  0.289526
3   0.239825  5.865626  0.292149
4   0.240965  5.875149  0.293478
5   0.241567  5.861776  0.294479
6   0.241932  5.844554  0.295304
7   0.242195  5.828952  0.296003
8   0.242420  5.812816  0.296612
9   0.242646  5.810293  0.297167
10  0.242797  5.790600  0.297586
11  0.242891  5.785679  0.297904
12  0.242985  5.778489  0.298197
