2025-05-20 11:56:31,034 - INFO - Log directory: ./libcity/log
2025-05-20 11:56:31,035 - INFO - Begin pipeline, task=MTS_pred, model_name=ASTGCN, dataset_name=cloud, exp_id=cloud_AGCRN_3
2025-05-20 11:56:31,035 - INFO - {'task': 'MTS_pred', 'model': 'ASTGCN', 'dataset': 'cloud', 'saved_model': True, 'exp_id': 'cloud_AGCRN_3', 'seed': 0, 'batch_size': 4, 'max_epoch': 10, 'dataset_class': 'StatePointDataset', 'executor': 'StateExecutor', 'evaluator': 'StateEvaluator', 'nb_block': 2, 'K': 3, 'nb_chev_filter': 64, 'nb_time_filter': 64, 'bidir_adj_mx': True, 'scaler': 'standard', 'load_external': False, 'normal_external': False, 'ext_scaler': 'none', 'add_time_in_day': False, 'add_day_in_week': False, 'train_rate': 0.6, 'eval_rate': 0.2, 'learner': 'adam', 'learning_rate': 0.0001, 'lr_decay': False, 'clip_grad_norm': False, 'use_early_stop': False, 'cache_dataset': True, 'num_workers': 0, 'pad_with_last_sample': True, 'input_window': 12, 'output_window': 12, 'robustness_test': False, 'noise_type': 'gaussian', 'disturb_rate': 0.5, 'noise_mean': [5], 'noise_SD': [10], 'gpu': True, 'gpu_id': 0, 'train_loss': 'none', 'epoch': 0, 'weight_decay': 0, 'lr_epsilon': 1e-08, 'lr_beta1': 0.9, 'lr_beta2': 0.999, 'lr_alpha': 0.99, 'lr_momentum': 0, 'lr_scheduler': 'multisteplr', 'lr_decay_ratio': 0.1, 'steps': [5, 20, 40, 70], 'step_size': 10, 'lr_T_max': 30, 'lr_eta_min': 0, 'lr_patience': 10, 'lr_threshold': 0.0001, 'max_grad_norm': 1.0, 'patience': 50, 'log_level': 'INFO', 'log_every': 1, 'load_best_epoch': True, 'hyper_tune': False, 'metrics': ['MAE', 'MAPE', 'RMSE'], 'evaluator_mode': 'single', 'save_mode': ['csv'], 'geo': {'including_types': ['Point'], 'Point': {}}, 'rel': {'including_types': ['geo'], 'geo': {'cost': 'num'}}, 'dyna': {'including_types': ['state'], 'state': {'entity_id': 'geo_id', 'traffic_speed': 'num'}}, 'data_col': ['traffic_speed'], 'weight_col': 'cost', 'data_files': ['cloud'], 'geo_file': 'cloud', 'rel_file': 'cloud', 'output_dim': 1, 'time_intervals': 300, 'init_weight_inf_or_zero': 'inf', 'set_weight_link_or_dist': 'dist', 'calculate_weight_adj': True, 'weight_adj_epsilon': 0.1, 'device': device(type='cuda', index=0)}
2025-05-20 11:56:32,590 - INFO - Loaded file cloud_feature.csv, shape=(3322, 2048, 1)
2025-05-20 11:56:33,868 - INFO - Dataset created
2025-05-20 11:56:33,870 - INFO - x shape: (3299, 12, 2048, 1), y shape: (3299, 12, 2048, 1)
2025-05-20 11:56:33,933 - INFO - train	x: (1979, 12, 2048, 1), y: (1979, 12, 2048, 1)
2025-05-20 11:56:33,933 - INFO - eval	x: (660, 12, 2048, 1), y: (660, 12, 2048, 1)
2025-05-20 11:56:33,933 - INFO - test	x: (660, 12, 2048, 1), y: (660, 12, 2048, 1)
2025-05-20 11:57:40,342 - INFO - Saved at ./libcity/cache/dataset_cache/point_based_cloud_12_12_0.6_0.2_standard_4_False_False_False_True.npz
2025-05-20 11:57:40,561 - INFO - StandardScaler mean: 0.6730644819009214, std: 0.36334914314795747
2025-05-20 11:57:40,562 - INFO - NoneScaler
2025-05-20 11:57:46,244 - INFO - ASTGCN(
  (ASTGCN_submodule): ASTGCNSubmodule(
    (BlockList): ModuleList(
      (0): ASTGCNBlock(
        (TAt): TemporalAttentionLayer()
        (SAt): SpatialAttentionLayer()
        (cheb_conv_SAt): ChebConvWithSAt(
          (Theta): ParameterList(
              (0): Parameter containing: [torch.float32 of size 1x64 (cuda:0)]
              (1): Parameter containing: [torch.float32 of size 1x64 (cuda:0)]
              (2): Parameter containing: [torch.float32 of size 1x64 (cuda:0)]
          )
        )
        (time_conv): Conv2d(64, 64, kernel_size=(1, 3), stride=(1, 1), padding=(0, 1))
        (residual_conv): Conv2d(1, 64, kernel_size=(1, 1), stride=(1, 1))
        (ln): LayerNorm((64,), eps=1e-05, elementwise_affine=True)
      )
      (1): ASTGCNBlock(
        (TAt): TemporalAttentionLayer()
        (SAt): SpatialAttentionLayer()
        (cheb_conv_SAt): ChebConvWithSAt(
          (Theta): ParameterList(
              (0): Parameter containing: [torch.float32 of size 64x64 (cuda:0)]
              (1): Parameter containing: [torch.float32 of size 64x64 (cuda:0)]
              (2): Parameter containing: [torch.float32 of size 64x64 (cuda:0)]
          )
        )
        (time_conv): Conv2d(64, 64, kernel_size=(1, 3), stride=(1, 1), padding=(0, 1))
        (residual_conv): Conv2d(64, 64, kernel_size=(1, 1), stride=(1, 1))
        (ln): LayerNorm((64,), eps=1e-05, elementwise_affine=True)
      )
    )
    (final_conv): Conv2d(12, 12, kernel_size=(1, 64), stride=(1, 1))
  )
)
2025-05-20 11:57:46,245 - INFO - ASTGCN_submodule.BlockList.0.TAt.U1	torch.Size([2048])	cuda:0	True
2025-05-20 11:57:46,245 - INFO - ASTGCN_submodule.BlockList.0.TAt.U2	torch.Size([1, 2048])	cuda:0	True
2025-05-20 11:57:46,245 - INFO - ASTGCN_submodule.BlockList.0.TAt.U3	torch.Size([1])	cuda:0	True
2025-05-20 11:57:46,245 - INFO - ASTGCN_submodule.BlockList.0.TAt.be	torch.Size([1, 12, 12])	cuda:0	True
2025-05-20 11:57:46,245 - INFO - ASTGCN_submodule.BlockList.0.TAt.Ve	torch.Size([12, 12])	cuda:0	True
2025-05-20 11:57:46,245 - INFO - ASTGCN_submodule.BlockList.0.SAt.W1	torch.Size([12])	cuda:0	True
2025-05-20 11:57:46,245 - INFO - ASTGCN_submodule.BlockList.0.SAt.W2	torch.Size([1, 12])	cuda:0	True
2025-05-20 11:57:46,245 - INFO - ASTGCN_submodule.BlockList.0.SAt.W3	torch.Size([1])	cuda:0	True
2025-05-20 11:57:46,245 - INFO - ASTGCN_submodule.BlockList.0.SAt.bs	torch.Size([1, 2048, 2048])	cuda:0	True
2025-05-20 11:57:46,245 - INFO - ASTGCN_submodule.BlockList.0.SAt.Vs	torch.Size([2048, 2048])	cuda:0	True
2025-05-20 11:57:46,245 - INFO - ASTGCN_submodule.BlockList.0.cheb_conv_SAt.Theta.0	torch.Size([1, 64])	cuda:0	True
2025-05-20 11:57:46,246 - INFO - ASTGCN_submodule.BlockList.0.cheb_conv_SAt.Theta.1	torch.Size([1, 64])	cuda:0	True
2025-05-20 11:57:46,246 - INFO - ASTGCN_submodule.BlockList.0.cheb_conv_SAt.Theta.2	torch.Size([1, 64])	cuda:0	True
2025-05-20 11:57:46,246 - INFO - ASTGCN_submodule.BlockList.0.time_conv.weight	torch.Size([64, 64, 1, 3])	cuda:0	True
2025-05-20 11:57:46,246 - INFO - ASTGCN_submodule.BlockList.0.time_conv.bias	torch.Size([64])	cuda:0	True
2025-05-20 11:57:46,246 - INFO - ASTGCN_submodule.BlockList.0.residual_conv.weight	torch.Size([64, 1, 1, 1])	cuda:0	True
2025-05-20 11:57:46,246 - INFO - ASTGCN_submodule.BlockList.0.residual_conv.bias	torch.Size([64])	cuda:0	True
2025-05-20 11:57:46,246 - INFO - ASTGCN_submodule.BlockList.0.ln.weight	torch.Size([64])	cuda:0	True
2025-05-20 11:57:46,246 - INFO - ASTGCN_submodule.BlockList.0.ln.bias	torch.Size([64])	cuda:0	True
2025-05-20 11:57:46,246 - INFO - ASTGCN_submodule.BlockList.1.TAt.U1	torch.Size([2048])	cuda:0	True
2025-05-20 11:57:46,246 - INFO - ASTGCN_submodule.BlockList.1.TAt.U2	torch.Size([64, 2048])	cuda:0	True
2025-05-20 11:57:46,246 - INFO - ASTGCN_submodule.BlockList.1.TAt.U3	torch.Size([64])	cuda:0	True
2025-05-20 11:57:46,246 - INFO - ASTGCN_submodule.BlockList.1.TAt.be	torch.Size([1, 12, 12])	cuda:0	True
2025-05-20 11:57:46,246 - INFO - ASTGCN_submodule.BlockList.1.TAt.Ve	torch.Size([12, 12])	cuda:0	True
2025-05-20 11:57:46,246 - INFO - ASTGCN_submodule.BlockList.1.SAt.W1	torch.Size([12])	cuda:0	True
2025-05-20 11:57:46,246 - INFO - ASTGCN_submodule.BlockList.1.SAt.W2	torch.Size([64, 12])	cuda:0	True
2025-05-20 11:57:46,247 - INFO - ASTGCN_submodule.BlockList.1.SAt.W3	torch.Size([64])	cuda:0	True
2025-05-20 11:57:46,247 - INFO - ASTGCN_submodule.BlockList.1.SAt.bs	torch.Size([1, 2048, 2048])	cuda:0	True
2025-05-20 11:57:46,247 - INFO - ASTGCN_submodule.BlockList.1.SAt.Vs	torch.Size([2048, 2048])	cuda:0	True
2025-05-20 11:57:46,247 - INFO - ASTGCN_submodule.BlockList.1.cheb_conv_SAt.Theta.0	torch.Size([64, 64])	cuda:0	True
2025-05-20 11:57:46,247 - INFO - ASTGCN_submodule.BlockList.1.cheb_conv_SAt.Theta.1	torch.Size([64, 64])	cuda:0	True
2025-05-20 11:57:46,248 - INFO - ASTGCN_submodule.BlockList.1.cheb_conv_SAt.Theta.2	torch.Size([64, 64])	cuda:0	True
2025-05-20 11:57:46,248 - INFO - ASTGCN_submodule.BlockList.1.time_conv.weight	torch.Size([64, 64, 1, 3])	cuda:0	True
2025-05-20 11:57:46,248 - INFO - ASTGCN_submodule.BlockList.1.time_conv.bias	torch.Size([64])	cuda:0	True
2025-05-20 11:57:46,248 - INFO - ASTGCN_submodule.BlockList.1.residual_conv.weight	torch.Size([64, 64, 1, 1])	cuda:0	True
2025-05-20 11:57:46,248 - INFO - ASTGCN_submodule.BlockList.1.residual_conv.bias	torch.Size([64])	cuda:0	True
2025-05-20 11:57:46,248 - INFO - ASTGCN_submodule.BlockList.1.ln.weight	torch.Size([64])	cuda:0	True
2025-05-20 11:57:46,248 - INFO - ASTGCN_submodule.BlockList.1.ln.bias	torch.Size([64])	cuda:0	True
2025-05-20 11:57:46,248 - INFO - ASTGCN_submodule.final_conv.weight	torch.Size([12, 12, 1, 64])	cuda:0	True
2025-05-20 11:57:46,248 - INFO - ASTGCN_submodule.final_conv.bias	torch.Size([12])	cuda:0	True
2025-05-20 11:57:46,249 - INFO - Total parameter numbers: 16966898
2025-05-20 11:57:46,249 - INFO - You select `adam` optimizer.
2025-05-20 11:57:47,264 - WARNING - Received none train loss func and will use the loss func defined in the model.
2025-05-20 11:57:47,265 - INFO - Start training ...
2025-05-20 11:57:47,265 - INFO - num_batches:495
2025-05-20 11:59:45,357 - INFO - epoch complete!
2025-05-20 11:59:45,358 - INFO - evaluating now!
2025-05-20 11:59:59,021 - INFO - Epoch [0/10] train_loss: 0.1118, val_loss: 0.1029, lr: 0.000100, 131.75s
2025-05-20 11:59:59,180 - INFO - Saved model at 0
2025-05-20 11:59:59,180 - INFO - Val loss decrease from inf to 0.1029, saving to ./libcity/cache/cloud_AGCRN_3/model_cache/ASTGCN_cloud_epoch0.tar
2025-05-20 12:01:57,458 - INFO - epoch complete!
2025-05-20 12:01:57,458 - INFO - evaluating now!
2025-05-20 12:02:11,220 - INFO - Epoch [1/10] train_loss: 0.1008, val_loss: 0.1013, lr: 0.000100, 132.04s
2025-05-20 12:02:11,364 - INFO - Saved model at 1
2025-05-20 12:02:11,364 - INFO - Val loss decrease from 0.1029 to 0.1013, saving to ./libcity/cache/cloud_AGCRN_3/model_cache/ASTGCN_cloud_epoch1.tar
2025-05-20 12:04:09,949 - INFO - epoch complete!
2025-05-20 12:04:09,950 - INFO - evaluating now!
2025-05-20 12:04:23,734 - INFO - Epoch [2/10] train_loss: 0.0996, val_loss: 0.1006, lr: 0.000100, 132.37s
2025-05-20 12:04:23,875 - INFO - Saved model at 2
2025-05-20 12:04:23,875 - INFO - Val loss decrease from 0.1013 to 0.1006, saving to ./libcity/cache/cloud_AGCRN_3/model_cache/ASTGCN_cloud_epoch2.tar
2025-05-20 12:06:26,887 - INFO - epoch complete!
2025-05-20 12:06:26,887 - INFO - evaluating now!
2025-05-20 12:06:41,162 - INFO - Epoch [3/10] train_loss: 0.0988, val_loss: 0.1003, lr: 0.000100, 137.29s
2025-05-20 12:06:41,449 - INFO - Saved model at 3
2025-05-20 12:06:41,450 - INFO - Val loss decrease from 0.1006 to 0.1003, saving to ./libcity/cache/cloud_AGCRN_3/model_cache/ASTGCN_cloud_epoch3.tar
2025-05-20 12:08:41,502 - INFO - epoch complete!
2025-05-20 12:08:41,502 - INFO - evaluating now!
2025-05-20 12:08:55,636 - INFO - Epoch [4/10] train_loss: 0.0983, val_loss: 0.0998, lr: 0.000100, 134.19s
2025-05-20 12:08:55,943 - INFO - Saved model at 4
2025-05-20 12:08:55,944 - INFO - Val loss decrease from 0.1003 to 0.0998, saving to ./libcity/cache/cloud_AGCRN_3/model_cache/ASTGCN_cloud_epoch4.tar
2025-05-20 12:10:57,571 - INFO - epoch complete!
2025-05-20 12:10:57,572 - INFO - evaluating now!
2025-05-20 12:11:11,573 - INFO - Epoch [5/10] train_loss: 0.0979, val_loss: 0.0997, lr: 0.000100, 135.63s
2025-05-20 12:11:11,729 - INFO - Saved model at 5
2025-05-20 12:11:11,729 - INFO - Val loss decrease from 0.0998 to 0.0997, saving to ./libcity/cache/cloud_AGCRN_3/model_cache/ASTGCN_cloud_epoch5.tar
2025-05-20 12:13:13,693 - INFO - epoch complete!
2025-05-20 12:13:13,694 - INFO - evaluating now!
2025-05-20 12:13:29,355 - INFO - Epoch [6/10] train_loss: 0.0976, val_loss: 0.0996, lr: 0.000100, 137.63s
2025-05-20 12:13:29,624 - INFO - Saved model at 6
2025-05-20 12:13:29,624 - INFO - Val loss decrease from 0.0997 to 0.0996, saving to ./libcity/cache/cloud_AGCRN_3/model_cache/ASTGCN_cloud_epoch6.tar
2025-05-20 12:15:30,639 - INFO - epoch complete!
2025-05-20 12:15:30,640 - INFO - evaluating now!
2025-05-20 12:15:44,595 - INFO - Epoch [7/10] train_loss: 0.0973, val_loss: 0.0994, lr: 0.000100, 134.97s
2025-05-20 12:15:44,794 - INFO - Saved model at 7
2025-05-20 12:15:44,794 - INFO - Val loss decrease from 0.0996 to 0.0994, saving to ./libcity/cache/cloud_AGCRN_3/model_cache/ASTGCN_cloud_epoch7.tar
2025-05-20 12:17:44,014 - INFO - epoch complete!
2025-05-20 12:17:44,014 - INFO - evaluating now!
2025-05-20 12:17:57,890 - INFO - Epoch [8/10] train_loss: 0.0971, val_loss: 0.0993, lr: 0.000100, 133.10s
2025-05-20 12:17:58,061 - INFO - Saved model at 8
2025-05-20 12:17:58,061 - INFO - Val loss decrease from 0.0994 to 0.0993, saving to ./libcity/cache/cloud_AGCRN_3/model_cache/ASTGCN_cloud_epoch8.tar
2025-05-20 12:19:57,108 - INFO - epoch complete!
2025-05-20 12:19:57,108 - INFO - evaluating now!
2025-05-20 12:20:10,918 - INFO - Epoch [9/10] train_loss: 0.0968, val_loss: 0.0992, lr: 0.000100, 132.86s
2025-05-20 12:20:11,069 - INFO - Saved model at 9
2025-05-20 12:20:11,069 - INFO - Val loss decrease from 0.0993 to 0.0992, saving to ./libcity/cache/cloud_AGCRN_3/model_cache/ASTGCN_cloud_epoch9.tar
2025-05-20 12:20:11,069 - INFO - Trained totally 10 epochs, average train time is 120.089s, average eval time is 14.092s
2025-05-20 12:20:11,191 - INFO - Loaded model at 9
2025-05-20 12:20:11,191 - INFO - Saved model at ./libcity/cache/cloud_AGCRN_3/model_cache/ASTGCN_cloud.m
2025-05-20 12:20:11,393 - INFO - Start evaluating ...
2025-05-20 12:20:31,237 - INFO - Note that you select the single mode to evaluate!
2025-05-20 12:20:31,243 - INFO - Evaluate result is saved at ./libcity/cache/cloud_AGCRN_3/evaluate_cache\2025_05_20_12_20_31_ASTGCN_cloud.csv
2025-05-20 12:20:31,248 - INFO - 
         MAE      MAPE      RMSE
1   0.232124  5.670150  0.287300
2   0.236721  5.861430  0.290848
3   0.239555  5.920294  0.292838
4   0.240750  5.981682  0.293840
5   0.241991  5.996605  0.294730
6   0.243005  6.005674  0.295423
7   0.244166  6.004305  0.296067
8   0.244707  6.017462  0.296453
9   0.245163  6.025167  0.296791
10  0.245757  6.023038  0.297161
11  0.246086  6.032490  0.297378
12  0.246544  6.030276  0.297660
