2025-05-20 09:51:12,625 - INFO - Log directory: ./libcity/log
2025-05-20 09:51:12,625 - INFO - Begin pipeline, task=MTS_pred, model_name=STGCN, dataset_name=cloud, exp_id=cloud_1
2025-05-20 09:51:12,626 - INFO - {'task': 'MTS_pred', 'model': 'STGCN', 'dataset': 'cloud', 'saved_model': True, 'exp_id': 'cloud_1', 'seed': 0, 'batch_size': 4, 'max_epoch': 50, 'dataset_class': 'StatePointDataset', 'executor': 'StateExecutor', 'evaluator': 'StateEvaluator', 'Ks': 3, 'Kt': 3, 'blocks': [[1, 32, 64], [64, 32, 128]], 'dropout': 0, 'graph_conv_type': 'chebconv', 'stgcn_train_mode': 'quick', 'bidir_adj_mx': True, 'scaler': 'standard', 'load_external': False, 'normal_external': False, 'ext_scaler': 'none', 'add_time_in_day': False, 'add_day_in_week': False, 'learner': 'rmsprop', 'learning_rate': 0.001, 'lr_decay': True, 'lr_scheduler': 'steplr', 'lr_decay_ratio': 0.7, 'step_size': 5, 'clip_grad_norm': False, 'use_early_stop': False, 'cache_dataset': True, 'num_workers': 0, 'pad_with_last_sample': True, 'train_rate': 0.7, 'eval_rate': 0.1, 'input_window': 12, 'output_window': 12, 'robustness_test': False, 'noise_type': 'gaussian', 'disturb_rate': 0.5, 'noise_mean': [5], 'noise_SD': [10], 'gpu': True, 'gpu_id': 0, 'train_loss': 'none', 'epoch': 0, 'weight_decay': 0, 'lr_epsilon': 1e-08, 'lr_beta1': 0.9, 'lr_beta2': 0.999, 'lr_alpha': 0.99, 'lr_momentum': 0, 'steps': [5, 20, 40, 70], 'lr_T_max': 30, 'lr_eta_min': 0, 'lr_patience': 10, 'lr_threshold': 0.0001, 'max_grad_norm': 1.0, 'patience': 50, 'log_level': 'INFO', 'log_every': 1, 'load_best_epoch': True, 'hyper_tune': False, 'metrics': ['MAE', 'MAPE', 'RMSE'], 'evaluator_mode': 'single', 'save_mode': ['csv'], 'geo': {'including_types': ['Point'], 'Point': {}}, 'rel': {'including_types': ['geo'], 'geo': {'cost': 'num'}}, 'dyna': {'including_types': ['state'], 'state': {'entity_id': 'geo_id', 'traffic_speed': 'num'}}, 'data_col': ['traffic_speed'], 'weight_col': 'cost', 'data_files': ['cloud'], 'geo_file': 'cloud', 'rel_file': 'cloud', 'output_dim': 1, 'time_intervals': 300, 'init_weight_inf_or_zero': 'inf', 'set_weight_link_or_dist': 'dist', 'calculate_weight_adj': True, 'weight_adj_epsilon': 0.1, 'device': device(type='cuda', index=0)}
2025-05-20 09:51:14,168 - INFO - Loaded file cloud_feature.csv, shape=(3322, 2048, 1)
2025-05-20 09:51:15,357 - INFO - Dataset created
2025-05-20 09:51:15,357 - INFO - x shape: (3299, 12, 2048, 1), y shape: (3299, 12, 2048, 1)
2025-05-20 09:51:15,419 - INFO - train	x: (2309, 12, 2048, 1), y: (2309, 12, 2048, 1)
2025-05-20 09:51:15,419 - INFO - eval	x: (330, 12, 2048, 1), y: (330, 12, 2048, 1)
2025-05-20 09:51:15,419 - INFO - test	x: (660, 12, 2048, 1), y: (660, 12, 2048, 1)
2025-05-20 09:52:21,785 - INFO - Saved at ./libcity/cache/dataset_cache/point_based_cloud_12_12_0.7_0.1_standard_4_False_False_False_True.npz
2025-05-20 09:52:22,022 - INFO - StandardScaler mean: 0.6730361005208646, std: 0.3631566026517174
2025-05-20 09:52:22,022 - INFO - NoneScaler
2025-05-20 09:52:23,381 - INFO - You select quick mode to train STGCN model.
2025-05-20 09:52:29,533 - INFO - Chebyshev_polynomial_Lk shape: (3, 2048, 2048)
2025-05-20 09:52:29,784 - INFO - STGCN(
  (st_conv1): STConvBlock(
    (tconv1): TemporalConvLayer(
      (align): Align()
      (conv): Conv2d(1, 64, kernel_size=(3, 1), stride=(1, 1))
    )
    (sconv): SpatioConvLayer(
      (align): Align()
    )
    (tconv2): TemporalConvLayer(
      (align): Align()
      (conv): Conv2d(32, 64, kernel_size=(3, 1), stride=(1, 1))
    )
    (ln): LayerNorm((2048, 64), eps=1e-05, elementwise_affine=True)
    (dropout): Dropout(p=0, inplace=False)
  )
  (st_conv2): STConvBlock(
    (tconv1): TemporalConvLayer(
      (align): Align(
        (conv1x1): Conv2d(64, 32, kernel_size=(1, 1), stride=(1, 1))
      )
      (conv): Conv2d(64, 64, kernel_size=(3, 1), stride=(1, 1))
    )
    (sconv): SpatioConvLayer(
      (align): Align()
    )
    (tconv2): TemporalConvLayer(
      (align): Align()
      (conv): Conv2d(32, 128, kernel_size=(3, 1), stride=(1, 1))
    )
    (ln): LayerNorm((2048, 128), eps=1e-05, elementwise_affine=True)
    (dropout): Dropout(p=0, inplace=False)
  )
  (output): OutputLayer(
    (tconv1): TemporalConvLayer(
      (align): Align()
      (conv): Conv2d(128, 256, kernel_size=(4, 1), stride=(1, 1))
    )
    (ln): LayerNorm((2048, 128), eps=1e-05, elementwise_affine=True)
    (tconv2): TemporalConvLayer(
      (align): Align()
      (conv): Conv2d(128, 128, kernel_size=(1, 1), stride=(1, 1))
    )
    (fc): FullyConvLayer(
      (conv): Conv2d(128, 1, kernel_size=(1, 1), stride=(1, 1))
    )
  )
)
2025-05-20 09:52:29,784 - INFO - st_conv1.tconv1.conv.weight	torch.Size([64, 1, 3, 1])	cuda:0	True
2025-05-20 09:52:29,785 - INFO - st_conv1.tconv1.conv.bias	torch.Size([64])	cuda:0	True
2025-05-20 09:52:29,785 - INFO - st_conv1.sconv.theta	torch.Size([32, 32, 3])	cuda:0	True
2025-05-20 09:52:29,785 - INFO - st_conv1.sconv.b	torch.Size([1, 32, 1, 1])	cuda:0	True
2025-05-20 09:52:29,785 - INFO - st_conv1.tconv2.conv.weight	torch.Size([64, 32, 3, 1])	cuda:0	True
2025-05-20 09:52:29,785 - INFO - st_conv1.tconv2.conv.bias	torch.Size([64])	cuda:0	True
2025-05-20 09:52:29,785 - INFO - st_conv1.ln.weight	torch.Size([2048, 64])	cuda:0	True
2025-05-20 09:52:29,785 - INFO - st_conv1.ln.bias	torch.Size([2048, 64])	cuda:0	True
2025-05-20 09:52:29,785 - INFO - st_conv2.tconv1.align.conv1x1.weight	torch.Size([32, 64, 1, 1])	cuda:0	True
2025-05-20 09:52:29,785 - INFO - st_conv2.tconv1.align.conv1x1.bias	torch.Size([32])	cuda:0	True
2025-05-20 09:52:29,785 - INFO - st_conv2.tconv1.conv.weight	torch.Size([64, 64, 3, 1])	cuda:0	True
2025-05-20 09:52:29,785 - INFO - st_conv2.tconv1.conv.bias	torch.Size([64])	cuda:0	True
2025-05-20 09:52:29,786 - INFO - st_conv2.sconv.theta	torch.Size([32, 32, 3])	cuda:0	True
2025-05-20 09:52:29,786 - INFO - st_conv2.sconv.b	torch.Size([1, 32, 1, 1])	cuda:0	True
2025-05-20 09:52:29,786 - INFO - st_conv2.tconv2.conv.weight	torch.Size([128, 32, 3, 1])	cuda:0	True
2025-05-20 09:52:29,786 - INFO - st_conv2.tconv2.conv.bias	torch.Size([128])	cuda:0	True
2025-05-20 09:52:29,786 - INFO - st_conv2.ln.weight	torch.Size([2048, 128])	cuda:0	True
2025-05-20 09:52:29,787 - INFO - st_conv2.ln.bias	torch.Size([2048, 128])	cuda:0	True
2025-05-20 09:52:29,787 - INFO - output.tconv1.conv.weight	torch.Size([256, 128, 4, 1])	cuda:0	True
2025-05-20 09:52:29,787 - INFO - output.tconv1.conv.bias	torch.Size([256])	cuda:0	True
2025-05-20 09:52:29,787 - INFO - output.ln.weight	torch.Size([2048, 128])	cuda:0	True
2025-05-20 09:52:29,787 - INFO - output.ln.bias	torch.Size([2048, 128])	cuda:0	True
2025-05-20 09:52:29,787 - INFO - output.tconv2.conv.weight	torch.Size([128, 128, 1, 1])	cuda:0	True
2025-05-20 09:52:29,787 - INFO - output.tconv2.conv.bias	torch.Size([128])	cuda:0	True
2025-05-20 09:52:29,787 - INFO - output.fc.conv.weight	torch.Size([1, 128, 1, 1])	cuda:0	True
2025-05-20 09:52:29,787 - INFO - output.fc.conv.bias	torch.Size([1])	cuda:0	True
2025-05-20 09:52:29,788 - INFO - Total parameter numbers: 1498209
2025-05-20 09:52:29,788 - INFO - You select `rmsprop` optimizer.
2025-05-20 09:52:31,140 - INFO - You select `steplr` lr_scheduler.
2025-05-20 09:52:31,140 - WARNING - Received none train loss func and will use the loss func defined in the model.
2025-05-20 09:52:31,140 - INFO - Start training ...
2025-05-20 09:52:31,140 - INFO - num_batches:578
2025-05-20 09:52:41,045 - INFO - epoch complete!
2025-05-20 09:52:41,045 - INFO - evaluating now!
2025-05-20 09:52:46,620 - INFO - Epoch [0/50] train_loss: 0.0883, val_loss: 0.0987, lr: 0.001000, 15.48s
2025-05-20 09:52:46,640 - INFO - Saved model at 0
2025-05-20 09:52:46,641 - INFO - Val loss decrease from inf to 0.0987, saving to ./libcity/cache/cloud_1/model_cache/STGCN_cloud_epoch0.tar
2025-05-20 09:52:55,710 - INFO - epoch complete!
2025-05-20 09:52:55,710 - INFO - evaluating now!
2025-05-20 09:53:01,333 - INFO - Epoch [1/50] train_loss: 0.0862, val_loss: 0.0972, lr: 0.001000, 14.69s
2025-05-20 09:53:01,347 - INFO - Saved model at 1
2025-05-20 09:53:01,347 - INFO - Val loss decrease from 0.0987 to 0.0972, saving to ./libcity/cache/cloud_1/model_cache/STGCN_cloud_epoch1.tar
2025-05-20 09:53:10,890 - INFO - epoch complete!
2025-05-20 09:53:10,890 - INFO - evaluating now!
2025-05-20 09:53:17,047 - INFO - Epoch [2/50] train_loss: 0.0857, val_loss: 0.0973, lr: 0.001000, 15.70s
2025-05-20 09:53:26,727 - INFO - epoch complete!
2025-05-20 09:53:26,727 - INFO - evaluating now!
2025-05-20 09:53:32,720 - INFO - Epoch [3/50] train_loss: 0.0853, val_loss: 0.0982, lr: 0.001000, 15.67s
2025-05-20 09:53:42,669 - INFO - epoch complete!
2025-05-20 09:53:42,670 - INFO - evaluating now!
2025-05-20 09:53:48,708 - INFO - Epoch [4/50] train_loss: 0.0849, val_loss: 0.0979, lr: 0.000700, 15.99s
2025-05-20 09:53:59,222 - INFO - epoch complete!
2025-05-20 09:53:59,222 - INFO - evaluating now!
2025-05-20 09:54:05,340 - INFO - Epoch [5/50] train_loss: 0.0844, val_loss: 0.0995, lr: 0.000700, 16.63s
2025-05-20 09:54:15,863 - INFO - epoch complete!
2025-05-20 09:54:15,864 - INFO - evaluating now!
2025-05-20 09:54:22,005 - INFO - Epoch [6/50] train_loss: 0.0842, val_loss: 0.1001, lr: 0.000700, 16.66s
2025-05-20 09:54:32,513 - INFO - epoch complete!
2025-05-20 09:54:32,513 - INFO - evaluating now!
2025-05-20 09:54:38,604 - INFO - Epoch [7/50] train_loss: 0.0839, val_loss: 0.0983, lr: 0.000700, 16.60s
2025-05-20 09:54:49,137 - INFO - epoch complete!
2025-05-20 09:54:49,138 - INFO - evaluating now!
2025-05-20 09:54:55,207 - INFO - Epoch [8/50] train_loss: 0.0837, val_loss: 0.0995, lr: 0.000700, 16.60s
2025-05-20 09:55:05,909 - INFO - epoch complete!
2025-05-20 09:55:05,910 - INFO - evaluating now!
2025-05-20 09:55:12,174 - INFO - Epoch [9/50] train_loss: 0.0834, val_loss: 0.0992, lr: 0.000490, 16.97s
2025-05-20 09:55:22,392 - INFO - epoch complete!
2025-05-20 09:55:22,392 - INFO - evaluating now!
2025-05-20 09:55:28,647 - INFO - Epoch [10/50] train_loss: 0.0830, val_loss: 0.1005, lr: 0.000490, 16.47s
2025-05-20 09:55:38,415 - INFO - epoch complete!
2025-05-20 09:55:38,416 - INFO - evaluating now!
2025-05-20 09:55:44,602 - INFO - Epoch [11/50] train_loss: 0.0828, val_loss: 0.0994, lr: 0.000490, 15.95s
2025-05-20 09:55:54,415 - INFO - epoch complete!
2025-05-20 09:55:54,416 - INFO - evaluating now!
2025-05-20 09:56:00,595 - INFO - Epoch [12/50] train_loss: 0.0825, val_loss: 0.1005, lr: 0.000490, 15.99s
2025-05-20 09:56:10,375 - INFO - epoch complete!
2025-05-20 09:56:10,375 - INFO - evaluating now!
2025-05-20 09:56:16,834 - INFO - Epoch [13/50] train_loss: 0.0823, val_loss: 0.1018, lr: 0.000490, 16.24s
2025-05-20 09:56:27,239 - INFO - epoch complete!
2025-05-20 09:56:27,240 - INFO - evaluating now!
2025-05-20 09:56:33,666 - INFO - Epoch [14/50] train_loss: 0.0821, val_loss: 0.1022, lr: 0.000343, 16.83s
2025-05-20 09:56:44,562 - INFO - epoch complete!
2025-05-20 09:56:44,562 - INFO - evaluating now!
2025-05-20 09:56:50,891 - INFO - Epoch [15/50] train_loss: 0.0817, val_loss: 0.1012, lr: 0.000343, 17.23s
2025-05-20 09:57:02,114 - INFO - epoch complete!
2025-05-20 09:57:02,115 - INFO - evaluating now!
2025-05-20 09:57:08,604 - INFO - Epoch [16/50] train_loss: 0.0815, val_loss: 0.1015, lr: 0.000343, 17.71s
2025-05-20 09:57:21,168 - INFO - epoch complete!
2025-05-20 09:57:21,168 - INFO - evaluating now!
2025-05-20 09:57:27,430 - INFO - Epoch [17/50] train_loss: 0.0813, val_loss: 0.1016, lr: 0.000343, 18.83s
2025-05-20 09:57:38,332 - INFO - epoch complete!
2025-05-20 09:57:38,332 - INFO - evaluating now!
2025-05-20 09:57:44,935 - INFO - Epoch [18/50] train_loss: 0.0811, val_loss: 0.1020, lr: 0.000343, 17.50s
2025-05-20 09:57:55,160 - INFO - epoch complete!
2025-05-20 09:57:55,160 - INFO - evaluating now!
2025-05-20 09:58:01,761 - INFO - Epoch [19/50] train_loss: 0.0809, val_loss: 0.1014, lr: 0.000240, 16.83s
2025-05-20 09:58:12,035 - INFO - epoch complete!
2025-05-20 09:58:12,035 - INFO - evaluating now!
2025-05-20 09:58:18,416 - INFO - Epoch [20/50] train_loss: 0.0805, val_loss: 0.1032, lr: 0.000240, 16.65s
2025-05-20 09:58:28,449 - INFO - epoch complete!
2025-05-20 09:58:28,449 - INFO - evaluating now!
2025-05-20 09:58:34,722 - INFO - Epoch [21/50] train_loss: 0.0803, val_loss: 0.1032, lr: 0.000240, 16.31s
2025-05-20 09:58:44,966 - INFO - epoch complete!
2025-05-20 09:58:44,966 - INFO - evaluating now!
2025-05-20 09:58:51,361 - INFO - Epoch [22/50] train_loss: 0.0801, val_loss: 0.1027, lr: 0.000240, 16.64s
2025-05-20 09:59:01,960 - INFO - epoch complete!
2025-05-20 09:59:01,960 - INFO - evaluating now!
2025-05-20 09:59:08,381 - INFO - Epoch [23/50] train_loss: 0.0799, val_loss: 0.1026, lr: 0.000240, 17.02s
2025-05-20 09:59:18,683 - INFO - epoch complete!
2025-05-20 09:59:18,683 - INFO - evaluating now!
2025-05-20 09:59:25,492 - INFO - Epoch [24/50] train_loss: 0.0797, val_loss: 0.1032, lr: 0.000168, 17.11s
2025-05-20 09:59:36,103 - INFO - epoch complete!
2025-05-20 09:59:36,103 - INFO - evaluating now!
2025-05-20 09:59:42,702 - INFO - Epoch [25/50] train_loss: 0.0794, val_loss: 0.1040, lr: 0.000168, 17.21s
2025-05-20 09:59:53,330 - INFO - epoch complete!
2025-05-20 09:59:53,330 - INFO - evaluating now!
2025-05-20 09:59:59,681 - INFO - Epoch [26/50] train_loss: 0.0792, val_loss: 0.1036, lr: 0.000168, 16.98s
2025-05-20 10:00:09,966 - INFO - epoch complete!
2025-05-20 10:00:09,966 - INFO - evaluating now!
2025-05-20 10:00:16,411 - INFO - Epoch [27/50] train_loss: 0.0790, val_loss: 0.1048, lr: 0.000168, 16.73s
2025-05-20 10:00:26,529 - INFO - epoch complete!
2025-05-20 10:00:26,529 - INFO - evaluating now!
2025-05-20 10:00:33,104 - INFO - Epoch [28/50] train_loss: 0.0789, val_loss: 0.1040, lr: 0.000168, 16.69s
2025-05-20 10:00:43,719 - INFO - epoch complete!
2025-05-20 10:00:43,720 - INFO - evaluating now!
2025-05-20 10:00:50,202 - INFO - Epoch [29/50] train_loss: 0.0787, val_loss: 0.1043, lr: 0.000118, 17.10s
2025-05-20 10:01:00,704 - INFO - epoch complete!
2025-05-20 10:01:00,704 - INFO - evaluating now!
2025-05-20 10:01:07,204 - INFO - Epoch [30/50] train_loss: 0.0784, val_loss: 0.1041, lr: 0.000118, 17.00s
2025-05-20 10:01:17,522 - INFO - epoch complete!
2025-05-20 10:01:17,522 - INFO - evaluating now!
2025-05-20 10:01:23,868 - INFO - Epoch [31/50] train_loss: 0.0783, val_loss: 0.1043, lr: 0.000118, 16.66s
2025-05-20 10:01:34,118 - INFO - epoch complete!
2025-05-20 10:01:34,118 - INFO - evaluating now!
2025-05-20 10:01:40,468 - INFO - Epoch [32/50] train_loss: 0.0782, val_loss: 0.1045, lr: 0.000118, 16.60s
2025-05-20 10:01:51,891 - INFO - epoch complete!
2025-05-20 10:01:51,891 - INFO - evaluating now!
2025-05-20 10:01:58,327 - INFO - Epoch [33/50] train_loss: 0.0781, val_loss: 0.1049, lr: 0.000118, 17.86s
2025-05-20 10:02:09,844 - INFO - epoch complete!
2025-05-20 10:02:09,844 - INFO - evaluating now!
2025-05-20 10:02:16,361 - INFO - Epoch [34/50] train_loss: 0.0780, val_loss: 0.1046, lr: 0.000082, 18.03s
2025-05-20 10:02:27,578 - INFO - epoch complete!
2025-05-20 10:02:27,579 - INFO - evaluating now!
2025-05-20 10:02:34,126 - INFO - Epoch [35/50] train_loss: 0.0777, val_loss: 0.1040, lr: 0.000082, 17.76s
2025-05-20 10:02:45,651 - INFO - epoch complete!
2025-05-20 10:02:45,652 - INFO - evaluating now!
2025-05-20 10:02:52,352 - INFO - Epoch [36/50] train_loss: 0.0776, val_loss: 0.1050, lr: 0.000082, 18.23s
2025-05-20 10:03:04,459 - INFO - epoch complete!
2025-05-20 10:03:04,460 - INFO - evaluating now!
2025-05-20 10:03:10,824 - INFO - Epoch [37/50] train_loss: 0.0776, val_loss: 0.1049, lr: 0.000082, 18.47s
2025-05-20 10:03:21,813 - INFO - epoch complete!
2025-05-20 10:03:21,813 - INFO - evaluating now!
2025-05-20 10:03:28,055 - INFO - Epoch [38/50] train_loss: 0.0775, val_loss: 0.1043, lr: 0.000082, 17.23s
2025-05-20 10:03:38,113 - INFO - epoch complete!
2025-05-20 10:03:38,113 - INFO - evaluating now!
2025-05-20 10:03:45,083 - INFO - Epoch [39/50] train_loss: 0.0774, val_loss: 0.1047, lr: 0.000058, 17.03s
2025-05-20 10:03:55,608 - INFO - epoch complete!
2025-05-20 10:03:55,608 - INFO - evaluating now!
2025-05-20 10:04:02,728 - INFO - Epoch [40/50] train_loss: 0.0772, val_loss: 0.1048, lr: 0.000058, 17.64s
2025-05-20 10:04:13,847 - INFO - epoch complete!
2025-05-20 10:04:13,847 - INFO - evaluating now!
2025-05-20 10:04:20,825 - INFO - Epoch [41/50] train_loss: 0.0771, val_loss: 0.1051, lr: 0.000058, 18.10s
2025-05-20 10:04:31,420 - INFO - epoch complete!
2025-05-20 10:04:31,420 - INFO - evaluating now!
2025-05-20 10:04:38,145 - INFO - Epoch [42/50] train_loss: 0.0771, val_loss: 0.1052, lr: 0.000058, 17.32s
2025-05-20 10:04:48,157 - INFO - epoch complete!
2025-05-20 10:04:48,158 - INFO - evaluating now!
2025-05-20 10:04:54,500 - INFO - Epoch [43/50] train_loss: 0.0770, val_loss: 0.1057, lr: 0.000058, 16.35s
2025-05-20 10:05:04,511 - INFO - epoch complete!
2025-05-20 10:05:04,512 - INFO - evaluating now!
2025-05-20 10:05:10,806 - INFO - Epoch [44/50] train_loss: 0.0770, val_loss: 0.1051, lr: 0.000040, 16.31s
2025-05-20 10:05:20,826 - INFO - epoch complete!
2025-05-20 10:05:20,826 - INFO - evaluating now!
2025-05-20 10:05:27,105 - INFO - Epoch [45/50] train_loss: 0.0768, val_loss: 0.1055, lr: 0.000040, 16.30s
2025-05-20 10:05:37,143 - INFO - epoch complete!
2025-05-20 10:05:37,144 - INFO - evaluating now!
2025-05-20 10:05:43,475 - INFO - Epoch [46/50] train_loss: 0.0768, val_loss: 0.1057, lr: 0.000040, 16.37s
2025-05-20 10:05:53,564 - INFO - epoch complete!
2025-05-20 10:05:53,565 - INFO - evaluating now!
2025-05-20 10:06:00,496 - INFO - Epoch [47/50] train_loss: 0.0767, val_loss: 0.1052, lr: 0.000040, 17.02s
2025-05-20 10:06:10,719 - INFO - epoch complete!
2025-05-20 10:06:10,719 - INFO - evaluating now!
2025-05-20 10:06:17,235 - INFO - Epoch [48/50] train_loss: 0.0767, val_loss: 0.1052, lr: 0.000040, 16.74s
2025-05-20 10:06:28,019 - INFO - epoch complete!
2025-05-20 10:06:28,019 - INFO - evaluating now!
2025-05-20 10:06:35,065 - INFO - Epoch [49/50] train_loss: 0.0767, val_loss: 0.1051, lr: 0.000028, 17.83s
2025-05-20 10:06:35,065 - INFO - Trained totally 50 epochs, average train time is 10.474s, average eval time is 6.402s
2025-05-20 10:06:35,097 - INFO - Loaded model at 1
2025-05-20 10:06:35,098 - INFO - Saved model at ./libcity/cache/cloud_1/model_cache/STGCN_cloud.m
2025-05-20 10:06:35,119 - INFO - Start evaluating ...
2025-05-20 10:06:55,002 - INFO - Note that you select the single mode to evaluate!
2025-05-20 10:06:55,011 - INFO - Evaluate result is saved at ./libcity/cache/cloud_1/evaluate_cache\2025_05_20_10_06_55_STGCN_cloud.csv
2025-05-20 10:06:55,020 - INFO - 
         MAE      MAPE      RMSE
1   0.226876  5.572865  0.280580
2   0.235061  5.666412  0.287171
3   0.238364  5.710991  0.290186
4   0.239724  5.738164  0.291848
5   0.240399  5.754603  0.292970
6   0.240793  5.765003  0.293850
7   0.241068  5.771762  0.294582
8   0.241290  5.776632  0.295209
9   0.241494  5.779969  0.295759
10  0.241684  5.782209  0.296244
11  0.241858  5.783727  0.296671
12  0.242022  5.785461  0.297055
