2024-10-07 21:23:51,750 - INFO - Log directory: ./libcity/log
2024-10-07 21:23:51,750 - INFO - Begin pipeline, task=MTS_pred, model_name=GRU, dataset_name=PEMS_BAY, exp_id=GRU(PEMS_BAY)
2024-10-07 21:23:51,751 - INFO - {'task': 'MTS_pred', 'model': 'RNN', 'dataset': 'PEMS_BAY', 'saved_model': True, 'exp_id': 'GRU(PEMS_BAY)', 'seed': 0, 'batch_size': 64, 'max_epoch': 60, 'dataset_class': 'StatePointDataset', 'executor': 'StateExecutor', 'evaluator': 'StateEvaluator', 'rnn_type': 'GRU', 'hidden_size': 64, 'num_layers': 1, 'dropout': 0, 'bidirectional': False, 'teacher_forcing_ratio': 0, 'scaler': 'standard', 'load_external': False, 'normal_external': False, 'ext_scaler': 'none', 'add_time_in_day': True, 'add_day_in_week': False, 'learner': 'adam', 'learning_rate': 0.01, 'lr_decay': True, 'lr_scheduler': 'multisteplr', 'lr_decay_ratio': 0.1, 'steps': [5, 20, 40, 70], 'clip_grad_norm': True, 'max_grad_norm': 5, 'use_early_stop': True, 'patience': 50, 'cache_dataset': True, 'num_workers': 0, 'pad_with_last_sample': True, 'train_rate': 0.7, 'eval_rate': 0.1, 'input_window': 12, 'output_window': 12, 'robustness_test': False, 'noise_type': 'gaussian', 'disturb_rate': 0.5, 'noise_mean': [5], 'noise_SD': [10], 'gpu': True, 'gpu_id': 0, 'train_loss': 'none', 'epoch': 0, 'weight_decay': 0, 'lr_epsilon': 1e-08, 'lr_beta1': 0.9, 'lr_beta2': 0.999, 'lr_alpha': 0.99, 'lr_momentum': 0, 'step_size': 10, 'lr_T_max': 30, 'lr_eta_min': 0, 'lr_patience': 10, 'lr_threshold': 0.0001, 'log_level': 'INFO', 'log_every': 1, 'load_best_epoch': True, 'hyper_tune': False, 'metrics': ['MAE', 'MAPE', 'RMSE'], 'evaluator_mode': 'single', 'save_mode': ['csv'], 'geo': {'including_types': ['Point'], 'Point': {}}, 'rel': {'including_types': ['geo'], 'geo': {'cost': 'num'}}, 'dyna': {'including_types': ['state'], 'state': {'entity_id': 'geo_id', 'traffic_speed': 'num'}}, 'data_col': ['traffic_speed'], 'weight_col': 'cost', 'data_files': ['PEMS_BAY'], 'geo_file': 'PEMS_BAY', 'rel_file': 'PEMS_BAY', 'output_dim': 1, 'time_intervals': 300, 'init_weight_inf_or_zero': 'inf', 'set_weight_link_or_dist': 'dist', 'calculate_weight_adj': True, 'weight_adj_epsilon': 0.1, 'device': device(type='cuda', index=0)}
2024-10-07 21:23:53,437 - INFO - Loaded file PEMS_BAY_feature.csv, shape=(52116, 325, 1)
2024-10-07 21:24:05,561 - INFO - Dataset created
2024-10-07 21:24:05,562 - INFO - x shape: (52093, 12, 325, 1), y shape: (52093, 12, 325, 1)
2024-10-07 21:24:05,621 - INFO - train	x: (36465, 12, 325, 1), y: (36465, 12, 325, 1)
2024-10-07 21:24:05,621 - INFO - eval	x: (5209, 12, 325, 1), y: (5209, 12, 325, 1)
2024-10-07 21:24:05,621 - INFO - test	x: (10419, 12, 325, 1), y: (10419, 12, 325, 1)
2024-10-07 21:25:09,547 - INFO - Saved at ./libcity/cache/dataset_cache/point_based_PEMS_BAY_12_12_0.7_0.1_standard_64_False_True_False_True.npz
2024-10-07 21:25:10,133 - INFO - StandardScaler mean: 62.73567651594296, std: 9.438173664359947
2024-10-07 21:25:10,133 - INFO - NoneScaler
2024-10-07 21:25:14,779 - INFO - You select rnn_type GRU in RNN!
2024-10-07 21:25:14,977 - INFO - RNN(
  (rnn): GRU(325, 64)
  (fc): Linear(in_features=64, out_features=325, bias=True)
)
2024-10-07 21:25:14,977 - INFO - rnn.weight_ih_l0	torch.Size([192, 325])	cuda:0	True
2024-10-07 21:25:14,978 - INFO - rnn.weight_hh_l0	torch.Size([192, 64])	cuda:0	True
2024-10-07 21:25:14,978 - INFO - rnn.bias_ih_l0	torch.Size([192])	cuda:0	True
2024-10-07 21:25:14,978 - INFO - rnn.bias_hh_l0	torch.Size([192])	cuda:0	True
2024-10-07 21:25:14,978 - INFO - fc.weight	torch.Size([325, 64])	cuda:0	True
2024-10-07 21:25:14,978 - INFO - fc.bias	torch.Size([325])	cuda:0	True
2024-10-07 21:25:14,978 - INFO - Total parameter numbers: 96197
2024-10-07 21:25:14,978 - INFO - You select `adam` optimizer.
2024-10-07 21:25:15,508 - INFO - You select `multisteplr` lr_scheduler.
2024-10-07 21:25:15,509 - WARNING - Received none train loss func and will use the loss func defined in the model.
2024-10-07 21:25:15,509 - INFO - Start training ...
2024-10-07 21:25:15,509 - INFO - num_batches:570
2024-10-07 21:25:26,949 - INFO - epoch complete!
2024-10-07 21:25:26,950 - INFO - evaluating now!
2024-10-07 21:25:27,848 - INFO - Epoch [0/60] train_loss: 2.6332, val_loss: 2.8872, lr: 0.010000, 12.34s
2024-10-07 21:25:27,854 - INFO - Saved model at 0
2024-10-07 21:25:27,854 - INFO - Val loss decrease from inf to 2.8872, saving to ./libcity/cache/GRU(PEMS_BAY)/model_cache/RNN_PEMS_BAY_epoch0.tar
2024-10-07 21:25:40,287 - INFO - epoch complete!
2024-10-07 21:25:40,288 - INFO - evaluating now!
2024-10-07 21:25:40,857 - INFO - Epoch [1/60] train_loss: 2.4219, val_loss: 2.6694, lr: 0.010000, 13.00s
2024-10-07 21:25:40,859 - INFO - Saved model at 1
2024-10-07 21:25:40,860 - INFO - Val loss decrease from 2.8872 to 2.6694, saving to ./libcity/cache/GRU(PEMS_BAY)/model_cache/RNN_PEMS_BAY_epoch1.tar
2024-10-07 21:25:52,102 - INFO - epoch complete!
2024-10-07 21:25:52,103 - INFO - evaluating now!
2024-10-07 21:25:52,645 - INFO - Epoch [2/60] train_loss: 2.2685, val_loss: 2.7598, lr: 0.010000, 11.79s
2024-10-07 21:26:02,486 - INFO - epoch complete!
2024-10-07 21:26:02,486 - INFO - evaluating now!
2024-10-07 21:26:03,010 - INFO - Epoch [3/60] train_loss: 11.4020, val_loss: 32.4734, lr: 0.010000, 10.36s
2024-10-07 21:26:12,773 - INFO - epoch complete!
2024-10-07 21:26:12,773 - INFO - evaluating now!
2024-10-07 21:26:13,267 - INFO - Epoch [4/60] train_loss: 37.8091, val_loss: 45.6181, lr: 0.001000, 10.26s
2024-10-07 21:26:23,010 - INFO - epoch complete!
2024-10-07 21:26:23,010 - INFO - evaluating now!
2024-10-07 21:26:23,552 - INFO - Epoch [5/60] train_loss: 44.0888, val_loss: 42.4892, lr: 0.001000, 10.28s
2024-10-07 21:26:33,155 - INFO - epoch complete!
2024-10-07 21:26:33,155 - INFO - evaluating now!
2024-10-07 21:26:33,673 - INFO - Epoch [6/60] train_loss: 42.6659, val_loss: 41.8058, lr: 0.001000, 10.12s
2024-10-07 21:26:43,260 - INFO - epoch complete!
2024-10-07 21:26:43,260 - INFO - evaluating now!
2024-10-07 21:26:43,787 - INFO - Epoch [7/60] train_loss: 42.2887, val_loss: 41.0038, lr: 0.001000, 10.11s
2024-10-07 21:26:53,782 - INFO - epoch complete!
2024-10-07 21:26:53,782 - INFO - evaluating now!
2024-10-07 21:26:54,299 - INFO - Epoch [8/60] train_loss: 41.8049, val_loss: 41.9492, lr: 0.001000, 10.51s
2024-10-07 21:27:05,064 - INFO - epoch complete!
2024-10-07 21:27:05,065 - INFO - evaluating now!
2024-10-07 21:27:06,391 - INFO - Epoch [9/60] train_loss: 41.2349, val_loss: 40.5822, lr: 0.001000, 12.09s
2024-10-07 21:27:19,430 - INFO - epoch complete!
2024-10-07 21:27:19,430 - INFO - evaluating now!
2024-10-07 21:27:20,100 - INFO - Epoch [10/60] train_loss: 40.9484, val_loss: 41.0395, lr: 0.001000, 13.71s
2024-10-07 21:27:32,274 - INFO - epoch complete!
2024-10-07 21:27:32,274 - INFO - evaluating now!
2024-10-07 21:27:32,882 - INFO - Epoch [11/60] train_loss: 40.3123, val_loss: 39.9508, lr: 0.001000, 12.78s
2024-10-07 21:27:44,403 - INFO - epoch complete!
2024-10-07 21:27:44,403 - INFO - evaluating now!
2024-10-07 21:27:45,277 - INFO - Epoch [12/60] train_loss: 40.4429, val_loss: 40.1970, lr: 0.001000, 12.39s
2024-10-07 21:27:55,878 - INFO - epoch complete!
2024-10-07 21:27:55,878 - INFO - evaluating now!
2024-10-07 21:27:56,395 - INFO - Epoch [13/60] train_loss: 39.6981, val_loss: 40.2428, lr: 0.001000, 11.12s
2024-10-07 21:28:07,566 - INFO - epoch complete!
2024-10-07 21:28:07,566 - INFO - evaluating now!
2024-10-07 21:28:08,141 - INFO - Epoch [14/60] train_loss: 38.8875, val_loss: 39.0724, lr: 0.001000, 11.75s
2024-10-07 21:28:20,930 - INFO - epoch complete!
2024-10-07 21:28:20,931 - INFO - evaluating now!
2024-10-07 21:28:21,610 - INFO - Epoch [15/60] train_loss: 39.5078, val_loss: 39.3913, lr: 0.001000, 13.47s
2024-10-07 21:28:32,676 - INFO - epoch complete!
2024-10-07 21:28:32,676 - INFO - evaluating now!
2024-10-07 21:28:33,394 - INFO - Epoch [16/60] train_loss: 39.0747, val_loss: 39.5895, lr: 0.001000, 11.78s
2024-10-07 21:28:46,496 - INFO - epoch complete!
2024-10-07 21:28:46,496 - INFO - evaluating now!
2024-10-07 21:28:47,606 - INFO - Epoch [17/60] train_loss: 38.5899, val_loss: 38.6534, lr: 0.001000, 14.21s
2024-10-07 21:29:02,426 - INFO - epoch complete!
2024-10-07 21:29:02,427 - INFO - evaluating now!
2024-10-07 21:29:03,151 - INFO - Epoch [18/60] train_loss: 38.5966, val_loss: 36.9887, lr: 0.001000, 15.54s
2024-10-07 21:29:18,001 - INFO - epoch complete!
2024-10-07 21:29:18,001 - INFO - evaluating now!
2024-10-07 21:29:19,005 - INFO - Epoch [19/60] train_loss: 37.9566, val_loss: 39.0388, lr: 0.000100, 15.85s
2024-10-07 21:29:33,367 - INFO - epoch complete!
2024-10-07 21:29:33,367 - INFO - evaluating now!
2024-10-07 21:29:34,221 - INFO - Epoch [20/60] train_loss: 38.9174, val_loss: 39.1553, lr: 0.000100, 15.21s
2024-10-07 21:29:49,151 - INFO - epoch complete!
2024-10-07 21:29:49,151 - INFO - evaluating now!
2024-10-07 21:29:50,082 - INFO - Epoch [21/60] train_loss: 38.7125, val_loss: 37.8770, lr: 0.000100, 15.86s
2024-10-07 21:30:05,235 - INFO - epoch complete!
2024-10-07 21:30:05,238 - INFO - evaluating now!
2024-10-07 21:30:06,155 - INFO - Epoch [22/60] train_loss: 38.0220, val_loss: 38.1559, lr: 0.000100, 16.07s
2024-10-07 21:30:20,541 - INFO - epoch complete!
2024-10-07 21:30:20,541 - INFO - evaluating now!
2024-10-07 21:30:21,377 - INFO - Epoch [23/60] train_loss: 38.1084, val_loss: 38.2812, lr: 0.000100, 15.22s
2024-10-07 21:30:35,758 - INFO - epoch complete!
2024-10-07 21:30:35,767 - INFO - evaluating now!
2024-10-07 21:30:36,444 - INFO - Epoch [24/60] train_loss: 37.7563, val_loss: 37.6088, lr: 0.000100, 15.07s
2024-10-07 21:30:50,361 - INFO - epoch complete!
2024-10-07 21:30:50,361 - INFO - evaluating now!
2024-10-07 21:30:51,034 - INFO - Epoch [25/60] train_loss: 37.6857, val_loss: 37.6947, lr: 0.000100, 14.59s
2024-10-07 21:31:06,158 - INFO - epoch complete!
2024-10-07 21:31:06,158 - INFO - evaluating now!
2024-10-07 21:31:07,026 - INFO - Epoch [26/60] train_loss: 37.6452, val_loss: 37.5431, lr: 0.000100, 15.99s
2024-10-07 21:31:21,628 - INFO - epoch complete!
2024-10-07 21:31:21,629 - INFO - evaluating now!
2024-10-07 21:31:22,580 - INFO - Epoch [27/60] train_loss: 37.5052, val_loss: 37.4425, lr: 0.000100, 15.55s
2024-10-07 21:31:37,636 - INFO - epoch complete!
2024-10-07 21:31:37,636 - INFO - evaluating now!
2024-10-07 21:31:38,348 - INFO - Epoch [28/60] train_loss: 38.3930, val_loss: 38.8867, lr: 0.000100, 15.77s
2024-10-07 21:31:54,232 - INFO - epoch complete!
2024-10-07 21:31:54,233 - INFO - evaluating now!
2024-10-07 21:31:55,176 - INFO - Epoch [29/60] train_loss: 38.5983, val_loss: 38.9219, lr: 0.000100, 16.83s
2024-10-07 21:32:10,107 - INFO - epoch complete!
2024-10-07 21:32:10,107 - INFO - evaluating now!
2024-10-07 21:32:11,205 - INFO - Epoch [30/60] train_loss: 38.2673, val_loss: 38.0781, lr: 0.000100, 16.03s
2024-10-07 21:32:25,253 - INFO - epoch complete!
2024-10-07 21:32:25,254 - INFO - evaluating now!
2024-10-07 21:32:26,283 - INFO - Epoch [31/60] train_loss: 37.7658, val_loss: 37.9718, lr: 0.000100, 15.08s
2024-10-07 21:32:42,119 - INFO - epoch complete!
2024-10-07 21:32:42,119 - INFO - evaluating now!
2024-10-07 21:32:43,002 - INFO - Epoch [32/60] train_loss: 37.6817, val_loss: 38.3278, lr: 0.000100, 16.72s
2024-10-07 21:32:58,564 - INFO - epoch complete!
2024-10-07 21:32:58,564 - INFO - evaluating now!
2024-10-07 21:32:59,641 - INFO - Epoch [33/60] train_loss: 37.5742, val_loss: 37.6143, lr: 0.000100, 16.64s
2024-10-07 21:33:15,359 - INFO - epoch complete!
2024-10-07 21:33:15,359 - INFO - evaluating now!
2024-10-07 21:33:16,301 - INFO - Epoch [34/60] train_loss: 37.4960, val_loss: 38.0913, lr: 0.000100, 16.66s
2024-10-07 21:33:32,963 - INFO - epoch complete!
2024-10-07 21:33:32,963 - INFO - evaluating now!
2024-10-07 21:33:33,976 - INFO - Epoch [35/60] train_loss: 37.6953, val_loss: 37.9700, lr: 0.000100, 17.67s
2024-10-07 21:33:49,543 - INFO - epoch complete!
2024-10-07 21:33:49,543 - INFO - evaluating now!
2024-10-07 21:33:50,336 - INFO - Epoch [36/60] train_loss: 37.6300, val_loss: 37.6501, lr: 0.000100, 16.36s
2024-10-07 21:34:04,114 - INFO - epoch complete!
2024-10-07 21:34:04,114 - INFO - evaluating now!
2024-10-07 21:34:04,864 - INFO - Epoch [37/60] train_loss: 37.5435, val_loss: 37.6132, lr: 0.000100, 14.53s
2024-10-07 21:34:22,088 - INFO - epoch complete!
2024-10-07 21:34:22,089 - INFO - evaluating now!
2024-10-07 21:34:23,678 - INFO - Epoch [38/60] train_loss: 37.3894, val_loss: 37.2702, lr: 0.000100, 18.81s
2024-10-07 21:34:44,405 - INFO - epoch complete!
2024-10-07 21:34:44,406 - INFO - evaluating now!
2024-10-07 21:34:45,141 - INFO - Epoch [39/60] train_loss: 37.2901, val_loss: 37.5319, lr: 0.000010, 21.46s
2024-10-07 21:35:05,805 - INFO - epoch complete!
2024-10-07 21:35:05,805 - INFO - evaluating now!
2024-10-07 21:35:07,142 - INFO - Epoch [40/60] train_loss: 37.3294, val_loss: 37.5709, lr: 0.000010, 22.00s
2024-10-07 21:35:21,902 - INFO - epoch complete!
2024-10-07 21:35:21,902 - INFO - evaluating now!
2024-10-07 21:35:23,288 - INFO - Epoch [41/60] train_loss: 37.2912, val_loss: 37.5124, lr: 0.000010, 16.15s
2024-10-07 21:35:40,384 - INFO - epoch complete!
2024-10-07 21:35:40,385 - INFO - evaluating now!
2024-10-07 21:35:41,642 - INFO - Epoch [42/60] train_loss: 37.2973, val_loss: 37.5127, lr: 0.000010, 18.35s
2024-10-07 21:36:00,537 - INFO - epoch complete!
2024-10-07 21:36:00,537 - INFO - evaluating now!
2024-10-07 21:36:01,970 - INFO - Epoch [43/60] train_loss: 37.2956, val_loss: 37.5827, lr: 0.000010, 20.33s
2024-10-07 21:36:24,834 - INFO - epoch complete!
2024-10-07 21:36:24,834 - INFO - evaluating now!
2024-10-07 21:36:26,572 - INFO - Epoch [44/60] train_loss: 37.2605, val_loss: 37.4164, lr: 0.000010, 24.60s
2024-10-07 21:36:50,197 - INFO - epoch complete!
2024-10-07 21:36:50,197 - INFO - evaluating now!
2024-10-07 21:36:51,453 - INFO - Epoch [45/60] train_loss: 37.2246, val_loss: 37.4287, lr: 0.000010, 24.88s
2024-10-07 21:37:10,553 - INFO - epoch complete!
2024-10-07 21:37:10,554 - INFO - evaluating now!
2024-10-07 21:37:12,306 - INFO - Epoch [46/60] train_loss: 37.2410, val_loss: 37.3934, lr: 0.000010, 20.85s
2024-10-07 21:37:29,523 - INFO - epoch complete!
2024-10-07 21:37:29,523 - INFO - evaluating now!
2024-10-07 21:37:30,702 - INFO - Epoch [47/60] train_loss: 37.2584, val_loss: 37.4171, lr: 0.000010, 18.40s
2024-10-07 21:37:51,718 - INFO - epoch complete!
2024-10-07 21:37:51,718 - INFO - evaluating now!
2024-10-07 21:37:52,775 - INFO - Epoch [48/60] train_loss: 37.2227, val_loss: 37.3938, lr: 0.000010, 22.07s
2024-10-07 21:38:12,067 - INFO - epoch complete!
2024-10-07 21:38:12,067 - INFO - evaluating now!
2024-10-07 21:38:13,616 - INFO - Epoch [49/60] train_loss: 37.1948, val_loss: 37.3250, lr: 0.000010, 20.84s
2024-10-07 21:38:32,530 - INFO - epoch complete!
2024-10-07 21:38:32,530 - INFO - evaluating now!
2024-10-07 21:38:33,681 - INFO - Epoch [50/60] train_loss: 37.1880, val_loss: 37.3182, lr: 0.000010, 20.06s
2024-10-07 21:38:51,994 - INFO - epoch complete!
2024-10-07 21:38:51,995 - INFO - evaluating now!
2024-10-07 21:38:53,316 - INFO - Epoch [51/60] train_loss: 37.1917, val_loss: 37.3101, lr: 0.000010, 19.63s
2024-10-07 21:38:53,319 - WARNING - Early stopping at epoch: 51
2024-10-07 21:38:53,319 - INFO - Trained totally 52 epochs, average train time is 14.790s, average eval time is 0.935s
2024-10-07 21:38:53,451 - INFO - Loaded model at 1
2024-10-07 21:38:53,453 - INFO - Saved model at ./libcity/cache/GRU(PEMS_BAY)/model_cache/GRU_PEMS_BAY.m
2024-10-07 21:38:53,469 - INFO - Start evaluating ...
2024-10-07 21:40:14,812 - INFO - Note that you select the single mode to evaluate!
2024-10-07 21:40:14,930 - INFO - Evaluate result is saved at ./libcity/cache/GRU(PEMS_BAY)/evaluate_cache/2024_10_07_21_40_14_RNN_PEMS_BAY.csv
2024-10-07 21:40:15,044 - INFO - 
         MAE      MAPE      RMSE
1   2.611794  0.060639  5.262249
2   2.620267  0.060841  5.293927
3   2.623807  0.060977  5.310133
4   2.625865  0.061091  5.321824
5   2.627881  0.061213  5.332510
6   2.630454  0.061353  5.343778
7   2.634009  0.061519  5.356687
8   2.638580  0.061712  5.371526
9   2.644322  0.061935  5.388661
10  2.651235  0.062192  5.408212
11  2.659334  0.062483  5.430099
12  2.669082  0.062846  5.455157
