2024-10-08 20:22:23,715 - INFO - Log directory: ./libcity/log
2024-10-08 20:22:23,715 - INFO - Begin pipeline, task=MTS_pred, model_name=GRU, dataset_name=humidity, exp_id=GRU(humidity)
2024-10-08 20:22:23,716 - INFO - {'task': 'MTS_pred', 'model': 'RNN', 'dataset': 'humidity', 'saved_model': True, 'exp_id': 'GRU(humidity)', 'seed': 0, 'batch_size': 64, 'max_epoch': 60, 'dataset_class': 'StatePointDataset', 'executor': 'StateExecutor', 'evaluator': 'StateEvaluator', 'rnn_type': 'GRU', 'hidden_size': 64, 'num_layers': 1, 'dropout': 0, 'bidirectional': False, 'teacher_forcing_ratio': 0, 'scaler': 'standard', 'load_external': False, 'normal_external': False, 'ext_scaler': 'none', 'add_time_in_day': True, 'add_day_in_week': False, 'learner': 'adam', 'learning_rate': 0.01, 'lr_decay': True, 'lr_scheduler': 'multisteplr', 'lr_decay_ratio': 0.1, 'steps': [5, 20, 40, 70], 'clip_grad_norm': True, 'max_grad_norm': 5, 'use_early_stop': True, 'patience': 50, 'cache_dataset': True, 'num_workers': 0, 'pad_with_last_sample': True, 'train_rate': 0.7, 'eval_rate': 0.1, 'input_window': 12, 'output_window': 12, 'robustness_test': False, 'noise_type': 'gaussian', 'disturb_rate': 0.5, 'noise_mean': [5], 'noise_SD': [10], 'gpu': True, 'gpu_id': 0, 'train_loss': 'none', 'epoch': 0, 'weight_decay': 0, 'lr_epsilon': 1e-08, 'lr_beta1': 0.9, 'lr_beta2': 0.999, 'lr_alpha': 0.99, 'lr_momentum': 0, 'step_size': 10, 'lr_T_max': 30, 'lr_eta_min': 0, 'lr_patience': 10, 'lr_threshold': 0.0001, 'log_level': 'INFO', 'log_every': 1, 'load_best_epoch': True, 'hyper_tune': False, 'metrics': ['MAE', 'MAPE', 'RMSE'], 'evaluator_mode': 'single', 'save_mode': ['csv'], 'geo': {'including_types': ['Point'], 'Point': {}}, 'rel': {'including_types': ['geo'], 'geo': {'cost': 'num'}}, 'dyna': {'including_types': ['state'], 'state': {'entity_id': 'geo_id', 'traffic_speed': 'num'}}, 'data_col': ['traffic_speed'], 'weight_col': 'cost', 'data_files': ['humidity'], 'geo_file': 'humidity', 'rel_file': 'humidity', 'output_dim': 1, 'time_intervals': 300, 'init_weight_inf_or_zero': 'inf', 'set_weight_link_or_dist': 'dist', 'calculate_weight_adj': True, 'weight_adj_epsilon': 0.1, 'device': device(type='cuda', index=0)}
2024-10-08 20:22:25,635 - INFO - Loaded file humidity_feature.csv, shape=(3322, 2048, 1)
2024-10-08 20:22:26,543 - INFO - Dataset created
2024-10-08 20:22:26,544 - INFO - x shape: (3299, 12, 2048, 1), y shape: (3299, 12, 2048, 1)
2024-10-08 20:22:26,548 - INFO - train	x: (2309, 12, 2048, 1), y: (2309, 12, 2048, 1)
2024-10-08 20:22:26,548 - INFO - eval	x: (330, 12, 2048, 1), y: (330, 12, 2048, 1)
2024-10-08 20:22:26,548 - INFO - test	x: (660, 12, 2048, 1), y: (660, 12, 2048, 1)
2024-10-08 20:24:16,269 - INFO - Saved at ./libcity/cache/dataset_cache/point_based_humidity_12_12_0.7_0.1_standard_64_False_True_False_True.npz
2024-10-08 20:24:16,453 - INFO - StandardScaler mean: 78.66855544535464, std: 17.406175498267864
2024-10-08 20:24:16,453 - INFO - NoneScaler
2024-10-08 20:24:17,838 - INFO - You select rnn_type GRU in RNN!
2024-10-08 20:24:18,103 - INFO - RNN(
  (rnn): GRU(2048, 64)
  (fc): Linear(in_features=64, out_features=2048, bias=True)
)
2024-10-08 20:24:18,103 - INFO - rnn.weight_ih_l0	torch.Size([192, 2048])	cuda:0	True
2024-10-08 20:24:18,103 - INFO - rnn.weight_hh_l0	torch.Size([192, 64])	cuda:0	True
2024-10-08 20:24:18,103 - INFO - rnn.bias_ih_l0	torch.Size([192])	cuda:0	True
2024-10-08 20:24:18,103 - INFO - rnn.bias_hh_l0	torch.Size([192])	cuda:0	True
2024-10-08 20:24:18,103 - INFO - fc.weight	torch.Size([2048, 64])	cuda:0	True
2024-10-08 20:24:18,103 - INFO - fc.bias	torch.Size([2048])	cuda:0	True
2024-10-08 20:24:18,104 - INFO - Total parameter numbers: 539008
2024-10-08 20:24:18,104 - INFO - You select `adam` optimizer.
2024-10-08 20:24:18,574 - INFO - You select `multisteplr` lr_scheduler.
2024-10-08 20:24:18,575 - WARNING - Received none train loss func and will use the loss func defined in the model.
2024-10-08 20:24:18,575 - INFO - Start training ...
2024-10-08 20:24:18,575 - INFO - num_batches:37
2024-10-08 20:24:20,152 - INFO - epoch complete!
2024-10-08 20:24:20,153 - INFO - evaluating now!
2024-10-08 20:24:20,269 - INFO - Epoch [0/60] train_loss: 10.2274, val_loss: 9.1353, lr: 0.010000, 1.69s
2024-10-08 20:24:20,278 - INFO - Saved model at 0
2024-10-08 20:24:20,278 - INFO - Val loss decrease from inf to 9.1353, saving to ./libcity/cache/GRU(humidity)/model_cache/RNN_humidity_epoch0.tar
2024-10-08 20:24:21,310 - INFO - epoch complete!
2024-10-08 20:24:21,310 - INFO - evaluating now!
2024-10-08 20:24:21,409 - INFO - Epoch [1/60] train_loss: 8.8161, val_loss: 8.6028, lr: 0.010000, 1.13s
2024-10-08 20:24:21,416 - INFO - Saved model at 1
2024-10-08 20:24:21,416 - INFO - Val loss decrease from 9.1353 to 8.6028, saving to ./libcity/cache/GRU(humidity)/model_cache/RNN_humidity_epoch1.tar
2024-10-08 20:24:22,416 - INFO - epoch complete!
2024-10-08 20:24:22,417 - INFO - evaluating now!
2024-10-08 20:24:22,510 - INFO - Epoch [2/60] train_loss: 8.5214, val_loss: 8.5463, lr: 0.010000, 1.09s
2024-10-08 20:24:22,516 - INFO - Saved model at 2
2024-10-08 20:24:22,517 - INFO - Val loss decrease from 8.6028 to 8.5463, saving to ./libcity/cache/GRU(humidity)/model_cache/RNN_humidity_epoch2.tar
2024-10-08 20:24:23,573 - INFO - epoch complete!
2024-10-08 20:24:23,574 - INFO - evaluating now!
2024-10-08 20:24:23,678 - INFO - Epoch [3/60] train_loss: 8.4752, val_loss: 8.4832, lr: 0.010000, 1.16s
2024-10-08 20:24:23,686 - INFO - Saved model at 3
2024-10-08 20:24:23,686 - INFO - Val loss decrease from 8.5463 to 8.4832, saving to ./libcity/cache/GRU(humidity)/model_cache/RNN_humidity_epoch3.tar
2024-10-08 20:24:24,700 - INFO - epoch complete!
2024-10-08 20:24:24,700 - INFO - evaluating now!
2024-10-08 20:24:24,793 - INFO - Epoch [4/60] train_loss: 8.4318, val_loss: 8.5018, lr: 0.001000, 1.11s
2024-10-08 20:24:25,858 - INFO - epoch complete!
2024-10-08 20:24:25,859 - INFO - evaluating now!
2024-10-08 20:24:25,950 - INFO - Epoch [5/60] train_loss: 8.3891, val_loss: 8.4773, lr: 0.001000, 1.16s
2024-10-08 20:24:25,959 - INFO - Saved model at 5
2024-10-08 20:24:25,959 - INFO - Val loss decrease from 8.4832 to 8.4773, saving to ./libcity/cache/GRU(humidity)/model_cache/RNN_humidity_epoch5.tar
2024-10-08 20:24:26,975 - INFO - epoch complete!
2024-10-08 20:24:26,975 - INFO - evaluating now!
2024-10-08 20:24:27,066 - INFO - Epoch [6/60] train_loss: 8.3762, val_loss: 8.4712, lr: 0.001000, 1.11s
2024-10-08 20:24:27,073 - INFO - Saved model at 6
2024-10-08 20:24:27,073 - INFO - Val loss decrease from 8.4773 to 8.4712, saving to ./libcity/cache/GRU(humidity)/model_cache/RNN_humidity_epoch6.tar
2024-10-08 20:24:28,069 - INFO - epoch complete!
2024-10-08 20:24:28,070 - INFO - evaluating now!
2024-10-08 20:24:28,173 - INFO - Epoch [7/60] train_loss: 8.3726, val_loss: 8.4800, lr: 0.001000, 1.10s
2024-10-08 20:24:29,174 - INFO - epoch complete!
2024-10-08 20:24:29,175 - INFO - evaluating now!
2024-10-08 20:24:29,270 - INFO - Epoch [8/60] train_loss: 8.3698, val_loss: 8.4362, lr: 0.001000, 1.10s
2024-10-08 20:24:29,276 - INFO - Saved model at 8
2024-10-08 20:24:29,277 - INFO - Val loss decrease from 8.4712 to 8.4362, saving to ./libcity/cache/GRU(humidity)/model_cache/RNN_humidity_epoch8.tar
2024-10-08 20:24:30,305 - INFO - epoch complete!
2024-10-08 20:24:30,305 - INFO - evaluating now!
2024-10-08 20:24:30,399 - INFO - Epoch [9/60] train_loss: 8.3669, val_loss: 8.4690, lr: 0.001000, 1.12s
2024-10-08 20:24:31,400 - INFO - epoch complete!
2024-10-08 20:24:31,401 - INFO - evaluating now!
2024-10-08 20:24:31,501 - INFO - Epoch [10/60] train_loss: 8.3638, val_loss: 8.4778, lr: 0.001000, 1.10s
2024-10-08 20:24:32,506 - INFO - epoch complete!
2024-10-08 20:24:32,506 - INFO - evaluating now!
2024-10-08 20:24:32,601 - INFO - Epoch [11/60] train_loss: 8.3606, val_loss: 8.4643, lr: 0.001000, 1.10s
2024-10-08 20:24:33,678 - INFO - epoch complete!
2024-10-08 20:24:33,678 - INFO - evaluating now!
2024-10-08 20:24:33,772 - INFO - Epoch [12/60] train_loss: 8.3563, val_loss: 8.4657, lr: 0.001000, 1.17s
2024-10-08 20:24:34,842 - INFO - epoch complete!
2024-10-08 20:24:34,842 - INFO - evaluating now!
2024-10-08 20:24:34,937 - INFO - Epoch [13/60] train_loss: 8.3555, val_loss: 8.4560, lr: 0.001000, 1.16s
2024-10-08 20:24:36,006 - INFO - epoch complete!
2024-10-08 20:24:36,007 - INFO - evaluating now!
2024-10-08 20:24:36,108 - INFO - Epoch [14/60] train_loss: 8.3513, val_loss: 8.4416, lr: 0.001000, 1.17s
2024-10-08 20:24:37,204 - INFO - epoch complete!
2024-10-08 20:24:37,204 - INFO - evaluating now!
2024-10-08 20:24:37,302 - INFO - Epoch [15/60] train_loss: 8.3464, val_loss: 8.4660, lr: 0.001000, 1.19s
2024-10-08 20:24:38,341 - INFO - epoch complete!
2024-10-08 20:24:38,341 - INFO - evaluating now!
2024-10-08 20:24:38,437 - INFO - Epoch [16/60] train_loss: 8.3440, val_loss: 8.4575, lr: 0.001000, 1.14s
2024-10-08 20:24:39,455 - INFO - epoch complete!
2024-10-08 20:24:39,456 - INFO - evaluating now!
2024-10-08 20:24:39,552 - INFO - Epoch [17/60] train_loss: 8.3407, val_loss: 8.4684, lr: 0.001000, 1.11s
2024-10-08 20:24:40,601 - INFO - epoch complete!
2024-10-08 20:24:40,601 - INFO - evaluating now!
2024-10-08 20:24:40,698 - INFO - Epoch [18/60] train_loss: 8.3412, val_loss: 8.4530, lr: 0.001000, 1.15s
2024-10-08 20:24:41,702 - INFO - epoch complete!
2024-10-08 20:24:41,702 - INFO - evaluating now!
2024-10-08 20:24:41,796 - INFO - Epoch [19/60] train_loss: 8.3383, val_loss: 8.4535, lr: 0.000100, 1.10s
2024-10-08 20:24:42,842 - INFO - epoch complete!
2024-10-08 20:24:42,842 - INFO - evaluating now!
2024-10-08 20:24:42,945 - INFO - Epoch [20/60] train_loss: 8.3341, val_loss: 8.4682, lr: 0.000100, 1.15s
2024-10-08 20:24:43,997 - INFO - epoch complete!
2024-10-08 20:24:43,997 - INFO - evaluating now!
2024-10-08 20:24:44,103 - INFO - Epoch [21/60] train_loss: 8.3320, val_loss: 8.4555, lr: 0.000100, 1.16s
2024-10-08 20:24:45,167 - INFO - epoch complete!
2024-10-08 20:24:45,167 - INFO - evaluating now!
2024-10-08 20:24:45,272 - INFO - Epoch [22/60] train_loss: 8.3306, val_loss: 8.4455, lr: 0.000100, 1.17s
2024-10-08 20:24:46,350 - INFO - epoch complete!
2024-10-08 20:24:46,350 - INFO - evaluating now!
2024-10-08 20:24:46,460 - INFO - Epoch [23/60] train_loss: 8.3304, val_loss: 8.4381, lr: 0.000100, 1.19s
2024-10-08 20:24:47,566 - INFO - epoch complete!
2024-10-08 20:24:47,566 - INFO - evaluating now!
2024-10-08 20:24:47,680 - INFO - Epoch [24/60] train_loss: 8.3297, val_loss: 8.4510, lr: 0.000100, 1.22s
2024-10-08 20:24:48,778 - INFO - epoch complete!
2024-10-08 20:24:48,778 - INFO - evaluating now!
2024-10-08 20:24:48,884 - INFO - Epoch [25/60] train_loss: 8.3292, val_loss: 8.4429, lr: 0.000100, 1.20s
2024-10-08 20:24:49,992 - INFO - epoch complete!
2024-10-08 20:24:49,992 - INFO - evaluating now!
2024-10-08 20:24:50,103 - INFO - Epoch [26/60] train_loss: 8.3298, val_loss: 8.4566, lr: 0.000100, 1.22s
2024-10-08 20:24:51,126 - INFO - epoch complete!
2024-10-08 20:24:51,126 - INFO - evaluating now!
2024-10-08 20:24:51,236 - INFO - Epoch [27/60] train_loss: 8.3291, val_loss: 8.4311, lr: 0.000100, 1.13s
2024-10-08 20:24:51,243 - INFO - Saved model at 27
2024-10-08 20:24:51,243 - INFO - Val loss decrease from 8.4362 to 8.4311, saving to ./libcity/cache/GRU(humidity)/model_cache/RNN_humidity_epoch27.tar
2024-10-08 20:24:52,296 - INFO - epoch complete!
2024-10-08 20:24:52,297 - INFO - evaluating now!
2024-10-08 20:24:52,398 - INFO - Epoch [28/60] train_loss: 8.3285, val_loss: 8.4494, lr: 0.000100, 1.15s
2024-10-08 20:24:53,520 - INFO - epoch complete!
2024-10-08 20:24:53,520 - INFO - evaluating now!
2024-10-08 20:24:53,634 - INFO - Epoch [29/60] train_loss: 8.3281, val_loss: 8.4381, lr: 0.000100, 1.24s
2024-10-08 20:24:54,702 - INFO - epoch complete!
2024-10-08 20:24:54,702 - INFO - evaluating now!
2024-10-08 20:24:54,807 - INFO - Epoch [30/60] train_loss: 8.3278, val_loss: 8.4454, lr: 0.000100, 1.17s
2024-10-08 20:24:55,850 - INFO - epoch complete!
2024-10-08 20:24:55,850 - INFO - evaluating now!
2024-10-08 20:24:55,952 - INFO - Epoch [31/60] train_loss: 8.3275, val_loss: 8.4423, lr: 0.000100, 1.14s
2024-10-08 20:24:57,004 - INFO - epoch complete!
2024-10-08 20:24:57,004 - INFO - evaluating now!
2024-10-08 20:24:57,100 - INFO - Epoch [32/60] train_loss: 8.3271, val_loss: 8.4500, lr: 0.000100, 1.15s
2024-10-08 20:24:58,167 - INFO - epoch complete!
2024-10-08 20:24:58,167 - INFO - evaluating now!
2024-10-08 20:24:58,271 - INFO - Epoch [33/60] train_loss: 8.3271, val_loss: 8.4562, lr: 0.000100, 1.17s
2024-10-08 20:24:59,309 - INFO - epoch complete!
2024-10-08 20:24:59,309 - INFO - evaluating now!
2024-10-08 20:24:59,411 - INFO - Epoch [34/60] train_loss: 8.3268, val_loss: 8.4430, lr: 0.000100, 1.14s
2024-10-08 20:25:00,434 - INFO - epoch complete!
2024-10-08 20:25:00,435 - INFO - evaluating now!
2024-10-08 20:25:00,534 - INFO - Epoch [35/60] train_loss: 8.3272, val_loss: 8.4356, lr: 0.000100, 1.12s
2024-10-08 20:25:01,594 - INFO - epoch complete!
2024-10-08 20:25:01,594 - INFO - evaluating now!
2024-10-08 20:25:01,692 - INFO - Epoch [36/60] train_loss: 8.3266, val_loss: 8.4530, lr: 0.000100, 1.16s
2024-10-08 20:25:02,768 - INFO - epoch complete!
2024-10-08 20:25:02,768 - INFO - evaluating now!
2024-10-08 20:25:02,859 - INFO - Epoch [37/60] train_loss: 8.3258, val_loss: 8.4377, lr: 0.000100, 1.17s
2024-10-08 20:25:03,901 - INFO - epoch complete!
2024-10-08 20:25:03,902 - INFO - evaluating now!
2024-10-08 20:25:03,993 - INFO - Epoch [38/60] train_loss: 8.3255, val_loss: 8.4529, lr: 0.000100, 1.13s
2024-10-08 20:25:04,993 - INFO - epoch complete!
2024-10-08 20:25:04,993 - INFO - evaluating now!
2024-10-08 20:25:05,103 - INFO - Epoch [39/60] train_loss: 8.3253, val_loss: 8.4564, lr: 0.000010, 1.11s
2024-10-08 20:25:06,114 - INFO - epoch complete!
2024-10-08 20:25:06,114 - INFO - evaluating now!
2024-10-08 20:25:06,228 - INFO - Epoch [40/60] train_loss: 8.3247, val_loss: 8.4526, lr: 0.000010, 1.12s
2024-10-08 20:25:07,287 - INFO - epoch complete!
2024-10-08 20:25:07,287 - INFO - evaluating now!
2024-10-08 20:25:07,395 - INFO - Epoch [41/60] train_loss: 8.3246, val_loss: 8.4477, lr: 0.000010, 1.17s
2024-10-08 20:25:08,476 - INFO - epoch complete!
2024-10-08 20:25:08,476 - INFO - evaluating now!
2024-10-08 20:25:08,586 - INFO - Epoch [42/60] train_loss: 8.3245, val_loss: 8.4464, lr: 0.000010, 1.19s
2024-10-08 20:25:09,646 - INFO - epoch complete!
2024-10-08 20:25:09,646 - INFO - evaluating now!
2024-10-08 20:25:09,745 - INFO - Epoch [43/60] train_loss: 8.3245, val_loss: 8.4473, lr: 0.000010, 1.16s
2024-10-08 20:25:10,805 - INFO - epoch complete!
2024-10-08 20:25:10,805 - INFO - evaluating now!
2024-10-08 20:25:10,896 - INFO - Epoch [44/60] train_loss: 8.3245, val_loss: 8.4483, lr: 0.000010, 1.15s
2024-10-08 20:25:11,962 - INFO - epoch complete!
2024-10-08 20:25:11,962 - INFO - evaluating now!
2024-10-08 20:25:12,059 - INFO - Epoch [45/60] train_loss: 8.3244, val_loss: 8.4481, lr: 0.000010, 1.16s
2024-10-08 20:25:13,113 - INFO - epoch complete!
2024-10-08 20:25:13,113 - INFO - evaluating now!
2024-10-08 20:25:13,217 - INFO - Epoch [46/60] train_loss: 8.3244, val_loss: 8.4471, lr: 0.000010, 1.16s
2024-10-08 20:25:14,244 - INFO - epoch complete!
2024-10-08 20:25:14,244 - INFO - evaluating now!
2024-10-08 20:25:14,337 - INFO - Epoch [47/60] train_loss: 8.3244, val_loss: 8.4493, lr: 0.000010, 1.12s
2024-10-08 20:25:15,396 - INFO - epoch complete!
2024-10-08 20:25:15,396 - INFO - evaluating now!
2024-10-08 20:25:15,487 - INFO - Epoch [48/60] train_loss: 8.3243, val_loss: 8.4471, lr: 0.000010, 1.15s
2024-10-08 20:25:16,533 - INFO - epoch complete!
2024-10-08 20:25:16,533 - INFO - evaluating now!
2024-10-08 20:25:16,626 - INFO - Epoch [49/60] train_loss: 8.3243, val_loss: 8.4486, lr: 0.000010, 1.14s
2024-10-08 20:25:17,680 - INFO - epoch complete!
2024-10-08 20:25:17,680 - INFO - evaluating now!
2024-10-08 20:25:17,770 - INFO - Epoch [50/60] train_loss: 8.3243, val_loss: 8.4472, lr: 0.000010, 1.14s
2024-10-08 20:25:18,843 - INFO - epoch complete!
2024-10-08 20:25:18,843 - INFO - evaluating now!
2024-10-08 20:25:18,936 - INFO - Epoch [51/60] train_loss: 8.3242, val_loss: 8.4483, lr: 0.000010, 1.17s
2024-10-08 20:25:19,969 - INFO - epoch complete!
2024-10-08 20:25:19,970 - INFO - evaluating now!
2024-10-08 20:25:20,069 - INFO - Epoch [52/60] train_loss: 8.3242, val_loss: 8.4467, lr: 0.000010, 1.13s
2024-10-08 20:25:21,140 - INFO - epoch complete!
2024-10-08 20:25:21,141 - INFO - evaluating now!
2024-10-08 20:25:21,242 - INFO - Epoch [53/60] train_loss: 8.3241, val_loss: 8.4464, lr: 0.000010, 1.17s
2024-10-08 20:25:22,294 - INFO - epoch complete!
2024-10-08 20:25:22,294 - INFO - evaluating now!
2024-10-08 20:25:22,395 - INFO - Epoch [54/60] train_loss: 8.3240, val_loss: 8.4362, lr: 0.000010, 1.15s
2024-10-08 20:25:23,455 - INFO - epoch complete!
2024-10-08 20:25:23,455 - INFO - evaluating now!
2024-10-08 20:25:23,562 - INFO - Epoch [55/60] train_loss: 8.3241, val_loss: 8.4431, lr: 0.000010, 1.17s
2024-10-08 20:25:24,572 - INFO - epoch complete!
2024-10-08 20:25:24,572 - INFO - evaluating now!
2024-10-08 20:25:24,665 - INFO - Epoch [56/60] train_loss: 8.3237, val_loss: 8.4517, lr: 0.000010, 1.10s
2024-10-08 20:25:25,718 - INFO - epoch complete!
2024-10-08 20:25:25,719 - INFO - evaluating now!
2024-10-08 20:25:25,825 - INFO - Epoch [57/60] train_loss: 8.3237, val_loss: 8.4522, lr: 0.000010, 1.16s
2024-10-08 20:25:26,786 - INFO - epoch complete!
2024-10-08 20:25:26,787 - INFO - evaluating now!
2024-10-08 20:25:26,900 - INFO - Epoch [58/60] train_loss: 8.3236, val_loss: 8.4457, lr: 0.000010, 1.07s
2024-10-08 20:25:27,926 - INFO - epoch complete!
2024-10-08 20:25:27,927 - INFO - evaluating now!
2024-10-08 20:25:28,027 - INFO - Epoch [59/60] train_loss: 8.3235, val_loss: 8.4464, lr: 0.000010, 1.13s
2024-10-08 20:25:28,027 - INFO - Trained totally 60 epochs, average train time is 1.055s, average eval time is 0.100s
2024-10-08 20:25:28,064 - INFO - Loaded model at 27
2024-10-08 20:25:28,064 - INFO - Saved model at ./libcity/cache/GRU(humidity)/model_cache/GRU_humidity.m
2024-10-08 20:25:28,071 - INFO - Start evaluating ...
2024-10-08 20:25:41,325 - INFO - Note that you select the single mode to evaluate!
2024-10-08 20:25:41,328 - INFO - Evaluate result is saved at ./libcity/cache/GRU(humidity)/evaluate_cache/2024_10_08_20_25_41_RNN_humidity.csv
2024-10-08 20:25:41,333 - INFO - 
         MAE      MAPE       RMSE
1   8.487660  0.137847  11.712471
2   8.488240  0.137859  11.706366
3   8.487659  0.137842  11.698677
4   8.485554  0.137754  11.689030
5   8.481416  0.137595  11.677607
6   8.477704  0.137422  11.667669
7   8.474994  0.137241  11.659722
8   8.473079  0.137066  11.653467
9   8.471196  0.136895  11.647513
10  8.469408  0.136726  11.641947
11  8.466626  0.136548  11.635446
12  8.464190  0.136377  11.629356
