2024-10-08 21:14:56,607 - INFO - Log directory: ./libcity/log
2024-10-08 21:14:56,608 - INFO - Begin pipeline, task=MTS_pred, model_name=GWNET, dataset_name=humidity, exp_id=GWNET(humidity)
2024-10-08 21:14:56,608 - INFO - {'task': 'MTS_pred', 'model': 'GWNET', 'dataset': 'humidity', 'saved_model': True, 'exp_id': 'GWNET(humidity)', 'seed': 0, 'batch_size': 32, 'max_epoch': 60, 'dataset_class': 'StatePointDataset', 'executor': 'StateExecutor', 'evaluator': 'StateEvaluator', 'dropout': 0.3, 'blocks': 4, 'layers': 2, 'apt_layer': True, 'gcn_bool': True, 'addaptadj': True, 'adjtype': 'doubletransition', 'bidir_adj_mx': False, 'randomadj': True, 'aptonly': True, 'kernel_size': 2, 'nhid': 32, 'residual_channels': 32, 'dilation_channels': 32, 'skip_channels': 256, 'end_channels': 512, 'scaler': 'standard', 'load_external': False, 'normal_external': False, 'ext_scaler': 'none', 'add_time_in_day': False, 'add_day_in_week': False, 'learner': 'adam', 'learning_rate': 0.001, 'lr_decay': False, 'clip_grad_norm': True, 'max_grad_norm': 5, 'use_early_stop': False, 'cache_dataset': True, 'num_workers': 0, 'pad_with_last_sample': True, 'train_rate': 0.7, 'eval_rate': 0.1, 'input_window': 12, 'output_window': 12, 'robustness_test': False, 'noise_type': 'gaussian', 'disturb_rate': 0.5, 'noise_mean': [5], 'noise_SD': [10], 'gpu': True, 'gpu_id': 0, 'train_loss': 'none', 'epoch': 0, 'weight_decay': 0, 'lr_epsilon': 1e-08, 'lr_beta1': 0.9, 'lr_beta2': 0.999, 'lr_alpha': 0.99, 'lr_momentum': 0, 'lr_scheduler': 'multisteplr', 'lr_decay_ratio': 0.1, 'steps': [5, 20, 40, 70], 'step_size': 10, 'lr_T_max': 30, 'lr_eta_min': 0, 'lr_patience': 10, 'lr_threshold': 0.0001, 'patience': 50, 'log_level': 'INFO', 'log_every': 1, 'load_best_epoch': True, 'hyper_tune': False, 'metrics': ['MAE', 'MAPE', 'RMSE'], 'evaluator_mode': 'single', 'save_mode': ['csv'], 'geo': {'including_types': ['Point'], 'Point': {}}, 'rel': {'including_types': ['geo'], 'geo': {'cost': 'num'}}, 'dyna': {'including_types': ['state'], 'state': {'entity_id': 'geo_id', 'traffic_speed': 'num'}}, 'data_col': ['traffic_speed'], 'weight_col': 'cost', 'data_files': ['humidity'], 'geo_file': 'humidity', 'rel_file': 'humidity', 'output_dim': 1, 'time_intervals': 300, 'init_weight_inf_or_zero': 'inf', 'set_weight_link_or_dist': 'dist', 'calculate_weight_adj': True, 'weight_adj_epsilon': 0.1, 'device': device(type='cuda', index=0)}
2024-10-08 21:14:58,567 - INFO - Loaded file humidity_feature.csv, shape=(3322, 2048, 1)
2024-10-08 21:14:59,476 - INFO - Dataset created
2024-10-08 21:14:59,476 - INFO - x shape: (3299, 12, 2048, 1), y shape: (3299, 12, 2048, 1)
2024-10-08 21:14:59,481 - INFO - train	x: (2309, 12, 2048, 1), y: (2309, 12, 2048, 1)
2024-10-08 21:14:59,481 - INFO - eval	x: (330, 12, 2048, 1), y: (330, 12, 2048, 1)
2024-10-08 21:14:59,481 - INFO - test	x: (660, 12, 2048, 1), y: (660, 12, 2048, 1)
2024-10-08 21:16:51,189 - INFO - Saved at ./libcity/cache/dataset_cache/point_based_humidity_12_12_0.7_0.1_standard_32_False_False_False_True.npz
2024-10-08 21:16:51,393 - INFO - StandardScaler mean: 78.66855544535464, std: 17.406175498267864
2024-10-08 21:16:51,393 - INFO - NoneScaler
2024-10-08 21:16:52,648 - INFO - receptive_field: 13
2024-10-08 21:16:53,192 - INFO - GWNET(
  (filter_convs): ModuleList(
    (0): Conv2d(32, 32, kernel_size=(1, 2), stride=(1, 1))
    (1): Conv2d(32, 32, kernel_size=(1, 2), stride=(1, 1), dilation=(2, 2))
    (2): Conv2d(32, 32, kernel_size=(1, 2), stride=(1, 1))
    (3): Conv2d(32, 32, kernel_size=(1, 2), stride=(1, 1), dilation=(2, 2))
    (4): Conv2d(32, 32, kernel_size=(1, 2), stride=(1, 1))
    (5): Conv2d(32, 32, kernel_size=(1, 2), stride=(1, 1), dilation=(2, 2))
    (6): Conv2d(32, 32, kernel_size=(1, 2), stride=(1, 1))
    (7): Conv2d(32, 32, kernel_size=(1, 2), stride=(1, 1), dilation=(2, 2))
  )
  (gate_convs): ModuleList(
    (0): Conv2d(32, 32, kernel_size=(1, 2), stride=(1, 1))
    (1): Conv2d(32, 32, kernel_size=(1, 2), stride=(1, 1), dilation=(2, 2))
    (2): Conv2d(32, 32, kernel_size=(1, 2), stride=(1, 1))
    (3): Conv2d(32, 32, kernel_size=(1, 2), stride=(1, 1), dilation=(2, 2))
    (4): Conv2d(32, 32, kernel_size=(1, 2), stride=(1, 1))
    (5): Conv2d(32, 32, kernel_size=(1, 2), stride=(1, 1), dilation=(2, 2))
    (6): Conv2d(32, 32, kernel_size=(1, 2), stride=(1, 1))
    (7): Conv2d(32, 32, kernel_size=(1, 2), stride=(1, 1), dilation=(2, 2))
  )
  (residual_convs): ModuleList(
    (0-7): 8 x Conv2d(32, 32, kernel_size=(1, 1), stride=(1, 1))
  )
  (skip_convs): ModuleList(
    (0-7): 8 x Conv2d(32, 256, kernel_size=(1, 1), stride=(1, 1))
  )
  (bn): ModuleList(
    (0-7): 8 x BatchNorm2d(32, eps=1e-05, momentum=0.1, affine=True, track_running_stats=True)
  )
  (gconv): ModuleList(
    (0-7): 8 x GCN(
      (nconv): NConv()
      (mlp): Linear(
        (mlp): Conv2d(96, 32, kernel_size=(1, 1), stride=(1, 1))
      )
    )
  )
  (start_conv): Conv2d(1, 32, kernel_size=(1, 1), stride=(1, 1))
  (end_conv_1): Conv2d(256, 512, kernel_size=(1, 1), stride=(1, 1))
  (end_conv_2): Conv2d(512, 12, kernel_size=(1, 1), stride=(1, 1))
)
2024-10-08 21:16:53,193 - INFO - nodevec1	torch.Size([2048, 10])	cuda:0	True
2024-10-08 21:16:53,193 - INFO - nodevec2	torch.Size([10, 2048])	cuda:0	True
2024-10-08 21:16:53,193 - INFO - filter_convs.0.weight	torch.Size([32, 32, 1, 2])	cuda:0	True
2024-10-08 21:16:53,193 - INFO - filter_convs.0.bias	torch.Size([32])	cuda:0	True
2024-10-08 21:16:53,193 - INFO - filter_convs.1.weight	torch.Size([32, 32, 1, 2])	cuda:0	True
2024-10-08 21:16:53,193 - INFO - filter_convs.1.bias	torch.Size([32])	cuda:0	True
2024-10-08 21:16:53,193 - INFO - filter_convs.2.weight	torch.Size([32, 32, 1, 2])	cuda:0	True
2024-10-08 21:16:53,193 - INFO - filter_convs.2.bias	torch.Size([32])	cuda:0	True
2024-10-08 21:16:53,193 - INFO - filter_convs.3.weight	torch.Size([32, 32, 1, 2])	cuda:0	True
2024-10-08 21:16:53,193 - INFO - filter_convs.3.bias	torch.Size([32])	cuda:0	True
2024-10-08 21:16:53,193 - INFO - filter_convs.4.weight	torch.Size([32, 32, 1, 2])	cuda:0	True
2024-10-08 21:16:53,193 - INFO - filter_convs.4.bias	torch.Size([32])	cuda:0	True
2024-10-08 21:16:53,194 - INFO - filter_convs.5.weight	torch.Size([32, 32, 1, 2])	cuda:0	True
2024-10-08 21:16:53,194 - INFO - filter_convs.5.bias	torch.Size([32])	cuda:0	True
2024-10-08 21:16:53,194 - INFO - filter_convs.6.weight	torch.Size([32, 32, 1, 2])	cuda:0	True
2024-10-08 21:16:53,194 - INFO - filter_convs.6.bias	torch.Size([32])	cuda:0	True
2024-10-08 21:16:53,194 - INFO - filter_convs.7.weight	torch.Size([32, 32, 1, 2])	cuda:0	True
2024-10-08 21:16:53,194 - INFO - filter_convs.7.bias	torch.Size([32])	cuda:0	True
2024-10-08 21:16:53,194 - INFO - gate_convs.0.weight	torch.Size([32, 32, 1, 2])	cuda:0	True
2024-10-08 21:16:53,194 - INFO - gate_convs.0.bias	torch.Size([32])	cuda:0	True
2024-10-08 21:16:53,194 - INFO - gate_convs.1.weight	torch.Size([32, 32, 1, 2])	cuda:0	True
2024-10-08 21:16:53,194 - INFO - gate_convs.1.bias	torch.Size([32])	cuda:0	True
2024-10-08 21:16:53,194 - INFO - gate_convs.2.weight	torch.Size([32, 32, 1, 2])	cuda:0	True
2024-10-08 21:16:53,194 - INFO - gate_convs.2.bias	torch.Size([32])	cuda:0	True
2024-10-08 21:16:53,194 - INFO - gate_convs.3.weight	torch.Size([32, 32, 1, 2])	cuda:0	True
2024-10-08 21:16:53,194 - INFO - gate_convs.3.bias	torch.Size([32])	cuda:0	True
2024-10-08 21:16:53,194 - INFO - gate_convs.4.weight	torch.Size([32, 32, 1, 2])	cuda:0	True
2024-10-08 21:16:53,194 - INFO - gate_convs.4.bias	torch.Size([32])	cuda:0	True
2024-10-08 21:16:53,194 - INFO - gate_convs.5.weight	torch.Size([32, 32, 1, 2])	cuda:0	True
2024-10-08 21:16:53,194 - INFO - gate_convs.5.bias	torch.Size([32])	cuda:0	True
2024-10-08 21:16:53,194 - INFO - gate_convs.6.weight	torch.Size([32, 32, 1, 2])	cuda:0	True
2024-10-08 21:16:53,194 - INFO - gate_convs.6.bias	torch.Size([32])	cuda:0	True
2024-10-08 21:16:53,194 - INFO - gate_convs.7.weight	torch.Size([32, 32, 1, 2])	cuda:0	True
2024-10-08 21:16:53,194 - INFO - gate_convs.7.bias	torch.Size([32])	cuda:0	True
2024-10-08 21:16:53,194 - INFO - residual_convs.0.weight	torch.Size([32, 32, 1, 1])	cuda:0	True
2024-10-08 21:16:53,194 - INFO - residual_convs.0.bias	torch.Size([32])	cuda:0	True
2024-10-08 21:16:53,194 - INFO - residual_convs.1.weight	torch.Size([32, 32, 1, 1])	cuda:0	True
2024-10-08 21:16:53,195 - INFO - residual_convs.1.bias	torch.Size([32])	cuda:0	True
2024-10-08 21:16:53,195 - INFO - residual_convs.2.weight	torch.Size([32, 32, 1, 1])	cuda:0	True
2024-10-08 21:16:53,195 - INFO - residual_convs.2.bias	torch.Size([32])	cuda:0	True
2024-10-08 21:16:53,195 - INFO - residual_convs.3.weight	torch.Size([32, 32, 1, 1])	cuda:0	True
2024-10-08 21:16:53,195 - INFO - residual_convs.3.bias	torch.Size([32])	cuda:0	True
2024-10-08 21:16:53,195 - INFO - residual_convs.4.weight	torch.Size([32, 32, 1, 1])	cuda:0	True
2024-10-08 21:16:53,195 - INFO - residual_convs.4.bias	torch.Size([32])	cuda:0	True
2024-10-08 21:16:53,195 - INFO - residual_convs.5.weight	torch.Size([32, 32, 1, 1])	cuda:0	True
2024-10-08 21:16:53,195 - INFO - residual_convs.5.bias	torch.Size([32])	cuda:0	True
2024-10-08 21:16:53,195 - INFO - residual_convs.6.weight	torch.Size([32, 32, 1, 1])	cuda:0	True
2024-10-08 21:16:53,195 - INFO - residual_convs.6.bias	torch.Size([32])	cuda:0	True
2024-10-08 21:16:53,195 - INFO - residual_convs.7.weight	torch.Size([32, 32, 1, 1])	cuda:0	True
2024-10-08 21:16:53,195 - INFO - residual_convs.7.bias	torch.Size([32])	cuda:0	True
2024-10-08 21:16:53,195 - INFO - skip_convs.0.weight	torch.Size([256, 32, 1, 1])	cuda:0	True
2024-10-08 21:16:53,195 - INFO - skip_convs.0.bias	torch.Size([256])	cuda:0	True
2024-10-08 21:16:53,195 - INFO - skip_convs.1.weight	torch.Size([256, 32, 1, 1])	cuda:0	True
2024-10-08 21:16:53,195 - INFO - skip_convs.1.bias	torch.Size([256])	cuda:0	True
2024-10-08 21:16:53,195 - INFO - skip_convs.2.weight	torch.Size([256, 32, 1, 1])	cuda:0	True
2024-10-08 21:16:53,195 - INFO - skip_convs.2.bias	torch.Size([256])	cuda:0	True
2024-10-08 21:16:53,195 - INFO - skip_convs.3.weight	torch.Size([256, 32, 1, 1])	cuda:0	True
2024-10-08 21:16:53,195 - INFO - skip_convs.3.bias	torch.Size([256])	cuda:0	True
2024-10-08 21:16:53,195 - INFO - skip_convs.4.weight	torch.Size([256, 32, 1, 1])	cuda:0	True
2024-10-08 21:16:53,195 - INFO - skip_convs.4.bias	torch.Size([256])	cuda:0	True
2024-10-08 21:16:53,195 - INFO - skip_convs.5.weight	torch.Size([256, 32, 1, 1])	cuda:0	True
2024-10-08 21:16:53,196 - INFO - skip_convs.5.bias	torch.Size([256])	cuda:0	True
2024-10-08 21:16:53,196 - INFO - skip_convs.6.weight	torch.Size([256, 32, 1, 1])	cuda:0	True
2024-10-08 21:16:53,196 - INFO - skip_convs.6.bias	torch.Size([256])	cuda:0	True
2024-10-08 21:16:53,196 - INFO - skip_convs.7.weight	torch.Size([256, 32, 1, 1])	cuda:0	True
2024-10-08 21:16:53,196 - INFO - skip_convs.7.bias	torch.Size([256])	cuda:0	True
2024-10-08 21:16:53,196 - INFO - bn.0.weight	torch.Size([32])	cuda:0	True
2024-10-08 21:16:53,196 - INFO - bn.0.bias	torch.Size([32])	cuda:0	True
2024-10-08 21:16:53,196 - INFO - bn.1.weight	torch.Size([32])	cuda:0	True
2024-10-08 21:16:53,196 - INFO - bn.1.bias	torch.Size([32])	cuda:0	True
2024-10-08 21:16:53,196 - INFO - bn.2.weight	torch.Size([32])	cuda:0	True
2024-10-08 21:16:53,196 - INFO - bn.2.bias	torch.Size([32])	cuda:0	True
2024-10-08 21:16:53,196 - INFO - bn.3.weight	torch.Size([32])	cuda:0	True
2024-10-08 21:16:53,196 - INFO - bn.3.bias	torch.Size([32])	cuda:0	True
2024-10-08 21:16:53,196 - INFO - bn.4.weight	torch.Size([32])	cuda:0	True
2024-10-08 21:16:53,196 - INFO - bn.4.bias	torch.Size([32])	cuda:0	True
2024-10-08 21:16:53,196 - INFO - bn.5.weight	torch.Size([32])	cuda:0	True
2024-10-08 21:16:53,196 - INFO - bn.5.bias	torch.Size([32])	cuda:0	True
2024-10-08 21:16:53,196 - INFO - bn.6.weight	torch.Size([32])	cuda:0	True
2024-10-08 21:16:53,196 - INFO - bn.6.bias	torch.Size([32])	cuda:0	True
2024-10-08 21:16:53,196 - INFO - bn.7.weight	torch.Size([32])	cuda:0	True
2024-10-08 21:16:53,196 - INFO - bn.7.bias	torch.Size([32])	cuda:0	True
2024-10-08 21:16:53,196 - INFO - gconv.0.mlp.mlp.weight	torch.Size([32, 96, 1, 1])	cuda:0	True
2024-10-08 21:16:53,196 - INFO - gconv.0.mlp.mlp.bias	torch.Size([32])	cuda:0	True
2024-10-08 21:16:53,196 - INFO - gconv.1.mlp.mlp.weight	torch.Size([32, 96, 1, 1])	cuda:0	True
2024-10-08 21:16:53,196 - INFO - gconv.1.mlp.mlp.bias	torch.Size([32])	cuda:0	True
2024-10-08 21:16:53,197 - INFO - gconv.2.mlp.mlp.weight	torch.Size([32, 96, 1, 1])	cuda:0	True
2024-10-08 21:16:53,197 - INFO - gconv.2.mlp.mlp.bias	torch.Size([32])	cuda:0	True
2024-10-08 21:16:53,197 - INFO - gconv.3.mlp.mlp.weight	torch.Size([32, 96, 1, 1])	cuda:0	True
2024-10-08 21:16:53,197 - INFO - gconv.3.mlp.mlp.bias	torch.Size([32])	cuda:0	True
2024-10-08 21:16:53,197 - INFO - gconv.4.mlp.mlp.weight	torch.Size([32, 96, 1, 1])	cuda:0	True
2024-10-08 21:16:53,197 - INFO - gconv.4.mlp.mlp.bias	torch.Size([32])	cuda:0	True
2024-10-08 21:16:53,197 - INFO - gconv.5.mlp.mlp.weight	torch.Size([32, 96, 1, 1])	cuda:0	True
2024-10-08 21:16:53,197 - INFO - gconv.5.mlp.mlp.bias	torch.Size([32])	cuda:0	True
2024-10-08 21:16:53,197 - INFO - gconv.6.mlp.mlp.weight	torch.Size([32, 96, 1, 1])	cuda:0	True
2024-10-08 21:16:53,197 - INFO - gconv.6.mlp.mlp.bias	torch.Size([32])	cuda:0	True
2024-10-08 21:16:53,197 - INFO - gconv.7.mlp.mlp.weight	torch.Size([32, 96, 1, 1])	cuda:0	True
2024-10-08 21:16:53,197 - INFO - gconv.7.mlp.mlp.bias	torch.Size([32])	cuda:0	True
2024-10-08 21:16:53,197 - INFO - start_conv.weight	torch.Size([32, 1, 1, 1])	cuda:0	True
2024-10-08 21:16:53,197 - INFO - start_conv.bias	torch.Size([32])	cuda:0	True
2024-10-08 21:16:53,197 - INFO - end_conv_1.weight	torch.Size([512, 256, 1, 1])	cuda:0	True
2024-10-08 21:16:53,197 - INFO - end_conv_1.bias	torch.Size([512])	cuda:0	True
2024-10-08 21:16:53,197 - INFO - end_conv_2.weight	torch.Size([12, 512, 1, 1])	cuda:0	True
2024-10-08 21:16:53,197 - INFO - end_conv_2.bias	torch.Size([12])	cuda:0	True
2024-10-08 21:16:53,197 - INFO - Total parameter numbers: 313420
2024-10-08 21:16:53,198 - INFO - You select `adam` optimizer.
2024-10-08 21:16:53,658 - WARNING - Received none train loss func and will use the loss func defined in the model.
2024-10-08 21:16:53,658 - INFO - Start training ...
2024-10-08 21:16:53,658 - INFO - num_batches:73
2024-10-08 21:17:46,934 - INFO - epoch complete!
2024-10-08 21:17:46,935 - INFO - evaluating now!
2024-10-08 21:17:49,891 - INFO - Epoch [0/60] train_loss: 9.1653, val_loss: 8.5160, lr: 0.001000, 56.23s
2024-10-08 21:17:49,915 - INFO - Saved model at 0
2024-10-08 21:17:49,915 - INFO - Val loss decrease from inf to 8.5160, saving to ./libcity/cache/GWNET(humidity)/model_cache/GWNET_humidity_epoch0.tar
2024-10-08 21:18:41,567 - INFO - epoch complete!
2024-10-08 21:18:41,567 - INFO - evaluating now!
2024-10-08 21:18:44,497 - INFO - Epoch [1/60] train_loss: 8.5550, val_loss: 8.3790, lr: 0.001000, 54.58s
2024-10-08 21:18:44,519 - INFO - Saved model at 1
2024-10-08 21:18:44,519 - INFO - Val loss decrease from 8.5160 to 8.3790, saving to ./libcity/cache/GWNET(humidity)/model_cache/GWNET_humidity_epoch1.tar
2024-10-08 21:19:35,598 - INFO - epoch complete!
2024-10-08 21:19:35,598 - INFO - evaluating now!
2024-10-08 21:19:38,558 - INFO - Epoch [2/60] train_loss: 8.4913, val_loss: 8.3287, lr: 0.001000, 54.04s
2024-10-08 21:19:38,581 - INFO - Saved model at 2
2024-10-08 21:19:38,581 - INFO - Val loss decrease from 8.3790 to 8.3287, saving to ./libcity/cache/GWNET(humidity)/model_cache/GWNET_humidity_epoch2.tar
2024-10-08 21:20:30,247 - INFO - epoch complete!
2024-10-08 21:20:30,247 - INFO - evaluating now!
2024-10-08 21:20:33,180 - INFO - Epoch [3/60] train_loss: 8.4420, val_loss: 8.2789, lr: 0.001000, 54.60s
2024-10-08 21:20:33,204 - INFO - Saved model at 3
2024-10-08 21:20:33,204 - INFO - Val loss decrease from 8.3287 to 8.2789, saving to ./libcity/cache/GWNET(humidity)/model_cache/GWNET_humidity_epoch3.tar
2024-10-08 21:21:24,867 - INFO - epoch complete!
2024-10-08 21:21:24,867 - INFO - evaluating now!
2024-10-08 21:21:27,811 - INFO - Epoch [4/60] train_loss: 8.3918, val_loss: 8.2273, lr: 0.001000, 54.61s
2024-10-08 21:21:27,835 - INFO - Saved model at 4
2024-10-08 21:21:27,835 - INFO - Val loss decrease from 8.2789 to 8.2273, saving to ./libcity/cache/GWNET(humidity)/model_cache/GWNET_humidity_epoch4.tar
2024-10-08 21:22:18,931 - INFO - epoch complete!
2024-10-08 21:22:18,931 - INFO - evaluating now!
2024-10-08 21:22:21,866 - INFO - Epoch [5/60] train_loss: 8.3233, val_loss: 8.2307, lr: 0.001000, 54.03s
2024-10-08 21:23:12,122 - INFO - epoch complete!
2024-10-08 21:23:12,123 - INFO - evaluating now!
2024-10-08 21:23:14,886 - INFO - Epoch [6/60] train_loss: 8.2829, val_loss: 8.1354, lr: 0.001000, 53.02s
2024-10-08 21:23:14,911 - INFO - Saved model at 6
2024-10-08 21:23:14,911 - INFO - Val loss decrease from 8.2273 to 8.1354, saving to ./libcity/cache/GWNET(humidity)/model_cache/GWNET_humidity_epoch6.tar
2024-10-08 21:24:04,204 - INFO - epoch complete!
2024-10-08 21:24:04,205 - INFO - evaluating now!
2024-10-08 21:24:06,664 - INFO - Epoch [7/60] train_loss: 8.2383, val_loss: 8.1444, lr: 0.001000, 51.75s
2024-10-08 21:24:57,561 - INFO - epoch complete!
2024-10-08 21:24:57,561 - INFO - evaluating now!
2024-10-08 21:25:00,300 - INFO - Epoch [8/60] train_loss: 8.2165, val_loss: 8.0976, lr: 0.001000, 53.64s
2024-10-08 21:25:00,323 - INFO - Saved model at 8
2024-10-08 21:25:00,323 - INFO - Val loss decrease from 8.1354 to 8.0976, saving to ./libcity/cache/GWNET(humidity)/model_cache/GWNET_humidity_epoch8.tar
2024-10-08 21:25:52,204 - INFO - epoch complete!
2024-10-08 21:25:52,204 - INFO - evaluating now!
2024-10-08 21:25:55,114 - INFO - Epoch [9/60] train_loss: 8.1921, val_loss: 8.0814, lr: 0.001000, 54.79s
2024-10-08 21:25:55,138 - INFO - Saved model at 9
2024-10-08 21:25:55,138 - INFO - Val loss decrease from 8.0976 to 8.0814, saving to ./libcity/cache/GWNET(humidity)/model_cache/GWNET_humidity_epoch9.tar
2024-10-08 21:26:46,783 - INFO - epoch complete!
2024-10-08 21:26:46,784 - INFO - evaluating now!
2024-10-08 21:26:49,729 - INFO - Epoch [10/60] train_loss: 8.1719, val_loss: 8.0713, lr: 0.001000, 54.59s
2024-10-08 21:26:49,752 - INFO - Saved model at 10
2024-10-08 21:26:49,752 - INFO - Val loss decrease from 8.0814 to 8.0713, saving to ./libcity/cache/GWNET(humidity)/model_cache/GWNET_humidity_epoch10.tar
2024-10-08 21:27:40,791 - INFO - epoch complete!
2024-10-08 21:27:40,791 - INFO - evaluating now!
2024-10-08 21:27:43,738 - INFO - Epoch [11/60] train_loss: 8.1625, val_loss: 8.0973, lr: 0.001000, 53.99s
2024-10-08 21:28:35,368 - INFO - epoch complete!
2024-10-08 21:28:35,368 - INFO - evaluating now!
2024-10-08 21:28:38,314 - INFO - Epoch [12/60] train_loss: 8.1375, val_loss: 8.0534, lr: 0.001000, 54.58s
2024-10-08 21:28:38,337 - INFO - Saved model at 12
2024-10-08 21:28:38,337 - INFO - Val loss decrease from 8.0713 to 8.0534, saving to ./libcity/cache/GWNET(humidity)/model_cache/GWNET_humidity_epoch12.tar
2024-10-08 21:29:29,970 - INFO - epoch complete!
2024-10-08 21:29:29,970 - INFO - evaluating now!
2024-10-08 21:29:32,893 - INFO - Epoch [13/60] train_loss: 8.1227, val_loss: 8.0267, lr: 0.001000, 54.56s
2024-10-08 21:29:32,916 - INFO - Saved model at 13
2024-10-08 21:29:32,916 - INFO - Val loss decrease from 8.0534 to 8.0267, saving to ./libcity/cache/GWNET(humidity)/model_cache/GWNET_humidity_epoch13.tar
2024-10-08 21:30:23,996 - INFO - epoch complete!
2024-10-08 21:30:23,996 - INFO - evaluating now!
2024-10-08 21:30:26,923 - INFO - Epoch [14/60] train_loss: 8.1110, val_loss: 8.0188, lr: 0.001000, 54.01s
2024-10-08 21:30:26,946 - INFO - Saved model at 14
2024-10-08 21:30:26,946 - INFO - Val loss decrease from 8.0267 to 8.0188, saving to ./libcity/cache/GWNET(humidity)/model_cache/GWNET_humidity_epoch14.tar
2024-10-08 21:31:15,829 - INFO - epoch complete!
2024-10-08 21:31:15,829 - INFO - evaluating now!
2024-10-08 21:31:18,626 - INFO - Epoch [15/60] train_loss: 8.0978, val_loss: 8.0099, lr: 0.001000, 51.68s
2024-10-08 21:31:18,649 - INFO - Saved model at 15
2024-10-08 21:31:18,649 - INFO - Val loss decrease from 8.0188 to 8.0099, saving to ./libcity/cache/GWNET(humidity)/model_cache/GWNET_humidity_epoch15.tar
2024-10-08 21:32:07,489 - INFO - epoch complete!
2024-10-08 21:32:07,490 - INFO - evaluating now!
2024-10-08 21:32:10,469 - INFO - Epoch [16/60] train_loss: 8.0896, val_loss: 8.0145, lr: 0.001000, 51.82s
2024-10-08 21:33:01,512 - INFO - epoch complete!
2024-10-08 21:33:01,512 - INFO - evaluating now!
2024-10-08 21:33:04,464 - INFO - Epoch [17/60] train_loss: 8.0783, val_loss: 7.9940, lr: 0.001000, 53.99s
2024-10-08 21:33:04,487 - INFO - Saved model at 17
2024-10-08 21:33:04,488 - INFO - Val loss decrease from 8.0099 to 7.9940, saving to ./libcity/cache/GWNET(humidity)/model_cache/GWNET_humidity_epoch17.tar
2024-10-08 21:33:56,140 - INFO - epoch complete!
2024-10-08 21:33:56,140 - INFO - evaluating now!
2024-10-08 21:33:59,069 - INFO - Epoch [18/60] train_loss: 8.0658, val_loss: 7.9905, lr: 0.001000, 54.58s
2024-10-08 21:33:59,092 - INFO - Saved model at 18
2024-10-08 21:33:59,092 - INFO - Val loss decrease from 7.9940 to 7.9905, saving to ./libcity/cache/GWNET(humidity)/model_cache/GWNET_humidity_epoch18.tar
2024-10-08 21:34:51,086 - INFO - epoch complete!
2024-10-08 21:34:51,086 - INFO - evaluating now!
2024-10-08 21:34:53,717 - INFO - Epoch [19/60] train_loss: 8.0647, val_loss: 7.9917, lr: 0.001000, 54.62s
2024-10-08 21:35:45,732 - INFO - epoch complete!
2024-10-08 21:35:45,733 - INFO - evaluating now!
2024-10-08 21:35:48,355 - INFO - Epoch [20/60] train_loss: 8.0546, val_loss: 8.0059, lr: 0.001000, 54.64s
2024-10-08 21:36:40,411 - INFO - epoch complete!
2024-10-08 21:36:40,412 - INFO - evaluating now!
2024-10-08 21:36:43,370 - INFO - Epoch [21/60] train_loss: 8.0421, val_loss: 7.9795, lr: 0.001000, 55.01s
2024-10-08 21:36:43,393 - INFO - Saved model at 21
2024-10-08 21:36:43,393 - INFO - Val loss decrease from 7.9905 to 7.9795, saving to ./libcity/cache/GWNET(humidity)/model_cache/GWNET_humidity_epoch21.tar
2024-10-08 21:37:35,017 - INFO - epoch complete!
2024-10-08 21:37:35,017 - INFO - evaluating now!
2024-10-08 21:37:37,952 - INFO - Epoch [22/60] train_loss: 8.0284, val_loss: 7.9708, lr: 0.001000, 54.56s
2024-10-08 21:37:37,975 - INFO - Saved model at 22
2024-10-08 21:37:37,975 - INFO - Val loss decrease from 7.9795 to 7.9708, saving to ./libcity/cache/GWNET(humidity)/model_cache/GWNET_humidity_epoch22.tar
2024-10-08 21:38:27,956 - INFO - epoch complete!
2024-10-08 21:38:27,957 - INFO - evaluating now!
2024-10-08 21:38:30,751 - INFO - Epoch [23/60] train_loss: 8.0263, val_loss: 7.9847, lr: 0.001000, 52.78s
2024-10-08 21:39:19,378 - INFO - epoch complete!
2024-10-08 21:39:19,379 - INFO - evaluating now!
2024-10-08 21:39:22,152 - INFO - Epoch [24/60] train_loss: 8.0150, val_loss: 7.9741, lr: 0.001000, 51.40s
2024-10-08 21:40:12,466 - INFO - epoch complete!
2024-10-08 21:40:12,466 - INFO - evaluating now!
2024-10-08 21:40:15,420 - INFO - Epoch [25/60] train_loss: 8.0090, val_loss: 7.9837, lr: 0.001000, 53.27s
2024-10-08 21:41:06,487 - INFO - epoch complete!
2024-10-08 21:41:06,488 - INFO - evaluating now!
2024-10-08 21:41:09,453 - INFO - Epoch [26/60] train_loss: 8.0051, val_loss: 7.9541, lr: 0.001000, 54.03s
2024-10-08 21:41:09,475 - INFO - Saved model at 26
2024-10-08 21:41:09,475 - INFO - Val loss decrease from 7.9708 to 7.9541, saving to ./libcity/cache/GWNET(humidity)/model_cache/GWNET_humidity_epoch26.tar
2024-10-08 21:42:01,062 - INFO - epoch complete!
2024-10-08 21:42:01,063 - INFO - evaluating now!
2024-10-08 21:42:04,003 - INFO - Epoch [27/60] train_loss: 7.9978, val_loss: 7.9650, lr: 0.001000, 54.53s
2024-10-08 21:42:53,718 - INFO - epoch complete!
2024-10-08 21:42:53,719 - INFO - evaluating now!
2024-10-08 21:42:56,063 - INFO - Epoch [28/60] train_loss: 7.9929, val_loss: 7.9474, lr: 0.001000, 52.06s
2024-10-08 21:42:56,087 - INFO - Saved model at 28
2024-10-08 21:42:56,087 - INFO - Val loss decrease from 7.9541 to 7.9474, saving to ./libcity/cache/GWNET(humidity)/model_cache/GWNET_humidity_epoch28.tar
2024-10-08 21:43:37,153 - INFO - epoch complete!
2024-10-08 21:43:37,153 - INFO - evaluating now!
2024-10-08 21:43:39,483 - INFO - Epoch [29/60] train_loss: 7.9883, val_loss: 7.9559, lr: 0.001000, 43.40s
2024-10-08 21:44:21,054 - INFO - epoch complete!
2024-10-08 21:44:21,054 - INFO - evaluating now!
2024-10-08 21:44:23,399 - INFO - Epoch [30/60] train_loss: 7.9851, val_loss: 7.9507, lr: 0.001000, 43.92s
2024-10-08 21:45:04,966 - INFO - epoch complete!
2024-10-08 21:45:04,967 - INFO - evaluating now!
2024-10-08 21:45:07,326 - INFO - Epoch [31/60] train_loss: 7.9762, val_loss: 7.9526, lr: 0.001000, 43.93s
2024-10-08 21:45:45,844 - INFO - epoch complete!
2024-10-08 21:45:45,844 - INFO - evaluating now!
2024-10-08 21:45:48,034 - INFO - Epoch [32/60] train_loss: 7.9681, val_loss: 7.9378, lr: 0.001000, 40.71s
2024-10-08 21:45:48,057 - INFO - Saved model at 32
2024-10-08 21:45:48,058 - INFO - Val loss decrease from 7.9474 to 7.9378, saving to ./libcity/cache/GWNET(humidity)/model_cache/GWNET_humidity_epoch32.tar
2024-10-08 21:46:26,733 - INFO - epoch complete!
2024-10-08 21:46:26,733 - INFO - evaluating now!
2024-10-08 21:46:29,078 - INFO - Epoch [33/60] train_loss: 7.9659, val_loss: 8.0382, lr: 0.001000, 41.02s
2024-10-08 21:47:10,645 - INFO - epoch complete!
2024-10-08 21:47:10,645 - INFO - evaluating now!
2024-10-08 21:47:12,995 - INFO - Epoch [34/60] train_loss: 7.9607, val_loss: 7.9869, lr: 0.001000, 43.92s
2024-10-08 21:47:53,990 - INFO - epoch complete!
2024-10-08 21:47:53,990 - INFO - evaluating now!
2024-10-08 21:47:56,352 - INFO - Epoch [35/60] train_loss: 7.9572, val_loss: 7.9259, lr: 0.001000, 43.36s
2024-10-08 21:47:56,374 - INFO - Saved model at 35
2024-10-08 21:47:56,374 - INFO - Val loss decrease from 7.9378 to 7.9259, saving to ./libcity/cache/GWNET(humidity)/model_cache/GWNET_humidity_epoch35.tar
2024-10-08 21:48:37,952 - INFO - epoch complete!
2024-10-08 21:48:37,952 - INFO - evaluating now!
2024-10-08 21:48:40,289 - INFO - Epoch [36/60] train_loss: 7.9503, val_loss: 7.9504, lr: 0.001000, 43.91s
2024-10-08 21:49:21,851 - INFO - epoch complete!
2024-10-08 21:49:21,851 - INFO - evaluating now!
2024-10-08 21:49:24,189 - INFO - Epoch [37/60] train_loss: 7.9506, val_loss: 7.9395, lr: 0.001000, 43.90s
2024-10-08 21:50:05,216 - INFO - epoch complete!
2024-10-08 21:50:05,217 - INFO - evaluating now!
2024-10-08 21:50:07,550 - INFO - Epoch [38/60] train_loss: 7.9449, val_loss: 7.9348, lr: 0.001000, 43.36s
2024-10-08 21:50:49,107 - INFO - epoch complete!
2024-10-08 21:50:49,107 - INFO - evaluating now!
2024-10-08 21:50:51,449 - INFO - Epoch [39/60] train_loss: 7.9448, val_loss: 7.9438, lr: 0.001000, 43.90s
2024-10-08 21:51:32,095 - INFO - epoch complete!
2024-10-08 21:51:32,095 - INFO - evaluating now!
2024-10-08 21:51:34,272 - INFO - Epoch [40/60] train_loss: 7.9375, val_loss: 7.9556, lr: 0.001000, 42.82s
2024-10-08 21:52:12,311 - INFO - epoch complete!
2024-10-08 21:52:12,311 - INFO - evaluating now!
2024-10-08 21:52:14,496 - INFO - Epoch [41/60] train_loss: 7.9337, val_loss: 7.9436, lr: 0.001000, 40.22s
2024-10-08 21:52:54,640 - INFO - epoch complete!
2024-10-08 21:52:54,640 - INFO - evaluating now!
2024-10-08 21:52:56,987 - INFO - Epoch [42/60] train_loss: 7.9327, val_loss: 7.9460, lr: 0.001000, 42.49s
2024-10-08 21:53:38,569 - INFO - epoch complete!
2024-10-08 21:53:38,569 - INFO - evaluating now!
2024-10-08 21:53:40,910 - INFO - Epoch [43/60] train_loss: 7.9283, val_loss: 7.9294, lr: 0.001000, 43.92s
2024-10-08 21:54:21,910 - INFO - epoch complete!
2024-10-08 21:54:21,910 - INFO - evaluating now!
2024-10-08 21:54:24,241 - INFO - Epoch [44/60] train_loss: 7.9283, val_loss: 7.9347, lr: 0.001000, 43.33s
2024-10-08 21:55:05,779 - INFO - epoch complete!
2024-10-08 21:55:05,779 - INFO - evaluating now!
2024-10-08 21:55:08,112 - INFO - Epoch [45/60] train_loss: 7.9212, val_loss: 7.9850, lr: 0.001000, 43.87s
2024-10-08 21:55:49,665 - INFO - epoch complete!
2024-10-08 21:55:49,665 - INFO - evaluating now!
2024-10-08 21:55:52,004 - INFO - Epoch [46/60] train_loss: 7.9216, val_loss: 7.9309, lr: 0.001000, 43.89s
2024-10-08 21:56:33,008 - INFO - epoch complete!
2024-10-08 21:56:33,008 - INFO - evaluating now!
2024-10-08 21:56:35,351 - INFO - Epoch [47/60] train_loss: 7.9164, val_loss: 7.9243, lr: 0.001000, 43.35s
2024-10-08 21:56:35,374 - INFO - Saved model at 47
2024-10-08 21:56:35,374 - INFO - Val loss decrease from 7.9259 to 7.9243, saving to ./libcity/cache/GWNET(humidity)/model_cache/GWNET_humidity_epoch47.tar
2024-10-08 21:57:16,906 - INFO - epoch complete!
2024-10-08 21:57:16,906 - INFO - evaluating now!
2024-10-08 21:57:19,233 - INFO - Epoch [48/60] train_loss: 7.9143, val_loss: 7.9305, lr: 0.001000, 43.86s
2024-10-08 21:57:58,422 - INFO - epoch complete!
2024-10-08 21:57:58,423 - INFO - evaluating now!
2024-10-08 21:58:00,597 - INFO - Epoch [49/60] train_loss: 7.9167, val_loss: 7.9628, lr: 0.001000, 41.36s
2024-10-08 21:58:38,670 - INFO - epoch complete!
2024-10-08 21:58:38,670 - INFO - evaluating now!
2024-10-08 21:58:40,928 - INFO - Epoch [50/60] train_loss: 7.9100, val_loss: 7.9430, lr: 0.001000, 40.33s
2024-10-08 21:59:22,504 - INFO - epoch complete!
2024-10-08 21:59:22,504 - INFO - evaluating now!
2024-10-08 21:59:24,838 - INFO - Epoch [51/60] train_loss: 7.9088, val_loss: 7.9295, lr: 0.001000, 43.91s
2024-10-08 22:00:06,393 - INFO - epoch complete!
2024-10-08 22:00:06,394 - INFO - evaluating now!
2024-10-08 22:00:08,736 - INFO - Epoch [52/60] train_loss: 7.9056, val_loss: 7.9310, lr: 0.001000, 43.90s
2024-10-08 22:00:49,740 - INFO - epoch complete!
2024-10-08 22:00:49,741 - INFO - evaluating now!
2024-10-08 22:00:52,083 - INFO - Epoch [53/60] train_loss: 7.9070, val_loss: 7.9332, lr: 0.001000, 43.35s
2024-10-08 22:01:33,620 - INFO - epoch complete!
2024-10-08 22:01:33,620 - INFO - evaluating now!
2024-10-08 22:01:35,965 - INFO - Epoch [54/60] train_loss: 7.9006, val_loss: 7.9513, lr: 0.001000, 43.88s
2024-10-08 22:02:17,547 - INFO - epoch complete!
2024-10-08 22:02:17,547 - INFO - evaluating now!
2024-10-08 22:02:19,874 - INFO - Epoch [55/60] train_loss: 7.9001, val_loss: 7.9270, lr: 0.001000, 43.91s
2024-10-08 22:03:00,904 - INFO - epoch complete!
2024-10-08 22:03:00,904 - INFO - evaluating now!
2024-10-08 22:03:03,254 - INFO - Epoch [56/60] train_loss: 7.8961, val_loss: 7.9028, lr: 0.001000, 43.38s
2024-10-08 22:03:03,277 - INFO - Saved model at 56
2024-10-08 22:03:03,278 - INFO - Val loss decrease from 7.9243 to 7.9028, saving to ./libcity/cache/GWNET(humidity)/model_cache/GWNET_humidity_epoch56.tar
2024-10-08 22:03:44,053 - INFO - epoch complete!
2024-10-08 22:03:44,053 - INFO - evaluating now!
2024-10-08 22:03:46,229 - INFO - Epoch [57/60] train_loss: 7.8946, val_loss: 7.9188, lr: 0.001000, 42.95s
2024-10-08 22:04:24,870 - INFO - epoch complete!
2024-10-08 22:04:24,870 - INFO - evaluating now!
2024-10-08 22:04:27,015 - INFO - Epoch [58/60] train_loss: 7.8902, val_loss: 7.8979, lr: 0.001000, 40.78s
2024-10-08 22:04:27,038 - INFO - Saved model at 58
2024-10-08 22:04:27,039 - INFO - Val loss decrease from 7.9028 to 7.8979, saving to ./libcity/cache/GWNET(humidity)/model_cache/GWNET_humidity_epoch58.tar
2024-10-08 22:05:06,567 - INFO - epoch complete!
2024-10-08 22:05:06,567 - INFO - evaluating now!
2024-10-08 22:05:08,895 - INFO - Epoch [59/60] train_loss: 7.8907, val_loss: 7.9108, lr: 0.001000, 41.86s
2024-10-08 22:05:08,896 - INFO - Trained totally 60 epochs, average train time is 45.673s, average eval time is 2.571s
2024-10-08 22:05:09,312 - INFO - Loaded model at 58
2024-10-08 22:05:09,312 - INFO - Saved model at ./libcity/cache/GWNET(humidity)/model_cache/GWNET_humidity.m
2024-10-08 22:05:09,334 - INFO - Start evaluating ...
2024-10-08 22:05:25,159 - INFO - Note that you select the single mode to evaluate!
2024-10-08 22:05:25,161 - INFO - Evaluate result is saved at ./libcity/cache/GWNET(humidity)/evaluate_cache/2024_10_08_22_05_25_GWNET_humidity.csv
2024-10-08 22:05:25,165 - INFO - 
         MAE      MAPE       RMSE
1   7.136284  0.107937  10.009076
2   7.464489  0.114060  10.395984
3   7.628817  0.117253  10.588299
4   7.726485  0.119212  10.703110
5   7.791951  0.120512  10.779860
6   7.839680  0.121493  10.837078
7   7.876658  0.122238  10.880040
8   7.906675  0.122856  10.914096
9   7.931367  0.123347  10.943259
10  7.952074  0.123732  10.968327
11  7.969409  0.124074  10.988245
12  7.984697  0.124370  11.005396
