2024-10-08 20:26:35,839 - INFO - Log directory: ./libcity/log
2024-10-08 20:26:35,840 - INFO - Begin pipeline, task=MTS_pred, model_name=GWNET, dataset_name=humidity, exp_id=GWNET(humidity)
2024-10-08 20:26:35,840 - INFO - {'task': 'MTS_pred', 'model': 'GWNET', 'dataset': 'humidity', 'saved_model': True, 'exp_id': 'GWNET(humidity)', 'seed': 0, 'batch_size': 64, 'max_epoch': 60, 'dataset_class': 'StatePointDataset', 'executor': 'StateExecutor', 'evaluator': 'StateEvaluator', 'dropout': 0.3, 'blocks': 4, 'layers': 2, 'apt_layer': True, 'gcn_bool': True, 'addaptadj': True, 'adjtype': 'doubletransition', 'bidir_adj_mx': False, 'randomadj': True, 'aptonly': True, 'kernel_size': 2, 'nhid': 32, 'residual_channels': 32, 'dilation_channels': 32, 'skip_channels': 256, 'end_channels': 512, 'scaler': 'standard', 'load_external': False, 'normal_external': False, 'ext_scaler': 'none', 'add_time_in_day': False, 'add_day_in_week': False, 'learner': 'adam', 'learning_rate': 0.001, 'lr_decay': False, 'clip_grad_norm': True, 'max_grad_norm': 5, 'use_early_stop': False, 'cache_dataset': True, 'num_workers': 0, 'pad_with_last_sample': True, 'train_rate': 0.7, 'eval_rate': 0.1, 'input_window': 12, 'output_window': 12, 'robustness_test': False, 'noise_type': 'gaussian', 'disturb_rate': 0.5, 'noise_mean': [5], 'noise_SD': [10], 'gpu': True, 'gpu_id': 0, 'train_loss': 'none', 'epoch': 0, 'weight_decay': 0, 'lr_epsilon': 1e-08, 'lr_beta1': 0.9, 'lr_beta2': 0.999, 'lr_alpha': 0.99, 'lr_momentum': 0, 'lr_scheduler': 'multisteplr', 'lr_decay_ratio': 0.1, 'steps': [5, 20, 40, 70], 'step_size': 10, 'lr_T_max': 30, 'lr_eta_min': 0, 'lr_patience': 10, 'lr_threshold': 0.0001, 'patience': 50, 'log_level': 'INFO', 'log_every': 1, 'load_best_epoch': True, 'hyper_tune': False, 'metrics': ['MAE', 'MAPE', 'RMSE'], 'evaluator_mode': 'single', 'save_mode': ['csv'], 'geo': {'including_types': ['Point'], 'Point': {}}, 'rel': {'including_types': ['geo'], 'geo': {'cost': 'num'}}, 'dyna': {'including_types': ['state'], 'state': {'entity_id': 'geo_id', 'traffic_speed': 'num'}}, 'data_col': ['traffic_speed'], 'weight_col': 'cost', 'data_files': ['humidity'], 'geo_file': 'humidity', 'rel_file': 'humidity', 'output_dim': 1, 'time_intervals': 300, 'init_weight_inf_or_zero': 'inf', 'set_weight_link_or_dist': 'dist', 'calculate_weight_adj': True, 'weight_adj_epsilon': 0.1, 'device': device(type='cuda', index=0)}
2024-10-08 20:26:38,008 - INFO - Loaded file humidity_feature.csv, shape=(3322, 2048, 1)
2024-10-08 20:26:39,105 - INFO - Dataset created
2024-10-08 20:26:39,105 - INFO - x shape: (3299, 12, 2048, 1), y shape: (3299, 12, 2048, 1)
2024-10-08 20:26:39,110 - INFO - train	x: (2309, 12, 2048, 1), y: (2309, 12, 2048, 1)
2024-10-08 20:26:39,110 - INFO - eval	x: (330, 12, 2048, 1), y: (330, 12, 2048, 1)
2024-10-08 20:26:39,110 - INFO - test	x: (660, 12, 2048, 1), y: (660, 12, 2048, 1)
2024-10-08 20:28:32,614 - INFO - Saved at ./libcity/cache/dataset_cache/point_based_humidity_12_12_0.7_0.1_standard_64_False_False_False_True.npz
2024-10-08 20:28:32,797 - INFO - StandardScaler mean: 78.66855544535464, std: 17.406175498267864
2024-10-08 20:28:32,797 - INFO - NoneScaler
2024-10-08 20:28:33,978 - INFO - receptive_field: 13
2024-10-08 20:28:34,796 - INFO - GWNET(
  (filter_convs): ModuleList(
    (0): Conv2d(32, 32, kernel_size=(1, 2), stride=(1, 1))
    (1): Conv2d(32, 32, kernel_size=(1, 2), stride=(1, 1), dilation=(2, 2))
    (2): Conv2d(32, 32, kernel_size=(1, 2), stride=(1, 1))
    (3): Conv2d(32, 32, kernel_size=(1, 2), stride=(1, 1), dilation=(2, 2))
    (4): Conv2d(32, 32, kernel_size=(1, 2), stride=(1, 1))
    (5): Conv2d(32, 32, kernel_size=(1, 2), stride=(1, 1), dilation=(2, 2))
    (6): Conv2d(32, 32, kernel_size=(1, 2), stride=(1, 1))
    (7): Conv2d(32, 32, kernel_size=(1, 2), stride=(1, 1), dilation=(2, 2))
  )
  (gate_convs): ModuleList(
    (0): Conv2d(32, 32, kernel_size=(1, 2), stride=(1, 1))
    (1): Conv2d(32, 32, kernel_size=(1, 2), stride=(1, 1), dilation=(2, 2))
    (2): Conv2d(32, 32, kernel_size=(1, 2), stride=(1, 1))
    (3): Conv2d(32, 32, kernel_size=(1, 2), stride=(1, 1), dilation=(2, 2))
    (4): Conv2d(32, 32, kernel_size=(1, 2), stride=(1, 1))
    (5): Conv2d(32, 32, kernel_size=(1, 2), stride=(1, 1), dilation=(2, 2))
    (6): Conv2d(32, 32, kernel_size=(1, 2), stride=(1, 1))
    (7): Conv2d(32, 32, kernel_size=(1, 2), stride=(1, 1), dilation=(2, 2))
  )
  (residual_convs): ModuleList(
    (0-7): 8 x Conv2d(32, 32, kernel_size=(1, 1), stride=(1, 1))
  )
  (skip_convs): ModuleList(
    (0-7): 8 x Conv2d(32, 256, kernel_size=(1, 1), stride=(1, 1))
  )
  (bn): ModuleList(
    (0-7): 8 x BatchNorm2d(32, eps=1e-05, momentum=0.1, affine=True, track_running_stats=True)
  )
  (gconv): ModuleList(
    (0-7): 8 x GCN(
      (nconv): NConv()
      (mlp): Linear(
        (mlp): Conv2d(96, 32, kernel_size=(1, 1), stride=(1, 1))
      )
    )
  )
  (start_conv): Conv2d(1, 32, kernel_size=(1, 1), stride=(1, 1))
  (end_conv_1): Conv2d(256, 512, kernel_size=(1, 1), stride=(1, 1))
  (end_conv_2): Conv2d(512, 12, kernel_size=(1, 1), stride=(1, 1))
)
2024-10-08 20:28:34,797 - INFO - nodevec1	torch.Size([2048, 10])	cuda:0	True
2024-10-08 20:28:34,797 - INFO - nodevec2	torch.Size([10, 2048])	cuda:0	True
2024-10-08 20:28:34,797 - INFO - filter_convs.0.weight	torch.Size([32, 32, 1, 2])	cuda:0	True
2024-10-08 20:28:34,797 - INFO - filter_convs.0.bias	torch.Size([32])	cuda:0	True
2024-10-08 20:28:34,797 - INFO - filter_convs.1.weight	torch.Size([32, 32, 1, 2])	cuda:0	True
2024-10-08 20:28:34,797 - INFO - filter_convs.1.bias	torch.Size([32])	cuda:0	True
2024-10-08 20:28:34,798 - INFO - filter_convs.2.weight	torch.Size([32, 32, 1, 2])	cuda:0	True
2024-10-08 20:28:34,798 - INFO - filter_convs.2.bias	torch.Size([32])	cuda:0	True
2024-10-08 20:28:34,798 - INFO - filter_convs.3.weight	torch.Size([32, 32, 1, 2])	cuda:0	True
2024-10-08 20:28:34,798 - INFO - filter_convs.3.bias	torch.Size([32])	cuda:0	True
2024-10-08 20:28:34,798 - INFO - filter_convs.4.weight	torch.Size([32, 32, 1, 2])	cuda:0	True
2024-10-08 20:28:34,798 - INFO - filter_convs.4.bias	torch.Size([32])	cuda:0	True
2024-10-08 20:28:34,798 - INFO - filter_convs.5.weight	torch.Size([32, 32, 1, 2])	cuda:0	True
2024-10-08 20:28:34,798 - INFO - filter_convs.5.bias	torch.Size([32])	cuda:0	True
2024-10-08 20:28:34,798 - INFO - filter_convs.6.weight	torch.Size([32, 32, 1, 2])	cuda:0	True
2024-10-08 20:28:34,798 - INFO - filter_convs.6.bias	torch.Size([32])	cuda:0	True
2024-10-08 20:28:34,798 - INFO - filter_convs.7.weight	torch.Size([32, 32, 1, 2])	cuda:0	True
2024-10-08 20:28:34,799 - INFO - filter_convs.7.bias	torch.Size([32])	cuda:0	True
2024-10-08 20:28:34,799 - INFO - gate_convs.0.weight	torch.Size([32, 32, 1, 2])	cuda:0	True
2024-10-08 20:28:34,799 - INFO - gate_convs.0.bias	torch.Size([32])	cuda:0	True
2024-10-08 20:28:34,799 - INFO - gate_convs.1.weight	torch.Size([32, 32, 1, 2])	cuda:0	True
2024-10-08 20:28:34,799 - INFO - gate_convs.1.bias	torch.Size([32])	cuda:0	True
2024-10-08 20:28:34,799 - INFO - gate_convs.2.weight	torch.Size([32, 32, 1, 2])	cuda:0	True
2024-10-08 20:28:34,799 - INFO - gate_convs.2.bias	torch.Size([32])	cuda:0	True
2024-10-08 20:28:34,800 - INFO - gate_convs.3.weight	torch.Size([32, 32, 1, 2])	cuda:0	True
2024-10-08 20:28:34,800 - INFO - gate_convs.3.bias	torch.Size([32])	cuda:0	True
2024-10-08 20:28:34,800 - INFO - gate_convs.4.weight	torch.Size([32, 32, 1, 2])	cuda:0	True
2024-10-08 20:28:34,800 - INFO - gate_convs.4.bias	torch.Size([32])	cuda:0	True
2024-10-08 20:28:34,800 - INFO - gate_convs.5.weight	torch.Size([32, 32, 1, 2])	cuda:0	True
2024-10-08 20:28:34,801 - INFO - gate_convs.5.bias	torch.Size([32])	cuda:0	True
2024-10-08 20:28:34,801 - INFO - gate_convs.6.weight	torch.Size([32, 32, 1, 2])	cuda:0	True
2024-10-08 20:28:34,801 - INFO - gate_convs.6.bias	torch.Size([32])	cuda:0	True
2024-10-08 20:28:34,801 - INFO - gate_convs.7.weight	torch.Size([32, 32, 1, 2])	cuda:0	True
2024-10-08 20:28:34,801 - INFO - gate_convs.7.bias	torch.Size([32])	cuda:0	True
2024-10-08 20:28:34,802 - INFO - residual_convs.0.weight	torch.Size([32, 32, 1, 1])	cuda:0	True
2024-10-08 20:28:34,802 - INFO - residual_convs.0.bias	torch.Size([32])	cuda:0	True
2024-10-08 20:28:34,802 - INFO - residual_convs.1.weight	torch.Size([32, 32, 1, 1])	cuda:0	True
2024-10-08 20:28:34,802 - INFO - residual_convs.1.bias	torch.Size([32])	cuda:0	True
2024-10-08 20:28:34,802 - INFO - residual_convs.2.weight	torch.Size([32, 32, 1, 1])	cuda:0	True
2024-10-08 20:28:34,803 - INFO - residual_convs.2.bias	torch.Size([32])	cuda:0	True
2024-10-08 20:28:34,803 - INFO - residual_convs.3.weight	torch.Size([32, 32, 1, 1])	cuda:0	True
2024-10-08 20:28:34,803 - INFO - residual_convs.3.bias	torch.Size([32])	cuda:0	True
2024-10-08 20:28:34,803 - INFO - residual_convs.4.weight	torch.Size([32, 32, 1, 1])	cuda:0	True
2024-10-08 20:28:34,803 - INFO - residual_convs.4.bias	torch.Size([32])	cuda:0	True
2024-10-08 20:28:34,804 - INFO - residual_convs.5.weight	torch.Size([32, 32, 1, 1])	cuda:0	True
2024-10-08 20:28:34,804 - INFO - residual_convs.5.bias	torch.Size([32])	cuda:0	True
2024-10-08 20:28:34,804 - INFO - residual_convs.6.weight	torch.Size([32, 32, 1, 1])	cuda:0	True
2024-10-08 20:28:34,804 - INFO - residual_convs.6.bias	torch.Size([32])	cuda:0	True
2024-10-08 20:28:34,805 - INFO - residual_convs.7.weight	torch.Size([32, 32, 1, 1])	cuda:0	True
2024-10-08 20:28:34,805 - INFO - residual_convs.7.bias	torch.Size([32])	cuda:0	True
2024-10-08 20:28:34,805 - INFO - skip_convs.0.weight	torch.Size([256, 32, 1, 1])	cuda:0	True
2024-10-08 20:28:34,805 - INFO - skip_convs.0.bias	torch.Size([256])	cuda:0	True
2024-10-08 20:28:34,805 - INFO - skip_convs.1.weight	torch.Size([256, 32, 1, 1])	cuda:0	True
2024-10-08 20:28:34,806 - INFO - skip_convs.1.bias	torch.Size([256])	cuda:0	True
2024-10-08 20:28:34,806 - INFO - skip_convs.2.weight	torch.Size([256, 32, 1, 1])	cuda:0	True
2024-10-08 20:28:34,806 - INFO - skip_convs.2.bias	torch.Size([256])	cuda:0	True
2024-10-08 20:28:34,806 - INFO - skip_convs.3.weight	torch.Size([256, 32, 1, 1])	cuda:0	True
2024-10-08 20:28:34,806 - INFO - skip_convs.3.bias	torch.Size([256])	cuda:0	True
2024-10-08 20:28:34,806 - INFO - skip_convs.4.weight	torch.Size([256, 32, 1, 1])	cuda:0	True
2024-10-08 20:28:34,806 - INFO - skip_convs.4.bias	torch.Size([256])	cuda:0	True
2024-10-08 20:28:34,807 - INFO - skip_convs.5.weight	torch.Size([256, 32, 1, 1])	cuda:0	True
2024-10-08 20:28:34,807 - INFO - skip_convs.5.bias	torch.Size([256])	cuda:0	True
2024-10-08 20:28:34,807 - INFO - skip_convs.6.weight	torch.Size([256, 32, 1, 1])	cuda:0	True
2024-10-08 20:28:34,807 - INFO - skip_convs.6.bias	torch.Size([256])	cuda:0	True
2024-10-08 20:28:34,807 - INFO - skip_convs.7.weight	torch.Size([256, 32, 1, 1])	cuda:0	True
2024-10-08 20:28:34,807 - INFO - skip_convs.7.bias	torch.Size([256])	cuda:0	True
2024-10-08 20:28:34,808 - INFO - bn.0.weight	torch.Size([32])	cuda:0	True
2024-10-08 20:28:34,808 - INFO - bn.0.bias	torch.Size([32])	cuda:0	True
2024-10-08 20:28:34,808 - INFO - bn.1.weight	torch.Size([32])	cuda:0	True
2024-10-08 20:28:34,808 - INFO - bn.1.bias	torch.Size([32])	cuda:0	True
2024-10-08 20:28:34,808 - INFO - bn.2.weight	torch.Size([32])	cuda:0	True
2024-10-08 20:28:34,808 - INFO - bn.2.bias	torch.Size([32])	cuda:0	True
2024-10-08 20:28:34,809 - INFO - bn.3.weight	torch.Size([32])	cuda:0	True
2024-10-08 20:28:34,809 - INFO - bn.3.bias	torch.Size([32])	cuda:0	True
2024-10-08 20:28:34,809 - INFO - bn.4.weight	torch.Size([32])	cuda:0	True
2024-10-08 20:28:34,809 - INFO - bn.4.bias	torch.Size([32])	cuda:0	True
2024-10-08 20:28:34,809 - INFO - bn.5.weight	torch.Size([32])	cuda:0	True
2024-10-08 20:28:34,809 - INFO - bn.5.bias	torch.Size([32])	cuda:0	True
2024-10-08 20:28:34,810 - INFO - bn.6.weight	torch.Size([32])	cuda:0	True
2024-10-08 20:28:34,810 - INFO - bn.6.bias	torch.Size([32])	cuda:0	True
2024-10-08 20:28:34,810 - INFO - bn.7.weight	torch.Size([32])	cuda:0	True
2024-10-08 20:28:34,810 - INFO - bn.7.bias	torch.Size([32])	cuda:0	True
2024-10-08 20:28:34,810 - INFO - gconv.0.mlp.mlp.weight	torch.Size([32, 96, 1, 1])	cuda:0	True
2024-10-08 20:28:34,810 - INFO - gconv.0.mlp.mlp.bias	torch.Size([32])	cuda:0	True
2024-10-08 20:28:34,811 - INFO - gconv.1.mlp.mlp.weight	torch.Size([32, 96, 1, 1])	cuda:0	True
2024-10-08 20:28:34,811 - INFO - gconv.1.mlp.mlp.bias	torch.Size([32])	cuda:0	True
2024-10-08 20:28:34,811 - INFO - gconv.2.mlp.mlp.weight	torch.Size([32, 96, 1, 1])	cuda:0	True
2024-10-08 20:28:34,811 - INFO - gconv.2.mlp.mlp.bias	torch.Size([32])	cuda:0	True
2024-10-08 20:28:34,811 - INFO - gconv.3.mlp.mlp.weight	torch.Size([32, 96, 1, 1])	cuda:0	True
2024-10-08 20:28:34,812 - INFO - gconv.3.mlp.mlp.bias	torch.Size([32])	cuda:0	True
2024-10-08 20:28:34,812 - INFO - gconv.4.mlp.mlp.weight	torch.Size([32, 96, 1, 1])	cuda:0	True
2024-10-08 20:28:34,812 - INFO - gconv.4.mlp.mlp.bias	torch.Size([32])	cuda:0	True
2024-10-08 20:28:34,812 - INFO - gconv.5.mlp.mlp.weight	torch.Size([32, 96, 1, 1])	cuda:0	True
2024-10-08 20:28:34,812 - INFO - gconv.5.mlp.mlp.bias	torch.Size([32])	cuda:0	True
2024-10-08 20:28:34,812 - INFO - gconv.6.mlp.mlp.weight	torch.Size([32, 96, 1, 1])	cuda:0	True
2024-10-08 20:28:34,812 - INFO - gconv.6.mlp.mlp.bias	torch.Size([32])	cuda:0	True
2024-10-08 20:28:34,813 - INFO - gconv.7.mlp.mlp.weight	torch.Size([32, 96, 1, 1])	cuda:0	True
2024-10-08 20:28:34,813 - INFO - gconv.7.mlp.mlp.bias	torch.Size([32])	cuda:0	True
2024-10-08 20:28:34,813 - INFO - start_conv.weight	torch.Size([32, 1, 1, 1])	cuda:0	True
2024-10-08 20:28:34,813 - INFO - start_conv.bias	torch.Size([32])	cuda:0	True
2024-10-08 20:28:34,813 - INFO - end_conv_1.weight	torch.Size([512, 256, 1, 1])	cuda:0	True
2024-10-08 20:28:34,813 - INFO - end_conv_1.bias	torch.Size([512])	cuda:0	True
2024-10-08 20:28:34,813 - INFO - end_conv_2.weight	torch.Size([12, 512, 1, 1])	cuda:0	True
2024-10-08 20:28:34,813 - INFO - end_conv_2.bias	torch.Size([12])	cuda:0	True
2024-10-08 20:28:34,814 - INFO - Total parameter numbers: 313420
2024-10-08 20:28:34,814 - INFO - You select `adam` optimizer.
2024-10-08 20:28:35,279 - WARNING - Received none train loss func and will use the loss func defined in the model.
2024-10-08 20:28:35,279 - INFO - Start training ...
2024-10-08 20:28:35,279 - INFO - num_batches:37
