2024-10-09 07:18:15,056 - INFO - Log directory: ./libcity/log
2024-10-09 07:18:15,056 - INFO - Begin pipeline, task=MTS_pred, model_name=GWNET, dataset_name=PEMS_BAY, exp_id=GWNET(PEMS_BAY)
2024-10-09 07:18:15,056 - INFO - {'task': 'MTS_pred', 'model': 'GWNET', 'dataset': 'PEMS_BAY', 'saved_model': True, 'exp_id': 'GWNET(PEMS_BAY)', 'seed': 0, 'batch_size': 64, 'max_epoch': 60, 'dataset_class': 'StatePointDataset', 'executor': 'StateExecutor', 'evaluator': 'StateEvaluator', 'dropout': 0.3, 'blocks': 4, 'layers': 2, 'apt_layer': True, 'gcn_bool': True, 'addaptadj': True, 'adjtype': 'doubletransition', 'bidir_adj_mx': False, 'randomadj': True, 'aptonly': True, 'kernel_size': 2, 'nhid': 32, 'residual_channels': 32, 'dilation_channels': 32, 'skip_channels': 256, 'end_channels': 512, 'scaler': 'standard', 'load_external': False, 'normal_external': False, 'ext_scaler': 'none', 'add_time_in_day': False, 'add_day_in_week': False, 'learner': 'adam', 'learning_rate': 0.001, 'lr_decay': False, 'clip_grad_norm': True, 'max_grad_norm': 5, 'use_early_stop': False, 'cache_dataset': True, 'num_workers': 0, 'pad_with_last_sample': True, 'train_rate': 0.7, 'eval_rate': 0.1, 'input_window': 12, 'output_window': 12, 'robustness_test': False, 'noise_type': 'gaussian', 'disturb_rate': 0.5, 'noise_mean': [5], 'noise_SD': [10], 'gpu': True, 'gpu_id': 0, 'train_loss': 'none', 'epoch': 0, 'weight_decay': 0, 'lr_epsilon': 1e-08, 'lr_beta1': 0.9, 'lr_beta2': 0.999, 'lr_alpha': 0.99, 'lr_momentum': 0, 'lr_scheduler': 'multisteplr', 'lr_decay_ratio': 0.1, 'steps': [5, 20, 40, 70], 'step_size': 10, 'lr_T_max': 30, 'lr_eta_min': 0, 'lr_patience': 10, 'lr_threshold': 0.0001, 'patience': 50, 'log_level': 'INFO', 'log_every': 1, 'load_best_epoch': True, 'hyper_tune': False, 'metrics': ['MAE', 'MAPE', 'RMSE'], 'evaluator_mode': 'single', 'save_mode': ['csv'], 'geo': {'including_types': ['Point'], 'Point': {}}, 'rel': {'including_types': ['geo'], 'geo': {'cost': 'num'}}, 'dyna': {'including_types': ['state'], 'state': {'entity_id': 'geo_id', 'traffic_speed': 'num'}}, 'data_col': ['traffic_speed'], 'weight_col': 'cost', 'data_files': ['PEMS_BAY'], 'geo_file': 'PEMS_BAY', 'rel_file': 'PEMS_BAY', 'output_dim': 1, 'time_intervals': 300, 'init_weight_inf_or_zero': 'inf', 'set_weight_link_or_dist': 'dist', 'calculate_weight_adj': True, 'weight_adj_epsilon': 0.1, 'device': device(type='cuda', index=0)}
2024-10-09 07:18:15,701 - INFO - Loaded file PEMS_BAY_feature.csv, shape=(52116, 325, 1)
2024-10-09 07:18:17,855 - INFO - Dataset created
2024-10-09 07:18:17,855 - INFO - x shape: (52093, 12, 325, 1), y shape: (52093, 12, 325, 1)
2024-10-09 07:18:17,863 - INFO - train	x: (36465, 12, 325, 1), y: (36465, 12, 325, 1)
2024-10-09 07:18:17,863 - INFO - eval	x: (5209, 12, 325, 1), y: (5209, 12, 325, 1)
2024-10-09 07:18:17,863 - INFO - test	x: (10419, 12, 325, 1), y: (10419, 12, 325, 1)
2024-10-09 07:19:08,128 - INFO - Saved at ./libcity/cache/dataset_cache/point_based_PEMS_BAY_12_12_0.7_0.1_standard_64_False_False_False_True.npz
2024-10-09 07:19:08,516 - INFO - StandardScaler mean: 62.73567651594296, std: 9.438173664359947
2024-10-09 07:19:08,516 - INFO - NoneScaler
2024-10-09 07:19:10,809 - INFO - receptive_field: 13
2024-10-09 07:19:10,842 - INFO - GWNET(
  (filter_convs): ModuleList(
    (0): Conv2d(32, 32, kernel_size=(1, 2), stride=(1, 1))
    (1): Conv2d(32, 32, kernel_size=(1, 2), stride=(1, 1), dilation=(2, 2))
    (2): Conv2d(32, 32, kernel_size=(1, 2), stride=(1, 1))
    (3): Conv2d(32, 32, kernel_size=(1, 2), stride=(1, 1), dilation=(2, 2))
    (4): Conv2d(32, 32, kernel_size=(1, 2), stride=(1, 1))
    (5): Conv2d(32, 32, kernel_size=(1, 2), stride=(1, 1), dilation=(2, 2))
    (6): Conv2d(32, 32, kernel_size=(1, 2), stride=(1, 1))
    (7): Conv2d(32, 32, kernel_size=(1, 2), stride=(1, 1), dilation=(2, 2))
  )
  (gate_convs): ModuleList(
    (0): Conv2d(32, 32, kernel_size=(1, 2), stride=(1, 1))
    (1): Conv2d(32, 32, kernel_size=(1, 2), stride=(1, 1), dilation=(2, 2))
    (2): Conv2d(32, 32, kernel_size=(1, 2), stride=(1, 1))
    (3): Conv2d(32, 32, kernel_size=(1, 2), stride=(1, 1), dilation=(2, 2))
    (4): Conv2d(32, 32, kernel_size=(1, 2), stride=(1, 1))
    (5): Conv2d(32, 32, kernel_size=(1, 2), stride=(1, 1), dilation=(2, 2))
    (6): Conv2d(32, 32, kernel_size=(1, 2), stride=(1, 1))
    (7): Conv2d(32, 32, kernel_size=(1, 2), stride=(1, 1), dilation=(2, 2))
  )
  (residual_convs): ModuleList(
    (0-7): 8 x Conv2d(32, 32, kernel_size=(1, 1), stride=(1, 1))
  )
  (skip_convs): ModuleList(
    (0-7): 8 x Conv2d(32, 256, kernel_size=(1, 1), stride=(1, 1))
  )
  (bn): ModuleList(
    (0-7): 8 x BatchNorm2d(32, eps=1e-05, momentum=0.1, affine=True, track_running_stats=True)
  )
  (gconv): ModuleList(
    (0-7): 8 x GCN(
      (nconv): NConv()
      (mlp): Linear(
        (mlp): Conv2d(96, 32, kernel_size=(1, 1), stride=(1, 1))
      )
    )
  )
  (start_conv): Conv2d(1, 32, kernel_size=(1, 1), stride=(1, 1))
  (end_conv_1): Conv2d(256, 512, kernel_size=(1, 1), stride=(1, 1))
  (end_conv_2): Conv2d(512, 12, kernel_size=(1, 1), stride=(1, 1))
)
2024-10-09 07:19:10,843 - INFO - nodevec1	torch.Size([325, 10])	cuda:0	True
2024-10-09 07:19:10,843 - INFO - nodevec2	torch.Size([10, 325])	cuda:0	True
2024-10-09 07:19:10,843 - INFO - filter_convs.0.weight	torch.Size([32, 32, 1, 2])	cuda:0	True
2024-10-09 07:19:10,843 - INFO - filter_convs.0.bias	torch.Size([32])	cuda:0	True
2024-10-09 07:19:10,843 - INFO - filter_convs.1.weight	torch.Size([32, 32, 1, 2])	cuda:0	True
2024-10-09 07:19:10,843 - INFO - filter_convs.1.bias	torch.Size([32])	cuda:0	True
2024-10-09 07:19:10,843 - INFO - filter_convs.2.weight	torch.Size([32, 32, 1, 2])	cuda:0	True
2024-10-09 07:19:10,843 - INFO - filter_convs.2.bias	torch.Size([32])	cuda:0	True
2024-10-09 07:19:10,843 - INFO - filter_convs.3.weight	torch.Size([32, 32, 1, 2])	cuda:0	True
2024-10-09 07:19:10,843 - INFO - filter_convs.3.bias	torch.Size([32])	cuda:0	True
2024-10-09 07:19:10,843 - INFO - filter_convs.4.weight	torch.Size([32, 32, 1, 2])	cuda:0	True
2024-10-09 07:19:10,843 - INFO - filter_convs.4.bias	torch.Size([32])	cuda:0	True
2024-10-09 07:19:10,843 - INFO - filter_convs.5.weight	torch.Size([32, 32, 1, 2])	cuda:0	True
2024-10-09 07:19:10,843 - INFO - filter_convs.5.bias	torch.Size([32])	cuda:0	True
2024-10-09 07:19:10,843 - INFO - filter_convs.6.weight	torch.Size([32, 32, 1, 2])	cuda:0	True
2024-10-09 07:19:10,843 - INFO - filter_convs.6.bias	torch.Size([32])	cuda:0	True
2024-10-09 07:19:10,843 - INFO - filter_convs.7.weight	torch.Size([32, 32, 1, 2])	cuda:0	True
2024-10-09 07:19:10,843 - INFO - filter_convs.7.bias	torch.Size([32])	cuda:0	True
2024-10-09 07:19:10,843 - INFO - gate_convs.0.weight	torch.Size([32, 32, 1, 2])	cuda:0	True
2024-10-09 07:19:10,843 - INFO - gate_convs.0.bias	torch.Size([32])	cuda:0	True
2024-10-09 07:19:10,843 - INFO - gate_convs.1.weight	torch.Size([32, 32, 1, 2])	cuda:0	True
2024-10-09 07:19:10,843 - INFO - gate_convs.1.bias	torch.Size([32])	cuda:0	True
2024-10-09 07:19:10,843 - INFO - gate_convs.2.weight	torch.Size([32, 32, 1, 2])	cuda:0	True
2024-10-09 07:19:10,844 - INFO - gate_convs.2.bias	torch.Size([32])	cuda:0	True
2024-10-09 07:19:10,844 - INFO - gate_convs.3.weight	torch.Size([32, 32, 1, 2])	cuda:0	True
2024-10-09 07:19:10,844 - INFO - gate_convs.3.bias	torch.Size([32])	cuda:0	True
2024-10-09 07:19:10,844 - INFO - gate_convs.4.weight	torch.Size([32, 32, 1, 2])	cuda:0	True
2024-10-09 07:19:10,844 - INFO - gate_convs.4.bias	torch.Size([32])	cuda:0	True
2024-10-09 07:19:10,844 - INFO - gate_convs.5.weight	torch.Size([32, 32, 1, 2])	cuda:0	True
2024-10-09 07:19:10,844 - INFO - gate_convs.5.bias	torch.Size([32])	cuda:0	True
2024-10-09 07:19:10,844 - INFO - gate_convs.6.weight	torch.Size([32, 32, 1, 2])	cuda:0	True
2024-10-09 07:19:10,844 - INFO - gate_convs.6.bias	torch.Size([32])	cuda:0	True
2024-10-09 07:19:10,844 - INFO - gate_convs.7.weight	torch.Size([32, 32, 1, 2])	cuda:0	True
2024-10-09 07:19:10,844 - INFO - gate_convs.7.bias	torch.Size([32])	cuda:0	True
2024-10-09 07:19:10,844 - INFO - residual_convs.0.weight	torch.Size([32, 32, 1, 1])	cuda:0	True
2024-10-09 07:19:10,844 - INFO - residual_convs.0.bias	torch.Size([32])	cuda:0	True
2024-10-09 07:19:10,844 - INFO - residual_convs.1.weight	torch.Size([32, 32, 1, 1])	cuda:0	True
2024-10-09 07:19:10,844 - INFO - residual_convs.1.bias	torch.Size([32])	cuda:0	True
2024-10-09 07:19:10,844 - INFO - residual_convs.2.weight	torch.Size([32, 32, 1, 1])	cuda:0	True
2024-10-09 07:19:10,844 - INFO - residual_convs.2.bias	torch.Size([32])	cuda:0	True
2024-10-09 07:19:10,844 - INFO - residual_convs.3.weight	torch.Size([32, 32, 1, 1])	cuda:0	True
2024-10-09 07:19:10,844 - INFO - residual_convs.3.bias	torch.Size([32])	cuda:0	True
2024-10-09 07:19:10,844 - INFO - residual_convs.4.weight	torch.Size([32, 32, 1, 1])	cuda:0	True
2024-10-09 07:19:10,844 - INFO - residual_convs.4.bias	torch.Size([32])	cuda:0	True
2024-10-09 07:19:10,844 - INFO - residual_convs.5.weight	torch.Size([32, 32, 1, 1])	cuda:0	True
2024-10-09 07:19:10,844 - INFO - residual_convs.5.bias	torch.Size([32])	cuda:0	True
2024-10-09 07:19:10,844 - INFO - residual_convs.6.weight	torch.Size([32, 32, 1, 1])	cuda:0	True
2024-10-09 07:19:10,844 - INFO - residual_convs.6.bias	torch.Size([32])	cuda:0	True
2024-10-09 07:19:10,844 - INFO - residual_convs.7.weight	torch.Size([32, 32, 1, 1])	cuda:0	True
2024-10-09 07:19:10,844 - INFO - residual_convs.7.bias	torch.Size([32])	cuda:0	True
2024-10-09 07:19:10,844 - INFO - skip_convs.0.weight	torch.Size([256, 32, 1, 1])	cuda:0	True
2024-10-09 07:19:10,845 - INFO - skip_convs.0.bias	torch.Size([256])	cuda:0	True
2024-10-09 07:19:10,845 - INFO - skip_convs.1.weight	torch.Size([256, 32, 1, 1])	cuda:0	True
2024-10-09 07:19:10,845 - INFO - skip_convs.1.bias	torch.Size([256])	cuda:0	True
2024-10-09 07:19:10,845 - INFO - skip_convs.2.weight	torch.Size([256, 32, 1, 1])	cuda:0	True
2024-10-09 07:19:10,845 - INFO - skip_convs.2.bias	torch.Size([256])	cuda:0	True
2024-10-09 07:19:10,845 - INFO - skip_convs.3.weight	torch.Size([256, 32, 1, 1])	cuda:0	True
2024-10-09 07:19:10,845 - INFO - skip_convs.3.bias	torch.Size([256])	cuda:0	True
2024-10-09 07:19:10,845 - INFO - skip_convs.4.weight	torch.Size([256, 32, 1, 1])	cuda:0	True
2024-10-09 07:19:10,845 - INFO - skip_convs.4.bias	torch.Size([256])	cuda:0	True
2024-10-09 07:19:10,845 - INFO - skip_convs.5.weight	torch.Size([256, 32, 1, 1])	cuda:0	True
2024-10-09 07:19:10,845 - INFO - skip_convs.5.bias	torch.Size([256])	cuda:0	True
2024-10-09 07:19:10,845 - INFO - skip_convs.6.weight	torch.Size([256, 32, 1, 1])	cuda:0	True
2024-10-09 07:19:10,845 - INFO - skip_convs.6.bias	torch.Size([256])	cuda:0	True
2024-10-09 07:19:10,845 - INFO - skip_convs.7.weight	torch.Size([256, 32, 1, 1])	cuda:0	True
2024-10-09 07:19:10,845 - INFO - skip_convs.7.bias	torch.Size([256])	cuda:0	True
2024-10-09 07:19:10,845 - INFO - bn.0.weight	torch.Size([32])	cuda:0	True
2024-10-09 07:19:10,845 - INFO - bn.0.bias	torch.Size([32])	cuda:0	True
2024-10-09 07:19:10,845 - INFO - bn.1.weight	torch.Size([32])	cuda:0	True
2024-10-09 07:19:10,845 - INFO - bn.1.bias	torch.Size([32])	cuda:0	True
2024-10-09 07:19:10,845 - INFO - bn.2.weight	torch.Size([32])	cuda:0	True
2024-10-09 07:19:10,845 - INFO - bn.2.bias	torch.Size([32])	cuda:0	True
2024-10-09 07:19:10,845 - INFO - bn.3.weight	torch.Size([32])	cuda:0	True
2024-10-09 07:19:10,845 - INFO - bn.3.bias	torch.Size([32])	cuda:0	True
2024-10-09 07:19:10,845 - INFO - bn.4.weight	torch.Size([32])	cuda:0	True
2024-10-09 07:19:10,845 - INFO - bn.4.bias	torch.Size([32])	cuda:0	True
2024-10-09 07:19:10,845 - INFO - bn.5.weight	torch.Size([32])	cuda:0	True
2024-10-09 07:19:10,845 - INFO - bn.5.bias	torch.Size([32])	cuda:0	True
2024-10-09 07:19:10,845 - INFO - bn.6.weight	torch.Size([32])	cuda:0	True
2024-10-09 07:19:10,846 - INFO - bn.6.bias	torch.Size([32])	cuda:0	True
2024-10-09 07:19:10,846 - INFO - bn.7.weight	torch.Size([32])	cuda:0	True
2024-10-09 07:19:10,846 - INFO - bn.7.bias	torch.Size([32])	cuda:0	True
2024-10-09 07:19:10,846 - INFO - gconv.0.mlp.mlp.weight	torch.Size([32, 96, 1, 1])	cuda:0	True
2024-10-09 07:19:10,846 - INFO - gconv.0.mlp.mlp.bias	torch.Size([32])	cuda:0	True
2024-10-09 07:19:10,846 - INFO - gconv.1.mlp.mlp.weight	torch.Size([32, 96, 1, 1])	cuda:0	True
2024-10-09 07:19:10,846 - INFO - gconv.1.mlp.mlp.bias	torch.Size([32])	cuda:0	True
2024-10-09 07:19:10,846 - INFO - gconv.2.mlp.mlp.weight	torch.Size([32, 96, 1, 1])	cuda:0	True
2024-10-09 07:19:10,846 - INFO - gconv.2.mlp.mlp.bias	torch.Size([32])	cuda:0	True
2024-10-09 07:19:10,846 - INFO - gconv.3.mlp.mlp.weight	torch.Size([32, 96, 1, 1])	cuda:0	True
2024-10-09 07:19:10,846 - INFO - gconv.3.mlp.mlp.bias	torch.Size([32])	cuda:0	True
2024-10-09 07:19:10,846 - INFO - gconv.4.mlp.mlp.weight	torch.Size([32, 96, 1, 1])	cuda:0	True
2024-10-09 07:19:10,846 - INFO - gconv.4.mlp.mlp.bias	torch.Size([32])	cuda:0	True
2024-10-09 07:19:10,846 - INFO - gconv.5.mlp.mlp.weight	torch.Size([32, 96, 1, 1])	cuda:0	True
2024-10-09 07:19:10,846 - INFO - gconv.5.mlp.mlp.bias	torch.Size([32])	cuda:0	True
2024-10-09 07:19:10,846 - INFO - gconv.6.mlp.mlp.weight	torch.Size([32, 96, 1, 1])	cuda:0	True
2024-10-09 07:19:10,846 - INFO - gconv.6.mlp.mlp.bias	torch.Size([32])	cuda:0	True
2024-10-09 07:19:10,846 - INFO - gconv.7.mlp.mlp.weight	torch.Size([32, 96, 1, 1])	cuda:0	True
2024-10-09 07:19:10,846 - INFO - gconv.7.mlp.mlp.bias	torch.Size([32])	cuda:0	True
2024-10-09 07:19:10,846 - INFO - start_conv.weight	torch.Size([32, 1, 1, 1])	cuda:0	True
2024-10-09 07:19:10,846 - INFO - start_conv.bias	torch.Size([32])	cuda:0	True
2024-10-09 07:19:10,846 - INFO - end_conv_1.weight	torch.Size([512, 256, 1, 1])	cuda:0	True
2024-10-09 07:19:10,846 - INFO - end_conv_1.bias	torch.Size([512])	cuda:0	True
2024-10-09 07:19:10,846 - INFO - end_conv_2.weight	torch.Size([12, 512, 1, 1])	cuda:0	True
2024-10-09 07:19:10,846 - INFO - end_conv_2.bias	torch.Size([12])	cuda:0	True
2024-10-09 07:19:10,847 - INFO - Total parameter numbers: 278960
2024-10-09 07:19:10,847 - INFO - You select `adam` optimizer.
2024-10-09 07:19:11,263 - WARNING - Received none train loss func and will use the loss func defined in the model.
2024-10-09 07:19:11,263 - INFO - Start training ...
2024-10-09 07:19:11,264 - INFO - num_batches:570
2024-10-09 07:20:42,623 - INFO - epoch complete!
2024-10-09 07:20:42,623 - INFO - evaluating now!
2024-10-09 07:20:51,384 - INFO - Epoch [0/60] train_loss: 2.0817, val_loss: 2.0743, lr: 0.001000, 100.12s
2024-10-09 07:20:51,410 - INFO - Saved model at 0
2024-10-09 07:20:51,410 - INFO - Val loss decrease from inf to 2.0743, saving to ./libcity/cache/GWNET(PEMS_BAY)/model_cache/GWNET_PEMS_BAY_epoch0.tar
2024-10-09 07:22:22,925 - INFO - epoch complete!
2024-10-09 07:22:22,925 - INFO - evaluating now!
2024-10-09 07:22:31,707 - INFO - Epoch [1/60] train_loss: 1.8655, val_loss: 1.9960, lr: 0.001000, 100.30s
2024-10-09 07:22:31,733 - INFO - Saved model at 1
2024-10-09 07:22:31,733 - INFO - Val loss decrease from 2.0743 to 1.9960, saving to ./libcity/cache/GWNET(PEMS_BAY)/model_cache/GWNET_PEMS_BAY_epoch1.tar
2024-10-09 07:24:03,653 - INFO - epoch complete!
2024-10-09 07:24:03,653 - INFO - evaluating now!
2024-10-09 07:24:12,528 - INFO - Epoch [2/60] train_loss: 1.7975, val_loss: 1.9502, lr: 0.001000, 100.79s
2024-10-09 07:24:12,564 - INFO - Saved model at 2
2024-10-09 07:24:12,565 - INFO - Val loss decrease from 1.9960 to 1.9502, saving to ./libcity/cache/GWNET(PEMS_BAY)/model_cache/GWNET_PEMS_BAY_epoch2.tar
2024-10-09 07:25:44,319 - INFO - epoch complete!
2024-10-09 07:25:44,319 - INFO - evaluating now!
2024-10-09 07:25:53,180 - INFO - Epoch [3/60] train_loss: 1.7504, val_loss: 1.9675, lr: 0.001000, 100.62s
2024-10-09 07:27:24,618 - INFO - epoch complete!
2024-10-09 07:27:24,618 - INFO - evaluating now!
2024-10-09 07:27:33,494 - INFO - Epoch [4/60] train_loss: 1.7207, val_loss: 1.8354, lr: 0.001000, 100.31s
2024-10-09 07:27:33,520 - INFO - Saved model at 4
2024-10-09 07:27:33,520 - INFO - Val loss decrease from 1.9502 to 1.8354, saving to ./libcity/cache/GWNET(PEMS_BAY)/model_cache/GWNET_PEMS_BAY_epoch4.tar
2024-10-09 07:29:05,481 - INFO - epoch complete!
2024-10-09 07:29:05,481 - INFO - evaluating now!
2024-10-09 07:29:14,271 - INFO - Epoch [5/60] train_loss: 1.6966, val_loss: 1.8276, lr: 0.001000, 100.75s
2024-10-09 07:29:14,295 - INFO - Saved model at 5
2024-10-09 07:29:14,296 - INFO - Val loss decrease from 1.8354 to 1.8276, saving to ./libcity/cache/GWNET(PEMS_BAY)/model_cache/GWNET_PEMS_BAY_epoch5.tar
2024-10-09 07:30:46,756 - INFO - epoch complete!
2024-10-09 07:30:46,756 - INFO - evaluating now!
2024-10-09 07:30:55,572 - INFO - Epoch [6/60] train_loss: 1.6768, val_loss: 1.8176, lr: 0.001000, 101.28s
2024-10-09 07:30:55,594 - INFO - Saved model at 6
2024-10-09 07:30:55,594 - INFO - Val loss decrease from 1.8276 to 1.8176, saving to ./libcity/cache/GWNET(PEMS_BAY)/model_cache/GWNET_PEMS_BAY_epoch6.tar
2024-10-09 07:32:28,017 - INFO - epoch complete!
2024-10-09 07:32:28,017 - INFO - evaluating now!
2024-10-09 07:32:36,839 - INFO - Epoch [7/60] train_loss: 1.6590, val_loss: 1.8033, lr: 0.001000, 101.25s
2024-10-09 07:32:36,877 - INFO - Saved model at 7
2024-10-09 07:32:36,878 - INFO - Val loss decrease from 1.8176 to 1.8033, saving to ./libcity/cache/GWNET(PEMS_BAY)/model_cache/GWNET_PEMS_BAY_epoch7.tar
2024-10-09 07:34:09,065 - INFO - epoch complete!
2024-10-09 07:34:09,066 - INFO - evaluating now!
2024-10-09 07:34:17,956 - INFO - Epoch [8/60] train_loss: 1.6460, val_loss: 1.8071, lr: 0.001000, 101.08s
2024-10-09 07:35:50,377 - INFO - epoch complete!
2024-10-09 07:35:50,378 - INFO - evaluating now!
2024-10-09 07:35:59,183 - INFO - Epoch [9/60] train_loss: 1.6358, val_loss: 1.7641, lr: 0.001000, 101.23s
2024-10-09 07:35:59,208 - INFO - Saved model at 9
2024-10-09 07:35:59,208 - INFO - Val loss decrease from 1.8033 to 1.7641, saving to ./libcity/cache/GWNET(PEMS_BAY)/model_cache/GWNET_PEMS_BAY_epoch9.tar
2024-10-09 07:37:31,633 - INFO - epoch complete!
2024-10-09 07:37:31,633 - INFO - evaluating now!
2024-10-09 07:37:40,463 - INFO - Epoch [10/60] train_loss: 1.6217, val_loss: 1.7834, lr: 0.001000, 101.25s
2024-10-09 07:39:12,813 - INFO - epoch complete!
2024-10-09 07:39:12,813 - INFO - evaluating now!
2024-10-09 07:39:21,671 - INFO - Epoch [11/60] train_loss: 1.6132, val_loss: 1.7582, lr: 0.001000, 101.21s
2024-10-09 07:39:21,706 - INFO - Saved model at 11
2024-10-09 07:39:21,706 - INFO - Val loss decrease from 1.7641 to 1.7582, saving to ./libcity/cache/GWNET(PEMS_BAY)/model_cache/GWNET_PEMS_BAY_epoch11.tar
2024-10-09 07:40:53,966 - INFO - epoch complete!
2024-10-09 07:40:53,966 - INFO - evaluating now!
2024-10-09 07:41:02,824 - INFO - Epoch [12/60] train_loss: 1.6059, val_loss: 1.7409, lr: 0.001000, 101.12s
2024-10-09 07:41:02,902 - INFO - Saved model at 12
2024-10-09 07:41:02,902 - INFO - Val loss decrease from 1.7582 to 1.7409, saving to ./libcity/cache/GWNET(PEMS_BAY)/model_cache/GWNET_PEMS_BAY_epoch12.tar
2024-10-09 07:42:35,422 - INFO - epoch complete!
2024-10-09 07:42:35,423 - INFO - evaluating now!
2024-10-09 07:42:44,312 - INFO - Epoch [13/60] train_loss: 1.5970, val_loss: 1.7337, lr: 0.001000, 101.41s
2024-10-09 07:42:44,390 - INFO - Saved model at 13
2024-10-09 07:42:44,390 - INFO - Val loss decrease from 1.7409 to 1.7337, saving to ./libcity/cache/GWNET(PEMS_BAY)/model_cache/GWNET_PEMS_BAY_epoch13.tar
2024-10-09 07:44:16,797 - INFO - epoch complete!
2024-10-09 07:44:16,797 - INFO - evaluating now!
2024-10-09 07:44:25,625 - INFO - Epoch [14/60] train_loss: 1.5895, val_loss: 1.7426, lr: 0.001000, 101.23s
2024-10-09 07:45:57,643 - INFO - epoch complete!
2024-10-09 07:45:57,643 - INFO - evaluating now!
2024-10-09 07:46:06,472 - INFO - Epoch [15/60] train_loss: 1.5809, val_loss: 1.7170, lr: 0.001000, 100.85s
2024-10-09 07:46:06,548 - INFO - Saved model at 15
2024-10-09 07:46:06,548 - INFO - Val loss decrease from 1.7337 to 1.7170, saving to ./libcity/cache/GWNET(PEMS_BAY)/model_cache/GWNET_PEMS_BAY_epoch15.tar
2024-10-09 09:50:27,419 - INFO - epoch complete!
2024-10-09 09:50:27,419 - INFO - evaluating now!
2024-10-09 09:50:36,082 - INFO - Epoch [16/60] train_loss: 1.5750, val_loss: 1.7045, lr: 0.001000, 7469.53s
2024-10-09 09:50:36,107 - INFO - Saved model at 16
2024-10-09 09:50:36,107 - INFO - Val loss decrease from 1.7170 to 1.7045, saving to ./libcity/cache/GWNET(PEMS_BAY)/model_cache/GWNET_PEMS_BAY_epoch16.tar
2024-10-09 09:52:07,106 - INFO - epoch complete!
2024-10-09 09:52:07,106 - INFO - evaluating now!
2024-10-09 09:52:15,809 - INFO - Epoch [17/60] train_loss: 1.5681, val_loss: 1.7020, lr: 0.001000, 99.70s
2024-10-09 09:52:15,837 - INFO - Saved model at 17
2024-10-09 09:52:15,837 - INFO - Val loss decrease from 1.7045 to 1.7020, saving to ./libcity/cache/GWNET(PEMS_BAY)/model_cache/GWNET_PEMS_BAY_epoch17.tar
2024-10-09 09:53:47,548 - INFO - epoch complete!
2024-10-09 09:53:47,548 - INFO - evaluating now!
2024-10-09 09:53:56,297 - INFO - Epoch [18/60] train_loss: 1.5631, val_loss: 1.7154, lr: 0.001000, 100.46s
2024-10-09 09:55:28,102 - INFO - epoch complete!
2024-10-09 09:55:28,102 - INFO - evaluating now!
2024-10-09 09:55:36,871 - INFO - Epoch [19/60] train_loss: 1.5574, val_loss: 1.6989, lr: 0.001000, 100.57s
2024-10-09 09:55:36,895 - INFO - Saved model at 19
2024-10-09 09:55:36,896 - INFO - Val loss decrease from 1.7020 to 1.6989, saving to ./libcity/cache/GWNET(PEMS_BAY)/model_cache/GWNET_PEMS_BAY_epoch19.tar
2024-10-09 09:57:08,861 - INFO - epoch complete!
2024-10-09 09:57:08,862 - INFO - evaluating now!
2024-10-09 09:57:17,666 - INFO - Epoch [20/60] train_loss: 1.5505, val_loss: 1.7206, lr: 0.001000, 100.77s
2024-10-09 09:58:50,087 - INFO - epoch complete!
2024-10-09 09:58:50,087 - INFO - evaluating now!
2024-10-09 09:58:58,910 - INFO - Epoch [21/60] train_loss: 1.5465, val_loss: 1.6868, lr: 0.001000, 101.24s
2024-10-09 09:58:58,930 - INFO - Saved model at 21
2024-10-09 09:58:58,930 - INFO - Val loss decrease from 1.6989 to 1.6868, saving to ./libcity/cache/GWNET(PEMS_BAY)/model_cache/GWNET_PEMS_BAY_epoch21.tar
2024-10-09 10:00:31,184 - INFO - epoch complete!
2024-10-09 10:00:31,184 - INFO - evaluating now!
2024-10-09 10:00:39,974 - INFO - Epoch [22/60] train_loss: 1.5437, val_loss: 1.6875, lr: 0.001000, 101.04s
2024-10-09 10:02:12,099 - INFO - epoch complete!
2024-10-09 10:02:12,099 - INFO - evaluating now!
2024-10-09 10:02:20,914 - INFO - Epoch [23/60] train_loss: 1.5367, val_loss: 1.6788, lr: 0.001000, 100.94s
2024-10-09 10:02:20,934 - INFO - Saved model at 23
2024-10-09 10:02:20,935 - INFO - Val loss decrease from 1.6868 to 1.6788, saving to ./libcity/cache/GWNET(PEMS_BAY)/model_cache/GWNET_PEMS_BAY_epoch23.tar
2024-10-09 10:03:52,749 - INFO - epoch complete!
2024-10-09 10:03:52,750 - INFO - evaluating now!
2024-10-09 10:04:01,568 - INFO - Epoch [24/60] train_loss: 1.5362, val_loss: 1.6833, lr: 0.001000, 100.63s
2024-10-09 10:05:33,954 - INFO - epoch complete!
2024-10-09 10:05:33,955 - INFO - evaluating now!
2024-10-09 10:05:42,786 - INFO - Epoch [25/60] train_loss: 1.5285, val_loss: 1.7088, lr: 0.001000, 101.22s
2024-10-09 10:07:14,964 - INFO - epoch complete!
2024-10-09 10:07:14,964 - INFO - evaluating now!
2024-10-09 10:07:23,800 - INFO - Epoch [26/60] train_loss: 1.5266, val_loss: 1.6774, lr: 0.001000, 101.01s
2024-10-09 10:07:23,824 - INFO - Saved model at 26
2024-10-09 10:07:23,824 - INFO - Val loss decrease from 1.6788 to 1.6774, saving to ./libcity/cache/GWNET(PEMS_BAY)/model_cache/GWNET_PEMS_BAY_epoch26.tar
2024-10-09 10:08:56,076 - INFO - epoch complete!
2024-10-09 10:08:56,076 - INFO - evaluating now!
2024-10-09 10:09:04,912 - INFO - Epoch [27/60] train_loss: 1.5219, val_loss: 1.6610, lr: 0.001000, 101.09s
2024-10-09 10:09:04,932 - INFO - Saved model at 27
2024-10-09 10:09:04,932 - INFO - Val loss decrease from 1.6774 to 1.6610, saving to ./libcity/cache/GWNET(PEMS_BAY)/model_cache/GWNET_PEMS_BAY_epoch27.tar
2024-10-09 10:10:37,432 - INFO - epoch complete!
2024-10-09 10:10:37,432 - INFO - evaluating now!
2024-10-09 10:10:46,242 - INFO - Epoch [28/60] train_loss: 1.5177, val_loss: 1.6702, lr: 0.001000, 101.31s
2024-10-09 10:12:18,554 - INFO - epoch complete!
2024-10-09 10:12:18,554 - INFO - evaluating now!
2024-10-09 10:12:27,359 - INFO - Epoch [29/60] train_loss: 1.5162, val_loss: 1.6749, lr: 0.001000, 101.12s
2024-10-09 10:13:59,712 - INFO - epoch complete!
2024-10-09 10:13:59,712 - INFO - evaluating now!
2024-10-09 10:14:08,548 - INFO - Epoch [30/60] train_loss: 1.5129, val_loss: 1.6708, lr: 0.001000, 101.19s
2024-10-09 10:15:40,903 - INFO - epoch complete!
2024-10-09 10:15:40,904 - INFO - evaluating now!
2024-10-09 10:15:49,717 - INFO - Epoch [31/60] train_loss: 1.5086, val_loss: 1.6705, lr: 0.001000, 101.17s
2024-10-09 10:17:21,892 - INFO - epoch complete!
2024-10-09 10:17:21,892 - INFO - evaluating now!
2024-10-09 10:17:30,728 - INFO - Epoch [32/60] train_loss: 1.5058, val_loss: 1.6546, lr: 0.001000, 101.01s
2024-10-09 10:17:30,749 - INFO - Saved model at 32
2024-10-09 10:17:30,749 - INFO - Val loss decrease from 1.6610 to 1.6546, saving to ./libcity/cache/GWNET(PEMS_BAY)/model_cache/GWNET_PEMS_BAY_epoch32.tar
2024-10-09 10:19:03,110 - INFO - epoch complete!
2024-10-09 10:19:03,110 - INFO - evaluating now!
2024-10-09 10:19:11,926 - INFO - Epoch [33/60] train_loss: 1.5041, val_loss: 1.6613, lr: 0.001000, 101.18s
2024-10-09 10:20:44,403 - INFO - epoch complete!
2024-10-09 10:20:44,403 - INFO - evaluating now!
2024-10-09 10:20:53,296 - INFO - Epoch [34/60] train_loss: 1.4995, val_loss: 1.6510, lr: 0.001000, 101.37s
2024-10-09 10:20:53,316 - INFO - Saved model at 34
2024-10-09 10:20:53,316 - INFO - Val loss decrease from 1.6546 to 1.6510, saving to ./libcity/cache/GWNET(PEMS_BAY)/model_cache/GWNET_PEMS_BAY_epoch34.tar
2024-10-09 10:22:25,478 - INFO - epoch complete!
2024-10-09 10:22:25,478 - INFO - evaluating now!
2024-10-09 10:22:34,302 - INFO - Epoch [35/60] train_loss: 1.4966, val_loss: 1.6441, lr: 0.001000, 100.99s
2024-10-09 10:22:34,323 - INFO - Saved model at 35
2024-10-09 10:22:34,323 - INFO - Val loss decrease from 1.6510 to 1.6441, saving to ./libcity/cache/GWNET(PEMS_BAY)/model_cache/GWNET_PEMS_BAY_epoch35.tar
2024-10-09 10:24:06,372 - INFO - epoch complete!
2024-10-09 10:24:06,372 - INFO - evaluating now!
2024-10-09 10:24:15,258 - INFO - Epoch [36/60] train_loss: 1.4949, val_loss: 1.6423, lr: 0.001000, 100.93s
2024-10-09 10:24:15,278 - INFO - Saved model at 36
2024-10-09 10:24:15,279 - INFO - Val loss decrease from 1.6441 to 1.6423, saving to ./libcity/cache/GWNET(PEMS_BAY)/model_cache/GWNET_PEMS_BAY_epoch36.tar
2024-10-09 10:25:47,549 - INFO - epoch complete!
2024-10-09 10:25:47,549 - INFO - evaluating now!
2024-10-09 10:25:56,389 - INFO - Epoch [37/60] train_loss: 1.4923, val_loss: 1.6459, lr: 0.001000, 101.11s
2024-10-09 10:27:28,634 - INFO - epoch complete!
2024-10-09 10:27:28,635 - INFO - evaluating now!
2024-10-09 10:27:37,516 - INFO - Epoch [38/60] train_loss: 1.4918, val_loss: 1.6477, lr: 0.001000, 101.13s
2024-10-09 10:29:09,995 - INFO - epoch complete!
2024-10-09 10:29:09,995 - INFO - evaluating now!
2024-10-09 10:29:18,805 - INFO - Epoch [39/60] train_loss: 1.4885, val_loss: 1.6456, lr: 0.001000, 101.29s
2024-10-09 10:30:51,209 - INFO - epoch complete!
2024-10-09 10:30:51,209 - INFO - evaluating now!
2024-10-09 10:31:00,091 - INFO - Epoch [40/60] train_loss: 1.4869, val_loss: 1.6394, lr: 0.001000, 101.29s
2024-10-09 10:31:00,112 - INFO - Saved model at 40
2024-10-09 10:31:00,112 - INFO - Val loss decrease from 1.6423 to 1.6394, saving to ./libcity/cache/GWNET(PEMS_BAY)/model_cache/GWNET_PEMS_BAY_epoch40.tar
2024-10-09 10:32:32,609 - INFO - epoch complete!
2024-10-09 10:32:32,610 - INFO - evaluating now!
2024-10-09 10:32:41,447 - INFO - Epoch [41/60] train_loss: 1.4832, val_loss: 1.6468, lr: 0.001000, 101.33s
2024-10-09 10:34:13,592 - INFO - epoch complete!
2024-10-09 10:34:13,592 - INFO - evaluating now!
2024-10-09 10:34:22,444 - INFO - Epoch [42/60] train_loss: 1.4827, val_loss: 1.6445, lr: 0.001000, 101.00s
2024-10-09 10:35:54,363 - INFO - epoch complete!
2024-10-09 10:35:54,363 - INFO - evaluating now!
2024-10-09 10:36:03,195 - INFO - Epoch [43/60] train_loss: 1.4795, val_loss: 1.6339, lr: 0.001000, 100.75s
2024-10-09 10:36:03,215 - INFO - Saved model at 43
2024-10-09 10:36:03,216 - INFO - Val loss decrease from 1.6394 to 1.6339, saving to ./libcity/cache/GWNET(PEMS_BAY)/model_cache/GWNET_PEMS_BAY_epoch43.tar
2024-10-09 10:37:35,218 - INFO - epoch complete!
2024-10-09 10:37:35,218 - INFO - evaluating now!
2024-10-09 10:37:44,042 - INFO - Epoch [44/60] train_loss: 1.4778, val_loss: 1.6449, lr: 0.001000, 100.83s
2024-10-09 10:39:16,149 - INFO - epoch complete!
2024-10-09 10:39:16,149 - INFO - evaluating now!
2024-10-09 10:39:24,940 - INFO - Epoch [45/60] train_loss: 1.4752, val_loss: 1.6552, lr: 0.001000, 100.90s
2024-10-09 10:40:57,139 - INFO - epoch complete!
2024-10-09 10:40:57,140 - INFO - evaluating now!
2024-10-09 10:41:05,998 - INFO - Epoch [46/60] train_loss: 1.4751, val_loss: 1.6449, lr: 0.001000, 101.06s
2024-10-09 10:42:37,947 - INFO - epoch complete!
2024-10-09 10:42:37,947 - INFO - evaluating now!
2024-10-09 10:42:46,784 - INFO - Epoch [47/60] train_loss: 1.4724, val_loss: 1.6441, lr: 0.001000, 100.79s
2024-10-09 10:44:19,020 - INFO - epoch complete!
2024-10-09 10:44:19,020 - INFO - evaluating now!
2024-10-09 10:44:27,816 - INFO - Epoch [48/60] train_loss: 1.4714, val_loss: 1.6485, lr: 0.001000, 101.03s
2024-10-09 10:46:00,336 - INFO - epoch complete!
2024-10-09 10:46:00,336 - INFO - evaluating now!
2024-10-09 10:46:09,228 - INFO - Epoch [49/60] train_loss: 1.4705, val_loss: 1.6389, lr: 0.001000, 101.41s
2024-10-09 10:47:41,782 - INFO - epoch complete!
2024-10-09 10:47:41,782 - INFO - evaluating now!
2024-10-09 10:47:50,653 - INFO - Epoch [50/60] train_loss: 1.4691, val_loss: 1.6357, lr: 0.001000, 101.42s
2024-10-09 10:49:23,294 - INFO - epoch complete!
2024-10-09 10:49:23,294 - INFO - evaluating now!
2024-10-09 10:49:32,168 - INFO - Epoch [51/60] train_loss: 1.4679, val_loss: 1.6346, lr: 0.001000, 101.51s
2024-10-09 10:51:04,394 - INFO - epoch complete!
2024-10-09 10:51:04,394 - INFO - evaluating now!
2024-10-09 10:51:13,240 - INFO - Epoch [52/60] train_loss: 1.4652, val_loss: 1.6197, lr: 0.001000, 101.07s
2024-10-09 10:51:13,261 - INFO - Saved model at 52
2024-10-09 10:51:13,261 - INFO - Val loss decrease from 1.6339 to 1.6197, saving to ./libcity/cache/GWNET(PEMS_BAY)/model_cache/GWNET_PEMS_BAY_epoch52.tar
2024-10-09 10:52:45,873 - INFO - epoch complete!
2024-10-09 10:52:45,874 - INFO - evaluating now!
2024-10-09 10:52:54,772 - INFO - Epoch [53/60] train_loss: 1.4626, val_loss: 1.6382, lr: 0.001000, 101.51s
2024-10-09 10:54:27,189 - INFO - epoch complete!
2024-10-09 10:54:27,189 - INFO - evaluating now!
2024-10-09 10:54:36,023 - INFO - Epoch [54/60] train_loss: 1.4626, val_loss: 1.6383, lr: 0.001000, 101.25s
2024-10-09 10:56:08,442 - INFO - epoch complete!
2024-10-09 10:56:08,442 - INFO - evaluating now!
2024-10-09 10:56:17,260 - INFO - Epoch [55/60] train_loss: 1.4624, val_loss: 1.6426, lr: 0.001000, 101.24s
2024-10-09 10:57:49,509 - INFO - epoch complete!
2024-10-09 10:57:49,509 - INFO - evaluating now!
2024-10-09 10:57:58,384 - INFO - Epoch [56/60] train_loss: 1.4599, val_loss: 1.6429, lr: 0.001000, 101.12s
2024-10-09 10:59:30,705 - INFO - epoch complete!
2024-10-09 10:59:30,705 - INFO - evaluating now!
2024-10-09 10:59:39,509 - INFO - Epoch [57/60] train_loss: 1.4574, val_loss: 1.6367, lr: 0.001000, 101.12s
2024-10-09 11:01:11,907 - INFO - epoch complete!
2024-10-09 11:01:11,907 - INFO - evaluating now!
2024-10-09 11:01:20,800 - INFO - Epoch [58/60] train_loss: 1.4571, val_loss: 1.6291, lr: 0.001000, 101.29s
2024-10-09 11:02:53,501 - INFO - epoch complete!
2024-10-09 11:02:53,501 - INFO - evaluating now!
2024-10-09 11:03:02,345 - INFO - Epoch [59/60] train_loss: 1.4589, val_loss: 1.6279, lr: 0.001000, 101.55s
2024-10-09 11:03:02,346 - INFO - Trained totally 60 epochs, average train time is 215.007s, average eval time is 8.830s
2024-10-09 11:03:02,364 - INFO - Loaded model at 52
2024-10-09 11:03:02,365 - INFO - Saved model at ./libcity/cache/GWNET(PEMS_BAY)/model_cache/GWNET_PEMS_BAY.m
2024-10-09 11:03:02,385 - INFO - Start evaluating ...
2024-10-09 11:03:37,721 - INFO - Note that you select the single mode to evaluate!
2024-10-09 11:03:37,723 - INFO - Evaluate result is saved at ./libcity/cache/GWNET(PEMS_BAY)/evaluate_cache/2024_10_09_11_03_37_GWNET_PEMS_BAY.csv
2024-10-09 11:03:37,727 - INFO - 
         MAE      MAPE      RMSE
1   0.862081  0.016546  1.572889
2   0.999165  0.019657  1.961356
3   1.108544  0.022276  2.286174
4   1.198701  0.024554  2.555366
5   1.274182  0.026545  2.778455
6   1.338581  0.028309  2.965339
7   1.394540  0.029875  3.125859
8   1.443862  0.031274  3.265004
9   1.487579  0.032530  3.385895
10  1.526940  0.033668  3.491977
11  1.562922  0.034714  3.586822
12  1.596370  0.035681  3.673292
