2024-10-07 21:16:18,419 - INFO - Log directory: ./libcity/log
2024-10-07 21:16:18,420 - INFO - Begin pipeline, task=MTS_pred, model_name=GWNET, dataset_name=PEMS_BAY, exp_id=GWNET(PEMS_BAY)
2024-10-07 21:16:18,420 - INFO - {'task': 'MTS_pred', 'model': 'GWNET', 'dataset': 'PEMS_BAY', 'saved_model': True, 'exp_id': 'GWNET(PEMS_BAY)', 'seed': 0, 'batch_size': 64, 'max_epoch': 60, 'dataset_class': 'StatePointDataset', 'executor': 'StateExecutor', 'evaluator': 'StateEvaluator', 'dropout': 0.3, 'blocks': 4, 'layers': 2, 'apt_layer': True, 'gcn_bool': True, 'addaptadj': True, 'adjtype': 'doubletransition', 'bidir_adj_mx': False, 'randomadj': True, 'aptonly': True, 'kernel_size': 2, 'nhid': 32, 'residual_channels': 32, 'dilation_channels': 32, 'skip_channels': 256, 'end_channels': 512, 'scaler': 'standard', 'load_external': False, 'normal_external': False, 'ext_scaler': 'none', 'add_time_in_day': False, 'add_day_in_week': False, 'learner': 'adam', 'learning_rate': 0.001, 'lr_decay': False, 'clip_grad_norm': True, 'max_grad_norm': 5, 'use_early_stop': False, 'cache_dataset': True, 'num_workers': 0, 'pad_with_last_sample': True, 'train_rate': 0.7, 'eval_rate': 0.1, 'input_window': 12, 'output_window': 12, 'robustness_test': False, 'noise_type': 'gaussian', 'disturb_rate': 0.5, 'noise_mean': [5], 'noise_SD': [10], 'gpu': True, 'gpu_id': 0, 'train_loss': 'none', 'epoch': 0, 'weight_decay': 0, 'lr_epsilon': 1e-08, 'lr_beta1': 0.9, 'lr_beta2': 0.999, 'lr_alpha': 0.99, 'lr_momentum': 0, 'lr_scheduler': 'multisteplr', 'lr_decay_ratio': 0.1, 'steps': [5, 20, 40, 70], 'step_size': 10, 'lr_T_max': 30, 'lr_eta_min': 0, 'lr_patience': 10, 'lr_threshold': 0.0001, 'patience': 50, 'log_level': 'INFO', 'log_every': 1, 'load_best_epoch': True, 'hyper_tune': False, 'metrics': ['MAE', 'MAPE', 'RMSE'], 'evaluator_mode': 'single', 'save_mode': ['csv'], 'geo': {'including_types': ['Point'], 'Point': {}}, 'rel': {'including_types': ['geo'], 'geo': {'cost': 'num'}}, 'dyna': {'including_types': ['state'], 'state': {'entity_id': 'geo_id', 'traffic_speed': 'num'}}, 'data_col': ['traffic_speed'], 'weight_col': 'cost', 'data_files': ['PEMS_BAY'], 'geo_file': 'PEMS_BAY', 'rel_file': 'PEMS_BAY', 'output_dim': 1, 'time_intervals': 300, 'init_weight_inf_or_zero': 'inf', 'set_weight_link_or_dist': 'dist', 'calculate_weight_adj': True, 'weight_adj_epsilon': 0.1, 'device': device(type='cuda', index=0)}
2024-10-07 21:16:19,329 - INFO - Loaded file PEMS_BAY_feature.csv, shape=(52116, 325, 1)
2024-10-07 21:16:26,175 - INFO - Dataset created
2024-10-07 21:16:26,176 - INFO - x shape: (52093, 12, 325, 1), y shape: (52093, 12, 325, 1)
2024-10-07 21:16:26,267 - INFO - train	x: (36465, 12, 325, 1), y: (36465, 12, 325, 1)
2024-10-07 21:16:26,267 - INFO - eval	x: (5209, 12, 325, 1), y: (5209, 12, 325, 1)
2024-10-07 21:16:26,267 - INFO - test	x: (10419, 12, 325, 1), y: (10419, 12, 325, 1)
2024-10-07 21:17:26,054 - INFO - Saved at ./libcity/cache/dataset_cache/point_based_PEMS_BAY_12_12_0.7_0.1_standard_64_False_False_False_True.npz
2024-10-07 21:17:26,522 - INFO - StandardScaler mean: 62.73567651594296, std: 9.438173664359947
2024-10-07 21:17:26,523 - INFO - NoneScaler
2024-10-07 21:17:31,107 - INFO - receptive_field: 13
2024-10-07 21:17:31,691 - INFO - GWNET(
  (filter_convs): ModuleList(
    (0): Conv2d(32, 32, kernel_size=(1, 2), stride=(1, 1))
    (1): Conv2d(32, 32, kernel_size=(1, 2), stride=(1, 1), dilation=(2, 2))
    (2): Conv2d(32, 32, kernel_size=(1, 2), stride=(1, 1))
    (3): Conv2d(32, 32, kernel_size=(1, 2), stride=(1, 1), dilation=(2, 2))
    (4): Conv2d(32, 32, kernel_size=(1, 2), stride=(1, 1))
    (5): Conv2d(32, 32, kernel_size=(1, 2), stride=(1, 1), dilation=(2, 2))
    (6): Conv2d(32, 32, kernel_size=(1, 2), stride=(1, 1))
    (7): Conv2d(32, 32, kernel_size=(1, 2), stride=(1, 1), dilation=(2, 2))
  )
  (gate_convs): ModuleList(
    (0): Conv2d(32, 32, kernel_size=(1, 2), stride=(1, 1))
    (1): Conv2d(32, 32, kernel_size=(1, 2), stride=(1, 1), dilation=(2, 2))
    (2): Conv2d(32, 32, kernel_size=(1, 2), stride=(1, 1))
    (3): Conv2d(32, 32, kernel_size=(1, 2), stride=(1, 1), dilation=(2, 2))
    (4): Conv2d(32, 32, kernel_size=(1, 2), stride=(1, 1))
    (5): Conv2d(32, 32, kernel_size=(1, 2), stride=(1, 1), dilation=(2, 2))
    (6): Conv2d(32, 32, kernel_size=(1, 2), stride=(1, 1))
    (7): Conv2d(32, 32, kernel_size=(1, 2), stride=(1, 1), dilation=(2, 2))
  )
  (residual_convs): ModuleList(
    (0-7): 8 x Conv2d(32, 32, kernel_size=(1, 1), stride=(1, 1))
  )
  (skip_convs): ModuleList(
    (0-7): 8 x Conv2d(32, 256, kernel_size=(1, 1), stride=(1, 1))
  )
  (bn): ModuleList(
    (0-7): 8 x BatchNorm2d(32, eps=1e-05, momentum=0.1, affine=True, track_running_stats=True)
  )
  (gconv): ModuleList(
    (0-7): 8 x GCN(
      (nconv): NConv()
      (mlp): Linear(
        (mlp): Conv2d(96, 32, kernel_size=(1, 1), stride=(1, 1))
      )
    )
  )
  (start_conv): Conv2d(1, 32, kernel_size=(1, 1), stride=(1, 1))
  (end_conv_1): Conv2d(256, 512, kernel_size=(1, 1), stride=(1, 1))
  (end_conv_2): Conv2d(512, 12, kernel_size=(1, 1), stride=(1, 1))
)
2024-10-07 21:17:31,692 - INFO - nodevec1	torch.Size([325, 10])	cuda:0	True
2024-10-07 21:17:31,692 - INFO - nodevec2	torch.Size([10, 325])	cuda:0	True
2024-10-07 21:17:31,692 - INFO - filter_convs.0.weight	torch.Size([32, 32, 1, 2])	cuda:0	True
2024-10-07 21:17:31,693 - INFO - filter_convs.0.bias	torch.Size([32])	cuda:0	True
2024-10-07 21:17:31,693 - INFO - filter_convs.1.weight	torch.Size([32, 32, 1, 2])	cuda:0	True
2024-10-07 21:17:31,693 - INFO - filter_convs.1.bias	torch.Size([32])	cuda:0	True
2024-10-07 21:17:31,693 - INFO - filter_convs.2.weight	torch.Size([32, 32, 1, 2])	cuda:0	True
2024-10-07 21:17:31,693 - INFO - filter_convs.2.bias	torch.Size([32])	cuda:0	True
2024-10-07 21:17:31,693 - INFO - filter_convs.3.weight	torch.Size([32, 32, 1, 2])	cuda:0	True
2024-10-07 21:17:31,693 - INFO - filter_convs.3.bias	torch.Size([32])	cuda:0	True
2024-10-07 21:17:31,693 - INFO - filter_convs.4.weight	torch.Size([32, 32, 1, 2])	cuda:0	True
2024-10-07 21:17:31,693 - INFO - filter_convs.4.bias	torch.Size([32])	cuda:0	True
2024-10-07 21:17:31,693 - INFO - filter_convs.5.weight	torch.Size([32, 32, 1, 2])	cuda:0	True
2024-10-07 21:17:31,693 - INFO - filter_convs.5.bias	torch.Size([32])	cuda:0	True
2024-10-07 21:17:31,693 - INFO - filter_convs.6.weight	torch.Size([32, 32, 1, 2])	cuda:0	True
2024-10-07 21:17:31,693 - INFO - filter_convs.6.bias	torch.Size([32])	cuda:0	True
2024-10-07 21:17:31,693 - INFO - filter_convs.7.weight	torch.Size([32, 32, 1, 2])	cuda:0	True
2024-10-07 21:17:31,693 - INFO - filter_convs.7.bias	torch.Size([32])	cuda:0	True
2024-10-07 21:17:31,693 - INFO - gate_convs.0.weight	torch.Size([32, 32, 1, 2])	cuda:0	True
2024-10-07 21:17:31,693 - INFO - gate_convs.0.bias	torch.Size([32])	cuda:0	True
2024-10-07 21:17:31,694 - INFO - gate_convs.1.weight	torch.Size([32, 32, 1, 2])	cuda:0	True
2024-10-07 21:17:31,694 - INFO - gate_convs.1.bias	torch.Size([32])	cuda:0	True
2024-10-07 21:17:31,694 - INFO - gate_convs.2.weight	torch.Size([32, 32, 1, 2])	cuda:0	True
2024-10-07 21:17:31,694 - INFO - gate_convs.2.bias	torch.Size([32])	cuda:0	True
2024-10-07 21:17:31,694 - INFO - gate_convs.3.weight	torch.Size([32, 32, 1, 2])	cuda:0	True
2024-10-07 21:17:31,694 - INFO - gate_convs.3.bias	torch.Size([32])	cuda:0	True
2024-10-07 21:17:31,694 - INFO - gate_convs.4.weight	torch.Size([32, 32, 1, 2])	cuda:0	True
2024-10-07 21:17:31,694 - INFO - gate_convs.4.bias	torch.Size([32])	cuda:0	True
2024-10-07 21:17:31,694 - INFO - gate_convs.5.weight	torch.Size([32, 32, 1, 2])	cuda:0	True
2024-10-07 21:17:31,694 - INFO - gate_convs.5.bias	torch.Size([32])	cuda:0	True
2024-10-07 21:17:31,694 - INFO - gate_convs.6.weight	torch.Size([32, 32, 1, 2])	cuda:0	True
2024-10-07 21:17:31,694 - INFO - gate_convs.6.bias	torch.Size([32])	cuda:0	True
2024-10-07 21:17:31,694 - INFO - gate_convs.7.weight	torch.Size([32, 32, 1, 2])	cuda:0	True
2024-10-07 21:17:31,694 - INFO - gate_convs.7.bias	torch.Size([32])	cuda:0	True
2024-10-07 21:17:31,694 - INFO - residual_convs.0.weight	torch.Size([32, 32, 1, 1])	cuda:0	True
2024-10-07 21:17:31,694 - INFO - residual_convs.0.bias	torch.Size([32])	cuda:0	True
2024-10-07 21:17:31,694 - INFO - residual_convs.1.weight	torch.Size([32, 32, 1, 1])	cuda:0	True
2024-10-07 21:17:31,694 - INFO - residual_convs.1.bias	torch.Size([32])	cuda:0	True
2024-10-07 21:17:31,694 - INFO - residual_convs.2.weight	torch.Size([32, 32, 1, 1])	cuda:0	True
2024-10-07 21:17:31,694 - INFO - residual_convs.2.bias	torch.Size([32])	cuda:0	True
2024-10-07 21:17:31,694 - INFO - residual_convs.3.weight	torch.Size([32, 32, 1, 1])	cuda:0	True
2024-10-07 21:17:31,694 - INFO - residual_convs.3.bias	torch.Size([32])	cuda:0	True
2024-10-07 21:17:31,694 - INFO - residual_convs.4.weight	torch.Size([32, 32, 1, 1])	cuda:0	True
2024-10-07 21:17:31,695 - INFO - residual_convs.4.bias	torch.Size([32])	cuda:0	True
2024-10-07 21:17:31,695 - INFO - residual_convs.5.weight	torch.Size([32, 32, 1, 1])	cuda:0	True
2024-10-07 21:17:31,695 - INFO - residual_convs.5.bias	torch.Size([32])	cuda:0	True
2024-10-07 21:17:31,695 - INFO - residual_convs.6.weight	torch.Size([32, 32, 1, 1])	cuda:0	True
2024-10-07 21:17:31,695 - INFO - residual_convs.6.bias	torch.Size([32])	cuda:0	True
2024-10-07 21:17:31,695 - INFO - residual_convs.7.weight	torch.Size([32, 32, 1, 1])	cuda:0	True
2024-10-07 21:17:31,695 - INFO - residual_convs.7.bias	torch.Size([32])	cuda:0	True
2024-10-07 21:17:31,695 - INFO - skip_convs.0.weight	torch.Size([256, 32, 1, 1])	cuda:0	True
2024-10-07 21:17:31,695 - INFO - skip_convs.0.bias	torch.Size([256])	cuda:0	True
2024-10-07 21:17:31,695 - INFO - skip_convs.1.weight	torch.Size([256, 32, 1, 1])	cuda:0	True
2024-10-07 21:17:31,695 - INFO - skip_convs.1.bias	torch.Size([256])	cuda:0	True
2024-10-07 21:17:31,695 - INFO - skip_convs.2.weight	torch.Size([256, 32, 1, 1])	cuda:0	True
2024-10-07 21:17:31,695 - INFO - skip_convs.2.bias	torch.Size([256])	cuda:0	True
2024-10-07 21:17:31,695 - INFO - skip_convs.3.weight	torch.Size([256, 32, 1, 1])	cuda:0	True
2024-10-07 21:17:31,695 - INFO - skip_convs.3.bias	torch.Size([256])	cuda:0	True
2024-10-07 21:17:31,695 - INFO - skip_convs.4.weight	torch.Size([256, 32, 1, 1])	cuda:0	True
2024-10-07 21:17:31,695 - INFO - skip_convs.4.bias	torch.Size([256])	cuda:0	True
2024-10-07 21:17:31,695 - INFO - skip_convs.5.weight	torch.Size([256, 32, 1, 1])	cuda:0	True
2024-10-07 21:17:31,695 - INFO - skip_convs.5.bias	torch.Size([256])	cuda:0	True
2024-10-07 21:17:31,695 - INFO - skip_convs.6.weight	torch.Size([256, 32, 1, 1])	cuda:0	True
2024-10-07 21:17:31,695 - INFO - skip_convs.6.bias	torch.Size([256])	cuda:0	True
2024-10-07 21:17:31,695 - INFO - skip_convs.7.weight	torch.Size([256, 32, 1, 1])	cuda:0	True
2024-10-07 21:17:31,695 - INFO - skip_convs.7.bias	torch.Size([256])	cuda:0	True
2024-10-07 21:17:31,695 - INFO - bn.0.weight	torch.Size([32])	cuda:0	True
2024-10-07 21:17:31,695 - INFO - bn.0.bias	torch.Size([32])	cuda:0	True
2024-10-07 21:17:31,696 - INFO - bn.1.weight	torch.Size([32])	cuda:0	True
2024-10-07 21:17:31,696 - INFO - bn.1.bias	torch.Size([32])	cuda:0	True
2024-10-07 21:17:31,696 - INFO - bn.2.weight	torch.Size([32])	cuda:0	True
2024-10-07 21:17:31,696 - INFO - bn.2.bias	torch.Size([32])	cuda:0	True
2024-10-07 21:17:31,696 - INFO - bn.3.weight	torch.Size([32])	cuda:0	True
2024-10-07 21:17:31,696 - INFO - bn.3.bias	torch.Size([32])	cuda:0	True
2024-10-07 21:17:31,696 - INFO - bn.4.weight	torch.Size([32])	cuda:0	True
2024-10-07 21:17:31,696 - INFO - bn.4.bias	torch.Size([32])	cuda:0	True
2024-10-07 21:17:31,696 - INFO - bn.5.weight	torch.Size([32])	cuda:0	True
2024-10-07 21:17:31,696 - INFO - bn.5.bias	torch.Size([32])	cuda:0	True
2024-10-07 21:17:31,696 - INFO - bn.6.weight	torch.Size([32])	cuda:0	True
2024-10-07 21:17:31,696 - INFO - bn.6.bias	torch.Size([32])	cuda:0	True
2024-10-07 21:17:31,696 - INFO - bn.7.weight	torch.Size([32])	cuda:0	True
2024-10-07 21:17:31,696 - INFO - bn.7.bias	torch.Size([32])	cuda:0	True
2024-10-07 21:17:31,696 - INFO - gconv.0.mlp.mlp.weight	torch.Size([32, 96, 1, 1])	cuda:0	True
2024-10-07 21:17:31,696 - INFO - gconv.0.mlp.mlp.bias	torch.Size([32])	cuda:0	True
2024-10-07 21:17:31,696 - INFO - gconv.1.mlp.mlp.weight	torch.Size([32, 96, 1, 1])	cuda:0	True
2024-10-07 21:17:31,696 - INFO - gconv.1.mlp.mlp.bias	torch.Size([32])	cuda:0	True
2024-10-07 21:17:31,696 - INFO - gconv.2.mlp.mlp.weight	torch.Size([32, 96, 1, 1])	cuda:0	True
2024-10-07 21:17:31,696 - INFO - gconv.2.mlp.mlp.bias	torch.Size([32])	cuda:0	True
2024-10-07 21:17:31,696 - INFO - gconv.3.mlp.mlp.weight	torch.Size([32, 96, 1, 1])	cuda:0	True
2024-10-07 21:17:31,696 - INFO - gconv.3.mlp.mlp.bias	torch.Size([32])	cuda:0	True
2024-10-07 21:17:31,696 - INFO - gconv.4.mlp.mlp.weight	torch.Size([32, 96, 1, 1])	cuda:0	True
2024-10-07 21:17:31,696 - INFO - gconv.4.mlp.mlp.bias	torch.Size([32])	cuda:0	True
2024-10-07 21:17:31,697 - INFO - gconv.5.mlp.mlp.weight	torch.Size([32, 96, 1, 1])	cuda:0	True
2024-10-07 21:17:31,697 - INFO - gconv.5.mlp.mlp.bias	torch.Size([32])	cuda:0	True
2024-10-07 21:17:31,697 - INFO - gconv.6.mlp.mlp.weight	torch.Size([32, 96, 1, 1])	cuda:0	True
2024-10-07 21:17:31,697 - INFO - gconv.6.mlp.mlp.bias	torch.Size([32])	cuda:0	True
2024-10-07 21:17:31,697 - INFO - gconv.7.mlp.mlp.weight	torch.Size([32, 96, 1, 1])	cuda:0	True
2024-10-07 21:17:31,697 - INFO - gconv.7.mlp.mlp.bias	torch.Size([32])	cuda:0	True
2024-10-07 21:17:31,697 - INFO - start_conv.weight	torch.Size([32, 1, 1, 1])	cuda:0	True
2024-10-07 21:17:31,697 - INFO - start_conv.bias	torch.Size([32])	cuda:0	True
2024-10-07 21:17:31,697 - INFO - end_conv_1.weight	torch.Size([512, 256, 1, 1])	cuda:0	True
2024-10-07 21:17:31,697 - INFO - end_conv_1.bias	torch.Size([512])	cuda:0	True
2024-10-07 21:17:31,697 - INFO - end_conv_2.weight	torch.Size([12, 512, 1, 1])	cuda:0	True
2024-10-07 21:17:31,697 - INFO - end_conv_2.bias	torch.Size([12])	cuda:0	True
2024-10-07 21:17:31,697 - INFO - Total parameter numbers: 278960
2024-10-07 21:17:31,697 - INFO - You select `adam` optimizer.
2024-10-07 21:17:32,281 - WARNING - Received none train loss func and will use the loss func defined in the model.
2024-10-07 21:17:32,281 - INFO - Start training ...
2024-10-07 21:17:32,281 - INFO - num_batches:570
2024-10-07 21:20:27,803 - INFO - epoch complete!
2024-10-07 21:20:27,803 - INFO - evaluating now!
2024-10-07 21:20:40,386 - INFO - Epoch [0/60] train_loss: 2.0817, val_loss: 2.0743, lr: 0.001000, 188.10s
2024-10-07 21:20:40,415 - INFO - Saved model at 0
2024-10-07 21:20:40,415 - INFO - Val loss decrease from inf to 2.0743, saving to ./libcity/cache/GWNET(PEMS_BAY)/model_cache/GWNET_PEMS_BAY_epoch0.tar
2024-10-07 21:23:37,288 - INFO - epoch complete!
2024-10-07 21:23:37,288 - INFO - evaluating now!
2024-10-07 21:23:50,467 - INFO - Epoch [1/60] train_loss: 1.8655, val_loss: 1.9960, lr: 0.001000, 190.05s
2024-10-07 21:23:50,499 - INFO - Saved model at 1
2024-10-07 21:23:50,499 - INFO - Val loss decrease from 2.0743 to 1.9960, saving to ./libcity/cache/GWNET(PEMS_BAY)/model_cache/GWNET_PEMS_BAY_epoch1.tar
2024-10-07 21:26:25,678 - INFO - epoch complete!
2024-10-07 21:26:25,680 - INFO - evaluating now!
2024-10-07 21:26:37,611 - INFO - Epoch [2/60] train_loss: 1.7975, val_loss: 1.9502, lr: 0.001000, 167.11s
2024-10-07 21:26:37,641 - INFO - Saved model at 2
2024-10-07 21:26:37,642 - INFO - Val loss decrease from 1.9960 to 1.9502, saving to ./libcity/cache/GWNET(PEMS_BAY)/model_cache/GWNET_PEMS_BAY_epoch2.tar
2024-10-07 21:29:42,175 - INFO - epoch complete!
2024-10-07 21:29:42,196 - INFO - evaluating now!
2024-10-07 21:30:03,536 - INFO - Epoch [3/60] train_loss: 1.7504, val_loss: 1.9675, lr: 0.001000, 205.89s
2024-10-07 21:33:59,572 - INFO - epoch complete!
2024-10-07 21:33:59,573 - INFO - evaluating now!
2024-10-07 21:34:21,696 - INFO - Epoch [4/60] train_loss: 1.7207, val_loss: 1.8354, lr: 0.001000, 258.16s
2024-10-07 21:34:21,793 - INFO - Saved model at 4
2024-10-07 21:34:21,795 - INFO - Val loss decrease from 1.9502 to 1.8354, saving to ./libcity/cache/GWNET(PEMS_BAY)/model_cache/GWNET_PEMS_BAY_epoch4.tar
2024-10-07 21:39:07,270 - INFO - epoch complete!
2024-10-07 21:39:07,271 - INFO - evaluating now!
2024-10-07 21:39:40,837 - INFO - Epoch [5/60] train_loss: 1.6966, val_loss: 1.8276, lr: 0.001000, 319.04s
2024-10-07 21:39:40,938 - INFO - Saved model at 5
2024-10-07 21:39:40,943 - INFO - Val loss decrease from 1.8354 to 1.8276, saving to ./libcity/cache/GWNET(PEMS_BAY)/model_cache/GWNET_PEMS_BAY_epoch5.tar
2024-10-07 21:45:42,455 - INFO - epoch complete!
2024-10-07 21:45:42,456 - INFO - evaluating now!
2024-10-07 21:46:20,552 - INFO - Epoch [6/60] train_loss: 1.6768, val_loss: 1.8176, lr: 0.001000, 399.61s
2024-10-07 21:46:20,661 - INFO - Saved model at 6
2024-10-07 21:46:20,661 - INFO - Val loss decrease from 1.8276 to 1.8176, saving to ./libcity/cache/GWNET(PEMS_BAY)/model_cache/GWNET_PEMS_BAY_epoch6.tar
2024-10-07 21:53:34,763 - INFO - epoch complete!
2024-10-07 21:53:34,767 - INFO - evaluating now!
2024-10-07 21:54:10,828 - INFO - Epoch [7/60] train_loss: 1.6590, val_loss: 1.8033, lr: 0.001000, 470.17s
2024-10-07 21:54:10,884 - INFO - Saved model at 7
2024-10-07 21:54:10,884 - INFO - Val loss decrease from 1.8176 to 1.8033, saving to ./libcity/cache/GWNET(PEMS_BAY)/model_cache/GWNET_PEMS_BAY_epoch7.tar
2024-10-07 22:00:34,475 - INFO - epoch complete!
2024-10-07 22:00:34,477 - INFO - evaluating now!
2024-10-07 22:01:06,941 - INFO - Epoch [8/60] train_loss: 1.6460, val_loss: 1.8071, lr: 0.001000, 416.06s
2024-10-07 22:07:36,233 - INFO - epoch complete!
2024-10-07 22:07:36,240 - INFO - evaluating now!
2024-10-07 22:08:10,949 - INFO - Epoch [9/60] train_loss: 1.6358, val_loss: 1.7641, lr: 0.001000, 424.00s
2024-10-07 22:08:10,985 - INFO - Saved model at 9
2024-10-07 22:08:11,055 - INFO - Val loss decrease from 1.8033 to 1.7641, saving to ./libcity/cache/GWNET(PEMS_BAY)/model_cache/GWNET_PEMS_BAY_epoch9.tar
2024-10-07 22:13:55,346 - INFO - epoch complete!
2024-10-07 22:13:55,346 - INFO - evaluating now!
2024-10-07 22:14:29,468 - INFO - Epoch [10/60] train_loss: 1.6217, val_loss: 1.7834, lr: 0.001000, 378.41s
2024-10-07 22:20:51,595 - INFO - epoch complete!
2024-10-07 22:20:51,601 - INFO - evaluating now!
2024-10-07 22:21:24,192 - INFO - Epoch [11/60] train_loss: 1.6132, val_loss: 1.7582, lr: 0.001000, 414.72s
2024-10-07 22:21:24,289 - INFO - Saved model at 11
2024-10-07 22:21:24,289 - INFO - Val loss decrease from 1.7641 to 1.7582, saving to ./libcity/cache/GWNET(PEMS_BAY)/model_cache/GWNET_PEMS_BAY_epoch11.tar
2024-10-07 22:26:46,647 - INFO - epoch complete!
2024-10-07 22:26:46,652 - INFO - evaluating now!
2024-10-07 22:27:13,239 - INFO - Epoch [12/60] train_loss: 1.6059, val_loss: 1.7409, lr: 0.001000, 348.95s
2024-10-07 22:27:13,308 - INFO - Saved model at 12
2024-10-07 22:27:13,309 - INFO - Val loss decrease from 1.7582 to 1.7409, saving to ./libcity/cache/GWNET(PEMS_BAY)/model_cache/GWNET_PEMS_BAY_epoch12.tar
2024-10-07 22:31:53,232 - INFO - epoch complete!
2024-10-07 22:31:53,233 - INFO - evaluating now!
2024-10-07 22:32:10,973 - INFO - Epoch [13/60] train_loss: 1.5970, val_loss: 1.7337, lr: 0.001000, 297.66s
2024-10-07 22:32:10,999 - INFO - Saved model at 13
2024-10-07 22:32:10,999 - INFO - Val loss decrease from 1.7409 to 1.7337, saving to ./libcity/cache/GWNET(PEMS_BAY)/model_cache/GWNET_PEMS_BAY_epoch13.tar
2024-10-07 22:37:17,860 - INFO - epoch complete!
2024-10-07 22:37:17,863 - INFO - evaluating now!
2024-10-07 22:37:44,239 - INFO - Epoch [14/60] train_loss: 1.5895, val_loss: 1.7426, lr: 0.001000, 333.24s
2024-10-07 22:43:22,212 - INFO - epoch complete!
2024-10-07 22:43:22,218 - INFO - evaluating now!
2024-10-07 22:43:42,609 - INFO - Epoch [15/60] train_loss: 1.5809, val_loss: 1.7170, lr: 0.001000, 358.37s
2024-10-07 22:43:42,645 - INFO - Saved model at 15
2024-10-07 22:43:42,645 - INFO - Val loss decrease from 1.7337 to 1.7170, saving to ./libcity/cache/GWNET(PEMS_BAY)/model_cache/GWNET_PEMS_BAY_epoch15.tar
2024-10-07 22:47:37,319 - INFO - epoch complete!
2024-10-07 22:47:37,319 - INFO - evaluating now!
2024-10-07 22:47:50,154 - INFO - Epoch [16/60] train_loss: 1.5750, val_loss: 1.7045, lr: 0.001000, 247.51s
2024-10-07 22:47:50,182 - INFO - Saved model at 16
2024-10-07 22:47:50,183 - INFO - Val loss decrease from 1.7170 to 1.7045, saving to ./libcity/cache/GWNET(PEMS_BAY)/model_cache/GWNET_PEMS_BAY_epoch16.tar
2024-10-07 22:51:29,917 - INFO - epoch complete!
2024-10-07 22:51:29,919 - INFO - evaluating now!
2024-10-07 22:51:47,680 - INFO - Epoch [17/60] train_loss: 1.5681, val_loss: 1.7020, lr: 0.001000, 237.50s
2024-10-07 22:51:47,738 - INFO - Saved model at 17
2024-10-07 22:51:47,739 - INFO - Val loss decrease from 1.7045 to 1.7020, saving to ./libcity/cache/GWNET(PEMS_BAY)/model_cache/GWNET_PEMS_BAY_epoch17.tar
2024-10-07 22:56:09,852 - INFO - epoch complete!
2024-10-07 22:56:09,853 - INFO - evaluating now!
2024-10-07 22:56:27,766 - INFO - Epoch [18/60] train_loss: 1.5631, val_loss: 1.7154, lr: 0.001000, 280.03s
2024-10-07 23:00:19,378 - INFO - epoch complete!
2024-10-07 23:00:19,379 - INFO - evaluating now!
2024-10-07 23:00:32,298 - INFO - Epoch [19/60] train_loss: 1.5574, val_loss: 1.6989, lr: 0.001000, 244.53s
2024-10-07 23:00:32,323 - INFO - Saved model at 19
2024-10-07 23:00:32,323 - INFO - Val loss decrease from 1.7020 to 1.6989, saving to ./libcity/cache/GWNET(PEMS_BAY)/model_cache/GWNET_PEMS_BAY_epoch19.tar
2024-10-07 23:03:23,438 - INFO - epoch complete!
2024-10-07 23:03:23,439 - INFO - evaluating now!
2024-10-07 23:03:35,515 - INFO - Epoch [20/60] train_loss: 1.5505, val_loss: 1.7206, lr: 0.001000, 183.19s
