2025-05-28 14:40:44,816 - INFO - Log directory: ./libcity/log
2025-05-28 14:40:44,816 - INFO - Begin pipeline, task=MTS_pred, model_name=RNN, dataset_name=humidity, exp_id=humidity_RNN1
2025-05-28 14:40:44,816 - INFO - {'task': 'MTS_pred', 'model': 'RNN', 'dataset': 'humidity', 'saved_model': False, 'exp_id': 'humidity_RNN1', 'seed': 0, 'dataset_class': 'StatePointDataset', 'executor': 'StateExecutor', 'evaluator': 'StateEvaluator', 'rnn_type': 'RNN', 'hidden_size': 64, 'num_layers': 1, 'dropout': 0, 'bidirectional': False, 'teacher_forcing_ratio': 0, 'scaler': 'standard', 'load_external': False, 'normal_external': False, 'ext_scaler': 'none', 'add_time_in_day': True, 'add_day_in_week': False, 'max_epoch': 100, 'learner': 'adam', 'learning_rate': 0.01, 'lr_decay': True, 'lr_scheduler': 'multisteplr', 'lr_decay_ratio': 0.1, 'steps': [5, 20, 40, 70], 'clip_grad_norm': True, 'max_grad_norm': 5, 'use_early_stop': True, 'patience': 50, 'batch_size': 64, 'cache_dataset': True, 'num_workers': 0, 'pad_with_last_sample': True, 'train_rate': 0.7, 'eval_rate': 0.1, 'input_window': 12, 'output_window': 12, 'robustness_test': False, 'noise_type': 'gaussian', 'disturb_rate': 0.5, 'noise_mean': [5], 'noise_SD': [10], 'gpu': True, 'gpu_id': 0, 'train_loss': 'none', 'epoch': 0, 'weight_decay': 0, 'lr_epsilon': 1e-08, 'lr_beta1': 0.9, 'lr_beta2': 0.999, 'lr_alpha': 0.99, 'lr_momentum': 0, 'step_size': 10, 'lr_T_max': 30, 'lr_eta_min': 0, 'lr_patience': 10, 'lr_threshold': 0.0001, 'log_level': 'INFO', 'log_every': 1, 'load_best_epoch': True, 'hyper_tune': False, 'metrics': ['MAE', 'MAPE', 'RMSE'], 'evaluator_mode': 'single', 'save_mode': ['csv'], 'geo': {'including_types': ['Point'], 'Point': {}}, 'rel': {'including_types': ['geo'], 'geo': {'cost': 'num'}}, 'dyna': {'including_types': ['state'], 'state': {'entity_id': 'geo_id', 'traffic_speed': 'num'}}, 'data_col': ['traffic_speed'], 'weight_col': 'cost', 'data_files': ['humidity'], 'geo_file': 'humidity', 'rel_file': 'humidity', 'output_dim': 1, 'time_intervals': 300, 'init_weight_inf_or_zero': 'inf', 'set_weight_link_or_dist': 'dist', 'calculate_weight_adj': True, 'weight_adj_epsilon': 0.1, 'device': device(type='cuda', index=0)}
2025-05-28 14:40:46,384 - INFO - Loaded file humidity_feature.csv, shape=(3322, 2048, 1)
2025-05-28 14:40:47,552 - INFO - Dataset created
2025-05-28 14:40:47,552 - INFO - x shape: (3299, 12, 2048, 1), y shape: (3299, 12, 2048, 1)
2025-05-28 14:40:47,589 - INFO - train	x: (2309, 12, 2048, 1), y: (2309, 12, 2048, 1)
2025-05-28 14:40:47,589 - INFO - eval	x: (330, 12, 2048, 1), y: (330, 12, 2048, 1)
2025-05-28 14:40:47,589 - INFO - test	x: (660, 12, 2048, 1), y: (660, 12, 2048, 1)
2025-05-28 14:42:09,288 - INFO - Saved at ./libcity/cache/dataset_cache/point_based_humidity_12_12_0.7_0.1_standard_64_False_True_False_True.npz
2025-05-28 14:42:09,507 - INFO - StandardScaler mean: 78.66855544535464, std: 17.406175498267864
2025-05-28 14:42:09,508 - INFO - NoneScaler
2025-05-28 14:42:10,752 - INFO - You select rnn_type RNN in RNN!
2025-05-28 14:42:10,936 - INFO - RNN(
  (rnn): RNN(2048, 64)
  (fc): Linear(in_features=64, out_features=2048, bias=True)
)
2025-05-28 14:42:10,936 - INFO - rnn.weight_ih_l0	torch.Size([64, 2048])	cuda:0	True
2025-05-28 14:42:10,936 - INFO - rnn.weight_hh_l0	torch.Size([64, 64])	cuda:0	True
2025-05-28 14:42:10,936 - INFO - rnn.bias_ih_l0	torch.Size([64])	cuda:0	True
2025-05-28 14:42:10,936 - INFO - rnn.bias_hh_l0	torch.Size([64])	cuda:0	True
2025-05-28 14:42:10,937 - INFO - fc.weight	torch.Size([2048, 64])	cuda:0	True
2025-05-28 14:42:10,937 - INFO - fc.bias	torch.Size([2048])	cuda:0	True
2025-05-28 14:42:10,937 - INFO - Total parameter numbers: 268416
2025-05-28 14:42:10,937 - INFO - You select `adam` optimizer.
2025-05-28 14:42:11,922 - INFO - You select `multisteplr` lr_scheduler.
2025-05-28 14:42:11,922 - WARNING - Received none train loss func and will use the loss func defined in the model.
2025-05-28 14:42:11,923 - INFO - Loaded model at ./libcity/cache/humidity_RNN1/model_cache/RNN_humidity.m
2025-05-28 14:42:11,951 - INFO - Start evaluating ...
2025-05-28 14:42:15,845 - INFO - Note that you select the single mode to evaluate!
2025-05-28 14:42:15,848 - INFO - Evaluate result is saved at ./libcity/cache/humidity_RNN1/evaluate_cache\2025_05_28_14_42_15_RNN_humidity.csv
2025-05-28 14:42:15,852 - INFO - 
         MAE      MAPE       RMSE
1   9.345814  0.155778  12.873274
2   9.344323  0.155751  12.867143
3   9.342735  0.155711  12.860513
4   9.340302  0.155624  12.851777
5   9.336658  0.155488  12.841050
6   9.332840  0.155330  12.831244
7   9.329118  0.155148  12.822581
8   9.325214  0.154955  12.814570
9   9.320645  0.154752  12.806156
10  9.315821  0.154540  12.797657
11  9.310059  0.154314  12.788252
12  9.304297  0.154092  12.779037
