2025-05-28 14:33:44,500 - INFO - Log directory: ./libcity/log
2025-05-28 14:33:44,500 - INFO - Begin pipeline, task=MTS_pred, model_name=RNN, dataset_name=humidity, exp_id=humidity_RNN1
2025-05-28 14:33:44,500 - INFO - {'task': 'MTS_pred', 'model': 'RNN', 'dataset': 'humidity', 'saved_model': True, 'exp_id': 'humidity_RNN1', 'seed': 0, 'max_epoch': 20, 'dataset_class': 'StatePointDataset', 'executor': 'StateExecutor', 'evaluator': 'StateEvaluator', 'rnn_type': 'RNN', 'hidden_size': 64, 'num_layers': 1, 'dropout': 0, 'bidirectional': False, 'teacher_forcing_ratio': 0, 'scaler': 'standard', 'load_external': False, 'normal_external': False, 'ext_scaler': 'none', 'add_time_in_day': True, 'add_day_in_week': False, 'learner': 'adam', 'learning_rate': 0.01, 'lr_decay': True, 'lr_scheduler': 'multisteplr', 'lr_decay_ratio': 0.1, 'steps': [5, 20, 40, 70], 'clip_grad_norm': True, 'max_grad_norm': 5, 'use_early_stop': True, 'patience': 50, 'batch_size': 64, 'cache_dataset': True, 'num_workers': 0, 'pad_with_last_sample': True, 'train_rate': 0.7, 'eval_rate': 0.1, 'input_window': 12, 'output_window': 12, 'robustness_test': False, 'noise_type': 'gaussian', 'disturb_rate': 0.5, 'noise_mean': [5], 'noise_SD': [10], 'gpu': True, 'gpu_id': 0, 'train_loss': 'none', 'epoch': 0, 'weight_decay': 0, 'lr_epsilon': 1e-08, 'lr_beta1': 0.9, 'lr_beta2': 0.999, 'lr_alpha': 0.99, 'lr_momentum': 0, 'step_size': 10, 'lr_T_max': 30, 'lr_eta_min': 0, 'lr_patience': 10, 'lr_threshold': 0.0001, 'log_level': 'INFO', 'log_every': 1, 'load_best_epoch': True, 'hyper_tune': False, 'metrics': ['MAE', 'MAPE', 'RMSE'], 'evaluator_mode': 'single', 'save_mode': ['csv'], 'geo': {'including_types': ['Point'], 'Point': {}}, 'rel': {'including_types': ['geo'], 'geo': {'cost': 'num'}}, 'dyna': {'including_types': ['state'], 'state': {'entity_id': 'geo_id', 'traffic_speed': 'num'}}, 'data_col': ['traffic_speed'], 'weight_col': 'cost', 'data_files': ['humidity'], 'geo_file': 'humidity', 'rel_file': 'humidity', 'output_dim': 1, 'time_intervals': 300, 'init_weight_inf_or_zero': 'inf', 'set_weight_link_or_dist': 'dist', 'calculate_weight_adj': True, 'weight_adj_epsilon': 0.1, 'device': device(type='cuda', index=0)}
2025-05-28 14:33:46,003 - INFO - Loaded file humidity_feature.csv, shape=(3322, 2048, 1)
2025-05-28 14:33:47,136 - INFO - Dataset created
2025-05-28 14:33:47,136 - INFO - x shape: (3299, 12, 2048, 1), y shape: (3299, 12, 2048, 1)
2025-05-28 14:33:47,173 - INFO - train	x: (2309, 12, 2048, 1), y: (2309, 12, 2048, 1)
2025-05-28 14:33:47,173 - INFO - eval	x: (330, 12, 2048, 1), y: (330, 12, 2048, 1)
2025-05-28 14:33:47,173 - INFO - test	x: (660, 12, 2048, 1), y: (660, 12, 2048, 1)
2025-05-28 14:35:29,545 - INFO - Saved at ./libcity/cache/dataset_cache/point_based_humidity_12_12_0.7_0.1_standard_64_False_True_False_True.npz
2025-05-28 14:35:29,917 - INFO - StandardScaler mean: 78.66855544535464, std: 17.406175498267864
2025-05-28 14:35:29,917 - INFO - NoneScaler
2025-05-28 14:35:31,808 - INFO - You select rnn_type RNN in RNN!
2025-05-28 14:35:32,064 - INFO - RNN(
  (rnn): RNN(2048, 64)
  (fc): Linear(in_features=64, out_features=2048, bias=True)
)
2025-05-28 14:35:32,065 - INFO - rnn.weight_ih_l0	torch.Size([64, 2048])	cuda:0	True
2025-05-28 14:35:32,065 - INFO - rnn.weight_hh_l0	torch.Size([64, 64])	cuda:0	True
2025-05-28 14:35:32,065 - INFO - rnn.bias_ih_l0	torch.Size([64])	cuda:0	True
2025-05-28 14:35:32,065 - INFO - rnn.bias_hh_l0	torch.Size([64])	cuda:0	True
2025-05-28 14:35:32,065 - INFO - fc.weight	torch.Size([2048, 64])	cuda:0	True
2025-05-28 14:35:32,066 - INFO - fc.bias	torch.Size([2048])	cuda:0	True
2025-05-28 14:35:32,066 - INFO - Total parameter numbers: 268416
2025-05-28 14:35:32,066 - INFO - You select `adam` optimizer.
2025-05-28 14:35:33,642 - INFO - You select `multisteplr` lr_scheduler.
2025-05-28 14:35:33,642 - WARNING - Received none train loss func and will use the loss func defined in the model.
2025-05-28 14:35:33,642 - INFO - Start training ...
2025-05-28 14:35:33,642 - INFO - num_batches:37
2025-05-28 14:35:35,109 - INFO - epoch complete!
2025-05-28 14:35:35,109 - INFO - evaluating now!
2025-05-28 14:35:35,240 - INFO - Epoch [0/20] train_loss: 10.7870, val_loss: 9.4169, lr: 0.010000, 1.60s
2025-05-28 14:35:35,250 - INFO - Saved model at 0
2025-05-28 14:35:35,250 - INFO - Val loss decrease from inf to 9.4169, saving to ./libcity/cache/humidity_RNN1/model_cache/RNN_humidity_epoch0.tar
2025-05-28 14:35:36,488 - INFO - epoch complete!
2025-05-28 14:35:36,488 - INFO - evaluating now!
2025-05-28 14:35:36,609 - INFO - Epoch [1/20] train_loss: 9.4137, val_loss: 9.3111, lr: 0.010000, 1.36s
2025-05-28 14:35:36,614 - INFO - Saved model at 1
2025-05-28 14:35:36,614 - INFO - Val loss decrease from 9.4169 to 9.3111, saving to ./libcity/cache/humidity_RNN1/model_cache/RNN_humidity_epoch1.tar
2025-05-28 14:35:37,826 - INFO - epoch complete!
2025-05-28 14:35:37,826 - INFO - evaluating now!
2025-05-28 14:35:37,965 - INFO - Epoch [2/20] train_loss: 9.3899, val_loss: 9.3147, lr: 0.010000, 1.35s
2025-05-28 14:35:39,211 - INFO - epoch complete!
2025-05-28 14:35:39,211 - INFO - evaluating now!
2025-05-28 14:35:39,351 - INFO - Epoch [3/20] train_loss: 9.4089, val_loss: 9.3230, lr: 0.010000, 1.39s
2025-05-28 14:35:40,603 - INFO - epoch complete!
2025-05-28 14:35:40,604 - INFO - evaluating now!
2025-05-28 14:35:40,745 - INFO - Epoch [4/20] train_loss: 9.3988, val_loss: 9.3333, lr: 0.001000, 1.39s
2025-05-28 14:35:41,993 - INFO - epoch complete!
2025-05-28 14:35:41,994 - INFO - evaluating now!
2025-05-28 14:35:42,130 - INFO - Epoch [5/20] train_loss: 9.3522, val_loss: 9.2676, lr: 0.001000, 1.38s
2025-05-28 14:35:42,137 - INFO - Saved model at 5
2025-05-28 14:35:42,137 - INFO - Val loss decrease from 9.3111 to 9.2676, saving to ./libcity/cache/humidity_RNN1/model_cache/RNN_humidity_epoch5.tar
2025-05-28 14:35:43,404 - INFO - epoch complete!
2025-05-28 14:35:43,405 - INFO - evaluating now!
2025-05-28 14:35:43,550 - INFO - Epoch [6/20] train_loss: 9.3453, val_loss: 9.2724, lr: 0.001000, 1.41s
2025-05-28 14:35:44,796 - INFO - epoch complete!
2025-05-28 14:35:44,797 - INFO - evaluating now!
2025-05-28 14:35:44,939 - INFO - Epoch [7/20] train_loss: 9.3414, val_loss: 9.2648, lr: 0.001000, 1.39s
2025-05-28 14:35:44,946 - INFO - Saved model at 7
2025-05-28 14:35:44,946 - INFO - Val loss decrease from 9.2676 to 9.2648, saving to ./libcity/cache/humidity_RNN1/model_cache/RNN_humidity_epoch7.tar
2025-05-28 14:35:46,214 - INFO - epoch complete!
2025-05-28 14:35:46,214 - INFO - evaluating now!
2025-05-28 14:35:46,353 - INFO - Epoch [8/20] train_loss: 9.3416, val_loss: 9.2638, lr: 0.001000, 1.41s
2025-05-28 14:35:46,359 - INFO - Saved model at 8
2025-05-28 14:35:46,360 - INFO - Val loss decrease from 9.2648 to 9.2638, saving to ./libcity/cache/humidity_RNN1/model_cache/RNN_humidity_epoch8.tar
2025-05-28 14:35:47,600 - INFO - epoch complete!
2025-05-28 14:35:47,600 - INFO - evaluating now!
2025-05-28 14:35:47,737 - INFO - Epoch [9/20] train_loss: 9.3448, val_loss: 9.2678, lr: 0.001000, 1.38s
2025-05-28 14:35:49,017 - INFO - epoch complete!
2025-05-28 14:35:49,017 - INFO - evaluating now!
2025-05-28 14:35:49,154 - INFO - Epoch [10/20] train_loss: 9.3422, val_loss: 9.2628, lr: 0.001000, 1.42s
2025-05-28 14:35:49,162 - INFO - Saved model at 10
2025-05-28 14:35:49,162 - INFO - Val loss decrease from 9.2638 to 9.2628, saving to ./libcity/cache/humidity_RNN1/model_cache/RNN_humidity_epoch10.tar
2025-05-28 14:35:50,410 - INFO - epoch complete!
2025-05-28 14:35:50,410 - INFO - evaluating now!
2025-05-28 14:35:50,549 - INFO - Epoch [11/20] train_loss: 9.3429, val_loss: 9.2729, lr: 0.001000, 1.39s
2025-05-28 14:35:51,811 - INFO - epoch complete!
2025-05-28 14:35:51,812 - INFO - evaluating now!
2025-05-28 14:35:51,943 - INFO - Epoch [12/20] train_loss: 9.3440, val_loss: 9.2726, lr: 0.001000, 1.39s
2025-05-28 14:35:53,209 - INFO - epoch complete!
2025-05-28 14:35:53,210 - INFO - evaluating now!
2025-05-28 14:35:53,352 - INFO - Epoch [13/20] train_loss: 9.3427, val_loss: 9.2689, lr: 0.001000, 1.41s
2025-05-28 14:35:54,584 - INFO - epoch complete!
2025-05-28 14:35:54,585 - INFO - evaluating now!
2025-05-28 14:35:54,722 - INFO - Epoch [14/20] train_loss: 9.3436, val_loss: 9.2665, lr: 0.001000, 1.37s
2025-05-28 14:35:56,004 - INFO - epoch complete!
2025-05-28 14:35:56,004 - INFO - evaluating now!
2025-05-28 14:35:56,150 - INFO - Epoch [15/20] train_loss: 9.3466, val_loss: 9.2783, lr: 0.001000, 1.43s
2025-05-28 14:35:57,486 - INFO - epoch complete!
2025-05-28 14:35:57,486 - INFO - evaluating now!
2025-05-28 14:35:57,630 - INFO - Epoch [16/20] train_loss: 9.3481, val_loss: 9.2723, lr: 0.001000, 1.48s
2025-05-28 14:35:58,917 - INFO - epoch complete!
2025-05-28 14:35:58,917 - INFO - evaluating now!
2025-05-28 14:35:59,055 - INFO - Epoch [17/20] train_loss: 9.3440, val_loss: 9.2828, lr: 0.001000, 1.43s
2025-05-28 14:36:00,375 - INFO - epoch complete!
2025-05-28 14:36:00,376 - INFO - evaluating now!
2025-05-28 14:36:00,517 - INFO - Epoch [18/20] train_loss: 9.3449, val_loss: 9.2837, lr: 0.001000, 1.46s
2025-05-28 14:36:01,843 - INFO - epoch complete!
2025-05-28 14:36:01,843 - INFO - evaluating now!
2025-05-28 14:36:01,985 - INFO - Epoch [19/20] train_loss: 9.3466, val_loss: 9.2739, lr: 0.000100, 1.47s
2025-05-28 14:36:01,985 - INFO - Trained totally 20 epochs, average train time is 1.276s, average eval time is 0.138s
2025-05-28 14:36:02,005 - INFO - Loaded model at 10
2025-05-28 14:36:02,005 - INFO - Saved model at ./libcity/cache/humidity_RNN1/model_cache/RNN_humidity.m
2025-05-28 14:36:02,010 - INFO - Start evaluating ...
2025-05-28 14:36:07,086 - INFO - Note that you select the single mode to evaluate!
2025-05-28 14:36:07,091 - INFO - Evaluate result is saved at ./libcity/cache/humidity_RNN1/evaluate_cache\2025_05_28_14_36_07_RNN_humidity.csv
2025-05-28 14:36:07,097 - INFO - 
         MAE      MAPE       RMSE
1   9.359951  0.155979  12.878709
2   9.358631  0.155957  12.872602
3   9.357041  0.155919  12.866033
4   9.354497  0.155832  12.857358
5   9.350741  0.155697  12.846641
6   9.346837  0.155538  12.836831
7   9.343058  0.155355  12.828151
8   9.339102  0.155161  12.820109
9   9.334386  0.154956  12.811646
10  9.329463  0.154743  12.803110
11  9.323681  0.154516  12.793694
12  9.317884  0.154293  12.784433
