2025-05-28 14:37:09,170 - INFO - Log directory: ./libcity/log
2025-05-28 14:37:09,171 - INFO - Begin pipeline, task=MTS_pred, model_name=RNN, dataset_name=humidity, exp_id=humidity_RNN1
2025-05-28 14:37:09,171 - INFO - {'task': 'MTS_pred', 'model': 'RNN', 'dataset': 'humidity', 'saved_model': True, 'exp_id': 'humidity_RNN1', 'seed': 0, 'max_epoch': 50, 'dataset_class': 'StatePointDataset', 'executor': 'StateExecutor', 'evaluator': 'StateEvaluator', 'rnn_type': 'RNN', 'hidden_size': 64, 'num_layers': 1, 'dropout': 0, 'bidirectional': False, 'teacher_forcing_ratio': 0, 'scaler': 'standard', 'load_external': False, 'normal_external': False, 'ext_scaler': 'none', 'add_time_in_day': True, 'add_day_in_week': False, 'learner': 'adam', 'learning_rate': 0.01, 'lr_decay': True, 'lr_scheduler': 'multisteplr', 'lr_decay_ratio': 0.1, 'steps': [5, 20, 40, 70], 'clip_grad_norm': True, 'max_grad_norm': 5, 'use_early_stop': True, 'patience': 50, 'batch_size': 64, 'cache_dataset': True, 'num_workers': 0, 'pad_with_last_sample': True, 'train_rate': 0.7, 'eval_rate': 0.1, 'input_window': 12, 'output_window': 12, 'robustness_test': False, 'noise_type': 'gaussian', 'disturb_rate': 0.5, 'noise_mean': [5], 'noise_SD': [10], 'gpu': True, 'gpu_id': 0, 'train_loss': 'none', 'epoch': 0, 'weight_decay': 0, 'lr_epsilon': 1e-08, 'lr_beta1': 0.9, 'lr_beta2': 0.999, 'lr_alpha': 0.99, 'lr_momentum': 0, 'step_size': 10, 'lr_T_max': 30, 'lr_eta_min': 0, 'lr_patience': 10, 'lr_threshold': 0.0001, 'log_level': 'INFO', 'log_every': 1, 'load_best_epoch': True, 'hyper_tune': False, 'metrics': ['MAE', 'MAPE', 'RMSE'], 'evaluator_mode': 'single', 'save_mode': ['csv'], 'geo': {'including_types': ['Point'], 'Point': {}}, 'rel': {'including_types': ['geo'], 'geo': {'cost': 'num'}}, 'dyna': {'including_types': ['state'], 'state': {'entity_id': 'geo_id', 'traffic_speed': 'num'}}, 'data_col': ['traffic_speed'], 'weight_col': 'cost', 'data_files': ['humidity'], 'geo_file': 'humidity', 'rel_file': 'humidity', 'output_dim': 1, 'time_intervals': 300, 'init_weight_inf_or_zero': 'inf', 'set_weight_link_or_dist': 'dist', 'calculate_weight_adj': True, 'weight_adj_epsilon': 0.1, 'device': device(type='cuda', index=0)}
2025-05-28 14:37:10,626 - INFO - Loaded file humidity_feature.csv, shape=(3322, 2048, 1)
2025-05-28 14:37:11,764 - INFO - Dataset created
2025-05-28 14:37:11,764 - INFO - x shape: (3299, 12, 2048, 1), y shape: (3299, 12, 2048, 1)
2025-05-28 14:37:11,799 - INFO - train	x: (2309, 12, 2048, 1), y: (2309, 12, 2048, 1)
2025-05-28 14:37:11,799 - INFO - eval	x: (330, 12, 2048, 1), y: (330, 12, 2048, 1)
2025-05-28 14:37:11,799 - INFO - test	x: (660, 12, 2048, 1), y: (660, 12, 2048, 1)
2025-05-28 14:38:51,290 - INFO - Saved at ./libcity/cache/dataset_cache/point_based_humidity_12_12_0.7_0.1_standard_64_False_True_False_True.npz
2025-05-28 14:38:51,528 - INFO - StandardScaler mean: 78.66855544535464, std: 17.406175498267864
2025-05-28 14:38:51,529 - INFO - NoneScaler
2025-05-28 14:38:52,877 - INFO - You select rnn_type RNN in RNN!
2025-05-28 14:38:53,073 - INFO - RNN(
  (rnn): RNN(2048, 64)
  (fc): Linear(in_features=64, out_features=2048, bias=True)
)
2025-05-28 14:38:53,073 - INFO - rnn.weight_ih_l0	torch.Size([64, 2048])	cuda:0	True
2025-05-28 14:38:53,073 - INFO - rnn.weight_hh_l0	torch.Size([64, 64])	cuda:0	True
2025-05-28 14:38:53,074 - INFO - rnn.bias_ih_l0	torch.Size([64])	cuda:0	True
2025-05-28 14:38:53,074 - INFO - rnn.bias_hh_l0	torch.Size([64])	cuda:0	True
2025-05-28 14:38:53,074 - INFO - fc.weight	torch.Size([2048, 64])	cuda:0	True
2025-05-28 14:38:53,074 - INFO - fc.bias	torch.Size([2048])	cuda:0	True
2025-05-28 14:38:53,074 - INFO - Total parameter numbers: 268416
2025-05-28 14:38:53,074 - INFO - You select `adam` optimizer.
2025-05-28 14:38:54,086 - INFO - You select `multisteplr` lr_scheduler.
2025-05-28 14:38:54,086 - WARNING - Received none train loss func and will use the loss func defined in the model.
2025-05-28 14:38:54,086 - INFO - Start training ...
2025-05-28 14:38:54,086 - INFO - num_batches:37
2025-05-28 14:38:55,086 - INFO - epoch complete!
2025-05-28 14:38:55,086 - INFO - evaluating now!
2025-05-28 14:38:55,176 - INFO - Epoch [0/50] train_loss: 10.7870, val_loss: 9.4169, lr: 0.010000, 1.09s
2025-05-28 14:38:55,183 - INFO - Saved model at 0
2025-05-28 14:38:55,183 - INFO - Val loss decrease from inf to 9.4169, saving to ./libcity/cache/humidity_RNN1/model_cache/RNN_humidity_epoch0.tar
2025-05-28 14:38:56,004 - INFO - epoch complete!
2025-05-28 14:38:56,004 - INFO - evaluating now!
2025-05-28 14:38:56,096 - INFO - Epoch [1/50] train_loss: 9.4137, val_loss: 9.3111, lr: 0.010000, 0.91s
2025-05-28 14:38:56,101 - INFO - Saved model at 1
2025-05-28 14:38:56,101 - INFO - Val loss decrease from 9.4169 to 9.3111, saving to ./libcity/cache/humidity_RNN1/model_cache/RNN_humidity_epoch1.tar
2025-05-28 14:38:56,968 - INFO - epoch complete!
2025-05-28 14:38:56,968 - INFO - evaluating now!
2025-05-28 14:38:57,060 - INFO - Epoch [2/50] train_loss: 9.3899, val_loss: 9.3147, lr: 0.010000, 0.96s
2025-05-28 14:38:57,865 - INFO - epoch complete!
2025-05-28 14:38:57,866 - INFO - evaluating now!
2025-05-28 14:38:57,955 - INFO - Epoch [3/50] train_loss: 9.4089, val_loss: 9.3230, lr: 0.010000, 0.89s
2025-05-28 14:38:58,765 - INFO - epoch complete!
2025-05-28 14:38:58,765 - INFO - evaluating now!
2025-05-28 14:38:58,857 - INFO - Epoch [4/50] train_loss: 9.3988, val_loss: 9.3333, lr: 0.001000, 0.90s
2025-05-28 14:38:59,690 - INFO - epoch complete!
2025-05-28 14:38:59,690 - INFO - evaluating now!
2025-05-28 14:38:59,780 - INFO - Epoch [5/50] train_loss: 9.3522, val_loss: 9.2676, lr: 0.001000, 0.92s
2025-05-28 14:38:59,785 - INFO - Saved model at 5
2025-05-28 14:38:59,785 - INFO - Val loss decrease from 9.3111 to 9.2676, saving to ./libcity/cache/humidity_RNN1/model_cache/RNN_humidity_epoch5.tar
2025-05-28 14:39:00,618 - INFO - epoch complete!
2025-05-28 14:39:00,618 - INFO - evaluating now!
2025-05-28 14:39:00,710 - INFO - Epoch [6/50] train_loss: 9.3453, val_loss: 9.2724, lr: 0.001000, 0.92s
2025-05-28 14:39:01,552 - INFO - epoch complete!
2025-05-28 14:39:01,552 - INFO - evaluating now!
2025-05-28 14:39:01,648 - INFO - Epoch [7/50] train_loss: 9.3414, val_loss: 9.2648, lr: 0.001000, 0.94s
2025-05-28 14:39:01,653 - INFO - Saved model at 7
2025-05-28 14:39:01,653 - INFO - Val loss decrease from 9.2676 to 9.2648, saving to ./libcity/cache/humidity_RNN1/model_cache/RNN_humidity_epoch7.tar
2025-05-28 14:39:02,488 - INFO - epoch complete!
2025-05-28 14:39:02,489 - INFO - evaluating now!
2025-05-28 14:39:02,581 - INFO - Epoch [8/50] train_loss: 9.3416, val_loss: 9.2638, lr: 0.001000, 0.93s
2025-05-28 14:39:02,585 - INFO - Saved model at 8
2025-05-28 14:39:02,585 - INFO - Val loss decrease from 9.2648 to 9.2638, saving to ./libcity/cache/humidity_RNN1/model_cache/RNN_humidity_epoch8.tar
2025-05-28 14:39:03,464 - INFO - epoch complete!
2025-05-28 14:39:03,464 - INFO - evaluating now!
2025-05-28 14:39:03,552 - INFO - Epoch [9/50] train_loss: 9.3448, val_loss: 9.2678, lr: 0.001000, 0.97s
2025-05-28 14:39:04,367 - INFO - epoch complete!
2025-05-28 14:39:04,367 - INFO - evaluating now!
2025-05-28 14:39:04,463 - INFO - Epoch [10/50] train_loss: 9.3422, val_loss: 9.2628, lr: 0.001000, 0.91s
2025-05-28 14:39:04,467 - INFO - Saved model at 10
2025-05-28 14:39:04,467 - INFO - Val loss decrease from 9.2638 to 9.2628, saving to ./libcity/cache/humidity_RNN1/model_cache/RNN_humidity_epoch10.tar
2025-05-28 14:39:05,346 - INFO - epoch complete!
2025-05-28 14:39:05,346 - INFO - evaluating now!
2025-05-28 14:39:05,437 - INFO - Epoch [11/50] train_loss: 9.3429, val_loss: 9.2729, lr: 0.001000, 0.97s
2025-05-28 14:39:06,251 - INFO - epoch complete!
2025-05-28 14:39:06,251 - INFO - evaluating now!
2025-05-28 14:39:06,342 - INFO - Epoch [12/50] train_loss: 9.3440, val_loss: 9.2726, lr: 0.001000, 0.91s
2025-05-28 14:39:07,202 - INFO - epoch complete!
2025-05-28 14:39:07,202 - INFO - evaluating now!
2025-05-28 14:39:07,297 - INFO - Epoch [13/50] train_loss: 9.3427, val_loss: 9.2689, lr: 0.001000, 0.95s
2025-05-28 14:39:08,127 - INFO - epoch complete!
2025-05-28 14:39:08,127 - INFO - evaluating now!
2025-05-28 14:39:08,226 - INFO - Epoch [14/50] train_loss: 9.3436, val_loss: 9.2665, lr: 0.001000, 0.93s
2025-05-28 14:39:09,069 - INFO - epoch complete!
2025-05-28 14:39:09,069 - INFO - evaluating now!
2025-05-28 14:39:09,161 - INFO - Epoch [15/50] train_loss: 9.3466, val_loss: 9.2783, lr: 0.001000, 0.93s
2025-05-28 14:39:10,015 - INFO - epoch complete!
2025-05-28 14:39:10,016 - INFO - evaluating now!
2025-05-28 14:39:10,109 - INFO - Epoch [16/50] train_loss: 9.3481, val_loss: 9.2723, lr: 0.001000, 0.95s
2025-05-28 14:39:10,893 - INFO - epoch complete!
2025-05-28 14:39:10,893 - INFO - evaluating now!
2025-05-28 14:39:10,987 - INFO - Epoch [17/50] train_loss: 9.3440, val_loss: 9.2828, lr: 0.001000, 0.88s
2025-05-28 14:39:11,824 - INFO - epoch complete!
2025-05-28 14:39:11,824 - INFO - evaluating now!
2025-05-28 14:39:11,923 - INFO - Epoch [18/50] train_loss: 9.3449, val_loss: 9.2837, lr: 0.001000, 0.94s
2025-05-28 14:39:12,736 - INFO - epoch complete!
2025-05-28 14:39:12,736 - INFO - evaluating now!
2025-05-28 14:39:12,830 - INFO - Epoch [19/50] train_loss: 9.3466, val_loss: 9.2739, lr: 0.000100, 0.91s
2025-05-28 14:39:13,665 - INFO - epoch complete!
2025-05-28 14:39:13,665 - INFO - evaluating now!
2025-05-28 14:39:13,765 - INFO - Epoch [20/50] train_loss: 9.3389, val_loss: 9.2588, lr: 0.000100, 0.94s
2025-05-28 14:39:13,770 - INFO - Saved model at 20
2025-05-28 14:39:13,770 - INFO - Val loss decrease from 9.2628 to 9.2588, saving to ./libcity/cache/humidity_RNN1/model_cache/RNN_humidity_epoch20.tar
2025-05-28 14:39:14,593 - INFO - epoch complete!
2025-05-28 14:39:14,593 - INFO - evaluating now!
2025-05-28 14:39:14,688 - INFO - Epoch [21/50] train_loss: 9.3352, val_loss: 9.2609, lr: 0.000100, 0.92s
2025-05-28 14:39:15,511 - INFO - epoch complete!
2025-05-28 14:39:15,512 - INFO - evaluating now!
2025-05-28 14:39:15,606 - INFO - Epoch [22/50] train_loss: 9.3348, val_loss: 9.2608, lr: 0.000100, 0.92s
2025-05-28 14:39:16,437 - INFO - epoch complete!
2025-05-28 14:39:16,437 - INFO - evaluating now!
2025-05-28 14:39:16,531 - INFO - Epoch [23/50] train_loss: 9.3363, val_loss: 9.2618, lr: 0.000100, 0.93s
2025-05-28 14:39:17,346 - INFO - epoch complete!
2025-05-28 14:39:17,346 - INFO - evaluating now!
2025-05-28 14:39:17,438 - INFO - Epoch [24/50] train_loss: 9.3351, val_loss: 9.2599, lr: 0.000100, 0.91s
2025-05-28 14:39:18,238 - INFO - epoch complete!
2025-05-28 14:39:18,238 - INFO - evaluating now!
2025-05-28 14:39:18,329 - INFO - Epoch [25/50] train_loss: 9.3351, val_loss: 9.2608, lr: 0.000100, 0.89s
2025-05-28 14:39:19,160 - INFO - epoch complete!
2025-05-28 14:39:19,161 - INFO - evaluating now!
2025-05-28 14:39:19,254 - INFO - Epoch [26/50] train_loss: 9.3352, val_loss: 9.2603, lr: 0.000100, 0.92s
2025-05-28 14:39:20,087 - INFO - epoch complete!
2025-05-28 14:39:20,088 - INFO - evaluating now!
2025-05-28 14:39:20,177 - INFO - Epoch [27/50] train_loss: 9.3351, val_loss: 9.2622, lr: 0.000100, 0.92s
2025-05-28 14:39:21,024 - INFO - epoch complete!
2025-05-28 14:39:21,024 - INFO - evaluating now!
2025-05-28 14:39:21,113 - INFO - Epoch [28/50] train_loss: 9.3357, val_loss: 9.2615, lr: 0.000100, 0.94s
2025-05-28 14:39:21,920 - INFO - epoch complete!
2025-05-28 14:39:21,920 - INFO - evaluating now!
2025-05-28 14:39:22,009 - INFO - Epoch [29/50] train_loss: 9.3351, val_loss: 9.2613, lr: 0.000100, 0.90s
2025-05-28 14:39:22,803 - INFO - epoch complete!
2025-05-28 14:39:22,804 - INFO - evaluating now!
2025-05-28 14:39:22,895 - INFO - Epoch [30/50] train_loss: 9.3349, val_loss: 9.2596, lr: 0.000100, 0.88s
2025-05-28 14:39:23,707 - INFO - epoch complete!
2025-05-28 14:39:23,708 - INFO - evaluating now!
2025-05-28 14:39:23,811 - INFO - Epoch [31/50] train_loss: 9.3353, val_loss: 9.2600, lr: 0.000100, 0.92s
2025-05-28 14:39:25,072 - INFO - epoch complete!
2025-05-28 14:39:25,073 - INFO - evaluating now!
2025-05-28 14:39:25,208 - INFO - Epoch [32/50] train_loss: 9.3352, val_loss: 9.2609, lr: 0.000100, 1.40s
2025-05-28 14:39:26,518 - INFO - epoch complete!
2025-05-28 14:39:26,518 - INFO - evaluating now!
2025-05-28 14:39:26,662 - INFO - Epoch [33/50] train_loss: 9.3352, val_loss: 9.2618, lr: 0.000100, 1.45s
2025-05-28 14:39:28,019 - INFO - epoch complete!
2025-05-28 14:39:28,020 - INFO - evaluating now!
2025-05-28 14:39:28,172 - INFO - Epoch [34/50] train_loss: 9.3353, val_loss: 9.2612, lr: 0.000100, 1.51s
2025-05-28 14:39:29,485 - INFO - epoch complete!
2025-05-28 14:39:29,485 - INFO - evaluating now!
2025-05-28 14:39:29,647 - INFO - Epoch [35/50] train_loss: 9.3351, val_loss: 9.2607, lr: 0.000100, 1.48s
2025-05-28 14:39:31,130 - INFO - epoch complete!
2025-05-28 14:39:31,130 - INFO - evaluating now!
2025-05-28 14:39:31,272 - INFO - Epoch [36/50] train_loss: 9.3351, val_loss: 9.2611, lr: 0.000100, 1.62s
2025-05-28 14:39:32,593 - INFO - epoch complete!
2025-05-28 14:39:32,593 - INFO - evaluating now!
2025-05-28 14:39:32,747 - INFO - Epoch [37/50] train_loss: 9.3356, val_loss: 9.2599, lr: 0.000100, 1.47s
2025-05-28 14:39:34,113 - INFO - epoch complete!
2025-05-28 14:39:34,114 - INFO - evaluating now!
2025-05-28 14:39:34,264 - INFO - Epoch [38/50] train_loss: 9.3352, val_loss: 9.2620, lr: 0.000100, 1.52s
2025-05-28 14:39:35,658 - INFO - epoch complete!
2025-05-28 14:39:35,660 - INFO - evaluating now!
2025-05-28 14:39:35,803 - INFO - Epoch [39/50] train_loss: 9.3352, val_loss: 9.2612, lr: 0.000010, 1.54s
2025-05-28 14:39:37,162 - INFO - epoch complete!
2025-05-28 14:39:37,162 - INFO - evaluating now!
2025-05-28 14:39:37,317 - INFO - Epoch [40/50] train_loss: 9.3341, val_loss: 9.2609, lr: 0.000010, 1.51s
2025-05-28 14:39:38,621 - INFO - epoch complete!
2025-05-28 14:39:38,622 - INFO - evaluating now!
2025-05-28 14:39:38,773 - INFO - Epoch [41/50] train_loss: 9.3339, val_loss: 9.2607, lr: 0.000010, 1.46s
2025-05-28 14:39:40,139 - INFO - epoch complete!
2025-05-28 14:39:40,139 - INFO - evaluating now!
2025-05-28 14:39:40,280 - INFO - Epoch [42/50] train_loss: 9.3339, val_loss: 9.2609, lr: 0.000010, 1.51s
2025-05-28 14:39:41,572 - INFO - epoch complete!
2025-05-28 14:39:41,572 - INFO - evaluating now!
2025-05-28 14:39:41,726 - INFO - Epoch [43/50] train_loss: 9.3338, val_loss: 9.2608, lr: 0.000010, 1.44s
2025-05-28 14:39:43,040 - INFO - epoch complete!
2025-05-28 14:39:43,040 - INFO - evaluating now!
2025-05-28 14:39:43,181 - INFO - Epoch [44/50] train_loss: 9.3338, val_loss: 9.2607, lr: 0.000010, 1.45s
2025-05-28 14:39:44,529 - INFO - epoch complete!
2025-05-28 14:39:44,529 - INFO - evaluating now!
2025-05-28 14:39:44,666 - INFO - Epoch [45/50] train_loss: 9.3338, val_loss: 9.2605, lr: 0.000010, 1.48s
2025-05-28 14:39:46,013 - INFO - epoch complete!
2025-05-28 14:39:46,013 - INFO - evaluating now!
2025-05-28 14:39:46,158 - INFO - Epoch [46/50] train_loss: 9.3337, val_loss: 9.2606, lr: 0.000010, 1.49s
2025-05-28 14:39:47,509 - INFO - epoch complete!
2025-05-28 14:39:47,510 - INFO - evaluating now!
2025-05-28 14:39:47,648 - INFO - Epoch [47/50] train_loss: 9.3339, val_loss: 9.2607, lr: 0.000010, 1.49s
2025-05-28 14:39:48,932 - INFO - epoch complete!
2025-05-28 14:39:48,932 - INFO - evaluating now!
2025-05-28 14:39:49,072 - INFO - Epoch [48/50] train_loss: 9.3338, val_loss: 9.2606, lr: 0.000010, 1.42s
2025-05-28 14:39:50,352 - INFO - epoch complete!
2025-05-28 14:39:50,352 - INFO - evaluating now!
2025-05-28 14:39:50,498 - INFO - Epoch [49/50] train_loss: 9.3338, val_loss: 9.2607, lr: 0.000010, 1.42s
2025-05-28 14:39:50,499 - INFO - Trained totally 50 epochs, average train time is 1.015s, average eval time is 0.112s
2025-05-28 14:39:50,521 - INFO - Loaded model at 20
2025-05-28 14:39:50,521 - INFO - Saved model at ./libcity/cache/humidity_RNN1/model_cache/RNN_humidity.m
2025-05-28 14:39:50,528 - INFO - Start evaluating ...
2025-05-28 14:39:55,549 - INFO - Note that you select the single mode to evaluate!
2025-05-28 14:39:55,556 - INFO - Evaluate result is saved at ./libcity/cache/humidity_RNN1/evaluate_cache\2025_05_28_14_39_55_RNN_humidity.csv
2025-05-28 14:39:55,563 - INFO - 
         MAE      MAPE       RMSE
1   9.345814  0.155778  12.873274
2   9.344323  0.155751  12.867143
3   9.342735  0.155711  12.860513
4   9.340302  0.155624  12.851777
5   9.336658  0.155488  12.841050
6   9.332840  0.155330  12.831244
7   9.329118  0.155148  12.822581
8   9.325214  0.154955  12.814570
9   9.320645  0.154752  12.806156
10  9.315821  0.154540  12.797657
11  9.310059  0.154314  12.788252
12  9.304297  0.154092  12.779037
