2024-12-26 13:17:41,762 - INFO - Log directory: ./libcity/log
2024-12-26 13:17:41,764 - INFO - Begin pipeline, task=MTS_pred, model_name=STGCN, dataset_name=METR_LA, exp_id=lh
2024-12-26 13:17:41,764 - INFO - {'task': 'MTS_pred', 'model': 'STGCN', 'dataset': 'METR_LA', 'saved_model': False, 'exp_id': 'lh', 'seed': 0, 'dataset_class': 'StatePointDataset', 'executor': 'StateExecutor', 'evaluator': 'StateEvaluator', 'Ks': 3, 'Kt': 3, 'blocks': [[1, 32, 64], [64, 32, 128]], 'dropout': 0, 'graph_conv_type': 'chebconv', 'stgcn_train_mode': 'quick', 'bidir_adj_mx': True, 'scaler': 'standard', 'load_external': False, 'normal_external': False, 'ext_scaler': 'none', 'add_time_in_day': False, 'add_day_in_week': False, 'max_epoch': 100, 'learner': 'rmsprop', 'learning_rate': 0.001, 'lr_decay': True, 'lr_scheduler': 'steplr', 'lr_decay_ratio': 0.7, 'step_size': 5, 'clip_grad_norm': False, 'use_early_stop': False, 'batch_size': 64, 'cache_dataset': True, 'num_workers': 0, 'pad_with_last_sample': True, 'train_rate': 0.7, 'eval_rate': 0.1, 'input_window': 12, 'output_window': 12, 'robustness_test': False, 'noise_type': 'gaussian', 'disturb_rate': 0.5, 'noise_mean': [5], 'noise_SD': [10], 'gpu': True, 'gpu_id': 0, 'train_loss': 'none', 'epoch': 0, 'weight_decay': 0, 'lr_epsilon': 1e-08, 'lr_beta1': 0.9, 'lr_beta2': 0.999, 'lr_alpha': 0.99, 'lr_momentum': 0, 'steps': [5, 20, 40, 70], 'lr_T_max': 30, 'lr_eta_min': 0, 'lr_patience': 10, 'lr_threshold': 0.0001, 'max_grad_norm': 1.0, 'patience': 50, 'log_level': 'INFO', 'log_every': 1, 'load_best_epoch': True, 'hyper_tune': False, 'metrics': ['MAE', 'MAPE', 'RMSE'], 'evaluator_mode': 'single', 'save_mode': ['csv'], 'geo': {'including_types': ['Point'], 'Point': {}}, 'rel': {'including_types': ['geo'], 'geo': {'cost': 'num'}}, 'dyna': {'including_types': ['state'], 'state': {'entity_id': 'geo_id', 'traffic_speed': 'num'}}, 'data_col': ['traffic_speed'], 'weight_col': 'cost', 'data_files': ['METR_LA'], 'geo_file': 'METR_LA', 'rel_file': 'METR_LA', 'output_dim': 1, 'time_intervals': 300, 'init_weight_inf_or_zero': 'inf', 'set_weight_link_or_dist': 'dist', 'calculate_weight_adj': True, 'weight_adj_epsilon': 0.1, 'device': device(type='cuda', index=0)}
2024-12-26 13:17:42,142 - INFO - Loaded file METR_LA_feature.csv, shape=(34272, 207, 1)
2024-12-26 13:17:52,876 - INFO - Dataset created
2024-12-26 13:17:52,877 - INFO - x shape: (34249, 12, 207, 1), y shape: (34249, 12, 207, 1)
2024-12-26 13:17:52,937 - INFO - train	x: (23974, 12, 207, 1), y: (23974, 12, 207, 1)
2024-12-26 13:17:52,937 - INFO - eval	x: (3425, 12, 207, 1), y: (3425, 12, 207, 1)
2024-12-26 13:17:52,937 - INFO - test	x: (6850, 12, 207, 1), y: (6850, 12, 207, 1)
2024-12-26 13:18:02,840 - INFO - Saved at ./libcity/cache/dataset_cache/point_based_METR_LA_12_12_0.7_0.1_standard_64_False_False_False_True.npz
2024-12-26 13:18:03,057 - INFO - StandardScaler mean: 54.40592829587626, std: 19.493739270573098
2024-12-26 13:18:03,057 - INFO - NoneScaler
2024-12-26 13:18:04,329 - INFO - You select quick mode to train STGCN model.
2024-12-26 13:18:04,407 - INFO - Chebyshev_polynomial_Lk shape: (3, 207, 207)
2024-12-26 13:18:06,434 - INFO - STGCN(
  (st_conv1): STConvBlock(
    (tconv1): TemporalConvLayer(
      (align): Align()
      (conv): Conv2d(1, 64, kernel_size=(3, 1), stride=(1, 1))
    )
    (sconv): SpatioConvLayer(
      (align): Align()
    )
    (tconv2): TemporalConvLayer(
      (align): Align()
      (conv): Conv2d(32, 64, kernel_size=(3, 1), stride=(1, 1))
    )
    (ln): LayerNorm((207, 64), eps=1e-05, elementwise_affine=True)
    (dropout): Dropout(p=0, inplace=False)
  )
  (st_conv2): STConvBlock(
    (tconv1): TemporalConvLayer(
      (align): Align(
        (conv1x1): Conv2d(64, 32, kernel_size=(1, 1), stride=(1, 1))
      )
      (conv): Conv2d(64, 64, kernel_size=(3, 1), stride=(1, 1))
    )
    (sconv): SpatioConvLayer(
      (align): Align()
    )
    (tconv2): TemporalConvLayer(
      (align): Align()
      (conv): Conv2d(32, 128, kernel_size=(3, 1), stride=(1, 1))
    )
    (ln): LayerNorm((207, 128), eps=1e-05, elementwise_affine=True)
    (dropout): Dropout(p=0, inplace=False)
  )
  (output): OutputLayer(
    (tconv1): TemporalConvLayer(
      (align): Align()
      (conv): Conv2d(128, 256, kernel_size=(4, 1), stride=(1, 1))
    )
    (ln): LayerNorm((207, 128), eps=1e-05, elementwise_affine=True)
    (tconv2): TemporalConvLayer(
      (align): Align()
      (conv): Conv2d(128, 128, kernel_size=(1, 1), stride=(1, 1))
    )
    (fc): FullyConvLayer(
      (conv): Conv2d(128, 1, kernel_size=(1, 1), stride=(1, 1))
    )
  )
)
2024-12-26 13:18:06,434 - INFO - st_conv1.tconv1.conv.weight	torch.Size([64, 1, 3, 1])	cuda:0	True
2024-12-26 13:18:06,434 - INFO - st_conv1.tconv1.conv.bias	torch.Size([64])	cuda:0	True
2024-12-26 13:18:06,434 - INFO - st_conv1.sconv.theta	torch.Size([32, 32, 3])	cuda:0	True
2024-12-26 13:18:06,435 - INFO - st_conv1.sconv.b	torch.Size([1, 32, 1, 1])	cuda:0	True
2024-12-26 13:18:06,435 - INFO - st_conv1.tconv2.conv.weight	torch.Size([64, 32, 3, 1])	cuda:0	True
2024-12-26 13:18:06,435 - INFO - st_conv1.tconv2.conv.bias	torch.Size([64])	cuda:0	True
2024-12-26 13:18:06,435 - INFO - st_conv1.ln.weight	torch.Size([207, 64])	cuda:0	True
2024-12-26 13:18:06,435 - INFO - st_conv1.ln.bias	torch.Size([207, 64])	cuda:0	True
2024-12-26 13:18:06,435 - INFO - st_conv2.tconv1.align.conv1x1.weight	torch.Size([32, 64, 1, 1])	cuda:0	True
2024-12-26 13:18:06,435 - INFO - st_conv2.tconv1.align.conv1x1.bias	torch.Size([32])	cuda:0	True
2024-12-26 13:18:06,435 - INFO - st_conv2.tconv1.conv.weight	torch.Size([64, 64, 3, 1])	cuda:0	True
2024-12-26 13:18:06,435 - INFO - st_conv2.tconv1.conv.bias	torch.Size([64])	cuda:0	True
2024-12-26 13:18:06,435 - INFO - st_conv2.sconv.theta	torch.Size([32, 32, 3])	cuda:0	True
2024-12-26 13:18:06,435 - INFO - st_conv2.sconv.b	torch.Size([1, 32, 1, 1])	cuda:0	True
2024-12-26 13:18:06,435 - INFO - st_conv2.tconv2.conv.weight	torch.Size([128, 32, 3, 1])	cuda:0	True
2024-12-26 13:18:06,435 - INFO - st_conv2.tconv2.conv.bias	torch.Size([128])	cuda:0	True
2024-12-26 13:18:06,435 - INFO - st_conv2.ln.weight	torch.Size([207, 128])	cuda:0	True
2024-12-26 13:18:06,435 - INFO - st_conv2.ln.bias	torch.Size([207, 128])	cuda:0	True
2024-12-26 13:18:06,436 - INFO - output.tconv1.conv.weight	torch.Size([256, 128, 4, 1])	cuda:0	True
2024-12-26 13:18:06,436 - INFO - output.tconv1.conv.bias	torch.Size([256])	cuda:0	True
2024-12-26 13:18:06,436 - INFO - output.ln.weight	torch.Size([207, 128])	cuda:0	True
2024-12-26 13:18:06,436 - INFO - output.ln.bias	torch.Size([207, 128])	cuda:0	True
2024-12-26 13:18:06,436 - INFO - output.tconv2.conv.weight	torch.Size([128, 128, 1, 1])	cuda:0	True
2024-12-26 13:18:06,436 - INFO - output.tconv2.conv.bias	torch.Size([128])	cuda:0	True
2024-12-26 13:18:06,436 - INFO - output.fc.conv.weight	torch.Size([1, 128, 1, 1])	cuda:0	True
2024-12-26 13:18:06,436 - INFO - output.fc.conv.bias	torch.Size([1])	cuda:0	True
2024-12-26 13:18:06,436 - INFO - Total parameter numbers: 319969
2024-12-26 13:18:06,436 - INFO - You select `rmsprop` optimizer.
2024-12-26 13:18:07,457 - INFO - You select `steplr` lr_scheduler.
2024-12-26 13:18:07,457 - WARNING - Received none train loss func and will use the loss func defined in the model.
2024-12-26 13:18:07,458 - INFO - Start training ...
2024-12-26 13:18:07,458 - INFO - num_batches:375
2024-12-26 13:18:14,861 - INFO - epoch complete!
2024-12-26 13:18:14,862 - INFO - evaluating now!
2024-12-26 13:18:17,965 - INFO - Epoch [0/100] train_loss: 55.3405, val_loss: 197.6170, lr: 0.001000, 10.51s
2024-12-26 13:18:25,167 - INFO - epoch complete!
2024-12-26 13:18:25,167 - INFO - evaluating now!
2024-12-26 13:18:28,274 - INFO - Epoch [1/100] train_loss: 40.9716, val_loss: 206.5592, lr: 0.001000, 10.31s
2024-12-26 13:18:35,460 - INFO - epoch complete!
2024-12-26 13:18:35,461 - INFO - evaluating now!
2024-12-26 13:18:38,578 - INFO - Epoch [2/100] train_loss: 39.6228, val_loss: 154.3394, lr: 0.001000, 10.30s
2024-12-26 13:18:45,860 - INFO - epoch complete!
2024-12-26 13:18:45,861 - INFO - evaluating now!
2024-12-26 13:18:48,989 - INFO - Epoch [3/100] train_loss: 38.7665, val_loss: 200.8360, lr: 0.001000, 10.41s
2024-12-26 13:18:56,176 - INFO - epoch complete!
2024-12-26 13:18:56,176 - INFO - evaluating now!
2024-12-26 13:18:59,299 - INFO - Epoch [4/100] train_loss: 38.4597, val_loss: 135.7600, lr: 0.000700, 10.31s
2024-12-26 13:19:06,490 - INFO - epoch complete!
2024-12-26 13:19:06,491 - INFO - evaluating now!
2024-12-26 13:19:09,632 - INFO - Epoch [5/100] train_loss: 36.6850, val_loss: 128.0719, lr: 0.000700, 10.33s
2024-12-26 13:19:16,823 - INFO - epoch complete!
2024-12-26 13:19:16,823 - INFO - evaluating now!
2024-12-26 13:19:19,983 - INFO - Epoch [6/100] train_loss: 36.5059, val_loss: 137.0511, lr: 0.000700, 10.35s
2024-12-26 13:19:27,213 - INFO - epoch complete!
2024-12-26 13:19:27,214 - INFO - evaluating now!
2024-12-26 13:19:30,383 - INFO - Epoch [7/100] train_loss: 36.2077, val_loss: 129.5855, lr: 0.000700, 10.40s
2024-12-26 13:19:37,638 - INFO - epoch complete!
2024-12-26 13:19:37,638 - INFO - evaluating now!
2024-12-26 13:19:40,827 - INFO - Epoch [8/100] train_loss: 35.7782, val_loss: 135.1547, lr: 0.000700, 10.44s
2024-12-26 13:19:48,100 - INFO - epoch complete!
2024-12-26 13:19:48,100 - INFO - evaluating now!
2024-12-26 13:19:51,297 - INFO - Epoch [9/100] train_loss: 35.7994, val_loss: 129.5404, lr: 0.000490, 10.47s
2024-12-26 13:19:58,588 - INFO - epoch complete!
2024-12-26 13:19:58,589 - INFO - evaluating now!
2024-12-26 13:20:01,804 - INFO - Epoch [10/100] train_loss: 34.8166, val_loss: 129.1542, lr: 0.000490, 10.51s
2024-12-26 13:20:09,113 - INFO - epoch complete!
2024-12-26 13:20:09,113 - INFO - evaluating now!
2024-12-26 13:20:12,333 - INFO - Epoch [11/100] train_loss: 34.5881, val_loss: 144.6161, lr: 0.000490, 10.53s
2024-12-26 13:20:19,660 - INFO - epoch complete!
2024-12-26 13:20:19,660 - INFO - evaluating now!
2024-12-26 13:20:22,887 - INFO - Epoch [12/100] train_loss: 34.4016, val_loss: 137.7756, lr: 0.000490, 10.55s
2024-12-26 13:20:30,215 - INFO - epoch complete!
2024-12-26 13:20:30,215 - INFO - evaluating now!
2024-12-26 13:20:33,449 - INFO - Epoch [13/100] train_loss: 34.1377, val_loss: 128.6481, lr: 0.000490, 10.56s
2024-12-26 13:20:40,777 - INFO - epoch complete!
2024-12-26 13:20:40,777 - INFO - evaluating now!
2024-12-26 13:20:44,021 - INFO - Epoch [14/100] train_loss: 33.8512, val_loss: 124.3899, lr: 0.000343, 10.57s
2024-12-26 13:20:51,360 - INFO - epoch complete!
2024-12-26 13:20:51,361 - INFO - evaluating now!
2024-12-26 13:20:54,613 - INFO - Epoch [15/100] train_loss: 33.1636, val_loss: 126.0370, lr: 0.000343, 10.59s
2024-12-26 13:21:01,966 - INFO - epoch complete!
2024-12-26 13:21:01,967 - INFO - evaluating now!
2024-12-26 13:21:05,222 - INFO - Epoch [16/100] train_loss: 33.1084, val_loss: 127.3335, lr: 0.000343, 10.61s
2024-12-26 13:21:12,577 - INFO - epoch complete!
2024-12-26 13:21:12,578 - INFO - evaluating now!
2024-12-26 13:21:15,829 - INFO - Epoch [17/100] train_loss: 32.9718, val_loss: 125.7847, lr: 0.000343, 10.61s
2024-12-26 13:21:23,187 - INFO - epoch complete!
2024-12-26 13:21:23,187 - INFO - evaluating now!
2024-12-26 13:21:26,460 - INFO - Epoch [18/100] train_loss: 32.6554, val_loss: 129.7927, lr: 0.000343, 10.63s
2024-12-26 13:21:33,838 - INFO - epoch complete!
2024-12-26 13:21:33,839 - INFO - evaluating now!
2024-12-26 13:21:37,098 - INFO - Epoch [19/100] train_loss: 32.5493, val_loss: 123.3395, lr: 0.000240, 10.64s
2024-12-26 13:21:44,463 - INFO - epoch complete!
2024-12-26 13:21:44,463 - INFO - evaluating now!
2024-12-26 13:21:47,733 - INFO - Epoch [20/100] train_loss: 32.2190, val_loss: 126.2858, lr: 0.000240, 10.64s
2024-12-26 13:21:55,106 - INFO - epoch complete!
2024-12-26 13:21:55,106 - INFO - evaluating now!
2024-12-26 13:21:58,381 - INFO - Epoch [21/100] train_loss: 31.8830, val_loss: 141.2581, lr: 0.000240, 10.65s
2024-12-26 13:22:05,760 - INFO - epoch complete!
2024-12-26 13:22:05,760 - INFO - evaluating now!
2024-12-26 13:22:09,032 - INFO - Epoch [22/100] train_loss: 31.8052, val_loss: 124.0211, lr: 0.000240, 10.65s
2024-12-26 13:22:16,408 - INFO - epoch complete!
2024-12-26 13:22:16,408 - INFO - evaluating now!
2024-12-26 13:22:19,687 - INFO - Epoch [23/100] train_loss: 31.5416, val_loss: 130.1955, lr: 0.000240, 10.65s
2024-12-26 13:22:27,068 - INFO - epoch complete!
2024-12-26 13:22:27,068 - INFO - evaluating now!
2024-12-26 13:22:30,346 - INFO - Epoch [24/100] train_loss: 31.4496, val_loss: 131.9009, lr: 0.000168, 10.66s
2024-12-26 13:22:37,738 - INFO - epoch complete!
2024-12-26 13:22:37,738 - INFO - evaluating now!
2024-12-26 13:22:41,025 - INFO - Epoch [25/100] train_loss: 31.1619, val_loss: 124.9927, lr: 0.000168, 10.68s
2024-12-26 13:22:48,415 - INFO - epoch complete!
2024-12-26 13:22:48,415 - INFO - evaluating now!
2024-12-26 13:22:51,715 - INFO - Epoch [26/100] train_loss: 30.9975, val_loss: 125.4953, lr: 0.000168, 10.69s
2024-12-26 13:22:59,109 - INFO - epoch complete!
2024-12-26 13:22:59,110 - INFO - evaluating now!
2024-12-26 13:23:02,410 - INFO - Epoch [27/100] train_loss: 30.8907, val_loss: 135.9305, lr: 0.000168, 10.69s
2024-12-26 13:23:09,811 - INFO - epoch complete!
2024-12-26 13:23:09,811 - INFO - evaluating now!
2024-12-26 13:23:13,099 - INFO - Epoch [28/100] train_loss: 30.7870, val_loss: 129.6235, lr: 0.000168, 10.69s
2024-12-26 13:23:20,490 - INFO - epoch complete!
2024-12-26 13:23:20,491 - INFO - evaluating now!
2024-12-26 13:23:23,773 - INFO - Epoch [29/100] train_loss: 30.6380, val_loss: 129.7981, lr: 0.000118, 10.67s
2024-12-26 13:23:31,174 - INFO - epoch complete!
2024-12-26 13:23:31,174 - INFO - evaluating now!
2024-12-26 13:23:34,456 - INFO - Epoch [30/100] train_loss: 30.4135, val_loss: 128.1697, lr: 0.000118, 10.68s
2024-12-26 13:23:41,846 - INFO - epoch complete!
2024-12-26 13:23:41,846 - INFO - evaluating now!
2024-12-26 13:23:45,142 - INFO - Epoch [31/100] train_loss: 30.3122, val_loss: 129.9287, lr: 0.000118, 10.69s
2024-12-26 13:23:52,544 - INFO - epoch complete!
2024-12-26 13:23:52,545 - INFO - evaluating now!
2024-12-26 13:23:55,852 - INFO - Epoch [32/100] train_loss: 30.2445, val_loss: 134.2075, lr: 0.000118, 10.71s
2024-12-26 13:24:03,258 - INFO - epoch complete!
2024-12-26 13:24:03,258 - INFO - evaluating now!
2024-12-26 13:24:06,556 - INFO - Epoch [33/100] train_loss: 30.1942, val_loss: 125.2827, lr: 0.000118, 10.70s
2024-12-26 13:24:13,958 - INFO - epoch complete!
2024-12-26 13:24:13,958 - INFO - evaluating now!
2024-12-26 13:24:17,260 - INFO - Epoch [34/100] train_loss: 30.0453, val_loss: 128.7703, lr: 0.000082, 10.70s
2024-12-26 13:24:24,664 - INFO - epoch complete!
2024-12-26 13:24:24,664 - INFO - evaluating now!
2024-12-26 13:24:27,971 - INFO - Epoch [35/100] train_loss: 29.9243, val_loss: 126.6019, lr: 0.000082, 10.71s
2024-12-26 13:24:35,367 - INFO - epoch complete!
2024-12-26 13:24:35,368 - INFO - evaluating now!
2024-12-26 13:24:38,669 - INFO - Epoch [36/100] train_loss: 29.8347, val_loss: 126.5886, lr: 0.000082, 10.70s
2024-12-26 13:24:46,063 - INFO - epoch complete!
2024-12-26 13:24:46,063 - INFO - evaluating now!
2024-12-26 13:24:49,372 - INFO - Epoch [37/100] train_loss: 29.7946, val_loss: 132.5892, lr: 0.000082, 10.70s
2024-12-26 13:24:56,818 - INFO - epoch complete!
2024-12-26 13:24:56,818 - INFO - evaluating now!
2024-12-26 13:25:00,123 - INFO - Epoch [38/100] train_loss: 29.7154, val_loss: 126.7840, lr: 0.000082, 10.75s
2024-12-26 13:25:07,529 - INFO - epoch complete!
2024-12-26 13:25:07,529 - INFO - evaluating now!
2024-12-26 13:25:10,821 - INFO - Epoch [39/100] train_loss: 29.6527, val_loss: 126.4080, lr: 0.000058, 10.70s
2024-12-26 13:25:18,226 - INFO - epoch complete!
2024-12-26 13:25:18,226 - INFO - evaluating now!
2024-12-26 13:25:21,534 - INFO - Epoch [40/100] train_loss: 29.5275, val_loss: 132.9685, lr: 0.000058, 10.71s
2024-12-26 13:25:28,953 - INFO - epoch complete!
2024-12-26 13:25:28,954 - INFO - evaluating now!
2024-12-26 13:25:32,271 - INFO - Epoch [41/100] train_loss: 29.4946, val_loss: 127.8030, lr: 0.000058, 10.74s
2024-12-26 13:25:39,686 - INFO - epoch complete!
2024-12-26 13:25:39,686 - INFO - evaluating now!
2024-12-26 13:25:42,992 - INFO - Epoch [42/100] train_loss: 29.4672, val_loss: 130.0716, lr: 0.000058, 10.72s
2024-12-26 13:25:50,395 - INFO - epoch complete!
2024-12-26 13:25:50,396 - INFO - evaluating now!
2024-12-26 13:25:53,704 - INFO - Epoch [43/100] train_loss: 29.4164, val_loss: 127.2031, lr: 0.000058, 10.71s
2024-12-26 13:26:01,115 - INFO - epoch complete!
2024-12-26 13:26:01,116 - INFO - evaluating now!
2024-12-26 13:26:04,429 - INFO - Epoch [44/100] train_loss: 29.3955, val_loss: 126.5702, lr: 0.000040, 10.72s
2024-12-26 13:26:11,846 - INFO - epoch complete!
2024-12-26 13:26:11,846 - INFO - evaluating now!
2024-12-26 13:26:15,148 - INFO - Epoch [45/100] train_loss: 29.3130, val_loss: 127.4167, lr: 0.000040, 10.72s
2024-12-26 13:26:22,557 - INFO - epoch complete!
2024-12-26 13:26:22,558 - INFO - evaluating now!
2024-12-26 13:26:25,864 - INFO - Epoch [46/100] train_loss: 29.2823, val_loss: 127.2256, lr: 0.000040, 10.72s
2024-12-26 13:26:33,281 - INFO - epoch complete!
2024-12-26 13:26:33,281 - INFO - evaluating now!
2024-12-26 13:26:36,588 - INFO - Epoch [47/100] train_loss: 29.2463, val_loss: 130.0777, lr: 0.000040, 10.72s
2024-12-26 13:26:44,001 - INFO - epoch complete!
2024-12-26 13:26:44,002 - INFO - evaluating now!
2024-12-26 13:26:47,309 - INFO - Epoch [48/100] train_loss: 29.2309, val_loss: 128.7132, lr: 0.000040, 10.72s
2024-12-26 13:26:54,718 - INFO - epoch complete!
2024-12-26 13:26:54,718 - INFO - evaluating now!
2024-12-26 13:26:58,043 - INFO - Epoch [49/100] train_loss: 29.1831, val_loss: 128.1251, lr: 0.000028, 10.73s
2024-12-26 13:27:05,472 - INFO - epoch complete!
2024-12-26 13:27:05,473 - INFO - evaluating now!
2024-12-26 13:27:08,789 - INFO - Epoch [50/100] train_loss: 29.1338, val_loss: 127.1005, lr: 0.000028, 10.75s
2024-12-26 13:27:16,214 - INFO - epoch complete!
2024-12-26 13:27:16,214 - INFO - evaluating now!
2024-12-26 13:27:19,528 - INFO - Epoch [51/100] train_loss: 29.1065, val_loss: 128.2978, lr: 0.000028, 10.74s
2024-12-26 13:27:26,951 - INFO - epoch complete!
2024-12-26 13:27:26,952 - INFO - evaluating now!
2024-12-26 13:27:30,283 - INFO - Epoch [52/100] train_loss: 29.1055, val_loss: 127.2845, lr: 0.000028, 10.75s
2024-12-26 13:27:37,699 - INFO - epoch complete!
2024-12-26 13:27:37,700 - INFO - evaluating now!
2024-12-26 13:27:41,013 - INFO - Epoch [53/100] train_loss: 29.0903, val_loss: 131.7869, lr: 0.000028, 10.73s
2024-12-26 13:27:48,441 - INFO - epoch complete!
2024-12-26 13:27:48,442 - INFO - evaluating now!
2024-12-26 13:27:51,764 - INFO - Epoch [54/100] train_loss: 29.0774, val_loss: 127.1391, lr: 0.000020, 10.75s
2024-12-26 13:27:59,221 - INFO - epoch complete!
2024-12-26 13:27:59,221 - INFO - evaluating now!
2024-12-26 13:28:02,555 - INFO - Epoch [55/100] train_loss: 29.0172, val_loss: 128.1492, lr: 0.000020, 10.79s
2024-12-26 13:28:09,990 - INFO - epoch complete!
2024-12-26 13:28:09,991 - INFO - evaluating now!
2024-12-26 13:28:13,327 - INFO - Epoch [56/100] train_loss: 29.0035, val_loss: 129.1318, lr: 0.000020, 10.77s
2024-12-26 13:28:20,752 - INFO - epoch complete!
2024-12-26 13:28:20,752 - INFO - evaluating now!
2024-12-26 13:28:24,081 - INFO - Epoch [57/100] train_loss: 29.0088, val_loss: 126.9654, lr: 0.000020, 10.75s
2024-12-26 13:28:31,515 - INFO - epoch complete!
2024-12-26 13:28:31,515 - INFO - evaluating now!
2024-12-26 13:28:34,820 - INFO - Epoch [58/100] train_loss: 28.9844, val_loss: 126.6746, lr: 0.000020, 10.74s
2024-12-26 13:28:42,244 - INFO - epoch complete!
2024-12-26 13:28:42,244 - INFO - evaluating now!
2024-12-26 13:28:45,563 - INFO - Epoch [59/100] train_loss: 28.9754, val_loss: 127.7297, lr: 0.000014, 10.74s
2024-12-26 13:28:53,003 - INFO - epoch complete!
2024-12-26 13:28:53,003 - INFO - evaluating now!
2024-12-26 13:28:56,332 - INFO - Epoch [60/100] train_loss: 28.9444, val_loss: 126.3609, lr: 0.000014, 10.77s
2024-12-26 13:29:03,769 - INFO - epoch complete!
2024-12-26 13:29:03,769 - INFO - evaluating now!
2024-12-26 13:29:07,093 - INFO - Epoch [61/100] train_loss: 28.9368, val_loss: 127.9585, lr: 0.000014, 10.76s
2024-12-26 13:29:14,527 - INFO - epoch complete!
2024-12-26 13:29:14,528 - INFO - evaluating now!
2024-12-26 13:29:17,839 - INFO - Epoch [62/100] train_loss: 28.9283, val_loss: 127.4119, lr: 0.000014, 10.75s
2024-12-26 13:29:25,275 - INFO - epoch complete!
2024-12-26 13:29:25,275 - INFO - evaluating now!
2024-12-26 13:29:28,585 - INFO - Epoch [63/100] train_loss: 28.9182, val_loss: 127.9665, lr: 0.000014, 10.75s
2024-12-26 13:29:36,029 - INFO - epoch complete!
2024-12-26 13:29:36,030 - INFO - evaluating now!
2024-12-26 13:29:39,361 - INFO - Epoch [64/100] train_loss: 28.9059, val_loss: 127.3453, lr: 0.000010, 10.77s
2024-12-26 13:29:46,783 - INFO - epoch complete!
2024-12-26 13:29:46,783 - INFO - evaluating now!
2024-12-26 13:29:50,109 - INFO - Epoch [65/100] train_loss: 28.8882, val_loss: 127.5159, lr: 0.000010, 10.75s
2024-12-26 13:29:57,546 - INFO - epoch complete!
2024-12-26 13:29:57,546 - INFO - evaluating now!
2024-12-26 13:30:00,866 - INFO - Epoch [66/100] train_loss: 28.8795, val_loss: 127.7450, lr: 0.000010, 10.76s
2024-12-26 13:30:08,316 - INFO - epoch complete!
2024-12-26 13:30:08,316 - INFO - evaluating now!
2024-12-26 13:30:11,632 - INFO - Epoch [67/100] train_loss: 28.8795, val_loss: 128.3791, lr: 0.000010, 10.77s
2024-12-26 13:30:19,058 - INFO - epoch complete!
2024-12-26 13:30:19,058 - INFO - evaluating now!
2024-12-26 13:30:22,386 - INFO - Epoch [68/100] train_loss: 28.8672, val_loss: 127.5664, lr: 0.000010, 10.75s
2024-12-26 13:30:29,817 - INFO - epoch complete!
2024-12-26 13:30:29,818 - INFO - evaluating now!
2024-12-26 13:30:33,140 - INFO - Epoch [69/100] train_loss: 28.8632, val_loss: 127.9229, lr: 0.000007, 10.75s
2024-12-26 13:30:40,561 - INFO - epoch complete!
2024-12-26 13:30:40,561 - INFO - evaluating now!
2024-12-26 13:30:43,882 - INFO - Epoch [70/100] train_loss: 28.8495, val_loss: 128.8625, lr: 0.000007, 10.74s
2024-12-26 13:30:51,305 - INFO - epoch complete!
2024-12-26 13:30:51,306 - INFO - evaluating now!
2024-12-26 13:30:54,640 - INFO - Epoch [71/100] train_loss: 28.8446, val_loss: 128.9883, lr: 0.000007, 10.76s
2024-12-26 13:31:02,075 - INFO - epoch complete!
2024-12-26 13:31:02,075 - INFO - evaluating now!
2024-12-26 13:31:05,410 - INFO - Epoch [72/100] train_loss: 28.8374, val_loss: 127.5392, lr: 0.000007, 10.77s
2024-12-26 13:31:13,260 - INFO - epoch complete!
2024-12-26 13:31:13,260 - INFO - evaluating now!
2024-12-26 13:31:16,855 - INFO - Epoch [73/100] train_loss: 28.8394, val_loss: 127.5974, lr: 0.000007, 11.45s
2024-12-26 13:31:24,629 - INFO - epoch complete!
2024-12-26 13:31:24,630 - INFO - evaluating now!
2024-12-26 13:31:28,033 - INFO - Epoch [74/100] train_loss: 28.8295, val_loss: 127.6232, lr: 0.000005, 11.18s
2024-12-26 13:31:36,298 - INFO - epoch complete!
2024-12-26 13:31:36,299 - INFO - evaluating now!
2024-12-26 13:31:39,657 - INFO - Epoch [75/100] train_loss: 28.8191, val_loss: 127.1156, lr: 0.000005, 11.62s
2024-12-26 13:31:47,891 - INFO - epoch complete!
2024-12-26 13:31:47,892 - INFO - evaluating now!
2024-12-26 13:31:51,255 - INFO - Epoch [76/100] train_loss: 28.8195, val_loss: 128.5542, lr: 0.000005, 11.60s
2024-12-26 13:31:59,550 - INFO - epoch complete!
2024-12-26 13:31:59,550 - INFO - evaluating now!
2024-12-26 13:32:02,865 - INFO - Epoch [77/100] train_loss: 28.8135, val_loss: 127.6360, lr: 0.000005, 11.61s
2024-12-26 13:32:11,484 - INFO - epoch complete!
2024-12-26 13:32:11,484 - INFO - evaluating now!
2024-12-26 13:32:14,917 - INFO - Epoch [78/100] train_loss: 28.8106, val_loss: 128.0433, lr: 0.000005, 12.05s
2024-12-26 13:32:22,408 - INFO - epoch complete!
2024-12-26 13:32:22,408 - INFO - evaluating now!
2024-12-26 13:32:25,758 - INFO - Epoch [79/100] train_loss: 28.8089, val_loss: 128.2429, lr: 0.000003, 10.84s
2024-12-26 13:32:33,244 - INFO - epoch complete!
2024-12-26 13:32:33,245 - INFO - evaluating now!
2024-12-26 13:32:36,567 - INFO - Epoch [80/100] train_loss: 28.7985, val_loss: 128.0695, lr: 0.000003, 10.81s
2024-12-26 13:32:44,136 - INFO - epoch complete!
2024-12-26 13:32:44,136 - INFO - evaluating now!
2024-12-26 13:32:47,499 - INFO - Epoch [81/100] train_loss: 28.7971, val_loss: 129.0441, lr: 0.000003, 10.93s
2024-12-26 13:32:54,919 - INFO - epoch complete!
2024-12-26 13:32:54,919 - INFO - evaluating now!
2024-12-26 13:32:58,253 - INFO - Epoch [82/100] train_loss: 28.7946, val_loss: 128.2771, lr: 0.000003, 10.75s
2024-12-26 13:33:05,678 - INFO - epoch complete!
2024-12-26 13:33:05,678 - INFO - evaluating now!
2024-12-26 13:33:09,004 - INFO - Epoch [83/100] train_loss: 28.7920, val_loss: 128.1728, lr: 0.000003, 10.75s
2024-12-26 13:33:16,432 - INFO - epoch complete!
2024-12-26 13:33:16,432 - INFO - evaluating now!
2024-12-26 13:33:19,770 - INFO - Epoch [84/100] train_loss: 28.7934, val_loss: 128.3022, lr: 0.000002, 10.77s
2024-12-26 13:33:27,196 - INFO - epoch complete!
2024-12-26 13:33:27,197 - INFO - evaluating now!
2024-12-26 13:33:30,531 - INFO - Epoch [85/100] train_loss: 28.7867, val_loss: 128.1297, lr: 0.000002, 10.76s
2024-12-26 13:33:37,968 - INFO - epoch complete!
2024-12-26 13:33:37,968 - INFO - evaluating now!
2024-12-26 13:33:41,295 - INFO - Epoch [86/100] train_loss: 28.7852, val_loss: 128.1948, lr: 0.000002, 10.76s
2024-12-26 13:33:48,738 - INFO - epoch complete!
2024-12-26 13:33:48,738 - INFO - evaluating now!
2024-12-26 13:33:52,065 - INFO - Epoch [87/100] train_loss: 28.7819, val_loss: 127.9840, lr: 0.000002, 10.77s
2024-12-26 13:33:59,494 - INFO - epoch complete!
2024-12-26 13:33:59,494 - INFO - evaluating now!
2024-12-26 13:34:02,824 - INFO - Epoch [88/100] train_loss: 28.7820, val_loss: 127.9161, lr: 0.000002, 10.76s
2024-12-26 13:34:10,251 - INFO - epoch complete!
2024-12-26 13:34:10,252 - INFO - evaluating now!
2024-12-26 13:34:13,577 - INFO - Epoch [89/100] train_loss: 28.7782, val_loss: 128.3252, lr: 0.000002, 10.75s
2024-12-26 13:34:21,009 - INFO - epoch complete!
2024-12-26 13:34:21,009 - INFO - evaluating now!
2024-12-26 13:34:24,343 - INFO - Epoch [90/100] train_loss: 28.7763, val_loss: 128.0395, lr: 0.000002, 10.77s
2024-12-26 13:34:31,782 - INFO - epoch complete!
2024-12-26 13:34:31,782 - INFO - evaluating now!
2024-12-26 13:34:35,104 - INFO - Epoch [91/100] train_loss: 28.7746, val_loss: 128.2502, lr: 0.000002, 10.76s
2024-12-26 13:34:42,538 - INFO - epoch complete!
2024-12-26 13:34:42,538 - INFO - evaluating now!
2024-12-26 13:34:45,854 - INFO - Epoch [92/100] train_loss: 28.7745, val_loss: 128.0628, lr: 0.000002, 10.75s
2024-12-26 13:34:53,289 - INFO - epoch complete!
2024-12-26 13:34:53,290 - INFO - evaluating now!
2024-12-26 13:34:56,621 - INFO - Epoch [93/100] train_loss: 28.7733, val_loss: 128.0049, lr: 0.000002, 10.77s
2024-12-26 13:35:04,047 - INFO - epoch complete!
2024-12-26 13:35:04,047 - INFO - evaluating now!
2024-12-26 13:35:07,364 - INFO - Epoch [94/100] train_loss: 28.7713, val_loss: 127.9571, lr: 0.000001, 10.74s
2024-12-26 13:35:14,895 - INFO - epoch complete!
2024-12-26 13:35:14,896 - INFO - evaluating now!
2024-12-26 13:35:18,205 - INFO - Epoch [95/100] train_loss: 28.7687, val_loss: 127.8574, lr: 0.000001, 10.84s
2024-12-26 13:35:25,647 - INFO - epoch complete!
2024-12-26 13:35:25,647 - INFO - evaluating now!
2024-12-26 13:35:28,979 - INFO - Epoch [96/100] train_loss: 28.7679, val_loss: 128.0023, lr: 0.000001, 10.77s
2024-12-26 13:35:36,405 - INFO - epoch complete!
2024-12-26 13:35:36,406 - INFO - evaluating now!
2024-12-26 13:35:39,722 - INFO - Epoch [97/100] train_loss: 28.7674, val_loss: 127.9373, lr: 0.000001, 10.74s
2024-12-26 13:35:47,150 - INFO - epoch complete!
2024-12-26 13:35:47,150 - INFO - evaluating now!
2024-12-26 13:35:50,472 - INFO - Epoch [98/100] train_loss: 28.7663, val_loss: 127.8371, lr: 0.000001, 10.75s
2024-12-26 13:35:57,915 - INFO - epoch complete!
2024-12-26 13:35:57,916 - INFO - evaluating now!
2024-12-26 13:36:01,231 - INFO - Epoch [99/100] train_loss: 28.7660, val_loss: 128.0715, lr: 0.000001, 10.76s
2024-12-26 13:36:01,231 - INFO - Trained totally 100 epochs, average train time is 7.441s, average eval time is 3.296s
