2024-12-26 12:09:20,867 - INFO - Log directory: ./libcity/log
2024-12-26 12:09:20,868 - INFO - Begin pipeline, task=MTS_pred, model_name=STGCN, dataset_name=PEMS_BAY, exp_id=lh
2024-12-26 12:09:20,868 - INFO - {'task': 'MTS_pred', 'model': 'STGCN', 'dataset': 'PEMS_BAY', 'saved_model': True, 'exp_id': 'lh', 'seed': 0, 'dataset_class': 'StatePointDataset', 'executor': 'StateExecutor', 'evaluator': 'StateEvaluator', 'Ks': 3, 'Kt': 3, 'blocks': [[1, 32, 64], [64, 32, 128]], 'dropout': 0, 'graph_conv_type': 'chebconv', 'stgcn_train_mode': 'quick', 'bidir_adj_mx': True, 'scaler': 'standard', 'load_external': False, 'normal_external': False, 'ext_scaler': 'none', 'add_time_in_day': False, 'add_day_in_week': False, 'max_epoch': 100, 'learner': 'rmsprop', 'learning_rate': 0.001, 'lr_decay': True, 'lr_scheduler': 'steplr', 'lr_decay_ratio': 0.7, 'step_size': 5, 'clip_grad_norm': False, 'use_early_stop': False, 'batch_size': 64, 'cache_dataset': True, 'num_workers': 0, 'pad_with_last_sample': True, 'train_rate': 0.7, 'eval_rate': 0.1, 'input_window': 12, 'output_window': 12, 'robustness_test': False, 'noise_type': 'gaussian', 'disturb_rate': 0.5, 'noise_mean': [5], 'noise_SD': [10], 'gpu': True, 'gpu_id': 0, 'train_loss': 'none', 'epoch': 0, 'weight_decay': 0, 'lr_epsilon': 1e-08, 'lr_beta1': 0.9, 'lr_beta2': 0.999, 'lr_alpha': 0.99, 'lr_momentum': 0, 'steps': [5, 20, 40, 70], 'lr_T_max': 30, 'lr_eta_min': 0, 'lr_patience': 10, 'lr_threshold': 0.0001, 'max_grad_norm': 1.0, 'patience': 50, 'log_level': 'INFO', 'log_every': 1, 'load_best_epoch': True, 'hyper_tune': False, 'metrics': ['MAE', 'MAPE', 'RMSE'], 'evaluator_mode': 'single', 'save_mode': ['csv'], 'geo': {'including_types': ['Point'], 'Point': {}}, 'rel': {'including_types': ['geo'], 'geo': {'cost': 'num'}}, 'dyna': {'including_types': ['state'], 'state': {'entity_id': 'geo_id', 'traffic_speed': 'num'}}, 'data_col': ['traffic_speed'], 'weight_col': 'cost', 'data_files': ['PEMS_BAY'], 'geo_file': 'PEMS_BAY', 'rel_file': 'PEMS_BAY', 'output_dim': 1, 'time_intervals': 300, 'init_weight_inf_or_zero': 'inf', 'set_weight_link_or_dist': 'dist', 'calculate_weight_adj': True, 'weight_adj_epsilon': 0.1, 'device': device(type='cuda', index=0)}
2024-12-26 12:09:21,373 - INFO - Loaded file PEMS_BAY_feature.csv, shape=(52116, 325, 1)
2024-12-26 12:09:52,239 - INFO - Dataset created
2024-12-26 12:09:52,240 - INFO - x shape: (52093, 12, 325, 1), y shape: (52093, 12, 325, 1)
2024-12-26 12:09:52,418 - INFO - train	x: (36465, 12, 325, 1), y: (36465, 12, 325, 1)
2024-12-26 12:09:52,418 - INFO - eval	x: (5209, 12, 325, 1), y: (5209, 12, 325, 1)
2024-12-26 12:09:52,418 - INFO - test	x: (10419, 12, 325, 1), y: (10419, 12, 325, 1)
2024-12-26 12:10:34,926 - INFO - Saved at ./libcity/cache/dataset_cache/point_based_PEMS_BAY_12_12_0.7_0.1_standard_64_False_False_False_True.npz
2024-12-26 12:10:35,491 - INFO - StandardScaler mean: 62.73567651594296, std: 9.438173664359947
2024-12-26 12:10:35,491 - INFO - NoneScaler
2024-12-26 12:10:38,736 - INFO - You select quick mode to train STGCN model.
2024-12-26 12:10:38,886 - INFO - Chebyshev_polynomial_Lk shape: (3, 325, 325)
2024-12-26 12:10:41,114 - INFO - STGCN(
  (st_conv1): STConvBlock(
    (tconv1): TemporalConvLayer(
      (align): Align()
      (conv): Conv2d(1, 64, kernel_size=(3, 1), stride=(1, 1))
    )
    (sconv): SpatioConvLayer(
      (align): Align()
    )
    (tconv2): TemporalConvLayer(
      (align): Align()
      (conv): Conv2d(32, 64, kernel_size=(3, 1), stride=(1, 1))
    )
    (ln): LayerNorm((325, 64), eps=1e-05, elementwise_affine=True)
    (dropout): Dropout(p=0, inplace=False)
  )
  (st_conv2): STConvBlock(
    (tconv1): TemporalConvLayer(
      (align): Align(
        (conv1x1): Conv2d(64, 32, kernel_size=(1, 1), stride=(1, 1))
      )
      (conv): Conv2d(64, 64, kernel_size=(3, 1), stride=(1, 1))
    )
    (sconv): SpatioConvLayer(
      (align): Align()
    )
    (tconv2): TemporalConvLayer(
      (align): Align()
      (conv): Conv2d(32, 128, kernel_size=(3, 1), stride=(1, 1))
    )
    (ln): LayerNorm((325, 128), eps=1e-05, elementwise_affine=True)
    (dropout): Dropout(p=0, inplace=False)
  )
  (output): OutputLayer(
    (tconv1): TemporalConvLayer(
      (align): Align()
      (conv): Conv2d(128, 256, kernel_size=(4, 1), stride=(1, 1))
    )
    (ln): LayerNorm((325, 128), eps=1e-05, elementwise_affine=True)
    (tconv2): TemporalConvLayer(
      (align): Align()
      (conv): Conv2d(128, 128, kernel_size=(1, 1), stride=(1, 1))
    )
    (fc): FullyConvLayer(
      (conv): Conv2d(128, 1, kernel_size=(1, 1), stride=(1, 1))
    )
  )
)
2024-12-26 12:10:41,115 - INFO - st_conv1.tconv1.conv.weight	torch.Size([64, 1, 3, 1])	cuda:0	True
2024-12-26 12:10:41,115 - INFO - st_conv1.tconv1.conv.bias	torch.Size([64])	cuda:0	True
2024-12-26 12:10:41,115 - INFO - st_conv1.sconv.theta	torch.Size([32, 32, 3])	cuda:0	True
2024-12-26 12:10:41,116 - INFO - st_conv1.sconv.b	torch.Size([1, 32, 1, 1])	cuda:0	True
2024-12-26 12:10:41,116 - INFO - st_conv1.tconv2.conv.weight	torch.Size([64, 32, 3, 1])	cuda:0	True
2024-12-26 12:10:41,116 - INFO - st_conv1.tconv2.conv.bias	torch.Size([64])	cuda:0	True
2024-12-26 12:10:41,116 - INFO - st_conv1.ln.weight	torch.Size([325, 64])	cuda:0	True
2024-12-26 12:10:41,116 - INFO - st_conv1.ln.bias	torch.Size([325, 64])	cuda:0	True
2024-12-26 12:10:41,117 - INFO - st_conv2.tconv1.align.conv1x1.weight	torch.Size([32, 64, 1, 1])	cuda:0	True
2024-12-26 12:10:41,117 - INFO - st_conv2.tconv1.align.conv1x1.bias	torch.Size([32])	cuda:0	True
2024-12-26 12:10:41,117 - INFO - st_conv2.tconv1.conv.weight	torch.Size([64, 64, 3, 1])	cuda:0	True
2024-12-26 12:10:41,117 - INFO - st_conv2.tconv1.conv.bias	torch.Size([64])	cuda:0	True
2024-12-26 12:10:41,117 - INFO - st_conv2.sconv.theta	torch.Size([32, 32, 3])	cuda:0	True
2024-12-26 12:10:41,118 - INFO - st_conv2.sconv.b	torch.Size([1, 32, 1, 1])	cuda:0	True
2024-12-26 12:10:41,118 - INFO - st_conv2.tconv2.conv.weight	torch.Size([128, 32, 3, 1])	cuda:0	True
2024-12-26 12:10:41,118 - INFO - st_conv2.tconv2.conv.bias	torch.Size([128])	cuda:0	True
2024-12-26 12:10:41,118 - INFO - st_conv2.ln.weight	torch.Size([325, 128])	cuda:0	True
2024-12-26 12:10:41,118 - INFO - st_conv2.ln.bias	torch.Size([325, 128])	cuda:0	True
2024-12-26 12:10:41,118 - INFO - output.tconv1.conv.weight	torch.Size([256, 128, 4, 1])	cuda:0	True
2024-12-26 12:10:41,118 - INFO - output.tconv1.conv.bias	torch.Size([256])	cuda:0	True
2024-12-26 12:10:41,118 - INFO - output.ln.weight	torch.Size([325, 128])	cuda:0	True
2024-12-26 12:10:41,118 - INFO - output.ln.bias	torch.Size([325, 128])	cuda:0	True
2024-12-26 12:10:41,119 - INFO - output.tconv2.conv.weight	torch.Size([128, 128, 1, 1])	cuda:0	True
2024-12-26 12:10:41,119 - INFO - output.tconv2.conv.bias	torch.Size([128])	cuda:0	True
2024-12-26 12:10:41,119 - INFO - output.fc.conv.weight	torch.Size([1, 128, 1, 1])	cuda:0	True
2024-12-26 12:10:41,119 - INFO - output.fc.conv.bias	torch.Size([1])	cuda:0	True
2024-12-26 12:10:41,119 - INFO - Total parameter numbers: 395489
2024-12-26 12:10:41,119 - INFO - You select `rmsprop` optimizer.
2024-12-26 12:10:42,367 - INFO - You select `steplr` lr_scheduler.
2024-12-26 12:10:42,367 - WARNING - Received none train loss func and will use the loss func defined in the model.
2024-12-26 12:10:42,367 - INFO - Start training ...
2024-12-26 12:10:42,368 - INFO - num_batches:570
2024-12-26 12:11:02,676 - INFO - epoch complete!
2024-12-26 12:11:02,677 - INFO - evaluating now!
2024-12-26 12:11:12,316 - INFO - Epoch [0/100] train_loss: 6.4895, val_loss: 174.4162, lr: 0.001000, 29.95s
2024-12-26 12:11:12,324 - INFO - Saved model at 0
2024-12-26 12:11:12,324 - INFO - Val loss decrease from inf to 174.4162, saving to ./libcity/cache/lh/model_cache/STGCN_PEMS_BAY_epoch0.tar
2024-12-26 12:11:32,348 - INFO - epoch complete!
2024-12-26 12:11:32,348 - INFO - evaluating now!
2024-12-26 12:11:42,252 - INFO - Epoch [1/100] train_loss: 3.3303, val_loss: 125.0497, lr: 0.001000, 29.93s
2024-12-26 12:11:42,258 - INFO - Saved model at 1
2024-12-26 12:11:42,258 - INFO - Val loss decrease from 174.4162 to 125.0497, saving to ./libcity/cache/lh/model_cache/STGCN_PEMS_BAY_epoch1.tar
2024-12-26 12:12:02,834 - INFO - epoch complete!
2024-12-26 12:12:02,834 - INFO - evaluating now!
2024-12-26 12:12:12,511 - INFO - Epoch [2/100] train_loss: 2.9865, val_loss: 25.7488, lr: 0.001000, 30.25s
2024-12-26 12:12:12,516 - INFO - Saved model at 2
2024-12-26 12:12:12,517 - INFO - Val loss decrease from 125.0497 to 25.7488, saving to ./libcity/cache/lh/model_cache/STGCN_PEMS_BAY_epoch2.tar
2024-12-26 12:12:32,536 - INFO - epoch complete!
2024-12-26 12:12:32,536 - INFO - evaluating now!
2024-12-26 12:12:42,275 - INFO - Epoch [3/100] train_loss: 2.8012, val_loss: 31.5988, lr: 0.001000, 29.76s
2024-12-26 12:13:02,388 - INFO - epoch complete!
2024-12-26 12:13:02,388 - INFO - evaluating now!
2024-12-26 12:13:12,321 - INFO - Epoch [4/100] train_loss: 2.6890, val_loss: 24.5094, lr: 0.000700, 30.05s
2024-12-26 12:13:12,327 - INFO - Saved model at 4
2024-12-26 12:13:12,327 - INFO - Val loss decrease from 25.7488 to 24.5094, saving to ./libcity/cache/lh/model_cache/STGCN_PEMS_BAY_epoch4.tar
2024-12-26 12:13:32,724 - INFO - epoch complete!
2024-12-26 12:13:32,724 - INFO - evaluating now!
2024-12-26 12:13:42,523 - INFO - Epoch [5/100] train_loss: 2.4342, val_loss: 29.4082, lr: 0.000700, 30.20s
2024-12-26 12:14:02,709 - INFO - epoch complete!
2024-12-26 12:14:02,710 - INFO - evaluating now!
2024-12-26 12:14:12,615 - INFO - Epoch [6/100] train_loss: 2.4058, val_loss: 27.6203, lr: 0.000700, 30.09s
2024-12-26 12:14:33,245 - INFO - epoch complete!
2024-12-26 12:14:33,246 - INFO - evaluating now!
2024-12-26 12:14:43,188 - INFO - Epoch [7/100] train_loss: 2.3730, val_loss: 21.3848, lr: 0.000700, 30.57s
2024-12-26 12:14:43,197 - INFO - Saved model at 7
2024-12-26 12:14:43,198 - INFO - Val loss decrease from 24.5094 to 21.3848, saving to ./libcity/cache/lh/model_cache/STGCN_PEMS_BAY_epoch7.tar
2024-12-26 12:15:03,880 - INFO - epoch complete!
2024-12-26 12:15:03,880 - INFO - evaluating now!
2024-12-26 12:15:13,866 - INFO - Epoch [8/100] train_loss: 2.3396, val_loss: 20.9079, lr: 0.000700, 30.67s
2024-12-26 12:15:13,874 - INFO - Saved model at 8
2024-12-26 12:15:13,874 - INFO - Val loss decrease from 21.3848 to 20.9079, saving to ./libcity/cache/lh/model_cache/STGCN_PEMS_BAY_epoch8.tar
2024-12-26 12:15:34,546 - INFO - epoch complete!
2024-12-26 12:15:34,547 - INFO - evaluating now!
2024-12-26 12:15:44,522 - INFO - Epoch [9/100] train_loss: 2.3201, val_loss: 21.3175, lr: 0.000490, 30.65s
2024-12-26 12:16:05,228 - INFO - epoch complete!
2024-12-26 12:16:05,229 - INFO - evaluating now!
2024-12-26 12:16:15,209 - INFO - Epoch [10/100] train_loss: 2.2215, val_loss: 26.5613, lr: 0.000490, 30.69s
2024-12-26 12:16:36,003 - INFO - epoch complete!
2024-12-26 12:16:36,003 - INFO - evaluating now!
2024-12-26 12:16:45,995 - INFO - Epoch [11/100] train_loss: 2.2139, val_loss: 24.1404, lr: 0.000490, 30.78s
2024-12-26 12:17:06,748 - INFO - epoch complete!
2024-12-26 12:17:06,749 - INFO - evaluating now!
2024-12-26 12:17:16,742 - INFO - Epoch [12/100] train_loss: 2.2014, val_loss: 22.7913, lr: 0.000490, 30.75s
2024-12-26 12:17:38,306 - INFO - epoch complete!
2024-12-26 12:17:38,307 - INFO - evaluating now!
2024-12-26 12:17:48,511 - INFO - Epoch [13/100] train_loss: 2.1915, val_loss: 67.6355, lr: 0.000490, 31.77s
2024-12-26 12:18:09,759 - INFO - epoch complete!
2024-12-26 12:18:09,760 - INFO - evaluating now!
2024-12-26 12:18:19,958 - INFO - Epoch [14/100] train_loss: 2.1798, val_loss: 20.7600, lr: 0.000343, 31.45s
2024-12-26 12:18:19,964 - INFO - Saved model at 14
2024-12-26 12:18:19,964 - INFO - Val loss decrease from 20.9079 to 20.7600, saving to ./libcity/cache/lh/model_cache/STGCN_PEMS_BAY_epoch14.tar
2024-12-26 12:18:40,110 - INFO - epoch complete!
2024-12-26 12:18:40,111 - INFO - evaluating now!
2024-12-26 12:18:49,797 - INFO - Epoch [15/100] train_loss: 2.1320, val_loss: 21.3468, lr: 0.000343, 29.83s
2024-12-26 12:19:10,280 - INFO - epoch complete!
2024-12-26 12:19:10,280 - INFO - evaluating now!
2024-12-26 12:19:19,950 - INFO - Epoch [16/100] train_loss: 2.1270, val_loss: 21.0428, lr: 0.000343, 30.15s
2024-12-26 12:19:39,899 - INFO - epoch complete!
2024-12-26 12:19:39,899 - INFO - evaluating now!
2024-12-26 12:19:49,559 - INFO - Epoch [17/100] train_loss: 2.1210, val_loss: 22.2233, lr: 0.000343, 29.61s
2024-12-26 12:20:09,498 - INFO - epoch complete!
2024-12-26 12:20:09,499 - INFO - evaluating now!
2024-12-26 12:20:19,157 - INFO - Epoch [18/100] train_loss: 2.1113, val_loss: 20.3186, lr: 0.000343, 29.60s
2024-12-26 12:20:19,165 - INFO - Saved model at 18
2024-12-26 12:20:19,165 - INFO - Val loss decrease from 20.7600 to 20.3186, saving to ./libcity/cache/lh/model_cache/STGCN_PEMS_BAY_epoch18.tar
2024-12-26 12:20:39,088 - INFO - epoch complete!
2024-12-26 12:20:39,088 - INFO - evaluating now!
2024-12-26 12:20:48,765 - INFO - Epoch [19/100] train_loss: 2.1065, val_loss: 19.0799, lr: 0.000240, 29.60s
2024-12-26 12:20:48,772 - INFO - Saved model at 19
2024-12-26 12:20:48,772 - INFO - Val loss decrease from 20.3186 to 19.0799, saving to ./libcity/cache/lh/model_cache/STGCN_PEMS_BAY_epoch19.tar
2024-12-26 12:21:09,338 - INFO - epoch complete!
2024-12-26 12:21:09,339 - INFO - evaluating now!
2024-12-26 12:21:19,137 - INFO - Epoch [20/100] train_loss: 2.0780, val_loss: 21.3260, lr: 0.000240, 30.36s
2024-12-26 12:21:39,550 - INFO - epoch complete!
2024-12-26 12:21:39,550 - INFO - evaluating now!
2024-12-26 12:21:49,481 - INFO - Epoch [21/100] train_loss: 2.0738, val_loss: 27.7249, lr: 0.000240, 30.34s
2024-12-26 12:22:10,575 - INFO - epoch complete!
2024-12-26 12:22:10,576 - INFO - evaluating now!
2024-12-26 12:22:20,267 - INFO - Epoch [22/100] train_loss: 2.0702, val_loss: 18.6228, lr: 0.000240, 30.79s
2024-12-26 12:22:20,277 - INFO - Saved model at 22
2024-12-26 12:22:20,278 - INFO - Val loss decrease from 19.0799 to 18.6228, saving to ./libcity/cache/lh/model_cache/STGCN_PEMS_BAY_epoch22.tar
2024-12-26 12:22:40,976 - INFO - epoch complete!
2024-12-26 12:22:40,977 - INFO - evaluating now!
2024-12-26 12:22:50,630 - INFO - Epoch [23/100] train_loss: 2.0643, val_loss: 22.2177, lr: 0.000240, 30.35s
2024-12-26 12:23:11,107 - INFO - epoch complete!
2024-12-26 12:23:11,107 - INFO - evaluating now!
2024-12-26 12:23:21,089 - INFO - Epoch [24/100] train_loss: 2.0604, val_loss: 23.7185, lr: 0.000168, 30.46s
2024-12-26 12:23:41,342 - INFO - epoch complete!
2024-12-26 12:23:41,342 - INFO - evaluating now!
2024-12-26 12:23:50,994 - INFO - Epoch [25/100] train_loss: 2.0433, val_loss: 19.7269, lr: 0.000168, 29.90s
2024-12-26 12:24:11,563 - INFO - epoch complete!
2024-12-26 12:24:11,563 - INFO - evaluating now!
2024-12-26 12:24:21,185 - INFO - Epoch [26/100] train_loss: 2.0397, val_loss: 19.4737, lr: 0.000168, 30.19s
2024-12-26 12:24:41,673 - INFO - epoch complete!
2024-12-26 12:24:41,673 - INFO - evaluating now!
2024-12-26 12:24:51,303 - INFO - Epoch [27/100] train_loss: 2.0373, val_loss: 18.6911, lr: 0.000168, 30.12s
2024-12-26 12:25:11,750 - INFO - epoch complete!
2024-12-26 12:25:11,751 - INFO - evaluating now!
2024-12-26 12:25:21,385 - INFO - Epoch [28/100] train_loss: 2.0333, val_loss: 18.6901, lr: 0.000168, 30.08s
2024-12-26 12:25:41,794 - INFO - epoch complete!
2024-12-26 12:25:41,795 - INFO - evaluating now!
2024-12-26 12:25:51,412 - INFO - Epoch [29/100] train_loss: 2.0298, val_loss: 19.4920, lr: 0.000118, 30.03s
2024-12-26 12:26:11,786 - INFO - epoch complete!
2024-12-26 12:26:11,787 - INFO - evaluating now!
2024-12-26 12:26:21,417 - INFO - Epoch [30/100] train_loss: 2.0190, val_loss: 18.8536, lr: 0.000118, 30.01s
2024-12-26 12:26:41,781 - INFO - epoch complete!
2024-12-26 12:26:41,781 - INFO - evaluating now!
2024-12-26 12:26:51,402 - INFO - Epoch [31/100] train_loss: 2.0167, val_loss: 18.9689, lr: 0.000118, 29.98s
2024-12-26 12:27:11,819 - INFO - epoch complete!
2024-12-26 12:27:11,820 - INFO - evaluating now!
2024-12-26 12:27:21,464 - INFO - Epoch [32/100] train_loss: 2.0145, val_loss: 19.0690, lr: 0.000118, 30.06s
2024-12-26 12:27:42,045 - INFO - epoch complete!
2024-12-26 12:27:42,045 - INFO - evaluating now!
2024-12-26 12:27:51,671 - INFO - Epoch [33/100] train_loss: 2.0122, val_loss: 17.9211, lr: 0.000118, 30.21s
2024-12-26 12:27:51,684 - INFO - Saved model at 33
2024-12-26 12:27:51,684 - INFO - Val loss decrease from 18.6228 to 17.9211, saving to ./libcity/cache/lh/model_cache/STGCN_PEMS_BAY_epoch33.tar
2024-12-26 12:28:12,319 - INFO - epoch complete!
2024-12-26 12:28:12,319 - INFO - evaluating now!
2024-12-26 12:28:21,936 - INFO - Epoch [34/100] train_loss: 2.0095, val_loss: 20.1570, lr: 0.000082, 30.25s
2024-12-26 12:28:44,557 - INFO - epoch complete!
2024-12-26 12:28:44,558 - INFO - evaluating now!
2024-12-26 12:28:54,177 - INFO - Epoch [35/100] train_loss: 2.0025, val_loss: 17.8093, lr: 0.000082, 32.24s
2024-12-26 12:28:54,188 - INFO - Saved model at 35
2024-12-26 12:28:54,188 - INFO - Val loss decrease from 17.9211 to 17.8093, saving to ./libcity/cache/lh/model_cache/STGCN_PEMS_BAY_epoch35.tar
2024-12-26 12:29:14,751 - INFO - epoch complete!
2024-12-26 12:29:14,752 - INFO - evaluating now!
2024-12-26 12:29:24,333 - INFO - Epoch [36/100] train_loss: 2.0007, val_loss: 17.9089, lr: 0.000082, 30.14s
2024-12-26 12:29:44,855 - INFO - epoch complete!
2024-12-26 12:29:44,856 - INFO - evaluating now!
2024-12-26 12:29:54,439 - INFO - Epoch [37/100] train_loss: 1.9989, val_loss: 18.2798, lr: 0.000082, 30.11s
2024-12-26 12:30:14,892 - INFO - epoch complete!
2024-12-26 12:30:14,893 - INFO - evaluating now!
2024-12-26 12:30:24,486 - INFO - Epoch [38/100] train_loss: 1.9973, val_loss: 18.0240, lr: 0.000082, 30.05s
2024-12-26 12:30:44,997 - INFO - epoch complete!
2024-12-26 12:30:44,998 - INFO - evaluating now!
2024-12-26 12:30:54,587 - INFO - Epoch [39/100] train_loss: 1.9955, val_loss: 18.4615, lr: 0.000058, 30.10s
2024-12-26 12:31:15,005 - INFO - epoch complete!
2024-12-26 12:31:15,005 - INFO - evaluating now!
2024-12-26 12:31:24,582 - INFO - Epoch [40/100] train_loss: 1.9904, val_loss: 18.3883, lr: 0.000058, 29.99s
2024-12-26 12:31:45,005 - INFO - epoch complete!
2024-12-26 12:31:45,005 - INFO - evaluating now!
2024-12-26 12:31:54,660 - INFO - Epoch [41/100] train_loss: 1.9895, val_loss: 18.1139, lr: 0.000058, 30.08s
2024-12-26 12:32:15,054 - INFO - epoch complete!
2024-12-26 12:32:15,055 - INFO - evaluating now!
2024-12-26 12:32:24,646 - INFO - Epoch [42/100] train_loss: 1.9883, val_loss: 17.9015, lr: 0.000058, 29.99s
2024-12-26 12:32:45,025 - INFO - epoch complete!
2024-12-26 12:32:45,026 - INFO - evaluating now!
2024-12-26 12:32:54,645 - INFO - Epoch [43/100] train_loss: 1.9872, val_loss: 18.5478, lr: 0.000058, 30.00s
2024-12-26 12:33:15,099 - INFO - epoch complete!
2024-12-26 12:33:15,100 - INFO - evaluating now!
2024-12-26 12:33:24,666 - INFO - Epoch [44/100] train_loss: 1.9858, val_loss: 18.1554, lr: 0.000040, 30.02s
2024-12-26 12:33:44,459 - INFO - epoch complete!
2024-12-26 12:33:44,459 - INFO - evaluating now!
2024-12-26 12:33:54,137 - INFO - Epoch [45/100] train_loss: 1.9824, val_loss: 17.9804, lr: 0.000040, 29.47s
2024-12-26 12:34:13,934 - INFO - epoch complete!
2024-12-26 12:34:13,935 - INFO - evaluating now!
2024-12-26 12:34:23,545 - INFO - Epoch [46/100] train_loss: 1.9814, val_loss: 17.5322, lr: 0.000040, 29.41s
2024-12-26 12:34:23,551 - INFO - Saved model at 46
2024-12-26 12:34:23,552 - INFO - Val loss decrease from 17.8093 to 17.5322, saving to ./libcity/cache/lh/model_cache/STGCN_PEMS_BAY_epoch46.tar
2024-12-26 12:34:43,353 - INFO - epoch complete!
2024-12-26 12:34:43,353 - INFO - evaluating now!
2024-12-26 12:34:52,970 - INFO - Epoch [47/100] train_loss: 1.9805, val_loss: 18.6840, lr: 0.000040, 29.42s
2024-12-26 12:35:12,790 - INFO - epoch complete!
2024-12-26 12:35:12,790 - INFO - evaluating now!
2024-12-26 12:35:22,409 - INFO - Epoch [48/100] train_loss: 1.9797, val_loss: 18.1579, lr: 0.000040, 29.44s
2024-12-26 12:35:42,235 - INFO - epoch complete!
2024-12-26 12:35:42,235 - INFO - evaluating now!
2024-12-26 12:35:51,866 - INFO - Epoch [49/100] train_loss: 1.9788, val_loss: 18.2151, lr: 0.000028, 29.46s
2024-12-26 12:36:11,731 - INFO - epoch complete!
2024-12-26 12:36:11,731 - INFO - evaluating now!
2024-12-26 12:36:21,362 - INFO - Epoch [50/100] train_loss: 1.9763, val_loss: 17.7630, lr: 0.000028, 29.50s
2024-12-26 12:36:41,211 - INFO - epoch complete!
2024-12-26 12:36:41,211 - INFO - evaluating now!
2024-12-26 12:36:50,852 - INFO - Epoch [51/100] train_loss: 1.9759, val_loss: 18.2232, lr: 0.000028, 29.49s
2024-12-26 12:37:10,776 - INFO - epoch complete!
2024-12-26 12:37:10,776 - INFO - evaluating now!
2024-12-26 12:37:20,435 - INFO - Epoch [52/100] train_loss: 1.9751, val_loss: 17.9208, lr: 0.000028, 29.58s
2024-12-26 12:37:40,304 - INFO - epoch complete!
2024-12-26 12:37:40,304 - INFO - evaluating now!
2024-12-26 12:37:49,960 - INFO - Epoch [53/100] train_loss: 1.9745, val_loss: 17.8899, lr: 0.000028, 29.53s
2024-12-26 12:38:10,345 - INFO - epoch complete!
2024-12-26 12:38:10,345 - INFO - evaluating now!
2024-12-26 12:38:20,458 - INFO - Epoch [54/100] train_loss: 1.9741, val_loss: 17.8970, lr: 0.000020, 30.50s
2024-12-26 12:38:40,982 - INFO - epoch complete!
2024-12-26 12:38:40,982 - INFO - evaluating now!
2024-12-26 12:38:50,622 - INFO - Epoch [55/100] train_loss: 1.9723, val_loss: 17.9213, lr: 0.000020, 30.16s
2024-12-26 12:39:10,472 - INFO - epoch complete!
2024-12-26 12:39:10,472 - INFO - evaluating now!
2024-12-26 12:39:20,114 - INFO - Epoch [56/100] train_loss: 1.9718, val_loss: 17.6306, lr: 0.000020, 29.49s
2024-12-26 12:39:40,088 - INFO - epoch complete!
2024-12-26 12:39:40,088 - INFO - evaluating now!
2024-12-26 12:39:49,714 - INFO - Epoch [57/100] train_loss: 1.9714, val_loss: 17.8137, lr: 0.000020, 29.60s
2024-12-26 12:40:09,575 - INFO - epoch complete!
2024-12-26 12:40:09,575 - INFO - evaluating now!
2024-12-26 12:40:19,221 - INFO - Epoch [58/100] train_loss: 1.9710, val_loss: 18.0744, lr: 0.000020, 29.51s
2024-12-26 12:40:39,074 - INFO - epoch complete!
2024-12-26 12:40:39,075 - INFO - evaluating now!
2024-12-26 12:40:48,854 - INFO - Epoch [59/100] train_loss: 1.9706, val_loss: 18.0933, lr: 0.000014, 29.63s
2024-12-26 12:41:10,373 - INFO - epoch complete!
2024-12-26 12:41:10,374 - INFO - evaluating now!
2024-12-26 12:41:20,375 - INFO - Epoch [60/100] train_loss: 1.9694, val_loss: 17.4211, lr: 0.000014, 31.52s
2024-12-26 12:41:20,386 - INFO - Saved model at 60
2024-12-26 12:41:20,386 - INFO - Val loss decrease from 17.5322 to 17.4211, saving to ./libcity/cache/lh/model_cache/STGCN_PEMS_BAY_epoch60.tar
2024-12-26 12:41:40,554 - INFO - epoch complete!
2024-12-26 12:41:40,555 - INFO - evaluating now!
2024-12-26 12:41:51,387 - INFO - Epoch [61/100] train_loss: 1.9690, val_loss: 18.1422, lr: 0.000014, 31.00s
2024-12-26 12:42:13,893 - INFO - epoch complete!
2024-12-26 12:42:13,893 - INFO - evaluating now!
2024-12-26 12:42:23,836 - INFO - Epoch [62/100] train_loss: 1.9687, val_loss: 18.0543, lr: 0.000014, 32.45s
2024-12-26 12:42:44,391 - INFO - epoch complete!
2024-12-26 12:42:44,391 - INFO - evaluating now!
2024-12-26 12:42:54,041 - INFO - Epoch [63/100] train_loss: 1.9685, val_loss: 17.5793, lr: 0.000014, 30.21s
2024-12-26 12:43:13,900 - INFO - epoch complete!
2024-12-26 12:43:13,900 - INFO - evaluating now!
2024-12-26 12:43:23,557 - INFO - Epoch [64/100] train_loss: 1.9681, val_loss: 17.6674, lr: 0.000010, 29.51s
2024-12-26 12:43:43,420 - INFO - epoch complete!
2024-12-26 12:43:43,420 - INFO - evaluating now!
2024-12-26 12:43:53,363 - INFO - Epoch [65/100] train_loss: 1.9673, val_loss: 17.6859, lr: 0.000010, 29.81s
2024-12-26 12:44:14,998 - INFO - epoch complete!
2024-12-26 12:44:14,998 - INFO - evaluating now!
2024-12-26 12:44:25,203 - INFO - Epoch [66/100] train_loss: 1.9671, val_loss: 17.8916, lr: 0.000010, 31.84s
2024-12-26 12:44:46,402 - INFO - epoch complete!
2024-12-26 12:44:46,402 - INFO - evaluating now!
2024-12-26 12:44:56,435 - INFO - Epoch [67/100] train_loss: 1.9669, val_loss: 18.1503, lr: 0.000010, 31.23s
2024-12-26 12:45:17,616 - INFO - epoch complete!
2024-12-26 12:45:17,616 - INFO - evaluating now!
2024-12-26 12:45:27,637 - INFO - Epoch [68/100] train_loss: 1.9666, val_loss: 17.7317, lr: 0.000010, 31.20s
2024-12-26 12:45:48,818 - INFO - epoch complete!
2024-12-26 12:45:48,818 - INFO - evaluating now!
2024-12-26 12:45:58,911 - INFO - Epoch [69/100] train_loss: 1.9665, val_loss: 18.1822, lr: 0.000007, 31.27s
2024-12-26 12:46:19,195 - INFO - epoch complete!
2024-12-26 12:46:19,196 - INFO - evaluating now!
2024-12-26 12:46:29,019 - INFO - Epoch [70/100] train_loss: 1.9658, val_loss: 17.8908, lr: 0.000007, 30.11s
2024-12-26 12:46:49,693 - INFO - epoch complete!
2024-12-26 12:46:49,693 - INFO - evaluating now!
2024-12-26 12:46:59,444 - INFO - Epoch [71/100] train_loss: 1.9657, val_loss: 17.8668, lr: 0.000007, 30.43s
2024-12-26 12:47:20,797 - INFO - epoch complete!
2024-12-26 12:47:20,797 - INFO - evaluating now!
2024-12-26 12:47:30,557 - INFO - Epoch [72/100] train_loss: 1.9655, val_loss: 17.8105, lr: 0.000007, 31.11s
2024-12-26 12:47:51,126 - INFO - epoch complete!
2024-12-26 12:47:51,127 - INFO - evaluating now!
2024-12-26 12:48:00,859 - INFO - Epoch [73/100] train_loss: 1.9654, val_loss: 17.6664, lr: 0.000007, 30.30s
2024-12-26 12:48:21,241 - INFO - epoch complete!
2024-12-26 12:48:21,242 - INFO - evaluating now!
2024-12-26 12:48:31,069 - INFO - Epoch [74/100] train_loss: 1.9653, val_loss: 17.7637, lr: 0.000005, 30.21s
2024-12-26 12:48:50,940 - INFO - epoch complete!
2024-12-26 12:48:50,940 - INFO - evaluating now!
2024-12-26 12:49:00,593 - INFO - Epoch [75/100] train_loss: 1.9648, val_loss: 17.5612, lr: 0.000005, 29.52s
2024-12-26 12:49:20,460 - INFO - epoch complete!
2024-12-26 12:49:20,460 - INFO - evaluating now!
2024-12-26 12:49:30,099 - INFO - Epoch [76/100] train_loss: 1.9647, val_loss: 17.5820, lr: 0.000005, 29.51s
2024-12-26 12:49:49,985 - INFO - epoch complete!
2024-12-26 12:49:49,985 - INFO - evaluating now!
2024-12-26 12:49:59,650 - INFO - Epoch [77/100] train_loss: 1.9646, val_loss: 17.6885, lr: 0.000005, 29.55s
2024-12-26 12:50:19,528 - INFO - epoch complete!
2024-12-26 12:50:19,528 - INFO - evaluating now!
2024-12-26 12:50:29,187 - INFO - Epoch [78/100] train_loss: 1.9645, val_loss: 17.7814, lr: 0.000005, 29.54s
2024-12-26 12:50:49,063 - INFO - epoch complete!
2024-12-26 12:50:49,063 - INFO - evaluating now!
2024-12-26 12:50:58,711 - INFO - Epoch [79/100] train_loss: 1.9644, val_loss: 18.0029, lr: 0.000003, 29.52s
2024-12-26 12:51:18,589 - INFO - epoch complete!
2024-12-26 12:51:18,589 - INFO - evaluating now!
2024-12-26 12:51:28,247 - INFO - Epoch [80/100] train_loss: 1.9641, val_loss: 17.8482, lr: 0.000003, 29.54s
2024-12-26 12:51:48,247 - INFO - epoch complete!
2024-12-26 12:51:48,247 - INFO - evaluating now!
2024-12-26 12:51:57,932 - INFO - Epoch [81/100] train_loss: 1.9640, val_loss: 17.8731, lr: 0.000003, 29.68s
2024-12-26 12:52:17,839 - INFO - epoch complete!
2024-12-26 12:52:17,841 - INFO - evaluating now!
2024-12-26 12:52:27,504 - INFO - Epoch [82/100] train_loss: 1.9639, val_loss: 17.8370, lr: 0.000003, 29.57s
2024-12-26 12:52:47,390 - INFO - epoch complete!
2024-12-26 12:52:47,390 - INFO - evaluating now!
2024-12-26 12:52:57,050 - INFO - Epoch [83/100] train_loss: 1.9638, val_loss: 17.8381, lr: 0.000003, 29.55s
2024-12-26 12:53:16,944 - INFO - epoch complete!
2024-12-26 12:53:16,944 - INFO - evaluating now!
2024-12-26 12:53:28,463 - INFO - Epoch [84/100] train_loss: 1.9638, val_loss: 17.9195, lr: 0.000002, 31.41s
2024-12-26 12:53:56,025 - INFO - epoch complete!
2024-12-26 12:53:56,025 - INFO - evaluating now!
2024-12-26 12:54:05,784 - INFO - Epoch [85/100] train_loss: 1.9636, val_loss: 17.9632, lr: 0.000002, 37.32s
2024-12-26 12:54:26,192 - INFO - epoch complete!
2024-12-26 12:54:26,193 - INFO - evaluating now!
2024-12-26 12:54:35,911 - INFO - Epoch [86/100] train_loss: 1.9635, val_loss: 17.7948, lr: 0.000002, 30.13s
2024-12-26 12:54:55,782 - INFO - epoch complete!
2024-12-26 12:54:55,782 - INFO - evaluating now!
2024-12-26 12:55:05,413 - INFO - Epoch [87/100] train_loss: 1.9635, val_loss: 17.6896, lr: 0.000002, 29.50s
2024-12-26 12:55:25,321 - INFO - epoch complete!
2024-12-26 12:55:25,321 - INFO - evaluating now!
2024-12-26 12:55:34,972 - INFO - Epoch [88/100] train_loss: 1.9634, val_loss: 17.8984, lr: 0.000002, 29.56s
2024-12-26 12:55:54,867 - INFO - epoch complete!
2024-12-26 12:55:54,867 - INFO - evaluating now!
2024-12-26 12:56:04,519 - INFO - Epoch [89/100] train_loss: 1.9634, val_loss: 17.6187, lr: 0.000002, 29.55s
2024-12-26 12:56:24,416 - INFO - epoch complete!
2024-12-26 12:56:24,416 - INFO - evaluating now!
2024-12-26 12:56:34,070 - INFO - Epoch [90/100] train_loss: 1.9632, val_loss: 17.7134, lr: 0.000002, 29.55s
2024-12-26 12:56:53,971 - INFO - epoch complete!
2024-12-26 12:56:53,971 - INFO - evaluating now!
2024-12-26 12:57:03,622 - INFO - Epoch [91/100] train_loss: 1.9632, val_loss: 17.7109, lr: 0.000002, 29.55s
2024-12-26 12:57:23,516 - INFO - epoch complete!
2024-12-26 12:57:23,516 - INFO - evaluating now!
2024-12-26 12:57:33,172 - INFO - Epoch [92/100] train_loss: 1.9631, val_loss: 17.7834, lr: 0.000002, 29.55s
2024-12-26 12:57:53,065 - INFO - epoch complete!
2024-12-26 12:57:53,065 - INFO - evaluating now!
2024-12-26 12:58:02,714 - INFO - Epoch [93/100] train_loss: 1.9631, val_loss: 17.7465, lr: 0.000002, 29.54s
2024-12-26 12:58:22,603 - INFO - epoch complete!
2024-12-26 12:58:22,603 - INFO - evaluating now!
2024-12-26 12:58:32,256 - INFO - Epoch [94/100] train_loss: 1.9631, val_loss: 17.7977, lr: 0.000001, 29.54s
2024-12-26 12:58:52,232 - INFO - epoch complete!
2024-12-26 12:58:52,232 - INFO - evaluating now!
2024-12-26 12:59:01,881 - INFO - Epoch [95/100] train_loss: 1.9629, val_loss: 17.8718, lr: 0.000001, 29.63s
2024-12-26 12:59:22,689 - INFO - epoch complete!
2024-12-26 12:59:22,690 - INFO - evaluating now!
2024-12-26 12:59:46,978 - INFO - Epoch [96/100] train_loss: 1.9629, val_loss: 17.7402, lr: 0.000001, 45.10s
2024-12-26 13:00:08,118 - INFO - epoch complete!
2024-12-26 13:00:08,118 - INFO - evaluating now!
2024-12-26 13:00:18,211 - INFO - Epoch [97/100] train_loss: 1.9629, val_loss: 17.7255, lr: 0.000001, 31.23s
2024-12-26 13:00:39,566 - INFO - epoch complete!
2024-12-26 13:00:39,566 - INFO - evaluating now!
2024-12-26 13:00:49,794 - INFO - Epoch [98/100] train_loss: 1.9629, val_loss: 17.7213, lr: 0.000001, 31.58s
2024-12-26 13:01:11,576 - INFO - epoch complete!
2024-12-26 13:01:11,577 - INFO - evaluating now!
2024-12-26 13:01:22,013 - INFO - Epoch [99/100] train_loss: 1.9628, val_loss: 17.6990, lr: 0.000001, 32.22s
2024-12-26 13:01:22,013 - INFO - Trained totally 100 epochs, average train time is 20.466s, average eval time is 9.928s
2024-12-26 13:01:22,057 - INFO - Loaded model at 60
2024-12-26 13:01:22,057 - INFO - Saved model at ./libcity/cache/lh/model_cache/STGCN_PEMS_BAY.m
2024-12-26 13:01:22,071 - INFO - Start evaluating ...
2024-12-26 13:01:52,350 - INFO - Note that you select the single mode to evaluate!
2024-12-26 13:01:52,357 - INFO - Evaluate result is saved at ./libcity/cache/lh/evaluate_cache\2024_12_26_13_01_52_STGCN_PEMS_BAY.csv
2024-12-26 13:01:52,363 - INFO - 
         MAE      MAPE      RMSE
1   0.869644  0.016677  1.529375
2   1.016037  0.020098  1.923130
3   1.136374  0.023106  2.272133
4   1.238953  0.025811  2.578153
5   1.328074  0.028225  2.842843
6   1.406878  0.030387  3.072047
7   1.477790  0.032337  3.272065
8   1.542620  0.034117  3.448847
9   1.602666  0.035755  3.606796
10  1.658804  0.037275  3.749144
11  1.711814  0.038694  3.878620
12  1.762437  0.040030  3.997801
