2024-10-08 20:23:43,389 - INFO - Log directory: ./libcity/log
2024-10-08 20:23:43,389 - INFO - Begin pipeline, task=MTS_pred, model_name=LSTM, dataset_name=humidity, exp_id=LSTM(humidity)
2024-10-08 20:23:43,389 - INFO - {'task': 'MTS_pred', 'model': 'RNN', 'dataset': 'humidity', 'saved_model': True, 'exp_id': 'LSTM(humidity)', 'seed': 0, 'batch_size': 64, 'max_epoch': 60, 'dataset_class': 'StatePointDataset', 'executor': 'StateExecutor', 'evaluator': 'StateEvaluator', 'rnn_type': 'LSTM', 'hidden_size': 64, 'num_layers': 1, 'dropout': 0, 'bidirectional': False, 'teacher_forcing_ratio': 0, 'scaler': 'standard', 'load_external': False, 'normal_external': False, 'ext_scaler': 'none', 'add_time_in_day': True, 'add_day_in_week': False, 'learner': 'adam', 'learning_rate': 0.01, 'lr_decay': True, 'lr_scheduler': 'multisteplr', 'lr_decay_ratio': 0.1, 'steps': [5, 20, 40, 70], 'clip_grad_norm': True, 'max_grad_norm': 5, 'use_early_stop': True, 'patience': 50, 'cache_dataset': True, 'num_workers': 0, 'pad_with_last_sample': True, 'train_rate': 0.7, 'eval_rate': 0.1, 'input_window': 12, 'output_window': 12, 'robustness_test': False, 'noise_type': 'gaussian', 'disturb_rate': 0.5, 'noise_mean': [5], 'noise_SD': [10], 'gpu': True, 'gpu_id': 0, 'train_loss': 'none', 'epoch': 0, 'weight_decay': 0, 'lr_epsilon': 1e-08, 'lr_beta1': 0.9, 'lr_beta2': 0.999, 'lr_alpha': 0.99, 'lr_momentum': 0, 'step_size': 10, 'lr_T_max': 30, 'lr_eta_min': 0, 'lr_patience': 10, 'lr_threshold': 0.0001, 'log_level': 'INFO', 'log_every': 1, 'load_best_epoch': True, 'hyper_tune': False, 'metrics': ['MAE', 'MAPE', 'RMSE'], 'evaluator_mode': 'single', 'save_mode': ['csv'], 'geo': {'including_types': ['Point'], 'Point': {}}, 'rel': {'including_types': ['geo'], 'geo': {'cost': 'num'}}, 'dyna': {'including_types': ['state'], 'state': {'entity_id': 'geo_id', 'traffic_speed': 'num'}}, 'data_col': ['traffic_speed'], 'weight_col': 'cost', 'data_files': ['humidity'], 'geo_file': 'humidity', 'rel_file': 'humidity', 'output_dim': 1, 'time_intervals': 300, 'init_weight_inf_or_zero': 'inf', 'set_weight_link_or_dist': 'dist', 'calculate_weight_adj': True, 'weight_adj_epsilon': 0.1, 'device': device(type='cuda', index=0)}
2024-10-08 20:23:45,330 - INFO - Loaded file humidity_feature.csv, shape=(3322, 2048, 1)
2024-10-08 20:23:46,927 - INFO - Dataset created
2024-10-08 20:23:46,927 - INFO - x shape: (3299, 12, 2048, 1), y shape: (3299, 12, 2048, 1)
2024-10-08 20:23:46,953 - INFO - train	x: (2309, 12, 2048, 1), y: (2309, 12, 2048, 1)
2024-10-08 20:23:46,954 - INFO - eval	x: (330, 12, 2048, 1), y: (330, 12, 2048, 1)
2024-10-08 20:23:46,954 - INFO - test	x: (660, 12, 2048, 1), y: (660, 12, 2048, 1)
2024-10-08 20:25:37,992 - INFO - Saved at ./libcity/cache/dataset_cache/point_based_humidity_12_12_0.7_0.1_standard_64_False_True_False_True.npz
2024-10-08 20:25:38,232 - INFO - StandardScaler mean: 78.66855544535464, std: 17.406175498267864
2024-10-08 20:25:38,233 - INFO - NoneScaler
2024-10-08 20:25:40,039 - INFO - You select rnn_type LSTM in RNN!
2024-10-08 20:25:40,285 - INFO - RNN(
  (rnn): LSTM(2048, 64)
  (fc): Linear(in_features=64, out_features=2048, bias=True)
)
2024-10-08 20:25:40,286 - INFO - rnn.weight_ih_l0	torch.Size([256, 2048])	cuda:0	True
2024-10-08 20:25:40,286 - INFO - rnn.weight_hh_l0	torch.Size([256, 64])	cuda:0	True
2024-10-08 20:25:40,286 - INFO - rnn.bias_ih_l0	torch.Size([256])	cuda:0	True
2024-10-08 20:25:40,286 - INFO - rnn.bias_hh_l0	torch.Size([256])	cuda:0	True
2024-10-08 20:25:40,286 - INFO - fc.weight	torch.Size([2048, 64])	cuda:0	True
2024-10-08 20:25:40,286 - INFO - fc.bias	torch.Size([2048])	cuda:0	True
2024-10-08 20:25:40,286 - INFO - Total parameter numbers: 674304
2024-10-08 20:25:40,287 - INFO - You select `adam` optimizer.
2024-10-08 20:25:40,810 - INFO - You select `multisteplr` lr_scheduler.
2024-10-08 20:25:40,810 - WARNING - Received none train loss func and will use the loss func defined in the model.
2024-10-08 20:25:40,810 - INFO - Start training ...
2024-10-08 20:25:40,810 - INFO - num_batches:37
2024-10-08 20:25:42,417 - INFO - epoch complete!
2024-10-08 20:25:42,418 - INFO - evaluating now!
2024-10-08 20:25:42,508 - INFO - Epoch [0/60] train_loss: 10.0097, val_loss: 9.1115, lr: 0.010000, 1.70s
2024-10-08 20:25:42,516 - INFO - Saved model at 0
2024-10-08 20:25:42,516 - INFO - Val loss decrease from inf to 9.1115, saving to ./libcity/cache/LSTM(humidity)/model_cache/RNN_humidity_epoch0.tar
2024-10-08 20:25:43,588 - INFO - epoch complete!
2024-10-08 20:25:43,588 - INFO - evaluating now!
2024-10-08 20:25:43,679 - INFO - Epoch [1/60] train_loss: 8.9880, val_loss: 8.7774, lr: 0.010000, 1.16s
2024-10-08 20:25:43,688 - INFO - Saved model at 1
2024-10-08 20:25:43,688 - INFO - Val loss decrease from 9.1115 to 8.7774, saving to ./libcity/cache/LSTM(humidity)/model_cache/RNN_humidity_epoch1.tar
2024-10-08 20:25:44,758 - INFO - epoch complete!
2024-10-08 20:25:44,759 - INFO - evaluating now!
2024-10-08 20:25:44,866 - INFO - Epoch [2/60] train_loss: 8.7815, val_loss: 8.8079, lr: 0.010000, 1.18s
2024-10-08 20:25:45,913 - INFO - epoch complete!
2024-10-08 20:25:45,914 - INFO - evaluating now!
2024-10-08 20:25:46,009 - INFO - Epoch [3/60] train_loss: 8.7201, val_loss: 8.8192, lr: 0.010000, 1.14s
2024-10-08 20:25:47,077 - INFO - epoch complete!
2024-10-08 20:25:47,078 - INFO - evaluating now!
2024-10-08 20:25:47,178 - INFO - Epoch [4/60] train_loss: 8.7720, val_loss: 8.8390, lr: 0.001000, 1.17s
2024-10-08 20:25:48,306 - INFO - epoch complete!
2024-10-08 20:25:48,307 - INFO - evaluating now!
2024-10-08 20:25:48,403 - INFO - Epoch [5/60] train_loss: 8.7892, val_loss: 8.7846, lr: 0.001000, 1.23s
2024-10-08 20:25:49,421 - INFO - epoch complete!
2024-10-08 20:25:49,421 - INFO - evaluating now!
2024-10-08 20:25:49,521 - INFO - Epoch [6/60] train_loss: 8.7570, val_loss: 8.7803, lr: 0.001000, 1.12s
2024-10-08 20:25:50,637 - INFO - epoch complete!
2024-10-08 20:25:50,637 - INFO - evaluating now!
2024-10-08 20:25:50,739 - INFO - Epoch [7/60] train_loss: 8.7286, val_loss: 8.7812, lr: 0.001000, 1.22s
2024-10-08 20:25:51,819 - INFO - epoch complete!
2024-10-08 20:25:51,819 - INFO - evaluating now!
2024-10-08 20:25:51,921 - INFO - Epoch [8/60] train_loss: 8.7021, val_loss: 8.7670, lr: 0.001000, 1.18s
2024-10-08 20:25:51,931 - INFO - Saved model at 8
2024-10-08 20:25:51,931 - INFO - Val loss decrease from 8.7774 to 8.7670, saving to ./libcity/cache/LSTM(humidity)/model_cache/RNN_humidity_epoch8.tar
2024-10-08 20:25:53,030 - INFO - epoch complete!
2024-10-08 20:25:53,031 - INFO - evaluating now!
2024-10-08 20:25:53,129 - INFO - Epoch [9/60] train_loss: 8.6898, val_loss: 8.7638, lr: 0.001000, 1.20s
2024-10-08 20:25:53,137 - INFO - Saved model at 9
2024-10-08 20:25:53,138 - INFO - Val loss decrease from 8.7670 to 8.7638, saving to ./libcity/cache/LSTM(humidity)/model_cache/RNN_humidity_epoch9.tar
2024-10-08 20:25:54,175 - INFO - epoch complete!
2024-10-08 20:25:54,176 - INFO - evaluating now!
2024-10-08 20:25:54,270 - INFO - Epoch [10/60] train_loss: 8.6776, val_loss: 8.7416, lr: 0.001000, 1.13s
2024-10-08 20:25:54,279 - INFO - Saved model at 10
2024-10-08 20:25:54,279 - INFO - Val loss decrease from 8.7638 to 8.7416, saving to ./libcity/cache/LSTM(humidity)/model_cache/RNN_humidity_epoch10.tar
2024-10-08 20:25:55,344 - INFO - epoch complete!
2024-10-08 20:25:55,345 - INFO - evaluating now!
2024-10-08 20:25:55,462 - INFO - Epoch [11/60] train_loss: 8.6693, val_loss: 8.7398, lr: 0.001000, 1.18s
2024-10-08 20:25:55,472 - INFO - Saved model at 11
2024-10-08 20:25:55,472 - INFO - Val loss decrease from 8.7416 to 8.7398, saving to ./libcity/cache/LSTM(humidity)/model_cache/RNN_humidity_epoch11.tar
2024-10-08 20:25:56,536 - INFO - epoch complete!
2024-10-08 20:25:56,536 - INFO - evaluating now!
2024-10-08 20:25:56,637 - INFO - Epoch [12/60] train_loss: 8.6657, val_loss: 8.7441, lr: 0.001000, 1.16s
2024-10-08 20:25:57,759 - INFO - epoch complete!
2024-10-08 20:25:57,759 - INFO - evaluating now!
2024-10-08 20:25:57,855 - INFO - Epoch [13/60] train_loss: 8.6615, val_loss: 8.7391, lr: 0.001000, 1.22s
2024-10-08 20:25:57,863 - INFO - Saved model at 13
2024-10-08 20:25:57,863 - INFO - Val loss decrease from 8.7398 to 8.7391, saving to ./libcity/cache/LSTM(humidity)/model_cache/RNN_humidity_epoch13.tar
2024-10-08 20:25:58,959 - INFO - epoch complete!
2024-10-08 20:25:58,960 - INFO - evaluating now!
2024-10-08 20:25:59,060 - INFO - Epoch [14/60] train_loss: 8.6583, val_loss: 8.7184, lr: 0.001000, 1.20s
2024-10-08 20:25:59,070 - INFO - Saved model at 14
2024-10-08 20:25:59,070 - INFO - Val loss decrease from 8.7391 to 8.7184, saving to ./libcity/cache/LSTM(humidity)/model_cache/RNN_humidity_epoch14.tar
2024-10-08 20:26:00,143 - INFO - epoch complete!
2024-10-08 20:26:00,144 - INFO - evaluating now!
2024-10-08 20:26:00,241 - INFO - Epoch [15/60] train_loss: 8.6436, val_loss: 8.7212, lr: 0.001000, 1.17s
2024-10-08 20:26:01,293 - INFO - epoch complete!
2024-10-08 20:26:01,294 - INFO - evaluating now!
2024-10-08 20:26:01,395 - INFO - Epoch [16/60] train_loss: 8.6416, val_loss: 8.7213, lr: 0.001000, 1.15s
2024-10-08 20:26:02,441 - INFO - epoch complete!
2024-10-08 20:26:02,441 - INFO - evaluating now!
2024-10-08 20:26:02,535 - INFO - Epoch [17/60] train_loss: 8.6397, val_loss: 8.7289, lr: 0.001000, 1.14s
2024-10-08 20:26:03,639 - INFO - epoch complete!
2024-10-08 20:26:03,639 - INFO - evaluating now!
2024-10-08 20:26:03,738 - INFO - Epoch [18/60] train_loss: 8.6441, val_loss: 8.7179, lr: 0.001000, 1.20s
2024-10-08 20:26:03,747 - INFO - Saved model at 18
2024-10-08 20:26:03,747 - INFO - Val loss decrease from 8.7184 to 8.7179, saving to ./libcity/cache/LSTM(humidity)/model_cache/RNN_humidity_epoch18.tar
2024-10-08 20:26:04,809 - INFO - epoch complete!
2024-10-08 20:26:04,810 - INFO - evaluating now!
2024-10-08 20:26:04,915 - INFO - Epoch [19/60] train_loss: 8.6386, val_loss: 8.7237, lr: 0.000100, 1.17s
2024-10-08 20:26:05,993 - INFO - epoch complete!
2024-10-08 20:26:05,993 - INFO - evaluating now!
2024-10-08 20:26:06,086 - INFO - Epoch [20/60] train_loss: 8.6399, val_loss: 8.7204, lr: 0.000100, 1.17s
2024-10-08 20:26:07,194 - INFO - epoch complete!
2024-10-08 20:26:07,194 - INFO - evaluating now!
2024-10-08 20:26:07,307 - INFO - Epoch [21/60] train_loss: 8.6348, val_loss: 8.7189, lr: 0.000100, 1.22s
2024-10-08 20:26:08,393 - INFO - epoch complete!
2024-10-08 20:26:08,394 - INFO - evaluating now!
2024-10-08 20:26:08,487 - INFO - Epoch [22/60] train_loss: 8.6342, val_loss: 8.7187, lr: 0.000100, 1.18s
2024-10-08 20:26:09,538 - INFO - epoch complete!
2024-10-08 20:26:09,538 - INFO - evaluating now!
2024-10-08 20:26:09,644 - INFO - Epoch [23/60] train_loss: 8.6340, val_loss: 8.7180, lr: 0.000100, 1.16s
2024-10-08 20:26:10,724 - INFO - epoch complete!
2024-10-08 20:26:10,725 - INFO - evaluating now!
2024-10-08 20:26:10,824 - INFO - Epoch [24/60] train_loss: 8.6339, val_loss: 8.7183, lr: 0.000100, 1.18s
2024-10-08 20:26:11,897 - INFO - epoch complete!
2024-10-08 20:26:11,898 - INFO - evaluating now!
2024-10-08 20:26:11,994 - INFO - Epoch [25/60] train_loss: 8.6334, val_loss: 8.7181, lr: 0.000100, 1.17s
2024-10-08 20:26:13,081 - INFO - epoch complete!
2024-10-08 20:26:13,081 - INFO - evaluating now!
2024-10-08 20:26:13,184 - INFO - Epoch [26/60] train_loss: 8.6327, val_loss: 8.7183, lr: 0.000100, 1.19s
2024-10-08 20:26:14,216 - INFO - epoch complete!
2024-10-08 20:26:14,216 - INFO - evaluating now!
2024-10-08 20:26:14,336 - INFO - Epoch [27/60] train_loss: 8.6325, val_loss: 8.7183, lr: 0.000100, 1.15s
2024-10-08 20:26:15,392 - INFO - epoch complete!
2024-10-08 20:26:15,393 - INFO - evaluating now!
2024-10-08 20:26:15,496 - INFO - Epoch [28/60] train_loss: 8.6326, val_loss: 8.7195, lr: 0.000100, 1.16s
2024-10-08 20:26:16,561 - INFO - epoch complete!
2024-10-08 20:26:16,561 - INFO - evaluating now!
2024-10-08 20:26:16,655 - INFO - Epoch [29/60] train_loss: 8.6316, val_loss: 8.7189, lr: 0.000100, 1.16s
2024-10-08 20:26:17,772 - INFO - epoch complete!
2024-10-08 20:26:17,773 - INFO - evaluating now!
2024-10-08 20:26:17,880 - INFO - Epoch [30/60] train_loss: 8.6317, val_loss: 8.7188, lr: 0.000100, 1.22s
2024-10-08 20:26:19,006 - INFO - epoch complete!
2024-10-08 20:26:19,007 - INFO - evaluating now!
2024-10-08 20:26:19,107 - INFO - Epoch [31/60] train_loss: 8.6311, val_loss: 8.7177, lr: 0.000100, 1.23s
2024-10-08 20:26:19,117 - INFO - Saved model at 31
2024-10-08 20:26:19,117 - INFO - Val loss decrease from 8.7179 to 8.7177, saving to ./libcity/cache/LSTM(humidity)/model_cache/RNN_humidity_epoch31.tar
2024-10-08 20:26:20,168 - INFO - epoch complete!
2024-10-08 20:26:20,170 - INFO - evaluating now!
2024-10-08 20:26:20,276 - INFO - Epoch [32/60] train_loss: 8.6315, val_loss: 8.7185, lr: 0.000100, 1.16s
2024-10-08 20:26:21,403 - INFO - epoch complete!
2024-10-08 20:26:21,403 - INFO - evaluating now!
2024-10-08 20:26:21,497 - INFO - Epoch [33/60] train_loss: 8.6307, val_loss: 8.7187, lr: 0.000100, 1.22s
2024-10-08 20:26:22,561 - INFO - epoch complete!
2024-10-08 20:26:22,561 - INFO - evaluating now!
2024-10-08 20:26:22,650 - INFO - Epoch [34/60] train_loss: 8.6306, val_loss: 8.7185, lr: 0.000100, 1.15s
2024-10-08 20:26:23,748 - INFO - epoch complete!
2024-10-08 20:26:23,748 - INFO - evaluating now!
2024-10-08 20:26:23,854 - INFO - Epoch [35/60] train_loss: 8.6302, val_loss: 8.7186, lr: 0.000100, 1.20s
2024-10-08 20:26:24,928 - INFO - epoch complete!
2024-10-08 20:26:24,928 - INFO - evaluating now!
2024-10-08 20:26:25,026 - INFO - Epoch [36/60] train_loss: 8.6307, val_loss: 8.7174, lr: 0.000100, 1.17s
2024-10-08 20:26:25,036 - INFO - Saved model at 36
2024-10-08 20:26:25,036 - INFO - Val loss decrease from 8.7177 to 8.7174, saving to ./libcity/cache/LSTM(humidity)/model_cache/RNN_humidity_epoch36.tar
2024-10-08 20:26:26,085 - INFO - epoch complete!
2024-10-08 20:26:26,085 - INFO - evaluating now!
2024-10-08 20:26:26,184 - INFO - Epoch [37/60] train_loss: 8.6302, val_loss: 8.7183, lr: 0.000100, 1.15s
2024-10-08 20:26:27,265 - INFO - epoch complete!
2024-10-08 20:26:27,265 - INFO - evaluating now!
2024-10-08 20:26:27,369 - INFO - Epoch [38/60] train_loss: 8.6300, val_loss: 8.7183, lr: 0.000100, 1.19s
2024-10-08 20:26:28,538 - INFO - epoch complete!
2024-10-08 20:26:28,539 - INFO - evaluating now!
2024-10-08 20:26:28,642 - INFO - Epoch [39/60] train_loss: 8.6298, val_loss: 8.7182, lr: 0.000010, 1.27s
2024-10-08 20:26:29,663 - INFO - epoch complete!
2024-10-08 20:26:29,663 - INFO - evaluating now!
2024-10-08 20:26:29,755 - INFO - Epoch [40/60] train_loss: 8.6294, val_loss: 8.7181, lr: 0.000010, 1.11s
2024-10-08 20:26:30,858 - INFO - epoch complete!
2024-10-08 20:26:30,858 - INFO - evaluating now!
2024-10-08 20:26:30,978 - INFO - Epoch [41/60] train_loss: 8.6293, val_loss: 8.7181, lr: 0.000010, 1.22s
2024-10-08 20:26:32,064 - INFO - epoch complete!
2024-10-08 20:26:32,064 - INFO - evaluating now!
2024-10-08 20:26:32,159 - INFO - Epoch [42/60] train_loss: 8.6292, val_loss: 8.7181, lr: 0.000010, 1.18s
2024-10-08 20:26:33,226 - INFO - epoch complete!
2024-10-08 20:26:33,226 - INFO - evaluating now!
2024-10-08 20:26:33,321 - INFO - Epoch [43/60] train_loss: 8.6290, val_loss: 8.7182, lr: 0.000010, 1.16s
2024-10-08 20:26:34,367 - INFO - epoch complete!
2024-10-08 20:26:34,367 - INFO - evaluating now!
2024-10-08 20:26:34,475 - INFO - Epoch [44/60] train_loss: 8.6287, val_loss: 8.7181, lr: 0.000010, 1.15s
2024-10-08 20:26:35,502 - INFO - epoch complete!
2024-10-08 20:26:35,503 - INFO - evaluating now!
2024-10-08 20:26:35,598 - INFO - Epoch [45/60] train_loss: 8.6287, val_loss: 8.7181, lr: 0.000010, 1.12s
2024-10-08 20:26:36,627 - INFO - epoch complete!
2024-10-08 20:26:36,627 - INFO - evaluating now!
2024-10-08 20:26:36,736 - INFO - Epoch [46/60] train_loss: 8.6287, val_loss: 8.7180, lr: 0.000010, 1.14s
2024-10-08 20:26:37,744 - INFO - epoch complete!
2024-10-08 20:26:37,744 - INFO - evaluating now!
2024-10-08 20:26:37,865 - INFO - Epoch [47/60] train_loss: 8.6287, val_loss: 8.7181, lr: 0.000010, 1.13s
2024-10-08 20:26:39,028 - INFO - epoch complete!
2024-10-08 20:26:39,028 - INFO - evaluating now!
2024-10-08 20:26:39,161 - INFO - Epoch [48/60] train_loss: 8.6287, val_loss: 8.7181, lr: 0.000010, 1.30s
2024-10-08 20:26:40,166 - INFO - epoch complete!
2024-10-08 20:26:40,166 - INFO - evaluating now!
2024-10-08 20:26:40,264 - INFO - Epoch [49/60] train_loss: 8.6285, val_loss: 8.7180, lr: 0.000010, 1.10s
2024-10-08 20:26:41,236 - INFO - epoch complete!
2024-10-08 20:26:41,236 - INFO - evaluating now!
2024-10-08 20:26:41,342 - INFO - Epoch [50/60] train_loss: 8.6285, val_loss: 8.7179, lr: 0.000010, 1.08s
2024-10-08 20:26:42,342 - INFO - epoch complete!
2024-10-08 20:26:42,342 - INFO - evaluating now!
2024-10-08 20:26:42,447 - INFO - Epoch [51/60] train_loss: 8.6285, val_loss: 8.7179, lr: 0.000010, 1.10s
2024-10-08 20:26:43,433 - INFO - epoch complete!
2024-10-08 20:26:43,433 - INFO - evaluating now!
2024-10-08 20:26:43,539 - INFO - Epoch [52/60] train_loss: 8.6286, val_loss: 8.7178, lr: 0.000010, 1.09s
2024-10-08 20:26:44,542 - INFO - epoch complete!
2024-10-08 20:26:44,542 - INFO - evaluating now!
2024-10-08 20:26:44,665 - INFO - Epoch [53/60] train_loss: 8.6283, val_loss: 8.7178, lr: 0.000010, 1.13s
2024-10-08 20:26:45,673 - INFO - epoch complete!
2024-10-08 20:26:45,674 - INFO - evaluating now!
2024-10-08 20:26:45,780 - INFO - Epoch [54/60] train_loss: 8.6286, val_loss: 8.7178, lr: 0.000010, 1.12s
2024-10-08 20:26:46,788 - INFO - epoch complete!
2024-10-08 20:26:46,790 - INFO - evaluating now!
2024-10-08 20:26:46,902 - INFO - Epoch [55/60] train_loss: 8.6282, val_loss: 8.7179, lr: 0.000010, 1.12s
2024-10-08 20:26:47,953 - INFO - epoch complete!
2024-10-08 20:26:47,953 - INFO - evaluating now!
2024-10-08 20:26:48,056 - INFO - Epoch [56/60] train_loss: 8.6284, val_loss: 8.7177, lr: 0.000010, 1.15s
2024-10-08 20:26:49,093 - INFO - epoch complete!
2024-10-08 20:26:49,093 - INFO - evaluating now!
2024-10-08 20:26:49,205 - INFO - Epoch [57/60] train_loss: 8.6291, val_loss: 8.7177, lr: 0.000010, 1.15s
2024-10-08 20:26:50,234 - INFO - epoch complete!
2024-10-08 20:26:50,235 - INFO - evaluating now!
2024-10-08 20:26:50,337 - INFO - Epoch [58/60] train_loss: 8.6286, val_loss: 8.7177, lr: 0.000010, 1.13s
2024-10-08 20:26:51,419 - INFO - epoch complete!
2024-10-08 20:26:51,419 - INFO - evaluating now!
2024-10-08 20:26:51,546 - INFO - Epoch [59/60] train_loss: 8.6288, val_loss: 8.7177, lr: 0.000010, 1.21s
2024-10-08 20:26:51,547 - INFO - Trained totally 60 epochs, average train time is 1.074s, average eval time is 0.103s
2024-10-08 20:26:51,559 - INFO - Loaded model at 36
2024-10-08 20:26:51,559 - INFO - Saved model at ./libcity/cache/LSTM(humidity)/model_cache/LSTM_humidity.m
2024-10-08 20:26:51,571 - INFO - Start evaluating ...
2024-10-08 20:27:02,969 - INFO - Note that you select the single mode to evaluate!
2024-10-08 20:27:02,972 - INFO - Evaluate result is saved at ./libcity/cache/LSTM(humidity)/evaluate_cache/2024_10_08_20_27_02_RNN_humidity.csv
2024-10-08 20:27:02,977 - INFO - 
         MAE      MAPE       RMSE
1   8.740818  0.143670  12.040051
2   8.741792  0.143643  12.036339
3   8.742093  0.143625  12.031265
4   8.740519  0.143541  12.023202
5   8.736802  0.143392  12.013090
6   8.733151  0.143223  12.003961
7   8.730016  0.143039  11.995962
8   8.727220  0.142852  11.988988
9   8.723823  0.142657  11.981517
10  8.719976  0.142452  11.973807
11  8.714893  0.142231  11.964664
12  8.709805  0.142012  11.955539
