2024-10-07 21:28:44,877 - INFO - Log directory: ./libcity/log
2024-10-07 21:28:44,877 - INFO - Begin pipeline, task=MTS_pred, model_name=LSTM, dataset_name=PEMS_BAY, exp_id=LSTM(PEMS_BAY)
2024-10-07 21:28:44,877 - INFO - {'task': 'MTS_pred', 'model': 'RNN', 'dataset': 'PEMS_BAY', 'saved_model': True, 'exp_id': 'LSTM(PEMS_BAY)', 'seed': 0, 'batch_size': 64, 'max_epoch': 60, 'dataset_class': 'StatePointDataset', 'executor': 'StateExecutor', 'evaluator': 'StateEvaluator', 'rnn_type': 'LSTM', 'hidden_size': 64, 'num_layers': 1, 'dropout': 0, 'bidirectional': False, 'teacher_forcing_ratio': 0, 'scaler': 'standard', 'load_external': False, 'normal_external': False, 'ext_scaler': 'none', 'add_time_in_day': True, 'add_day_in_week': False, 'learner': 'adam', 'learning_rate': 0.01, 'lr_decay': True, 'lr_scheduler': 'multisteplr', 'lr_decay_ratio': 0.1, 'steps': [5, 20, 40, 70], 'clip_grad_norm': True, 'max_grad_norm': 5, 'use_early_stop': True, 'patience': 50, 'cache_dataset': True, 'num_workers': 0, 'pad_with_last_sample': True, 'train_rate': 0.7, 'eval_rate': 0.1, 'input_window': 12, 'output_window': 12, 'robustness_test': False, 'noise_type': 'gaussian', 'disturb_rate': 0.5, 'noise_mean': [5], 'noise_SD': [10], 'gpu': True, 'gpu_id': 0, 'train_loss': 'none', 'epoch': 0, 'weight_decay': 0, 'lr_epsilon': 1e-08, 'lr_beta1': 0.9, 'lr_beta2': 0.999, 'lr_alpha': 0.99, 'lr_momentum': 0, 'step_size': 10, 'lr_T_max': 30, 'lr_eta_min': 0, 'lr_patience': 10, 'lr_threshold': 0.0001, 'log_level': 'INFO', 'log_every': 1, 'load_best_epoch': True, 'hyper_tune': False, 'metrics': ['MAE', 'MAPE', 'RMSE'], 'evaluator_mode': 'single', 'save_mode': ['csv'], 'geo': {'including_types': ['Point'], 'Point': {}}, 'rel': {'including_types': ['geo'], 'geo': {'cost': 'num'}}, 'dyna': {'including_types': ['state'], 'state': {'entity_id': 'geo_id', 'traffic_speed': 'num'}}, 'data_col': ['traffic_speed'], 'weight_col': 'cost', 'data_files': ['PEMS_BAY'], 'geo_file': 'PEMS_BAY', 'rel_file': 'PEMS_BAY', 'output_dim': 1, 'time_intervals': 300, 'init_weight_inf_or_zero': 'inf', 'set_weight_link_or_dist': 'dist', 'calculate_weight_adj': True, 'weight_adj_epsilon': 0.1, 'device': device(type='cuda', index=0)}
2024-10-07 21:28:46,662 - INFO - Loaded file PEMS_BAY_feature.csv, shape=(52116, 325, 1)
2024-10-07 21:29:07,255 - INFO - Dataset created
2024-10-07 21:29:07,256 - INFO - x shape: (52093, 12, 325, 1), y shape: (52093, 12, 325, 1)
2024-10-07 21:29:07,466 - INFO - train	x: (36465, 12, 325, 1), y: (36465, 12, 325, 1)
2024-10-07 21:29:07,467 - INFO - eval	x: (5209, 12, 325, 1), y: (5209, 12, 325, 1)
2024-10-07 21:29:07,467 - INFO - test	x: (10419, 12, 325, 1), y: (10419, 12, 325, 1)
2024-10-07 21:30:29,064 - INFO - Saved at ./libcity/cache/dataset_cache/point_based_PEMS_BAY_12_12_0.7_0.1_standard_64_False_True_False_True.npz
2024-10-07 21:30:29,573 - INFO - StandardScaler mean: 62.73567651594296, std: 9.438173664359947
2024-10-07 21:30:29,574 - INFO - NoneScaler
2024-10-07 21:30:38,045 - INFO - You select rnn_type LSTM in RNN!
2024-10-07 21:30:38,627 - INFO - RNN(
  (rnn): LSTM(325, 64)
  (fc): Linear(in_features=64, out_features=325, bias=True)
)
2024-10-07 21:30:38,628 - INFO - rnn.weight_ih_l0	torch.Size([256, 325])	cuda:0	True
2024-10-07 21:30:38,628 - INFO - rnn.weight_hh_l0	torch.Size([256, 64])	cuda:0	True
2024-10-07 21:30:38,629 - INFO - rnn.bias_ih_l0	torch.Size([256])	cuda:0	True
2024-10-07 21:30:38,629 - INFO - rnn.bias_hh_l0	torch.Size([256])	cuda:0	True
2024-10-07 21:30:38,629 - INFO - fc.weight	torch.Size([325, 64])	cuda:0	True
2024-10-07 21:30:38,629 - INFO - fc.bias	torch.Size([325])	cuda:0	True
2024-10-07 21:30:38,629 - INFO - Total parameter numbers: 121221
2024-10-07 21:30:38,629 - INFO - You select `adam` optimizer.
2024-10-07 21:30:40,227 - INFO - You select `multisteplr` lr_scheduler.
2024-10-07 21:30:40,227 - WARNING - Received none train loss func and will use the loss func defined in the model.
2024-10-07 21:30:40,230 - INFO - Start training ...
2024-10-07 21:30:40,230 - INFO - num_batches:570
2024-10-07 21:30:56,099 - INFO - epoch complete!
2024-10-07 21:30:56,102 - INFO - evaluating now!
2024-10-07 21:30:56,829 - INFO - Epoch [0/60] train_loss: 2.8152, val_loss: 3.4219, lr: 0.010000, 16.60s
2024-10-07 21:30:56,835 - INFO - Saved model at 0
2024-10-07 21:30:56,835 - INFO - Val loss decrease from inf to 3.4219, saving to ./libcity/cache/LSTM(PEMS_BAY)/model_cache/RNN_PEMS_BAY_epoch0.tar
2024-10-07 21:31:11,659 - INFO - epoch complete!
2024-10-07 21:31:11,659 - INFO - evaluating now!
2024-10-07 21:31:12,542 - INFO - Epoch [1/60] train_loss: 2.7564, val_loss: 3.1640, lr: 0.010000, 15.71s
2024-10-07 21:31:12,549 - INFO - Saved model at 1
2024-10-07 21:31:12,549 - INFO - Val loss decrease from 3.4219 to 3.1640, saving to ./libcity/cache/LSTM(PEMS_BAY)/model_cache/RNN_PEMS_BAY_epoch1.tar
2024-10-07 21:31:28,108 - INFO - epoch complete!
2024-10-07 21:31:28,109 - INFO - evaluating now!
2024-10-07 21:31:28,921 - INFO - Epoch [2/60] train_loss: 2.7720, val_loss: 2.9977, lr: 0.010000, 16.37s
2024-10-07 21:31:28,924 - INFO - Saved model at 2
2024-10-07 21:31:28,924 - INFO - Val loss decrease from 3.1640 to 2.9977, saving to ./libcity/cache/LSTM(PEMS_BAY)/model_cache/RNN_PEMS_BAY_epoch2.tar
2024-10-07 21:31:42,527 - INFO - epoch complete!
2024-10-07 21:31:42,527 - INFO - evaluating now!
2024-10-07 21:31:43,423 - INFO - Epoch [3/60] train_loss: 11.6480, val_loss: 21.0737, lr: 0.010000, 14.50s
2024-10-07 21:31:59,081 - INFO - epoch complete!
2024-10-07 21:31:59,081 - INFO - evaluating now!
2024-10-07 21:31:59,941 - INFO - Epoch [4/60] train_loss: 23.8813, val_loss: 24.7701, lr: 0.001000, 16.52s
2024-10-07 21:32:16,477 - INFO - epoch complete!
2024-10-07 21:32:16,478 - INFO - evaluating now!
2024-10-07 21:32:17,434 - INFO - Epoch [5/60] train_loss: 23.8778, val_loss: 23.1305, lr: 0.001000, 17.49s
2024-10-07 21:32:32,848 - INFO - epoch complete!
2024-10-07 21:32:32,848 - INFO - evaluating now!
2024-10-07 21:32:33,721 - INFO - Epoch [6/60] train_loss: 23.2712, val_loss: 23.1008, lr: 0.001000, 16.29s
2024-10-07 21:32:49,272 - INFO - epoch complete!
2024-10-07 21:32:49,272 - INFO - evaluating now!
2024-10-07 21:32:50,226 - INFO - Epoch [7/60] train_loss: 23.8593, val_loss: 24.2644, lr: 0.001000, 16.50s
2024-10-07 21:33:06,184 - INFO - epoch complete!
2024-10-07 21:33:06,187 - INFO - evaluating now!
2024-10-07 21:33:07,185 - INFO - Epoch [8/60] train_loss: 24.3469, val_loss: 24.1931, lr: 0.001000, 16.96s
2024-10-07 21:33:22,227 - INFO - epoch complete!
2024-10-07 21:33:22,228 - INFO - evaluating now!
2024-10-07 21:33:23,133 - INFO - Epoch [9/60] train_loss: 24.8202, val_loss: 25.3533, lr: 0.001000, 15.95s
2024-10-07 21:33:38,845 - INFO - epoch complete!
2024-10-07 21:33:38,846 - INFO - evaluating now!
2024-10-07 21:33:40,004 - INFO - Epoch [10/60] train_loss: 25.0869, val_loss: 25.0009, lr: 0.001000, 16.87s
2024-10-07 21:33:55,475 - INFO - epoch complete!
2024-10-07 21:33:55,478 - INFO - evaluating now!
2024-10-07 21:33:56,339 - INFO - Epoch [11/60] train_loss: 25.6022, val_loss: 25.3359, lr: 0.001000, 16.33s
2024-10-07 21:34:17,374 - INFO - epoch complete!
2024-10-07 21:34:17,374 - INFO - evaluating now!
2024-10-07 21:34:18,788 - INFO - Epoch [12/60] train_loss: 25.4640, val_loss: 24.8508, lr: 0.001000, 22.45s
2024-10-07 21:34:36,764 - INFO - epoch complete!
2024-10-07 21:34:36,765 - INFO - evaluating now!
2024-10-07 21:34:37,829 - INFO - Epoch [13/60] train_loss: 23.5877, val_loss: 23.5460, lr: 0.001000, 19.04s
2024-10-07 21:34:55,991 - INFO - epoch complete!
2024-10-07 21:34:55,992 - INFO - evaluating now!
2024-10-07 21:34:56,990 - INFO - Epoch [14/60] train_loss: 23.0979, val_loss: 23.3729, lr: 0.001000, 19.16s
2024-10-07 21:35:23,169 - INFO - epoch complete!
2024-10-07 21:35:23,172 - INFO - evaluating now!
2024-10-07 21:35:24,854 - INFO - Epoch [15/60] train_loss: 23.1701, val_loss: 23.7952, lr: 0.001000, 27.86s
2024-10-07 21:35:49,030 - INFO - epoch complete!
2024-10-07 21:35:49,031 - INFO - evaluating now!
2024-10-07 21:35:50,125 - INFO - Epoch [16/60] train_loss: 24.0039, val_loss: 25.4010, lr: 0.001000, 25.27s
2024-10-07 21:36:07,367 - INFO - epoch complete!
2024-10-07 21:36:07,367 - INFO - evaluating now!
2024-10-07 21:36:08,892 - INFO - Epoch [17/60] train_loss: 24.2521, val_loss: 23.4385, lr: 0.001000, 18.77s
2024-10-07 21:36:35,344 - INFO - epoch complete!
2024-10-07 21:36:35,344 - INFO - evaluating now!
2024-10-07 21:36:36,510 - INFO - Epoch [18/60] train_loss: 24.2581, val_loss: 24.4087, lr: 0.001000, 27.62s
2024-10-07 21:36:57,330 - INFO - epoch complete!
2024-10-07 21:36:57,330 - INFO - evaluating now!
2024-10-07 21:36:59,123 - INFO - Epoch [19/60] train_loss: 25.1561, val_loss: 25.0131, lr: 0.000100, 22.61s
2024-10-07 21:37:25,224 - INFO - epoch complete!
2024-10-07 21:37:25,224 - INFO - evaluating now!
2024-10-07 21:37:26,804 - INFO - Epoch [20/60] train_loss: 24.4196, val_loss: 25.1174, lr: 0.000100, 27.68s
2024-10-07 21:37:41,655 - INFO - epoch complete!
2024-10-07 21:37:41,656 - INFO - evaluating now!
2024-10-07 21:37:42,375 - INFO - Epoch [21/60] train_loss: 24.5383, val_loss: 25.2515, lr: 0.000100, 15.57s
2024-10-07 21:37:57,312 - INFO - epoch complete!
2024-10-07 21:37:57,312 - INFO - evaluating now!
2024-10-07 21:37:58,080 - INFO - Epoch [22/60] train_loss: 24.6707, val_loss: 25.8236, lr: 0.000100, 15.70s
2024-10-07 21:38:21,452 - INFO - epoch complete!
2024-10-07 21:38:21,452 - INFO - evaluating now!
2024-10-07 21:38:22,578 - INFO - Epoch [23/60] train_loss: 25.3617, val_loss: 25.5108, lr: 0.000100, 24.50s
2024-10-07 21:38:45,892 - INFO - epoch complete!
2024-10-07 21:38:45,893 - INFO - evaluating now!
2024-10-07 21:38:47,390 - INFO - Epoch [24/60] train_loss: 25.2919, val_loss: 25.5471, lr: 0.000100, 24.81s
2024-10-07 21:39:06,415 - INFO - epoch complete!
2024-10-07 21:39:06,418 - INFO - evaluating now!
2024-10-07 21:39:07,704 - INFO - Epoch [25/60] train_loss: 25.0877, val_loss: 25.2871, lr: 0.000100, 20.31s
2024-10-07 21:39:24,794 - INFO - epoch complete!
2024-10-07 21:39:24,795 - INFO - evaluating now!
2024-10-07 21:39:26,115 - INFO - Epoch [26/60] train_loss: 24.9753, val_loss: 25.3379, lr: 0.000100, 18.41s
2024-10-07 21:39:53,880 - INFO - epoch complete!
2024-10-07 21:39:53,881 - INFO - evaluating now!
2024-10-07 21:39:55,441 - INFO - Epoch [27/60] train_loss: 24.9958, val_loss: 25.4719, lr: 0.000100, 29.33s
2024-10-07 21:40:14,898 - INFO - epoch complete!
2024-10-07 21:40:14,898 - INFO - evaluating now!
2024-10-07 21:40:15,935 - INFO - Epoch [28/60] train_loss: 25.0231, val_loss: 25.3692, lr: 0.000100, 20.49s
2024-10-07 21:40:38,418 - INFO - epoch complete!
2024-10-07 21:40:38,418 - INFO - evaluating now!
2024-10-07 21:40:39,188 - INFO - Epoch [29/60] train_loss: 25.0772, val_loss: 25.3645, lr: 0.000100, 23.25s
2024-10-07 21:40:56,566 - INFO - epoch complete!
2024-10-07 21:40:56,567 - INFO - evaluating now!
2024-10-07 21:40:57,436 - INFO - Epoch [30/60] train_loss: 25.1019, val_loss: 25.3287, lr: 0.000100, 18.25s
2024-10-07 21:41:14,530 - INFO - epoch complete!
2024-10-07 21:41:14,531 - INFO - evaluating now!
2024-10-07 21:41:16,134 - INFO - Epoch [31/60] train_loss: 25.0757, val_loss: 25.4175, lr: 0.000100, 18.70s
2024-10-07 21:41:37,635 - INFO - epoch complete!
2024-10-07 21:41:37,638 - INFO - evaluating now!
2024-10-07 21:41:39,173 - INFO - Epoch [32/60] train_loss: 25.1519, val_loss: 25.3593, lr: 0.000100, 23.04s
2024-10-07 21:42:06,993 - INFO - epoch complete!
2024-10-07 21:42:06,993 - INFO - evaluating now!
2024-10-07 21:42:08,464 - INFO - Epoch [33/60] train_loss: 24.9265, val_loss: 25.4293, lr: 0.000100, 29.29s
2024-10-07 21:42:30,953 - INFO - epoch complete!
2024-10-07 21:42:30,954 - INFO - evaluating now!
2024-10-07 21:42:32,574 - INFO - Epoch [34/60] train_loss: 24.9087, val_loss: 24.8975, lr: 0.000100, 24.11s
2024-10-07 21:42:56,206 - INFO - epoch complete!
2024-10-07 21:42:56,209 - INFO - evaluating now!
2024-10-07 21:42:57,678 - INFO - Epoch [35/60] train_loss: 24.6830, val_loss: 24.8222, lr: 0.000100, 25.10s
2024-10-07 21:43:28,622 - INFO - epoch complete!
2024-10-07 21:43:28,622 - INFO - evaluating now!
2024-10-07 21:43:30,770 - INFO - Epoch [36/60] train_loss: 24.8317, val_loss: 24.8321, lr: 0.000100, 33.09s
2024-10-07 21:44:05,327 - INFO - epoch complete!
2024-10-07 21:44:05,330 - INFO - evaluating now!
2024-10-07 21:44:08,043 - INFO - Epoch [37/60] train_loss: 24.9686, val_loss: 25.3868, lr: 0.000100, 37.27s
2024-10-07 21:45:00,194 - INFO - epoch complete!
2024-10-07 21:45:00,195 - INFO - evaluating now!
2024-10-07 21:45:02,499 - INFO - Epoch [38/60] train_loss: 25.1790, val_loss: 25.3523, lr: 0.000100, 54.46s
2024-10-07 21:45:37,652 - INFO - epoch complete!
2024-10-07 21:45:37,654 - INFO - evaluating now!
2024-10-07 21:45:39,567 - INFO - Epoch [39/60] train_loss: 25.1319, val_loss: 25.2277, lr: 0.000010, 37.07s
2024-10-07 21:46:09,711 - INFO - epoch complete!
2024-10-07 21:46:09,712 - INFO - evaluating now!
2024-10-07 21:46:11,089 - INFO - Epoch [40/60] train_loss: 24.8229, val_loss: 25.2327, lr: 0.000010, 31.52s
2024-10-07 21:46:44,496 - INFO - epoch complete!
2024-10-07 21:46:44,499 - INFO - evaluating now!
2024-10-07 21:46:46,308 - INFO - Epoch [41/60] train_loss: 24.8357, val_loss: 25.2035, lr: 0.000010, 35.22s
2024-10-07 21:47:19,231 - INFO - epoch complete!
2024-10-07 21:47:19,231 - INFO - evaluating now!
2024-10-07 21:47:20,613 - INFO - Epoch [42/60] train_loss: 24.8085, val_loss: 25.2501, lr: 0.000010, 34.30s
2024-10-07 21:47:49,959 - INFO - epoch complete!
2024-10-07 21:47:49,959 - INFO - evaluating now!
2024-10-07 21:47:51,687 - INFO - Epoch [43/60] train_loss: 24.8393, val_loss: 25.2102, lr: 0.000010, 31.07s
2024-10-07 21:48:16,680 - INFO - epoch complete!
2024-10-07 21:48:16,681 - INFO - evaluating now!
2024-10-07 21:48:18,256 - INFO - Epoch [44/60] train_loss: 24.8385, val_loss: 25.2281, lr: 0.000010, 26.57s
2024-10-07 21:48:42,513 - INFO - epoch complete!
2024-10-07 21:48:42,514 - INFO - evaluating now!
2024-10-07 21:48:43,619 - INFO - Epoch [45/60] train_loss: 24.8831, val_loss: 25.2461, lr: 0.000010, 25.36s
2024-10-07 21:49:06,670 - INFO - epoch complete!
2024-10-07 21:49:06,670 - INFO - evaluating now!
2024-10-07 21:49:08,616 - INFO - Epoch [46/60] train_loss: 24.8669, val_loss: 25.1818, lr: 0.000010, 25.00s
2024-10-07 21:49:51,005 - INFO - epoch complete!
2024-10-07 21:49:51,005 - INFO - evaluating now!
2024-10-07 21:49:53,063 - INFO - Epoch [47/60] train_loss: 24.8540, val_loss: 25.1998, lr: 0.000010, 44.45s
2024-10-07 21:50:39,997 - INFO - epoch complete!
2024-10-07 21:50:40,002 - INFO - evaluating now!
2024-10-07 21:50:43,082 - INFO - Epoch [48/60] train_loss: 24.8823, val_loss: 25.2343, lr: 0.000010, 50.02s
2024-10-07 21:51:24,770 - INFO - epoch complete!
2024-10-07 21:51:24,772 - INFO - evaluating now!
2024-10-07 21:51:27,007 - INFO - Epoch [49/60] train_loss: 24.9756, val_loss: 25.2742, lr: 0.000010, 43.92s
2024-10-07 21:52:07,703 - INFO - epoch complete!
2024-10-07 21:52:07,704 - INFO - evaluating now!
2024-10-07 21:52:09,925 - INFO - Epoch [50/60] train_loss: 25.1114, val_loss: 25.2642, lr: 0.000010, 42.92s
2024-10-07 21:52:47,645 - INFO - epoch complete!
2024-10-07 21:52:47,645 - INFO - evaluating now!
2024-10-07 21:52:50,059 - INFO - Epoch [51/60] train_loss: 25.1640, val_loss: 25.2476, lr: 0.000010, 40.13s
2024-10-07 21:53:31,089 - INFO - epoch complete!
2024-10-07 21:53:31,090 - INFO - evaluating now!
2024-10-07 21:53:33,890 - INFO - Epoch [52/60] train_loss: 25.1836, val_loss: 25.2859, lr: 0.000010, 43.83s
2024-10-07 21:53:33,898 - WARNING - Early stopping at epoch: 52
2024-10-07 21:53:33,899 - INFO - Trained totally 53 epochs, average train time is 24.469s, average eval time is 1.446s
2024-10-07 21:53:34,202 - INFO - Loaded model at 2
2024-10-07 21:53:34,203 - INFO - Saved model at ./libcity/cache/LSTM(PEMS_BAY)/model_cache/LSTM_PEMS_BAY.m
2024-10-07 21:53:34,237 - INFO - Start evaluating ...
2024-10-07 21:55:23,136 - INFO - Note that you select the single mode to evaluate!
2024-10-07 21:55:23,280 - INFO - Evaluate result is saved at ./libcity/cache/LSTM(PEMS_BAY)/evaluate_cache/2024_10_07_21_55_23_RNN_PEMS_BAY.csv
2024-10-07 21:55:23,376 - INFO - 
         MAE      MAPE      RMSE
1   2.827606  0.067409  5.610745
2   2.809002  0.068072  5.655892
3   2.808922  0.068498  5.694098
4   2.813279  0.068844  5.727955
5   2.821058  0.069196  5.762813
6   2.830645  0.069552  5.798127
7   2.841864  0.069927  5.835083
8   2.854269  0.070316  5.873124
9   2.867987  0.070726  5.912793
10  2.882673  0.071158  5.953995
11  2.898317  0.071619  5.996609
12  2.915687  0.072169  6.041632
