2024-10-08 20:25:31,138 - INFO - Log directory: ./libcity/log
2024-10-08 20:25:31,138 - INFO - Begin pipeline, task=MTS_pred, model_name=STGCN, dataset_name=humidity, exp_id=STGCN(humidity)
2024-10-08 20:25:31,139 - INFO - {'task': 'MTS_pred', 'model': 'STGCN', 'dataset': 'humidity', 'saved_model': True, 'exp_id': 'STGCN(humidity)', 'seed': 0, 'batch_size': 64, 'max_epoch': 60, 'dataset_class': 'StatePointDataset', 'executor': 'StateExecutor', 'evaluator': 'StateEvaluator', 'Ks': 3, 'Kt': 3, 'blocks': [[1, 32, 64], [64, 32, 128]], 'dropout': 0, 'graph_conv_type': 'chebconv', 'stgcn_train_mode': 'quick', 'bidir_adj_mx': True, 'scaler': 'standard', 'load_external': False, 'normal_external': False, 'ext_scaler': 'none', 'add_time_in_day': False, 'add_day_in_week': False, 'learner': 'rmsprop', 'learning_rate': 0.001, 'lr_decay': True, 'lr_scheduler': 'steplr', 'lr_decay_ratio': 0.7, 'step_size': 5, 'clip_grad_norm': False, 'use_early_stop': False, 'cache_dataset': True, 'num_workers': 0, 'pad_with_last_sample': True, 'train_rate': 0.7, 'eval_rate': 0.1, 'input_window': 12, 'output_window': 12, 'robustness_test': False, 'noise_type': 'gaussian', 'disturb_rate': 0.5, 'noise_mean': [5], 'noise_SD': [10], 'gpu': True, 'gpu_id': 0, 'train_loss': 'none', 'epoch': 0, 'weight_decay': 0, 'lr_epsilon': 1e-08, 'lr_beta1': 0.9, 'lr_beta2': 0.999, 'lr_alpha': 0.99, 'lr_momentum': 0, 'steps': [5, 20, 40, 70], 'lr_T_max': 30, 'lr_eta_min': 0, 'lr_patience': 10, 'lr_threshold': 0.0001, 'max_grad_norm': 1.0, 'patience': 50, 'log_level': 'INFO', 'log_every': 1, 'load_best_epoch': True, 'hyper_tune': False, 'metrics': ['MAE', 'MAPE', 'RMSE'], 'evaluator_mode': 'single', 'save_mode': ['csv'], 'geo': {'including_types': ['Point'], 'Point': {}}, 'rel': {'including_types': ['geo'], 'geo': {'cost': 'num'}}, 'dyna': {'including_types': ['state'], 'state': {'entity_id': 'geo_id', 'traffic_speed': 'num'}}, 'data_col': ['traffic_speed'], 'weight_col': 'cost', 'data_files': ['humidity'], 'geo_file': 'humidity', 'rel_file': 'humidity', 'output_dim': 1, 'time_intervals': 300, 'init_weight_inf_or_zero': 'inf', 'set_weight_link_or_dist': 'dist', 'calculate_weight_adj': True, 'weight_adj_epsilon': 0.1, 'device': device(type='cuda', index=0)}
2024-10-08 20:25:33,193 - INFO - Loaded file humidity_feature.csv, shape=(3322, 2048, 1)
2024-10-08 20:25:36,157 - INFO - Dataset created
2024-10-08 20:25:36,158 - INFO - x shape: (3299, 12, 2048, 1), y shape: (3299, 12, 2048, 1)
2024-10-08 20:25:36,191 - INFO - train	x: (2309, 12, 2048, 1), y: (2309, 12, 2048, 1)
2024-10-08 20:25:36,191 - INFO - eval	x: (330, 12, 2048, 1), y: (330, 12, 2048, 1)
2024-10-08 20:25:36,191 - INFO - test	x: (660, 12, 2048, 1), y: (660, 12, 2048, 1)
2024-10-08 20:27:28,644 - INFO - Saved at ./libcity/cache/dataset_cache/point_based_humidity_12_12_0.7_0.1_standard_64_False_False_False_True.npz
2024-10-08 20:27:28,860 - INFO - StandardScaler mean: 78.66855544535464, std: 17.406175498267864
2024-10-08 20:27:28,861 - INFO - NoneScaler
2024-10-08 20:27:29,823 - INFO - You select quick mode to train STGCN model.
2024-10-08 20:27:47,908 - INFO - Chebyshev_polynomial_Lk shape: (3, 2048, 2048)
2024-10-08 20:27:48,167 - INFO - STGCN(
  (st_conv1): STConvBlock(
    (tconv1): TemporalConvLayer(
      (align): Align()
      (conv): Conv2d(1, 64, kernel_size=(3, 1), stride=(1, 1))
    )
    (sconv): SpatioConvLayer(
      (align): Align()
    )
    (tconv2): TemporalConvLayer(
      (align): Align()
      (conv): Conv2d(32, 64, kernel_size=(3, 1), stride=(1, 1))
    )
    (ln): LayerNorm((2048, 64), eps=1e-05, elementwise_affine=True)
    (dropout): Dropout(p=0, inplace=False)
  )
  (st_conv2): STConvBlock(
    (tconv1): TemporalConvLayer(
      (align): Align(
        (conv1x1): Conv2d(64, 32, kernel_size=(1, 1), stride=(1, 1))
      )
      (conv): Conv2d(64, 64, kernel_size=(3, 1), stride=(1, 1))
    )
    (sconv): SpatioConvLayer(
      (align): Align()
    )
    (tconv2): TemporalConvLayer(
      (align): Align()
      (conv): Conv2d(32, 128, kernel_size=(3, 1), stride=(1, 1))
    )
    (ln): LayerNorm((2048, 128), eps=1e-05, elementwise_affine=True)
    (dropout): Dropout(p=0, inplace=False)
  )
  (output): OutputLayer(
    (tconv1): TemporalConvLayer(
      (align): Align()
      (conv): Conv2d(128, 256, kernel_size=(4, 1), stride=(1, 1))
    )
    (ln): LayerNorm((2048, 128), eps=1e-05, elementwise_affine=True)
    (tconv2): TemporalConvLayer(
      (align): Align()
      (conv): Conv2d(128, 128, kernel_size=(1, 1), stride=(1, 1))
    )
    (fc): FullyConvLayer(
      (conv): Conv2d(128, 1, kernel_size=(1, 1), stride=(1, 1))
    )
  )
)
2024-10-08 20:27:48,167 - INFO - st_conv1.tconv1.conv.weight	torch.Size([64, 1, 3, 1])	cuda:0	True
2024-10-08 20:27:48,168 - INFO - st_conv1.tconv1.conv.bias	torch.Size([64])	cuda:0	True
2024-10-08 20:27:48,168 - INFO - st_conv1.sconv.theta	torch.Size([32, 32, 3])	cuda:0	True
2024-10-08 20:27:48,168 - INFO - st_conv1.sconv.b	torch.Size([1, 32, 1, 1])	cuda:0	True
2024-10-08 20:27:48,168 - INFO - st_conv1.tconv2.conv.weight	torch.Size([64, 32, 3, 1])	cuda:0	True
2024-10-08 20:27:48,168 - INFO - st_conv1.tconv2.conv.bias	torch.Size([64])	cuda:0	True
2024-10-08 20:27:48,168 - INFO - st_conv1.ln.weight	torch.Size([2048, 64])	cuda:0	True
2024-10-08 20:27:48,169 - INFO - st_conv1.ln.bias	torch.Size([2048, 64])	cuda:0	True
2024-10-08 20:27:48,169 - INFO - st_conv2.tconv1.align.conv1x1.weight	torch.Size([32, 64, 1, 1])	cuda:0	True
2024-10-08 20:27:48,169 - INFO - st_conv2.tconv1.align.conv1x1.bias	torch.Size([32])	cuda:0	True
2024-10-08 20:27:48,169 - INFO - st_conv2.tconv1.conv.weight	torch.Size([64, 64, 3, 1])	cuda:0	True
2024-10-08 20:27:48,169 - INFO - st_conv2.tconv1.conv.bias	torch.Size([64])	cuda:0	True
2024-10-08 20:27:48,169 - INFO - st_conv2.sconv.theta	torch.Size([32, 32, 3])	cuda:0	True
2024-10-08 20:27:48,169 - INFO - st_conv2.sconv.b	torch.Size([1, 32, 1, 1])	cuda:0	True
2024-10-08 20:27:48,170 - INFO - st_conv2.tconv2.conv.weight	torch.Size([128, 32, 3, 1])	cuda:0	True
2024-10-08 20:27:48,170 - INFO - st_conv2.tconv2.conv.bias	torch.Size([128])	cuda:0	True
2024-10-08 20:27:48,170 - INFO - st_conv2.ln.weight	torch.Size([2048, 128])	cuda:0	True
2024-10-08 20:27:48,170 - INFO - st_conv2.ln.bias	torch.Size([2048, 128])	cuda:0	True
2024-10-08 20:27:48,170 - INFO - output.tconv1.conv.weight	torch.Size([256, 128, 4, 1])	cuda:0	True
2024-10-08 20:27:48,170 - INFO - output.tconv1.conv.bias	torch.Size([256])	cuda:0	True
2024-10-08 20:27:48,170 - INFO - output.ln.weight	torch.Size([2048, 128])	cuda:0	True
2024-10-08 20:27:48,171 - INFO - output.ln.bias	torch.Size([2048, 128])	cuda:0	True
2024-10-08 20:27:48,171 - INFO - output.tconv2.conv.weight	torch.Size([128, 128, 1, 1])	cuda:0	True
2024-10-08 20:27:48,171 - INFO - output.tconv2.conv.bias	torch.Size([128])	cuda:0	True
2024-10-08 20:27:48,171 - INFO - output.fc.conv.weight	torch.Size([1, 128, 1, 1])	cuda:0	True
2024-10-08 20:27:48,171 - INFO - output.fc.conv.bias	torch.Size([1])	cuda:0	True
2024-10-08 20:27:48,171 - INFO - Total parameter numbers: 1498209
2024-10-08 20:27:48,171 - INFO - You select `rmsprop` optimizer.
2024-10-08 20:27:48,631 - INFO - You select `steplr` lr_scheduler.
2024-10-08 20:27:48,631 - WARNING - Received none train loss func and will use the loss func defined in the model.
2024-10-08 20:27:48,631 - INFO - Start training ...
2024-10-08 20:27:48,631 - INFO - num_batches:37
2024-10-08 20:28:05,009 - INFO - epoch complete!
2024-10-08 20:28:05,009 - INFO - evaluating now!
2024-10-08 20:28:14,522 - INFO - Epoch [0/60] train_loss: 142.7103, val_loss: 145.1482, lr: 0.001000, 25.89s
2024-10-08 20:28:14,538 - INFO - Saved model at 0
2024-10-08 20:28:14,538 - INFO - Val loss decrease from inf to 145.1482, saving to ./libcity/cache/STGCN(humidity)/model_cache/STGCN_humidity_epoch0.tar
2024-10-08 20:28:30,322 - INFO - epoch complete!
2024-10-08 20:28:30,322 - INFO - evaluating now!
2024-10-08 20:28:40,579 - INFO - Epoch [1/60] train_loss: 99.7237, val_loss: 136.6460, lr: 0.001000, 26.04s
2024-10-08 20:28:40,595 - INFO - Saved model at 1
2024-10-08 20:28:40,595 - INFO - Val loss decrease from 145.1482 to 136.6460, saving to ./libcity/cache/STGCN(humidity)/model_cache/STGCN_humidity_epoch1.tar
2024-10-08 20:28:55,826 - INFO - epoch complete!
2024-10-08 20:28:55,826 - INFO - evaluating now!
2024-10-08 20:29:05,549 - INFO - Epoch [2/60] train_loss: 97.0724, val_loss: 130.3186, lr: 0.001000, 24.95s
2024-10-08 20:29:05,564 - INFO - Saved model at 2
2024-10-08 20:29:05,564 - INFO - Val loss decrease from 136.6460 to 130.3186, saving to ./libcity/cache/STGCN(humidity)/model_cache/STGCN_humidity_epoch2.tar
2024-10-08 20:29:20,857 - INFO - epoch complete!
2024-10-08 20:29:20,857 - INFO - evaluating now!
2024-10-08 20:29:31,135 - INFO - Epoch [3/60] train_loss: 96.3957, val_loss: 126.6975, lr: 0.001000, 25.57s
2024-10-08 20:29:31,150 - INFO - Saved model at 3
2024-10-08 20:29:31,151 - INFO - Val loss decrease from 130.3186 to 126.6975, saving to ./libcity/cache/STGCN(humidity)/model_cache/STGCN_humidity_epoch3.tar
2024-10-08 20:29:46,942 - INFO - epoch complete!
2024-10-08 20:29:46,942 - INFO - evaluating now!
2024-10-08 20:29:57,242 - INFO - Epoch [4/60] train_loss: 95.1301, val_loss: 139.4624, lr: 0.000700, 26.09s
2024-10-08 20:30:11,936 - INFO - epoch complete!
2024-10-08 20:30:11,936 - INFO - evaluating now!
2024-10-08 20:30:22,223 - INFO - Epoch [5/60] train_loss: 93.0885, val_loss: 138.4778, lr: 0.000700, 24.98s
2024-10-08 20:30:38,006 - INFO - epoch complete!
2024-10-08 20:30:38,006 - INFO - evaluating now!
2024-10-08 20:30:48,321 - INFO - Epoch [6/60] train_loss: 93.2991, val_loss: 127.0310, lr: 0.000700, 26.10s
2024-10-08 20:31:03,598 - INFO - epoch complete!
2024-10-08 20:31:03,598 - INFO - evaluating now!
2024-10-08 20:31:13,327 - INFO - Epoch [7/60] train_loss: 93.2006, val_loss: 128.0475, lr: 0.000700, 25.01s
2024-10-08 20:31:28,833 - INFO - epoch complete!
2024-10-08 20:31:28,833 - INFO - evaluating now!
2024-10-08 20:31:38,767 - INFO - Epoch [8/60] train_loss: 92.5714, val_loss: 133.0291, lr: 0.000700, 25.44s
2024-10-08 20:31:54,576 - INFO - epoch complete!
2024-10-08 20:31:54,576 - INFO - evaluating now!
2024-10-08 20:32:04,072 - INFO - Epoch [9/60] train_loss: 92.3633, val_loss: 125.4335, lr: 0.000490, 25.31s
2024-10-08 20:32:04,088 - INFO - Saved model at 9
2024-10-08 20:32:04,088 - INFO - Val loss decrease from 126.6975 to 125.4335, saving to ./libcity/cache/STGCN(humidity)/model_cache/STGCN_humidity_epoch9.tar
2024-10-08 20:32:20,892 - INFO - epoch complete!
2024-10-08 20:32:20,893 - INFO - evaluating now!
2024-10-08 20:32:32,211 - INFO - Epoch [10/60] train_loss: 90.7264, val_loss: 126.8860, lr: 0.000490, 28.12s
2024-10-08 20:32:49,631 - INFO - epoch complete!
2024-10-08 20:32:49,632 - INFO - evaluating now!
2024-10-08 20:33:00,901 - INFO - Epoch [11/60] train_loss: 91.1780, val_loss: 124.9217, lr: 0.000490, 28.69s
2024-10-08 20:33:00,919 - INFO - Saved model at 11
2024-10-08 20:33:00,919 - INFO - Val loss decrease from 125.4335 to 124.9217, saving to ./libcity/cache/STGCN(humidity)/model_cache/STGCN_humidity_epoch11.tar
2024-10-08 20:33:17,081 - INFO - epoch complete!
2024-10-08 20:33:17,081 - INFO - evaluating now!
2024-10-08 20:33:28,374 - INFO - Epoch [12/60] train_loss: 90.7104, val_loss: 129.1964, lr: 0.000490, 27.46s
2024-10-08 20:33:45,765 - INFO - epoch complete!
2024-10-08 20:33:45,766 - INFO - evaluating now!
2024-10-08 20:33:56,789 - INFO - Epoch [13/60] train_loss: 90.8032, val_loss: 129.3324, lr: 0.000490, 28.42s
2024-10-08 20:34:10,992 - INFO - epoch complete!
2024-10-08 20:34:10,992 - INFO - evaluating now!
2024-10-08 20:34:20,080 - INFO - Epoch [14/60] train_loss: 90.5533, val_loss: 124.2906, lr: 0.000343, 23.29s
2024-10-08 20:34:20,094 - INFO - Saved model at 14
2024-10-08 20:34:20,094 - INFO - Val loss decrease from 124.9217 to 124.2906, saving to ./libcity/cache/STGCN(humidity)/model_cache/STGCN_humidity_epoch14.tar
2024-10-08 20:34:34,763 - INFO - epoch complete!
2024-10-08 20:34:34,763 - INFO - evaluating now!
2024-10-08 20:34:44,468 - INFO - Epoch [15/60] train_loss: 89.3863, val_loss: 127.1359, lr: 0.000343, 24.37s
2024-10-08 20:34:59,408 - INFO - epoch complete!
2024-10-08 20:34:59,409 - INFO - evaluating now!
2024-10-08 20:35:08,697 - INFO - Epoch [16/60] train_loss: 89.3300, val_loss: 128.4789, lr: 0.000343, 24.23s
2024-10-08 20:35:25,091 - INFO - epoch complete!
2024-10-08 20:35:25,092 - INFO - evaluating now!
2024-10-08 20:35:35,954 - INFO - Epoch [17/60] train_loss: 89.4750, val_loss: 130.2700, lr: 0.000343, 27.26s
2024-10-08 20:35:53,307 - INFO - epoch complete!
2024-10-08 20:35:53,308 - INFO - evaluating now!
2024-10-08 20:36:04,537 - INFO - Epoch [18/60] train_loss: 89.0655, val_loss: 126.0129, lr: 0.000343, 28.58s
2024-10-08 20:36:20,835 - INFO - epoch complete!
2024-10-08 20:36:20,835 - INFO - evaluating now!
2024-10-08 20:36:32,160 - INFO - Epoch [19/60] train_loss: 89.1525, val_loss: 127.0966, lr: 0.000240, 27.62s
2024-10-08 20:36:49,494 - INFO - epoch complete!
2024-10-08 20:36:49,495 - INFO - evaluating now!
2024-10-08 20:37:00,696 - INFO - Epoch [20/60] train_loss: 88.3709, val_loss: 126.4789, lr: 0.000240, 28.54s
2024-10-08 20:37:16,433 - INFO - epoch complete!
2024-10-08 20:37:16,434 - INFO - evaluating now!
2024-10-08 20:37:27,603 - INFO - Epoch [21/60] train_loss: 88.3964, val_loss: 128.8056, lr: 0.000240, 26.91s
2024-10-08 20:37:44,910 - INFO - epoch complete!
2024-10-08 20:37:44,911 - INFO - evaluating now!
2024-10-08 20:37:56,207 - INFO - Epoch [22/60] train_loss: 88.3259, val_loss: 127.6608, lr: 0.000240, 28.60s
2024-10-08 20:38:13,516 - INFO - epoch complete!
2024-10-08 20:38:13,516 - INFO - evaluating now!
2024-10-08 20:38:23,670 - INFO - Epoch [23/60] train_loss: 88.3364, val_loss: 132.7620, lr: 0.000240, 27.46s
2024-10-08 20:38:41,010 - INFO - epoch complete!
2024-10-08 20:38:41,011 - INFO - evaluating now!
2024-10-08 20:38:52,328 - INFO - Epoch [24/60] train_loss: 88.0343, val_loss: 124.7238, lr: 0.000168, 28.66s
2024-10-08 20:39:09,686 - INFO - epoch complete!
2024-10-08 20:39:09,686 - INFO - evaluating now!
2024-10-08 20:39:20,760 - INFO - Epoch [25/60] train_loss: 87.7354, val_loss: 127.4213, lr: 0.000168, 28.43s
2024-10-08 20:39:37,196 - INFO - epoch complete!
2024-10-08 20:39:37,196 - INFO - evaluating now!
2024-10-08 20:39:48,497 - INFO - Epoch [26/60] train_loss: 87.6612, val_loss: 128.4302, lr: 0.000168, 27.74s
2024-10-08 20:40:05,501 - INFO - epoch complete!
2024-10-08 20:40:05,502 - INFO - evaluating now!
2024-10-08 20:40:16,466 - INFO - Epoch [27/60] train_loss: 87.6704, val_loss: 127.9357, lr: 0.000168, 27.97s
2024-10-08 20:40:32,646 - INFO - epoch complete!
2024-10-08 20:40:32,647 - INFO - evaluating now!
2024-10-08 20:40:43,984 - INFO - Epoch [28/60] train_loss: 87.5499, val_loss: 127.2674, lr: 0.000168, 27.52s
2024-10-08 20:41:01,347 - INFO - epoch complete!
2024-10-08 20:41:01,347 - INFO - evaluating now!
2024-10-08 20:41:12,655 - INFO - Epoch [29/60] train_loss: 87.5031, val_loss: 125.4963, lr: 0.000118, 28.67s
2024-10-08 20:41:29,885 - INFO - epoch complete!
2024-10-08 20:41:29,885 - INFO - evaluating now!
2024-10-08 20:41:40,214 - INFO - Epoch [30/60] train_loss: 87.2301, val_loss: 125.4482, lr: 0.000118, 27.56s
2024-10-08 20:41:57,594 - INFO - epoch complete!
2024-10-08 20:41:57,594 - INFO - evaluating now!
2024-10-08 20:42:08,912 - INFO - Epoch [31/60] train_loss: 87.1851, val_loss: 127.5289, lr: 0.000118, 28.70s
2024-10-08 20:42:25,629 - INFO - epoch complete!
2024-10-08 20:42:25,630 - INFO - evaluating now!
2024-10-08 20:42:35,915 - INFO - Epoch [32/60] train_loss: 87.1158, val_loss: 128.3474, lr: 0.000118, 27.00s
2024-10-08 20:42:51,452 - INFO - epoch complete!
2024-10-08 20:42:51,452 - INFO - evaluating now!
2024-10-08 20:43:01,783 - INFO - Epoch [33/60] train_loss: 87.0843, val_loss: 126.0116, lr: 0.000118, 25.87s
2024-10-08 20:43:17,915 - INFO - epoch complete!
2024-10-08 20:43:17,915 - INFO - evaluating now!
2024-10-08 20:43:28,609 - INFO - Epoch [34/60] train_loss: 87.0199, val_loss: 128.2349, lr: 0.000082, 26.83s
2024-10-08 20:43:43,807 - INFO - epoch complete!
2024-10-08 20:43:43,807 - INFO - evaluating now!
2024-10-08 20:43:54,497 - INFO - Epoch [35/60] train_loss: 86.8691, val_loss: 126.8241, lr: 0.000082, 25.89s
2024-10-08 20:44:11,729 - INFO - epoch complete!
2024-10-08 20:44:11,732 - INFO - evaluating now!
2024-10-08 20:44:23,035 - INFO - Epoch [36/60] train_loss: 86.8203, val_loss: 127.1432, lr: 0.000082, 28.54s
2024-10-08 20:44:40,119 - INFO - epoch complete!
2024-10-08 20:44:40,120 - INFO - evaluating now!
2024-10-08 20:44:50,551 - INFO - Epoch [37/60] train_loss: 86.8034, val_loss: 128.4057, lr: 0.000082, 27.52s
2024-10-08 20:45:07,915 - INFO - epoch complete!
2024-10-08 20:45:07,915 - INFO - evaluating now!
2024-10-08 20:45:19,179 - INFO - Epoch [38/60] train_loss: 86.7835, val_loss: 126.4601, lr: 0.000082, 28.63s
2024-10-08 20:45:36,559 - INFO - epoch complete!
2024-10-08 20:45:36,560 - INFO - evaluating now!
2024-10-08 20:45:47,182 - INFO - Epoch [39/60] train_loss: 86.6996, val_loss: 126.3739, lr: 0.000058, 28.00s
2024-10-08 20:46:03,483 - INFO - epoch complete!
2024-10-08 20:46:03,484 - INFO - evaluating now!
2024-10-08 20:46:14,810 - INFO - Epoch [40/60] train_loss: 86.6194, val_loss: 127.4368, lr: 0.000058, 27.63s
2024-10-08 20:46:32,170 - INFO - epoch complete!
2024-10-08 20:46:32,171 - INFO - evaluating now!
2024-10-08 20:46:43,470 - INFO - Epoch [41/60] train_loss: 86.5812, val_loss: 127.0149, lr: 0.000058, 28.66s
2024-10-08 20:46:59,688 - INFO - epoch complete!
2024-10-08 20:46:59,688 - INFO - evaluating now!
2024-10-08 20:47:10,987 - INFO - Epoch [42/60] train_loss: 86.5654, val_loss: 127.2014, lr: 0.000058, 27.52s
2024-10-08 20:47:28,321 - INFO - epoch complete!
2024-10-08 20:47:28,321 - INFO - evaluating now!
2024-10-08 20:47:39,637 - INFO - Epoch [43/60] train_loss: 86.5196, val_loss: 127.0241, lr: 0.000058, 28.65s
2024-10-08 20:47:56,564 - INFO - epoch complete!
2024-10-08 20:47:56,565 - INFO - evaluating now!
2024-10-08 20:48:07,187 - INFO - Epoch [44/60] train_loss: 86.5251, val_loss: 125.6114, lr: 0.000040, 27.55s
2024-10-08 20:48:24,569 - INFO - epoch complete!
2024-10-08 20:48:24,569 - INFO - evaluating now!
2024-10-08 20:48:35,867 - INFO - Epoch [45/60] train_loss: 86.4378, val_loss: 128.1514, lr: 0.000040, 28.68s
2024-10-08 20:48:52,851 - INFO - epoch complete!
2024-10-08 20:48:52,851 - INFO - evaluating now!
2024-10-08 20:49:03,128 - INFO - Epoch [46/60] train_loss: 86.4115, val_loss: 127.9974, lr: 0.000040, 27.26s
2024-10-08 20:49:20,070 - INFO - epoch complete!
2024-10-08 20:49:20,070 - INFO - evaluating now!
2024-10-08 20:49:31,023 - INFO - Epoch [47/60] train_loss: 86.3920, val_loss: 126.4153, lr: 0.000040, 27.89s
2024-10-08 20:49:46,862 - INFO - epoch complete!
2024-10-08 20:49:46,862 - INFO - evaluating now!
2024-10-08 20:49:57,141 - INFO - Epoch [48/60] train_loss: 86.3706, val_loss: 127.1763, lr: 0.000040, 26.12s
2024-10-08 20:50:11,869 - INFO - epoch complete!
2024-10-08 20:50:11,869 - INFO - evaluating now!
2024-10-08 20:50:22,136 - INFO - Epoch [49/60] train_loss: 86.3451, val_loss: 127.5440, lr: 0.000028, 24.99s
2024-10-08 20:50:37,653 - INFO - epoch complete!
2024-10-08 20:50:37,653 - INFO - evaluating now!
2024-10-08 20:50:47,361 - INFO - Epoch [50/60] train_loss: 86.3020, val_loss: 128.2091, lr: 0.000028, 25.22s
2024-10-08 20:51:01,673 - INFO - epoch complete!
2024-10-08 20:51:01,674 - INFO - evaluating now!
2024-10-08 20:51:10,896 - INFO - Epoch [51/60] train_loss: 86.2911, val_loss: 127.6183, lr: 0.000028, 23.53s
2024-10-08 20:51:25,697 - INFO - epoch complete!
2024-10-08 20:51:25,697 - INFO - evaluating now!
2024-10-08 20:51:35,095 - INFO - Epoch [52/60] train_loss: 86.2740, val_loss: 127.6289, lr: 0.000028, 24.20s
2024-10-08 20:51:49,780 - INFO - epoch complete!
2024-10-08 20:51:49,780 - INFO - evaluating now!
2024-10-08 20:51:58,601 - INFO - Epoch [53/60] train_loss: 86.2520, val_loss: 127.2317, lr: 0.000028, 23.51s
2024-10-08 20:52:13,815 - INFO - epoch complete!
2024-10-08 20:52:13,816 - INFO - evaluating now!
2024-10-08 20:52:24,093 - INFO - Epoch [54/60] train_loss: 86.2425, val_loss: 127.8210, lr: 0.000020, 25.49s
2024-10-08 20:52:39,879 - INFO - epoch complete!
2024-10-08 20:52:39,879 - INFO - evaluating now!
2024-10-08 20:52:50,162 - INFO - Epoch [55/60] train_loss: 86.2100, val_loss: 127.1929, lr: 0.000020, 26.07s
2024-10-08 20:53:04,887 - INFO - epoch complete!
2024-10-08 20:53:04,888 - INFO - evaluating now!
2024-10-08 20:53:15,153 - INFO - Epoch [56/60] train_loss: 86.2023, val_loss: 127.6387, lr: 0.000020, 24.99s
2024-10-08 20:53:30,962 - INFO - epoch complete!
2024-10-08 20:53:30,962 - INFO - evaluating now!
2024-10-08 20:53:41,241 - INFO - Epoch [57/60] train_loss: 86.1859, val_loss: 127.9157, lr: 0.000020, 26.09s
2024-10-08 20:53:56,228 - INFO - epoch complete!
2024-10-08 20:53:56,229 - INFO - evaluating now!
2024-10-08 20:54:06,088 - INFO - Epoch [58/60] train_loss: 86.1756, val_loss: 127.5166, lr: 0.000020, 24.85s
2024-10-08 20:54:21,418 - INFO - epoch complete!
2024-10-08 20:54:21,418 - INFO - evaluating now!
2024-10-08 20:54:31,679 - INFO - Epoch [59/60] train_loss: 86.1681, val_loss: 127.7061, lr: 0.000014, 25.59s
2024-10-08 20:54:31,680 - INFO - Trained totally 60 epochs, average train time is 16.183s, average eval time is 10.532s
2024-10-08 20:54:31,849 - INFO - Loaded model at 14
2024-10-08 20:54:31,849 - INFO - Saved model at ./libcity/cache/STGCN(humidity)/model_cache/STGCN_humidity.m
2024-10-08 20:54:31,863 - INFO - Start evaluating ...
2024-10-08 20:55:02,915 - INFO - Note that you select the single mode to evaluate!
2024-10-08 20:55:02,917 - INFO - Evaluate result is saved at ./libcity/cache/STGCN(humidity)/evaluate_cache/2024_10_08_20_55_02_STGCN_humidity.csv
2024-10-08 20:55:02,921 - INFO - 
         MAE      MAPE       RMSE
1   7.252092  0.115737  10.135352
2   7.653839  0.122675  10.609320
3   7.878618  0.126210  10.869921
4   8.020029  0.128170  11.026202
5   8.116806  0.129385  11.127694
6   8.188748  0.130225  11.200224
7   8.244884  0.130839  11.255643
8   8.290854  0.131318  11.300754
9   8.329401  0.131703  11.338461
10  8.362602  0.132009  11.370439
11  8.389982  0.132237  11.396105
12  8.414669  0.132425  11.418577
