2024-10-10 08:52:28,627 - INFO - Log directory: ./libcity/log
2024-10-10 08:52:28,627 - INFO - Begin pipeline, task=MTS_pred, model_name=STGCN, dataset_name=METR_LA, exp_id=STGCN_METR_LA_WY
2024-10-10 08:52:28,628 - INFO - {'task': 'MTS_pred', 'model': 'STGCN', 'dataset': 'METR_LA', 'saved_model': True, 'exp_id': 'STGCN_METR_LA_WY', 'seed': 0, 'batch_size': 48, 'max_epoch': 100, 'dataset_class': 'StatePointDataset', 'executor': 'StateExecutor', 'evaluator': 'StateEvaluator', 'Ks': 3, 'Kt': 3, 'blocks': [[1, 32, 64], [64, 32, 128]], 'dropout': 0, 'graph_conv_type': 'chebconv', 'stgcn_train_mode': 'quick', 'bidir_adj_mx': True, 'scaler': 'standard', 'load_external': False, 'normal_external': False, 'ext_scaler': 'none', 'add_time_in_day': False, 'add_day_in_week': False, 'learner': 'rmsprop', 'learning_rate': 0.001, 'lr_decay': True, 'lr_scheduler': 'steplr', 'lr_decay_ratio': 0.7, 'step_size': 5, 'clip_grad_norm': False, 'use_early_stop': False, 'cache_dataset': True, 'num_workers': 0, 'pad_with_last_sample': True, 'train_rate': 0.7, 'eval_rate': 0.1, 'input_window': 12, 'output_window': 12, 'robustness_test': False, 'noise_type': 'gaussian', 'disturb_rate': 0.5, 'noise_mean': [5], 'noise_SD': [10], 'gpu': True, 'gpu_id': 0, 'train_loss': 'none', 'epoch': 0, 'weight_decay': 0, 'lr_epsilon': 1e-08, 'lr_beta1': 0.9, 'lr_beta2': 0.999, 'lr_alpha': 0.99, 'lr_momentum': 0, 'steps': [5, 20, 40, 70], 'lr_T_max': 30, 'lr_eta_min': 0, 'lr_patience': 10, 'lr_threshold': 0.0001, 'max_grad_norm': 1.0, 'patience': 50, 'log_level': 'INFO', 'log_every': 1, 'load_best_epoch': True, 'hyper_tune': False, 'metrics': ['MAE', 'MAPE', 'RMSE'], 'evaluator_mode': 'single', 'save_mode': ['csv'], 'geo': {'including_types': ['Point'], 'Point': {}}, 'rel': {'including_types': ['geo'], 'geo': {'cost': 'num'}}, 'dyna': {'including_types': ['state'], 'state': {'entity_id': 'geo_id', 'traffic_speed': 'num'}}, 'data_col': ['traffic_speed'], 'weight_col': 'cost', 'data_files': ['METR_LA'], 'geo_file': 'METR_LA', 'rel_file': 'METR_LA', 'output_dim': 1, 'time_intervals': 300, 'init_weight_inf_or_zero': 'inf', 'set_weight_link_or_dist': 'dist', 'calculate_weight_adj': True, 'weight_adj_epsilon': 0.1, 'device': device(type='cuda', index=0)}
2024-10-10 08:52:29,130 - INFO - Loaded file METR_LA_feature.csv, shape=(34272, 207, 1)
2024-10-10 08:52:30,167 - INFO - Dataset created
2024-10-10 08:52:30,168 - INFO - x shape: (34249, 12, 207, 1), y shape: (34249, 12, 207, 1)
2024-10-10 08:52:30,171 - INFO - train	x: (23974, 12, 207, 1), y: (23974, 12, 207, 1)
2024-10-10 08:52:30,171 - INFO - eval	x: (3425, 12, 207, 1), y: (3425, 12, 207, 1)
2024-10-10 08:52:30,171 - INFO - test	x: (6850, 12, 207, 1), y: (6850, 12, 207, 1)
2024-10-10 08:52:44,177 - INFO - Saved at ./libcity/cache/dataset_cache/point_based_METR_LA_12_12_0.7_0.1_standard_48_False_False_False_True.npz
2024-10-10 08:52:44,363 - INFO - StandardScaler mean: 54.40592829587626, std: 19.493739270573098
2024-10-10 08:52:44,363 - INFO - NoneScaler
2024-10-10 08:52:45,216 - INFO - You select quick mode to train STGCN model.
2024-10-10 08:52:45,351 - INFO - Chebyshev_polynomial_Lk shape: (3, 207, 207)
2024-10-10 08:52:45,432 - INFO - STGCN(
  (st_conv1): STConvBlock(
    (tconv1): TemporalConvLayer(
      (align): Align()
      (conv): Conv2d(1, 64, kernel_size=(3, 1), stride=(1, 1))
    )
    (sconv): SpatioConvLayer(
      (align): Align()
    )
    (tconv2): TemporalConvLayer(
      (align): Align()
      (conv): Conv2d(32, 64, kernel_size=(3, 1), stride=(1, 1))
    )
    (ln): LayerNorm((207, 64), eps=1e-05, elementwise_affine=True)
    (dropout): Dropout(p=0, inplace=False)
  )
  (st_conv2): STConvBlock(
    (tconv1): TemporalConvLayer(
      (align): Align(
        (conv1x1): Conv2d(64, 32, kernel_size=(1, 1), stride=(1, 1))
      )
      (conv): Conv2d(64, 64, kernel_size=(3, 1), stride=(1, 1))
    )
    (sconv): SpatioConvLayer(
      (align): Align()
    )
    (tconv2): TemporalConvLayer(
      (align): Align()
      (conv): Conv2d(32, 128, kernel_size=(3, 1), stride=(1, 1))
    )
    (ln): LayerNorm((207, 128), eps=1e-05, elementwise_affine=True)
    (dropout): Dropout(p=0, inplace=False)
  )
  (output): OutputLayer(
    (tconv1): TemporalConvLayer(
      (align): Align()
      (conv): Conv2d(128, 256, kernel_size=(4, 1), stride=(1, 1))
    )
    (ln): LayerNorm((207, 128), eps=1e-05, elementwise_affine=True)
    (tconv2): TemporalConvLayer(
      (align): Align()
      (conv): Conv2d(128, 128, kernel_size=(1, 1), stride=(1, 1))
    )
    (fc): FullyConvLayer(
      (conv): Conv2d(128, 1, kernel_size=(1, 1), stride=(1, 1))
    )
  )
)
2024-10-10 08:52:45,433 - INFO - st_conv1.tconv1.conv.weight	torch.Size([64, 1, 3, 1])	cuda:0	True
2024-10-10 08:52:45,433 - INFO - st_conv1.tconv1.conv.bias	torch.Size([64])	cuda:0	True
2024-10-10 08:52:45,433 - INFO - st_conv1.sconv.theta	torch.Size([32, 32, 3])	cuda:0	True
2024-10-10 08:52:45,433 - INFO - st_conv1.sconv.b	torch.Size([1, 32, 1, 1])	cuda:0	True
2024-10-10 08:52:45,433 - INFO - st_conv1.tconv2.conv.weight	torch.Size([64, 32, 3, 1])	cuda:0	True
2024-10-10 08:52:45,433 - INFO - st_conv1.tconv2.conv.bias	torch.Size([64])	cuda:0	True
2024-10-10 08:52:45,433 - INFO - st_conv1.ln.weight	torch.Size([207, 64])	cuda:0	True
2024-10-10 08:52:45,433 - INFO - st_conv1.ln.bias	torch.Size([207, 64])	cuda:0	True
2024-10-10 08:52:45,433 - INFO - st_conv2.tconv1.align.conv1x1.weight	torch.Size([32, 64, 1, 1])	cuda:0	True
2024-10-10 08:52:45,433 - INFO - st_conv2.tconv1.align.conv1x1.bias	torch.Size([32])	cuda:0	True
2024-10-10 08:52:45,433 - INFO - st_conv2.tconv1.conv.weight	torch.Size([64, 64, 3, 1])	cuda:0	True
2024-10-10 08:52:45,433 - INFO - st_conv2.tconv1.conv.bias	torch.Size([64])	cuda:0	True
2024-10-10 08:52:45,433 - INFO - st_conv2.sconv.theta	torch.Size([32, 32, 3])	cuda:0	True
2024-10-10 08:52:45,433 - INFO - st_conv2.sconv.b	torch.Size([1, 32, 1, 1])	cuda:0	True
2024-10-10 08:52:45,433 - INFO - st_conv2.tconv2.conv.weight	torch.Size([128, 32, 3, 1])	cuda:0	True
2024-10-10 08:52:45,433 - INFO - st_conv2.tconv2.conv.bias	torch.Size([128])	cuda:0	True
2024-10-10 08:52:45,433 - INFO - st_conv2.ln.weight	torch.Size([207, 128])	cuda:0	True
2024-10-10 08:52:45,433 - INFO - st_conv2.ln.bias	torch.Size([207, 128])	cuda:0	True
2024-10-10 08:52:45,433 - INFO - output.tconv1.conv.weight	torch.Size([256, 128, 4, 1])	cuda:0	True
2024-10-10 08:52:45,433 - INFO - output.tconv1.conv.bias	torch.Size([256])	cuda:0	True
2024-10-10 08:52:45,433 - INFO - output.ln.weight	torch.Size([207, 128])	cuda:0	True
2024-10-10 08:52:45,433 - INFO - output.ln.bias	torch.Size([207, 128])	cuda:0	True
2024-10-10 08:52:45,433 - INFO - output.tconv2.conv.weight	torch.Size([128, 128, 1, 1])	cuda:0	True
2024-10-10 08:52:45,433 - INFO - output.tconv2.conv.bias	torch.Size([128])	cuda:0	True
2024-10-10 08:52:45,433 - INFO - output.fc.conv.weight	torch.Size([1, 128, 1, 1])	cuda:0	True
2024-10-10 08:52:45,433 - INFO - output.fc.conv.bias	torch.Size([1])	cuda:0	True
2024-10-10 08:52:45,434 - INFO - Total parameter numbers: 319969
2024-10-10 08:52:45,434 - INFO - You select `rmsprop` optimizer.
2024-10-10 08:52:45,853 - INFO - You select `steplr` lr_scheduler.
2024-10-10 08:52:45,853 - WARNING - Received none train loss func and will use the loss func defined in the model.
2024-10-10 08:52:45,853 - INFO - Start training ...
2024-10-10 08:52:45,853 - INFO - num_batches:500
2024-10-10 08:52:51,460 - INFO - epoch complete!
2024-10-10 08:52:51,461 - INFO - evaluating now!
2024-10-10 08:52:52,779 - INFO - Epoch [0/100] train_loss: 52.8548, val_loss: 141.3448, lr: 0.001000, 6.93s
2024-10-10 08:52:52,785 - INFO - Saved model at 0
2024-10-10 08:52:52,785 - INFO - Val loss decrease from inf to 141.3448, saving to ./libcity/cache/STGCN_METR_LA_WY/model_cache/STGCN_METR_LA_epoch0.tar
2024-10-10 08:52:57,787 - INFO - epoch complete!
2024-10-10 08:52:57,787 - INFO - evaluating now!
2024-10-10 08:52:59,116 - INFO - Epoch [1/100] train_loss: 40.3181, val_loss: 139.1603, lr: 0.001000, 6.33s
2024-10-10 08:52:59,122 - INFO - Saved model at 1
2024-10-10 08:52:59,122 - INFO - Val loss decrease from 141.3448 to 139.1603, saving to ./libcity/cache/STGCN_METR_LA_WY/model_cache/STGCN_METR_LA_epoch1.tar
2024-10-10 08:53:04,086 - INFO - epoch complete!
2024-10-10 08:53:04,086 - INFO - evaluating now!
2024-10-10 08:53:05,654 - INFO - Epoch [2/100] train_loss: 39.3421, val_loss: 145.7912, lr: 0.001000, 6.53s
2024-10-10 08:53:10,705 - INFO - epoch complete!
2024-10-10 08:53:10,705 - INFO - evaluating now!
2024-10-10 08:53:12,030 - INFO - Epoch [3/100] train_loss: 38.2720, val_loss: 150.9976, lr: 0.001000, 6.38s
2024-10-10 08:53:17,036 - INFO - epoch complete!
2024-10-10 08:53:17,036 - INFO - evaluating now!
2024-10-10 08:53:18,440 - INFO - Epoch [4/100] train_loss: 37.9840, val_loss: 129.8952, lr: 0.000700, 6.41s
2024-10-10 08:53:18,446 - INFO - Saved model at 4
2024-10-10 08:53:18,446 - INFO - Val loss decrease from 139.1603 to 129.8952, saving to ./libcity/cache/STGCN_METR_LA_WY/model_cache/STGCN_METR_LA_epoch4.tar
2024-10-10 08:53:23,568 - INFO - epoch complete!
2024-10-10 08:53:23,569 - INFO - evaluating now!
2024-10-10 08:53:24,897 - INFO - Epoch [5/100] train_loss: 36.3545, val_loss: 127.9476, lr: 0.000700, 6.45s
2024-10-10 08:53:24,903 - INFO - Saved model at 5
2024-10-10 08:53:24,903 - INFO - Val loss decrease from 129.8952 to 127.9476, saving to ./libcity/cache/STGCN_METR_LA_WY/model_cache/STGCN_METR_LA_epoch5.tar
2024-10-10 08:53:29,934 - INFO - epoch complete!
2024-10-10 08:53:29,934 - INFO - evaluating now!
2024-10-10 08:53:31,261 - INFO - Epoch [6/100] train_loss: 36.2746, val_loss: 168.4988, lr: 0.000700, 6.36s
2024-10-10 08:53:36,293 - INFO - epoch complete!
2024-10-10 08:53:36,294 - INFO - evaluating now!
2024-10-10 08:53:37,849 - INFO - Epoch [7/100] train_loss: 35.9790, val_loss: 126.4927, lr: 0.000700, 6.59s
2024-10-10 08:53:37,855 - INFO - Saved model at 7
2024-10-10 08:53:37,855 - INFO - Val loss decrease from 127.9476 to 126.4927, saving to ./libcity/cache/STGCN_METR_LA_WY/model_cache/STGCN_METR_LA_epoch7.tar
2024-10-10 08:53:42,871 - INFO - epoch complete!
2024-10-10 08:53:42,872 - INFO - evaluating now!
2024-10-10 08:53:44,199 - INFO - Epoch [8/100] train_loss: 35.6827, val_loss: 134.7983, lr: 0.000700, 6.34s
2024-10-10 08:53:49,224 - INFO - epoch complete!
2024-10-10 08:53:49,225 - INFO - evaluating now!
2024-10-10 08:53:50,791 - INFO - Epoch [9/100] train_loss: 35.5264, val_loss: 128.6805, lr: 0.000490, 6.59s
2024-10-10 08:53:55,827 - INFO - epoch complete!
2024-10-10 08:53:55,828 - INFO - evaluating now!
2024-10-10 08:53:57,149 - INFO - Epoch [10/100] train_loss: 34.6472, val_loss: 129.5522, lr: 0.000490, 6.36s
2024-10-10 08:54:02,170 - INFO - epoch complete!
2024-10-10 08:54:02,170 - INFO - evaluating now!
2024-10-10 08:54:03,504 - INFO - Epoch [11/100] train_loss: 34.4109, val_loss: 135.6165, lr: 0.000490, 6.36s
2024-10-10 08:54:08,571 - INFO - epoch complete!
2024-10-10 08:54:08,571 - INFO - evaluating now!
2024-10-10 08:54:09,984 - INFO - Epoch [12/100] train_loss: 34.2796, val_loss: 130.0396, lr: 0.000490, 6.48s
2024-10-10 08:54:14,905 - INFO - epoch complete!
2024-10-10 08:54:14,906 - INFO - evaluating now!
2024-10-10 08:54:16,232 - INFO - Epoch [13/100] train_loss: 34.0895, val_loss: 124.7194, lr: 0.000490, 6.25s
2024-10-10 08:54:16,238 - INFO - Saved model at 13
2024-10-10 08:54:16,238 - INFO - Val loss decrease from 126.4927 to 124.7194, saving to ./libcity/cache/STGCN_METR_LA_WY/model_cache/STGCN_METR_LA_epoch13.tar
2024-10-10 08:54:21,229 - INFO - epoch complete!
2024-10-10 08:54:21,229 - INFO - evaluating now!
2024-10-10 08:54:22,795 - INFO - Epoch [14/100] train_loss: 33.7322, val_loss: 126.9391, lr: 0.000343, 6.56s
2024-10-10 08:54:27,788 - INFO - epoch complete!
2024-10-10 08:54:27,788 - INFO - evaluating now!
2024-10-10 08:54:29,114 - INFO - Epoch [15/100] train_loss: 33.1237, val_loss: 125.6368, lr: 0.000343, 6.32s
2024-10-10 08:54:34,168 - INFO - epoch complete!
2024-10-10 08:54:34,168 - INFO - evaluating now!
2024-10-10 08:54:35,496 - INFO - Epoch [16/100] train_loss: 33.0729, val_loss: 125.0821, lr: 0.000343, 6.38s
2024-10-10 08:54:40,563 - INFO - epoch complete!
2024-10-10 08:54:40,564 - INFO - evaluating now!
2024-10-10 08:54:41,894 - INFO - Epoch [17/100] train_loss: 32.8625, val_loss: 127.0057, lr: 0.000343, 6.40s
2024-10-10 08:54:46,907 - INFO - epoch complete!
2024-10-10 08:54:46,907 - INFO - evaluating now!
2024-10-10 08:54:48,213 - INFO - Epoch [18/100] train_loss: 32.6257, val_loss: 128.5210, lr: 0.000343, 6.32s
2024-10-10 08:54:53,223 - INFO - epoch complete!
2024-10-10 08:54:53,223 - INFO - evaluating now!
2024-10-10 08:54:54,793 - INFO - Epoch [19/100] train_loss: 32.4495, val_loss: 125.4958, lr: 0.000240, 6.58s
2024-10-10 08:54:59,824 - INFO - epoch complete!
2024-10-10 08:54:59,824 - INFO - evaluating now!
2024-10-10 08:55:01,155 - INFO - Epoch [20/100] train_loss: 32.1610, val_loss: 125.7240, lr: 0.000240, 6.36s
2024-10-10 08:55:06,033 - INFO - epoch complete!
2024-10-10 08:55:06,033 - INFO - evaluating now!
2024-10-10 08:55:07,360 - INFO - Epoch [21/100] train_loss: 31.8322, val_loss: 132.0941, lr: 0.000240, 6.21s
2024-10-10 08:55:12,493 - INFO - epoch complete!
2024-10-10 08:55:12,493 - INFO - evaluating now!
2024-10-10 08:55:13,801 - INFO - Epoch [22/100] train_loss: 31.8082, val_loss: 126.8258, lr: 0.000240, 6.44s
2024-10-10 08:55:18,829 - INFO - epoch complete!
2024-10-10 08:55:18,829 - INFO - evaluating now!
2024-10-10 08:55:20,158 - INFO - Epoch [23/100] train_loss: 31.5506, val_loss: 126.8001, lr: 0.000240, 6.36s
2024-10-10 08:55:25,157 - INFO - epoch complete!
2024-10-10 08:55:25,157 - INFO - evaluating now!
2024-10-10 08:55:26,720 - INFO - Epoch [24/100] train_loss: 31.4227, val_loss: 124.8530, lr: 0.000168, 6.56s
2024-10-10 08:55:31,725 - INFO - epoch complete!
2024-10-10 08:55:31,725 - INFO - evaluating now!
2024-10-10 08:55:33,050 - INFO - Epoch [25/100] train_loss: 31.0941, val_loss: 123.6241, lr: 0.000168, 6.33s
2024-10-10 08:55:33,056 - INFO - Saved model at 25
2024-10-10 08:55:33,056 - INFO - Val loss decrease from 124.7194 to 123.6241, saving to ./libcity/cache/STGCN_METR_LA_WY/model_cache/STGCN_METR_LA_epoch25.tar
2024-10-10 08:55:38,087 - INFO - epoch complete!
2024-10-10 08:55:38,087 - INFO - evaluating now!
2024-10-10 08:55:39,433 - INFO - Epoch [26/100] train_loss: 31.0022, val_loss: 126.7720, lr: 0.000168, 6.38s
2024-10-10 08:55:44,534 - INFO - epoch complete!
2024-10-10 08:55:44,535 - INFO - evaluating now!
2024-10-10 08:55:45,859 - INFO - Epoch [27/100] train_loss: 30.9000, val_loss: 126.2888, lr: 0.000168, 6.43s
2024-10-10 08:55:50,867 - INFO - epoch complete!
2024-10-10 08:55:50,867 - INFO - evaluating now!
2024-10-10 08:55:52,196 - INFO - Epoch [28/100] train_loss: 30.7465, val_loss: 126.4482, lr: 0.000168, 6.34s
2024-10-10 08:55:57,172 - INFO - epoch complete!
2024-10-10 08:55:57,172 - INFO - evaluating now!
2024-10-10 08:55:58,739 - INFO - Epoch [29/100] train_loss: 30.6072, val_loss: 131.7560, lr: 0.000118, 6.54s
2024-10-10 08:56:03,566 - INFO - epoch complete!
2024-10-10 08:56:03,566 - INFO - evaluating now!
2024-10-10 08:56:04,901 - INFO - Epoch [30/100] train_loss: 30.3620, val_loss: 126.6337, lr: 0.000118, 6.16s
2024-10-10 08:56:09,954 - INFO - epoch complete!
2024-10-10 08:56:09,954 - INFO - evaluating now!
2024-10-10 08:56:11,273 - INFO - Epoch [31/100] train_loss: 30.2781, val_loss: 130.8038, lr: 0.000118, 6.37s
2024-10-10 08:56:16,407 - INFO - epoch complete!
2024-10-10 08:56:16,407 - INFO - evaluating now!
2024-10-10 08:56:17,732 - INFO - Epoch [32/100] train_loss: 30.1920, val_loss: 132.6924, lr: 0.000118, 6.46s
2024-10-10 08:56:22,763 - INFO - epoch complete!
2024-10-10 08:56:22,764 - INFO - evaluating now!
2024-10-10 08:56:24,089 - INFO - Epoch [33/100] train_loss: 30.1205, val_loss: 124.5492, lr: 0.000118, 6.36s
2024-10-10 08:56:29,022 - INFO - epoch complete!
2024-10-10 08:56:29,022 - INFO - evaluating now!
2024-10-10 08:56:30,585 - INFO - Epoch [34/100] train_loss: 30.0036, val_loss: 127.2042, lr: 0.000082, 6.50s
2024-10-10 08:56:35,606 - INFO - epoch complete!
2024-10-10 08:56:35,606 - INFO - evaluating now!
2024-10-10 08:56:36,929 - INFO - Epoch [35/100] train_loss: 29.8534, val_loss: 125.8539, lr: 0.000082, 6.34s
2024-10-10 08:56:41,921 - INFO - epoch complete!
2024-10-10 08:56:41,922 - INFO - evaluating now!
2024-10-10 08:56:43,282 - INFO - Epoch [36/100] train_loss: 29.7626, val_loss: 125.4400, lr: 0.000082, 6.35s
2024-10-10 08:56:48,397 - INFO - epoch complete!
2024-10-10 08:56:48,398 - INFO - evaluating now!
2024-10-10 08:56:49,724 - INFO - Epoch [37/100] train_loss: 29.7358, val_loss: 125.6919, lr: 0.000082, 6.44s
2024-10-10 08:56:54,787 - INFO - epoch complete!
2024-10-10 08:56:54,787 - INFO - evaluating now!
2024-10-10 08:56:56,114 - INFO - Epoch [38/100] train_loss: 29.6541, val_loss: 127.4681, lr: 0.000082, 6.39s
2024-10-10 08:57:01,010 - INFO - epoch complete!
2024-10-10 08:57:01,010 - INFO - evaluating now!
2024-10-10 08:57:02,580 - INFO - Epoch [39/100] train_loss: 29.5881, val_loss: 125.3049, lr: 0.000058, 6.47s
2024-10-10 08:57:07,493 - INFO - epoch complete!
2024-10-10 08:57:07,493 - INFO - evaluating now!
2024-10-10 08:57:08,815 - INFO - Epoch [40/100] train_loss: 29.4554, val_loss: 128.0399, lr: 0.000058, 6.24s
2024-10-10 08:57:13,805 - INFO - epoch complete!
2024-10-10 08:57:13,805 - INFO - evaluating now!
2024-10-10 08:57:15,134 - INFO - Epoch [41/100] train_loss: 29.4279, val_loss: 127.4473, lr: 0.000058, 6.32s
2024-10-10 08:57:20,280 - INFO - epoch complete!
2024-10-10 08:57:20,280 - INFO - evaluating now!
2024-10-10 08:57:21,608 - INFO - Epoch [42/100] train_loss: 29.3981, val_loss: 130.8560, lr: 0.000058, 6.47s
2024-10-10 08:57:26,583 - INFO - epoch complete!
2024-10-10 08:57:26,583 - INFO - evaluating now!
2024-10-10 08:57:27,906 - INFO - Epoch [43/100] train_loss: 29.3435, val_loss: 127.2010, lr: 0.000058, 6.30s
2024-10-10 08:57:32,912 - INFO - epoch complete!
2024-10-10 08:57:32,912 - INFO - evaluating now!
2024-10-10 08:57:34,478 - INFO - Epoch [44/100] train_loss: 29.3142, val_loss: 125.6500, lr: 0.000040, 6.57s
2024-10-10 08:57:39,484 - INFO - epoch complete!
2024-10-10 08:57:39,484 - INFO - evaluating now!
2024-10-10 08:57:40,804 - INFO - Epoch [45/100] train_loss: 29.2267, val_loss: 124.5667, lr: 0.000040, 6.33s
2024-10-10 08:57:45,779 - INFO - epoch complete!
2024-10-10 08:57:45,780 - INFO - evaluating now!
2024-10-10 08:57:47,116 - INFO - Epoch [46/100] train_loss: 29.1896, val_loss: 126.1034, lr: 0.000040, 6.31s
2024-10-10 08:57:52,230 - INFO - epoch complete!
2024-10-10 08:57:52,230 - INFO - evaluating now!
2024-10-10 08:57:53,558 - INFO - Epoch [47/100] train_loss: 29.1589, val_loss: 128.0216, lr: 0.000040, 6.44s
2024-10-10 08:57:58,581 - INFO - epoch complete!
2024-10-10 08:57:58,581 - INFO - evaluating now!
2024-10-10 08:57:59,896 - INFO - Epoch [48/100] train_loss: 29.1304, val_loss: 127.7504, lr: 0.000040, 6.34s
2024-10-10 08:58:04,805 - INFO - epoch complete!
2024-10-10 08:58:04,805 - INFO - evaluating now!
2024-10-10 08:58:06,365 - INFO - Epoch [49/100] train_loss: 29.0950, val_loss: 126.7997, lr: 0.000028, 6.47s
2024-10-10 08:58:11,345 - INFO - epoch complete!
2024-10-10 08:58:11,345 - INFO - evaluating now!
2024-10-10 08:58:12,667 - INFO - Epoch [50/100] train_loss: 29.0286, val_loss: 125.9887, lr: 0.000028, 6.30s
2024-10-10 08:58:17,693 - INFO - epoch complete!
2024-10-10 08:58:17,693 - INFO - evaluating now!
2024-10-10 08:58:19,016 - INFO - Epoch [51/100] train_loss: 29.0005, val_loss: 128.2626, lr: 0.000028, 6.35s
2024-10-10 08:58:24,144 - INFO - epoch complete!
2024-10-10 08:58:24,144 - INFO - evaluating now!
2024-10-10 08:58:25,471 - INFO - Epoch [52/100] train_loss: 28.9943, val_loss: 125.9981, lr: 0.000028, 6.45s
2024-10-10 08:58:30,466 - INFO - epoch complete!
2024-10-10 08:58:30,466 - INFO - evaluating now!
2024-10-10 08:58:31,793 - INFO - Epoch [53/100] train_loss: 28.9807, val_loss: 129.4785, lr: 0.000028, 6.32s
2024-10-10 08:58:36,718 - INFO - epoch complete!
2024-10-10 08:58:36,718 - INFO - evaluating now!
2024-10-10 08:58:38,292 - INFO - Epoch [54/100] train_loss: 28.9624, val_loss: 126.1701, lr: 0.000020, 6.50s
2024-10-10 08:58:43,308 - INFO - epoch complete!
2024-10-10 08:58:43,308 - INFO - evaluating now!
2024-10-10 08:58:44,629 - INFO - Epoch [55/100] train_loss: 28.8983, val_loss: 126.9557, lr: 0.000020, 6.34s
2024-10-10 08:58:49,721 - INFO - epoch complete!
2024-10-10 08:58:49,721 - INFO - evaluating now!
2024-10-10 08:58:51,071 - INFO - Epoch [56/100] train_loss: 28.8857, val_loss: 127.3804, lr: 0.000020, 6.44s
2024-10-10 08:58:56,115 - INFO - epoch complete!
2024-10-10 08:58:56,115 - INFO - evaluating now!
2024-10-10 08:58:57,448 - INFO - Epoch [57/100] train_loss: 28.8863, val_loss: 126.2202, lr: 0.000020, 6.38s
2024-10-10 08:59:02,490 - INFO - epoch complete!
2024-10-10 08:59:02,490 - INFO - evaluating now!
2024-10-10 08:59:03,813 - INFO - Epoch [58/100] train_loss: 28.8611, val_loss: 125.9503, lr: 0.000020, 6.37s
2024-10-10 08:59:08,854 - INFO - epoch complete!
2024-10-10 08:59:08,854 - INFO - evaluating now!
2024-10-10 08:59:10,414 - INFO - Epoch [59/100] train_loss: 28.8505, val_loss: 127.0613, lr: 0.000014, 6.60s
2024-10-10 08:59:15,416 - INFO - epoch complete!
2024-10-10 08:59:15,417 - INFO - evaluating now!
2024-10-10 08:59:16,749 - INFO - Epoch [60/100] train_loss: 28.8210, val_loss: 125.7611, lr: 0.000014, 6.33s
2024-10-10 08:59:21,839 - INFO - epoch complete!
2024-10-10 08:59:21,839 - INFO - evaluating now!
2024-10-10 08:59:23,323 - INFO - Epoch [61/100] train_loss: 28.8095, val_loss: 125.5813, lr: 0.000014, 6.57s
2024-10-10 08:59:28,402 - INFO - epoch complete!
2024-10-10 08:59:28,402 - INFO - evaluating now!
2024-10-10 08:59:29,722 - INFO - Epoch [62/100] train_loss: 28.7993, val_loss: 125.6295, lr: 0.000014, 6.40s
2024-10-10 08:59:34,765 - INFO - epoch complete!
2024-10-10 08:59:34,765 - INFO - evaluating now!
2024-10-10 08:59:36,088 - INFO - Epoch [63/100] train_loss: 28.7892, val_loss: 126.6349, lr: 0.000014, 6.37s
2024-10-10 08:59:41,050 - INFO - epoch complete!
2024-10-10 08:59:41,050 - INFO - evaluating now!
2024-10-10 08:59:42,615 - INFO - Epoch [64/100] train_loss: 28.7753, val_loss: 125.5160, lr: 0.000010, 6.53s
2024-10-10 08:59:47,611 - INFO - epoch complete!
2024-10-10 08:59:47,611 - INFO - evaluating now!
2024-10-10 08:59:48,941 - INFO - Epoch [65/100] train_loss: 28.7533, val_loss: 126.1400, lr: 0.000010, 6.33s
2024-10-10 08:59:54,005 - INFO - epoch complete!
2024-10-10 08:59:54,005 - INFO - evaluating now!
2024-10-10 08:59:55,564 - INFO - Epoch [66/100] train_loss: 28.7444, val_loss: 126.4665, lr: 0.000010, 6.62s
2024-10-10 09:00:00,562 - INFO - epoch complete!
2024-10-10 09:00:00,563 - INFO - evaluating now!
2024-10-10 09:00:01,889 - INFO - Epoch [67/100] train_loss: 28.7458, val_loss: 126.3799, lr: 0.000010, 6.32s
2024-10-10 09:00:06,950 - INFO - epoch complete!
2024-10-10 09:00:06,950 - INFO - evaluating now!
2024-10-10 09:00:08,282 - INFO - Epoch [68/100] train_loss: 28.7332, val_loss: 125.7925, lr: 0.000010, 6.39s
2024-10-10 09:00:13,231 - INFO - epoch complete!
2024-10-10 09:00:13,231 - INFO - evaluating now!
2024-10-10 09:00:14,802 - INFO - Epoch [69/100] train_loss: 28.7252, val_loss: 126.1065, lr: 0.000007, 6.52s
2024-10-10 09:00:19,838 - INFO - epoch complete!
2024-10-10 09:00:19,839 - INFO - evaluating now!
2024-10-10 09:00:21,161 - INFO - Epoch [70/100] train_loss: 28.7132, val_loss: 126.8909, lr: 0.000007, 6.36s
2024-10-10 09:00:26,200 - INFO - epoch complete!
2024-10-10 09:00:26,200 - INFO - evaluating now!
2024-10-10 09:00:27,763 - INFO - Epoch [71/100] train_loss: 28.7067, val_loss: 127.2666, lr: 0.000007, 6.60s
2024-10-10 09:00:32,849 - INFO - epoch complete!
2024-10-10 09:00:32,849 - INFO - evaluating now!
2024-10-10 09:00:34,173 - INFO - Epoch [72/100] train_loss: 28.6977, val_loss: 125.7703, lr: 0.000007, 6.41s
2024-10-10 09:00:39,153 - INFO - epoch complete!
2024-10-10 09:00:39,153 - INFO - evaluating now!
2024-10-10 09:00:40,474 - INFO - Epoch [73/100] train_loss: 28.7024, val_loss: 126.3849, lr: 0.000007, 6.30s
2024-10-10 09:00:45,582 - INFO - epoch complete!
2024-10-10 09:00:45,583 - INFO - evaluating now!
2024-10-10 09:00:46,948 - INFO - Epoch [74/100] train_loss: 28.6871, val_loss: 125.6039, lr: 0.000005, 6.47s
2024-10-10 09:00:51,996 - INFO - epoch complete!
2024-10-10 09:00:51,996 - INFO - evaluating now!
2024-10-10 09:00:53,315 - INFO - Epoch [75/100] train_loss: 28.6802, val_loss: 125.6505, lr: 0.000005, 6.37s
2024-10-10 09:00:58,413 - INFO - epoch complete!
2024-10-10 09:00:58,413 - INFO - evaluating now!
2024-10-10 09:00:59,977 - INFO - Epoch [76/100] train_loss: 28.6801, val_loss: 126.7393, lr: 0.000005, 6.66s
2024-10-10 09:01:05,040 - INFO - epoch complete!
2024-10-10 09:01:05,040 - INFO - evaluating now!
2024-10-10 09:01:06,370 - INFO - Epoch [77/100] train_loss: 28.6728, val_loss: 126.3287, lr: 0.000005, 6.39s
2024-10-10 09:01:11,430 - INFO - epoch complete!
2024-10-10 09:01:11,430 - INFO - evaluating now!
2024-10-10 09:01:12,973 - INFO - Epoch [78/100] train_loss: 28.6683, val_loss: 126.5491, lr: 0.000005, 6.60s
2024-10-10 09:01:17,975 - INFO - epoch complete!
2024-10-10 09:01:17,975 - INFO - evaluating now!
2024-10-10 09:01:19,299 - INFO - Epoch [79/100] train_loss: 28.6700, val_loss: 126.6710, lr: 0.000003, 6.33s
2024-10-10 09:01:24,385 - INFO - epoch complete!
2024-10-10 09:01:24,385 - INFO - evaluating now!
2024-10-10 09:01:25,712 - INFO - Epoch [80/100] train_loss: 28.6561, val_loss: 126.7740, lr: 0.000003, 6.41s
2024-10-10 09:01:30,721 - INFO - epoch complete!
2024-10-10 09:01:30,722 - INFO - evaluating now!
2024-10-10 09:01:32,276 - INFO - Epoch [81/100] train_loss: 28.6564, val_loss: 127.3638, lr: 0.000003, 6.56s
2024-10-10 09:01:37,327 - INFO - epoch complete!
2024-10-10 09:01:37,327 - INFO - evaluating now!
2024-10-10 09:01:38,654 - INFO - Epoch [82/100] train_loss: 28.6525, val_loss: 126.6114, lr: 0.000003, 6.38s
2024-10-10 09:01:43,728 - INFO - epoch complete!
2024-10-10 09:01:43,728 - INFO - evaluating now!
2024-10-10 09:01:45,290 - INFO - Epoch [83/100] train_loss: 28.6484, val_loss: 126.6769, lr: 0.000003, 6.64s
2024-10-10 09:01:50,386 - INFO - epoch complete!
2024-10-10 09:01:50,386 - INFO - evaluating now!
2024-10-10 09:01:51,711 - INFO - Epoch [84/100] train_loss: 28.6512, val_loss: 126.6649, lr: 0.000002, 6.42s
2024-10-10 09:01:56,778 - INFO - epoch complete!
2024-10-10 09:01:56,778 - INFO - evaluating now!
2024-10-10 09:01:58,343 - INFO - Epoch [85/100] train_loss: 28.6430, val_loss: 126.4181, lr: 0.000002, 6.63s
2024-10-10 09:02:03,320 - INFO - epoch complete!
2024-10-10 09:02:03,320 - INFO - evaluating now!
2024-10-10 09:02:04,647 - INFO - Epoch [86/100] train_loss: 28.6421, val_loss: 126.6463, lr: 0.000002, 6.30s
2024-10-10 09:02:09,686 - INFO - epoch complete!
2024-10-10 09:02:09,686 - INFO - evaluating now!
2024-10-10 09:02:11,012 - INFO - Epoch [87/100] train_loss: 28.6373, val_loss: 126.2609, lr: 0.000002, 6.37s
2024-10-10 09:02:16,101 - INFO - epoch complete!
2024-10-10 09:02:16,101 - INFO - evaluating now!
2024-10-10 09:02:17,591 - INFO - Epoch [88/100] train_loss: 28.6375, val_loss: 126.3598, lr: 0.000002, 6.58s
2024-10-10 09:02:22,613 - INFO - epoch complete!
2024-10-10 09:02:22,613 - INFO - evaluating now!
2024-10-10 09:02:23,941 - INFO - Epoch [89/100] train_loss: 28.6325, val_loss: 126.7161, lr: 0.000002, 6.35s
2024-10-10 09:02:28,959 - INFO - epoch complete!
2024-10-10 09:02:28,959 - INFO - evaluating now!
2024-10-10 09:02:30,519 - INFO - Epoch [90/100] train_loss: 28.6320, val_loss: 126.4016, lr: 0.000002, 6.58s
2024-10-10 09:02:35,571 - INFO - epoch complete!
2024-10-10 09:02:35,571 - INFO - evaluating now!
2024-10-10 09:02:36,890 - INFO - Epoch [91/100] train_loss: 28.6295, val_loss: 126.7649, lr: 0.000002, 6.37s
2024-10-10 09:02:41,938 - INFO - epoch complete!
2024-10-10 09:02:41,938 - INFO - evaluating now!
2024-10-10 09:02:43,341 - INFO - Epoch [92/100] train_loss: 28.6293, val_loss: 126.4836, lr: 0.000002, 6.45s
2024-10-10 09:02:48,475 - INFO - epoch complete!
2024-10-10 09:02:48,475 - INFO - evaluating now!
2024-10-10 09:02:49,792 - INFO - Epoch [93/100] train_loss: 28.6277, val_loss: 126.3803, lr: 0.000002, 6.45s
2024-10-10 09:02:54,818 - INFO - epoch complete!
2024-10-10 09:02:54,819 - INFO - evaluating now!
2024-10-10 09:02:56,144 - INFO - Epoch [94/100] train_loss: 28.6254, val_loss: 126.2866, lr: 0.000001, 6.35s
2024-10-10 09:03:01,201 - INFO - epoch complete!
2024-10-10 09:03:01,201 - INFO - evaluating now!
2024-10-10 09:03:02,769 - INFO - Epoch [95/100] train_loss: 28.6234, val_loss: 126.2797, lr: 0.000001, 6.62s
2024-10-10 09:03:07,797 - INFO - epoch complete!
2024-10-10 09:03:07,797 - INFO - evaluating now!
2024-10-10 09:03:09,128 - INFO - Epoch [96/100] train_loss: 28.6219, val_loss: 126.3850, lr: 0.000001, 6.36s
2024-10-10 09:03:14,170 - INFO - epoch complete!
2024-10-10 09:03:14,170 - INFO - evaluating now!
2024-10-10 09:03:15,731 - INFO - Epoch [97/100] train_loss: 28.6218, val_loss: 126.4458, lr: 0.000001, 6.60s
2024-10-10 09:03:20,788 - INFO - epoch complete!
2024-10-10 09:03:20,788 - INFO - evaluating now!
2024-10-10 09:03:22,110 - INFO - Epoch [98/100] train_loss: 28.6208, val_loss: 126.2852, lr: 0.000001, 6.38s
2024-10-10 09:03:27,156 - INFO - epoch complete!
2024-10-10 09:03:27,157 - INFO - evaluating now!
2024-10-10 09:03:28,567 - INFO - Epoch [99/100] train_loss: 28.6200, val_loss: 126.5546, lr: 0.000001, 6.46s
2024-10-10 09:03:28,567 - INFO - Trained totally 100 epochs, average train time is 5.034s, average eval time is 1.392s
2024-10-10 09:03:28,666 - INFO - Loaded model at 25
2024-10-10 09:03:28,667 - INFO - Saved model at ./libcity/cache/STGCN_METR_LA_WY/model_cache/STGCN_METR_LA.m
2024-10-10 09:03:28,673 - INFO - Start evaluating ...
2024-10-10 09:03:39,129 - INFO - Note that you select the single mode to evaluate!
2024-10-10 09:03:39,131 - INFO - Evaluate result is saved at ./libcity/cache/STGCN_METR_LA_WY/evaluate_cache/2024_10_10_09_03_39_STGCN_METR_LA.csv
2024-10-10 09:03:39,135 - INFO - 
         MAE      MAPE       RMSE
1   2.733459  0.062786   5.412056
2   2.986151  0.069836   6.156169
3   3.212335  0.076099   6.749883
4   3.417747  0.081738   7.265238
5   3.615768  0.087057   7.738449
6   3.805248  0.092110   8.170940
7   3.985255  0.096899   8.567368
8   4.156625  0.101487   8.933832
9   4.321049  0.105887   9.277397
10  4.477967  0.110103   9.595504
11  4.628152  0.114151   9.891827
12  4.772890  0.118061  10.170351
