2024-10-07 21:26:54,109 - INFO - Log directory: ./libcity/log
2024-10-07 21:26:54,109 - INFO - Begin pipeline, task=MTS_pred, model_name=STGCN, dataset_name=PEMS_BAY, exp_id=STGCN(PEMS_BAY)
2024-10-07 21:26:54,109 - INFO - {'task': 'MTS_pred', 'model': 'STGCN', 'dataset': 'PEMS_BAY', 'saved_model': True, 'exp_id': 'STGCN(PEMS_BAY)', 'seed': 0, 'batch_size': 64, 'max_epoch': 60, 'dataset_class': 'StatePointDataset', 'executor': 'StateExecutor', 'evaluator': 'StateEvaluator', 'Ks': 3, 'Kt': 3, 'blocks': [[1, 32, 64], [64, 32, 128]], 'dropout': 0, 'graph_conv_type': 'chebconv', 'stgcn_train_mode': 'quick', 'bidir_adj_mx': True, 'scaler': 'standard', 'load_external': False, 'normal_external': False, 'ext_scaler': 'none', 'add_time_in_day': False, 'add_day_in_week': False, 'learner': 'rmsprop', 'learning_rate': 0.001, 'lr_decay': True, 'lr_scheduler': 'steplr', 'lr_decay_ratio': 0.7, 'step_size': 5, 'clip_grad_norm': False, 'use_early_stop': False, 'cache_dataset': True, 'num_workers': 0, 'pad_with_last_sample': True, 'train_rate': 0.7, 'eval_rate': 0.1, 'input_window': 12, 'output_window': 12, 'robustness_test': False, 'noise_type': 'gaussian', 'disturb_rate': 0.5, 'noise_mean': [5], 'noise_SD': [10], 'gpu': True, 'gpu_id': 0, 'train_loss': 'none', 'epoch': 0, 'weight_decay': 0, 'lr_epsilon': 1e-08, 'lr_beta1': 0.9, 'lr_beta2': 0.999, 'lr_alpha': 0.99, 'lr_momentum': 0, 'steps': [5, 20, 40, 70], 'lr_T_max': 30, 'lr_eta_min': 0, 'lr_patience': 10, 'lr_threshold': 0.0001, 'max_grad_norm': 1.0, 'patience': 50, 'log_level': 'INFO', 'log_every': 1, 'load_best_epoch': True, 'hyper_tune': False, 'metrics': ['MAE', 'MAPE', 'RMSE'], 'evaluator_mode': 'single', 'save_mode': ['csv'], 'geo': {'including_types': ['Point'], 'Point': {}}, 'rel': {'including_types': ['geo'], 'geo': {'cost': 'num'}}, 'dyna': {'including_types': ['state'], 'state': {'entity_id': 'geo_id', 'traffic_speed': 'num'}}, 'data_col': ['traffic_speed'], 'weight_col': 'cost', 'data_files': ['PEMS_BAY'], 'geo_file': 'PEMS_BAY', 'rel_file': 'PEMS_BAY', 'output_dim': 1, 'time_intervals': 300, 'init_weight_inf_or_zero': 'inf', 'set_weight_link_or_dist': 'dist', 'calculate_weight_adj': True, 'weight_adj_epsilon': 0.1, 'device': device(type='cuda', index=0)}
2024-10-07 21:26:55,599 - INFO - Loaded file PEMS_BAY_feature.csv, shape=(52116, 325, 1)
2024-10-07 21:27:07,685 - INFO - Dataset created
2024-10-07 21:27:07,686 - INFO - x shape: (52093, 12, 325, 1), y shape: (52093, 12, 325, 1)
2024-10-07 21:27:07,811 - INFO - train	x: (36465, 12, 325, 1), y: (36465, 12, 325, 1)
2024-10-07 21:27:07,811 - INFO - eval	x: (5209, 12, 325, 1), y: (5209, 12, 325, 1)
2024-10-07 21:27:07,811 - INFO - test	x: (10419, 12, 325, 1), y: (10419, 12, 325, 1)
2024-10-07 21:28:16,289 - INFO - Saved at ./libcity/cache/dataset_cache/point_based_PEMS_BAY_12_12_0.7_0.1_standard_64_False_False_False_True.npz
2024-10-07 21:28:16,944 - INFO - StandardScaler mean: 62.73567651594296, std: 9.438173664359947
2024-10-07 21:28:16,945 - INFO - NoneScaler
2024-10-07 21:28:24,627 - INFO - You select quick mode to train STGCN model.
2024-10-07 21:28:25,067 - INFO - Chebyshev_polynomial_Lk shape: (3, 325, 325)
2024-10-07 21:28:25,629 - INFO - STGCN(
  (st_conv1): STConvBlock(
    (tconv1): TemporalConvLayer(
      (align): Align()
      (conv): Conv2d(1, 64, kernel_size=(3, 1), stride=(1, 1))
    )
    (sconv): SpatioConvLayer(
      (align): Align()
    )
    (tconv2): TemporalConvLayer(
      (align): Align()
      (conv): Conv2d(32, 64, kernel_size=(3, 1), stride=(1, 1))
    )
    (ln): LayerNorm((325, 64), eps=1e-05, elementwise_affine=True)
    (dropout): Dropout(p=0, inplace=False)
  )
  (st_conv2): STConvBlock(
    (tconv1): TemporalConvLayer(
      (align): Align(
        (conv1x1): Conv2d(64, 32, kernel_size=(1, 1), stride=(1, 1))
      )
      (conv): Conv2d(64, 64, kernel_size=(3, 1), stride=(1, 1))
    )
    (sconv): SpatioConvLayer(
      (align): Align()
    )
    (tconv2): TemporalConvLayer(
      (align): Align()
      (conv): Conv2d(32, 128, kernel_size=(3, 1), stride=(1, 1))
    )
    (ln): LayerNorm((325, 128), eps=1e-05, elementwise_affine=True)
    (dropout): Dropout(p=0, inplace=False)
  )
  (output): OutputLayer(
    (tconv1): TemporalConvLayer(
      (align): Align()
      (conv): Conv2d(128, 256, kernel_size=(4, 1), stride=(1, 1))
    )
    (ln): LayerNorm((325, 128), eps=1e-05, elementwise_affine=True)
    (tconv2): TemporalConvLayer(
      (align): Align()
      (conv): Conv2d(128, 128, kernel_size=(1, 1), stride=(1, 1))
    )
    (fc): FullyConvLayer(
      (conv): Conv2d(128, 1, kernel_size=(1, 1), stride=(1, 1))
    )
  )
)
2024-10-07 21:28:25,629 - INFO - st_conv1.tconv1.conv.weight	torch.Size([64, 1, 3, 1])	cuda:0	True
2024-10-07 21:28:25,629 - INFO - st_conv1.tconv1.conv.bias	torch.Size([64])	cuda:0	True
2024-10-07 21:28:25,629 - INFO - st_conv1.sconv.theta	torch.Size([32, 32, 3])	cuda:0	True
2024-10-07 21:28:25,629 - INFO - st_conv1.sconv.b	torch.Size([1, 32, 1, 1])	cuda:0	True
2024-10-07 21:28:25,629 - INFO - st_conv1.tconv2.conv.weight	torch.Size([64, 32, 3, 1])	cuda:0	True
2024-10-07 21:28:25,629 - INFO - st_conv1.tconv2.conv.bias	torch.Size([64])	cuda:0	True
2024-10-07 21:28:25,629 - INFO - st_conv1.ln.weight	torch.Size([325, 64])	cuda:0	True
2024-10-07 21:28:25,629 - INFO - st_conv1.ln.bias	torch.Size([325, 64])	cuda:0	True
2024-10-07 21:28:25,630 - INFO - st_conv2.tconv1.align.conv1x1.weight	torch.Size([32, 64, 1, 1])	cuda:0	True
2024-10-07 21:28:25,630 - INFO - st_conv2.tconv1.align.conv1x1.bias	torch.Size([32])	cuda:0	True
2024-10-07 21:28:25,630 - INFO - st_conv2.tconv1.conv.weight	torch.Size([64, 64, 3, 1])	cuda:0	True
2024-10-07 21:28:25,630 - INFO - st_conv2.tconv1.conv.bias	torch.Size([64])	cuda:0	True
2024-10-07 21:28:25,630 - INFO - st_conv2.sconv.theta	torch.Size([32, 32, 3])	cuda:0	True
2024-10-07 21:28:25,630 - INFO - st_conv2.sconv.b	torch.Size([1, 32, 1, 1])	cuda:0	True
2024-10-07 21:28:25,630 - INFO - st_conv2.tconv2.conv.weight	torch.Size([128, 32, 3, 1])	cuda:0	True
2024-10-07 21:28:25,630 - INFO - st_conv2.tconv2.conv.bias	torch.Size([128])	cuda:0	True
2024-10-07 21:28:25,630 - INFO - st_conv2.ln.weight	torch.Size([325, 128])	cuda:0	True
2024-10-07 21:28:25,630 - INFO - st_conv2.ln.bias	torch.Size([325, 128])	cuda:0	True
2024-10-07 21:28:25,630 - INFO - output.tconv1.conv.weight	torch.Size([256, 128, 4, 1])	cuda:0	True
2024-10-07 21:28:25,630 - INFO - output.tconv1.conv.bias	torch.Size([256])	cuda:0	True
2024-10-07 21:28:25,630 - INFO - output.ln.weight	torch.Size([325, 128])	cuda:0	True
2024-10-07 21:28:25,630 - INFO - output.ln.bias	torch.Size([325, 128])	cuda:0	True
2024-10-07 21:28:25,630 - INFO - output.tconv2.conv.weight	torch.Size([128, 128, 1, 1])	cuda:0	True
2024-10-07 21:28:25,630 - INFO - output.tconv2.conv.bias	torch.Size([128])	cuda:0	True
2024-10-07 21:28:25,630 - INFO - output.fc.conv.weight	torch.Size([1, 128, 1, 1])	cuda:0	True
2024-10-07 21:28:25,630 - INFO - output.fc.conv.bias	torch.Size([1])	cuda:0	True
2024-10-07 21:28:25,630 - INFO - Total parameter numbers: 395489
2024-10-07 21:28:25,630 - INFO - You select `rmsprop` optimizer.
2024-10-07 21:28:27,214 - INFO - You select `steplr` lr_scheduler.
2024-10-07 21:28:27,214 - WARNING - Received none train loss func and will use the loss func defined in the model.
2024-10-07 21:28:27,214 - INFO - Start training ...
2024-10-07 21:28:27,214 - INFO - num_batches:570
2024-10-07 21:28:59,477 - INFO - epoch complete!
2024-10-07 21:28:59,482 - INFO - evaluating now!
2024-10-07 21:29:12,458 - INFO - Epoch [0/60] train_loss: 6.5022, val_loss: 33.9565, lr: 0.001000, 45.24s
2024-10-07 21:29:12,483 - INFO - Saved model at 0
2024-10-07 21:29:12,483 - INFO - Val loss decrease from inf to 33.9565, saving to ./libcity/cache/STGCN(PEMS_BAY)/model_cache/STGCN_PEMS_BAY_epoch0.tar
2024-10-07 21:29:42,499 - INFO - epoch complete!
2024-10-07 21:29:42,500 - INFO - evaluating now!
2024-10-07 21:29:54,565 - INFO - Epoch [1/60] train_loss: 3.3122, val_loss: 102.3242, lr: 0.001000, 42.08s
2024-10-07 21:30:24,160 - INFO - epoch complete!
2024-10-07 21:30:24,160 - INFO - evaluating now!
2024-10-07 21:30:36,664 - INFO - Epoch [2/60] train_loss: 2.9949, val_loss: 40.6353, lr: 0.001000, 42.10s
2024-10-07 21:31:06,241 - INFO - epoch complete!
2024-10-07 21:31:06,242 - INFO - evaluating now!
2024-10-07 21:31:18,638 - INFO - Epoch [3/60] train_loss: 2.7881, val_loss: 30.4475, lr: 0.001000, 41.97s
2024-10-07 21:31:18,646 - INFO - Saved model at 3
2024-10-07 21:31:18,647 - INFO - Val loss decrease from 33.9565 to 30.4475, saving to ./libcity/cache/STGCN(PEMS_BAY)/model_cache/STGCN_PEMS_BAY_epoch3.tar
2024-10-07 21:31:48,809 - INFO - epoch complete!
2024-10-07 21:31:48,810 - INFO - evaluating now!
2024-10-07 21:32:03,269 - INFO - Epoch [4/60] train_loss: 2.6889, val_loss: 36.4227, lr: 0.000700, 44.62s
2024-10-07 21:32:36,196 - INFO - epoch complete!
2024-10-07 21:32:36,197 - INFO - evaluating now!
2024-10-07 21:32:50,289 - INFO - Epoch [5/60] train_loss: 2.4400, val_loss: 31.0029, lr: 0.000700, 47.02s
2024-10-07 21:33:21,986 - INFO - epoch complete!
2024-10-07 21:33:21,986 - INFO - evaluating now!
2024-10-07 21:33:35,924 - INFO - Epoch [6/60] train_loss: 2.4060, val_loss: 43.3110, lr: 0.000700, 45.63s
2024-10-07 21:34:07,433 - INFO - epoch complete!
2024-10-07 21:34:07,442 - INFO - evaluating now!
2024-10-07 21:34:20,339 - INFO - Epoch [7/60] train_loss: 2.3773, val_loss: 21.7684, lr: 0.000700, 44.41s
2024-10-07 21:34:20,354 - INFO - Saved model at 7
2024-10-07 21:34:20,358 - INFO - Val loss decrease from 30.4475 to 21.7684, saving to ./libcity/cache/STGCN(PEMS_BAY)/model_cache/STGCN_PEMS_BAY_epoch7.tar
2024-10-07 21:34:51,347 - INFO - epoch complete!
2024-10-07 21:34:51,347 - INFO - evaluating now!
2024-10-07 21:35:03,536 - INFO - Epoch [8/60] train_loss: 2.3414, val_loss: 21.0510, lr: 0.000700, 43.18s
2024-10-07 21:35:03,545 - INFO - Saved model at 8
2024-10-07 21:35:03,545 - INFO - Val loss decrease from 21.7684 to 21.0510, saving to ./libcity/cache/STGCN(PEMS_BAY)/model_cache/STGCN_PEMS_BAY_epoch8.tar
2024-10-07 21:35:30,084 - INFO - epoch complete!
2024-10-07 21:35:30,085 - INFO - evaluating now!
2024-10-07 21:35:42,476 - INFO - Epoch [9/60] train_loss: 2.3210, val_loss: 21.8140, lr: 0.000490, 38.93s
2024-10-07 21:36:12,232 - INFO - epoch complete!
2024-10-07 21:36:12,232 - INFO - evaluating now!
2024-10-07 21:36:26,034 - INFO - Epoch [10/60] train_loss: 2.2221, val_loss: 26.8428, lr: 0.000490, 43.55s
2024-10-07 21:37:00,733 - INFO - epoch complete!
2024-10-07 21:37:00,734 - INFO - evaluating now!
2024-10-07 21:37:14,911 - INFO - Epoch [11/60] train_loss: 2.2141, val_loss: 22.4684, lr: 0.000490, 48.88s
2024-10-07 21:37:46,544 - INFO - epoch complete!
2024-10-07 21:37:46,544 - INFO - evaluating now!
2024-10-07 21:37:59,888 - INFO - Epoch [12/60] train_loss: 2.2014, val_loss: 21.9957, lr: 0.000490, 44.97s
2024-10-07 21:38:29,871 - INFO - epoch complete!
2024-10-07 21:38:29,872 - INFO - evaluating now!
2024-10-07 21:38:42,092 - INFO - Epoch [13/60] train_loss: 2.1924, val_loss: 71.6473, lr: 0.000490, 42.20s
2024-10-07 21:39:08,671 - INFO - epoch complete!
2024-10-07 21:39:08,672 - INFO - evaluating now!
2024-10-07 21:39:18,249 - INFO - Epoch [14/60] train_loss: 2.1798, val_loss: 21.3204, lr: 0.000343, 36.16s
2024-10-07 21:39:46,024 - INFO - epoch complete!
2024-10-07 21:39:46,027 - INFO - evaluating now!
2024-10-07 21:39:58,246 - INFO - Epoch [15/60] train_loss: 2.1320, val_loss: 21.7117, lr: 0.000343, 40.00s
2024-10-07 21:40:28,735 - INFO - epoch complete!
2024-10-07 21:40:28,738 - INFO - evaluating now!
2024-10-07 21:40:45,499 - INFO - Epoch [16/60] train_loss: 2.1268, val_loss: 21.5177, lr: 0.000343, 47.25s
2024-10-07 21:41:23,761 - INFO - epoch complete!
2024-10-07 21:41:23,762 - INFO - evaluating now!
2024-10-07 21:41:39,278 - INFO - Epoch [17/60] train_loss: 2.1212, val_loss: 23.1874, lr: 0.000343, 53.78s
2024-10-07 21:42:17,367 - INFO - epoch complete!
2024-10-07 21:42:17,367 - INFO - evaluating now!
2024-10-07 21:42:33,716 - INFO - Epoch [18/60] train_loss: 2.1112, val_loss: 20.2597, lr: 0.000343, 54.44s
2024-10-07 21:42:33,738 - INFO - Saved model at 18
2024-10-07 21:42:33,738 - INFO - Val loss decrease from 21.0510 to 20.2597, saving to ./libcity/cache/STGCN(PEMS_BAY)/model_cache/STGCN_PEMS_BAY_epoch18.tar
2024-10-07 21:43:11,030 - INFO - epoch complete!
2024-10-07 21:43:11,033 - INFO - evaluating now!
2024-10-07 21:43:24,817 - INFO - Epoch [19/60] train_loss: 2.1073, val_loss: 18.8514, lr: 0.000240, 51.07s
2024-10-07 21:43:24,846 - INFO - Saved model at 19
2024-10-07 21:43:24,855 - INFO - Val loss decrease from 20.2597 to 18.8514, saving to ./libcity/cache/STGCN(PEMS_BAY)/model_cache/STGCN_PEMS_BAY_epoch19.tar
2024-10-07 21:44:05,921 - INFO - epoch complete!
2024-10-07 21:44:05,923 - INFO - evaluating now!
2024-10-07 21:44:22,677 - INFO - Epoch [20/60] train_loss: 2.0778, val_loss: 19.6630, lr: 0.000240, 57.82s
2024-10-07 21:45:11,490 - INFO - epoch complete!
2024-10-07 21:45:11,503 - INFO - evaluating now!
2024-10-07 21:45:28,355 - INFO - Epoch [21/60] train_loss: 2.0742, val_loss: 25.3642, lr: 0.000240, 65.68s
2024-10-07 21:46:10,792 - INFO - epoch complete!
2024-10-07 21:46:10,795 - INFO - evaluating now!
2024-10-07 21:46:27,718 - INFO - Epoch [22/60] train_loss: 2.0704, val_loss: 18.4210, lr: 0.000240, 59.36s
2024-10-07 21:46:27,753 - INFO - Saved model at 22
2024-10-07 21:46:27,753 - INFO - Val loss decrease from 18.8514 to 18.4210, saving to ./libcity/cache/STGCN(PEMS_BAY)/model_cache/STGCN_PEMS_BAY_epoch22.tar
2024-10-07 21:47:09,156 - INFO - epoch complete!
2024-10-07 21:47:09,157 - INFO - evaluating now!
2024-10-07 21:47:26,270 - INFO - Epoch [23/60] train_loss: 2.0645, val_loss: 20.5368, lr: 0.000240, 58.52s
2024-10-07 21:48:09,191 - INFO - epoch complete!
2024-10-07 21:48:09,197 - INFO - evaluating now!
2024-10-07 21:48:26,594 - INFO - Epoch [24/60] train_loss: 2.0611, val_loss: 23.2008, lr: 0.000168, 60.32s
2024-10-07 21:49:05,295 - INFO - epoch complete!
2024-10-07 21:49:05,296 - INFO - evaluating now!
2024-10-07 21:49:21,265 - INFO - Epoch [25/60] train_loss: 2.0436, val_loss: 19.4097, lr: 0.000168, 54.67s
2024-10-07 21:50:07,107 - INFO - epoch complete!
2024-10-07 21:50:07,108 - INFO - evaluating now!
2024-10-07 21:50:24,340 - INFO - Epoch [26/60] train_loss: 2.0401, val_loss: 19.0338, lr: 0.000168, 63.07s
2024-10-07 21:51:11,246 - INFO - epoch complete!
2024-10-07 21:51:11,249 - INFO - evaluating now!
2024-10-07 21:51:28,411 - INFO - Epoch [27/60] train_loss: 2.0379, val_loss: 18.7246, lr: 0.000168, 64.07s
2024-10-07 21:52:14,348 - INFO - epoch complete!
2024-10-07 21:52:14,349 - INFO - evaluating now!
2024-10-07 21:52:32,380 - INFO - Epoch [28/60] train_loss: 2.0338, val_loss: 19.1740, lr: 0.000168, 63.97s
2024-10-07 21:53:16,233 - INFO - epoch complete!
2024-10-07 21:53:16,236 - INFO - evaluating now!
2024-10-07 21:53:33,264 - INFO - Epoch [29/60] train_loss: 2.0301, val_loss: 20.8956, lr: 0.000118, 60.88s
2024-10-07 21:54:14,603 - INFO - epoch complete!
2024-10-07 21:54:14,603 - INFO - evaluating now!
2024-10-07 21:54:30,624 - INFO - Epoch [30/60] train_loss: 2.0193, val_loss: 18.5589, lr: 0.000118, 57.36s
2024-10-07 21:55:12,323 - INFO - epoch complete!
2024-10-07 21:55:12,323 - INFO - evaluating now!
2024-10-07 21:55:28,540 - INFO - Epoch [31/60] train_loss: 2.0169, val_loss: 18.4749, lr: 0.000118, 57.91s
2024-10-07 21:56:09,910 - INFO - epoch complete!
2024-10-07 21:56:09,910 - INFO - evaluating now!
2024-10-07 21:56:27,156 - INFO - Epoch [32/60] train_loss: 2.0147, val_loss: 18.9896, lr: 0.000118, 58.62s
2024-10-07 21:57:06,936 - INFO - epoch complete!
2024-10-07 21:57:06,936 - INFO - evaluating now!
2024-10-07 21:57:23,099 - INFO - Epoch [33/60] train_loss: 2.0124, val_loss: 17.7151, lr: 0.000118, 55.94s
2024-10-07 21:57:23,126 - INFO - Saved model at 33
2024-10-07 21:57:23,126 - INFO - Val loss decrease from 18.4210 to 17.7151, saving to ./libcity/cache/STGCN(PEMS_BAY)/model_cache/STGCN_PEMS_BAY_epoch33.tar
2024-10-07 21:58:05,212 - INFO - epoch complete!
2024-10-07 21:58:05,214 - INFO - evaluating now!
2024-10-07 21:58:22,910 - INFO - Epoch [34/60] train_loss: 2.0097, val_loss: 20.1653, lr: 0.000082, 59.78s
2024-10-07 21:59:05,121 - INFO - epoch complete!
2024-10-07 21:59:05,124 - INFO - evaluating now!
2024-10-07 21:59:22,396 - INFO - Epoch [35/60] train_loss: 2.0026, val_loss: 17.8815, lr: 0.000082, 59.48s
2024-10-07 22:00:00,552 - INFO - epoch complete!
2024-10-07 22:00:00,553 - INFO - evaluating now!
2024-10-07 22:00:17,577 - INFO - Epoch [36/60] train_loss: 2.0009, val_loss: 17.5605, lr: 0.000082, 55.18s
2024-10-07 22:00:17,608 - INFO - Saved model at 36
2024-10-07 22:00:17,609 - INFO - Val loss decrease from 17.7151 to 17.5605, saving to ./libcity/cache/STGCN(PEMS_BAY)/model_cache/STGCN_PEMS_BAY_epoch36.tar
2024-10-07 22:00:59,545 - INFO - epoch complete!
2024-10-07 22:00:59,546 - INFO - evaluating now!
2024-10-07 22:01:16,939 - INFO - Epoch [37/60] train_loss: 1.9991, val_loss: 18.1585, lr: 0.000082, 59.33s
2024-10-07 22:01:57,559 - INFO - epoch complete!
2024-10-07 22:01:57,560 - INFO - evaluating now!
2024-10-07 22:02:15,093 - INFO - Epoch [38/60] train_loss: 1.9974, val_loss: 18.0464, lr: 0.000082, 58.15s
2024-10-07 22:02:57,309 - INFO - epoch complete!
2024-10-07 22:02:57,310 - INFO - evaluating now!
2024-10-07 22:03:14,346 - INFO - Epoch [39/60] train_loss: 1.9956, val_loss: 18.3801, lr: 0.000058, 59.25s
2024-10-07 22:03:54,753 - INFO - epoch complete!
2024-10-07 22:03:54,754 - INFO - evaluating now!
2024-10-07 22:04:10,478 - INFO - Epoch [40/60] train_loss: 1.9904, val_loss: 18.7711, lr: 0.000058, 56.13s
2024-10-07 22:04:50,624 - INFO - epoch complete!
2024-10-07 22:04:50,627 - INFO - evaluating now!
2024-10-07 22:05:07,150 - INFO - Epoch [41/60] train_loss: 1.9896, val_loss: 18.3483, lr: 0.000058, 56.67s
2024-10-07 22:05:49,628 - INFO - epoch complete!
2024-10-07 22:05:49,629 - INFO - evaluating now!
2024-10-07 22:06:06,570 - INFO - Epoch [42/60] train_loss: 1.9883, val_loss: 17.7776, lr: 0.000058, 59.41s
2024-10-07 22:06:49,256 - INFO - epoch complete!
2024-10-07 22:06:49,256 - INFO - evaluating now!
2024-10-07 22:07:07,220 - INFO - Epoch [43/60] train_loss: 1.9870, val_loss: 18.7412, lr: 0.000058, 60.65s
2024-10-07 22:07:49,358 - INFO - epoch complete!
2024-10-07 22:07:49,359 - INFO - evaluating now!
2024-10-07 22:08:05,097 - INFO - Epoch [44/60] train_loss: 1.9857, val_loss: 17.9792, lr: 0.000040, 57.88s
2024-10-07 22:08:48,427 - INFO - epoch complete!
2024-10-07 22:08:48,428 - INFO - evaluating now!
2024-10-07 22:09:06,158 - INFO - Epoch [45/60] train_loss: 1.9824, val_loss: 17.8537, lr: 0.000040, 61.06s
2024-10-07 22:09:49,032 - INFO - epoch complete!
2024-10-07 22:09:49,035 - INFO - evaluating now!
2024-10-07 22:10:05,491 - INFO - Epoch [46/60] train_loss: 1.9814, val_loss: 17.2982, lr: 0.000040, 59.33s
2024-10-07 22:10:05,550 - INFO - Saved model at 46
2024-10-07 22:10:05,550 - INFO - Val loss decrease from 17.5605 to 17.2982, saving to ./libcity/cache/STGCN(PEMS_BAY)/model_cache/STGCN_PEMS_BAY_epoch46.tar
2024-10-07 22:10:44,716 - INFO - epoch complete!
2024-10-07 22:10:44,716 - INFO - evaluating now!
2024-10-07 22:11:01,201 - INFO - Epoch [47/60] train_loss: 1.9805, val_loss: 18.6010, lr: 0.000040, 55.65s
2024-10-07 22:11:33,490 - INFO - epoch complete!
2024-10-07 22:11:33,491 - INFO - evaluating now!
2024-10-07 22:11:47,333 - INFO - Epoch [48/60] train_loss: 1.9796, val_loss: 18.2206, lr: 0.000040, 46.13s
2024-10-07 22:12:20,914 - INFO - epoch complete!
2024-10-07 22:12:20,915 - INFO - evaluating now!
2024-10-07 22:12:34,639 - INFO - Epoch [49/60] train_loss: 1.9788, val_loss: 18.2711, lr: 0.000028, 47.31s
2024-10-07 22:13:09,075 - INFO - epoch complete!
2024-10-07 22:13:09,076 - INFO - evaluating now!
2024-10-07 22:13:22,705 - INFO - Epoch [50/60] train_loss: 1.9762, val_loss: 17.6226, lr: 0.000028, 48.07s
2024-10-07 22:13:56,774 - INFO - epoch complete!
2024-10-07 22:13:56,778 - INFO - evaluating now!
2024-10-07 22:14:09,117 - INFO - Epoch [51/60] train_loss: 1.9757, val_loss: 18.1135, lr: 0.000028, 46.41s
2024-10-07 22:14:48,031 - INFO - epoch complete!
2024-10-07 22:14:48,032 - INFO - evaluating now!
2024-10-07 22:15:04,984 - INFO - Epoch [52/60] train_loss: 1.9750, val_loss: 17.8131, lr: 0.000028, 55.87s
2024-10-07 22:15:47,327 - INFO - epoch complete!
2024-10-07 22:15:47,328 - INFO - evaluating now!
2024-10-07 22:16:04,956 - INFO - Epoch [53/60] train_loss: 1.9744, val_loss: 17.7081, lr: 0.000028, 59.97s
2024-10-07 22:16:47,606 - INFO - epoch complete!
2024-10-07 22:16:47,611 - INFO - evaluating now!
2024-10-07 22:17:05,028 - INFO - Epoch [54/60] train_loss: 1.9739, val_loss: 17.7829, lr: 0.000020, 60.07s
2024-10-07 22:17:46,270 - INFO - epoch complete!
2024-10-07 22:17:46,273 - INFO - evaluating now!
2024-10-07 22:18:03,517 - INFO - Epoch [55/60] train_loss: 1.9721, val_loss: 17.6920, lr: 0.000020, 58.49s
2024-10-07 22:18:45,371 - INFO - epoch complete!
2024-10-07 22:18:45,374 - INFO - evaluating now!
2024-10-07 22:19:03,470 - INFO - Epoch [56/60] train_loss: 1.9716, val_loss: 17.5381, lr: 0.000020, 59.95s
2024-10-07 22:19:43,547 - INFO - epoch complete!
2024-10-07 22:19:43,547 - INFO - evaluating now!
2024-10-07 22:19:59,952 - INFO - Epoch [57/60] train_loss: 1.9712, val_loss: 17.6908, lr: 0.000020, 56.48s
2024-10-07 22:20:42,459 - INFO - epoch complete!
2024-10-07 22:20:42,460 - INFO - evaluating now!
2024-10-07 22:20:59,984 - INFO - Epoch [58/60] train_loss: 1.9708, val_loss: 18.2256, lr: 0.000020, 60.03s
2024-10-07 22:21:41,455 - INFO - epoch complete!
2024-10-07 22:21:41,455 - INFO - evaluating now!
2024-10-07 22:21:59,361 - INFO - Epoch [59/60] train_loss: 1.9704, val_loss: 17.9197, lr: 0.000014, 59.38s
2024-10-07 22:21:59,361 - INFO - Trained totally 60 epochs, average train time is 37.961s, average eval time is 15.566s
2024-10-07 22:21:59,684 - INFO - Loaded model at 46
2024-10-07 22:21:59,686 - INFO - Saved model at ./libcity/cache/STGCN(PEMS_BAY)/model_cache/STGCN_PEMS_BAY.m
2024-10-07 22:21:59,714 - INFO - Start evaluating ...
2024-10-07 22:24:04,375 - INFO - Note that you select the single mode to evaluate!
2024-10-07 22:24:04,557 - INFO - Evaluate result is saved at ./libcity/cache/STGCN(PEMS_BAY)/evaluate_cache/2024_10_07_22_24_04_STGCN_PEMS_BAY.csv
2024-10-07 22:24:04,670 - INFO - 
         MAE      MAPE      RMSE
1   0.870060  0.016681  1.529261
2   1.017388  0.020137  1.924751
3   1.138866  0.023176  2.276191
4   1.242455  0.025896  2.583549
5   1.332604  0.028340  2.850129
6   1.412474  0.030538  3.081094
7   1.484376  0.032523  3.282517
8   1.550087  0.034333  3.460464
9   1.610936  0.036001  3.619604
10  1.667803  0.037544  3.762979
11  1.721371  0.038979  3.893014
12  1.772315  0.040323  4.012119
