2025-05-28 14:52:10,429 - INFO - Log directory: ./libcity/log
2025-05-28 14:52:10,429 - INFO - Begin pipeline, task=MTS_pred, model_name=RNN, dataset_name=temperature, exp_id=temperature_RNN1
2025-05-28 14:52:10,429 - INFO - {'task': 'MTS_pred', 'model': 'RNN', 'dataset': 'temperature', 'saved_model': True, 'exp_id': 'temperature_RNN1', 'seed': 0, 'max_epoch': 50, 'dataset_class': 'StatePointDataset', 'executor': 'StateExecutor', 'evaluator': 'StateEvaluator', 'rnn_type': 'RNN', 'hidden_size': 64, 'num_layers': 1, 'dropout': 0, 'bidirectional': False, 'teacher_forcing_ratio': 0, 'scaler': 'standard', 'load_external': False, 'normal_external': False, 'ext_scaler': 'none', 'add_time_in_day': True, 'add_day_in_week': False, 'learner': 'adam', 'learning_rate': 0.01, 'lr_decay': True, 'lr_scheduler': 'multisteplr', 'lr_decay_ratio': 0.1, 'steps': [5, 20, 40, 70], 'clip_grad_norm': True, 'max_grad_norm': 5, 'use_early_stop': True, 'patience': 50, 'batch_size': 64, 'cache_dataset': True, 'num_workers': 0, 'pad_with_last_sample': True, 'train_rate': 0.7, 'eval_rate': 0.1, 'input_window': 12, 'output_window': 12, 'robustness_test': False, 'noise_type': 'gaussian', 'disturb_rate': 0.5, 'noise_mean': [5], 'noise_SD': [10], 'gpu': True, 'gpu_id': 0, 'train_loss': 'none', 'epoch': 0, 'weight_decay': 0, 'lr_epsilon': 1e-08, 'lr_beta1': 0.9, 'lr_beta2': 0.999, 'lr_alpha': 0.99, 'lr_momentum': 0, 'step_size': 10, 'lr_T_max': 30, 'lr_eta_min': 0, 'lr_patience': 10, 'lr_threshold': 0.0001, 'log_level': 'INFO', 'log_every': 1, 'load_best_epoch': True, 'hyper_tune': False, 'metrics': ['MAE', 'MAPE', 'RMSE'], 'evaluator_mode': 'single', 'save_mode': ['csv'], 'geo': {'including_types': ['Point'], 'Point': {}}, 'rel': {'including_types': ['geo'], 'geo': {'cost': 'num'}}, 'dyna': {'including_types': ['state'], 'state': {'entity_id': 'geo_id', 'traffic_speed': 'num'}}, 'data_col': ['traffic_speed'], 'weight_col': 'cost', 'data_files': ['temperature'], 'geo_file': 'temperature', 'rel_file': 'temperature', 'output_dim': 1, 'time_intervals': 300, 'init_weight_inf_or_zero': 'inf', 'set_weight_link_or_dist': 'dist', 'calculate_weight_adj': True, 'weight_adj_epsilon': 0.1, 'device': device(type='cuda', index=0)}
2025-05-28 14:52:11,724 - INFO - Loaded file temperature_feature.csv, shape=(3322, 2048, 1)
2025-05-28 14:52:13,041 - INFO - Dataset created
2025-05-28 14:52:13,041 - INFO - x shape: (3299, 12, 2048, 1), y shape: (3299, 12, 2048, 1)
2025-05-28 14:52:13,108 - INFO - train	x: (2309, 12, 2048, 1), y: (2309, 12, 2048, 1)
2025-05-28 14:52:13,109 - INFO - eval	x: (330, 12, 2048, 1), y: (330, 12, 2048, 1)
2025-05-28 14:52:13,109 - INFO - test	x: (660, 12, 2048, 1), y: (660, 12, 2048, 1)
2025-05-28 14:52:57,444 - INFO - Saved at ./libcity/cache/dataset_cache/point_based_temperature_12_12_0.7_0.1_standard_64_False_True_False_True.npz
2025-05-28 14:52:57,669 - INFO - StandardScaler mean: 278.3393482940399, std: 21.576706765745605
2025-05-28 14:52:57,669 - INFO - NoneScaler
2025-05-28 14:52:59,196 - INFO - You select rnn_type RNN in RNN!
2025-05-28 14:52:59,381 - INFO - RNN(
  (rnn): RNN(2048, 64)
  (fc): Linear(in_features=64, out_features=2048, bias=True)
)
2025-05-28 14:52:59,381 - INFO - rnn.weight_ih_l0	torch.Size([64, 2048])	cuda:0	True
2025-05-28 14:52:59,381 - INFO - rnn.weight_hh_l0	torch.Size([64, 64])	cuda:0	True
2025-05-28 14:52:59,381 - INFO - rnn.bias_ih_l0	torch.Size([64])	cuda:0	True
2025-05-28 14:52:59,381 - INFO - rnn.bias_hh_l0	torch.Size([64])	cuda:0	True
2025-05-28 14:52:59,381 - INFO - fc.weight	torch.Size([2048, 64])	cuda:0	True
2025-05-28 14:52:59,382 - INFO - fc.bias	torch.Size([2048])	cuda:0	True
2025-05-28 14:52:59,382 - INFO - Total parameter numbers: 268416
2025-05-28 14:52:59,382 - INFO - You select `adam` optimizer.
2025-05-28 14:53:00,375 - INFO - You select `multisteplr` lr_scheduler.
2025-05-28 14:53:00,375 - WARNING - Received none train loss func and will use the loss func defined in the model.
2025-05-28 14:53:00,375 - INFO - Start training ...
2025-05-28 14:53:00,375 - INFO - num_batches:37
2025-05-28 14:53:01,404 - INFO - epoch complete!
2025-05-28 14:53:01,404 - INFO - evaluating now!
2025-05-28 14:53:01,510 - INFO - Epoch [0/50] train_loss: 8.4585, val_loss: 8.7189, lr: 0.010000, 1.13s
2025-05-28 14:53:01,518 - INFO - Saved model at 0
2025-05-28 14:53:01,518 - INFO - Val loss decrease from inf to 8.7189, saving to ./libcity/cache/temperature_RNN1/model_cache/RNN_temperature_epoch0.tar
2025-05-28 14:53:02,432 - INFO - epoch complete!
2025-05-28 14:53:02,432 - INFO - evaluating now!
2025-05-28 14:53:02,570 - INFO - Epoch [1/50] train_loss: 5.2039, val_loss: 7.3323, lr: 0.010000, 1.05s
2025-05-28 14:53:02,577 - INFO - Saved model at 1
2025-05-28 14:53:02,577 - INFO - Val loss decrease from 8.7189 to 7.3323, saving to ./libcity/cache/temperature_RNN1/model_cache/RNN_temperature_epoch1.tar
2025-05-28 14:53:03,925 - INFO - epoch complete!
2025-05-28 14:53:03,926 - INFO - evaluating now!
2025-05-28 14:53:04,081 - INFO - Epoch [2/50] train_loss: 5.1099, val_loss: 8.1121, lr: 0.010000, 1.50s
2025-05-28 14:53:05,484 - INFO - epoch complete!
2025-05-28 14:53:05,485 - INFO - evaluating now!
2025-05-28 14:53:05,635 - INFO - Epoch [3/50] train_loss: 5.1253, val_loss: 8.1591, lr: 0.010000, 1.55s
2025-05-28 14:53:07,074 - INFO - epoch complete!
2025-05-28 14:53:07,076 - INFO - evaluating now!
2025-05-28 14:53:07,236 - INFO - Epoch [4/50] train_loss: 5.1823, val_loss: 8.0850, lr: 0.001000, 1.60s
2025-05-28 14:53:08,600 - INFO - epoch complete!
2025-05-28 14:53:08,600 - INFO - evaluating now!
2025-05-28 14:53:08,746 - INFO - Epoch [5/50] train_loss: 5.0488, val_loss: 7.8211, lr: 0.001000, 1.51s
2025-05-28 14:53:10,110 - INFO - epoch complete!
2025-05-28 14:53:10,110 - INFO - evaluating now!
2025-05-28 14:53:10,248 - INFO - Epoch [6/50] train_loss: 5.0197, val_loss: 7.7454, lr: 0.001000, 1.50s
2025-05-28 14:53:11,603 - INFO - epoch complete!
2025-05-28 14:53:11,603 - INFO - evaluating now!
2025-05-28 14:53:11,756 - INFO - Epoch [7/50] train_loss: 5.0220, val_loss: 7.5408, lr: 0.001000, 1.51s
2025-05-28 14:53:13,126 - INFO - epoch complete!
2025-05-28 14:53:13,127 - INFO - evaluating now!
2025-05-28 14:53:13,259 - INFO - Epoch [8/50] train_loss: 5.0296, val_loss: 8.1243, lr: 0.001000, 1.50s
2025-05-28 14:53:14,637 - INFO - epoch complete!
2025-05-28 14:53:14,637 - INFO - evaluating now!
2025-05-28 14:53:14,785 - INFO - Epoch [9/50] train_loss: 5.0189, val_loss: 7.9861, lr: 0.001000, 1.53s
2025-05-28 14:53:16,073 - INFO - epoch complete!
2025-05-28 14:53:16,074 - INFO - evaluating now!
2025-05-28 14:53:16,202 - INFO - Epoch [10/50] train_loss: 5.0361, val_loss: 8.0771, lr: 0.001000, 1.42s
2025-05-28 14:53:17,527 - INFO - epoch complete!
2025-05-28 14:53:17,529 - INFO - evaluating now!
2025-05-28 14:53:17,672 - INFO - Epoch [11/50] train_loss: 5.0154, val_loss: 7.5507, lr: 0.001000, 1.47s
2025-05-28 14:53:18,984 - INFO - epoch complete!
2025-05-28 14:53:18,985 - INFO - evaluating now!
2025-05-28 14:53:19,121 - INFO - Epoch [12/50] train_loss: 5.0214, val_loss: 7.6165, lr: 0.001000, 1.45s
2025-05-28 14:53:20,182 - INFO - epoch complete!
2025-05-28 14:53:20,182 - INFO - evaluating now!
2025-05-28 14:53:20,294 - INFO - Epoch [13/50] train_loss: 5.0180, val_loss: 8.1773, lr: 0.001000, 1.17s
2025-05-28 14:53:21,150 - INFO - epoch complete!
2025-05-28 14:53:21,150 - INFO - evaluating now!
2025-05-28 14:53:21,249 - INFO - Epoch [14/50] train_loss: 5.0232, val_loss: 8.3387, lr: 0.001000, 0.95s
2025-05-28 14:53:22,111 - INFO - epoch complete!
2025-05-28 14:53:22,111 - INFO - evaluating now!
2025-05-28 14:53:22,202 - INFO - Epoch [15/50] train_loss: 5.0355, val_loss: 8.4985, lr: 0.001000, 0.95s
2025-05-28 14:53:23,036 - INFO - epoch complete!
2025-05-28 14:53:23,037 - INFO - evaluating now!
2025-05-28 14:53:23,129 - INFO - Epoch [16/50] train_loss: 5.0220, val_loss: 7.6317, lr: 0.001000, 0.93s
2025-05-28 14:53:23,929 - INFO - epoch complete!
2025-05-28 14:53:23,929 - INFO - evaluating now!
2025-05-28 14:53:24,030 - INFO - Epoch [17/50] train_loss: 5.0236, val_loss: 7.6249, lr: 0.001000, 0.90s
2025-05-28 14:53:24,868 - INFO - epoch complete!
2025-05-28 14:53:24,868 - INFO - evaluating now!
2025-05-28 14:53:24,965 - INFO - Epoch [18/50] train_loss: 5.0330, val_loss: 7.8987, lr: 0.001000, 0.94s
2025-05-28 14:53:25,812 - INFO - epoch complete!
2025-05-28 14:53:25,812 - INFO - evaluating now!
2025-05-28 14:53:25,910 - INFO - Epoch [19/50] train_loss: 5.0242, val_loss: 7.7508, lr: 0.000100, 0.95s
2025-05-28 14:53:26,761 - INFO - epoch complete!
2025-05-28 14:53:26,761 - INFO - evaluating now!
2025-05-28 14:53:26,867 - INFO - Epoch [20/50] train_loss: 5.0114, val_loss: 7.8930, lr: 0.000100, 0.96s
2025-05-28 14:53:27,720 - INFO - epoch complete!
2025-05-28 14:53:27,721 - INFO - evaluating now!
2025-05-28 14:53:27,813 - INFO - Epoch [21/50] train_loss: 5.0063, val_loss: 7.9055, lr: 0.000100, 0.95s
2025-05-28 14:53:28,636 - INFO - epoch complete!
2025-05-28 14:53:28,636 - INFO - evaluating now!
2025-05-28 14:53:28,732 - INFO - Epoch [22/50] train_loss: 5.0060, val_loss: 7.8364, lr: 0.000100, 0.92s
2025-05-28 14:53:29,549 - INFO - epoch complete!
2025-05-28 14:53:29,549 - INFO - evaluating now!
2025-05-28 14:53:29,645 - INFO - Epoch [23/50] train_loss: 5.0070, val_loss: 7.8661, lr: 0.000100, 0.91s
2025-05-28 14:53:30,496 - INFO - epoch complete!
2025-05-28 14:53:30,497 - INFO - evaluating now!
2025-05-28 14:53:30,596 - INFO - Epoch [24/50] train_loss: 5.0070, val_loss: 7.8832, lr: 0.000100, 0.95s
2025-05-28 14:53:31,483 - INFO - epoch complete!
2025-05-28 14:53:31,483 - INFO - evaluating now!
2025-05-28 14:53:31,584 - INFO - Epoch [25/50] train_loss: 5.0059, val_loss: 7.8653, lr: 0.000100, 0.99s
2025-05-28 14:53:32,438 - INFO - epoch complete!
2025-05-28 14:53:32,438 - INFO - evaluating now!
2025-05-28 14:53:32,529 - INFO - Epoch [26/50] train_loss: 5.0060, val_loss: 7.9093, lr: 0.000100, 0.95s
2025-05-28 14:53:33,305 - INFO - epoch complete!
2025-05-28 14:53:33,305 - INFO - evaluating now!
2025-05-28 14:53:33,396 - INFO - Epoch [27/50] train_loss: 5.0065, val_loss: 7.8997, lr: 0.000100, 0.87s
2025-05-28 14:53:34,208 - INFO - epoch complete!
2025-05-28 14:53:34,209 - INFO - evaluating now!
2025-05-28 14:53:34,302 - INFO - Epoch [28/50] train_loss: 5.0064, val_loss: 7.8412, lr: 0.000100, 0.91s
2025-05-28 14:53:35,152 - INFO - epoch complete!
2025-05-28 14:53:35,152 - INFO - evaluating now!
2025-05-28 14:53:35,256 - INFO - Epoch [29/50] train_loss: 5.0063, val_loss: 7.9182, lr: 0.000100, 0.95s
2025-05-28 14:53:36,073 - INFO - epoch complete!
2025-05-28 14:53:36,074 - INFO - evaluating now!
2025-05-28 14:53:36,165 - INFO - Epoch [30/50] train_loss: 5.0091, val_loss: 7.7304, lr: 0.000100, 0.91s
2025-05-28 14:53:36,965 - INFO - epoch complete!
2025-05-28 14:53:36,965 - INFO - evaluating now!
2025-05-28 14:53:37,059 - INFO - Epoch [31/50] train_loss: 5.0063, val_loss: 7.8911, lr: 0.000100, 0.89s
2025-05-28 14:53:37,888 - INFO - epoch complete!
2025-05-28 14:53:37,888 - INFO - evaluating now!
2025-05-28 14:53:37,988 - INFO - Epoch [32/50] train_loss: 5.0065, val_loss: 7.8869, lr: 0.000100, 0.93s
2025-05-28 14:53:38,836 - INFO - epoch complete!
2025-05-28 14:53:38,836 - INFO - evaluating now!
2025-05-28 14:53:38,938 - INFO - Epoch [33/50] train_loss: 5.0068, val_loss: 7.9062, lr: 0.000100, 0.95s
2025-05-28 14:53:39,794 - INFO - epoch complete!
2025-05-28 14:53:39,794 - INFO - evaluating now!
2025-05-28 14:53:39,895 - INFO - Epoch [34/50] train_loss: 5.0061, val_loss: 7.8493, lr: 0.000100, 0.96s
2025-05-28 14:53:40,752 - INFO - epoch complete!
2025-05-28 14:53:40,753 - INFO - evaluating now!
2025-05-28 14:53:40,853 - INFO - Epoch [35/50] train_loss: 5.0065, val_loss: 7.8874, lr: 0.000100, 0.96s
2025-05-28 14:53:41,709 - INFO - epoch complete!
2025-05-28 14:53:41,709 - INFO - evaluating now!
2025-05-28 14:53:41,808 - INFO - Epoch [36/50] train_loss: 5.0062, val_loss: 7.9219, lr: 0.000100, 0.96s
2025-05-28 14:53:42,633 - INFO - epoch complete!
2025-05-28 14:53:42,634 - INFO - evaluating now!
2025-05-28 14:53:42,743 - INFO - Epoch [37/50] train_loss: 5.0065, val_loss: 7.9193, lr: 0.000100, 0.93s
2025-05-28 14:53:43,597 - INFO - epoch complete!
2025-05-28 14:53:43,597 - INFO - evaluating now!
2025-05-28 14:53:43,697 - INFO - Epoch [38/50] train_loss: 5.0071, val_loss: 7.8979, lr: 0.000100, 0.95s
2025-05-28 14:53:44,527 - INFO - epoch complete!
2025-05-28 14:53:44,527 - INFO - evaluating now!
2025-05-28 14:53:44,625 - INFO - Epoch [39/50] train_loss: 5.0075, val_loss: 7.9189, lr: 0.000010, 0.93s
2025-05-28 14:53:45,476 - INFO - epoch complete!
2025-05-28 14:53:45,476 - INFO - evaluating now!
2025-05-28 14:53:45,579 - INFO - Epoch [40/50] train_loss: 5.0050, val_loss: 7.8943, lr: 0.000010, 0.95s
2025-05-28 14:53:46,430 - INFO - epoch complete!
2025-05-28 14:53:46,430 - INFO - evaluating now!
2025-05-28 14:53:46,530 - INFO - Epoch [41/50] train_loss: 5.0042, val_loss: 7.8834, lr: 0.000010, 0.95s
2025-05-28 14:53:47,368 - INFO - epoch complete!
2025-05-28 14:53:47,368 - INFO - evaluating now!
2025-05-28 14:53:47,466 - INFO - Epoch [42/50] train_loss: 5.0043, val_loss: 7.8789, lr: 0.000010, 0.94s
2025-05-28 14:53:48,311 - INFO - epoch complete!
2025-05-28 14:53:48,311 - INFO - evaluating now!
2025-05-28 14:53:48,410 - INFO - Epoch [43/50] train_loss: 5.0043, val_loss: 7.8749, lr: 0.000010, 0.94s
2025-05-28 14:53:49,250 - INFO - epoch complete!
2025-05-28 14:53:49,250 - INFO - evaluating now!
2025-05-28 14:53:49,349 - INFO - Epoch [44/50] train_loss: 5.0044, val_loss: 7.8790, lr: 0.000010, 0.94s
2025-05-28 14:53:50,186 - INFO - epoch complete!
2025-05-28 14:53:50,186 - INFO - evaluating now!
2025-05-28 14:53:50,287 - INFO - Epoch [45/50] train_loss: 5.0044, val_loss: 7.8740, lr: 0.000010, 0.94s
2025-05-28 14:53:51,155 - INFO - epoch complete!
2025-05-28 14:53:51,155 - INFO - evaluating now!
2025-05-28 14:53:51,260 - INFO - Epoch [46/50] train_loss: 5.0042, val_loss: 7.8846, lr: 0.000010, 0.97s
2025-05-28 14:53:52,124 - INFO - epoch complete!
2025-05-28 14:53:52,124 - INFO - evaluating now!
2025-05-28 14:53:52,225 - INFO - Epoch [47/50] train_loss: 5.0043, val_loss: 7.8824, lr: 0.000010, 0.96s
2025-05-28 14:53:53,097 - INFO - epoch complete!
2025-05-28 14:53:53,097 - INFO - evaluating now!
2025-05-28 14:53:53,195 - INFO - Epoch [48/50] train_loss: 5.0043, val_loss: 7.8772, lr: 0.000010, 0.97s
2025-05-28 14:53:54,043 - INFO - epoch complete!
2025-05-28 14:53:54,043 - INFO - evaluating now!
2025-05-28 14:53:54,143 - INFO - Epoch [49/50] train_loss: 5.0043, val_loss: 7.8867, lr: 0.000010, 0.95s
2025-05-28 14:53:54,143 - INFO - Trained totally 50 epochs, average train time is 0.965s, average eval time is 0.110s
2025-05-28 14:53:54,164 - INFO - Loaded model at 1
2025-05-28 14:53:54,164 - INFO - Saved model at ./libcity/cache/temperature_RNN1/model_cache/RNN_temperature.m
2025-05-28 14:53:54,168 - INFO - Start evaluating ...
2025-05-28 14:53:57,813 - INFO - Note that you select the single mode to evaluate!
2025-05-28 14:53:57,817 - INFO - Evaluate result is saved at ./libcity/cache/temperature_RNN1/evaluate_cache\2025_05_28_14_53_57_RNN_temperature.csv
2025-05-28 14:53:57,820 - INFO - 
         MAE      MAPE      RMSE
1   5.859241  0.021325  7.868393
2   5.857340  0.021317  7.865822
3   5.850268  0.021296  7.857668
4   5.845575  0.021281  7.851794
5   5.841893  0.021269  7.847453
6   5.838031  0.021255  7.843057
7   5.834595  0.021243  7.839091
8   5.832132  0.021234  7.836150
9   5.829823  0.021226  7.833198
10  5.827491  0.021217  7.830191
11  5.825531  0.021210  7.827420
12  5.823558  0.021202  7.824626
