2025-05-28 14:54:52,271 - INFO - Log directory: ./libcity/log
2025-05-28 14:54:52,271 - INFO - Begin pipeline, task=MTS_pred, model_name=RNN, dataset_name=wind, exp_id=wind_RNN1
2025-05-28 14:54:52,271 - INFO - {'task': 'MTS_pred', 'model': 'RNN', 'dataset': 'wind', 'saved_model': True, 'exp_id': 'wind_RNN1', 'seed': 0, 'max_epoch': 50, 'dataset_class': 'StatePointDataset', 'executor': 'StateExecutor', 'evaluator': 'StateEvaluator', 'rnn_type': 'RNN', 'hidden_size': 64, 'num_layers': 1, 'dropout': 0, 'bidirectional': False, 'teacher_forcing_ratio': 0, 'scaler': 'standard', 'load_external': False, 'normal_external': False, 'ext_scaler': 'none', 'add_time_in_day': True, 'add_day_in_week': False, 'learner': 'adam', 'learning_rate': 0.01, 'lr_decay': True, 'lr_scheduler': 'multisteplr', 'lr_decay_ratio': 0.1, 'steps': [5, 20, 40, 70], 'clip_grad_norm': True, 'max_grad_norm': 5, 'use_early_stop': True, 'patience': 50, 'batch_size': 64, 'cache_dataset': True, 'num_workers': 0, 'pad_with_last_sample': True, 'train_rate': 0.7, 'eval_rate': 0.1, 'input_window': 12, 'output_window': 12, 'robustness_test': False, 'noise_type': 'gaussian', 'disturb_rate': 0.5, 'noise_mean': [5], 'noise_SD': [10], 'gpu': True, 'gpu_id': 0, 'train_loss': 'none', 'epoch': 0, 'weight_decay': 0, 'lr_epsilon': 1e-08, 'lr_beta1': 0.9, 'lr_beta2': 0.999, 'lr_alpha': 0.99, 'lr_momentum': 0, 'step_size': 10, 'lr_T_max': 30, 'lr_eta_min': 0, 'lr_patience': 10, 'lr_threshold': 0.0001, 'log_level': 'INFO', 'log_every': 1, 'load_best_epoch': True, 'hyper_tune': False, 'metrics': ['MAE', 'MAPE', 'RMSE'], 'evaluator_mode': 'single', 'save_mode': ['csv'], 'geo': {'including_types': ['Point'], 'Point': {}}, 'rel': {'including_types': ['geo'], 'geo': {'cost': 'num'}}, 'dyna': {'including_types': ['state'], 'state': {'entity_id': 'geo_id', 'traffic_speed': 'num'}}, 'data_col': ['traffic_speed'], 'weight_col': 'cost', 'data_files': ['wind'], 'geo_file': 'wind', 'rel_file': 'wind', 'output_dim': 1, 'time_intervals': 300, 'init_weight_inf_or_zero': 'inf', 'set_weight_link_or_dist': 'dist', 'calculate_weight_adj': True, 'weight_adj_epsilon': 0.1, 'device': device(type='cuda', index=0)}
2025-05-28 14:54:53,598 - INFO - Loaded file wind_feature.csv, shape=(3322, 2048, 1)
2025-05-28 14:54:54,758 - INFO - Dataset created
2025-05-28 14:54:54,758 - INFO - x shape: (3299, 12, 2048, 1), y shape: (3299, 12, 2048, 1)
2025-05-28 14:54:54,793 - INFO - train	x: (2309, 12, 2048, 1), y: (2309, 12, 2048, 1)
2025-05-28 14:54:54,794 - INFO - eval	x: (330, 12, 2048, 1), y: (330, 12, 2048, 1)
2025-05-28 14:54:54,794 - INFO - test	x: (660, 12, 2048, 1), y: (660, 12, 2048, 1)
2025-05-28 14:55:40,185 - INFO - Saved at ./libcity/cache/dataset_cache/point_based_wind_12_12_0.7_0.1_standard_64_False_True_False_True.npz
2025-05-28 14:55:40,647 - INFO - StandardScaler mean: -0.22863463261373898, std: 5.63717245802418
2025-05-28 14:55:40,647 - INFO - NoneScaler
2025-05-28 14:55:42,886 - INFO - You select rnn_type RNN in RNN!
2025-05-28 14:55:43,177 - INFO - RNN(
  (rnn): RNN(2048, 64)
  (fc): Linear(in_features=64, out_features=2048, bias=True)
)
2025-05-28 14:55:43,177 - INFO - rnn.weight_ih_l0	torch.Size([64, 2048])	cuda:0	True
2025-05-28 14:55:43,177 - INFO - rnn.weight_hh_l0	torch.Size([64, 64])	cuda:0	True
2025-05-28 14:55:43,178 - INFO - rnn.bias_ih_l0	torch.Size([64])	cuda:0	True
2025-05-28 14:55:43,178 - INFO - rnn.bias_hh_l0	torch.Size([64])	cuda:0	True
2025-05-28 14:55:43,178 - INFO - fc.weight	torch.Size([2048, 64])	cuda:0	True
2025-05-28 14:55:43,179 - INFO - fc.bias	torch.Size([2048])	cuda:0	True
2025-05-28 14:55:43,179 - INFO - Total parameter numbers: 268416
2025-05-28 14:55:43,179 - INFO - You select `adam` optimizer.
2025-05-28 14:55:44,894 - INFO - You select `multisteplr` lr_scheduler.
2025-05-28 14:55:44,894 - WARNING - Received none train loss func and will use the loss func defined in the model.
2025-05-28 14:55:44,895 - INFO - Start training ...
2025-05-28 14:55:44,895 - INFO - num_batches:37
2025-05-28 14:55:46,472 - INFO - epoch complete!
2025-05-28 14:55:46,472 - INFO - evaluating now!
2025-05-28 14:55:46,623 - INFO - Epoch [0/50] train_loss: 3.5161, val_loss: 3.3197, lr: 0.010000, 1.73s
2025-05-28 14:55:46,634 - INFO - Saved model at 0
2025-05-28 14:55:46,636 - INFO - Val loss decrease from inf to 3.3197, saving to ./libcity/cache/wind_RNN1/model_cache/RNN_wind_epoch0.tar
2025-05-28 14:55:48,014 - INFO - epoch complete!
2025-05-28 14:55:48,014 - INFO - evaluating now!
2025-05-28 14:55:48,149 - INFO - Epoch [1/50] train_loss: 3.1256, val_loss: 3.1784, lr: 0.010000, 1.51s
2025-05-28 14:55:48,155 - INFO - Saved model at 1
2025-05-28 14:55:48,155 - INFO - Val loss decrease from 3.3197 to 3.1784, saving to ./libcity/cache/wind_RNN1/model_cache/RNN_wind_epoch1.tar
2025-05-28 14:55:49,445 - INFO - epoch complete!
2025-05-28 14:55:49,446 - INFO - evaluating now!
2025-05-28 14:55:49,599 - INFO - Epoch [2/50] train_loss: 3.1226, val_loss: 3.3048, lr: 0.010000, 1.44s
2025-05-28 14:55:50,936 - INFO - epoch complete!
2025-05-28 14:55:50,937 - INFO - evaluating now!
2025-05-28 14:55:51,086 - INFO - Epoch [3/50] train_loss: 3.1226, val_loss: 3.2843, lr: 0.010000, 1.49s
2025-05-28 14:55:52,393 - INFO - epoch complete!
2025-05-28 14:55:52,393 - INFO - evaluating now!
2025-05-28 14:55:52,541 - INFO - Epoch [4/50] train_loss: 3.1286, val_loss: 3.3120, lr: 0.001000, 1.46s
2025-05-28 14:55:53,865 - INFO - epoch complete!
2025-05-28 14:55:53,866 - INFO - evaluating now!
2025-05-28 14:55:54,030 - INFO - Epoch [5/50] train_loss: 3.0953, val_loss: 3.2261, lr: 0.001000, 1.49s
2025-05-28 14:55:54,962 - INFO - epoch complete!
2025-05-28 14:55:54,962 - INFO - evaluating now!
2025-05-28 14:55:55,057 - INFO - Epoch [6/50] train_loss: 3.0890, val_loss: 3.2170, lr: 0.001000, 1.03s
2025-05-28 14:55:55,876 - INFO - epoch complete!
2025-05-28 14:55:55,876 - INFO - evaluating now!
2025-05-28 14:55:55,969 - INFO - Epoch [7/50] train_loss: 3.0886, val_loss: 3.1956, lr: 0.001000, 0.91s
2025-05-28 14:55:56,780 - INFO - epoch complete!
2025-05-28 14:55:56,781 - INFO - evaluating now!
2025-05-28 14:55:56,878 - INFO - Epoch [8/50] train_loss: 3.0894, val_loss: 3.2489, lr: 0.001000, 0.91s
2025-05-28 14:55:57,725 - INFO - epoch complete!
2025-05-28 14:55:57,726 - INFO - evaluating now!
2025-05-28 14:55:57,832 - INFO - Epoch [9/50] train_loss: 3.0884, val_loss: 3.2303, lr: 0.001000, 0.95s
2025-05-28 14:55:58,710 - INFO - epoch complete!
2025-05-28 14:55:58,710 - INFO - evaluating now!
2025-05-28 14:55:58,810 - INFO - Epoch [10/50] train_loss: 3.0903, val_loss: 3.2338, lr: 0.001000, 0.98s
2025-05-28 14:55:59,684 - INFO - epoch complete!
2025-05-28 14:55:59,684 - INFO - evaluating now!
2025-05-28 14:55:59,778 - INFO - Epoch [11/50] train_loss: 3.0888, val_loss: 3.2290, lr: 0.001000, 0.97s
2025-05-28 14:56:00,604 - INFO - epoch complete!
2025-05-28 14:56:00,604 - INFO - evaluating now!
2025-05-28 14:56:00,705 - INFO - Epoch [12/50] train_loss: 3.0889, val_loss: 3.2114, lr: 0.001000, 0.93s
2025-05-28 14:56:01,551 - INFO - epoch complete!
2025-05-28 14:56:01,551 - INFO - evaluating now!
2025-05-28 14:56:01,656 - INFO - Epoch [13/50] train_loss: 3.0891, val_loss: 3.2472, lr: 0.001000, 0.95s
2025-05-28 14:56:02,574 - INFO - epoch complete!
2025-05-28 14:56:02,574 - INFO - evaluating now!
2025-05-28 14:56:02,672 - INFO - Epoch [14/50] train_loss: 3.0904, val_loss: 3.2607, lr: 0.001000, 1.02s
2025-05-28 14:56:03,527 - INFO - epoch complete!
2025-05-28 14:56:03,527 - INFO - evaluating now!
2025-05-28 14:56:03,622 - INFO - Epoch [15/50] train_loss: 3.0909, val_loss: 3.2911, lr: 0.001000, 0.95s
2025-05-28 14:56:04,484 - INFO - epoch complete!
2025-05-28 14:56:04,484 - INFO - evaluating now!
2025-05-28 14:56:04,573 - INFO - Epoch [16/50] train_loss: 3.0898, val_loss: 3.2316, lr: 0.001000, 0.95s
2025-05-28 14:56:05,369 - INFO - epoch complete!
2025-05-28 14:56:05,370 - INFO - evaluating now!
2025-05-28 14:56:05,460 - INFO - Epoch [17/50] train_loss: 3.0907, val_loss: 3.2254, lr: 0.001000, 0.89s
2025-05-28 14:56:06,311 - INFO - epoch complete!
2025-05-28 14:56:06,311 - INFO - evaluating now!
2025-05-28 14:56:06,411 - INFO - Epoch [18/50] train_loss: 3.0903, val_loss: 3.2345, lr: 0.001000, 0.95s
2025-05-28 14:56:07,276 - INFO - epoch complete!
2025-05-28 14:56:07,276 - INFO - evaluating now!
2025-05-28 14:56:07,373 - INFO - Epoch [19/50] train_loss: 3.0903, val_loss: 3.2252, lr: 0.000100, 0.96s
2025-05-28 14:56:08,197 - INFO - epoch complete!
2025-05-28 14:56:08,197 - INFO - evaluating now!
2025-05-28 14:56:08,287 - INFO - Epoch [20/50] train_loss: 3.0864, val_loss: 3.2285, lr: 0.000100, 0.91s
2025-05-28 14:56:09,101 - INFO - epoch complete!
2025-05-28 14:56:09,101 - INFO - evaluating now!
2025-05-28 14:56:09,194 - INFO - Epoch [21/50] train_loss: 3.0837, val_loss: 3.2271, lr: 0.000100, 0.91s
2025-05-28 14:56:10,006 - INFO - epoch complete!
2025-05-28 14:56:10,006 - INFO - evaluating now!
2025-05-28 14:56:10,096 - INFO - Epoch [22/50] train_loss: 3.0835, val_loss: 3.2236, lr: 0.000100, 0.90s
2025-05-28 14:56:10,922 - INFO - epoch complete!
2025-05-28 14:56:10,922 - INFO - evaluating now!
2025-05-28 14:56:11,027 - INFO - Epoch [23/50] train_loss: 3.0836, val_loss: 3.2232, lr: 0.000100, 0.93s
2025-05-28 14:56:11,852 - INFO - epoch complete!
2025-05-28 14:56:11,852 - INFO - evaluating now!
2025-05-28 14:56:11,948 - INFO - Epoch [24/50] train_loss: 3.0836, val_loss: 3.2274, lr: 0.000100, 0.92s
2025-05-28 14:56:12,761 - INFO - epoch complete!
2025-05-28 14:56:12,761 - INFO - evaluating now!
2025-05-28 14:56:12,855 - INFO - Epoch [25/50] train_loss: 3.0835, val_loss: 3.2248, lr: 0.000100, 0.91s
2025-05-28 14:56:13,711 - INFO - epoch complete!
2025-05-28 14:56:13,711 - INFO - evaluating now!
2025-05-28 14:56:13,812 - INFO - Epoch [26/50] train_loss: 3.0836, val_loss: 3.2282, lr: 0.000100, 0.96s
2025-05-28 14:56:14,654 - INFO - epoch complete!
2025-05-28 14:56:14,654 - INFO - evaluating now!
2025-05-28 14:56:14,749 - INFO - Epoch [27/50] train_loss: 3.0837, val_loss: 3.2287, lr: 0.000100, 0.94s
2025-05-28 14:56:15,574 - INFO - epoch complete!
2025-05-28 14:56:15,575 - INFO - evaluating now!
2025-05-28 14:56:15,666 - INFO - Epoch [28/50] train_loss: 3.0836, val_loss: 3.2218, lr: 0.000100, 0.92s
2025-05-28 14:56:16,471 - INFO - epoch complete!
2025-05-28 14:56:16,472 - INFO - evaluating now!
2025-05-28 14:56:16,561 - INFO - Epoch [29/50] train_loss: 3.0837, val_loss: 3.2296, lr: 0.000100, 0.89s
2025-05-28 14:56:17,369 - INFO - epoch complete!
2025-05-28 14:56:17,370 - INFO - evaluating now!
2025-05-28 14:56:17,465 - INFO - Epoch [30/50] train_loss: 3.0838, val_loss: 3.2194, lr: 0.000100, 0.90s
2025-05-28 14:56:18,310 - INFO - epoch complete!
2025-05-28 14:56:18,310 - INFO - evaluating now!
2025-05-28 14:56:18,412 - INFO - Epoch [31/50] train_loss: 3.0837, val_loss: 3.2268, lr: 0.000100, 0.95s
2025-05-28 14:56:19,248 - INFO - epoch complete!
2025-05-28 14:56:19,249 - INFO - evaluating now!
2025-05-28 14:56:19,345 - INFO - Epoch [32/50] train_loss: 3.0837, val_loss: 3.2258, lr: 0.000100, 0.93s
2025-05-28 14:56:20,177 - INFO - epoch complete!
2025-05-28 14:56:20,177 - INFO - evaluating now!
2025-05-28 14:56:20,270 - INFO - Epoch [33/50] train_loss: 3.0837, val_loss: 3.2287, lr: 0.000100, 0.93s
2025-05-28 14:56:21,088 - INFO - epoch complete!
2025-05-28 14:56:21,088 - INFO - evaluating now!
2025-05-28 14:56:21,183 - INFO - Epoch [34/50] train_loss: 3.0837, val_loss: 3.2243, lr: 0.000100, 0.91s
2025-05-28 14:56:22,024 - INFO - epoch complete!
2025-05-28 14:56:22,024 - INFO - evaluating now!
2025-05-28 14:56:22,118 - INFO - Epoch [35/50] train_loss: 3.0837, val_loss: 3.2258, lr: 0.000100, 0.94s
2025-05-28 14:56:22,958 - INFO - epoch complete!
2025-05-28 14:56:22,958 - INFO - evaluating now!
2025-05-28 14:56:23,056 - INFO - Epoch [36/50] train_loss: 3.0836, val_loss: 3.2302, lr: 0.000100, 0.94s
2025-05-28 14:56:23,922 - INFO - epoch complete!
2025-05-28 14:56:23,922 - INFO - evaluating now!
2025-05-28 14:56:24,010 - INFO - Epoch [37/50] train_loss: 3.0837, val_loss: 3.2259, lr: 0.000100, 0.95s
2025-05-28 14:56:24,829 - INFO - epoch complete!
2025-05-28 14:56:24,829 - INFO - evaluating now!
2025-05-28 14:56:24,928 - INFO - Epoch [38/50] train_loss: 3.0837, val_loss: 3.2258, lr: 0.000100, 0.92s
2025-05-28 14:56:25,745 - INFO - epoch complete!
2025-05-28 14:56:25,745 - INFO - evaluating now!
2025-05-28 14:56:25,834 - INFO - Epoch [39/50] train_loss: 3.0837, val_loss: 3.2268, lr: 0.000010, 0.91s
2025-05-28 14:56:26,633 - INFO - epoch complete!
2025-05-28 14:56:26,634 - INFO - evaluating now!
2025-05-28 14:56:26,723 - INFO - Epoch [40/50] train_loss: 3.0830, val_loss: 3.2266, lr: 0.000010, 0.89s
2025-05-28 14:56:27,573 - INFO - epoch complete!
2025-05-28 14:56:27,573 - INFO - evaluating now!
2025-05-28 14:56:27,681 - INFO - Epoch [41/50] train_loss: 3.0829, val_loss: 3.2266, lr: 0.000010, 0.96s
2025-05-28 14:56:28,548 - INFO - epoch complete!
2025-05-28 14:56:28,548 - INFO - evaluating now!
2025-05-28 14:56:28,644 - INFO - Epoch [42/50] train_loss: 3.0829, val_loss: 3.2262, lr: 0.000010, 0.96s
2025-05-28 14:56:29,456 - INFO - epoch complete!
2025-05-28 14:56:29,457 - INFO - evaluating now!
2025-05-28 14:56:29,547 - INFO - Epoch [43/50] train_loss: 3.0829, val_loss: 3.2260, lr: 0.000010, 0.90s
2025-05-28 14:56:30,397 - INFO - epoch complete!
2025-05-28 14:56:30,397 - INFO - evaluating now!
2025-05-28 14:56:30,497 - INFO - Epoch [44/50] train_loss: 3.0829, val_loss: 3.2257, lr: 0.000010, 0.95s
2025-05-28 14:56:31,388 - INFO - epoch complete!
2025-05-28 14:56:31,388 - INFO - evaluating now!
2025-05-28 14:56:31,482 - INFO - Epoch [45/50] train_loss: 3.0829, val_loss: 3.2255, lr: 0.000010, 0.99s
2025-05-28 14:56:32,287 - INFO - epoch complete!
2025-05-28 14:56:32,287 - INFO - evaluating now!
2025-05-28 14:56:32,374 - INFO - Epoch [46/50] train_loss: 3.0828, val_loss: 3.2261, lr: 0.000010, 0.89s
2025-05-28 14:56:33,242 - INFO - epoch complete!
2025-05-28 14:56:33,242 - INFO - evaluating now!
2025-05-28 14:56:33,352 - INFO - Epoch [47/50] train_loss: 3.0828, val_loss: 3.2259, lr: 0.000010, 0.98s
2025-05-28 14:56:34,226 - INFO - epoch complete!
2025-05-28 14:56:34,227 - INFO - evaluating now!
2025-05-28 14:56:34,330 - INFO - Epoch [48/50] train_loss: 3.0829, val_loss: 3.2254, lr: 0.000010, 0.98s
2025-05-28 14:56:35,193 - INFO - epoch complete!
2025-05-28 14:56:35,193 - INFO - evaluating now!
2025-05-28 14:56:35,293 - INFO - Epoch [49/50] train_loss: 3.0829, val_loss: 3.2266, lr: 0.000010, 0.96s
2025-05-28 14:56:35,293 - INFO - Trained totally 50 epochs, average train time is 0.904s, average eval time is 0.102s
2025-05-28 14:56:35,317 - INFO - Loaded model at 1
2025-05-28 14:56:35,317 - INFO - Saved model at ./libcity/cache/wind_RNN1/model_cache/RNN_wind.m
2025-05-28 14:56:35,321 - INFO - Start evaluating ...
2025-05-28 14:56:38,804 - INFO - Note that you select the single mode to evaluate!
2025-05-28 14:56:38,807 - INFO - Evaluate result is saved at ./libcity/cache/wind_RNN1/evaluate_cache\2025_05_28_14_56_38_RNN_wind.csv
2025-05-28 14:56:38,811 - INFO - 
         MAE      MAPE      RMSE
1   3.229826  3.105918  4.390493
2   3.230168  3.092767  4.391435
3   3.229790  3.083735  4.392216
4   3.229337  3.086054  4.392432
5   3.228905  3.095477  4.392300
6   3.228451  3.085271  4.392141
7   3.228033  3.085242  4.392079
8   3.227799  3.079534  4.392237
9   3.227673  3.079762  4.392524
10  3.227659  3.079172  4.392932
11  3.227640  3.076370  4.393400
12  3.227679  3.072249  4.393946
