2024-10-09 18:48:08,195 - INFO - Log directory: ./libcity/log
2024-10-09 18:48:08,195 - INFO - Begin pipeline, task=MTS_pred, model_name=ASTGCN, dataset_name=METR_LA, exp_id={251221}
2024-10-09 18:48:08,195 - INFO - {'task': 'MTS_pred', 'model': 'ASTGCN', 'dataset': 'METR_LA', 'saved_model': True, 'exp_id': '{251221}', 'seed': 0, 'max_epoch': 50, 'dataset_class': 'StatePointDataset', 'executor': 'StateExecutor', 'evaluator': 'StateEvaluator', 'nb_block': 2, 'K': 3, 'nb_chev_filter': 64, 'nb_time_filter': 64, 'bidir_adj_mx': True, 'scaler': 'standard', 'load_external': False, 'normal_external': False, 'ext_scaler': 'none', 'add_time_in_day': False, 'add_day_in_week': False, 'train_rate': 0.6, 'eval_rate': 0.2, 'learner': 'adam', 'learning_rate': 0.0001, 'lr_decay': False, 'clip_grad_norm': False, 'use_early_stop': False, 'batch_size': 64, 'cache_dataset': True, 'num_workers': 0, 'pad_with_last_sample': True, 'input_window': 12, 'output_window': 12, 'robustness_test': False, 'noise_type': 'gaussian', 'disturb_rate': 0.5, 'noise_mean': [5], 'noise_SD': [10], 'gpu': True, 'gpu_id': 0, 'train_loss': 'none', 'epoch': 0, 'weight_decay': 0, 'lr_epsilon': 1e-08, 'lr_beta1': 0.9, 'lr_beta2': 0.999, 'lr_alpha': 0.99, 'lr_momentum': 0, 'lr_scheduler': 'multisteplr', 'lr_decay_ratio': 0.1, 'steps': [5, 20, 40, 70], 'step_size': 10, 'lr_T_max': 30, 'lr_eta_min': 0, 'lr_patience': 10, 'lr_threshold': 0.0001, 'max_grad_norm': 1.0, 'patience': 50, 'log_level': 'INFO', 'log_every': 1, 'load_best_epoch': True, 'hyper_tune': False, 'metrics': ['MAE', 'MAPE', 'RMSE'], 'evaluator_mode': 'single', 'save_mode': ['csv'], 'geo': {'including_types': ['Point'], 'Point': {}}, 'rel': {'including_types': ['geo'], 'geo': {'cost': 'num'}}, 'dyna': {'including_types': ['state'], 'state': {'entity_id': 'geo_id', 'traffic_speed': 'num'}}, 'data_col': ['traffic_speed'], 'weight_col': 'cost', 'data_files': ['METR_LA'], 'geo_file': 'METR_LA', 'rel_file': 'METR_LA', 'output_dim': 1, 'time_intervals': 300, 'init_weight_inf_or_zero': 'inf', 'set_weight_link_or_dist': 'dist', 'calculate_weight_adj': True, 'weight_adj_epsilon': 0.1, 'device': device(type='cuda', index=0)}
2024-10-09 18:48:08,790 - INFO - Loaded file METR_LA_feature.csv, shape=(34272, 207, 1)
2024-10-09 18:48:09,799 - INFO - Dataset created
2024-10-09 18:48:09,799 - INFO - x shape: (34249, 12, 207, 1), y shape: (34249, 12, 207, 1)
2024-10-09 18:48:09,803 - INFO - train	x: (20549, 12, 207, 1), y: (20549, 12, 207, 1)
2024-10-09 18:48:09,803 - INFO - eval	x: (6850, 12, 207, 1), y: (6850, 12, 207, 1)
2024-10-09 18:48:09,803 - INFO - test	x: (6850, 12, 207, 1), y: (6850, 12, 207, 1)
2024-10-09 18:48:23,618 - INFO - Saved at ./libcity/cache/dataset_cache/point_based_METR_LA_12_12_0.6_0.2_standard_64_False_False_False_True.npz
2024-10-09 18:48:23,782 - INFO - StandardScaler mean: 54.10160182214729, std: 19.84129811739302
2024-10-09 18:48:23,783 - INFO - NoneScaler
2024-10-09 18:48:24,850 - INFO - ASTGCN(
  (ASTGCN_submodule): ASTGCNSubmodule(
    (BlockList): ModuleList(
      (0): ASTGCNBlock(
        (TAt): TemporalAttentionLayer()
        (SAt): SpatialAttentionLayer()
        (cheb_conv_SAt): ChebConvWithSAt(
          (Theta): ParameterList(
              (0): Parameter containing: [torch.float32 of size 1x64 (cuda:0)]
              (1): Parameter containing: [torch.float32 of size 1x64 (cuda:0)]
              (2): Parameter containing: [torch.float32 of size 1x64 (cuda:0)]
          )
        )
        (time_conv): Conv2d(64, 64, kernel_size=(1, 3), stride=(1, 1), padding=(0, 1))
        (residual_conv): Conv2d(1, 64, kernel_size=(1, 1), stride=(1, 1))
        (ln): LayerNorm((64,), eps=1e-05, elementwise_affine=True)
      )
      (1): ASTGCNBlock(
        (TAt): TemporalAttentionLayer()
        (SAt): SpatialAttentionLayer()
        (cheb_conv_SAt): ChebConvWithSAt(
          (Theta): ParameterList(
              (0): Parameter containing: [torch.float32 of size 64x64 (cuda:0)]
              (1): Parameter containing: [torch.float32 of size 64x64 (cuda:0)]
              (2): Parameter containing: [torch.float32 of size 64x64 (cuda:0)]
          )
        )
        (time_conv): Conv2d(64, 64, kernel_size=(1, 3), stride=(1, 1), padding=(0, 1))
        (residual_conv): Conv2d(64, 64, kernel_size=(1, 1), stride=(1, 1))
        (ln): LayerNorm((64,), eps=1e-05, elementwise_affine=True)
      )
    )
    (final_conv): Conv2d(12, 12, kernel_size=(1, 64), stride=(1, 1))
  )
)
2024-10-09 18:48:24,851 - INFO - ASTGCN_submodule.BlockList.0.TAt.U1	torch.Size([207])	cuda:0	True
2024-10-09 18:48:24,851 - INFO - ASTGCN_submodule.BlockList.0.TAt.U2	torch.Size([1, 207])	cuda:0	True
2024-10-09 18:48:24,851 - INFO - ASTGCN_submodule.BlockList.0.TAt.U3	torch.Size([1])	cuda:0	True
2024-10-09 18:48:24,851 - INFO - ASTGCN_submodule.BlockList.0.TAt.be	torch.Size([1, 12, 12])	cuda:0	True
2024-10-09 18:48:24,851 - INFO - ASTGCN_submodule.BlockList.0.TAt.Ve	torch.Size([12, 12])	cuda:0	True
2024-10-09 18:48:24,851 - INFO - ASTGCN_submodule.BlockList.0.SAt.W1	torch.Size([12])	cuda:0	True
2024-10-09 18:48:24,851 - INFO - ASTGCN_submodule.BlockList.0.SAt.W2	torch.Size([1, 12])	cuda:0	True
2024-10-09 18:48:24,851 - INFO - ASTGCN_submodule.BlockList.0.SAt.W3	torch.Size([1])	cuda:0	True
2024-10-09 18:48:24,851 - INFO - ASTGCN_submodule.BlockList.0.SAt.bs	torch.Size([1, 207, 207])	cuda:0	True
2024-10-09 18:48:24,851 - INFO - ASTGCN_submodule.BlockList.0.SAt.Vs	torch.Size([207, 207])	cuda:0	True
2024-10-09 18:48:24,851 - INFO - ASTGCN_submodule.BlockList.0.cheb_conv_SAt.Theta.0	torch.Size([1, 64])	cuda:0	True
2024-10-09 18:48:24,851 - INFO - ASTGCN_submodule.BlockList.0.cheb_conv_SAt.Theta.1	torch.Size([1, 64])	cuda:0	True
2024-10-09 18:48:24,851 - INFO - ASTGCN_submodule.BlockList.0.cheb_conv_SAt.Theta.2	torch.Size([1, 64])	cuda:0	True
2024-10-09 18:48:24,851 - INFO - ASTGCN_submodule.BlockList.0.time_conv.weight	torch.Size([64, 64, 1, 3])	cuda:0	True
2024-10-09 18:48:24,851 - INFO - ASTGCN_submodule.BlockList.0.time_conv.bias	torch.Size([64])	cuda:0	True
2024-10-09 18:48:24,851 - INFO - ASTGCN_submodule.BlockList.0.residual_conv.weight	torch.Size([64, 1, 1, 1])	cuda:0	True
2024-10-09 18:48:24,851 - INFO - ASTGCN_submodule.BlockList.0.residual_conv.bias	torch.Size([64])	cuda:0	True
2024-10-09 18:48:24,851 - INFO - ASTGCN_submodule.BlockList.0.ln.weight	torch.Size([64])	cuda:0	True
2024-10-09 18:48:24,852 - INFO - ASTGCN_submodule.BlockList.0.ln.bias	torch.Size([64])	cuda:0	True
2024-10-09 18:48:24,852 - INFO - ASTGCN_submodule.BlockList.1.TAt.U1	torch.Size([207])	cuda:0	True
2024-10-09 18:48:24,852 - INFO - ASTGCN_submodule.BlockList.1.TAt.U2	torch.Size([64, 207])	cuda:0	True
2024-10-09 18:48:24,852 - INFO - ASTGCN_submodule.BlockList.1.TAt.U3	torch.Size([64])	cuda:0	True
2024-10-09 18:48:24,852 - INFO - ASTGCN_submodule.BlockList.1.TAt.be	torch.Size([1, 12, 12])	cuda:0	True
2024-10-09 18:48:24,852 - INFO - ASTGCN_submodule.BlockList.1.TAt.Ve	torch.Size([12, 12])	cuda:0	True
2024-10-09 18:48:24,852 - INFO - ASTGCN_submodule.BlockList.1.SAt.W1	torch.Size([12])	cuda:0	True
2024-10-09 18:48:24,852 - INFO - ASTGCN_submodule.BlockList.1.SAt.W2	torch.Size([64, 12])	cuda:0	True
2024-10-09 18:48:24,852 - INFO - ASTGCN_submodule.BlockList.1.SAt.W3	torch.Size([64])	cuda:0	True
2024-10-09 18:48:24,852 - INFO - ASTGCN_submodule.BlockList.1.SAt.bs	torch.Size([1, 207, 207])	cuda:0	True
2024-10-09 18:48:24,852 - INFO - ASTGCN_submodule.BlockList.1.SAt.Vs	torch.Size([207, 207])	cuda:0	True
2024-10-09 18:48:24,852 - INFO - ASTGCN_submodule.BlockList.1.cheb_conv_SAt.Theta.0	torch.Size([64, 64])	cuda:0	True
2024-10-09 18:48:24,852 - INFO - ASTGCN_submodule.BlockList.1.cheb_conv_SAt.Theta.1	torch.Size([64, 64])	cuda:0	True
2024-10-09 18:48:24,852 - INFO - ASTGCN_submodule.BlockList.1.cheb_conv_SAt.Theta.2	torch.Size([64, 64])	cuda:0	True
2024-10-09 18:48:24,852 - INFO - ASTGCN_submodule.BlockList.1.time_conv.weight	torch.Size([64, 64, 1, 3])	cuda:0	True
2024-10-09 18:48:24,852 - INFO - ASTGCN_submodule.BlockList.1.time_conv.bias	torch.Size([64])	cuda:0	True
2024-10-09 18:48:24,852 - INFO - ASTGCN_submodule.BlockList.1.residual_conv.weight	torch.Size([64, 64, 1, 1])	cuda:0	True
2024-10-09 18:48:24,852 - INFO - ASTGCN_submodule.BlockList.1.residual_conv.bias	torch.Size([64])	cuda:0	True
2024-10-09 18:48:24,852 - INFO - ASTGCN_submodule.BlockList.1.ln.weight	torch.Size([64])	cuda:0	True
2024-10-09 18:48:24,852 - INFO - ASTGCN_submodule.BlockList.1.ln.bias	torch.Size([64])	cuda:0	True
2024-10-09 18:48:24,852 - INFO - ASTGCN_submodule.final_conv.weight	torch.Size([12, 12, 1, 64])	cuda:0	True
2024-10-09 18:48:24,852 - INFO - ASTGCN_submodule.final_conv.bias	torch.Size([12])	cuda:0	True
2024-10-09 18:48:24,852 - INFO - Total parameter numbers: 237731
2024-10-09 18:48:24,852 - INFO - You select `adam` optimizer.
2024-10-09 18:48:25,258 - WARNING - Received none train loss func and will use the loss func defined in the model.
2024-10-09 18:48:25,258 - INFO - Start training ...
2024-10-09 18:48:25,258 - INFO - num_batches:322
2024-10-09 18:48:39,165 - INFO - epoch complete!
2024-10-09 18:48:39,165 - INFO - evaluating now!
2024-10-09 18:48:41,225 - INFO - Epoch [0/50] train_loss: 211.8765, val_loss: 128.1630, lr: 0.000100, 15.97s
2024-10-09 18:48:41,235 - INFO - Saved model at 0
2024-10-09 18:48:41,235 - INFO - Val loss decrease from inf to 128.1630, saving to ./libcity/cache/{251221}/model_cache/ASTGCN_METR_LA_epoch0.tar
2024-10-09 18:48:55,689 - INFO - epoch complete!
2024-10-09 18:48:55,689 - INFO - evaluating now!
2024-10-09 18:48:57,759 - INFO - Epoch [1/50] train_loss: 129.1633, val_loss: 118.2223, lr: 0.000100, 16.52s
2024-10-09 18:48:57,769 - INFO - Saved model at 1
2024-10-09 18:48:57,769 - INFO - Val loss decrease from 128.1630 to 118.2223, saving to ./libcity/cache/{251221}/model_cache/ASTGCN_METR_LA_epoch1.tar
2024-10-09 18:49:11,959 - INFO - epoch complete!
2024-10-09 18:49:11,959 - INFO - evaluating now!
2024-10-09 18:49:14,032 - INFO - Epoch [2/50] train_loss: 122.3040, val_loss: 114.4352, lr: 0.000100, 16.26s
2024-10-09 18:49:14,041 - INFO - Saved model at 2
2024-10-09 18:49:14,041 - INFO - Val loss decrease from 118.2223 to 114.4352, saving to ./libcity/cache/{251221}/model_cache/ASTGCN_METR_LA_epoch2.tar
2024-10-09 18:49:27,882 - INFO - epoch complete!
2024-10-09 18:49:27,882 - INFO - evaluating now!
2024-10-09 18:49:29,958 - INFO - Epoch [3/50] train_loss: 118.7317, val_loss: 111.4418, lr: 0.000100, 15.92s
2024-10-09 18:49:29,967 - INFO - Saved model at 3
2024-10-09 18:49:29,967 - INFO - Val loss decrease from 114.4352 to 111.4418, saving to ./libcity/cache/{251221}/model_cache/ASTGCN_METR_LA_epoch3.tar
2024-10-09 18:49:43,568 - INFO - epoch complete!
2024-10-09 18:49:43,568 - INFO - evaluating now!
2024-10-09 18:49:45,636 - INFO - Epoch [4/50] train_loss: 116.4569, val_loss: 110.0118, lr: 0.000100, 15.67s
2024-10-09 18:49:45,646 - INFO - Saved model at 4
2024-10-09 18:49:45,646 - INFO - Val loss decrease from 111.4418 to 110.0118, saving to ./libcity/cache/{251221}/model_cache/ASTGCN_METR_LA_epoch4.tar
2024-10-09 18:49:59,304 - INFO - epoch complete!
2024-10-09 18:49:59,304 - INFO - evaluating now!
2024-10-09 18:50:01,375 - INFO - Epoch [5/50] train_loss: 114.7296, val_loss: 109.4208, lr: 0.000100, 15.73s
2024-10-09 18:50:01,384 - INFO - Saved model at 5
2024-10-09 18:50:01,384 - INFO - Val loss decrease from 110.0118 to 109.4208, saving to ./libcity/cache/{251221}/model_cache/ASTGCN_METR_LA_epoch5.tar
2024-10-09 18:50:16,387 - INFO - epoch complete!
2024-10-09 18:50:16,387 - INFO - evaluating now!
2024-10-09 18:50:18,461 - INFO - Epoch [6/50] train_loss: 113.3063, val_loss: 107.8901, lr: 0.000100, 17.08s
2024-10-09 18:50:18,471 - INFO - Saved model at 6
2024-10-09 18:50:18,471 - INFO - Val loss decrease from 109.4208 to 107.8901, saving to ./libcity/cache/{251221}/model_cache/ASTGCN_METR_LA_epoch6.tar
2024-10-09 18:50:33,709 - INFO - epoch complete!
2024-10-09 18:50:33,709 - INFO - evaluating now!
2024-10-09 18:50:35,786 - INFO - Epoch [7/50] train_loss: 112.2271, val_loss: 107.9045, lr: 0.000100, 17.31s
2024-10-09 18:50:50,021 - INFO - epoch complete!
2024-10-09 18:50:50,021 - INFO - evaluating now!
2024-10-09 18:50:52,101 - INFO - Epoch [8/50] train_loss: 111.0602, val_loss: 106.4444, lr: 0.000100, 16.32s
2024-10-09 18:50:52,111 - INFO - Saved model at 8
2024-10-09 18:50:52,111 - INFO - Val loss decrease from 107.8901 to 106.4444, saving to ./libcity/cache/{251221}/model_cache/ASTGCN_METR_LA_epoch8.tar
2024-10-09 18:51:07,586 - INFO - epoch complete!
2024-10-09 18:51:07,586 - INFO - evaluating now!
2024-10-09 18:51:09,664 - INFO - Epoch [9/50] train_loss: 110.1522, val_loss: 106.1243, lr: 0.000100, 17.55s
2024-10-09 18:51:09,674 - INFO - Saved model at 9
2024-10-09 18:51:09,674 - INFO - Val loss decrease from 106.4444 to 106.1243, saving to ./libcity/cache/{251221}/model_cache/ASTGCN_METR_LA_epoch9.tar
2024-10-09 18:51:24,996 - INFO - epoch complete!
2024-10-09 18:51:24,997 - INFO - evaluating now!
2024-10-09 18:51:27,067 - INFO - Epoch [10/50] train_loss: 109.0513, val_loss: 107.8747, lr: 0.000100, 17.39s
2024-10-09 18:51:42,184 - INFO - epoch complete!
2024-10-09 18:51:42,184 - INFO - evaluating now!
2024-10-09 18:51:44,264 - INFO - Epoch [11/50] train_loss: 108.3047, val_loss: 105.6794, lr: 0.000100, 17.20s
2024-10-09 18:51:44,274 - INFO - Saved model at 11
2024-10-09 18:51:44,274 - INFO - Val loss decrease from 106.1243 to 105.6794, saving to ./libcity/cache/{251221}/model_cache/ASTGCN_METR_LA_epoch11.tar
2024-10-09 18:51:58,968 - INFO - epoch complete!
2024-10-09 18:51:58,968 - INFO - evaluating now!
2024-10-09 18:52:01,045 - INFO - Epoch [12/50] train_loss: 107.3126, val_loss: 105.3043, lr: 0.000100, 16.77s
2024-10-09 18:52:01,055 - INFO - Saved model at 12
2024-10-09 18:52:01,055 - INFO - Val loss decrease from 105.6794 to 105.3043, saving to ./libcity/cache/{251221}/model_cache/ASTGCN_METR_LA_epoch12.tar
2024-10-09 18:52:16,294 - INFO - epoch complete!
2024-10-09 18:52:16,294 - INFO - evaluating now!
2024-10-09 18:52:18,356 - INFO - Epoch [13/50] train_loss: 106.5605, val_loss: 107.7390, lr: 0.000100, 17.30s
2024-10-09 18:52:33,522 - INFO - epoch complete!
2024-10-09 18:52:33,522 - INFO - evaluating now!
2024-10-09 18:52:35,587 - INFO - Epoch [14/50] train_loss: 105.8366, val_loss: 104.8870, lr: 0.000100, 17.23s
2024-10-09 18:52:35,597 - INFO - Saved model at 14
2024-10-09 18:52:35,597 - INFO - Val loss decrease from 105.3043 to 104.8870, saving to ./libcity/cache/{251221}/model_cache/ASTGCN_METR_LA_epoch14.tar
2024-10-09 18:52:51,137 - INFO - epoch complete!
2024-10-09 18:52:51,137 - INFO - evaluating now!
2024-10-09 18:52:53,202 - INFO - Epoch [15/50] train_loss: 105.0951, val_loss: 104.5741, lr: 0.000100, 17.61s
2024-10-09 18:52:53,211 - INFO - Saved model at 15
2024-10-09 18:52:53,211 - INFO - Val loss decrease from 104.8870 to 104.5741, saving to ./libcity/cache/{251221}/model_cache/ASTGCN_METR_LA_epoch15.tar
2024-10-09 18:53:08,450 - INFO - epoch complete!
2024-10-09 18:53:08,450 - INFO - evaluating now!
2024-10-09 18:53:10,514 - INFO - Epoch [16/50] train_loss: 104.4799, val_loss: 104.0651, lr: 0.000100, 17.30s
2024-10-09 18:53:10,524 - INFO - Saved model at 16
2024-10-09 18:53:10,524 - INFO - Val loss decrease from 104.5741 to 104.0651, saving to ./libcity/cache/{251221}/model_cache/ASTGCN_METR_LA_epoch16.tar
2024-10-09 18:53:26,129 - INFO - epoch complete!
2024-10-09 18:53:26,129 - INFO - evaluating now!
2024-10-09 18:53:28,194 - INFO - Epoch [17/50] train_loss: 103.6473, val_loss: 103.8066, lr: 0.000100, 17.67s
2024-10-09 18:53:28,204 - INFO - Saved model at 17
2024-10-09 18:53:28,204 - INFO - Val loss decrease from 104.0651 to 103.8066, saving to ./libcity/cache/{251221}/model_cache/ASTGCN_METR_LA_epoch17.tar
2024-10-09 18:53:43,460 - INFO - epoch complete!
2024-10-09 18:53:43,460 - INFO - evaluating now!
2024-10-09 18:53:45,527 - INFO - Epoch [18/50] train_loss: 102.8636, val_loss: 103.9846, lr: 0.000100, 17.32s
2024-10-09 18:54:00,755 - INFO - epoch complete!
2024-10-09 18:54:00,755 - INFO - evaluating now!
2024-10-09 18:54:02,821 - INFO - Epoch [19/50] train_loss: 102.3797, val_loss: 104.1875, lr: 0.000100, 17.29s
2024-10-09 18:54:16,989 - INFO - epoch complete!
2024-10-09 18:54:16,989 - INFO - evaluating now!
2024-10-09 18:54:19,054 - INFO - Epoch [20/50] train_loss: 101.7504, val_loss: 104.1058, lr: 0.000100, 16.23s
2024-10-09 18:54:33,898 - INFO - epoch complete!
2024-10-09 18:54:33,898 - INFO - evaluating now!
2024-10-09 18:54:35,978 - INFO - Epoch [21/50] train_loss: 101.2684, val_loss: 104.6107, lr: 0.000100, 16.92s
2024-10-09 18:54:51,167 - INFO - epoch complete!
2024-10-09 18:54:51,167 - INFO - evaluating now!
2024-10-09 18:54:53,239 - INFO - Epoch [22/50] train_loss: 100.7389, val_loss: 103.8406, lr: 0.000100, 17.26s
2024-10-09 18:55:08,294 - INFO - epoch complete!
2024-10-09 18:55:08,295 - INFO - evaluating now!
2024-10-09 18:55:10,366 - INFO - Epoch [23/50] train_loss: 100.3782, val_loss: 103.9903, lr: 0.000100, 17.13s
2024-10-09 18:55:25,540 - INFO - epoch complete!
2024-10-09 18:55:25,540 - INFO - evaluating now!
2024-10-09 18:55:27,658 - INFO - Epoch [24/50] train_loss: 100.0027, val_loss: 104.6208, lr: 0.000100, 17.29s
2024-10-09 18:55:41,475 - INFO - epoch complete!
2024-10-09 18:55:41,475 - INFO - evaluating now!
2024-10-09 18:55:43,554 - INFO - Epoch [25/50] train_loss: 99.3903, val_loss: 106.9812, lr: 0.000100, 15.90s
2024-10-09 18:55:57,922 - INFO - epoch complete!
2024-10-09 18:55:57,922 - INFO - evaluating now!
2024-10-09 18:56:00,000 - INFO - Epoch [26/50] train_loss: 99.0160, val_loss: 105.3868, lr: 0.000100, 16.45s
2024-10-09 18:56:14,962 - INFO - epoch complete!
2024-10-09 18:56:14,962 - INFO - evaluating now!
2024-10-09 18:56:17,026 - INFO - Epoch [27/50] train_loss: 98.7232, val_loss: 104.3151, lr: 0.000100, 17.03s
2024-10-09 18:56:32,354 - INFO - epoch complete!
2024-10-09 18:56:32,354 - INFO - evaluating now!
2024-10-09 18:56:34,419 - INFO - Epoch [28/50] train_loss: 98.2642, val_loss: 104.6618, lr: 0.000100, 17.39s
2024-10-09 18:56:49,747 - INFO - epoch complete!
2024-10-09 18:56:49,747 - INFO - evaluating now!
2024-10-09 18:56:51,811 - INFO - Epoch [29/50] train_loss: 97.9658, val_loss: 105.4403, lr: 0.000100, 17.39s
2024-10-09 18:57:07,298 - INFO - epoch complete!
2024-10-09 18:57:07,298 - INFO - evaluating now!
2024-10-09 18:57:09,373 - INFO - Epoch [30/50] train_loss: 97.4790, val_loss: 105.4615, lr: 0.000100, 17.56s
2024-10-09 18:57:24,924 - INFO - epoch complete!
2024-10-09 18:57:24,924 - INFO - evaluating now!
2024-10-09 18:57:27,004 - INFO - Epoch [31/50] train_loss: 97.0904, val_loss: 105.9379, lr: 0.000100, 17.63s
2024-10-09 18:57:40,810 - INFO - epoch complete!
2024-10-09 18:57:40,810 - INFO - evaluating now!
2024-10-09 18:57:42,874 - INFO - Epoch [32/50] train_loss: 96.6851, val_loss: 106.3270, lr: 0.000100, 15.87s
2024-10-09 18:57:57,625 - INFO - epoch complete!
2024-10-09 18:57:57,626 - INFO - evaluating now!
2024-10-09 18:57:59,693 - INFO - Epoch [33/50] train_loss: 96.1214, val_loss: 106.9204, lr: 0.000100, 16.82s
2024-10-09 18:58:15,470 - INFO - epoch complete!
2024-10-09 18:58:15,470 - INFO - evaluating now!
2024-10-09 18:58:17,542 - INFO - Epoch [34/50] train_loss: 96.0171, val_loss: 106.8215, lr: 0.000100, 17.85s
2024-10-09 18:58:32,974 - INFO - epoch complete!
2024-10-09 18:58:32,974 - INFO - evaluating now!
2024-10-09 18:58:35,055 - INFO - Epoch [35/50] train_loss: 95.5299, val_loss: 107.7664, lr: 0.000100, 17.51s
2024-10-09 18:58:50,585 - INFO - epoch complete!
2024-10-09 18:58:50,586 - INFO - evaluating now!
2024-10-09 18:58:52,663 - INFO - Epoch [36/50] train_loss: 94.9478, val_loss: 107.2855, lr: 0.000100, 17.61s
2024-10-09 18:59:07,862 - INFO - epoch complete!
2024-10-09 18:59:07,862 - INFO - evaluating now!
2024-10-09 18:59:09,925 - INFO - Epoch [37/50] train_loss: 94.9375, val_loss: 108.3186, lr: 0.000100, 17.26s
2024-10-09 18:59:24,683 - INFO - epoch complete!
2024-10-09 18:59:24,683 - INFO - evaluating now!
2024-10-09 18:59:26,745 - INFO - Epoch [38/50] train_loss: 94.4034, val_loss: 108.9344, lr: 0.000100, 16.82s
2024-10-09 18:59:40,684 - INFO - epoch complete!
2024-10-09 18:59:40,684 - INFO - evaluating now!
2024-10-09 18:59:42,753 - INFO - Epoch [39/50] train_loss: 93.9809, val_loss: 108.8195, lr: 0.000100, 16.01s
2024-10-09 18:59:57,034 - INFO - epoch complete!
2024-10-09 18:59:57,034 - INFO - evaluating now!
2024-10-09 18:59:59,100 - INFO - Epoch [40/50] train_loss: 93.7594, val_loss: 108.9491, lr: 0.000100, 16.35s
2024-10-09 19:00:14,297 - INFO - epoch complete!
2024-10-09 19:00:14,298 - INFO - evaluating now!
2024-10-09 19:00:16,364 - INFO - Epoch [41/50] train_loss: 93.2735, val_loss: 110.3824, lr: 0.000100, 17.26s
2024-10-09 19:00:31,701 - INFO - epoch complete!
2024-10-09 19:00:31,701 - INFO - evaluating now!
2024-10-09 19:00:33,768 - INFO - Epoch [42/50] train_loss: 93.0050, val_loss: 109.7856, lr: 0.000100, 17.40s
2024-10-09 19:00:49,209 - INFO - epoch complete!
2024-10-09 19:00:49,209 - INFO - evaluating now!
2024-10-09 19:00:51,288 - INFO - Epoch [43/50] train_loss: 92.5457, val_loss: 110.3645, lr: 0.000100, 17.52s
2024-10-09 19:01:05,013 - INFO - epoch complete!
2024-10-09 19:01:05,013 - INFO - evaluating now!
2024-10-09 19:01:07,091 - INFO - Epoch [44/50] train_loss: 92.1899, val_loss: 111.3969, lr: 0.000100, 15.80s
2024-10-09 19:01:20,900 - INFO - epoch complete!
2024-10-09 19:01:20,900 - INFO - evaluating now!
2024-10-09 19:01:22,975 - INFO - Epoch [45/50] train_loss: 91.9946, val_loss: 110.5911, lr: 0.000100, 15.88s
2024-10-09 19:01:37,494 - INFO - epoch complete!
2024-10-09 19:01:37,494 - INFO - evaluating now!
2024-10-09 19:01:39,560 - INFO - Epoch [46/50] train_loss: 91.5494, val_loss: 112.1884, lr: 0.000100, 16.58s
2024-10-09 19:01:54,394 - INFO - epoch complete!
2024-10-09 19:01:54,394 - INFO - evaluating now!
2024-10-09 19:01:56,472 - INFO - Epoch [47/50] train_loss: 91.2465, val_loss: 114.2318, lr: 0.000100, 16.91s
2024-10-09 19:02:10,520 - INFO - epoch complete!
2024-10-09 19:02:10,520 - INFO - evaluating now!
2024-10-09 19:02:12,592 - INFO - Epoch [48/50] train_loss: 90.8169, val_loss: 113.3843, lr: 0.000100, 16.12s
2024-10-09 19:02:26,646 - INFO - epoch complete!
2024-10-09 19:02:26,646 - INFO - evaluating now!
2024-10-09 19:02:28,712 - INFO - Epoch [49/50] train_loss: 90.6263, val_loss: 113.3868, lr: 0.000100, 16.12s
2024-10-09 19:02:28,712 - INFO - Trained totally 50 epochs, average train time is 14.794s, average eval time is 2.072s
2024-10-09 19:02:28,721 - INFO - Loaded model at 17
2024-10-09 19:02:28,721 - INFO - Saved model at ./libcity/cache/{251221}/model_cache/ASTGCN_METR_LA.m
2024-10-09 19:02:28,730 - INFO - Start evaluating ...
2024-10-09 19:02:38,055 - INFO - Note that you select the single mode to evaluate!
2024-10-09 19:02:38,056 - INFO - Evaluate result is saved at ./libcity/cache/{251221}/evaluate_cache/2024_10_09_19_02_38_ASTGCN_METR_LA.csv
2024-10-09 19:02:38,060 - INFO - 
         MAE      MAPE      RMSE
1   2.909075  0.069392  5.597420
2   3.211725  0.077669  6.273737
3   3.440742  0.084100  6.771851
4   3.652234  0.089739  7.187612
5   3.847861  0.094853  7.553106
6   4.049536  0.099779  7.882182
7   4.234833  0.104381  8.174247
8   4.402671  0.108649  8.424520
9   4.544611  0.112546  8.638768
10  4.692679  0.116360  8.838872
11  4.841288  0.119977  9.029269
12  4.959849  0.123236  9.198916
